[H[2J
Running analysis for:
ETA_B = 4.5
N list: 3 5 7 9 11 13 15 17 19 21 23 25 27 29 31 33 35 37 39 41 43 45 47 49 51 53 55 57 59 61 63 65 67 69 71 73 75 77 79 81 83 85
Mathematica script: ./mathematica_scripts/shear_force_new.script

Analysing (N3)
================
Running...
COMPLETED

Analysing (N5)
================
Running...
COMPLETED

Analysing (N7)
================
Running...
COMPLETED

Analysing (N9)
================
Running...
COMPLETED

Analysing (N11)
================
Running...
COMPLETED

Analysing (N13)
================
Running...
COMPLETED

Analysing (N15)
================
Running...
COMPLETED

Analysing (N17)
================
Running...
COMPLETED

Analysing (N19)
================
Running...
COMPLETED

Analysing (N21)
================
Running...
COMPLETED

Analysing (N23)
================
Running...
COMPLETED

Analysing (N25)
================
Running...
COMPLETED

Analysing (N27)
================
Running...
COMPLETED

Analysing (N29)
================
Running...
COMPLETED

Analysing (N31)
================
Running...
COMPLETED

Analysing (N33)
================
Running...
COMPLETED

Analysing (N35)
================
Running...
COMPLETED

Analysing (N37)
================
Running...
COMPLETED

Analysing (N39)
================
Running...
COMPLETED

Analysing (N41)
================
Running...
COMPLETED

Analysing (N43)
================
Running...
COMPLETED

Analysing (N45)
================
Running...
COMPLETED

Analysing (N47)
================
Running...
COMPLETED

Analysing (N49)
================
Running...
COMPLETED

Analysing (N51)
================
Running...
COMPLETED

Analysing (N53)
================
Running...
COMPLETED

Analysing (N55)
================
Running...
COMPLETED

Analysing (N57)
================
Running...
COMPLETED

Analysing (N59)
================
Running...
COMPLETED

Analysing (N61)
================
Running...
COMPLETED

Analysing (N63)
================
Running...
COMPLETED

Analysing (N65)
================
Running...
COMPLETED

Analysing (N67)
================
Running...
COMPLETED

Analysing (N69)
================
Running...
COMPLETED

Analysing (N71)
================
Running...
COMPLETED

Analysing (N73)
================
Running...
COMPLETED

Analysing (N75)
================
Running...
COMPLETED

Analysing (N77)
================
Running...
COMPLETED

Analysing (N79)
================
Running...
COMPLETED

Analysing (N81)
================
Running...
COMPLETED

Analysing (N83)
================
Running...
COMPLETED

Analysing (N85)
================
Running...
COMPLETED

Verify data (ETA_B = 4.5)...

3	191.65566510434633
5	274.6792974793349
7	316.9291953274269
9	335.21681040393776
11	342.5978176795161
13	345.4927234329315
15	346.6153920046341
17	333.288806557041
19	347.21600580502627
21	347.2802944977158
23	347.30503208234154
25	347.3146197218231
27	347.31824537152943
29	347.31968149512466
31	347.3202866671093
33	322.03431123033727
35	321.58049177513345
37	347.32059708278314
39	347.32060798485253
41	347.3205557118893
43	347.3206502906255
45	152.2456977875476
47	100.24271800830704
49	81.26753148176505
51	70.59062553775594
53	63.498881058198066
55	347.3205702441547
57	54.4038345990935
59	347.3205826175516
61	347.3205980650864
63	347.3205710866428
65	315.00446361530777
67	347.3205953153673
69	347.32061600527334
71	347.32060626414943
73	347.3206438663946
75	347.320535772609
77	347.32055237367075
79	347.32056182597137
81	311.18176667223344
83	309.5433598097788
85	347.32057325099186
[H[2J
Running analysis for:
ETA_B = 4.5
N list: 3 5 7 9 11 13 15 17 19 21 23 25 27 29 31 33 35 37 39 41 43 45 47 49 51 53 55 57 59 61 63 65 67 69 71 73 75 77 79 81 83 85
Mathematica script: ./mathematica_scripts/shear_force_new2.script

Analysing (N3)
================
Running...
COMPLETED

Analysing (N5)
================
Running...
COMPLETED

Analysing (N7)
================
Running...
COMPLETED

Analysing (N9)
================
Running...
COMPLETED

Analysing (N11)
================
Running...
COMPLETED

Analysing (N13)
================
Running...
COMPLETED

Analysing (N15)
================
Running...
COMPLETED

Analysing (N17)
================
Running...
COMPLETED

Analysing (N19)
================
Running...
COMPLETED

Analysing (N21)
================
Running...
COMPLETED

Analysing (N23)
================
Running...
COMPLETED

Analysing (N25)
================
Running...
COMPLETED

Analysing (N27)
================
Running...
COMPLETED

Analysing (N29)
================
Running...
COMPLETED

Analysing (N31)
================
Running...
COMPLETED

Analysing (N33)
================
Running...
COMPLETED

Analysing (N35)
================
Running...
COMPLETED

Analysing (N37)
================
Running...
COMPLETED

Analysing (N39)
================
Running...
COMPLETED

Analysing (N41)
================
Running...
COMPLETED

Analysing (N43)
================
Running...
COMPLETED

Analysing (N45)
================
Running...
COMPLETED

Analysing (N47)
================
Running...
COMPLETED

Analysing (N49)
================
Running...
COMPLETED

Analysing (N51)
================
Running...
COMPLETED

Analysing (N53)
================
Running...
COMPLETED

Analysing (N55)
================
Running...
COMPLETED

Analysing (N57)
================
Running...
COMPLETED

Analysing (N59)
================
Running...
COMPLETED

Analysing (N61)
================
Running...
COMPLETED

Analysing (N63)
================
Running...
COMPLETED

Analysing (N65)
================
Running...
COMPLETED

Analysing (N67)
================
Running...
COMPLETED

Analysing (N69)
================
Running...
COMPLETED

Analysing (N71)
================
Running...
COMPLETED

Analysing (N73)
================
Running...
COMPLETED

Analysing (N75)
================
Running...
COMPLETED

Analysing (N77)
================
Running...
COMPLETED

Analysing (N79)
================
Running...
COMPLETED

Analysing (N81)
================
Running...
COMPLETED

Analysing (N83)
================
Running...
COMPLETED

Analysing (N85)
================
Running...
COMPLETED

Verify data (ETA_B = 4.5)...

3	191.47225943571962
5	274.67257866780596
7	316.92898957049215
9	335.21680919835836
11	342.59778226085365
13	345.49279918527554
15	346.61536970082875
17	347.0488360023396
19	347.21589886620075
21	347.28029008357095
23	347.30512014001135
25	347.3146467991224
27	347.31832834503894
29	347.319721239673
31	347.3202608466193
33	347.320467497513
35	347.3204967247222
37	347.3205619464092
39	347.32057050834084
41	347.32058253684175
43	347.32056827238364
45	347.32059407357394
47	347.3205748382213
49	347.32059906517867
51	347.32056619739797
53	347.3205991764837
55	347.32059386128867
57	347.3206049739646
59	347.3205851968107
61	347.3205851181193
63	347.3205915306295
65	347.32058869767997
67	347.3205831539997
69	347.32061096563416
71	347.3205754147485
73	347.32058679407294
75	347.32059981159176
77	347.3205879400273
79	347.32061769459466
81	347.32056588979253
83	347.3205779751645
85	347.3205838689728
[H[2J
Running analysis for:
ETA_B = 4.5
N list: 3 5 7 9 11 13 15 17 19 21 23 25 27 29 31 33 35 37 39 41 43 45 47 49 51 53 55 57 59 61 63 65 67 69 71 73 75 77 79 81 83 85
Mathematica script: ./mathematica_scripts/shear_force_old.script

Analysing (N3)
================
Running...
COMPLETED

Analysing (N5)
================
Running...
COMPLETED

Analysing (N7)
================
Running...
COMPLETED

Analysing (N9)
================
Running...
COMPLETED

Analysing (N11)
================
Running...
COMPLETED

Analysing (N13)
================
Running...
COMPLETED

Analysing (N15)
================
Running...
COMPLETED

Analysing (N17)
================
Running...
COMPLETED

Analysing (N19)
================
Running...
COMPLETED

Analysing (N21)
================
Running...
COMPLETED

Analysing (N23)
================
Running...
COMPLETED

Analysing (N25)
================
Running...
COMPLETED

Analysing (N27)
================
Running...
COMPLETED

Analysing (N29)
================
Running...
COMPLETED

Analysing (N31)
================
Running...
COMPLETED

Analysing (N33)
================
Running...
COMPLETED

Analysing (N35)
================
Running...
COMPLETED

Analysing (N37)
================
Running...
COMPLETED

Analysing (N39)
================
Running...
COMPLETED

Analysing (N41)
================
Running...
COMPLETED

Analysing (N43)
================
Running...
COMPLETED

Analysing (N45)
================
Running...
COMPLETED

Analysing (N47)
================
Running...
COMPLETED

Analysing (N49)
================
Running...
COMPLETED

Analysing (N51)
================
Running...
COMPLETED

Analysing (N53)
================
Running...
COMPLETED

Analysing (N55)
================
Running...
COMPLETED

Analysing (N57)
================
Running...
COMPLETED

Analysing (N59)
================
Running...
COMPLETED

Analysing (N61)
================
Running...
COMPLETED

Analysing (N63)
================
Running...
COMPLETED

Analysing (N65)
================
Running...
COMPLETED

Analysing (N67)
================
Running...
COMPLETED

Analysing (N69)
================
Running...
COMPLETED

Analysing (N71)
================
Running...
COMPLETED

Analysing (N73)
================
Running...
COMPLETED

Analysing (N75)
================
Running...
COMPLETED

Analysing (N77)
================
Running...
COMPLETED

Analysing (N79)
================
Running...
COMPLETED

Analysing (N81)
================
Running...
COMPLETED

Analysing (N83)
================
Running...
COMPLETED

Analysing (N85)
================
Running...
COMPLETED

Verify data (ETA_B = 4.5)...

3	191.84100588269337
5	280.04471661812113
7	267.1734579317368
9	371.2106846289303
11	358.2098804278723
13	322.6014593482031
15	363.09386622219597
17	333.2888065573065
19	299.5896200794313
21	364.2720804696328
23	345.6645993979928
25	299.1978916064189
27	350.49084815094943
29	379.3264303256065
31	353.13659285857483
33	345.2398693155433
35	356.81819687885667
37	297.8775117259768
39	366.06180255082666
41	373.695522827828
43	368.7039505247275
45	346.7523904975838
47	318.33857267756844
49	293.8238035166881
51	272.1937410040416
53	421.9980792330976
55	374.3596565550276
57	333.4912963559368
59	297.6857490279283
61	265.8653826666679
63	376.6748803635487
65	315.00446361554674
67	265.7870117318288
69	344.1797793756901
71	272.6471187551038
73	330.1124489744297
75	397.94678391794474
77	278.0622222294123
79	299.7152533574222
81	311.1817666723178
83	309.54335980991965
85	295.0401305214863
