-4.686089e-16	-4.634727e-16	-4.578456e-16	-4.513893e-16	-4.438342e-16	
3.524846e-02	3.598745e-02	3.760669e-02	4.011002e-02	4.352179e-02	
7.050938e-02	7.198800e-02	7.522744e-02	8.023537e-02	8.706054e-02	
1.057952e-01	1.080148e-01	1.128763e-01	1.203914e-01	1.306332e-01	
1.411185e-01	1.440809e-01	1.505675e-01	1.605936e-01	1.742569e-01	
1.764918e-01	1.801996e-01	1.883151e-01	2.008574e-01	2.179487e-01	
2.119278e-01	2.163842e-01	2.261334e-01	2.411984e-01	2.617258e-01	
2.474391e-01	2.526481e-01	2.640368e-01	2.816322e-01	3.056056e-01	
2.830386e-01	2.890047e-01	3.020398e-01	3.221748e-01	3.496057e-01	
3.187394e-01	3.254678e-01	3.401571e-01	3.628422e-01	3.937437e-01	
3.545544e-01	3.620512e-01	3.784036e-01	4.036506e-01	4.380376e-01	
3.904971e-01	3.987688e-01	4.167942e-01	4.446163e-01	4.825056e-01	
4.265809e-01	4.356349e-01	4.553443e-01	4.857562e-01	5.271662e-01	
4.628194e-01	4.726639e-01	4.940694e-01	5.270873e-01	5.720381e-01	
4.992267e-01	5.098705e-01	5.329854e-01	5.686266e-01	6.171406e-01	
5.358168e-01	5.472696e-01	5.721082e-01	6.103920e-01	6.624930e-01	
5.726042e-01	5.848765e-01	6.114543e-01	6.524014e-01	7.081155e-01	
6.096037e-01	6.227068e-01	6.510405e-01	6.946732e-01	7.540282e-01	
6.468304e-01	6.607764e-01	6.908841e-01	7.372261e-01	8.002521e-01	
6.842995e-01	6.991016e-01	7.310025e-01	7.800795e-01	8.468086e-01	
7.220270e-01	7.376990e-01	7.714138e-01	8.232532e-01	8.937195e-01	
7.600289e-01	7.765859e-01	8.121365e-01	8.667673e-01	9.410075e-01	
7.983218e-01	8.157798e-01	8.531897e-01	9.106428e-01	9.886957e-01	
8.369228e-01	8.552986e-01	8.945928e-01	9.549012e-01	1.036808e+00	
8.758493e-01	8.951612e-01	9.363659e-01	9.995646e-01	1.085369e+00	
9.151193e-01	9.353864e-01	9.785298e-01	1.044656e+00	1.134403e+00	
9.547512e-01	9.759940e-01	1.021106e+00	1.090198e+00	1.183938e+00	
9.947641e-01	1.017004e+00	1.064116e+00	1.136216e+00	1.234000e+00	
1.035177e+00	1.058438e+00	1.107583e+00	1.182734e+00	1.284617e+00	
1.076012e+00	1.100317e+00	1.151531e+00	1.229779e+00	1.335818e+00	
1.117287e+00	1.142664e+00	1.195983e+00	1.277377e+00	1.387633e+00	
1.159026e+00	1.185501e+00	1.240964e+00	1.325556e+00	1.440092e+00	
1.201250e+00	1.228852e+00	1.286502e+00	1.374345e+00	1.493229e+00	
1.243981e+00	1.272741e+00	1.332622e+00	1.423774e+00	1.547075e+00	
1.287244e+00	1.317195e+00	1.379352e+00	1.473872e+00	1.601666e+00	
1.331062e+00	1.362238e+00	1.426720e+00	1.524673e+00	1.657037e+00	
1.375460e+00	1.407899e+00	1.474758e+00	1.576208e+00	1.713225e+00	
1.420465e+00	1.454204e+00	1.523494e+00	1.628513e+00	1.770269e+00	
1.466101e+00	1.501182e+00	1.572961e+00	1.681622e+00	1.828208e+00	
1.512396e+00	1.548863e+00	1.623191e+00	1.735572e+00	1.887084e+00	
1.559377e+00	1.597277e+00	1.674217e+00	1.790400e+00	1.946938e+00	
1.607073e+00	1.646455e+00	1.726075e+00	1.846146e+00	2.007814e+00	
1.655513e+00	1.696428e+00	1.778800e+00	1.902848e+00	2.069758e+00	
1.704724e+00	1.747229e+00	1.832428e+00	1.960549e+00	2.132817e+00	
1.754737e+00	1.798890e+00	1.886995e+00	2.019290e+00	2.197038e+00	
1.805580e+00	1.851444e+00	1.942540e+00	2.079114e+00	2.262469e+00	
1.857283e+00	1.904926e+00	1.999100e+00	2.140064e+00	2.329161e+00	
1.909874e+00	1.959367e+00	2.056714e+00	2.202184e+00	2.397164e+00	
1.963382e+00	2.014800e+00	2.115419e+00	2.265519e+00	2.466528e+00	
2.017833e+00	2.071256e+00	2.175252e+00	2.330111e+00	2.537305e+00	
2.073251e+00	2.128767e+00	2.236250e+00	2.396003e+00	2.609545e+00	
2.129658e+00	2.187359e+00	2.298446e+00	2.463237e+00	2.683295e+00	
2.187073e+00	2.247057e+00	2.361873e+00	2.531851e+00	2.758603e+00	
2.245510e+00	2.307882e+00	2.426557e+00	2.601880e+00	2.835512e+00	
2.304975e+00	2.369849e+00	2.492521e+00	2.673354e+00	2.914059e+00	
2.365470e+00	2.432965e+00	2.559781e+00	2.746297e+00	2.994275e+00	
2.426983e+00	2.497228e+00	2.628343e+00	2.820723e+00	3.076183e+00	
2.489490e+00	2.562625e+00	2.698202e+00	2.896633e+00	3.159792e+00	
2.552953e+00	2.629125e+00	2.769335e+00	2.974015e+00	3.245095e+00	
2.617311e+00	2.696679e+00	2.841703e+00	3.052835e+00	3.332065e+00	
2.682477e+00	2.765212e+00	2.915239e+00	3.133035e+00	3.420648e+00	
2.748333e+00	2.834617e+00	2.989847e+00	3.214522e+00	3.510754e+00	
2.814718e+00	2.904748e+00	3.065388e+00	3.297163e+00	3.602251e+00	
2.881423e+00	2.975407e+00	3.141672e+00	3.380771e+00	3.694949e+00	
2.948171e+00	3.046333e+00	3.218446e+00	3.465093e+00	3.788586e+00	
3.014606e+00	3.117186e+00	3.295375e+00	3.549788e+00	3.882809e+00	
3.080273e+00	3.187524e+00	3.372019e+00	3.634409e+00	3.977151e+00	
3.144590e+00	3.256779e+00	3.447812e+00	3.718373e+00	4.070997e+00	
3.206817e+00	3.324228e+00	3.522022e+00	3.800925e+00	4.163547e+00	
3.266019e+00	3.388946e+00	3.593715e+00	3.881094e+00	4.253769e+00	
3.321017e+00	3.449766e+00	3.661701e+00	3.957636e+00	4.340338e+00	
3.370330e+00	3.505211e+00	3.724469e+00	4.028970e+00	4.421560e+00	
3.412104e+00	3.553426e+00	3.780115e+00	4.093092e+00	4.495283e+00	
3.444031e+00	3.592090e+00	3.826245e+00	4.147477e+00	4.558789e+00	
3.463250e+00	3.618316e+00	3.859871e+00	4.188962e+00	4.608664e+00	
3.466242e+00	3.628540e+00	3.877292e+00	4.213614e+00	4.640652e+00	
3.448726e+00	3.618406e+00	3.873966e+00	4.216596e+00	4.649505e+00	
3.405558e+00	3.582660e+00	3.844395e+00	4.192032e+00	4.628833e+00	
3.330682e+00	3.515086e+00	3.782047e+00	4.132916e+00	4.570994e+00	
3.217149e+00	3.408516e+00	3.679352e+00	4.031099e+00	4.467073e+00	
3.057292e+00	3.254989e+00	3.527861e+00	3.877439e+00	4.307033e+00	
2.843134e+00	3.046149e+00	3.318634e+00	3.662207e+00	4.080141e+00	
2.567120e+00	2.773979e+00	3.042994e+00	3.375874e+00	3.775811e+00	
2.223287e+00	2.431972e+00	2.693744e+00	3.010396e+00	3.384990e+00	
1.808846e+00	2.016756e+00	2.266864e+00	2.561030e+00	2.902137e+00	
1.326074e+00	1.530045e+00	1.763567e+00	2.028553e+00	2.327646e+00	
7.840957e-01	9.805105e-01	1.192317e+00	1.421458e+00	1.670280e+00	
1.999325e-01	3.849432e-01	5.701235e-01	7.574182e-01	9.488209e-01	
-4.019090e-01	-2.320585e-01	-7.768157e-02	6.313586e-02	1.919932e-01	
-9.917710e-01	-8.403691e-01	-7.197326e-01	-6.280111e-01	-5.640252e-01	
-1.538881e+00	-1.408397e+00	-1.322822e+00	-1.280399e+00	-1.280373e+00	
-2.016075e+00	-1.907920e+00	-1.856966e+00	-1.861577e+00	-1.921409e+00	
-2.403764e+00	-2.318212e+00	-2.299803e+00	-2.347042e+00	-2.459956e+00	
-2.691980e+00	-2.628265e+00	-2.639033e+00	-2.722941e+00	-2.880341e+00	
-2.880171e+00	-2.836701e+00	-2.872450e+00	-2.986228e+00	-3.178654e+00	
-2.975260e+00	-2.949897e+00	-3.006069e+00	-3.142738e+00	-3.360732e+00	
-2.988930e+00	-2.979255e+00	-3.051322e+00	-3.204237e+00	-3.438981e+00	
-2.934982e+00	-2.938517e+00	-3.022254e+00	-3.185433e+00	-3.429136e+00	
-2.827295e+00	-2.841659e+00	-2.933302e+00	-3.101584e+00	-3.347646e+00	
-2.678527e+00	-2.701533e+00	-2.797840e+00	-2.966918e+00	-3.209925e+00	
-2.499465e+00	-2.529165e+00	-2.627414e+00	-2.793779e+00	-3.029406e+00	
-2.298849e+00	-2.333543e+00	-2.431488e+00	-2.592334e+00	-2.817193e+00	
-2.083461e+00	-2.121691e+00	-2.217500e+00	-2.370612e+00	-2.582084e+00	
-1.858371e+00	-1.898893e+00	-1.991080e+00	-2.134721e+00	-2.330800e+00	
-1.627215e+00	-1.668972e+00	-1.756331e+00	-1.889137e+00	-2.068292e+00	
-1.392464e+00	-1.434558e+00	-1.516103e+00	-1.636996e+00	-1.798045e+00	
-1.155668e+00	-1.197329e+00	-1.272244e+00	-1.380352e+00	-1.522363e+00	
-9.176447e-01	-9.582058e-01	-1.025797e+00	-1.120395e+00	-1.242603e+00	
-6.786314e-01	-7.175068e-01	-7.771657e-01	-8.576177e-01	-9.593547e-01	
-4.383936e-01	-4.750563e-01	-5.262264e-01	-5.919425e-01	-6.725806e-01	
-1.962981e-01	-2.302619e-01	-2.724097e-01	-3.228061e-01	-3.817068e-01	
4.864499e-02	1.784305e-02	-1.474590e-02	-4.920938e-02	-8.567807e-02	
2.977702e-01	2.705856e-01	2.481207e-01	2.302673e-01	2.170244e-01	
5.527724e-01	5.296695e-01	5.179478e-01	5.174801e-01	5.284009e-01	
8.157531e-01	7.972220e-01	7.969439e-01	8.147747e-01	8.509905e-01	
1.089303e+00	1.075878e+00	1.087857e+00	1.125080e+00	1.187973e+00	
1.376632e+00	1.368913e+00	1.394113e+00	1.452058e+00	1.543331e+00	
1.681757e+00	1.680437e+00	1.720023e+00	1.800323e+00	1.922094e+00	
2.009793e+00	2.015692e+00	2.071089e+00	2.175778e+00	2.330699e+00	
2.367376e+00	2.381488e+00	2.454471e+00	2.586104e+00	2.777530e+00	
2.763311e+00	2.786870e+00	2.879686e+00	3.041525e+00	3.273752e+00	
3.209599e+00	3.244171e+00	3.359719e+00	3.555990e+00	3.834606e+00	
3.723089e+00	3.770715e+00	3.912812e+00	4.149108e+00	4.481521e+00	
4.328284e+00	4.391705e+00	4.565515e+00	4.849422e+00	5.245691e+00	
5.062358e+00	5.145380e+00	5.358115e+00	5.700248e+00	6.174465e+00	
5.984680e+00	6.092819e+00	6.354972e+00	6.770791e+00	7.343495e+00	
7.196473e+00	7.338167e+00	7.665825e+00	8.179060e+00	8.881790e+00	
8.885823e+00	9.074946e+00	9.494607e+00	1.014436e+01	1.102910e+01	
1.144668e+01	1.170851e+01	1.226848e+01	1.312606e+01	1.428762e+01	
1.586733e+01	1.625573e+01	1.705903e+01	1.827655e+01	1.991721e+01	
2.553147e+01	2.619825e+01	2.753527e+01	2.954151e+01	3.223149e+01	
6.464732e+01	6.644499e+01	6.994662e+01	7.514984e+01	8.209176e+01	
-1.191641e+02	-1.226882e+02	-1.293663e+02	-1.391945e+02	-1.522419e+02	
-3.054458e+01	-3.150481e+01	-3.327706e+01	-3.586040e+01	-3.927271e+01	
-1.726410e+01	-1.784118e+01	-1.887937e+01	-2.037819e+01	-2.234785e+01	
-1.185649e+01	-1.227829e+01	-1.301836e+01	-1.407640e+01	-1.545950e+01	
-8.891865e+00	-9.229091e+00	-9.806305e+00	-1.062332e+01	-1.168549e+01	
-6.999795e+00	-7.283483e+00	-7.757231e+00	-8.420909e+00	-9.278792e+00	
-5.672934e+00	-5.919443e+00	-6.321022e+00	-6.877582e+00	-7.592633e+00	
-4.679880e+00	-4.898874e+00	-5.246770e+00	-5.723512e+00	-6.332033e+00	
-3.899924e+00	-4.097578e+00	-4.403599e+00	-4.817954e+00	-5.343125e+00	
-3.263846e+00	-3.444333e+00	-3.716456e+00	-4.080201e+00	-4.537680e+00	
-2.729017e+00	-2.895283e+00	-3.139130e+00	-3.460559e+00	-3.861373e+00	
-2.267670e+00	-2.421860e+00	-2.641520e+00	-2.926664e+00	-3.278825e+00	
-1.860858e+00	-2.004575e+00	-2.203092e+00	-2.456435e+00	-2.765901e+00	
-1.495125e+00	-1.629585e+00	-1.809265e+00	-2.034199e+00	-2.305470e+00	
-1.160560e+00	-1.286702e+00	-1.449307e+00	-1.648418e+00	-1.884924e+00	
-8.496099e-01	-9.681575e-01	-1.115039e+00	-1.290305e+00	-1.494661e+00	
-5.563121e-01	-6.678262e-01	-8.000141e-01	-9.529310e-01	-1.127113e+00	
-2.757868e-01	-3.806954e-01	-4.989576e-01	-6.306345e-01	-7.760981e-01	
-3.878718e-03	-1.025000e-01	-2.073858e-01	-3.186024e-01	-4.363627e-01	
