5.907437e-17	6.366079e-17	6.862353e-17	7.368969e-17	7.846974e-17	
-2.965662e-02	-2.730616e-02	-2.558944e-02	-2.446662e-02	-2.391166e-02	
-5.932524e-02	-5.462335e-02	-5.118922e-02	-4.894314e-02	-4.783298e-02	
-8.901785e-02	-8.196265e-02	-7.680971e-02	-7.343946e-02	-7.177366e-02	
-1.187465e-01	-1.093351e-01	-1.024613e-01	-9.796553e-02	-9.574341e-02	
-1.485234e-01	-1.367520e-01	-1.281545e-01	-1.225313e-01	-1.197520e-01	
-1.783606e-01	-1.642244e-01	-1.538997e-01	-1.471469e-01	-1.438093e-01	
-2.082705e-01	-1.917638e-01	-1.797077e-01	-1.718225e-01	-1.679251e-01	
-2.382654e-01	-2.193814e-01	-2.055891e-01	-1.965683e-01	-1.921096e-01	
-2.683581e-01	-2.470891e-01	-2.315548e-01	-2.213946e-01	-2.163728e-01	
-2.985611e-01	-2.748983e-01	-2.576157e-01	-2.463120e-01	-2.407250e-01	
-3.288875e-01	-3.028212e-01	-2.837831e-01	-2.713312e-01	-2.651767e-01	
-3.593505e-01	-3.308698e-01	-3.100682e-01	-2.964631e-01	-2.897385e-01	
-3.899633e-01	-3.590563e-01	-3.364827e-01	-3.217185e-01	-3.144211e-01	
-4.207397e-01	-3.873935e-01	-3.630384e-01	-3.471090e-01	-3.392356e-01	
-4.516936e-01	-4.158941e-01	-3.897472e-01	-3.726459e-01	-3.641933e-01	
-4.828393e-01	-4.445714e-01	-4.166215e-01	-3.983410e-01	-3.893056e-01	
-5.141914e-01	-4.734386e-01	-4.436739e-01	-4.242064e-01	-4.145843e-01	
-5.457649e-01	-5.025097e-01	-4.709173e-01	-4.502544e-01	-4.400415e-01	
-5.775752e-01	-5.317989e-01	-4.983651e-01	-4.764978e-01	-4.656896e-01	
-6.096382e-01	-5.613207e-01	-5.260309e-01	-5.029497e-01	-4.915415e-01	
-6.419701e-01	-5.910901e-01	-5.539287e-01	-5.296234e-01	-5.176102e-01	
-6.745878e-01	-6.211226e-01	-5.820731e-01	-5.565329e-01	-5.439093e-01	
-7.075086e-01	-6.514343e-01	-6.104791e-01	-5.836925e-01	-5.704528e-01	
-7.407505e-01	-6.820415e-01	-6.391620e-01	-6.111169e-01	-5.972552e-01	
-7.743319e-01	-7.129614e-01	-6.681381e-01	-6.388215e-01	-6.243314e-01	
-8.082722e-01	-7.442117e-01	-6.974237e-01	-6.668221e-01	-6.516969e-01	
-8.425912e-01	-7.758107e-01	-7.270360e-01	-6.951352e-01	-6.793677e-01	
-8.773095e-01	-8.077774e-01	-7.569930e-01	-7.237777e-01	-7.073605e-01	
-9.124486e-01	-8.401315e-01	-7.873131e-01	-7.527674e-01	-7.356927e-01	
-9.480308e-01	-8.728936e-01	-8.180154e-01	-7.821226e-01	-7.643820e-01	
-9.840793e-01	-9.060851e-01	-8.491202e-01	-8.118625e-01	-7.934473e-01	
-1.020618e+00	-9.397280e-01	-8.806480e-01	-8.420069e-01	-8.229080e-01	
-1.057673e+00	-9.738456e-01	-9.126206e-01	-8.725767e-01	-8.527844e-01	
-1.095269e+00	-1.008462e+00	-9.450606e-01	-9.035933e-01	-8.830974e-01	
-1.133433e+00	-1.043602e+00	-9.779915e-01	-9.350792e-01	-9.138692e-01	
-1.172196e+00	-1.079292e+00	-1.011438e+00	-9.670580e-01	-9.451226e-01	
-1.211585e+00	-1.115560e+00	-1.045425e+00	-9.995540e-01	-9.768816e-01	
-1.251632e+00	-1.152433e+00	-1.079980e+00	-1.032593e+00	-1.009171e+00	
-1.292370e+00	-1.189942e+00	-1.115131e+00	-1.066201e+00	-1.042017e+00	
-1.333831e+00	-1.228117e+00	-1.150906e+00	-1.100407e+00	-1.075447e+00	
-1.376051e+00	-1.266991e+00	-1.187336e+00	-1.135238e+00	-1.109488e+00	
-1.419067e+00	-1.306597e+00	-1.224452e+00	-1.170726e+00	-1.144171e+00	
-1.462916e+00	-1.346971e+00	-1.262288e+00	-1.206901e+00	-1.179526e+00	
-1.507638e+00	-1.388149e+00	-1.300877e+00	-1.243797e+00	-1.215585e+00	
-1.553275e+00	-1.430168e+00	-1.340255e+00	-1.281447e+00	-1.252381e+00	
-1.599868e+00	-1.473069e+00	-1.380458e+00	-1.319886e+00	-1.289948e+00	
-1.647462e+00	-1.516891e+00	-1.421525e+00	-1.359151e+00	-1.328322e+00	
-1.696102e+00	-1.561676e+00	-1.463494e+00	-1.399279e+00	-1.367540e+00	
-1.745835e+00	-1.607467e+00	-1.506407e+00	-1.440309e+00	-1.407639e+00	
-1.796708e+00	-1.654308e+00	-1.550303e+00	-1.482279e+00	-1.448657e+00	
-1.848770e+00	-1.702243e+00	-1.595225e+00	-1.525229e+00	-1.490633e+00	
-1.902068e+00	-1.751318e+00	-1.641214e+00	-1.569201e+00	-1.533607e+00	
-1.956653e+00	-1.801576e+00	-1.688312e+00	-1.614232e+00	-1.577617e+00	
-2.012570e+00	-1.853061e+00	-1.736561e+00	-1.660364e+00	-1.622702e+00	
-2.069865e+00	-1.905815e+00	-1.785998e+00	-1.707632e+00	-1.668899e+00	
-2.128581e+00	-1.959878e+00	-1.836662e+00	-1.756073e+00	-1.716241e+00	
-2.188755e+00	-2.015283e+00	-1.888584e+00	-1.805716e+00	-1.764758e+00	
-2.250419e+00	-2.072060e+00	-1.941791e+00	-1.856589e+00	-1.814477e+00	
-2.313594e+00	-2.130227e+00	-1.996301e+00	-1.908708e+00	-1.865413e+00	
-2.378288e+00	-2.189794e+00	-2.052124e+00	-1.962081e+00	-1.917576e+00	
-2.444494e+00	-2.250753e+00	-2.109250e+00	-2.016701e+00	-1.970957e+00	
-2.512181e+00	-2.313076e+00	-2.167654e+00	-2.072542e+00	-2.025532e+00	
-2.581289e+00	-2.376706e+00	-2.227284e+00	-2.129555e+00	-2.081252e+00	
-2.651717e+00	-2.441552e+00	-2.288053e+00	-2.187658e+00	-2.138036e+00	
-2.723315e+00	-2.507476e+00	-2.349833e+00	-2.246727e+00	-2.195765e+00	
-2.795870e+00	-2.574280e+00	-2.412437e+00	-2.306584e+00	-2.254265e+00	
-2.869081e+00	-2.641689e+00	-2.475608e+00	-2.366983e+00	-2.313294e+00	
-2.942540e+00	-2.709326e+00	-2.538992e+00	-2.427586e+00	-2.372523e+00	
-3.015701e+00	-2.776688e+00	-2.602120e+00	-2.487944e+00	-2.431511e+00	
-3.087839e+00	-2.843109e+00	-2.664365e+00	-2.547458e+00	-2.489675e+00	
-3.158004e+00	-2.907713e+00	-2.724907e+00	-2.605344e+00	-2.546248e+00	
-3.224961e+00	-2.969364e+00	-2.782682e+00	-2.660583e+00	-2.600235e+00	
-3.287114e+00	-3.026591e+00	-2.836311e+00	-2.711860e+00	-2.650348e+00	
-3.342421e+00	-3.077513e+00	-2.884032e+00	-2.757487e+00	-2.694940e+00	
-3.388286e+00	-3.119744e+00	-2.923608e+00	-2.795326e+00	-2.731920e+00	
-3.421453e+00	-3.150282e+00	-2.952226e+00	-2.822688e+00	-2.758662e+00	
-3.437881e+00	-3.165408e+00	-2.966401e+00	-2.836242e+00	-2.771908e+00	
-3.432649e+00	-3.160591e+00	-2.961887e+00	-2.831925e+00	-2.767690e+00	
-3.399895e+00	-3.130433e+00	-2.933625e+00	-2.804903e+00	-2.741281e+00	
-3.332857e+00	-3.068708e+00	-2.875780e+00	-2.749597e+00	-2.687229e+00	
-3.224084e+00	-2.968555e+00	-2.781924e+00	-2.659859e+00	-2.599527e+00	
-3.065905e+00	-2.822913e+00	-2.645439e+00	-2.529362e+00	-2.471990e+00	
-2.851264e+00	-2.625284e+00	-2.460234e+00	-2.352284e+00	-2.298929e+00	
-2.574963e+00	-2.370881e+00	-2.221826e+00	-2.124337e+00	-2.076151e+00	
-2.235265e+00	-2.058107e+00	-1.928715e+00	-1.844087e+00	-1.802258e+00	
-1.835609e+00	-1.690125e+00	-1.583869e+00	-1.514372e+00	-1.480022e+00	
-1.385933e+00	-1.276089e+00	-1.195863e+00	-1.143391e+00	-1.117455e+00	
-9.029829e-01	-8.314160e-01	-7.791455e-01	-7.449582e-01	-7.280606e-01	
-4.090732e-01	-3.766517e-01	-3.529719e-01	-3.374842e-01	-3.298292e-01	
7.072695e-02	6.512141e-02	6.102728e-02	5.834952e-02	5.702600e-02	
5.123509e-01	4.717440e-01	4.420858e-01	4.226880e-01	4.131003e-01	
8.963093e-01	8.252714e-01	7.733872e-01	7.394525e-01	7.226798e-01	
1.210017e+00	1.114116e+00	1.044072e+00	9.982603e-01	9.756172e-01	
1.448374e+00	1.333581e+00	1.249740e+00	1.194904e+00	1.167800e+00	
1.612808e+00	1.484984e+00	1.391624e+00	1.330562e+00	1.300381e+00	
1.709442e+00	1.573958e+00	1.475005e+00	1.410285e+00	1.378296e+00	
1.747066e+00	1.608600e+00	1.507469e+00	1.441324e+00	1.408631e+00	
1.735425e+00	1.597882e+00	1.497425e+00	1.431721e+00	1.399246e+00	
1.684005e+00	1.550537e+00	1.453056e+00	1.389299e+00	1.357786e+00	
1.601317e+00	1.474403e+00	1.381708e+00	1.321082e+00	1.291116e+00	
1.494579e+00	1.376124e+00	1.289608e+00	1.233023e+00	1.205055e+00	
1.369651e+00	1.261098e+00	1.181814e+00	1.129958e+00	1.104328e+00	
1.231127e+00	1.133553e+00	1.062287e+00	1.015676e+00	9.926381e-01	
1.082486e+00	9.966923e-01	9.340310e-01	8.930476e-01	8.727909e-01	
9.262676e-01	8.528553e-01	7.992369e-01	7.641680e-01	7.468347e-01	
7.642383e-01	7.036678e-01	6.594287e-01	6.304943e-01	6.161931e-01	
5.975309e-01	5.501729e-01	5.155839e-01	4.929612e-01	4.817795e-01	
4.267593e-01	3.929360e-01	3.682324e-01	3.520751e-01	3.440892e-01	
2.521057e-01	2.321248e-01	2.175313e-01	2.079864e-01	2.032688e-01	
7.338039e-02	6.756455e-02	6.331681e-02	6.053860e-02	5.916543e-02	
-1.099415e-01	-1.012279e-01	-9.486382e-02	-9.070139e-02	-8.864405e-02	
-2.987068e-01	-2.750325e-01	-2.577414e-01	-2.464323e-01	-2.408425e-01	
-4.940946e-01	-4.549346e-01	-4.263332e-01	-4.076266e-01	-3.983805e-01	
-6.976507e-01	-6.423576e-01	-6.019731e-01	-5.755597e-01	-5.625045e-01	
-9.113534e-01	-8.391231e-01	-7.863680e-01	-7.518638e-01	-7.348096e-01	
-1.137717e+00	-1.047546e+00	-9.816876e-01	-9.386131e-01	-9.173229e-01	
-1.379949e+00	-1.270580e+00	-1.190699e+00	-1.138454e+00	-1.112631e+00	
-1.642185e+00	-1.512031e+00	-1.416971e+00	-1.354797e+00	-1.324067e+00	
-1.929839e+00	-1.776887e+00	-1.665176e+00	-1.592111e+00	-1.555998e+00	
-2.250146e+00	-2.071809e+00	-1.941556e+00	-1.856364e+00	-1.814257e+00	
-2.613008e+00	-2.405911e+00	-2.254653e+00	-2.155724e+00	-2.106826e+00	
-3.032366e+00	-2.792033e+00	-2.616500e+00	-2.501693e+00	-2.444948e+00	
-3.528542e+00	-3.248883e+00	-3.044628e+00	-2.911036e+00	-2.845006e+00	
-4.132397e+00	-3.804879e+00	-3.565669e+00	-3.409215e+00	-3.331885e+00	
-4.893265e+00	-4.505444e+00	-4.222190e+00	-4.036929e+00	-3.945361e+00	
-5.895292e+00	-5.428055e+00	-5.086797e+00	-4.863598e+00	-4.753279e+00	
-7.294881e+00	-6.716717e+00	-6.294442e+00	-6.018255e+00	-5.881745e+00	
-9.419663e+00	-8.673098e+00	-8.127827e+00	-7.771194e+00	-7.594923e+00	
-1.309160e+01	-1.205401e+01	-1.129619e+01	-1.080053e+01	-1.055555e+01	
-2.112504e+01	-1.945075e+01	-1.822790e+01	-1.742809e+01	-1.703278e+01	
-5.365494e+01	-4.940246e+01	-4.629657e+01	-4.426517e+01	-4.326112e+01	
9.923294e+01	9.136813e+01	8.562388e+01	8.186688e+01	8.000993e+01	
2.552832e+01	2.350505e+01	2.202730e+01	2.106079e+01	2.058308e+01	
1.448619e+01	1.333807e+01	1.249951e+01	1.195106e+01	1.167998e+01	
9.992085e+00	9.200151e+00	8.621745e+00	8.243440e+00	8.056457e+00	
7.529762e+00	6.932983e+00	6.497111e+00	6.212031e+00	6.071126e+00	
5.959394e+00	5.487076e+00	5.142107e+00	4.916482e+00	4.804964e+00	
4.859011e+00	4.473905e+00	4.192634e+00	4.008669e+00	3.917742e+00	
4.036157e+00	3.716267e+00	3.482628e+00	3.329817e+00	3.254288e+00	
3.390444e+00	3.121731e+00	2.925470e+00	2.797106e+00	2.733661e+00	
2.864309e+00	2.637295e+00	2.471490e+00	2.363046e+00	2.309446e+00	
2.422304e+00	2.230322e+00	2.090103e+00	1.998394e+00	1.953065e+00	
2.041345e+00	1.879556e+00	1.761390e+00	1.684103e+00	1.645904e+00	
1.705680e+00	1.570494e+00	1.471759e+00	1.407181e+00	1.375262e+00	
1.404125e+00	1.292840e+00	1.211560e+00	1.158399e+00	1.132123e+00	
1.128446e+00	1.039010e+00	9.736883e-01	9.309648e-01	9.098482e-01	
8.723688e-01	8.032283e-01	7.527299e-01	7.197016e-01	7.033769e-01	
6.309420e-01	5.809360e-01	5.444130e-01	5.205252e-01	5.087184e-01	
4.001157e-01	3.684041e-01	3.452428e-01	3.300942e-01	3.226068e-01	
1.764431e-01	1.624589e-01	1.522453e-01	1.455650e-01	1.422633e-01	
