5.331390e-51	-1.143392e-49	1.730172e-48	-2.132979e-47	2.272253e-46	
9.467159e-51	-2.025290e-49	3.056959e-48	-3.759154e-47	3.994466e-46	
1.678706e-50	-3.582220e-49	5.393369e-48	-6.615478e-47	7.011734e-46	
2.972387e-50	-6.326892e-49	9.501691e-48	-1.162518e-46	1.229014e-45	
5.255474e-50	-1.115839e-48	1.671521e-47	-2.039885e-46	2.151060e-45	
9.278850e-50	-1.965105e-48	2.936251e-47	-3.574200e-46	3.759351e-45	
1.635883e-49	-3.455755e-48	5.150442e-47	-6.253447e-46	6.560509e-45	
2.879957e-49	-6.068385e-48	9.021235e-47	-1.092515e-45	1.143211e-44	
5.062857e-49	-1.064085e-47	1.577821e-46	-1.905910e-45	1.989207e-44	
8.887528e-49	-1.863169e-47	2.755620e-46	-3.320050e-45	3.456189e-44	
1.557909e-48	-3.257627e-47	4.805638e-46	-5.775026e-45	5.996243e-44	
2.726962e-48	-5.687524e-47	8.368601e-46	-1.003068e-44	1.038784e-43	
4.766414e-48	-9.915578e-47	1.455206e-45	-1.739698e-44	1.796946e-43	
8.319174e-48	-1.726179e-46	2.526774e-45	-3.012898e-44	3.103908e-43	
1.449921e-47	-3.000726e-46	4.381048e-45	-5.210289e-44	5.353609e-43	
2.523390e-47	-5.208824e-46	7.585070e-45	-8.997175e-44	9.220370e-43	
4.385309e-47	-9.028716e-46	1.311327e-44	-1.551377e-43	1.585674e-42	
7.610124e-47	-1.562734e-45	2.263770e-44	-2.671132e-43	2.722971e-42	
1.318740e-46	-2.700953e-45	3.902324e-44	-4.592404e-43	4.669130e-42	
2.281929e-46	-4.661457e-45	6.717137e-44	-7.884090e-43	7.994521e-42	
3.942947e-46	-8.033395e-45	1.154555e-43	-1.351543e-42	1.366824e-41	
6.803237e-46	-1.382450e-44	1.981596e-43	-2.313527e-42	2.333436e-41	
1.172158e-45	-2.375595e-44	3.396136e-43	-3.954448e-42	3.977800e-41	
2.016658e-45	-4.076318e-44	5.811989e-43	-6.749377e-42	6.771005e-41	
3.464608e-45	-6.984520e-44	9.931939e-43	-1.150292e-41	1.150871e-40	
5.943631e-45	-1.195027e-43	1.694778e-42	-1.957577e-41	1.953275e-40	
1.018182e-44	-2.041698e-43	2.887761e-42	-3.326564e-41	3.310269e-40	
1.741705e-44	-3.483197e-43	4.913367e-42	-5.644679e-41	5.601782e-40	
2.975087e-44	-5.933858e-43	8.347695e-42	-9.564207e-41	9.465688e-40	
5.074584e-44	-1.009413e-42	1.416196e-41	-1.618173e-40	1.597133e-39	
8.643249e-44	-1.714641e-42	2.399107e-41	-2.733801e-40	2.690870e-39	
1.470041e-43	-2.908374e-42	4.058310e-41	-4.611849e-40	4.526967e-39	
2.496649e-43	-4.926062e-42	6.855044e-41	-7.768717e-40	7.604743e-39	
4.234103e-43	-8.331477e-42	1.156231e-40	-1.306741e-39	1.275629e-38	
7.170361e-43	-1.407073e-41	1.947368e-40	-2.194804e-39	2.136618e-38	
1.212541e-42	-2.372924e-41	3.275072e-40	-3.681016e-39	3.573483e-38	
2.047518e-42	-3.995983e-41	5.500002e-40	-6.164611e-39	5.967867e-38	
3.452508e-42	-6.719483e-41	9.223038e-40	-1.030883e-38	9.951964e-38	
5.813229e-42	-1.128289e-40	1.544380e-39	-1.721388e-38	1.657146e-37	
9.774081e-42	-1.891811e-40	2.582282e-39	-2.870211e-38	2.755338e-37	
1.641006e-41	-3.167432e-40	4.311437e-39	-4.778752e-38	4.574580e-37	
2.751188e-41	-5.295528e-40	7.188024e-39	-7.944759e-38	7.583846e-37	
4.605811e-41	-8.840640e-40	1.196647e-38	-1.318902e-37	1.255422e-36	
7.699592e-41	-1.473773e-39	1.989259e-38	-2.186299e-37	2.075161e-36	
1.285302e-40	-2.453294e-39	3.302064e-38	-3.618863e-37	3.425120e-36	
2.142487e-40	-4.077943e-39	5.473292e-38	-5.981362e-37	5.644968e-36	
3.566212e-40	-6.768696e-39	9.059007e-38	-9.871728e-37	9.289852e-36	
5.927504e-40	-1.121866e-38	1.497205e-37	-1.626865e-36	1.526573e-35	
9.838125e-40	-1.856733e-38	2.470875e-37	-2.677164e-36	2.504886e-35	
1.630529e-39	-3.068529e-38	4.071823e-37	-4.399097e-36	4.104116e-35	
2.698489e-39	-5.063877e-38	6.700323e-37	-7.218004e-36	6.714484e-35	
4.459523e-39	-8.344654e-38	1.100959e-36	-1.182594e-35	1.096900e-34	
7.359222e-39	-1.373111e-37	1.806405e-36	-1.934724e-35	1.789296e-34	
1.212694e-38	-2.256188e-37	2.959564e-36	-3.160583e-35	2.914464e-34	
1.995475e-38	-3.701834e-37	4.841823e-36	-5.155612e-35	4.740193e-34	
3.278817e-38	-6.065001e-37	7.909670e-36	-8.397653e-35	7.698291e-34	
5.379772e-38	-9.922403e-37	1.290257e-35	-1.365841e-34	1.248399e-33	
8.814268e-38	-1.620970e-36	2.101661e-35	-2.218233e-34	2.021497e-33	
1.442064e-37	-2.644266e-36	3.418355e-35	-3.597315e-34	3.268537e-33	
2.355908e-37	-4.307322e-36	5.551880e-35	-5.825246e-34	5.277086e-33	
3.843334e-37	-7.006185e-36	9.003912e-35	-9.419210e-34	8.507373e-33	
6.260855e-37	-1.137962e-35	1.458111e-34	-1.520824e-33	1.369484e-32	
1.018439e-36	-1.845636e-35	2.357860e-34	-2.451928e-33	2.201298e-32	
1.654291e-36	-2.989072e-35	3.807269e-34	-3.947303e-33	3.533140e-32	
2.683272e-36	-4.833910e-35	6.138711e-34	-6.345377e-33	5.662430e-32	
4.346036e-36	-7.806075e-35	9.883455e-34	-1.018541e-32	9.061597e-32	
7.029067e-36	-1.258748e-34	1.588943e-33	-1.632538e-32	1.447993e-31	
1.135214e-35	-2.026827e-34	2.550797e-33	-2.612835e-32	2.310405e-31	
1.830770e-35	-3.258865e-34	4.088945e-33	-4.175655e-32	3.681029e-31	
2.948257e-35	-5.232244e-34	6.545071e-33	-6.663476e-32	5.856121e-31	
4.741031e-35	-8.388443e-34	1.046129e-32	-1.061795e-31	9.302726e-31	
7.613004e-35	-1.342909e-33	1.669644e-32	-1.689446e-31	1.475604e-30	
1.220717e-34	-2.146760e-33	2.660911e-32	-2.684178e-31	2.337161e-30	
1.954564e-34	-3.426826e-33	4.234521e-32	-4.258354e-31	3.696294e-30	
3.125074e-34	-5.462262e-33	6.728926e-32	-6.745831e-31	5.837185e-30	
4.989381e-34	-8.694099e-33	1.067714e-31	-1.067069e-30	9.204482e-30	
7.954424e-34	-1.381810e-32	1.691731e-31	-1.685438e-30	1.449286e-29	
1.266329e-33	-2.193025e-32	2.676549e-31	-2.658252e-30	2.278597e-29	
2.013076e-33	-3.475447e-32	4.228502e-31	-4.186417e-30	3.577170e-29	
3.195579e-33	-5.499829e-32	6.670603e-31	-6.583423e-30	5.607511e-29	
5.065411e-33	-8.690790e-32	1.050778e-30	-1.033770e-29	8.777262e-29	
8.017808e-33	-1.371327e-31	1.652814e-30	-1.620910e-29	1.371849e-28	
1.267279e-32	-2.160698e-31	2.595997e-30	-2.537795e-29	2.140975e-28	
2.000160e-32	-3.399528e-31	4.071472e-30	-3.967499e-29	3.336376e-28	
3.152340e-32	-5.340904e-31	6.376257e-30	-6.193551e-29	5.191542e-28	
4.961090e-32	-8.378808e-31	9.971193e-30	-9.654393e-29	8.066321e-28	
7.796450e-32	-1.312566e-30	1.557024e-29	-1.502701e-28	1.251447e-27	
1.223468e-31	-2.053201e-30	2.427786e-29	-2.335514e-28	1.938683e-27	
1.917184e-31	-3.207103e-30	3.780005e-29	-3.624554e-28	2.998877e-27	
2.999929e-31	-5.002255e-30	5.876801e-29	-5.616797e-28	4.631993e-27	
4.687419e-31	-7.790943e-30	9.123393e-29	-8.691304e-28	7.143882e-27	
7.313621e-31	-1.211673e-29	1.414290e-28	-1.342898e-27	1.100165e-26	
1.139480e-30	-1.881708e-29	2.189208e-28	-2.071872e-27	1.691758e-26	
1.772789e-30	-2.918032e-29	3.383779e-28	-3.191865e-27	2.597620e-26	
2.754121e-30	-4.518549e-29	5.222561e-28	-4.910072e-27	3.982627e-26	
4.272526e-30	-6.986814e-29	8.048806e-28	-7.542107e-27	6.097056e-26	
6.618541e-30	-1.078774e-28	1.238642e-27	-1.156802e-26	9.320243e-26	
1.023801e-29	-1.663232e-28	1.903383e-27	-1.771685e-26	1.422625e-25	
1.581410e-29	-2.560626e-28	2.920606e-27	-2.709414e-26	2.168254e-25	
2.439211e-29	-3.936502e-28	4.474926e-27	-4.137381e-26	3.299786e-25	
3.756903e-29	-6.042906e-28	6.846440e-27	-6.308652e-26	5.014380e-25	
5.778118e-29	-9.263010e-28	1.045947e-26	-9.605248e-26	7.608596e-25	
8.873982e-29	-1.417847e-27	1.595587e-26	-1.460298e-25	1.152783e-24	
1.360901e-28	-2.167092e-27	2.430510e-26	-2.216844e-25	1.743997e-24	
2.084060e-28	-3.307474e-27	3.696919e-26	-3.360388e-25	2.634509e-24	
3.186908e-28	-5.040645e-27	5.614980e-26	-5.086326e-25	3.973824e-24	
4.866366e-28	-7.670907e-27	8.515737e-26	-7.687399e-25	5.985117e-24	
7.420203e-28	-1.165676e-26	1.289620e-25	-1.160152e-24	9.001018e-24	
1.129803e-27	-1.768805e-26	1.950145e-25	-1.748279e-24	1.351654e-23	
1.717770e-27	-2.680110e-26	2.944676e-25	-2.630672e-24	2.026720e-23	
2.607975e-27	-4.055048e-26	4.439903e-25	-3.952598e-24	3.034426e-23	
3.953826e-27	-6.126464e-26	6.684589e-25	-5.930051e-24	4.536425e-23	
5.985596e-27	-9.242606e-26	1.004943e-24	-8.883702e-24	6.771815e-23	
9.048425e-27	-1.392353e-25	1.508596e-24	-1.328890e-23	1.009370e-22	
1.365886e-26	-2.094474e-25	2.261360e-24	-1.984924e-23	1.502276e-22	
2.058883e-26	-3.146089e-25	3.384788e-24	-2.960453e-23	2.232557e-22	
3.099021e-26	-4.718863e-25	5.058924e-24	-4.408914e-23	3.312904e-22	
4.657933e-26	-7.067637e-25	7.550049e-24	-6.556383e-23	4.908724e-22	
6.990974e-26	-1.057016e-24	1.125139e-23	-9.735452e-23	7.262424e-22	
1.047751e-25	-1.578552e-24	1.674277e-23	-1.443467e-22	1.072871e-21	
1.568029e-25	-2.354001e-24	2.487785e-23	-2.137058e-22	1.582583e-21	
2.343289e-25	-3.505295e-24	3.691162e-23	-3.159254e-22	2.330977e-21	
3.496821e-25	-5.212100e-24	5.468622e-23	-4.663494e-22	3.428168e-21	
5.210708e-25	-7.738754e-24	8.090157e-23	-6.873797e-22	5.034294e-21	
7.753465e-25	-1.147359e-23	1.195089e-22	-1.011673e-21	7.381883e-21	
1.152048e-24	-1.698627e-23	1.762820e-22	-1.486764e-21	1.080806e-20	
1.709312e-24	-2.511115e-23	2.596448e-22	-2.181734e-21	1.580084e-20	
2.532491e-24	-3.706850e-23	3.818699e-22	-3.196831e-21	2.306557e-20	
3.746710e-24	-5.464035e-23	5.608092e-22	-4.677299e-21	3.362016e-20	
5.535132e-24	-8.042515e-23	8.223917e-22	-6.833266e-21	4.893127e-20	
8.165481e-24	-1.182062e-22	1.204221e-21	-9.968253e-21	7.110895e-20	
1.202849e-23	-1.734835e-22	1.760748e-21	-1.452002e-20	1.031841e-19	
1.769361e-23	-2.542412e-22	2.570702e-21	-2.111896e-20	1.495038e-19	
2.598948e-23	-3.720518e-22	3.747744e-21	-3.067149e-20	2.162929e-19	
3.812014e-23	-5.436641e-22	5.455712e-21	-4.447892e-20	3.124513e-19	
5.583250e-23	-7.932818e-22	7.930422e-21	-6.440660e-20	4.506844e-19	
8.165738e-23	-1.155830e-21	1.151077e-20	-9.312434e-20	6.491016e-19	
1.192558e-22	-1.681628e-21	1.668305e-20	-1.344474e-19	9.334745e-19	
1.739160e-22	-2.443067e-21	2.414403e-20	-1.938198e-19	1.340423e-18	
2.532650e-22	-3.544135e-21	3.489048e-20	-2.789973e-19	1.921898e-18	
3.682872e-22	-5.133985e-21	5.034622e-20	-4.010125e-19	2.751489e-18	
5.347785e-22	-7.426227e-21	7.254201e-20	-5.755350e-19	3.933274e-18	
7.754199e-22	-1.072633e-20	1.043698e-19	-8.247860e-19	5.614217e-18	
1.122731e-21	-1.547047e-20	1.499418e-19	-1.180229e-18	8.001522e-18	
1.623268e-21	-2.228049e-20	2.150963e-19	-1.686347e-18	1.138687e-17	
2.343584e-21	-3.204168e-20	3.081098e-19	-2.405928e-18	1.618019e-17	
3.378677e-21	-4.601241e-20	4.406971e-19	-3.427468e-18	2.295678e-17	
4.863944e-21	-6.597868e-20	6.294149e-19	-4.875500e-18	3.252263e-17	
6.992077e-21	-9.447160e-20	8.976269e-19	-6.924997e-18	4.600527e-17	
1.003690e-20	-1.350728e-19	1.278252e-18	-9.821427e-18	6.497952e-17	
1.438695e-20	-1.928428e-19	1.817603e-18	-1.390862e-17	9.164150e-17	
2.059272e-20	-2.749208e-19	2.580733e-18	-1.966743e-17	1.290489e-16	
2.943300e-20	-3.913638e-19	3.658884e-18	-2.776932e-17	1.814525e-16	
4.200790e-20	-5.563172e-19	5.179831e-18	-3.915045e-17	2.547519e-16	
5.986917e-20	-7.896468e-19	7.322239e-18	-5.511399e-17	3.571229e-16	
8.520229e-20	-1.119211e-18	1.033554e-17	-7.747124e-17	4.998773e-16	
1.210807e-19	-1.584016e-18	1.456746e-17	-1.087358e-16	6.986417e-16	
1.718204e-19	-2.238595e-18	2.050196e-17	-1.523903e-16	9.749683e-16	
2.434726e-19	-3.159075e-18	2.881161e-17	-2.132531e-16	1.358536e-15	
3.445095e-19	-4.451565e-18	4.042969e-17	-2.979792e-16	1.890150e-15	
4.867748e-19	-6.263742e-18	5.664921e-17	-4.157470e-16	2.625824e-15	
6.868007e-19	-8.800821e-18	7.925884e-17	-5.791947e-16	3.642326e-15	
9.676296e-19	-1.234755e-17	1.107291e-16	-8.056977e-16	5.044704e-15	
1.361330e-18	-1.729841e-17	1.544672e-16	-1.119107e-15	6.976471e-15	
1.912464e-18	-2.419914e-17	2.151644e-16	-1.552111e-15	9.633386e-15	
2.682867e-18	-3.380349e-17	2.992710e-16	-2.149440e-15	1.328204e-14	
3.758207e-18	-4.715102e-17	4.156412e-16	-2.972208e-15	1.828492e-14	
5.257000e-18	-6.567324e-17	5.764109e-16	-4.103780e-15	2.513411e-14	
7.342958e-18	-9.133844e-17	7.981879e-16	-5.657698e-15	3.449657e-14	
1.024188e-17	-1.268488e-16	1.103666e-15	-7.788361e-15	4.727479e-14	
1.426476e-17	-1.759085e-16	1.523804e-15	-1.070540e-14	6.468814e-14	
1.983923e-17	-2.435875e-16	2.100775e-15	-1.469297e-14	8.838132e-14	
2.755250e-17	-3.368142e-16	2.891937e-15	-2.013568e-14	1.205693e-13	
3.820964e-17	-4.650433e-16	3.975182e-15	-2.755324e-14	1.642304e-13	
5.291279e-17	-6.411559e-16	5.456117e-15	-3.764684e-14	2.233624e-13	
7.316850e-17	-8.826758e-16	7.477713e-15	-5.136101e-14	3.033236e-13	
1.010330e-16	-1.213406e-15	1.023322e-14	-6.996607e-14	4.112836e-13	
1.393088e-16	-1.665627e-15	1.398343e-14	-9.516782e-14	5.568209e-13	
1.918091e-16	-2.283057e-15	1.907976e-14	-1.292532e-13	7.527109e-13	
2.637156e-16	-3.124803e-15	2.599502e-14	-1.752832e-13	1.015966e-12	
3.620580e-16	-4.270663e-15	3.536429e-14	-2.373491e-13	1.369202e-12	
4.963594e-16	-5.828206e-15	4.803935e-14	-3.209093e-13	1.842441e-12	
6.795010e-16	-7.942206e-15	6.516082e-14	-4.332360e-13	2.475463e-12	
9.288803e-16	-1.080722e-14	8.825374e-14	-5.840013e-13	3.320903e-12	
1.267959e-15	-1.468431e-14	1.193539e-13	-7.860496e-13	4.448280e-12	
1.728329e-15	-1.992321e-14	1.611747e-13	-1.056410e-12	5.949273e-12	
2.352466e-15	-2.699179e-14	2.173269e-13	-1.417626e-12	7.944585e-12	
3.197393e-15	-3.651491e-14	2.926083e-13	-1.899487e-12	1.059287e-11	
4.339549e-15	-4.932590e-14	3.933833e-13	-2.541306e-12	1.410232e-11	
5.881239e-15	-6.653434e-14	5.280818e-13	-3.394869e-12	1.874571e-11	
7.959190e-15	-8.961542e-14	7.078517e-13	-4.528288e-12	2.487980e-11	
1.075585e-14	-1.205273e-13	9.474121e-13	-6.031007e-12	3.297049e-11	
1.451431e-14	-1.618655e-13	1.266167e-12	-8.020290e-12	4.362513e-11	
1.955797e-14	-2.170644e-13	1.689656e-12	-1.064963e-11	5.763426e-11	
2.631642e-14	-2.906622e-13	2.251441e-12	-1.411961e-11	7.602504e-11	
3.535947e-14	-3.886459e-13	2.995558e-12	-1.869194e-11	1.001300e-10	
4.744172e-14	-5.189017e-13	3.979691e-12	-2.470753e-11	1.316749e-10	
6.356102e-14	-6.918014e-13	5.279289e-12	-3.260972e-11	1.728910e-10	
8.503488e-14	-9.209648e-13	6.992872e-12	-4.297415e-11	2.266584e-10	
1.136002e-13	-1.224249e-12	9.248892e-12	-5.654701e-11	2.966887e-10	
1.515433e-13	-1.625030e-12	1.221455e-11	-7.429400e-11	3.877568e-10	
2.018694e-13	-2.153863e-12	1.610716e-11	-9.746290e-11	5.059953e-10	
2.685219e-13	-2.850621e-12	2.120867e-11	-1.276633e-10	6.592675e-10	
3.566685e-13	-3.767260e-12	2.788438e-11	-1.669680e-10	8.576390e-10	
4.730703e-13	-4.971372e-12	3.660677e-11	-2.180423e-10	1.113973e-09	
6.265594e-13	-6.550756e-12	4.798597e-11	-2.843075e-10	1.444678e-09	
8.286567e-13	-8.619279e-12	6.280865e-11	-3.701480e-10	1.870655e-09	
1.094367e-12	-1.132439e-11	8.208743e-11	-4.811734e-10	2.418475e-09	
1.443201e-12	-1.485671e-11	1.071237e-10	-6.245491e-10	3.121868e-09	
1.900494e-12	-1.946231e-11	1.395874e-10	-8.094123e-10	4.023572e-09	
2.499090e-12	-2.545834e-11	1.816177e-10	-1.047396e-09	5.177650e-09	
3.281506e-12	-3.325291e-11	2.359505e-10	-1.353286e-09	6.652375e-09	
4.302692e-12	-4.337033e-11	3.060797e-10	-1.745844e-09	8.533816e-09	
5.633562e-12	-5.648319e-11	3.964592e-10	-2.248836e-09	1.093029e-08	
7.365490e-12	-7.345293e-11	5.127583e-10	-2.892320e-09	1.397788e-08	
9.616034e-12	-9.538109e-11	6.621811e-10	-3.714245e-09	1.784726e-08	
1.253621e-11	-1.236740e-10	8.538675e-10	-4.762446e-09	2.275212e-08	
1.631969e-11	-1.601244e-10	1.099394e-09	-6.097114e-09	2.895952e-08	
2.121454e-11	-2.070139e-10	1.413401e-09	-7.793866e-09	3.680268e-08	
2.753792e-11	-2.672417e-10	1.814372e-09	-9.947532e-09	4.669662e-08	
3.569475e-11	-3.444858e-10	2.325602e-09	-1.267684e-08	5.915734e-08	
4.620120e-11	-4.434053e-10	2.976409e-09	-1.613020e-08	7.482526e-08	
5.971425e-11	-5.698920e-10	3.803624e-09	-2.049277e-08	9.449387e-08	
7.706879e-11	-7.313855e-10	4.853443e-09	-2.599520e-08	1.191445e-07	
9.932414e-11	-9.372642e-10	6.183715e-09	-3.292435e-08	1.499887e-07	
1.278224e-10	-1.199332e-09	7.866758e-09	-4.163627e-08	1.885196e-07	
1.642611e-10	-1.532423e-09	9.992830e-09	-5.257225e-08	2.365741e-07	
2.107843e-10	-1.955145e-09	1.267440e-08	-6.627823e-08	2.964079e-07	
2.700957e-10	-2.490811e-09	1.605136e-08	-8.342848e-08	3.707860e-07	
3.455993e-10	-3.168572e-09	2.029746e-08	-1.048543e-07	4.630917e-07	
4.415743e-10	-4.024827e-09	2.562810e-08	-1.315788e-07	5.774574e-07	
5.633917e-10	-5.104953e-09	3.230992e-08	-1.648590e-07	7.189214e-07	
7.177826e-10	-6.465420e-09	4.067238e-08	-2.062368e-07	8.936148e-07	
9.131690e-10	-8.176401e-09	5.112191e-08	-2.575999e-07	1.108986e-06	
1.160073e-09	-1.032495e-08	6.415907e-08	-3.212554e-07	1.374065e-06	
1.471618e-09	-1.301887e-08	8.039926e-08	-4.000183e-07	1.699782e-06	
1.864148e-09	-1.639151e-08	1.005978e-07	-4.973170e-07	2.099341e-06	
2.357989e-09	-2.060744e-08	1.256804e-07	-6.173197e-07	2.588663e-06	
2.978372e-09	-2.586953e-08	1.567790e-07	-7.650847e-07	3.186910e-06	
3.756573e-09	-3.242741e-08	1.952764e-07	-9.467401e-07	3.917101e-06	
4.731299e-09	-4.058775e-08	2.428581e-07	-1.169697e-06	4.806837e-06	
5.950382e-09	-5.072669e-08	3.015753e-07	-1.442900e-06	5.889149e-06	
7.472828e-09	-6.330480e-08	3.739203e-07	-1.777128e-06	7.203495e-06	
9.371324e-09	-7.888513e-08	4.629154e-07	-2.185346e-06	8.796911e-06	
1.173526e-08	-9.815487e-08	5.722203e-07	-2.683117e-06	1.072537e-05	
1.467439e-08	-1.219513e-07	7.062581e-07	-3.289096e-06	1.305535e-05	
1.832329e-08	-1.512930e-07	8.703654e-07	-4.025592e-06	1.586563e-05	
2.284665e-08	-1.874168e-07	1.070970e-06	-4.919248e-06	1.924943e-05	
2.844574e-08	-2.318224e-07	1.315800e-06	-6.001812e-06	2.331677e-05	
3.536616e-08	-2.863251e-07	1.614132e-06	-7.311054e-06	2.819734e-05	
4.390705e-08	-3.531182e-07	1.977079e-06	-8.891817e-06	3.404359e-05	
5.443226e-08	-4.348477e-07	2.417933e-06	-1.079725e-05	4.103447e-05	
6.738361e-08	-5.347004e-07	2.952564e-06	-1.309021e-05	4.937955e-05	
8.329673e-08	-6.565077e-07	3.599884e-06	-1.584494e-05	5.932379e-05	
1.028199e-07	-8.048682e-07	4.382393e-06	-1.914889e-05	7.115290e-05	
1.267368e-07	-9.852924e-07	5.326808e-06	-2.310493e-05	8.519944e-05	
1.559924e-07	-1.204372e-06	6.464802e-06	-2.783382e-05	1.018497e-04	
1.917257e-07	-1.469978e-06	7.833846e-06	-3.347705e-05	1.215515e-04	
2.353059e-07	-1.791496e-06	9.478201e-06	-4.020003e-05	1.448226e-04	
2.883774e-07	-2.180092e-06	1.145005e-05	-4.819582e-05	1.722608e-04	
3.529110e-07	-2.649036e-06	1.381078e-05	-5.768929e-05	2.045544e-04	
4.312659e-07	-3.214063e-06	1.663253e-05	-6.894178e-05	2.424945e-04	
5.262604e-07	-3.893806e-06	1.999985e-05	-8.225648e-05	2.869879e-04	
6.412569e-07	-4.710285e-06	2.401168e-05	-9.798438e-05	3.390722e-04	
7.802598e-07	-5.689482e-06	2.878362e-05	-1.165310e-04	3.999318e-04	
9.480302e-07	-6.861997e-06	3.445040e-05	-1.383639e-04	4.709151e-04	
1.150220e-06	-8.263808e-06	4.116881e-05	-1.640209e-04	5.535545e-04	
1.393527e-06	-9.937143e-06	4.912098e-05	-1.941196e-04	6.495867e-04	
1.685876e-06	-1.193147e-05	5.851798e-05	-2.293677e-04	7.609755e-04	
2.036628e-06	-1.430466e-05	6.960404e-05	-2.705740e-04	8.899363e-04	
2.456820e-06	-1.712424e-05	8.266117e-05	-3.186615e-04	1.038962e-03	
2.959450e-06	-2.046893e-05	9.801437e-05	-3.746805e-04	1.210850e-03	
3.559789e-06	-2.443030e-05	1.160374e-04	-4.398242e-04	1.408733e-03	
4.275761e-06	-2.911466e-05	1.371595e-04	-5.154448e-04	1.636109e-03	
5.128357e-06	-3.464522e-05	1.618720e-04	-6.030710e-04	1.896873e-03	
6.142129e-06	-4.116456e-05	1.907370e-04	-7.044276e-04	2.195355e-03	
7.345737e-06	-4.883729e-05	2.243957e-04	-8.214557e-04	2.536345e-03	
8.772584e-06	-5.785318e-05	2.635782e-04	-9.563350e-04	2.925139e-03	
1.046154e-05	-6.843053e-05	3.091139e-04	-1.111507e-03	3.367569e-03	
1.245774e-05	-8.082006e-05	3.619436e-04	-1.289700e-03	3.870037e-03	
1.481354e-05	-9.530914e-05	4.231313e-04	-1.493955e-03	4.439554e-03	
1.758952e-05	-1.122265e-04	4.938788e-04	-1.727655e-03	5.083772e-03	
2.085571e-05	-1.319476e-04	5.755398e-04	-1.994549e-03	5.811014e-03	
2.469289e-05	-1.549003e-04	6.696360e-04	-2.298786e-03	6.630306e-03	
2.919406e-05	-1.815712e-04	7.778745e-04	-2.644944e-03	7.551400e-03	
3.446616e-05	-2.125129e-04	9.021655e-04	-3.038058e-03	8.584796e-03	
4.063189e-05	-2.483513e-04	1.044642e-03	-3.483655e-03	9.741758e-03	
4.783182e-05	-2.897943e-04	1.207681e-03	-3.987780e-03	1.103432e-02	
5.622670e-05	-3.376410e-04	1.393923e-03	-4.557029e-03	1.247529e-02	
6.600002e-05	-3.927910e-04	1.606298e-03	-5.198574e-03	1.407825e-02	
7.736085e-05	-4.562559e-04	1.848043e-03	-5.920194e-03	1.585749e-02	
9.054704e-05	-5.291701e-04	2.122735e-03	-6.730295e-03	1.782807e-02	
1.058286e-04	-6.128036e-04	2.434307e-03	-7.637934e-03	2.000567e-02	
1.235115e-04	-7.085751e-04	2.787078e-03	-8.652834e-03	2.240660e-02	
1.439421e-04	-8.180659e-04	3.185778e-03	-9.785397e-03	2.504770e-02	
1.675112e-04	-9.430350e-04	3.635572e-03	-1.104671e-02	2.794624e-02	
1.946596e-04	-1.085435e-03	4.142087e-03	-1.244855e-02	3.111981e-02	
2.258829e-04	-1.247427e-03	4.711432e-03	-1.400335e-02	3.458619e-02	
2.617380e-04	-1.431402e-03	5.350225e-03	-1.572424e-02	3.836320e-02	
3.028489e-04	-1.639993e-03	6.065611e-03	-1.762495e-02	4.246849e-02	
3.499137e-04	-1.876098e-03	6.865283e-03	-1.971981e-02	4.691937e-02	
4.037120e-04	-2.142898e-03	7.757497e-03	-2.202370e-02	5.173256e-02	
4.651126e-04	-2.443874e-03	8.751086e-03	-2.455198e-02	5.692394e-02	
5.350821e-04	-2.782830e-03	9.855465e-03	-2.732041e-02	6.250827e-02	
6.146932e-04	-3.163911e-03	1.108064e-02	-3.034503e-02	6.849891e-02	
7.051349e-04	-3.591620e-03	1.243720e-02	-3.364211e-02	7.490747e-02	
8.077218e-04	-4.070842e-03	1.393632e-02	-3.722796e-02	8.174349e-02	
9.239046e-04	-4.606856e-03	1.558974e-02	-4.111880e-02	8.901403e-02	
1.055281e-03	-5.205359e-03	1.740971e-02	-4.533063e-02	9.672334e-02	
1.203608e-03	-5.872474e-03	1.940904e-02	-4.987897e-02	1.048725e-01	
1.370812e-03	-6.614772e-03	2.160097e-02	-5.477872e-02	1.134588e-01	
1.559000e-03	-7.439278e-03	2.399916e-02	-6.004390e-02	1.224756e-01	
1.770478e-03	-8.353485e-03	2.661763e-02	-6.568742e-02	1.319120e-01	
2.007754e-03	-9.365355e-03	2.947067e-02	-7.172081e-02	1.417519e-01	
2.273559e-03	-1.048333e-02	3.257275e-02	-7.815393e-02	1.519742e-01	
2.570856e-03	-1.171632e-02	3.593845e-02	-8.499470e-02	1.625522e-01	
2.902852e-03	-1.307371e-02	3.958229e-02	-9.224875e-02	1.734532e-01	
3.273015e-03	-1.456534e-02	4.351863e-02	-9.991916e-02	1.846383e-01	
3.685079e-03	-1.620150e-02	4.776156e-02	-1.080060e-01	1.960623e-01	
4.143062e-03	-1.799289e-02	5.232465e-02	-1.165063e-01	2.076730e-01	
4.651273e-03	-1.995062e-02	5.722088e-02	-1.254132e-01	2.194115e-01	
5.214324e-03	-2.208613e-02	6.246237e-02	-1.347161e-01	2.312123e-01	
5.837137e-03	-2.441120e-02	6.806023e-02	-1.444003e-01	2.430026e-01	
6.524956e-03	-2.693785e-02	7.402429e-02	-1.544461e-01	2.547033e-01	
7.283348e-03	-2.967831e-02	8.036294e-02	-1.648294e-01	2.662284e-01	
8.118210e-03	-3.264496e-02	8.708285e-02	-1.755207e-01	2.774860e-01	
9.035773e-03	-3.585020e-02	9.418871e-02	-1.864852e-01	2.883782e-01	
1.004260e-02	-3.930642e-02	1.016830e-01	-1.976828e-01	2.988021e-01	
1.114558e-02	-4.302587e-02	1.095658e-01	-2.090672e-01	3.086499e-01	
1.235193e-02	-4.702057e-02	1.178344e-01	-2.205868e-01	3.178104e-01	
1.366920e-02	-5.130216e-02	1.264830e-01	-2.321837e-01	3.261693e-01	
1.510521e-02	-5.588182e-02	1.355028e-01	-2.437945e-01	3.336106e-01	
1.666812e-02	-6.077011e-02	1.448812e-01	-2.553499e-01	3.400178e-01	
1.836631e-02	-6.597681e-02	1.546021e-01	-2.667749e-01	3.452749e-01	
2.020846e-02	-7.151080e-02	1.646454e-01	-2.779896e-01	3.492678e-01	
2.220343e-02	-7.737987e-02	1.749867e-01	-2.889086e-01	3.518862e-01	
2.436031e-02	-8.359058e-02	1.855975e-01	-2.994422e-01	3.530245e-01	
2.668832e-02	-9.014807e-02	1.964446e-01	-3.094966e-01	3.525842e-01	
2.919682e-02	-9.705587e-02	2.074903e-01	-3.189746e-01	3.504747e-01	
3.189522e-02	-1.043158e-01	2.186923e-01	-3.277763e-01	3.466157e-01	
3.479296e-02	-1.119276e-01	2.300033e-01	-3.357997e-01	3.409386e-01	
3.789946e-02	-1.198891e-01	2.413716e-01	-3.429420e-01	3.333880e-01	
4.122402e-02	-1.281955e-01	2.527407e-01	-3.491002e-01	3.239237e-01	
4.477581e-02	-1.368399e-01	2.640496e-01	-3.541724e-01	3.125217e-01	
4.856377e-02	-1.458126e-01	2.752329e-01	-3.580586e-01	2.991763e-01	
5.259652e-02	-1.551009e-01	2.862210e-01	-3.606625e-01	2.839008e-01	
5.688234e-02	-1.646895e-01	2.969405e-01	-3.618920e-01	2.667286e-01	
6.142904e-02	-1.745598e-01	3.073146e-01	-3.616612e-01	2.477148e-01	
6.624387e-02	-1.846901e-01	3.172634e-01	-3.598910e-01	2.269359e-01	
7.133349e-02	-1.950555e-01	3.267042e-01	-3.565112e-01	2.044909e-01	
7.670382e-02	-2.056277e-01	3.355526e-01	-3.514610e-01	1.805014e-01	
8.235999e-02	-2.163749e-01	3.437224e-01	-3.446908e-01	1.551109e-01	
8.830623e-02	-2.272622e-01	3.511270e-01	-3.361636e-01	1.284851e-01	
9.454579e-02	-2.382509e-01	3.576796e-01	-3.258553e-01	1.008104e-01	
1.010808e-01	-2.492994e-01	3.632941e-01	-3.137570e-01	7.229328e-02	
1.079124e-01	-2.603624e-01	3.678860e-01	-2.998747e-01	4.315835e-02	
1.150401e-01	-2.713917e-01	3.713734e-01	-2.842313e-01	1.364687e-02	
1.224625e-01	-2.823360e-01	3.736776e-01	-2.668664e-01	-1.598557e-02	
1.301766e-01	-2.931412e-01	3.747242e-01	-2.478374e-01	-4.547152e-02	
1.381779e-01	-3.037504e-01	3.744438e-01	-2.272195e-01	-7.453446e-02	
1.464602e-01	-3.141046e-01	3.727734e-01	-2.051061e-01	-1.028918e-01	
1.550161e-01	-3.241424e-01	3.696569e-01	-1.816084e-01	-1.302584e-01	
1.638361e-01	-3.338010e-01	3.650460e-01	-1.568557e-01	-1.563496e-01	
1.729092e-01	-3.430160e-01	3.589015e-01	-1.309941e-01	-1.808853e-01	
1.822227e-01	-3.517219e-01	3.511936e-01	-1.041862e-01	-2.035937e-01	
1.917620e-01	-3.598530e-01	3.419031e-01	-7.661027e-02	-2.242148e-01	
2.015108e-01	-3.673431e-01	3.310216e-01	-4.845846e-02	-2.425046e-01	
2.114511e-01	-3.741265e-01	3.185528e-01	-1.993574e-02	-2.582384e-01	
2.215631e-01	-3.801386e-01	3.045123e-01	8.741953e-03	-2.712148e-01	
2.318252e-01	-3.853159e-01	2.889288e-01	3.734960e-02	-2.812590e-01	
2.422142e-01	-3.895968e-01	2.718435e-01	6.565522e-02	-2.882259e-01	
2.527053e-01	-3.929225e-01	2.533111e-01	9.342215e-02	-2.920032e-01	
2.632721e-01	-3.952368e-01	2.333994e-01	1.204115e-01	-2.925136e-01	
2.738868e-01	-3.964874e-01	2.121895e-01	1.463845e-01	-2.897170e-01	
2.845202e-01	-3.966259e-01	1.897753e-01	1.711057e-01	-2.836123e-01	
2.951420e-01	-3.956084e-01	1.662633e-01	1.943450e-01	-2.742383e-01	
3.057205e-01	-3.933964e-01	1.417720e-01	2.158808e-01	-2.616742e-01	
3.162233e-01	-3.899566e-01	1.164314e-01	2.355026e-01	-2.460397e-01	
3.266172e-01	-3.852621e-01	9.038214e-02	2.530136e-01	-2.274946e-01	
3.368682e-01	-3.792921e-01	6.377441e-02	2.682336e-01	-2.062372e-01	
3.469418e-01	-3.720328e-01	3.676708e-02	2.810008e-01	-1.825027e-01	
3.568035e-01	-3.634773e-01	9.526414e-03	2.911750e-01	-1.565607e-01	
3.664184e-01	-3.536262e-01	-1.777522e-02	2.986388e-01	-1.287126e-01	
3.757520e-01	-3.424876e-01	-4.496074e-02	3.033000e-01	-9.928764e-02	
3.847699e-01	-3.300773e-01	-7.184985e-02	3.050930e-01	-6.863919e-02	
3.934383e-01	-3.164189e-01	-9.826059e-02	3.039801e-01	-3.714037e-02	
4.017242e-01	-3.015439e-01	-1.240110e-01	2.999526e-01	-5.179193e-03	
4.095954e-01	-2.854913e-01	-1.489206e-01	2.930310e-01	2.684651e-02	
4.170210e-01	-2.683080e-01	-1.728124e-01	2.832660e-01	5.853438e-02	
4.239713e-01	-2.500482e-01	-1.955142e-01	2.707376e-01	8.948300e-02	
4.304185e-01	-2.307732e-01	-2.168605e-01	2.555552e-01	1.192974e-01	
4.363360e-01	-2.105514e-01	-2.366939e-01	2.378567e-01	1.475947e-01	
4.416996e-01	-1.894574e-01	-2.548667e-01	2.178070e-01	1.740093e-01	
4.464869e-01	-1.675719e-01	-2.712427e-01	1.955966e-01	1.981982e-01	
4.506778e-01	-1.449813e-01	-2.856980e-01	1.714398e-01	2.198459e-01	
4.542547e-01	-1.217767e-01	-2.981225e-01	1.455725e-01	2.386691e-01	
4.572024e-01	-9.805349e-02	-3.084212e-01	1.182493e-01	2.544205e-01	
4.595082e-01	-7.391100e-02	-3.165150e-01	8.974146e-02	2.668926e-01	
4.611624e-01	-4.945138e-02	-3.223414e-01	6.033318e-02	2.759210e-01	
4.621577e-01	-2.477906e-02	-3.258554e-01	3.031894e-02	2.813863e-01	
4.624900e-01	0.000000e+00	-3.270298e-01	-0.000000e+00	2.832161e-01	
4.621577e-01	2.477906e-02	-3.258554e-01	-3.031894e-02	2.813863e-01	
4.611624e-01	4.945138e-02	-3.223414e-01	-6.033318e-02	2.759210e-01	
4.595082e-01	7.391100e-02	-3.165150e-01	-8.974146e-02	2.668926e-01	
4.572024e-01	9.805349e-02	-3.084212e-01	-1.182493e-01	2.544205e-01	
4.542547e-01	1.217767e-01	-2.981225e-01	-1.455725e-01	2.386691e-01	
4.506778e-01	1.449813e-01	-2.856980e-01	-1.714398e-01	2.198459e-01	
4.464869e-01	1.675719e-01	-2.712427e-01	-1.955966e-01	1.981982e-01	
4.416996e-01	1.894574e-01	-2.548667e-01	-2.178070e-01	1.740093e-01	
4.363360e-01	2.105514e-01	-2.366939e-01	-2.378567e-01	1.475947e-01	
4.304185e-01	2.307732e-01	-2.168605e-01	-2.555552e-01	1.192974e-01	
4.239713e-01	2.500482e-01	-1.955142e-01	-2.707376e-01	8.948300e-02	
4.170210e-01	2.683080e-01	-1.728124e-01	-2.832660e-01	5.853438e-02	
4.095954e-01	2.854913e-01	-1.489206e-01	-2.930310e-01	2.684651e-02	
4.017242e-01	3.015439e-01	-1.240110e-01	-2.999526e-01	-5.179193e-03	
3.934383e-01	3.164189e-01	-9.826059e-02	-3.039801e-01	-3.714037e-02	
3.847699e-01	3.300773e-01	-7.184985e-02	-3.050930e-01	-6.863919e-02	
3.757520e-01	3.424876e-01	-4.496074e-02	-3.033000e-01	-9.928764e-02	
3.664184e-01	3.536262e-01	-1.777522e-02	-2.986388e-01	-1.287126e-01	
3.568035e-01	3.634773e-01	9.526414e-03	-2.911750e-01	-1.565607e-01	
3.469418e-01	3.720328e-01	3.676708e-02	-2.810008e-01	-1.825027e-01	
3.368682e-01	3.792921e-01	6.377441e-02	-2.682336e-01	-2.062372e-01	
3.266172e-01	3.852621e-01	9.038214e-02	-2.530136e-01	-2.274946e-01	
3.162233e-01	3.899566e-01	1.164314e-01	-2.355026e-01	-2.460397e-01	
3.057205e-01	3.933964e-01	1.417720e-01	-2.158808e-01	-2.616742e-01	
2.951420e-01	3.956084e-01	1.662633e-01	-1.943450e-01	-2.742383e-01	
2.845202e-01	3.966259e-01	1.897753e-01	-1.711057e-01	-2.836123e-01	
2.738868e-01	3.964874e-01	2.121895e-01	-1.463845e-01	-2.897170e-01	
2.632721e-01	3.952368e-01	2.333994e-01	-1.204115e-01	-2.925136e-01	
2.527053e-01	3.929225e-01	2.533111e-01	-9.342215e-02	-2.920032e-01	
2.422142e-01	3.895968e-01	2.718435e-01	-6.565522e-02	-2.882259e-01	
2.318252e-01	3.853159e-01	2.889288e-01	-3.734960e-02	-2.812590e-01	
2.215631e-01	3.801386e-01	3.045123e-01	-8.741953e-03	-2.712148e-01	
2.114511e-01	3.741265e-01	3.185528e-01	1.993574e-02	-2.582384e-01	
2.015108e-01	3.673431e-01	3.310216e-01	4.845846e-02	-2.425046e-01	
1.917620e-01	3.598530e-01	3.419031e-01	7.661027e-02	-2.242148e-01	
1.822227e-01	3.517219e-01	3.511936e-01	1.041862e-01	-2.035937e-01	
1.729092e-01	3.430160e-01	3.589015e-01	1.309941e-01	-1.808853e-01	
1.638361e-01	3.338010e-01	3.650460e-01	1.568557e-01	-1.563496e-01	
1.550161e-01	3.241424e-01	3.696569e-01	1.816084e-01	-1.302584e-01	
1.464602e-01	3.141046e-01	3.727734e-01	2.051061e-01	-1.028918e-01	
1.381779e-01	3.037504e-01	3.744438e-01	2.272195e-01	-7.453446e-02	
1.301766e-01	2.931412e-01	3.747242e-01	2.478374e-01	-4.547152e-02	
1.224625e-01	2.823360e-01	3.736776e-01	2.668664e-01	-1.598557e-02	
1.150401e-01	2.713917e-01	3.713734e-01	2.842313e-01	1.364687e-02	
1.079124e-01	2.603624e-01	3.678860e-01	2.998747e-01	4.315835e-02	
1.010808e-01	2.492994e-01	3.632941e-01	3.137570e-01	7.229328e-02	
9.454579e-02	2.382509e-01	3.576796e-01	3.258553e-01	1.008104e-01	
8.830623e-02	2.272622e-01	3.511270e-01	3.361636e-01	1.284851e-01	
8.235999e-02	2.163749e-01	3.437224e-01	3.446908e-01	1.551109e-01	
7.670382e-02	2.056277e-01	3.355526e-01	3.514610e-01	1.805014e-01	
7.133349e-02	1.950555e-01	3.267042e-01	3.565112e-01	2.044909e-01	
6.624387e-02	1.846901e-01	3.172634e-01	3.598910e-01	2.269359e-01	
6.142904e-02	1.745598e-01	3.073146e-01	3.616612e-01	2.477148e-01	
5.688234e-02	1.646895e-01	2.969405e-01	3.618920e-01	2.667286e-01	
5.259652e-02	1.551009e-01	2.862210e-01	3.606625e-01	2.839008e-01	
4.856377e-02	1.458126e-01	2.752329e-01	3.580586e-01	2.991763e-01	
4.477581e-02	1.368399e-01	2.640496e-01	3.541724e-01	3.125217e-01	
4.122402e-02	1.281955e-01	2.527407e-01	3.491002e-01	3.239237e-01	
3.789946e-02	1.198891e-01	2.413716e-01	3.429420e-01	3.333880e-01	
3.479296e-02	1.119276e-01	2.300033e-01	3.357997e-01	3.409386e-01	
3.189522e-02	1.043158e-01	2.186923e-01	3.277763e-01	3.466157e-01	
2.919682e-02	9.705587e-02	2.074903e-01	3.189746e-01	3.504747e-01	
2.668832e-02	9.014807e-02	1.964446e-01	3.094966e-01	3.525842e-01	
2.436031e-02	8.359058e-02	1.855975e-01	2.994422e-01	3.530245e-01	
2.220343e-02	7.737987e-02	1.749867e-01	2.889086e-01	3.518862e-01	
2.020846e-02	7.151080e-02	1.646454e-01	2.779896e-01	3.492678e-01	
1.836631e-02	6.597681e-02	1.546021e-01	2.667749e-01	3.452749e-01	
1.666812e-02	6.077011e-02	1.448812e-01	2.553499e-01	3.400178e-01	
1.510521e-02	5.588182e-02	1.355028e-01	2.437945e-01	3.336106e-01	
1.366920e-02	5.130216e-02	1.264830e-01	2.321837e-01	3.261693e-01	
1.235193e-02	4.702057e-02	1.178344e-01	2.205868e-01	3.178104e-01	
1.114558e-02	4.302587e-02	1.095658e-01	2.090672e-01	3.086499e-01	
1.004260e-02	3.930642e-02	1.016830e-01	1.976828e-01	2.988021e-01	
9.035773e-03	3.585020e-02	9.418871e-02	1.864852e-01	2.883782e-01	
8.118210e-03	3.264496e-02	8.708285e-02	1.755207e-01	2.774860e-01	
7.283348e-03	2.967831e-02	8.036294e-02	1.648294e-01	2.662284e-01	
6.524956e-03	2.693785e-02	7.402429e-02	1.544461e-01	2.547033e-01	
5.837137e-03	2.441120e-02	6.806023e-02	1.444003e-01	2.430026e-01	
5.214324e-03	2.208613e-02	6.246237e-02	1.347161e-01	2.312123e-01	
4.651273e-03	1.995062e-02	5.722088e-02	1.254132e-01	2.194115e-01	
4.143062e-03	1.799289e-02	5.232465e-02	1.165063e-01	2.076730e-01	
3.685079e-03	1.620150e-02	4.776156e-02	1.080060e-01	1.960623e-01	
3.273015e-03	1.456534e-02	4.351863e-02	9.991916e-02	1.846383e-01	
2.902852e-03	1.307371e-02	3.958229e-02	9.224875e-02	1.734532e-01	
2.570856e-03	1.171632e-02	3.593845e-02	8.499470e-02	1.625522e-01	
2.273559e-03	1.048333e-02	3.257275e-02	7.815393e-02	1.519742e-01	
2.007754e-03	9.365355e-03	2.947067e-02	7.172081e-02	1.417519e-01	
1.770478e-03	8.353485e-03	2.661763e-02	6.568742e-02	1.319120e-01	
1.559000e-03	7.439278e-03	2.399916e-02	6.004390e-02	1.224756e-01	
1.370812e-03	6.614772e-03	2.160097e-02	5.477872e-02	1.134588e-01	
1.203608e-03	5.872474e-03	1.940904e-02	4.987897e-02	1.048725e-01	
1.055281e-03	5.205359e-03	1.740971e-02	4.533063e-02	9.672334e-02	
9.239046e-04	4.606856e-03	1.558974e-02	4.111880e-02	8.901403e-02	
8.077218e-04	4.070842e-03	1.393632e-02	3.722796e-02	8.174349e-02	
7.051349e-04	3.591620e-03	1.243720e-02	3.364211e-02	7.490747e-02	
6.146932e-04	3.163911e-03	1.108064e-02	3.034503e-02	6.849891e-02	
5.350821e-04	2.782830e-03	9.855465e-03	2.732041e-02	6.250827e-02	
4.651126e-04	2.443874e-03	8.751086e-03	2.455198e-02	5.692394e-02	
4.037120e-04	2.142898e-03	7.757497e-03	2.202370e-02	5.173256e-02	
3.499137e-04	1.876098e-03	6.865283e-03	1.971981e-02	4.691937e-02	
3.028489e-04	1.639993e-03	6.065611e-03	1.762495e-02	4.246849e-02	
2.617380e-04	1.431402e-03	5.350225e-03	1.572424e-02	3.836320e-02	
2.258829e-04	1.247427e-03	4.711432e-03	1.400335e-02	3.458619e-02	
1.946596e-04	1.085435e-03	4.142087e-03	1.244855e-02	3.111981e-02	
1.675112e-04	9.430350e-04	3.635572e-03	1.104671e-02	2.794624e-02	
1.439421e-04	8.180659e-04	3.185778e-03	9.785397e-03	2.504770e-02	
1.235115e-04	7.085751e-04	2.787078e-03	8.652834e-03	2.240660e-02	
1.058286e-04	6.128036e-04	2.434307e-03	7.637934e-03	2.000567e-02	
9.054704e-05	5.291701e-04	2.122735e-03	6.730295e-03	1.782807e-02	
7.736085e-05	4.562559e-04	1.848043e-03	5.920194e-03	1.585749e-02	
6.600002e-05	3.927910e-04	1.606298e-03	5.198574e-03	1.407825e-02	
5.622670e-05	3.376410e-04	1.393923e-03	4.557029e-03	1.247529e-02	
4.783182e-05	2.897943e-04	1.207681e-03	3.987780e-03	1.103432e-02	
4.063189e-05	2.483513e-04	1.044642e-03	3.483655e-03	9.741758e-03	
3.446616e-05	2.125129e-04	9.021655e-04	3.038058e-03	8.584796e-03	
2.919406e-05	1.815712e-04	7.778745e-04	2.644944e-03	7.551400e-03	
2.469289e-05	1.549003e-04	6.696360e-04	2.298786e-03	6.630306e-03	
2.085571e-05	1.319476e-04	5.755398e-04	1.994549e-03	5.811014e-03	
1.758952e-05	1.122265e-04	4.938788e-04	1.727655e-03	5.083772e-03	
1.481354e-05	9.530914e-05	4.231313e-04	1.493955e-03	4.439554e-03	
1.245774e-05	8.082006e-05	3.619436e-04	1.289700e-03	3.870037e-03	
1.046154e-05	6.843053e-05	3.091139e-04	1.111507e-03	3.367569e-03	
8.772584e-06	5.785318e-05	2.635782e-04	9.563350e-04	2.925139e-03	
7.345737e-06	4.883729e-05	2.243957e-04	8.214557e-04	2.536345e-03	
6.142129e-06	4.116456e-05	1.907370e-04	7.044276e-04	2.195355e-03	
5.128357e-06	3.464522e-05	1.618720e-04	6.030710e-04	1.896873e-03	
4.275761e-06	2.911466e-05	1.371595e-04	5.154448e-04	1.636109e-03	
3.559789e-06	2.443030e-05	1.160374e-04	4.398242e-04	1.408733e-03	
2.959450e-06	2.046893e-05	9.801437e-05	3.746805e-04	1.210850e-03	
2.456820e-06	1.712424e-05	8.266117e-05	3.186615e-04	1.038962e-03	
2.036628e-06	1.430466e-05	6.960404e-05	2.705740e-04	8.899363e-04	
1.685876e-06	1.193147e-05	5.851798e-05	2.293677e-04	7.609755e-04	
1.393527e-06	9.937143e-06	4.912098e-05	1.941196e-04	6.495867e-04	
1.150220e-06	8.263808e-06	4.116881e-05	1.640209e-04	5.535545e-04	
9.480302e-07	6.861997e-06	3.445040e-05	1.383639e-04	4.709151e-04	
7.802598e-07	5.689482e-06	2.878362e-05	1.165310e-04	3.999318e-04	
6.412569e-07	4.710285e-06	2.401168e-05	9.798438e-05	3.390722e-04	
5.262604e-07	3.893806e-06	1.999985e-05	8.225648e-05	2.869879e-04	
4.312659e-07	3.214063e-06	1.663253e-05	6.894178e-05	2.424945e-04	
3.529110e-07	2.649036e-06	1.381078e-05	5.768929e-05	2.045544e-04	
2.883774e-07	2.180092e-06	1.145005e-05	4.819582e-05	1.722608e-04	
2.353059e-07	1.791496e-06	9.478201e-06	4.020003e-05	1.448226e-04	
1.917257e-07	1.469978e-06	7.833846e-06	3.347705e-05	1.215515e-04	
1.559924e-07	1.204372e-06	6.464802e-06	2.783382e-05	1.018497e-04	
1.267368e-07	9.852924e-07	5.326808e-06	2.310493e-05	8.519944e-05	
1.028199e-07	8.048682e-07	4.382393e-06	1.914889e-05	7.115290e-05	
8.329673e-08	6.565077e-07	3.599884e-06	1.584494e-05	5.932379e-05	
6.738361e-08	5.347004e-07	2.952564e-06	1.309021e-05	4.937955e-05	
5.443226e-08	4.348477e-07	2.417933e-06	1.079725e-05	4.103447e-05	
4.390705e-08	3.531182e-07	1.977079e-06	8.891817e-06	3.404359e-05	
3.536616e-08	2.863251e-07	1.614132e-06	7.311054e-06	2.819734e-05	
2.844574e-08	2.318224e-07	1.315800e-06	6.001812e-06	2.331677e-05	
2.284665e-08	1.874168e-07	1.070970e-06	4.919248e-06	1.924943e-05	
1.832329e-08	1.512930e-07	8.703654e-07	4.025592e-06	1.586563e-05	
1.467439e-08	1.219513e-07	7.062581e-07	3.289096e-06	1.305535e-05	
1.173526e-08	9.815487e-08	5.722203e-07	2.683117e-06	1.072537e-05	
9.371324e-09	7.888513e-08	4.629154e-07	2.185346e-06	8.796911e-06	
7.472828e-09	6.330480e-08	3.739203e-07	1.777128e-06	7.203495e-06	
5.950382e-09	5.072669e-08	3.015753e-07	1.442900e-06	5.889149e-06	
4.731299e-09	4.058775e-08	2.428581e-07	1.169697e-06	4.806837e-06	
3.756573e-09	3.242741e-08	1.952764e-07	9.467401e-07	3.917101e-06	
2.978372e-09	2.586953e-08	1.567790e-07	7.650847e-07	3.186910e-06	
2.357989e-09	2.060744e-08	1.256804e-07	6.173197e-07	2.588663e-06	
1.864148e-09	1.639151e-08	1.005978e-07	4.973170e-07	2.099341e-06	
1.471618e-09	1.301887e-08	8.039926e-08	4.000183e-07	1.699782e-06	
1.160073e-09	1.032495e-08	6.415907e-08	3.212554e-07	1.374065e-06	
9.131690e-10	8.176401e-09	5.112191e-08	2.575999e-07	1.108986e-06	
7.177826e-10	6.465420e-09	4.067238e-08	2.062368e-07	8.936148e-07	
5.633917e-10	5.104953e-09	3.230992e-08	1.648590e-07	7.189214e-07	
4.415743e-10	4.024827e-09	2.562810e-08	1.315788e-07	5.774574e-07	
3.455993e-10	3.168572e-09	2.029746e-08	1.048543e-07	4.630917e-07	
2.700957e-10	2.490811e-09	1.605136e-08	8.342848e-08	3.707860e-07	
2.107843e-10	1.955145e-09	1.267440e-08	6.627823e-08	2.964079e-07	
1.642611e-10	1.532423e-09	9.992830e-09	5.257225e-08	2.365741e-07	
1.278224e-10	1.199332e-09	7.866758e-09	4.163627e-08	1.885196e-07	
9.932414e-11	9.372642e-10	6.183715e-09	3.292435e-08	1.499887e-07	
7.706879e-11	7.313855e-10	4.853443e-09	2.599520e-08	1.191445e-07	
5.971425e-11	5.698920e-10	3.803624e-09	2.049277e-08	9.449387e-08	
4.620120e-11	4.434053e-10	2.976409e-09	1.613020e-08	7.482526e-08	
3.569475e-11	3.444858e-10	2.325602e-09	1.267684e-08	5.915734e-08	
2.753792e-11	2.672417e-10	1.814372e-09	9.947532e-09	4.669662e-08	
2.121454e-11	2.070139e-10	1.413401e-09	7.793866e-09	3.680268e-08	
1.631969e-11	1.601244e-10	1.099394e-09	6.097114e-09	2.895952e-08	
1.253621e-11	1.236740e-10	8.538675e-10	4.762446e-09	2.275212e-08	
9.616034e-12	9.538109e-11	6.621811e-10	3.714245e-09	1.784726e-08	
7.365490e-12	7.345293e-11	5.127583e-10	2.892320e-09	1.397788e-08	
5.633562e-12	5.648319e-11	3.964592e-10	2.248836e-09	1.093029e-08	
4.302692e-12	4.337033e-11	3.060797e-10	1.745844e-09	8.533816e-09	
3.281506e-12	3.325291e-11	2.359505e-10	1.353286e-09	6.652375e-09	
2.499090e-12	2.545834e-11	1.816177e-10	1.047396e-09	5.177650e-09	
1.900494e-12	1.946231e-11	1.395874e-10	8.094123e-10	4.023572e-09	
1.443201e-12	1.485671e-11	1.071237e-10	6.245491e-10	3.121868e-09	
1.094367e-12	1.132439e-11	8.208743e-11	4.811734e-10	2.418475e-09	
8.286567e-13	8.619279e-12	6.280865e-11	3.701480e-10	1.870655e-09	
6.265594e-13	6.550756e-12	4.798597e-11	2.843075e-10	1.444678e-09	
4.730703e-13	4.971372e-12	3.660677e-11	2.180423e-10	1.113973e-09	
3.566685e-13	3.767260e-12	2.788438e-11	1.669680e-10	8.576390e-10	
2.685219e-13	2.850621e-12	2.120867e-11	1.276633e-10	6.592675e-10	
2.018694e-13	2.153863e-12	1.610716e-11	9.746290e-11	5.059953e-10	
1.515433e-13	1.625030e-12	1.221455e-11	7.429400e-11	3.877568e-10	
1.136002e-13	1.224249e-12	9.248892e-12	5.654701e-11	2.966887e-10	
8.503488e-14	9.209648e-13	6.992872e-12	4.297415e-11	2.266584e-10	
6.356102e-14	6.918014e-13	5.279289e-12	3.260972e-11	1.728910e-10	
4.744172e-14	5.189017e-13	3.979691e-12	2.470753e-11	1.316749e-10	
3.535947e-14	3.886459e-13	2.995558e-12	1.869194e-11	1.001300e-10	
2.631642e-14	2.906622e-13	2.251441e-12	1.411961e-11	7.602504e-11	
1.955797e-14	2.170644e-13	1.689656e-12	1.064963e-11	5.763426e-11	
1.451431e-14	1.618655e-13	1.266167e-12	8.020290e-12	4.362513e-11	
1.075585e-14	1.205273e-13	9.474121e-13	6.031007e-12	3.297049e-11	
7.959190e-15	8.961542e-14	7.078517e-13	4.528288e-12	2.487980e-11	
5.881239e-15	6.653434e-14	5.280818e-13	3.394869e-12	1.874571e-11	
4.339549e-15	4.932590e-14	3.933833e-13	2.541306e-12	1.410232e-11	
3.197393e-15	3.651491e-14	2.926083e-13	1.899487e-12	1.059287e-11	
2.352466e-15	2.699179e-14	2.173269e-13	1.417626e-12	7.944585e-12	
1.728329e-15	1.992321e-14	1.611747e-13	1.056410e-12	5.949273e-12	
1.267959e-15	1.468431e-14	1.193539e-13	7.860496e-13	4.448280e-12	
9.288803e-16	1.080722e-14	8.825374e-14	5.840013e-13	3.320903e-12	
6.795010e-16	7.942206e-15	6.516082e-14	4.332360e-13	2.475463e-12	
4.963594e-16	5.828206e-15	4.803935e-14	3.209093e-13	1.842441e-12	
3.620580e-16	4.270663e-15	3.536429e-14	2.373491e-13	1.369202e-12	
2.637156e-16	3.124803e-15	2.599502e-14	1.752832e-13	1.015966e-12	
1.918091e-16	2.283057e-15	1.907976e-14	1.292532e-13	7.527109e-13	
1.393088e-16	1.665627e-15	1.398343e-14	9.516782e-14	5.568209e-13	
1.010330e-16	1.213406e-15	1.023322e-14	6.996607e-14	4.112836e-13	
7.316850e-17	8.826758e-16	7.477713e-15	5.136101e-14	3.033236e-13	
5.291279e-17	6.411559e-16	5.456117e-15	3.764684e-14	2.233624e-13	
3.820964e-17	4.650433e-16	3.975182e-15	2.755324e-14	1.642304e-13	
2.755250e-17	3.368142e-16	2.891937e-15	2.013568e-14	1.205693e-13	
1.983923e-17	2.435875e-16	2.100775e-15	1.469297e-14	8.838132e-14	
1.426476e-17	1.759085e-16	1.523804e-15	1.070540e-14	6.468814e-14	
1.024188e-17	1.268488e-16	1.103666e-15	7.788361e-15	4.727479e-14	
7.342958e-18	9.133844e-17	7.981879e-16	5.657698e-15	3.449657e-14	
5.257000e-18	6.567324e-17	5.764109e-16	4.103780e-15	2.513411e-14	
3.758207e-18	4.715102e-17	4.156412e-16	2.972208e-15	1.828492e-14	
2.682867e-18	3.380349e-17	2.992710e-16	2.149440e-15	1.328204e-14	
1.912464e-18	2.419914e-17	2.151644e-16	1.552111e-15	9.633386e-15	
1.361330e-18	1.729841e-17	1.544672e-16	1.119107e-15	6.976471e-15	
9.676296e-19	1.234755e-17	1.107291e-16	8.056977e-16	5.044704e-15	
6.868007e-19	8.800821e-18	7.925884e-17	5.791947e-16	3.642326e-15	
4.867748e-19	6.263742e-18	5.664921e-17	4.157470e-16	2.625824e-15	
3.445095e-19	4.451565e-18	4.042969e-17	2.979792e-16	1.890150e-15	
2.434726e-19	3.159075e-18	2.881161e-17	2.132531e-16	1.358536e-15	
1.718204e-19	2.238595e-18	2.050196e-17	1.523903e-16	9.749683e-16	
1.210807e-19	1.584016e-18	1.456746e-17	1.087358e-16	6.986417e-16	
8.520229e-20	1.119211e-18	1.033554e-17	7.747124e-17	4.998773e-16	
5.986917e-20	7.896468e-19	7.322239e-18	5.511399e-17	3.571229e-16	
4.200790e-20	5.563172e-19	5.179831e-18	3.915045e-17	2.547519e-16	
2.943300e-20	3.913638e-19	3.658884e-18	2.776932e-17	1.814525e-16	
2.059272e-20	2.749208e-19	2.580733e-18	1.966743e-17	1.290489e-16	
1.438695e-20	1.928428e-19	1.817603e-18	1.390862e-17	9.164150e-17	
1.003690e-20	1.350728e-19	1.278252e-18	9.821427e-18	6.497952e-17	
6.992077e-21	9.447160e-20	8.976269e-19	6.924997e-18	4.600527e-17	
4.863944e-21	6.597868e-20	6.294149e-19	4.875500e-18	3.252263e-17	
3.378677e-21	4.601241e-20	4.406971e-19	3.427468e-18	2.295678e-17	
2.343584e-21	3.204168e-20	3.081098e-19	2.405928e-18	1.618019e-17	
1.623268e-21	2.228049e-20	2.150963e-19	1.686347e-18	1.138687e-17	
1.122731e-21	1.547047e-20	1.499418e-19	1.180229e-18	8.001522e-18	
7.754199e-22	1.072633e-20	1.043698e-19	8.247860e-19	5.614217e-18	
5.347785e-22	7.426227e-21	7.254201e-20	5.755350e-19	3.933274e-18	
3.682872e-22	5.133985e-21	5.034622e-20	4.010125e-19	2.751489e-18	
2.532650e-22	3.544135e-21	3.489048e-20	2.789973e-19	1.921898e-18	
1.739160e-22	2.443067e-21	2.414403e-20	1.938198e-19	1.340423e-18	
1.192558e-22	1.681628e-21	1.668305e-20	1.344474e-19	9.334745e-19	
8.165738e-23	1.155830e-21	1.151077e-20	9.312434e-20	6.491016e-19	
5.583250e-23	7.932818e-22	7.930422e-21	6.440660e-20	4.506844e-19	
3.812014e-23	5.436641e-22	5.455712e-21	4.447892e-20	3.124513e-19	
2.598948e-23	3.720518e-22	3.747744e-21	3.067149e-20	2.162929e-19	
1.769361e-23	2.542412e-22	2.570702e-21	2.111896e-20	1.495038e-19	
1.202849e-23	1.734835e-22	1.760748e-21	1.452002e-20	1.031841e-19	
8.165481e-24	1.182062e-22	1.204221e-21	9.968253e-21	7.110895e-20	
5.535132e-24	8.042515e-23	8.223917e-22	6.833266e-21	4.893127e-20	
3.746710e-24	5.464035e-23	5.608092e-22	4.677299e-21	3.362016e-20	
2.532491e-24	3.706850e-23	3.818699e-22	3.196831e-21	2.306557e-20	
1.709312e-24	2.511115e-23	2.596448e-22	2.181734e-21	1.580084e-20	
1.152048e-24	1.698627e-23	1.762820e-22	1.486764e-21	1.080806e-20	
7.753465e-25	1.147359e-23	1.195089e-22	1.011673e-21	7.381883e-21	
5.210708e-25	7.738754e-24	8.090157e-23	6.873797e-22	5.034294e-21	
3.496821e-25	5.212100e-24	5.468622e-23	4.663494e-22	3.428168e-21	
2.343289e-25	3.505295e-24	3.691162e-23	3.159254e-22	2.330977e-21	
1.568029e-25	2.354001e-24	2.487785e-23	2.137058e-22	1.582583e-21	
1.047751e-25	1.578552e-24	1.674277e-23	1.443467e-22	1.072871e-21	
6.990974e-26	1.057016e-24	1.125139e-23	9.735452e-23	7.262424e-22	
4.657933e-26	7.067637e-25	7.550049e-24	6.556383e-23	4.908724e-22	
3.099021e-26	4.718863e-25	5.058924e-24	4.408914e-23	3.312904e-22	
2.058883e-26	3.146089e-25	3.384788e-24	2.960453e-23	2.232557e-22	
1.365886e-26	2.094474e-25	2.261360e-24	1.984924e-23	1.502276e-22	
9.048425e-27	1.392353e-25	1.508596e-24	1.328890e-23	1.009370e-22	
5.985596e-27	9.242606e-26	1.004943e-24	8.883702e-24	6.771815e-23	
3.953826e-27	6.126464e-26	6.684589e-25	5.930051e-24	4.536425e-23	
2.607975e-27	4.055048e-26	4.439903e-25	3.952598e-24	3.034426e-23	
1.717770e-27	2.680110e-26	2.944676e-25	2.630672e-24	2.026720e-23	
1.129803e-27	1.768805e-26	1.950145e-25	1.748279e-24	1.351654e-23	
7.420203e-28	1.165676e-26	1.289620e-25	1.160152e-24	9.001018e-24	
4.866366e-28	7.670907e-27	8.515737e-26	7.687399e-25	5.985117e-24	
3.186908e-28	5.040645e-27	5.614980e-26	5.086326e-25	3.973824e-24	
2.084060e-28	3.307474e-27	3.696919e-26	3.360388e-25	2.634509e-24	
1.360901e-28	2.167092e-27	2.430510e-26	2.216844e-25	1.743997e-24	
8.873982e-29	1.417847e-27	1.595587e-26	1.460298e-25	1.152783e-24	
5.778118e-29	9.263010e-28	1.045947e-26	9.605248e-26	7.608596e-25	
3.756903e-29	6.042906e-28	6.846440e-27	6.308652e-26	5.014380e-25	
2.439211e-29	3.936502e-28	4.474926e-27	4.137381e-26	3.299786e-25	
1.581410e-29	2.560626e-28	2.920606e-27	2.709414e-26	2.168254e-25	
1.023801e-29	1.663232e-28	1.903383e-27	1.771685e-26	1.422625e-25	
6.618541e-30	1.078774e-28	1.238642e-27	1.156802e-26	9.320243e-26	
4.272526e-30	6.986814e-29	8.048806e-28	7.542107e-27	6.097056e-26	
2.754121e-30	4.518549e-29	5.222561e-28	4.910072e-27	3.982627e-26	
1.772789e-30	2.918032e-29	3.383779e-28	3.191865e-27	2.597620e-26	
1.139480e-30	1.881708e-29	2.189208e-28	2.071872e-27	1.691758e-26	
7.313621e-31	1.211673e-29	1.414290e-28	1.342898e-27	1.100165e-26	
4.687419e-31	7.790943e-30	9.123393e-29	8.691304e-28	7.143882e-27	
2.999929e-31	5.002255e-30	5.876801e-29	5.616797e-28	4.631993e-27	
1.917184e-31	3.207103e-30	3.780005e-29	3.624554e-28	2.998877e-27	
1.223468e-31	2.053201e-30	2.427786e-29	2.335514e-28	1.938683e-27	
7.796450e-32	1.312566e-30	1.557024e-29	1.502701e-28	1.251447e-27	
4.961090e-32	8.378808e-31	9.971193e-30	9.654393e-29	8.066321e-28	
3.152340e-32	5.340904e-31	6.376257e-30	6.193551e-29	5.191542e-28	
2.000160e-32	3.399528e-31	4.071472e-30	3.967499e-29	3.336376e-28	
1.267279e-32	2.160698e-31	2.595997e-30	2.537795e-29	2.140975e-28	
8.017808e-33	1.371327e-31	1.652814e-30	1.620910e-29	1.371849e-28	
5.065411e-33	8.690790e-32	1.050778e-30	1.033770e-29	8.777262e-29	
3.195579e-33	5.499829e-32	6.670603e-31	6.583423e-30	5.607511e-29	
2.013076e-33	3.475447e-32	4.228502e-31	4.186417e-30	3.577170e-29	
1.266329e-33	2.193025e-32	2.676549e-31	2.658252e-30	2.278597e-29	
7.954424e-34	1.381810e-32	1.691731e-31	1.685438e-30	1.449286e-29	
4.989381e-34	8.694099e-33	1.067714e-31	1.067069e-30	9.204482e-30	
3.125074e-34	5.462262e-33	6.728926e-32	6.745831e-31	5.837185e-30	
1.954564e-34	3.426826e-33	4.234521e-32	4.258354e-31	3.696294e-30	
1.220717e-34	2.146760e-33	2.660911e-32	2.684178e-31	2.337161e-30	
7.613004e-35	1.342909e-33	1.669644e-32	1.689446e-31	1.475604e-30	
4.741031e-35	8.388443e-34	1.046129e-32	1.061795e-31	9.302726e-31	
2.948257e-35	5.232244e-34	6.545071e-33	6.663476e-32	5.856121e-31	
1.830770e-35	3.258865e-34	4.088945e-33	4.175655e-32	3.681029e-31	
1.135214e-35	2.026827e-34	2.550797e-33	2.612835e-32	2.310405e-31	
7.029067e-36	1.258748e-34	1.588943e-33	1.632538e-32	1.447993e-31	
4.346036e-36	7.806075e-35	9.883455e-34	1.018541e-32	9.061597e-32	
2.683272e-36	4.833910e-35	6.138711e-34	6.345377e-33	5.662430e-32	
1.654291e-36	2.989072e-35	3.807269e-34	3.947303e-33	3.533140e-32	
1.018439e-36	1.845636e-35	2.357860e-34	2.451928e-33	2.201298e-32	
6.260855e-37	1.137962e-35	1.458111e-34	1.520824e-33	1.369484e-32	
3.843334e-37	7.006185e-36	9.003912e-35	9.419210e-34	8.507373e-33	
2.355908e-37	4.307322e-36	5.551880e-35	5.825246e-34	5.277086e-33	
1.442064e-37	2.644266e-36	3.418355e-35	3.597315e-34	3.268537e-33	
8.814268e-38	1.620970e-36	2.101661e-35	2.218233e-34	2.021497e-33	
5.379772e-38	9.922403e-37	1.290257e-35	1.365841e-34	1.248399e-33	
3.278817e-38	6.065001e-37	7.909670e-36	8.397653e-35	7.698291e-34	
1.995475e-38	3.701834e-37	4.841823e-36	5.155612e-35	4.740193e-34	
1.212694e-38	2.256188e-37	2.959564e-36	3.160583e-35	2.914464e-34	
7.359222e-39	1.373111e-37	1.806405e-36	1.934724e-35	1.789296e-34	
4.459523e-39	8.344654e-38	1.100959e-36	1.182594e-35	1.096900e-34	
2.698489e-39	5.063877e-38	6.700323e-37	7.218004e-36	6.714484e-35	
1.630529e-39	3.068529e-38	4.071823e-37	4.399097e-36	4.104116e-35	
9.838125e-40	1.856733e-38	2.470875e-37	2.677164e-36	2.504886e-35	
5.927504e-40	1.121866e-38	1.497205e-37	1.626865e-36	1.526573e-35	
3.566212e-40	6.768696e-39	9.059007e-38	9.871728e-37	9.289852e-36	
2.142487e-40	4.077943e-39	5.473292e-38	5.981362e-37	5.644968e-36	
1.285302e-40	2.453294e-39	3.302064e-38	3.618863e-37	3.425120e-36	
7.699592e-41	1.473773e-39	1.989259e-38	2.186299e-37	2.075161e-36	
4.605811e-41	8.840640e-40	1.196647e-38	1.318902e-37	1.255422e-36	
2.751188e-41	5.295528e-40	7.188024e-39	7.944759e-38	7.583846e-37	
1.641006e-41	3.167432e-40	4.311437e-39	4.778752e-38	4.574580e-37	
9.774081e-42	1.891811e-40	2.582282e-39	2.870211e-38	2.755338e-37	
5.813229e-42	1.128289e-40	1.544380e-39	1.721388e-38	1.657146e-37	
3.452508e-42	6.719483e-41	9.223038e-40	1.030883e-38	9.951964e-38	
2.047518e-42	3.995983e-41	5.500002e-40	6.164611e-39	5.967867e-38	
1.212541e-42	2.372924e-41	3.275072e-40	3.681016e-39	3.573483e-38	
7.170361e-43	1.407073e-41	1.947368e-40	2.194804e-39	2.136618e-38	
4.234103e-43	8.331477e-42	1.156231e-40	1.306741e-39	1.275629e-38	
2.496649e-43	4.926062e-42	6.855044e-41	7.768717e-40	7.604743e-39	
1.470041e-43	2.908374e-42	4.058310e-41	4.611849e-40	4.526967e-39	
8.643249e-44	1.714641e-42	2.399107e-41	2.733801e-40	2.690870e-39	
5.074584e-44	1.009413e-42	1.416196e-41	1.618173e-40	1.597133e-39	
2.975087e-44	5.933858e-43	8.347695e-42	9.564207e-41	9.465688e-40	
1.741705e-44	3.483197e-43	4.913367e-42	5.644679e-41	5.601782e-40	
1.018182e-44	2.041698e-43	2.887761e-42	3.326564e-41	3.310269e-40	
5.943631e-45	1.195027e-43	1.694778e-42	1.957577e-41	1.953275e-40	
3.464608e-45	6.984520e-44	9.931939e-43	1.150292e-41	1.150871e-40	
2.016658e-45	4.076318e-44	5.811989e-43	6.749377e-42	6.771005e-41	
1.172158e-45	2.375595e-44	3.396136e-43	3.954448e-42	3.977800e-41	
6.803237e-46	1.382450e-44	1.981596e-43	2.313527e-42	2.333436e-41	
3.942947e-46	8.033395e-45	1.154555e-43	1.351543e-42	1.366824e-41	
2.281929e-46	4.661457e-45	6.717137e-44	7.884090e-43	7.994521e-42	
1.318740e-46	2.700953e-45	3.902324e-44	4.592404e-43	4.669130e-42	
7.610124e-47	1.562734e-45	2.263770e-44	2.671132e-43	2.722971e-42	
4.385309e-47	9.028716e-46	1.311327e-44	1.551377e-43	1.585674e-42	
2.523390e-47	5.208824e-46	7.585070e-45	8.997175e-44	9.220370e-43	
1.449921e-47	3.000726e-46	4.381048e-45	5.210289e-44	5.353609e-43	
8.319174e-48	1.726179e-46	2.526774e-45	3.012898e-44	3.103908e-43	
4.766414e-48	9.915578e-47	1.455206e-45	1.739698e-44	1.796946e-43	
2.726962e-48	5.687524e-47	8.368601e-46	1.003068e-44	1.038784e-43	
1.557909e-48	3.257627e-47	4.805638e-46	5.775026e-45	5.996243e-44	
8.887528e-49	1.863169e-47	2.755620e-46	3.320050e-45	3.456189e-44	
5.062857e-49	1.064085e-47	1.577821e-46	1.905910e-45	1.989207e-44	
2.879957e-49	6.068385e-48	9.021235e-47	1.092515e-45	1.143211e-44	
1.635883e-49	3.455755e-48	5.150442e-47	6.253447e-46	6.560509e-45	
9.278850e-50	1.965105e-48	2.936251e-47	3.574200e-46	3.759351e-45	
5.255474e-50	1.115839e-48	1.671521e-47	2.039885e-46	2.151060e-45	
2.972387e-50	6.326892e-49	9.501691e-48	1.162518e-46	1.229014e-45	
1.678706e-50	3.582220e-49	5.393369e-48	6.615478e-47	7.011734e-46	
9.467159e-51	2.025290e-49	3.056959e-48	3.759154e-47	3.994466e-46	
5.331390e-51	1.143392e-49	1.730172e-48	2.132979e-47	2.272253e-46	
