1.963098e-17	1.158992e-17	7.718550e-18	5.960601e-18	5.149737e-18	4.759446e-18	4.562017e-18	4.457824e-18	4.401846e-18	4.373120e-18	4.362102e-18	4.365637e-18	4.385648e-18	4.430735e-18	4.522523e-18	4.714772e-18	5.158841e-18	6.386049e-18	1.081212e-17	
-4.547737e-03	-2.823585e-03	-1.754758e-03	-1.093194e-03	-6.853489e-04	-4.365669e-04	-2.891078e-04	-2.087477e-04	-1.768360e-04	-1.859661e-04	-2.382571e-04	-3.458453e-04	-5.337008e-04	-8.454230e-04	-1.353360e-03	-2.175398e-03	-3.502324e-03	-5.642106e-03	-9.091366e-03	
-9.100998e-03	-5.650598e-03	-3.511647e-03	-2.187715e-03	-1.371530e-03	-8.736640e-04	-5.785667e-04	-4.177489e-04	-3.538867e-04	-3.721580e-04	-4.768036e-04	-6.921107e-04	-1.068050e-03	-1.691873e-03	-2.708363e-03	-4.353438e-03	-7.008902e-03	-1.129106e-02	-1.819377e-02	
-1.366534e-02	-8.484491e-03	-5.272812e-03	-3.284900e-03	-2.059381e-03	-1.311825e-03	-8.687299e-04	-6.272588e-04	-5.313682e-04	-5.588030e-04	-7.159306e-04	-1.039219e-03	-1.603699e-03	-2.540382e-03	-4.066663e-03	-6.536777e-03	-1.052401e-02	-1.695377e-02	-2.731833e-02	
-1.824638e-02	-1.132876e-02	-7.040421e-03	-4.386100e-03	-2.749750e-03	-1.751589e-03	-1.159955e-03	-8.375353e-04	-7.094993e-04	-7.461311e-04	-9.559327e-04	-1.387597e-03	-2.141309e-03	-3.391997e-03	-5.429935e-03	-8.728107e-03	-1.405199e-02	-2.263720e-02	-3.647628e-02	
-2.284986e-02	-1.418695e-02	-8.816685e-03	-5.492692e-03	-3.443498e-03	-2.193506e-03	-1.452606e-03	-1.048841e-03	-8.885025e-04	-9.343764e-04	-1.197110e-03	-1.737681e-03	-2.681550e-03	-4.247781e-03	-6.799881e-03	-1.093017e-02	-1.759724e-02	-2.834845e-02	-4.567907e-02	
-2.748162e-02	-1.706270e-02	-1.060387e-02	-6.606085e-03	-4.141510e-03	-2.638140e-03	-1.747056e-03	-1.261446e-03	-1.068606e-03	-1.123779e-03	-1.439769e-03	-2.089916e-03	-3.225113e-03	-5.108826e-03	-8.178247e-03	-1.314576e-02	-2.116427e-02	-3.409481e-02	-5.493842e-02	
-3.214773e-02	-1.995978e-02	-1.240430e-02	-7.727731e-03	-4.844697e-03	-3.086069e-03	-2.043688e-03	-1.475627e-03	-1.250044e-03	-1.314585e-03	-1.684228e-03	-2.444763e-03	-3.772704e-03	-5.976253e-03	-9.566831e-03	-1.537778e-02	-2.475775e-02	-3.988376e-02	-6.426641e-02	
-3.685442e-02	-2.288206e-02	-1.422039e-02	-8.859136e-03	-5.554001e-03	-3.537896e-03	-2.342901e-03	-1.691671e-03	-1.433061e-03	-1.507051e-03	-1.930813e-03	-2.802697e-03	-4.325060e-03	-6.851226e-03	-1.096750e-02	-1.762921e-02	-2.838250e-02	-4.572308e-02	-7.367554e-02	
-4.160823e-02	-2.583358e-02	-1.605466e-02	-1.000187e-02	-6.270405e-03	-3.994245e-03	-2.645109e-03	-1.909878e-03	-1.617910e-03	-1.701444e-03	-2.179866e-03	-3.164213e-03	-4.882944e-03	-7.734958e-03	-1.238218e-02	-1.990318e-02	-3.204352e-02	-5.162085e-02	-8.317887e-02	
-4.641598e-02	-2.881860e-02	-1.790974e-02	-1.115756e-02	-6.994938e-03	-4.455772e-03	-2.950746e-03	-2.130560e-03	-1.804857e-03	-1.898042e-03	-2.431745e-03	-3.529832e-03	-5.447158e-03	-8.628717e-03	-1.381292e-02	-2.220296e-02	-3.574609e-02	-5.758553e-02	-9.279002e-02	
-5.128486e-02	-3.184158e-02	-1.978842e-02	-1.232795e-02	-7.728684e-03	-4.923167e-03	-3.260270e-03	-2.354049e-03	-1.994180e-03	-2.097141e-03	-2.686827e-03	-3.900099e-03	-6.018547e-03	-9.533840e-03	-1.526184e-02	-2.453197e-02	-3.949573e-02	-6.362606e-02	-1.025234e-01	
-5.622248e-02	-3.490723e-02	-2.169361e-02	-1.351487e-02	-8.472788e-03	-5.397162e-03	-3.574163e-03	-2.580693e-03	-2.186176e-03	-2.299050e-03	-2.945510e-03	-4.275595e-03	-6.598003e-03	-1.045174e-02	-1.673123e-02	-2.689387e-02	-4.329831e-02	-6.975187e-02	-1.123942e-01	
-6.123694e-02	-3.802059e-02	-2.362846e-02	-1.472025e-02	-9.228472e-03	-5.878532e-03	-3.892941e-03	-2.810864e-03	-2.381160e-03	-2.504101e-03	-3.208219e-03	-4.656933e-03	-7.186475e-03	-1.138393e-02	-1.822348e-02	-2.929252e-02	-4.716007e-02	-7.597301e-02	-1.224185e-01	
-6.633688e-02	-4.118703e-02	-2.559628e-02	-1.594619e-02	-9.997040e-03	-6.368109e-03	-4.217154e-03	-3.044959e-03	-2.579469e-03	-2.712648e-03	-3.475406e-03	-5.044772e-03	-7.784981e-03	-1.233201e-02	-1.974117e-02	-3.173207e-02	-5.108766e-02	-8.230021e-02	-1.326138e-01	
-7.153161e-02	-4.441232e-02	-2.760069e-02	-1.719490e-02	-1.077989e-02	-6.866785e-03	-4.547392e-03	-3.283404e-03	-2.781462e-03	-2.925071e-03	-3.747559e-03	-5.439820e-03	-8.394609e-03	-1.329771e-02	-2.128707e-02	-3.421695e-02	-5.508825e-02	-8.874500e-02	-1.429986e-01	
-7.683116e-02	-4.770268e-02	-2.964553e-02	-1.846882e-02	-1.157854e-02	-7.375522e-03	-4.884293e-03	-3.526661e-03	-2.987532e-03	-3.141780e-03	-4.025204e-03	-5.842838e-03	-9.016538e-03	-1.428289e-02	-2.286416e-02	-3.675197e-02	-5.916956e-02	-9.531983e-02	-1.535929e-01	
-8.224639e-02	-5.106487e-02	-3.173502e-02	-1.977054e-02	-1.239462e-02	-7.895366e-03	-5.228549e-03	-3.775228e-03	-3.198100e-03	-3.363220e-03	-4.308909e-03	-6.254655e-03	-9.652045e-03	-1.528958e-02	-2.447568e-02	-3.934234e-02	-6.333997e-02	-1.020382e-01	-1.644185e-01	
-8.778916e-02	-5.450625e-02	-3.387371e-02	-2.110292e-02	-1.322992e-02	-8.427453e-03	-5.580913e-03	-4.029649e-03	-3.413627e-03	-3.589875e-03	-4.599297e-03	-6.676170e-03	-1.030252e-02	-1.631998e-02	-2.612515e-02	-4.199371e-02	-6.760859e-02	-1.089148e-01	-1.754990e-01	
-9.347243e-02	-5.803486e-02	-3.606662e-02	-2.246908e-02	-1.408640e-02	-8.973027e-03	-5.942209e-03	-4.290519e-03	-3.634618e-03	-3.822275e-03	-4.897045e-03	-7.108370e-03	-1.096948e-02	-1.737650e-02	-2.781643e-02	-4.471228e-02	-7.198542e-02	-1.159657e-01	-1.868604e-01	
-9.931044e-02	-6.165955e-02	-3.831923e-02	-2.387243e-02	-1.496619e-02	-9.533456e-03	-6.313342e-03	-4.558493e-03	-3.861625e-03	-4.061003e-03	-5.202900e-03	-7.552338e-03	-1.165460e-02	-1.846178e-02	-2.955376e-02	-4.750488e-02	-7.648142e-02	-1.232085e-01	-1.985312e-01	
-1.053189e-01	-6.539008e-02	-4.063763e-02	-2.531677e-02	-1.587168e-02	-1.011025e-02	-6.695312e-03	-4.834291e-03	-4.095262e-03	-4.306702e-03	-5.517686e-03	-8.009271e-03	-1.235973e-02	-1.957876e-02	-3.134183e-02	-5.037903e-02	-8.110870e-02	-1.306629e-01	-2.105427e-01	
-1.115154e-01	-6.923730e-02	-4.302853e-02	-2.680627e-02	-1.680548e-02	-1.070508e-02	-7.089230e-03	-5.118716e-03	-4.336206e-03	-4.560086e-03	-5.842318e-03	-8.480495e-03	-1.308691e-02	-2.073067e-02	-3.318582e-02	-5.334307e-02	-8.588072e-02	-1.383504e-01	-2.229299e-01	
-1.179192e-01	-7.321327e-02	-4.549946e-02	-2.834563e-02	-1.777054e-02	-1.131983e-02	-7.496331e-03	-5.412659e-03	-4.585213e-03	-4.821950e-03	-6.177815e-03	-8.967489e-03	-1.383843e-02	-2.192114e-02	-3.509152e-02	-5.640631e-02	-9.081244e-02	-1.462953e-01	-2.357318e-01	
-1.245521e-01	-7.733152e-02	-4.805881e-02	-2.994007e-02	-1.877014e-02	-1.195657e-02	-7.918000e-03	-5.717122e-03	-4.843132e-03	-5.093185e-03	-6.525317e-03	-9.471911e-03	-1.461684e-02	-2.315420e-02	-3.706542e-02	-5.957917e-02	-9.592065e-02	-1.545244e-01	-2.489917e-01	
-1.314388e-01	-8.160727e-02	-5.071604e-02	-3.159550e-02	-1.980796e-02	-1.261766e-02	-8.355796e-03	-6.033229e-03	-5.110915e-03	-5.374794e-03	-6.886110e-03	-9.995625e-03	-1.542503e-02	-2.443443e-02	-3.911482e-02	-6.287337e-02	-1.012242e-01	-1.630682e-01	-2.627587e-01	
-1.386068e-01	-8.605775e-02	-5.348185e-02	-3.331857e-02	-2.088819e-02	-1.330577e-02	-8.811481e-03	-6.362252e-03	-5.389640e-03	-5.667910e-03	-7.261646e-03	-1.054074e-02	-1.626623e-02	-2.576696e-02	-4.124795e-02	-6.630219e-02	-1.067445e-01	-1.719612e-01	-2.770884e-01	
-1.460878e-01	-9.070252e-02	-5.636841e-02	-3.511686e-02	-2.201559e-02	-1.402392e-02	-9.287061e-03	-6.705641e-03	-5.680533e-03	-5.973822e-03	-7.653577e-03	-1.110965e-02	-1.714417e-02	-2.715768e-02	-4.347422e-02	-6.988070e-02	-1.125058e-01	-1.812424e-01	-2.920436e-01	
-1.539178e-01	-9.556399e-02	-5.938964e-02	-3.699905e-02	-2.319558e-02	-1.477557e-02	-9.784829e-03	-7.065049e-03	-5.984998e-03	-6.294007e-03	-8.063793e-03	-1.170511e-02	-1.806306e-02	-2.861327e-02	-4.580435e-02	-7.362616e-02	-1.185359e-01	-1.909566e-01	-3.076965e-01	
-1.621383e-01	-1.006679e-01	-6.256155e-02	-3.897511e-02	-2.443442e-02	-1.556471e-02	-1.030742e-02	-7.442382e-03	-6.304647e-03	-6.630160e-03	-8.494467e-03	-1.233026e-02	-1.902778e-02	-3.014146e-02	-4.825068e-02	-7.755841e-02	-1.248667e-01	-2.011553e-01	-3.241301e-01	
-1.707973e-01	-1.060441e-01	-6.590265e-02	-4.105658e-02	-2.573934e-02	-1.639594e-02	-1.085789e-02	-7.839843e-03	-6.641347e-03	-6.984244e-03	-8.948115e-03	-1.298876e-02	-2.004396e-02	-3.175117e-02	-5.082751e-02	-8.170043e-02	-1.315352e-01	-2.118980e-01	-3.414403e-01	
-1.799508e-01	-1.117273e-01	-6.943454e-02	-4.325691e-02	-2.711878e-02	-1.727465e-02	-1.143979e-02	-8.260000e-03	-6.997274e-03	-7.358547e-03	-9.427667e-03	-1.368486e-02	-2.111817e-02	-3.345279e-02	-5.355149e-02	-8.607896e-02	-1.385845e-01	-2.232542e-01	-3.597389e-01	
-1.896643e-01	-1.177582e-01	-7.318255e-02	-4.559187e-02	-2.858262e-02	-1.820711e-02	-1.205730e-02	-8.705866e-03	-7.374980e-03	-7.755754e-03	-9.936563e-03	-1.442355e-02	-2.225810e-02	-3.525854e-02	-5.644214e-02	-9.072541e-02	-1.460652e-01	-2.353052e-01	-3.791573e-01	
-2.000156e-01	-1.241850e-01	-7.717661e-02	-4.808012e-02	-3.014256e-02	-1.920080e-02	-1.271535e-02	-9.181004e-03	-7.777482e-03	-8.179038e-03	-1.047887e-02	-1.521074e-02	-2.347288e-02	-3.718284e-02	-5.952257e-02	-9.567691e-02	-1.540369e-01	-2.481474e-01	-3.998504e-01	
-2.110970e-01	-1.310653e-01	-8.145242e-02	-5.074391e-02	-3.181255e-02	-2.026458e-02	-1.341981e-02	-9.689659e-03	-8.208378e-03	-8.632181e-03	-1.105943e-02	-1.605346e-02	-2.477334e-02	-3.924288e-02	-6.282030e-02	-1.009777e-01	-1.625710e-01	-2.618955e-01	-4.220033e-01	
-2.230199e-01	-1.384679e-01	-8.605291e-02	-5.360996e-02	-3.360935e-02	-2.140913e-02	-1.417777e-02	-1.023694e-02	-8.671992e-03	-9.119732e-03	-1.168407e-02	-1.696017e-02	-2.617256e-02	-4.145934e-02	-6.636843e-02	-1.066810e-01	-1.717531e-01	-2.766875e-01	-4.458384e-01	
-2.359194e-01	-1.464769e-01	-9.103020e-02	-5.671075e-02	-3.555331e-02	-2.264744e-02	-1.499782e-02	-1.082904e-02	-9.173579e-03	-9.647216e-03	-1.235988e-02	-1.794114e-02	-2.768638e-02	-4.385734e-02	-7.020717e-02	-1.128514e-01	-1.816873e-01	-2.926911e-01	-4.716256e-01	
-2.499612e-01	-1.551951e-01	-9.644827e-02	-6.008614e-02	-3.766942e-02	-2.399540e-02	-1.589048e-02	-1.147358e-02	-9.719586e-03	-1.022141e-02	-1.309553e-02	-1.900899e-02	-2.933425e-02	-4.646771e-02	-7.438586e-02	-1.195682e-01	-1.925013e-01	-3.101119e-01	-4.996965e-01	
-2.653513e-01	-1.647505e-01	-1.023866e-01	-6.378565e-02	-3.998873e-02	-2.547280e-02	-1.686885e-02	-1.218001e-02	-1.031802e-02	-1.085075e-02	-1.390182e-02	-2.017938e-02	-3.114036e-02	-4.932873e-02	-7.896580e-02	-1.269301e-01	-2.043536e-01	-3.292055e-01	-5.304628e-01	
-2.823489e-01	-1.753039e-01	-1.089452e-01	-6.787155e-02	-4.255028e-02	-2.710450e-02	-1.794942e-02	-1.296022e-02	-1.097896e-02	-1.154581e-02	-1.479233e-02	-2.147200e-02	-3.313512e-02	-5.248857e-02	-8.402410e-02	-1.350608e-01	-2.174438e-01	-3.502934e-01	-5.644426e-01	
-3.012849e-01	-1.870608e-01	-1.162517e-01	-7.242343e-02	-4.540396e-02	-2.892230e-02	-1.915322e-02	-1.382941e-02	-1.171528e-02	-1.232014e-02	-1.578439e-02	-2.291205e-02	-3.535736e-02	-5.600877e-02	-8.965927e-02	-1.441188e-01	-2.320269e-01	-3.737862e-01	-6.022975e-01	
-3.225891e-01	-2.002881e-01	-1.244720e-01	-7.754458e-02	-4.861453e-02	-3.096743e-02	-2.050756e-02	-1.480731e-02	-1.254368e-02	-1.319131e-02	-1.690053e-02	-2.453218e-02	-3.785752e-02	-5.996922e-02	-9.599918e-02	-1.543096e-01	-2.484338e-01	-4.002170e-01	-6.448867e-01	
-3.468303e-01	-2.153389e-01	-1.338255e-01	-8.337171e-02	-5.226769e-02	-3.329449e-02	-2.204862e-02	-1.592001e-02	-1.348628e-02	-1.418258e-02	-1.817053e-02	-2.637567e-02	-4.070235e-02	-6.447564e-02	-1.032131e-01	-1.659053e-01	-2.671025e-01	-4.302916e-01	-6.933471e-01	
-3.747775e-01	-2.326907e-01	-1.446090e-01	-9.008973e-02	-5.647937e-02	-3.597733e-02	-2.382527e-02	-1.720283e-02	-1.457299e-02	-1.532540e-02	-1.963469e-02	-2.850100e-02	-4.398210e-02	-6.967103e-02	-1.115299e-01	-1.792738e-01	-2.886254e-01	-4.649641e-01	-7.492164e-01	
-4.074980e-01	-2.530060e-01	-1.572343e-01	-9.795514e-02	-6.141038e-02	-3.911838e-02	-2.590537e-02	-1.870475e-02	-1.584531e-02	-1.666341e-02	-2.134892e-02	-3.098931e-02	-4.782202e-02	-7.575375e-02	-1.212672e-01	-1.949255e-01	-3.138242e-01	-5.055584e-01	-8.146278e-01	
-4.465171e-01	-2.772321e-01	-1.722900e-01	-1.073346e-01	-6.729062e-02	-4.286409e-02	-2.838589e-02	-2.049578e-02	-1.736254e-02	-1.825898e-02	-2.339315e-02	-3.395664e-02	-5.240113e-02	-8.300740e-02	-1.328789e-01	-2.135903e-01	-3.438738e-01	-5.539672e-01	-8.926308e-01	
-4.940956e-01	-3.067725e-01	-1.906483e-01	-1.187716e-01	-7.446074e-02	-4.743145e-02	-3.141054e-02	-2.267970e-02	-1.921260e-02	-2.020456e-02	-2.588580e-02	-3.757487e-02	-5.798471e-02	-9.185223e-02	-1.470378e-01	-2.363493e-01	-3.805152e-01	-6.129949e-01	-9.877448e-01	
-5.537343e-01	-3.438008e-01	-2.136600e-01	-1.331077e-01	-8.344835e-02	-5.315655e-02	-3.520187e-02	-2.541720e-02	-2.153161e-02	-2.264330e-02	-2.901028e-02	-4.211026e-02	-6.498362e-02	-1.029390e-01	-1.647856e-01	-2.648773e-01	-4.264444e-01	-6.869850e-01	-1.106968e+00	
-6.311621e-01	-3.918739e-01	-2.435358e-01	-1.517199e-01	-9.511680e-02	-6.058935e-02	-4.012410e-02	-2.897125e-02	-2.454235e-02	-2.580948e-02	-3.306674e-02	-4.799847e-02	-7.407017e-02	-1.173328e-01	-1.878273e-01	-3.019146e-01	-4.860734e-01	-7.830451e-01	-1.261754e+00	
-7.364481e-01	-4.572435e-01	-2.841607e-01	-1.770288e-01	-1.109835e-01	-7.069644e-02	-4.681732e-02	-3.380403e-02	-2.863633e-02	-3.011484e-02	-3.858270e-02	-5.600524e-02	-8.642604e-02	-1.369055e-01	-2.191593e-01	-3.522779e-01	-5.671568e-01	-9.136672e-01	-1.472231e+00	
-8.890779e-01	-5.520078e-01	-3.430534e-01	-2.137182e-01	-1.339850e-01	-8.534837e-02	-5.652027e-02	-4.080996e-02	-3.457124e-02	-3.635618e-02	-4.657902e-02	-6.761240e-02	-1.043379e-01	-1.652793e-01	-2.645804e-01	-4.252880e-01	-6.847008e-01	-1.103026e+00	-1.777352e+00	
-1.132333e+00	-7.030390e-01	-4.369139e-01	-2.721922e-01	-1.706437e-01	-1.087000e-01	-7.198440e-02	-5.197570e-02	-4.403005e-02	-4.630334e-02	-5.932319e-02	-8.611137e-02	-1.328852e-01	-2.105003e-01	-3.369705e-01	-5.416482e-01	-8.720371e-01	-1.404817e+00	-2.263642e+00	
-1.585604e+00	-9.844649e-01	-6.118102e-01	-3.811506e-01	-2.389523e-01	-1.522125e-01	-1.007997e-01	-7.278152e-02	-6.165524e-02	-6.483853e-02	-8.307021e-02	-1.205817e-01	-1.860790e-01	-2.947634e-01	-4.718594e-01	-7.584695e-01	-1.221113e+00	-1.967165e+00	-3.169776e+00	
-2.743069e+00	-1.703108e+00	-1.058422e+00	-6.593842e-01	-4.133835e-01	-2.633251e-01	-1.743818e-01	-1.259108e-01	-1.066626e-01	-1.121696e-01	-1.437101e-01	-2.086043e-01	-3.219136e-01	-5.099358e-01	-8.163091e-01	-1.312140e+00	-2.112505e+00	-3.403162e+00	-5.483660e+00	
-1.230928e+01	-7.642543e+00	-4.749571e+00	-2.958927e+00	-1.855021e+00	-1.181647e+00	-7.825225e-01	-5.650135e-01	-4.786385e-01	-5.033509e-01	-6.448861e-01	-9.360930e-01	-1.444558e+00	-2.288291e+00	-3.663113e+00	-5.888108e+00	-9.479675e+00	-1.527138e+01	-2.460743e+01	
4.468702e+00	2.774514e+00	1.724262e+00	1.074195e+00	6.734383e-01	4.289798e-01	2.840834e-01	2.051199e-01	1.737627e-01	1.827342e-01	2.341165e-01	3.398349e-01	5.244256e-01	8.307304e-01	1.329840e+00	2.137592e+00	3.441458e+00	5.544052e+00	8.933367e+00	
1.797369e+00	1.115945e+00	6.935201e-01	4.320549e-01	2.708654e-01	1.725411e-01	1.142619e-01	8.250182e-02	6.988957e-02	7.349801e-02	9.416461e-02	1.366859e-01	2.109306e-01	3.341303e-01	5.348784e-01	8.597664e-01	1.384198e+00	2.229888e+00	3.593113e+00	
1.081830e+00	6.716834e-01	4.174275e-01	2.600525e-01	1.630330e-01	1.038519e-01	6.877389e-02	4.965758e-02	4.206631e-02	4.423821e-02	5.667737e-02	8.227080e-02	1.269585e-01	2.011120e-01	3.219416e-01	5.174906e-01	8.331442e-01	1.342162e+00	2.162683e+00	
7.471219e-01	4.638706e-01	2.882792e-01	1.795946e-01	1.125921e-01	7.172109e-02	4.749587e-02	3.429397e-02	2.905137e-02	3.055131e-02	3.914191e-02	5.681696e-02	8.767866e-02	1.388897e-01	2.223357e-01	3.573837e-01	5.753769e-01	9.269095e-01	1.493569e+00	
5.513192e-01	3.423013e-01	2.127282e-01	1.325271e-01	8.308439e-02	5.292471e-02	3.504834e-02	2.530635e-02	2.143770e-02	2.254455e-02	2.888375e-02	4.192660e-02	6.470019e-02	1.024901e-01	1.640669e-01	2.637220e-01	4.245845e-01	6.839888e-01	1.102140e+00	
4.214837e-01	2.616894e-01	1.626307e-01	1.013170e-01	6.351805e-02	4.046096e-02	2.679447e-02	1.934671e-02	1.638913e-02	1.723531e-02	2.208164e-02	3.205290e-02	4.946332e-02	7.835369e-02	1.254292e-01	2.016156e-01	3.245950e-01	5.229096e-01	8.425865e-01	
3.280354e-01	2.036695e-01	1.265734e-01	7.885376e-02	4.943528e-02	3.149025e-02	2.085379e-02	1.505730e-02	1.275545e-02	1.341402e-02	1.718586e-02	2.494636e-02	3.849667e-02	6.098168e-02	9.761994e-02	1.569148e-01	2.526281e-01	4.069739e-01	6.557743e-01	
2.566891e-01	1.593723e-01	9.904425e-02	6.170341e-02	3.868332e-02	2.464125e-02	1.631818e-02	1.178240e-02	9.981196e-03	1.049653e-02	1.344801e-02	1.952063e-02	3.012381e-02	4.771842e-02	7.638802e-02	1.227865e-01	1.976826e-01	3.184588e-01	5.131462e-01	
1.996870e-01	1.239810e-01	7.704984e-02	4.800115e-02	3.009305e-02	1.916926e-02	1.269446e-02	9.165923e-03	7.764707e-03	8.165603e-03	1.046166e-02	1.518576e-02	2.343432e-02	3.712176e-02	5.942480e-02	9.551975e-02	1.537839e-01	2.477398e-01	3.991937e-01	
1.524394e-01	9.464608e-02	5.881920e-02	3.664367e-02	2.297278e-02	1.463365e-02	9.690844e-03	6.997188e-03	5.927511e-03	6.233552e-03	7.986339e-03	1.159268e-02	1.788956e-02	2.833844e-02	4.536439e-02	7.291897e-02	1.173973e-01	1.891225e-01	3.047410e-01	
1.120431e-01	6.956497e-02	4.323217e-02	2.693314e-02	1.688502e-02	1.075575e-02	7.122780e-03	5.142941e-03	4.356727e-03	4.581667e-03	5.869968e-03	8.520630e-03	1.314885e-02	2.082878e-02	3.334287e-02	5.359552e-02	8.628716e-02	1.390052e-01	2.239850e-01	
7.655778e-02	4.753295e-02	2.954005e-02	1.840311e-02	1.153734e-02	7.349280e-03	4.866915e-03	3.514113e-03	2.976902e-03	3.130601e-03	4.010882e-03	5.822049e-03	8.984457e-03	1.423207e-02	2.278281e-02	3.662121e-02	5.895903e-02	9.498067e-02	1.530464e-01	
4.462148e-02	2.770444e-02	1.721733e-02	1.072620e-02	6.724506e-03	4.283506e-03	2.836667e-03	2.048190e-03	1.735079e-03	1.824662e-03	2.337731e-03	3.393364e-03	5.236565e-03	8.295120e-03	1.327889e-02	2.134456e-02	3.436410e-02	5.535921e-02	8.920265e-02	
1.523304e-02	9.457841e-03	5.877714e-03	3.661747e-03	2.295636e-03	1.462319e-03	9.683915e-04	6.992186e-04	5.923274e-04	6.229095e-04	7.980629e-04	1.158439e-03	1.787677e-03	2.831818e-03	4.533195e-03	7.286683e-03	1.173134e-02	1.889872e-02	3.045232e-02	
-1.237903e-02	-7.685852e-03	-4.776486e-03	-2.975695e-03	-1.865533e-03	-1.188344e-03	-7.869570e-04	-5.682153e-04	-4.813509e-04	-5.062033e-04	-6.485406e-04	-9.413977e-04	-1.452744e-03	-2.301258e-03	-3.683871e-03	-5.921475e-03	-9.533395e-03	-1.535792e-02	-2.474687e-02	
-3.884020e-02	-2.411498e-02	-1.498661e-02	-9.336481e-03	-5.853260e-03	-3.728523e-03	-2.469141e-03	-1.782821e-03	-1.510277e-03	-1.588254e-03	-2.034848e-03	-2.953711e-03	-4.558101e-03	-7.220382e-03	-1.155844e-02	-1.857910e-02	-2.991179e-02	-4.818672e-02	-7.764531e-02	
-6.468701e-02	-4.016266e-02	-2.495968e-02	-1.554959e-02	-9.748402e-03	-6.209727e-03	-4.112268e-03	-2.969227e-03	-2.515314e-03	-2.645181e-03	-3.388969e-03	-4.919303e-03	-7.591359e-03	-1.202530e-02	-1.925019e-02	-3.094285e-02	-4.981706e-02	-8.025331e-02	-1.293156e-01	
-9.040946e-02	-5.613313e-02	-3.488476e-02	-2.173280e-02	-1.362480e-02	-8.678992e-03	-5.747490e-03	-4.149925e-03	-3.515516e-03	-3.697024e-03	-4.736575e-03	-6.875438e-03	-1.061002e-02	-1.680709e-02	-2.690492e-02	-4.324712e-02	-6.962655e-02	-1.121656e-01	-1.807372e-01	
-1.164862e-01	-7.232356e-02	-4.494654e-02	-2.800117e-02	-1.755459e-02	-1.118227e-02	-7.405233e-03	-5.346883e-03	-4.529493e-03	-4.763353e-03	-6.102740e-03	-8.858514e-03	-1.367026e-02	-2.165474e-02	-3.466508e-02	-5.572084e-02	-8.970886e-02	-1.445174e-01	-2.328671e-01	
-1.434178e-01	-8.904481e-02	-5.533820e-02	-3.447505e-02	-2.161322e-02	-1.376761e-02	-9.117328e-03	-6.583086e-03	-5.576714e-03	-5.864643e-03	-7.513698e-03	-1.090661e-02	-1.683084e-02	-2.666133e-02	-4.267967e-02	-6.860353e-02	-1.104496e-01	-1.779300e-01	-2.867061e-01	
-1.717640e-01	-1.066443e-01	-6.627566e-02	-4.128896e-02	-2.588502e-02	-1.648874e-02	-1.091934e-02	-7.884216e-03	-6.678937e-03	-7.023774e-03	-8.998760e-03	-1.306227e-02	-2.015741e-02	-3.193088e-02	-5.111519e-02	-8.216284e-02	-1.322797e-01	-2.130973e-01	-3.433728e-01	
-2.021890e-01	-1.255344e-01	-7.801523e-02	-4.860257e-02	-3.047010e-02	-1.940944e-02	-1.285351e-02	-9.280766e-03	-7.861994e-03	-8.267912e-03	-1.059273e-02	-1.537602e-02	-2.372794e-02	-3.758687e-02	-6.016935e-02	-9.671655e-02	-1.557107e-01	-2.508438e-01	-4.041953e-01	
-2.355257e-01	-1.462324e-01	-9.087828e-02	-5.661610e-02	-3.549397e-02	-2.260964e-02	-1.497279e-02	-1.081097e-02	-9.158269e-03	-9.631116e-03	-1.233925e-02	-1.791120e-02	-2.764017e-02	-4.378415e-02	-7.009000e-02	-1.126631e-01	-1.813841e-01	-2.922026e-01	-4.708385e-01	
-2.728709e-01	-1.694192e-01	-1.052880e-01	-6.559322e-02	-4.112194e-02	-2.619465e-02	-1.734689e-02	-1.252517e-02	-1.061042e-02	-1.115824e-02	-1.429578e-02	-2.075122e-02	-3.202283e-02	-5.072661e-02	-8.120355e-02	-1.305270e-01	-2.101446e-01	-3.385346e-01	-5.454952e-01	
-3.157378e-01	-1.960343e-01	-1.218284e-01	-7.589766e-02	-4.758203e-02	-3.030973e-02	-2.007202e-02	-1.449282e-02	-1.227727e-02	-1.291115e-02	-1.654159e-02	-2.401116e-02	-3.705349e-02	-5.869557e-02	-9.396032e-02	-1.510323e-01	-2.431575e-01	-3.917171e-01	-6.311904e-01	
-3.663138e-01	-2.274357e-01	-1.413433e-01	-8.805520e-02	-5.520388e-02	-3.516484e-02	-2.328722e-02	-1.681433e-02	-1.424388e-02	-1.497930e-02	-1.919127e-02	-2.785735e-02	-4.298884e-02	-6.809762e-02	-1.090112e-01	-1.752252e-01	-2.821073e-01	-4.544636e-01	-7.322966e-01	
-4.279235e-01	-2.656877e-01	-1.651156e-01	-1.028651e-01	-6.448853e-02	-4.107916e-02	-2.720386e-02	-1.964230e-02	-1.663954e-02	-1.749865e-02	-2.241902e-02	-3.254263e-02	-5.021906e-02	-7.955085e-02	-1.273456e-01	-2.046960e-01	-3.295544e-01	-5.308991e-01	-8.554603e-01	
-5.059236e-01	-3.141162e-01	-1.952121e-01	-1.216149e-01	-7.624323e-02	-4.856690e-02	-3.216246e-02	-2.322262e-02	-1.967253e-02	-2.068823e-02	-2.650547e-02	-3.847436e-02	-5.937278e-02	-9.405105e-02	-1.505576e-01	-2.420072e-01	-3.896242e-01	-6.276692e-01	-1.011390e+00	
-6.095858e-01	-3.784777e-01	-2.352105e-01	-1.465334e-01	-9.186523e-02	-5.851810e-02	-3.875245e-02	-2.798087e-02	-2.370337e-02	-2.492718e-02	-3.193635e-02	-4.635764e-02	-7.153808e-02	-1.133218e-01	-1.814064e-01	-2.915937e-01	-4.694570e-01	-7.562767e-01	-1.218621e+00	
-7.565348e-01	-4.697149e-01	-2.919112e-01	-1.818573e-01	-1.140106e-01	-7.262470e-02	-4.809427e-02	-3.472604e-02	-2.941739e-02	-3.093622e-02	-3.963505e-02	-5.753279e-02	-8.878333e-02	-1.406396e-01	-2.251370e-01	-3.618864e-01	-5.826261e-01	-9.385876e-01	-1.512386e+00	
-9.849773e-01	-6.115495e-01	-3.800564e-01	-2.367707e-01	-1.484371e-01	-9.455437e-02	-6.261676e-02	-4.521188e-02	-3.830023e-02	-4.027769e-02	-5.160321e-02	-7.490533e-02	-1.155922e-01	-1.831070e-01	-2.931191e-01	-4.711612e-01	-7.585552e-01	-1.222002e+00	-1.969065e+00	
-1.396275e+00	-8.669150e-01	-5.387570e-01	-3.356393e-01	-2.104202e-01	-1.340376e-01	-8.876371e-02	-6.409106e-02	-5.429330e-02	-5.709650e-02	-7.315123e-02	-1.061836e-01	-1.638602e-01	-2.595672e-01	-4.155171e-01	-6.679045e-01	-1.075306e+00	-1.732275e+00	-2.791289e+00	
-2.377713e+00	-1.476267e+00	-9.174478e-01	-5.715593e-01	-3.583240e-01	-2.282522e-01	-1.511555e-01	-1.091405e-01	-9.245591e-02	-9.722946e-02	-1.245690e-01	-1.808198e-01	-2.790371e-01	-4.420162e-01	-7.075829e-01	-1.137373e+00	-1.831136e+00	-2.949887e+00	-4.753278e+00	
-8.025826e+00	-4.983049e+00	-3.096789e+00	-1.929263e+00	-1.209501e+00	-7.704512e-01	-5.102161e-01	-3.683970e-01	-3.120793e-01	-3.281921e-01	-4.204751e-01	-6.103462e-01	-9.418727e-01	-1.491999e+00	-2.388403e+00	-3.839132e+00	-6.180886e+00	-9.957163e+00	-1.604440e+01	
5.698772e+00	3.538235e+00	2.198888e+00	1.369882e+00	8.588110e-01	5.470622e-01	3.622811e-01	2.615818e-01	2.215932e-01	2.330342e-01	2.985601e-01	4.333789e-01	6.687807e-01	1.059400e+00	1.695896e+00	2.725992e+00	4.388764e+00	7.070126e+00	1.139239e+01	
2.068066e+00	1.284014e+00	7.979693e-01	4.971256e-01	3.116597e-01	1.985271e-01	1.314706e-01	9.492720e-02	8.041545e-02	8.456735e-02	1.083465e-01	1.572718e-01	2.426983e-01	3.844528e-01	6.154350e-01	9.892536e-01	1.592668e+00	2.565726e+00	4.134263e+00	
1.243996e+00	7.723685e-01	4.799997e-01	2.990342e-01	1.874716e-01	1.194193e-01	7.908307e-02	5.710123e-02	4.837203e-02	5.086950e-02	6.517329e-02	9.460316e-02	1.459895e-01	2.312586e-01	3.702005e-01	5.950623e-01	9.580322e-01	1.543352e+00	2.486869e+00	
8.761918e-01	5.440072e-01	3.380812e-01	2.106206e-01	1.320430e-01	8.411135e-02	5.570107e-02	4.021847e-02	3.407018e-02	3.582924e-02	4.590391e-02	6.663244e-02	1.028257e-01	1.628838e-01	2.607456e-01	4.191240e-01	6.747769e-01	1.087039e+00	1.751592e+00	
6.659174e-01	4.134527e-01	2.569462e-01	1.600745e-01	1.003545e-01	6.392574e-02	4.233356e-02	3.056657e-02	2.589379e-02	2.723070e-02	3.488758e-02	5.064154e-02	7.814890e-02	1.237938e-01	1.981701e-01	3.185398e-01	5.128394e-01	8.261640e-01	1.331233e+00	
5.284778e-01	3.281196e-01	2.039148e-01	1.270365e-01	7.964218e-02	5.073203e-02	3.359628e-02	2.425790e-02	2.054953e-02	2.161052e-02	2.768709e-02	4.018956e-02	6.201964e-02	9.824387e-02	1.572695e-01	2.527959e-01	4.069938e-01	6.556509e-01	1.056478e+00	
4.306316e-01	2.673692e-01	1.661605e-01	1.035160e-01	6.489665e-02	4.133913e-02	2.737602e-02	1.976661e-02	1.674484e-02	1.760939e-02	2.256090e-02	3.274858e-02	5.053688e-02	8.005429e-02	1.281515e-01	2.059915e-01	3.316400e-01	5.342589e-01	8.608742e-01	
3.566606e-01	2.214423e-01	1.376186e-01	8.573476e-02	5.374914e-02	3.423817e-02	2.267355e-02	1.637124e-02	1.386853e-02	1.458457e-02	1.868554e-02	2.712325e-02	4.185599e-02	6.630310e-02	1.061385e-01	1.706076e-01	2.746731e-01	4.424875e-01	7.129990e-01	
2.981603e-01	1.851208e-01	1.150461e-01	7.167234e-02	4.493308e-02	2.862235e-02	1.895458e-02	1.368599e-02	1.159378e-02	1.219237e-02	1.562070e-02	2.267443e-02	3.499068e-02	5.542791e-02	8.872943e-02	1.426242e-01	2.296206e-01	3.699097e-01	5.960512e-01	
2.502226e-01	1.553574e-01	9.654912e-02	6.014897e-02	3.770881e-02	2.402049e-02	1.590709e-02	1.148558e-02	9.729749e-03	1.023210e-02	1.310922e-02	1.902887e-02	2.936493e-02	4.651630e-02	7.446365e-02	1.196933e-01	1.927025e-01	3.104362e-01	5.002190e-01	
2.097824e-01	1.302490e-01	8.094518e-02	5.042790e-02	3.161444e-02	2.013838e-02	1.333624e-02	9.629316e-03	8.157260e-03	8.578424e-03	1.099056e-02	1.595349e-02	2.461907e-02	3.899849e-02	6.242908e-02	1.003489e-01	1.615586e-01	2.602645e-01	4.193753e-01	
1.748211e-01	1.085424e-01	6.745525e-02	4.202383e-02	2.634573e-02	1.678222e-02	1.111369e-02	8.024541e-03	6.797811e-03	7.148785e-03	9.158923e-03	1.329476e-02	2.051617e-02	3.249919e-02	5.202495e-02	8.362520e-02	1.346340e-01	2.168901e-01	3.494843e-01	
1.439485e-01	8.937431e-02	5.554297e-02	3.460262e-02	2.169320e-02	1.381856e-02	9.151065e-03	6.607446e-03	5.597350e-03	5.886344e-03	7.541501e-03	1.094697e-02	1.689312e-02	2.675999e-02	4.283760e-02	6.885739e-02	1.108583e-01	1.785884e-01	2.877670e-01	
1.161701e-01	7.212731e-02	4.482458e-02	2.792519e-02	1.750696e-02	1.115192e-02	7.385139e-03	5.332375e-03	4.517202e-03	4.750428e-03	6.086181e-03	8.834477e-03	1.363317e-02	2.159598e-02	3.457102e-02	5.556965e-02	8.946544e-02	1.441253e-01	2.322352e-01	
9.074874e-02	5.634378e-02	3.501567e-02	2.181435e-02	1.367593e-02	8.711561e-03	5.769059e-03	4.165498e-03	3.528708e-03	3.710897e-03	4.754349e-03	6.901239e-03	1.064984e-02	1.687016e-02	2.700589e-02	4.340941e-02	6.988783e-02	1.125865e-01	1.814155e-01	
6.711980e-02	4.167312e-02	2.589837e-02	1.613438e-02	1.011503e-02	6.443266e-03	4.266925e-03	3.080896e-03	2.609912e-03	2.744663e-03	3.516423e-03	5.104311e-03	7.876860e-03	1.247755e-02	1.997416e-02	3.210657e-02	5.169061e-02	8.327152e-02	1.341789e-01	
4.483587e-02	2.783755e-02	1.730005e-02	1.077773e-02	6.756814e-03	4.304087e-03	2.850296e-03	2.058031e-03	1.743415e-03	1.833429e-03	2.348963e-03	3.409668e-03	5.261724e-03	8.334975e-03	1.334269e-02	2.144712e-02	3.452921e-02	5.562519e-02	8.963123e-02	
2.352975e-02	1.460907e-02	9.079023e-03	5.656125e-03	3.545958e-03	2.258773e-03	1.495828e-03	1.080049e-03	9.149396e-04	9.621784e-04	1.232729e-03	1.789385e-03	2.761339e-03	4.374173e-03	7.002209e-03	1.125539e-02	1.812084e-02	2.919195e-02	4.703823e-02	
2.888311e-03	1.793285e-03	1.114463e-03	6.942976e-04	4.352715e-04	2.772677e-04	1.836151e-04	1.325776e-04	1.123102e-04	1.181088e-04	1.513193e-04	2.196496e-04	3.389584e-04	5.369361e-04	8.595314e-04	1.381616e-03	2.224359e-03	3.583355e-03	5.774012e-03	
-1.736682e-02	-1.078266e-02	-6.701040e-03	-4.174670e-03	-2.617199e-03	-1.667154e-03	-1.104040e-03	-7.971622e-04	-6.752981e-04	-7.101641e-04	-9.098523e-04	-1.320708e-03	-2.038088e-03	-3.228487e-03	-5.168187e-03	-8.307372e-03	-1.337462e-02	-2.154598e-02	-3.471795e-02	
-3.749467e-02	-2.327957e-02	-1.446743e-02	-9.013040e-03	-5.650487e-03	-3.599357e-03	-2.383603e-03	-1.721059e-03	-1.457957e-03	-1.533232e-03	-1.964355e-03	-2.851386e-03	-4.400196e-03	-6.970248e-03	-1.115803e-02	-1.793547e-02	-2.887557e-02	-4.651740e-02	-7.495546e-02	
-5.774812e-02	-3.585446e-02	-2.228228e-02	-1.388160e-02	-8.702703e-03	-5.543617e-03	-3.671150e-03	-2.650722e-03	-2.245500e-03	-2.361436e-03	-3.025439e-03	-4.391616e-03	-6.777044e-03	-1.073536e-02	-1.718524e-02	-2.762365e-02	-4.447324e-02	-7.164464e-02	-1.154441e-01	
-7.838647e-02	-4.866834e-02	-3.024566e-02	-1.884269e-02	-1.181293e-02	-7.524828e-03	-4.983168e-03	-3.598052e-03	-3.048010e-03	-3.205380e-03	-4.106687e-03	-5.961117e-03	-9.199063e-03	-1.457202e-02	-2.332700e-02	-3.749596e-02	-6.036735e-02	-9.724942e-02	-1.567021e-01	
-9.968878e-02	-6.189445e-02	-3.846522e-02	-2.396338e-02	-1.502321e-02	-9.569775e-03	-6.337394e-03	-4.575859e-03	-3.876337e-03	-4.076474e-03	-5.222721e-03	-7.581110e-03	-1.169900e-02	-1.853212e-02	-2.966635e-02	-4.768586e-02	-7.677278e-02	-1.236779e-01	-1.992875e-01	
-1.219693e-01	-7.572788e-02	-4.706220e-02	-2.931920e-02	-1.838090e-02	-1.170862e-02	-7.753802e-03	-5.598565e-03	-4.742699e-03	-4.987567e-03	-6.390000e-03	-9.275490e-03	-1.431373e-02	-2.267405e-02	-3.629679e-02	-5.834366e-02	-9.393152e-02	-1.513200e-01	-2.438283e-01	
-1.455968e-01	-9.039767e-02	-5.617896e-02	-3.499883e-02	-2.194159e-02	-1.397678e-02	-9.255848e-03	-6.683103e-03	-5.661441e-03	-5.953744e-03	-7.627853e-03	-1.107231e-02	-1.708655e-02	-2.706640e-02	-4.332810e-02	-6.964583e-02	-1.121277e-01	-1.806332e-01	-2.910620e-01	
-1.710215e-01	-1.061832e-01	-6.598914e-02	-4.111046e-02	-2.577312e-02	-1.641746e-02	-1.087214e-02	-7.850131e-03	-6.650063e-03	-6.993409e-03	-8.959858e-03	-1.300580e-02	-2.007026e-02	-3.179284e-02	-5.089422e-02	-8.180764e-02	-1.317078e-01	-2.121761e-01	-3.418884e-01	
-1.988119e-01	-1.234377e-01	-7.671217e-02	-4.779078e-02	-2.996117e-02	-1.908525e-02	-1.263883e-02	-9.125753e-03	-7.730678e-03	-8.129817e-03	-1.041581e-02	-1.511920e-02	-2.333162e-02	-3.695907e-02	-5.916437e-02	-9.510113e-02	-1.531099e-01	-2.466541e-01	-3.974442e-01	
-2.297113e-01	-1.426224e-01	-8.863481e-02	-5.521845e-02	-3.461775e-02	-2.205149e-02	-1.460316e-02	-1.054408e-02	-8.932183e-03	-9.393356e-03	-1.203464e-02	-1.746904e-02	-2.695783e-02	-4.270327e-02	-6.835972e-02	-1.098818e-01	-1.769063e-01	-2.849891e-01	-4.592151e-01	
-2.647241e-01	-1.643610e-01	-1.021446e-01	-6.363488e-02	-3.989420e-02	-2.541259e-02	-1.682898e-02	-1.215122e-02	-1.029363e-02	-1.082510e-02	-1.386896e-02	-2.013168e-02	-3.106676e-02	-4.921213e-02	-7.877915e-02	-1.266300e-01	-2.038705e-01	-3.284274e-01	-5.292090e-01	
-3.052558e-01	-1.895262e-01	-1.177839e-01	-7.337796e-02	-4.600237e-02	-2.930349e-02	-1.940565e-02	-1.401168e-02	-1.186968e-02	-1.248252e-02	-1.599243e-02	-2.321402e-02	-3.582336e-02	-5.674696e-02	-9.084096e-02	-1.460183e-01	-2.350850e-01	-3.787126e-01	-6.102357e-01	
-3.533512e-01	-2.193876e-01	-1.363416e-01	-8.493923e-02	-5.325041e-02	-3.392048e-02	-2.246316e-02	-1.621933e-02	-1.373984e-02	-1.444924e-02	-1.851216e-02	-2.687157e-02	-4.146761e-02	-6.568788e-02	-1.051537e-01	-1.690246e-01	-2.721244e-01	-4.383817e-01	-7.063831e-01	
-4.121205e-01	-2.558761e-01	-1.590179e-01	-9.906631e-02	-6.210701e-02	-3.956213e-02	-2.619924e-02	-1.891693e-02	-1.602505e-02	-1.685243e-02	-2.159110e-02	-3.134085e-02	-4.836450e-02	-7.661308e-02	-1.226428e-01	-1.971367e-01	-3.173842e-01	-5.112933e-01	-8.238687e-01	
-4.865555e-01	-3.020910e-01	-1.877389e-01	-1.169591e-01	-7.332443e-02	-4.670763e-02	-3.093120e-02	-2.233360e-02	-1.891941e-02	-1.989623e-02	-2.549077e-02	-3.700146e-02	-5.709983e-02	-9.045052e-02	-1.447939e-01	-2.327425e-01	-3.747083e-01	-6.036403e-01	-9.726713e-01	
-5.852275e-01	-3.633542e-01	-2.258118e-01	-1.406781e-01	-8.819442e-02	-5.617980e-02	-3.720396e-02	-2.686279e-02	-2.275621e-02	-2.393113e-02	-3.066022e-02	-4.450525e-02	-6.867952e-02	-1.087936e-01	-1.741577e-01	-2.799420e-01	-4.506981e-01	-7.260569e-01	-1.169926e+00	
-7.242262e-01	-4.496552e-01	-2.794448e-01	-1.740909e-01	-1.091417e-01	-6.952318e-02	-4.604035e-02	-3.324303e-02	-2.816109e-02	-2.961506e-02	-3.794239e-02	-5.507579e-02	-8.499173e-02	-1.346334e-01	-2.155222e-01	-3.464316e-01	-5.577444e-01	-8.985042e-01	-1.447798e+00	
-9.377562e-01	-5.822311e-01	-3.618360e-01	-2.254196e-01	-1.413209e-01	-9.002132e-02	-5.961483e-02	-4.304436e-02	-3.646407e-02	-3.834673e-02	-4.912929e-02	-7.131427e-02	-1.100506e-01	-1.743286e-01	-2.790666e-01	-4.485731e-01	-7.221891e-01	-1.163418e+00	-1.874665e+00	
-1.313691e+00	-8.156400e-01	-5.068915e-01	-3.157874e-01	-1.979746e-01	-1.261097e-01	-8.351365e-02	-6.030029e-02	-5.108205e-02	-5.371944e-02	-6.882459e-02	-9.990325e-02	-1.541685e-01	-2.442147e-01	-3.909407e-01	-6.284003e-01	-1.011705e+00	-1.629817e+00	-2.626194e+00	
-2.166933e+00	-1.345399e+00	-8.361177e-01	-5.208915e-01	-3.265592e-01	-2.080180e-01	-1.377558e-01	-9.946536e-02	-8.425986e-02	-8.861024e-02	-1.135262e-01	-1.647904e-01	-2.543010e-01	-4.028322e-01	-6.448569e-01	-1.036547e+00	-1.668809e+00	-2.688385e+00	-4.331908e+00	
-6.111304e+00	-3.794367e+00	-2.358065e+00	-1.469047e+00	-9.209801e-01	-5.866638e-01	-3.885065e-01	-2.805177e-01	-2.376343e-01	-2.499035e-01	-3.201728e-01	-4.647511e-01	-7.171935e-01	-1.136090e+00	-1.818661e+00	-2.923326e+00	-4.706466e+00	-7.581930e+00	-1.221709e+01	
7.364586e+00	4.572500e+00	2.841647e+00	1.770313e+00	1.109851e+00	7.069745e-01	4.681798e-01	3.380451e-01	2.863674e-01	3.011527e-01	3.858325e-01	5.600604e-01	8.642727e-01	1.369074e+00	2.191625e+00	3.522830e+00	5.671649e+00	9.136802e+00	1.472252e+01	
2.271283e+00	1.410187e+00	8.763815e-01	5.459754e-01	3.422849e-01	2.180353e-01	1.443895e-01	1.042552e-01	8.831745e-02	9.287733e-02	1.189931e-01	1.727260e-01	2.665470e-01	4.222309e-01	6.759105e-01	1.086462e+00	1.749171e+00	2.817846e+00	4.540515e+00	
1.326962e+00	8.238797e-01	5.120121e-01	3.189775e-01	1.999745e-01	1.273837e-01	8.435731e-02	6.090945e-02	5.159808e-02	5.426212e-02	6.951986e-02	1.009125e-01	1.557259e-01	2.466818e-01	3.948901e-01	6.347485e-01	1.021926e+00	1.646282e+00	2.652724e+00	
9.259881e-01	5.749245e-01	3.572953e-01	2.225908e-01	1.395474e-01	8.889162e-02	5.886671e-02	4.250419e-02	3.600647e-02	3.786551e-02	4.851275e-02	7.041933e-02	1.086695e-01	1.721409e-01	2.755645e-01	4.429439e-01	7.131262e-01	1.148818e+00	1.851139e+00	
7.021947e-01	4.359764e-01	2.709439e-01	1.687949e-01	1.058215e-01	6.740824e-02	4.463977e-02	3.223175e-02	2.730441e-02	2.871415e-02	3.678816e-02	5.340034e-02	8.240622e-02	1.305378e-01	2.089659e-01	3.358929e-01	5.407774e-01	8.711710e-01	1.403755e+00	
5.580436e-01	3.464763e-01	2.153228e-01	1.341436e-01	8.409777e-02	5.357024e-02	3.547583e-02	2.561501e-02	2.169918e-02	2.281952e-02	2.923605e-02	4.243798e-02	6.548934e-02	1.037401e-01	1.660680e-01	2.669386e-01	4.297631e-01	6.923314e-01	1.115583e+00	
4.564542e-01	2.834018e-01	1.761242e-01	1.097233e-01	6.878814e-02	4.381801e-02	2.901761e-02	2.095191e-02	1.774894e-02	1.866533e-02	2.391375e-02	3.471233e-02	5.356729e-02	8.485470e-02	1.358360e-01	2.183436e-01	3.515266e-01	5.662954e-01	9.124959e-01	
3.802384e-01	2.360812e-01	1.467161e-01	9.140242e-02	5.730234e-02	3.650156e-02	2.417243e-02	1.745349e-02	1.478533e-02	1.554871e-02	1.992079e-02	2.891628e-02	4.462297e-02	7.068620e-02	1.131550e-01	1.818860e-01	2.928309e-01	4.717391e-01	7.601332e-01	
3.203321e-01	1.988868e-01	1.236011e-01	7.700204e-02	4.827440e-02	3.075076e-02	2.036408e-02	1.470371e-02	1.245592e-02	1.309902e-02	1.678228e-02	2.436055e-02	3.759265e-02	5.954965e-02	9.532753e-02	1.532300e-01	2.466956e-01	3.974169e-01	6.403748e-01	
2.714968e-01	1.685661e-01	1.047579e-01	6.526291e-02	4.091486e-02	2.606274e-02	1.725953e-02	1.246209e-02	1.055698e-02	1.110205e-02	1.422379e-02	2.064673e-02	3.186157e-02	5.047117e-02	8.079464e-02	1.298698e-01	2.090864e-01	3.368299e-01	5.427483e-01	
2.304882e-01	1.431048e-01	8.893456e-02	5.540519e-02	3.473482e-02	2.212606e-02	1.465254e-02	1.057974e-02	8.962390e-03	9.425123e-03	1.207533e-02	1.752811e-02	2.704900e-02	4.284768e-02	6.859090e-02	1.102534e-01	1.775046e-01	2.859529e-01	4.607681e-01	
1.951844e-01	1.211855e-01	7.531249e-02	4.691880e-02	2.941450e-02	1.873702e-02	1.240822e-02	8.959246e-03	7.589625e-03	7.981481e-03	1.022576e-02	1.484334e-02	2.290591e-02	3.628472e-02	5.808486e-02	9.336593e-02	1.503163e-01	2.421536e-01	3.901924e-01	
1.641338e-01	1.019069e-01	6.333153e-02	3.945480e-02	2.473515e-02	1.575627e-02	1.043428e-02	7.533980e-03	6.382242e-03	6.711761e-03	8.599013e-03	1.248201e-02	1.926196e-02	3.051243e-02	4.884453e-02	7.851297e-02	1.264035e-01	2.036310e-01	3.281194e-01	
1.363043e-01	8.462817e-02	5.259342e-02	3.276508e-02	2.054120e-02	1.308474e-02	8.665106e-03	6.256564e-03	5.300108e-03	5.573755e-03	7.141017e-03	1.036564e-02	1.599602e-02	2.533893e-02	4.056275e-02	6.520079e-02	1.049713e-01	1.691046e-01	2.724854e-01	
1.109361e-01	6.887762e-02	4.280501e-02	2.666702e-02	1.671818e-02	1.064947e-02	7.052402e-03	5.092125e-03	4.313680e-03	4.536397e-03	5.811968e-03	8.436440e-03	1.301893e-02	2.062298e-02	3.301342e-02	5.306596e-02	8.543458e-02	1.376317e-01	2.217719e-01	
8.745142e-02	5.429656e-02	3.374339e-02	2.102174e-02	1.317902e-02	8.395031e-03	5.559443e-03	4.014147e-03	3.400494e-03	3.576064e-03	4.581603e-03	6.650486e-03	1.026288e-02	1.625719e-02	2.602464e-02	4.183215e-02	6.734849e-02	1.084958e-01	1.748238e-01	
6.539684e-02	4.060338e-02	2.523357e-02	1.572022e-02	9.855374e-03	6.277868e-03	4.157393e-03	3.001809e-03	2.542916e-03	2.674208e-03	3.426157e-03	4.973284e-03	7.674661e-03	1.215725e-02	1.946142e-02	3.128240e-02	5.036371e-02	8.113395e-02	1.307346e-01	
4.440416e-02	2.756951e-02	1.713348e-02	1.067396e-02	6.691755e-03	4.262644e-03	2.822851e-03	2.038215e-03	1.726628e-03	1.815775e-03	2.326345e-03	3.376838e-03	5.211061e-03	8.254720e-03	1.321422e-02	2.124061e-02	3.419674e-02	5.508959e-02	8.876820e-02	
2.416382e-02	1.500275e-02	9.323681e-03	5.808544e-03	3.641513e-03	2.319642e-03	1.536137e-03	1.109154e-03	9.395951e-04	9.881069e-04	1.265949e-03	1.837605e-03	2.835751e-03	4.492046e-03	7.190902e-03	1.155870e-02	1.860915e-02	2.997861e-02	4.830580e-02	
4.405203e-03	2.735088e-03	1.699761e-03	1.058931e-03	6.638688e-04	4.228841e-04	2.800466e-04	2.022052e-04	1.712936e-04	1.801376e-04	2.307897e-04	3.350059e-04	5.169736e-04	8.189259e-04	1.310943e-03	2.107217e-03	3.392555e-03	5.465272e-03	8.806426e-03	
-1.511844e-02	-9.386691e-03	-5.833497e-03	-3.634200e-03	-2.278366e-03	-1.451318e-03	-9.611064e-04	-6.939584e-04	-5.878714e-04	-6.182235e-04	-7.920592e-04	-1.149724e-03	-1.774229e-03	-2.810514e-03	-4.499093e-03	-7.231867e-03	-1.164309e-02	-1.875655e-02	-3.022323e-02	
-3.464258e-02	-2.150877e-02	-1.336694e-02	-8.327448e-03	-5.220674e-03	-3.325566e-03	-2.202290e-03	-1.590144e-03	-1.347055e-03	-1.416604e-03	-1.814933e-03	-2.634491e-03	-4.065488e-03	-6.440045e-03	-1.030927e-02	-1.657118e-02	-2.667910e-02	-4.297898e-02	-6.925385e-02	
