2.358374e-17	1.415945e-17	9.400275e-18	7.032737e-18	5.807101e-18	5.132208e-18	4.727838e-18	4.451758e-18	4.221177e-18	3.975450e-18	3.655040e-18	3.185251e-18	2.458582e-18	1.311385e-18	-5.084649e-19	-3.381316e-18	-7.829696e-18	-1.427502e-17	-2.103172e-17	
-7.872167e-03	-4.884746e-03	-3.031026e-03	-1.880777e-03	-1.167039e-03	-7.241584e-04	-4.493482e-04	-2.788272e-04	-1.730193e-04	-1.073676e-04	-6.663475e-05	-4.136721e-05	-2.570059e-05	-1.599882e-05	-1.001022e-05	-6.344901e-06	-4.152168e-06	-2.923112e-06	-2.372482e-06	
-1.575390e-02	-9.775424e-03	-6.065733e-03	-3.763839e-03	-2.335495e-03	-1.449196e-03	-8.992421e-04	-5.579931e-04	-3.462488e-04	-2.148655e-04	-1.333504e-04	-8.278466e-05	-5.143239e-05	-3.201707e-05	-2.003260e-05	-1.269751e-05	-8.309379e-06	-5.849775e-06	-4.747846e-06	
-2.365480e-02	-1.467800e-02	-9.107824e-03	-5.651482e-03	-3.506794e-03	-2.175998e-03	-1.350231e-03	-8.378383e-04	-5.198998e-04	-3.226251e-04	-2.002285e-04	-1.243029e-04	-7.722680e-05	-4.807430e-05	-3.007937e-05	-1.906557e-05	-1.247671e-05	-8.783559e-06	-7.128990e-06	
-3.158462e-02	-1.959852e-02	-1.216105e-02	-7.546034e-03	-4.682380e-03	-2.905460e-03	-1.802870e-03	-1.118708e-03	-6.941863e-04	-4.307790e-04	-2.673512e-04	-1.659731e-04	-1.031156e-04	-6.419029e-05	-4.016291e-05	-2.545694e-05	-1.665928e-05	-1.172808e-05	-9.518848e-06	
-3.955327e-02	-2.454314e-02	-1.522922e-02	-9.449862e-03	-5.863722e-03	-3.638494e-03	-2.257725e-03	-1.400952e-03	-8.693262e-04	-5.394624e-04	-3.348026e-04	-2.078473e-04	-1.291312e-04	-8.038519e-05	-5.029582e-05	-3.187961e-05	-2.086234e-05	-1.468702e-05	-1.192041e-05	
-4.757090e-02	-2.951814e-02	-1.831625e-02	-1.136539e-02	-7.052324e-03	-4.376033e-03	-2.715376e-03	-1.684931e-03	-1.045542e-03	-6.488139e-04	-4.026686e-04	-2.499788e-04	-1.553067e-04	-9.667963e-05	-6.049100e-05	-3.834174e-05	-2.509123e-05	-1.766414e-05	-1.433673e-05	
-5.564795e-02	-3.453002e-02	-2.142617e-02	-1.329512e-02	-8.249738e-03	-5.119039e-03	-3.176420e-03	-1.971016e-03	-1.223065e-03	-7.589760e-04	-4.710377e-04	-2.924227e-04	-1.816762e-04	-1.130949e-04	-7.076176e-05	-4.485179e-05	-2.935147e-05	-2.066333e-05	-1.677096e-05	
-6.379528e-02	-3.958551e-02	-2.456314e-02	-1.524164e-02	-9.457569e-03	-5.868509e-03	-3.641474e-03	-2.259589e-03	-1.402132e-03	-8.700964e-04	-5.400016e-04	-3.352358e-04	-2.082751e-04	-1.296529e-04	-8.112188e-05	-5.141846e-05	-3.364877e-05	-2.368862e-05	-1.922637e-05	
-7.202416e-02	-4.469159e-02	-2.773151e-02	-1.720764e-02	-1.067749e-02	-6.625482e-03	-4.111183e-03	-2.551050e-03	-1.582991e-03	-9.823291e-04	-6.096557e-04	-3.784775e-04	-2.351402e-04	-1.463767e-04	-9.158569e-05	-5.805087e-05	-3.798908e-05	-2.674418e-05	-2.170635e-05	
-8.034641e-02	-4.985562e-02	-3.093583e-02	-1.919595e-02	-1.191125e-02	-7.391043e-03	-4.586222e-03	-2.845819e-03	-1.765903e-03	-1.095835e-03	-6.801002e-04	-4.222098e-04	-2.623102e-04	-1.632902e-04	-1.021682e-04	-6.475853e-05	-4.237864e-05	-2.983442e-05	-2.421448e-05	
-8.877447e-02	-5.508530e-02	-3.418089e-02	-2.120954e-02	-1.316070e-02	-8.166338e-03	-5.067302e-03	-3.144336e-03	-1.951140e-03	-1.210785e-03	-7.514405e-04	-4.664982e-04	-2.898257e-04	-1.804188e-04	-1.128853e-04	-7.155148e-05	-4.682402e-05	-3.296395e-05	-2.675450e-05	
-9.732153e-02	-6.038883e-02	-3.747177e-02	-2.325155e-02	-1.442779e-02	-8.952580e-03	-5.555173e-03	-3.447068e-03	-2.138993e-03	-1.327357e-03	-8.237879e-04	-5.114119e-04	-3.177296e-04	-1.977892e-04	-1.237538e-04	-7.844034e-05	-5.133216e-05	-3.613767e-05	-2.933037e-05	
-1.060016e-01	-6.577488e-02	-4.081386e-02	-2.532535e-02	-1.571460e-02	-9.751056e-03	-6.050636e-03	-3.754510e-03	-2.329768e-03	-1.445743e-03	-8.972612e-04	-5.570245e-04	-3.460677e-04	-2.154299e-04	-1.347913e-04	-8.543640e-05	-5.591045e-05	-3.936077e-05	-3.194634e-05	
-1.148296e-01	-7.125275e-02	-4.421293e-02	-2.743450e-02	-1.702335e-02	-1.056315e-02	-6.554546e-03	-4.067194e-03	-2.523797e-03	-1.566148e-03	-9.719870e-04	-6.034147e-04	-3.748890e-04	-2.333714e-04	-1.460170e-04	-9.255173e-05	-6.056679e-05	-4.263882e-05	-3.460690e-05	
-1.238218e-01	-7.683243e-02	-4.767517e-02	-2.958285e-02	-1.835642e-02	-1.139033e-02	-7.067822e-03	-4.385689e-03	-2.721431e-03	-1.688790e-03	-1.048102e-03	-6.506671e-04	-4.042459e-04	-2.516463e-04	-1.574514e-04	-9.979929e-05	-6.530968e-05	-4.597779e-05	-3.731690e-05	
-1.329953e-01	-8.252470e-02	-5.120727e-02	-3.177455e-02	-1.971638e-02	-1.223420e-02	-7.591454e-03	-4.710610e-03	-2.923053e-03	-1.813907e-03	-1.125752e-03	-6.988729e-04	-4.341952e-04	-2.702900e-04	-1.691164e-04	-1.071931e-04	-7.014826e-05	-4.938414e-05	-4.008159e-05	
-1.423691e-01	-8.834123e-02	-5.481647e-02	-3.401409e-02	-2.110604e-02	-1.309649e-02	-8.126517e-03	-5.042625e-03	-3.129076e-03	-1.941756e-03	-1.205098e-03	-7.481310e-04	-4.647983e-04	-2.893406e-04	-1.810361e-04	-1.147483e-04	-7.509247e-05	-5.286484e-05	-4.290663e-05	
-1.519637e-01	-9.429474e-02	-5.851068e-02	-3.630637e-02	-2.252842e-02	-1.397910e-02	-8.674181e-03	-5.382458e-03	-3.339952e-03	-2.072615e-03	-1.286312e-03	-7.985493e-04	-4.961221e-04	-3.088400e-04	-1.932366e-04	-1.224815e-04	-8.015312e-05	-5.642753e-05	-4.579821e-05	
-1.618015e-01	-1.003992e-01	-6.229853e-02	-3.865677e-02	-2.398686e-02	-1.488407e-02	-9.235728e-03	-5.730907e-03	-3.556173e-03	-2.206791e-03	-1.369585e-03	-8.502455e-04	-5.282399e-04	-3.288335e-04	-2.057462e-04	-1.304106e-04	-8.534205e-05	-6.008051e-05	-4.876308e-05	
-1.719071e-01	-1.066698e-01	-6.618951e-02	-4.107115e-02	-2.548501e-02	-1.581369e-02	-9.812564e-03	-6.088842e-03	-3.778281e-03	-2.344621e-03	-1.455125e-03	-9.033494e-04	-5.612322e-04	-3.493715e-04	-2.185966e-04	-1.385557e-04	-9.067226e-05	-6.383297e-05	-5.180868e-05	
-1.823079e-01	-1.131236e-01	-7.019412e-02	-4.355605e-02	-2.702691e-02	-1.677045e-02	-1.040625e-02	-6.457230e-03	-4.006875e-03	-2.486476e-03	-1.543163e-03	-9.580039e-04	-5.951879e-04	-3.705092e-04	-2.318221e-04	-1.469386e-04	-9.615812e-05	-6.769500e-05	-5.494322e-05	
-1.930339e-01	-1.197792e-01	-7.432398e-02	-4.611866e-02	-2.861703e-02	-1.775713e-02	-1.101849e-02	-6.837140e-03	-4.242618e-03	-2.632767e-03	-1.633955e-03	-1.014368e-03	-6.302057e-04	-3.923081e-04	-2.454613e-04	-1.555837e-04	-1.018156e-04	-7.167782e-05	-5.817579e-05	
-2.041189e-01	-1.266575e-01	-7.859205e-02	-4.876704e-02	-3.026037e-02	-1.877684e-02	-1.165123e-02	-7.229765e-03	-4.486252e-03	-2.783954e-03	-1.727785e-03	-1.072618e-03	-6.663955e-04	-4.148365e-04	-2.595570e-04	-1.645182e-04	-1.076624e-04	-7.579394e-05	-6.151655e-05	
-2.156006e-01	-1.337820e-01	-8.301286e-02	-5.151018e-02	-3.196252e-02	-1.983304e-02	-1.230662e-02	-7.636439e-03	-4.738604e-03	-2.940552e-03	-1.824973e-03	-1.132953e-03	-7.038802e-04	-4.381711e-04	-2.741571e-04	-1.737723e-04	-1.137184e-04	-8.005735e-05	-6.497686e-05	
-2.275215e-01	-1.411790e-01	-8.760274e-02	-5.435825e-02	-3.372977e-02	-2.092963e-02	-1.298707e-02	-8.058667e-03	-5.000607e-03	-3.103139e-03	-1.925878e-03	-1.195595e-03	-7.427986e-04	-4.623981e-04	-2.893156e-04	-1.833804e-04	-1.200060e-04	-8.448382e-05	-6.856951e-05	
-2.399294e-01	-1.488782e-01	-9.238018e-02	-5.732269e-02	-3.556923e-02	-2.207104e-02	-1.369532e-02	-8.498149e-03	-5.273317e-03	-3.272369e-03	-2.030907e-03	-1.260798e-03	-7.833074e-04	-4.876151e-04	-3.050935e-04	-1.933811e-04	-1.265506e-04	-8.909117e-05	-7.230897e-05	
-2.528791e-01	-1.569136e-01	-9.736619e-02	-6.041655e-02	-3.748900e-02	-2.326227e-02	-1.443449e-02	-8.956818e-03	-5.557932e-03	-3.448988e-03	-2.140520e-03	-1.328846e-03	-8.255846e-04	-5.139330e-04	-3.215602e-04	-2.038184e-04	-1.333808e-04	-9.389967e-05	-7.621168e-05	
-2.664329e-01	-1.653238e-01	-1.025848e-01	-6.365475e-02	-3.949833e-02	-2.450908e-02	-1.520815e-02	-9.436884e-03	-5.855826e-03	-3.633847e-03	-2.255248e-03	-1.400070e-03	-8.698343e-04	-5.414788e-04	-3.387952e-04	-2.147427e-04	-1.405298e-04	-9.893249e-05	-8.029647e-05	
-2.806626e-01	-1.741535e-01	-1.080637e-01	-6.705445e-02	-4.160787e-02	-2.581807e-02	-1.602039e-02	-9.940893e-03	-6.168576e-03	-3.827924e-03	-2.375697e-03	-1.474845e-03	-9.162907e-04	-5.703983e-04	-3.568897e-04	-2.262117e-04	-1.480352e-04	-1.042163e-04	-8.458497e-05	
-2.956514e-01	-1.834542e-01	-1.138349e-01	-7.063550e-02	-4.382994e-02	-2.719689e-02	-1.687596e-02	-1.047179e-02	-6.498009e-03	-4.032355e-03	-2.502571e-03	-1.553609e-03	-9.652253e-04	-6.008604e-04	-3.759494e-04	-2.382926e-04	-1.559411e-04	-1.097820e-04	-8.910224e-05	
-3.114961e-01	-1.932860e-01	-1.199356e-01	-7.442103e-02	-4.617890e-02	-2.865444e-02	-1.778039e-02	-1.103300e-02	-6.846254e-03	-4.248459e-03	-2.636690e-03	-1.636871e-03	-1.016954e-03	-6.330621e-04	-3.960975e-04	-2.510633e-04	-1.642984e-04	-1.156655e-04	-9.387746e-05	
-3.283104e-01	-2.037193e-01	-1.264096e-01	-7.843821e-02	-4.867159e-02	-3.020118e-02	-1.874016e-02	-1.162855e-02	-7.215808e-03	-4.477787e-03	-2.779016e-03	-1.725228e-03	-1.071848e-03	-6.672341e-04	-4.174784e-04	-2.646154e-04	-1.731670e-04	-1.219090e-04	-9.894487e-05	
-3.462285e-01	-2.148377e-01	-1.333086e-01	-8.271910e-02	-5.132793e-02	-3.184946e-02	-1.976293e-02	-1.226319e-02	-7.609623e-03	-4.722170e-03	-2.930686e-03	-1.819385e-03	-1.130346e-03	-7.036496e-04	-4.402630e-04	-2.790572e-04	-1.826179e-04	-1.285624e-04	-1.043450e-04	
-3.654105e-01	-2.267403e-01	-1.406943e-01	-8.730199e-02	-5.417165e-02	-3.361401e-02	-2.085786e-02	-1.294261e-02	-8.031218e-03	-4.983792e-03	-3.093054e-03	-1.920185e-03	-1.192971e-03	-7.426338e-04	-4.646549e-04	-2.945178e-04	-1.927355e-04	-1.356851e-04	-1.101260e-04	
-3.860492e-01	-2.395467e-01	-1.486408e-01	-9.223286e-02	-5.723130e-02	-3.551255e-02	-2.203592e-02	-1.367362e-02	-8.484827e-03	-5.265280e-03	-3.267752e-03	-2.028638e-03	-1.260351e-03	-7.845783e-04	-4.908989e-04	-3.111524e-04	-2.036213e-04	-1.433487e-04	-1.163460e-04	
-4.083782e-01	-2.534021e-01	-1.572381e-01	-9.756760e-02	-6.054155e-02	-3.756659e-02	-2.331048e-02	-1.446450e-02	-8.975588e-03	-5.569823e-03	-3.456758e-03	-2.145974e-03	-1.333249e-03	-8.299582e-04	-5.192924e-04	-3.291494e-04	-2.153987e-04	-1.516400e-04	-1.230754e-04	
-4.326847e-01	-2.684845e-01	-1.665969e-01	-1.033748e-01	-6.414495e-02	-3.980254e-02	-2.469791e-02	-1.532542e-02	-9.509811e-03	-5.901336e-03	-3.662503e-03	-2.273701e-03	-1.412603e-03	-8.793569e-04	-5.502005e-04	-3.487402e-04	-2.282192e-04	-1.606655e-04	-1.304008e-04	
-4.593251e-01	-2.850150e-01	-1.768542e-01	-1.097396e-01	-6.809435e-02	-4.225318e-02	-2.621856e-02	-1.626901e-02	-1.009533e-02	-6.264681e-03	-3.888003e-03	-2.413693e-03	-1.499577e-03	-9.334988e-04	-5.840763e-04	-3.702121e-04	-2.422706e-04	-1.705577e-04	-1.384296e-04	
-4.887480e-01	-3.032722e-01	-1.881830e-01	-1.167691e-01	-7.245626e-02	-4.495979e-02	-2.789804e-02	-1.731115e-02	-1.074200e-02	-6.665977e-03	-4.137057e-03	-2.568307e-03	-1.595636e-03	-9.932959e-04	-6.214904e-04	-3.939268e-04	-2.577897e-04	-1.814831e-04	-1.472969e-04	
-5.215264e-01	-3.236115e-01	-2.008036e-01	-1.246004e-01	-7.731562e-02	-4.797506e-02	-2.976905e-02	-1.847214e-02	-1.146243e-02	-7.113037e-03	-4.414512e-03	-2.740553e-03	-1.702649e-03	-1.059912e-03	-6.631713e-04	-4.203459e-04	-2.750786e-04	-1.936544e-04	-1.571755e-04	
-5.584041e-01	-3.464944e-01	-2.150027e-01	-1.334110e-01	-8.278270e-02	-5.136744e-02	-3.187405e-02	-1.977832e-02	-1.227295e-02	-7.616009e-03	-4.726668e-03	-2.934341e-03	-1.823045e-03	-1.134860e-03	-7.100650e-04	-4.500691e-04	-2.945298e-04	-2.073480e-04	-1.682896e-04	
-6.003657e-01	-3.725320e-01	-2.311592e-01	-1.434363e-01	-8.900345e-02	-5.522747e-02	-3.426925e-02	-2.126458e-02	-1.319521e-02	-8.188318e-03	-5.081856e-03	-3.154843e-03	-1.960039e-03	-1.220140e-03	-7.634232e-04	-4.838898e-04	-3.166624e-04	-2.229293e-04	-1.809358e-04	
-6.487427e-01	-4.025503e-01	-2.497858e-01	-1.549942e-01	-9.617527e-02	-5.967765e-02	-3.703063e-02	-2.297806e-02	-1.425847e-02	-8.848125e-03	-5.491347e-03	-3.409058e-03	-2.117977e-03	-1.318457e-03	-8.249391e-04	-5.228811e-04	-3.421788e-04	-2.408927e-04	-1.955155e-04	
-7.053820e-01	-4.376955e-01	-2.715937e-01	-1.685262e-01	-1.045720e-01	-6.488789e-02	-4.026364e-02	-2.498419e-02	-1.550332e-02	-9.620623e-03	-5.970777e-03	-3.706690e-03	-2.302890e-03	-1.433567e-03	-8.969616e-04	-5.685320e-04	-3.720531e-04	-2.619242e-04	-2.125852e-04	
-7.729245e-01	-4.796061e-01	-2.975996e-01	-1.846631e-01	-1.145851e-01	-7.110110e-02	-4.411901e-02	-2.737650e-02	-1.698781e-02	-1.054183e-02	-6.542497e-03	-4.061617e-03	-2.523398e-03	-1.570836e-03	-9.828484e-04	-6.229707e-04	-4.076784e-04	-2.870042e-04	-2.329409e-04	
-8.552832e-01	-5.307104e-01	-3.293103e-01	-2.043398e-01	-1.267946e-01	-7.867726e-02	-4.882009e-02	-3.029359e-02	-1.879794e-02	-1.166511e-02	-7.239631e-03	-4.494401e-03	-2.792278e-03	-1.738215e-03	-1.087575e-03	-6.893511e-04	-4.511184e-04	-3.175858e-04	-2.577618e-04	
-9.585181e-01	-5.947685e-01	-3.690589e-01	-2.290042e-01	-1.420991e-01	-8.817381e-02	-5.471281e-02	-3.395011e-02	-2.106690e-02	-1.307312e-02	-8.113473e-03	-5.036887e-03	-3.129313e-03	-1.948023e-03	-1.218849e-03	-7.725576e-04	-5.055696e-04	-3.559193e-04	-2.888744e-04	
-1.092546e+00	-6.779341e-01	-4.206638e-01	-2.610255e-01	-1.619686e-01	-1.005030e-01	-6.236321e-02	-3.869730e-02	-2.401265e-02	-1.490111e-02	-9.247967e-03	-5.741187e-03	-3.566880e-03	-2.220412e-03	-1.389278e-03	-8.805831e-04	-5.762626e-04	-4.056869e-04	-3.292672e-04	
-1.274797e+00	-7.910223e-01	-4.908360e-01	-3.045679e-01	-1.889870e-01	-1.172682e-01	-7.276621e-02	-4.515251e-02	-2.801828e-02	-1.738681e-02	-1.079065e-02	-6.698892e-03	-4.161882e-03	-2.590805e-03	-1.621028e-03	-1.027476e-03	-6.723906e-04	-4.733608e-04	-3.841933e-04	
-1.539000e+00	-9.549627e-01	-5.925624e-01	-3.676900e-01	-2.281548e-01	-1.415722e-01	-8.784710e-02	-5.451043e-02	-3.382510e-02	-2.099025e-02	-1.302702e-02	-8.087246e-03	-5.024438e-03	-3.127753e-03	-1.956988e-03	-1.240421e-03	-8.117445e-04	-5.714654e-04	-4.638178e-04	
-1.960076e+00	-1.216244e+00	-7.546894e-01	-4.682912e-01	-2.905788e-01	-1.803068e-01	-1.118823e-01	-6.942466e-02	-4.307976e-02	-2.673325e-02	-1.659126e-02	-1.029994e-02	-6.399141e-03	-3.983516e-03	-2.492427e-03	-1.579805e-03	-1.033840e-03	-7.278202e-04	-5.907199e-04	
-2.744693e+00	-1.703105e+00	-1.056791e+00	-6.557477e-01	-4.068972e-01	-2.524835e-01	-1.566688e-01	-9.721530e-02	-6.032455e-02	-3.743454e-02	-2.323273e-02	-1.442300e-02	-8.960711e-03	-5.578114e-03	-3.490143e-03	-2.212199e-03	-1.447686e-03	-1.019166e-03	-8.271846e-04	
-4.748274e+00	-2.946344e+00	-1.828231e+00	-1.134433e+00	-7.039255e-01	-4.367923e-01	-2.710344e-01	-1.681809e-01	-1.043605e-01	-6.476115e-02	-4.019224e-02	-2.495156e-02	-1.550188e-02	-9.650046e-03	-6.037890e-03	-3.827069e-03	-2.504473e-03	-1.763140e-03	-1.431016e-03	
-2.130745e+01	-1.322145e+01	-8.204020e+00	-5.090664e+00	-3.158802e+00	-1.960066e+00	-1.216242e+00	-7.546964e-01	-4.683082e-01	-2.906098e-01	-1.803590e-01	-1.119678e-01	-6.956329e-02	-4.330371e-02	-2.709448e-02	-1.717362e-02	-1.123859e-02	-7.911933e-03	-6.421553e-03	
7.735357e+00	4.799854e+00	2.978350e+00	1.848091e+00	1.146757e+00	7.115733e-01	4.415389e-01	2.739815e-01	1.700124e-01	1.055016e-01	6.547671e-02	4.064829e-02	2.525394e-02	1.572078e-02	9.836256e-03	6.234633e-03	4.080007e-03	2.872312e-03	2.331251e-03	
3.111259e+00	1.930562e+00	1.197930e+00	7.433257e-01	4.612401e-01	2.862038e-01	1.775926e-01	1.101988e-01	6.838116e-02	4.243409e-02	2.633556e-02	1.634926e-02	1.015745e-02	6.323096e-03	3.956267e-03	2.507648e-03	1.641031e-03	1.155280e-03	9.376587e-04	
1.872657e+00	1.161999e+00	7.210302e-01	4.474054e-01	2.776189e-01	1.722651e-01	1.068924e-01	6.632832e-02	4.115840e-02	2.554094e-02	1.585129e-02	9.840565e-03	6.113739e-03	3.805851e-03	2.381264e-03	1.509346e-03	9.877311e-04	6.953594e-04	5.643738e-04	
1.293273e+00	8.024870e-01	4.979500e-01	3.089822e-01	1.917261e-01	1.189679e-01	7.382085e-02	4.580694e-02	2.842436e-02	1.763881e-02	1.094704e-02	6.795983e-03	4.222203e-03	2.628355e-03	1.644523e-03	1.042368e-03	6.821360e-04	4.802215e-04	3.897616e-04	
9.543376e-01	5.921745e-01	3.674492e-01	2.280054e-01	1.414793e-01	8.778924e-02	5.447418e-02	3.380204e-02	2.097502e-02	1.301610e-02	8.078087e-03	5.014919e-03	3.115665e-03	1.939526e-03	1.213533e-03	7.691881e-04	5.033645e-04	3.543670e-04	2.876145e-04	
7.295914e-01	4.527176e-01	2.809151e-01	1.743102e-01	1.081610e-01	6.711490e-02	4.164553e-02	2.584167e-02	1.603541e-02	9.950812e-03	6.175700e-03	3.833907e-03	2.381927e-03	1.482769e-03	9.277461e-04	5.880446e-04	3.848224e-04	2.709136e-04	2.198813e-04	
5.678317e-01	3.523443e-01	2.186326e-01	1.356634e-01	8.418032e-02	5.223467e-02	3.241218e-02	2.011224e-02	1.248015e-02	7.744590e-03	4.806468e-03	2.983881e-03	1.853823e-03	1.154020e-03	7.220530e-04	4.576676e-04	2.995023e-04	2.108486e-04	1.711308e-04	
4.443307e-01	2.757109e-01	1.710809e-01	1.061572e-01	6.587146e-02	4.087385e-02	2.536267e-02	1.573791e-02	9.765774e-03	6.060175e-03	3.761082e-03	2.334900e-03	1.450625e-03	9.030254e-04	5.650095e-04	3.581268e-04	2.343618e-04	1.649900e-04	1.339106e-04	
3.456598e-01	2.144848e-01	1.330896e-01	8.258323e-02	5.124362e-02	3.179714e-02	1.973047e-02	1.224305e-02	7.597123e-03	4.714413e-03	2.925872e-03	1.816397e-03	1.128490e-03	7.024938e-04	4.395399e-04	2.785989e-04	1.823179e-04	1.283512e-04	1.041736e-04	
2.638737e-01	1.637359e-01	1.015995e-01	6.304334e-02	3.911894e-02	2.427367e-02	1.506207e-02	9.346242e-03	5.799579e-03	3.598943e-03	2.233586e-03	1.386622e-03	8.614794e-04	5.362778e-04	3.355410e-04	2.126800e-04	1.391800e-04	9.798223e-05	7.952521e-05	
1.939475e-01	1.203460e-01	7.467572e-02	4.633692e-02	2.875246e-02	1.784117e-02	1.107064e-02	6.869498e-03	4.262697e-03	2.645227e-03	1.641688e-03	1.019169e-03	6.331882e-04	3.941647e-04	2.466230e-04	1.563200e-04	1.022974e-04	7.201704e-05	5.845111e-05	
1.325221e-01	8.223107e-02	5.102507e-02	3.166149e-02	1.964623e-02	1.219067e-02	7.564443e-03	4.693849e-03	2.912652e-03	1.807453e-03	1.121747e-03	6.963862e-04	4.326503e-04	2.693283e-04	1.685147e-04	1.068117e-04	6.989866e-05	4.920843e-05	3.993898e-05	
7.724012e-02	4.792814e-02	2.973981e-02	1.845381e-02	1.145075e-02	7.105296e-03	4.408914e-03	2.735796e-03	1.697631e-03	1.053469e-03	6.538068e-04	4.058867e-04	2.521690e-04	1.569772e-04	9.821829e-05	6.225489e-05	4.074023e-05	2.868099e-05	2.327832e-05	
2.636851e-02	1.636188e-02	1.015268e-02	6.299827e-03	3.909097e-03	2.425631e-03	1.505131e-03	9.339560e-04	5.795433e-04	3.596370e-04	2.231989e-04	1.385631e-04	8.608634e-05	5.358944e-05	3.353011e-05	2.125280e-05	1.390805e-05	9.791218e-06	7.946835e-06	
-2.142819e-02	-1.329637e-02	-8.250511e-03	-5.119512e-03	-3.176702e-03	-1.971173e-03	-1.223134e-03	-7.589731e-04	-4.709620e-04	-2.922566e-04	-1.813811e-04	-1.126023e-04	-6.995750e-05	-4.354910e-05	-2.724802e-05	-1.727094e-05	-1.130228e-05	-7.956769e-06	-6.457943e-06	
-6.723268e-02	-4.171844e-02	-2.588664e-02	-1.606288e-02	-9.967158e-03	-6.184715e-03	-3.837683e-03	-2.381339e-03	-1.477681e-03	-9.169786e-04	-5.690978e-04	-3.532989e-04	-2.194973e-04	-1.366388e-04	-8.549286e-05	-5.418897e-05	-3.546182e-05	-2.496500e-05	-2.026232e-05	
-1.119737e-01	-6.948062e-02	-4.311331e-02	-2.675217e-02	-1.659996e-02	-1.030043e-02	-6.391528e-03	-3.966038e-03	-2.461027e-03	-1.527196e-03	-9.478126e-04	-5.884071e-04	-3.655651e-04	-2.275672e-04	-1.423854e-04	-9.024986e-05	-5.906043e-05	-4.157834e-05	-3.374619e-05	
-1.564994e-01	-9.710922e-02	-6.025709e-02	-3.739003e-02	-2.320084e-02	-1.439634e-02	-8.933085e-03	-5.543112e-03	-3.439641e-03	-2.134478e-03	-1.324705e-03	-8.223841e-04	-5.109301e-04	-3.180581e-04	-1.990042e-04	-1.261372e-04	-8.254550e-05	-5.811175e-05	-4.716518e-05	
-2.016384e-01	-1.251183e-01	-7.763698e-02	-4.817440e-02	-2.989264e-02	-1.854866e-02	-1.150965e-02	-7.141906e-03	-4.431734e-03	-2.750123e-03	-1.706789e-03	-1.059584e-03	-6.582972e-04	-4.097953e-04	-2.564028e-04	-1.625189e-04	-1.063540e-04	-7.487287e-05	-6.076898e-05	
-2.482574e-01	-1.540458e-01	-9.558670e-02	-5.931236e-02	-3.680384e-02	-2.283712e-02	-1.417068e-02	-8.793120e-03	-5.456353e-03	-3.385953e-03	-2.101399e-03	-1.304560e-03	-8.104960e-04	-5.045402e-04	-3.156833e-04	-2.000934e-04	-1.309431e-04	-9.218352e-05	-7.481881e-05	
-2.973248e-01	-1.844925e-01	-1.144792e-01	-7.103529e-02	-4.407802e-02	-2.735082e-02	-1.697148e-02	-1.053106e-02	-6.534787e-03	-4.055178e-03	-2.516735e-03	-1.562403e-03	-9.706884e-04	-6.042613e-04	-3.780773e-04	-2.396413e-04	-1.568237e-04	-1.104034e-04	-8.960655e-05	
-3.499906e-01	-2.171721e-01	-1.347571e-01	-8.361794e-02	-5.188566e-02	-3.219554e-02	-1.997768e-02	-1.239645e-02	-7.692310e-03	-4.773482e-03	-2.962531e-03	-1.839155e-03	-1.142629e-03	-7.112955e-04	-4.450470e-04	-2.820895e-04	-1.846023e-04	-1.299594e-04	-1.054788e-04	
-4.076967e-01	-2.529792e-01	-1.569757e-01	-9.740477e-02	-6.044051e-02	-3.750390e-02	-2.327158e-02	-1.444036e-02	-8.960609e-03	-5.560527e-03	-3.450989e-03	-2.142393e-03	-1.331024e-03	-8.285731e-04	-5.184258e-04	-3.286001e-04	-2.150393e-04	-1.513869e-04	-1.228700e-04	
-4.723415e-01	-2.930919e-01	-1.818660e-01	-1.128494e-01	-7.002403e-02	-4.345056e-02	-2.696155e-02	-1.673004e-02	-1.038141e-02	-6.442211e-03	-3.998182e-03	-2.482093e-03	-1.542073e-03	-9.599526e-04	-6.006280e-04	-3.807033e-04	-2.491361e-04	-1.753910e-04	-1.423524e-04	
-5.465446e-01	-3.391355e-01	-2.104364e-01	-1.305776e-01	-8.102453e-02	-5.027648e-02	-3.119710e-02	-1.935826e-02	-1.201229e-02	-7.454257e-03	-4.626281e-03	-2.872020e-03	-1.784326e-03	-1.110757e-03	-6.949843e-04	-4.405103e-04	-2.882745e-04	-2.029442e-04	-1.647154e-04	
-6.340919e-01	-3.934593e-01	-2.441448e-01	-1.514939e-01	-9.400331e-02	-5.832993e-02	-3.619436e-02	-2.245914e-02	-1.393646e-02	-8.648305e-03	-5.367335e-03	-3.332070e-03	-2.070146e-03	-1.288682e-03	-8.063093e-04	-5.110728e-04	-3.344512e-04	-2.354525e-04	-1.911001e-04	
-7.407387e-01	-4.596346e-01	-2.852071e-01	-1.769734e-01	-1.098136e-01	-6.814034e-02	-4.228182e-02	-2.623650e-02	-1.628041e-02	-1.010285e-02	-6.270057e-03	-3.892485e-03	-2.418320e-03	-1.505423e-03	-9.419210e-04	-5.970292e-04	-3.907020e-04	-2.750529e-04	-2.232409e-04	
-8.757575e-01	-5.434149e-01	-3.371935e-01	-2.092314e-01	-1.298299e-01	-8.056068e-02	-4.998878e-02	-3.101878e-02	-1.924794e-02	-1.194435e-02	-7.412938e-03	-4.601991e-03	-2.859121e-03	-1.779826e-03	-1.113611e-03	-7.058532e-04	-4.619175e-04	-3.251884e-04	-2.639323e-04	
-1.055198e+00	-6.547589e-01	-4.062834e-01	-2.521023e-01	-1.564317e-01	-9.706732e-02	-6.023132e-02	-3.737443e-02	-2.319178e-02	-1.439172e-02	-8.931826e-03	-5.544925e-03	-3.444947e-03	-2.144507e-03	-1.341786e-03	-8.504804e-04	-5.565630e-04	-3.918185e-04	-3.180112e-04	
-1.309567e+00	-8.125976e-01	-5.042236e-01	-3.128750e-01	-1.941417e-01	-1.204667e-01	-7.475092e-02	-4.638406e-02	-2.878248e-02	-1.786104e-02	-1.108497e-02	-6.881605e-03	-4.275399e-03	-2.661470e-03	-1.665242e-03	-1.055500e-03	-6.907302e-04	-4.862718e-04	-3.946722e-04	
-1.705003e+00	-1.057969e+00	-6.564784e-01	-4.073504e-01	-2.527645e-01	-1.568427e-01	-9.732262e-02	-6.039013e-02	-3.747361e-02	-2.325434e-02	-1.443217e-02	-8.959567e-03	-5.566393e-03	-3.465124e-03	-2.168076e-03	-1.374218e-03	-8.993023e-04	-6.331058e-04	-5.138470e-04	
-2.416963e+00	-1.499746e+00	-9.306049e-01	-5.774483e-01	-3.583117e-01	-2.223357e-01	-1.379617e-01	-8.560732e-02	-5.312151e-02	-3.296468e-02	-2.045863e-02	-1.270082e-02	-7.890758e-03	-4.912060e-03	-3.073403e-03	-1.948052e-03	-1.274825e-03	-8.974726e-04	-7.284147e-04	
-4.115840e+00	-2.553913e+00	-1.584724e+00	-9.833350e-01	-6.101680e-01	-3.786149e-01	-2.349347e-01	-1.457805e-01	-9.046046e-02	-5.613546e-02	-3.483894e-02	-2.162820e-02	-1.343715e-02	-8.364733e-03	-5.233689e-03	-3.317332e-03	-2.170896e-03	-1.528304e-03	-1.240415e-03	
-1.389276e+01	-8.620577e+00	-5.349140e+00	-3.319187e+00	-2.059585e+00	-1.277991e+00	-7.930076e-01	-4.920730e-01	-3.053437e-01	-1.894818e-01	-1.175967e-01	-7.300466e-02	-4.535628e-02	-2.823464e-02	-1.766600e-02	-1.119745e-02	-7.327727e-03	-5.158695e-03	-4.186946e-03	
9.864616e+00	6.121077e+00	3.798180e+00	2.356803e+00	1.462417e+00	9.074432e-01	5.630784e-01	3.493985e-01	2.168106e-01	1.345423e-01	8.350004e-02	5.183727e-02	3.220542e-02	2.004813e-02	1.254382e-02	7.950798e-03	5.203083e-03	3.662953e-03	2.972959e-03	
3.579837e+00	2.221319e+00	1.378347e+00	8.552761e-01	5.307063e-01	3.293082e-01	2.043393e-01	1.267956e-01	7.867987e-02	4.882498e-02	3.030189e-02	1.881158e-02	1.168724e-02	7.275401e-03	4.552110e-03	2.885319e-03	1.888182e-03	1.329274e-03	1.078877e-03	
2.153367e+00	1.336182e+00	8.291124e-01	5.144713e-01	3.192339e-01	1.980876e-01	1.229155e-01	7.627091e-02	4.732803e-02	2.936952e-02	1.822739e-02	1.131566e-02	7.030186e-03	4.376347e-03	2.738215e-03	1.735596e-03	1.135792e-03	7.995935e-04	6.489732e-04	
1.516695e+00	9.411217e-01	5.839739e-01	3.623608e-01	2.248480e-01	1.395203e-01	8.657386e-02	5.372037e-02	3.333485e-02	2.068602e-02	1.283821e-02	7.970031e-03	4.951615e-03	3.082420e-03	1.928624e-03	1.222443e-03	7.999792e-04	5.631827e-04	4.570953e-04	
1.152708e+00	7.152650e-01	4.438279e-01	2.753990e-01	1.708875e-01	1.060373e-01	6.579728e-02	4.082819e-02	2.533493e-02	1.572165e-02	9.757213e-03	6.057330e-03	3.763293e-03	2.342680e-03	1.465780e-03	9.290730e-04	6.079948e-04	4.280263e-04	3.473985e-04	
9.147991e-01	5.676405e-01	3.522257e-01	2.185590e-01	1.356178e-01	8.415211e-02	5.221730e-02	3.240161e-02	2.010602e-02	1.247684e-02	7.743409e-03	4.807149e-03	2.986582e-03	1.859171e-03	1.163256e-03	7.373204e-04	4.825100e-04	3.396854e-04	2.756985e-04	
7.454266e-01	4.625434e-01	2.870121e-01	1.780934e-01	1.105085e-01	6.857157e-02	4.254941e-02	2.640254e-02	1.638344e-02	1.016679e-02	6.309738e-03	3.917119e-03	2.433625e-03	1.514951e-03	9.478821e-04	6.008076e-04	3.931746e-04	2.767936e-04	2.246537e-04	
6.173822e-01	3.830908e-01	2.377111e-01	1.475017e-01	9.152612e-02	5.679281e-02	3.524056e-02	2.186729e-02	1.356921e-02	8.420404e-03	5.225894e-03	3.244263e-03	2.015593e-03	1.254723e-03	7.850613e-04	4.976049e-04	3.256377e-04	2.292479e-04	1.860642e-04	
5.161177e-01	3.202554e-01	1.987212e-01	1.233082e-01	7.651379e-02	4.747752e-02	2.946032e-02	1.828057e-02	1.134355e-02	7.039269e-03	4.368730e-03	2.712131e-03	1.684991e-03	1.048920e-03	6.562937e-04	4.159866e-04	2.722259e-04	1.916461e-04	1.555455e-04	
4.331371e-01	2.687652e-01	1.667711e-01	1.034829e-01	6.421202e-02	3.984416e-02	2.472373e-02	1.534144e-02	9.519755e-03	5.907507e-03	3.666333e-03	2.276079e-03	1.414080e-03	8.802764e-04	5.507758e-04	3.491049e-04	2.284578e-04	1.608335e-04	1.305371e-04	
3.631350e-01	2.253283e-01	1.398181e-01	8.675831e-02	5.383429e-02	3.340468e-02	2.072797e-02	1.286201e-02	7.981204e-03	4.952755e-03	3.073792e-03	1.908227e-03	1.185542e-03	7.380091e-04	4.617613e-04	2.926837e-04	1.915352e-04	1.348402e-04	1.094402e-04	
3.026166e-01	1.877762e-01	1.165167e-01	7.229959e-02	4.486253e-02	2.783762e-02	1.727354e-02	1.071849e-02	6.651095e-03	4.127353e-03	2.561529e-03	1.590211e-03	9.879649e-04	6.150161e-04	3.848064e-04	2.439065e-04	1.596149e-04	1.123683e-04	9.120139e-05	
2.491760e-01	1.546158e-01	9.594040e-02	5.953183e-02	3.694002e-02	2.292163e-02	1.422312e-02	8.825657e-03	5.476544e-03	3.398482e-03	2.109175e-03	1.309387e-03	8.134951e-04	5.064072e-04	3.168514e-04	2.008338e-04	1.314277e-04	9.252463e-05	7.509567e-05	
2.010913e-01	1.247788e-01	7.742631e-02	4.804369e-02	2.981153e-02	1.849833e-02	1.147841e-02	7.122527e-03	4.419708e-03	2.742661e-03	1.702157e-03	1.056708e-03	6.565110e-04	4.086833e-04	2.557071e-04	1.620779e-04	1.060654e-04	7.466971e-05	6.060409e-05	
1.570867e-01	9.747364e-02	6.048321e-02	3.753035e-02	2.328791e-02	1.445036e-02	8.966608e-03	5.563914e-03	3.452549e-03	2.142488e-03	1.329676e-03	8.254702e-04	5.128475e-04	3.192517e-04	1.997510e-04	1.266106e-04	8.285526e-05	5.832983e-05	4.734217e-05	
1.161849e-01	7.209368e-02	4.473474e-02	2.775828e-02	1.722426e-02	1.068781e-02	6.631904e-03	4.115195e-03	2.553583e-03	1.584632e-03	9.834585e-04	6.105363e-04	3.793135e-04	2.361257e-04	1.477403e-04	9.364403e-05	6.128161e-05	4.314205e-05	3.501533e-05	
7.761123e-02	4.815842e-02	2.988270e-02	1.854247e-02	1.150576e-02	7.139434e-03	4.430097e-03	2.748941e-03	1.705787e-03	1.058530e-03	6.569480e-04	4.078368e-04	2.533806e-04	1.577314e-04	9.869019e-05	6.255400e-05	4.093597e-05	2.881879e-05	2.339016e-05	
4.073017e-02	2.527341e-02	1.568236e-02	9.731039e-03	6.038195e-03	3.746756e-03	2.324903e-03	1.442637e-03	8.951927e-04	5.555140e-04	3.447646e-04	2.140317e-04	1.329734e-04	8.277703e-05	5.179235e-05	3.282817e-05	2.148309e-05	1.512402e-05	1.227509e-05	
4.999687e-03	3.102348e-03	1.925033e-03	1.194499e-03	7.411973e-04	4.599198e-04	2.853852e-04	1.770858e-04	1.098862e-04	6.819015e-05	4.232036e-05	2.627270e-05	1.632268e-05	1.016100e-05	6.357587e-06	4.029706e-06	2.637081e-06	1.856496e-06	1.506786e-06	
-3.006210e-02	-1.865378e-02	-1.157483e-02	-7.182280e-03	-4.456668e-03	-2.765404e-03	-1.715963e-03	-1.064781e-03	-6.607233e-04	-4.100134e-04	-2.544637e-04	-1.579724e-04	-9.814496e-05	-6.109602e-05	-3.822687e-05	-2.422980e-05	-1.585623e-05	-1.116273e-05	-9.059995e-06	
-6.490355e-02	-4.027320e-02	-2.498986e-02	-1.550642e-02	-9.621869e-03	-5.970459e-03	-3.704735e-03	-2.298843e-03	-1.426490e-03	-8.852120e-04	-5.493827e-04	-3.410597e-04	-2.118933e-04	-1.319053e-04	-8.253116e-05	-5.231172e-05	-3.423332e-05	-2.410015e-05	-1.956037e-05	
-9.996242e-02	-6.202752e-02	-3.848860e-02	-2.388250e-02	-1.481930e-02	-9.195514e-03	-5.705916e-03	-3.540606e-03	-2.197036e-03	-1.363376e-03	-8.461419e-04	-5.252894e-04	-3.263514e-04	-2.031563e-04	-1.271119e-04	-8.056887e-05	-5.272509e-05	-3.711829e-05	-3.012627e-05	
-1.356876e-01	-8.419527e-02	-5.224388e-02	-3.241777e-02	-2.011551e-02	-1.248186e-02	-7.745130e-03	-4.805969e-03	-2.982225e-03	-1.850627e-03	-1.148541e-03	-7.130204e-04	-4.429848e-04	-2.757616e-04	-1.725399e-04	-1.093630e-04	-7.156829e-05	-5.038384e-05	-4.089298e-05	
-1.725620e-01	-1.070762e-01	-6.644167e-02	-4.122762e-02	-2.558210e-02	-1.587393e-02	-9.849947e-03	-6.112039e-03	-3.792675e-03	-2.353553e-03	-1.460669e-03	-9.067909e-04	-5.633703e-04	-3.507025e-04	-2.194293e-04	-1.390835e-04	-9.101769e-05	-6.407615e-05	-5.200605e-05	
-2.111297e-01	-1.310077e-01	-8.129140e-02	-5.044201e-02	-3.129970e-02	-1.942176e-02	-1.205141e-02	-7.478081e-03	-4.640338e-03	-2.879573e-03	-1.787128e-03	-1.109459e-03	-6.892837e-04	-4.290846e-04	-2.684718e-04	-1.701688e-04	-1.113602e-04	-7.839718e-05	-6.362942e-05	
-2.520291e-01	-1.563862e-01	-9.703895e-02	-6.021349e-02	-3.736300e-02	-2.318409e-02	-1.438598e-02	-8.926714e-03	-5.539252e-03	-3.437396e-03	-2.133326e-03	-1.324380e-03	-8.228098e-04	-5.122057e-04	-3.204795e-04	-2.031334e-04	-1.329326e-04	-9.358407e-05	-7.595553e-05	
-2.960394e-01	-1.836949e-01	-1.139842e-01	-7.072820e-02	-4.388746e-02	-2.723258e-02	-1.689811e-02	-1.048553e-02	-6.506537e-03	-4.037647e-03	-2.505855e-03	-1.555648e-03	-9.664920e-04	-6.016490e-04	-3.764428e-04	-2.386053e-04	-1.561457e-04	-1.099261e-04	-8.921917e-05	
-3.441449e-01	-2.135448e-01	-1.325063e-01	-8.222131e-02	-5.101904e-02	-3.165779e-02	-1.964400e-02	-1.218940e-02	-7.563828e-03	-4.693752e-03	-2.913049e-03	-1.808436e-03	-1.123544e-03	-6.994150e-04	-4.376136e-04	-2.773779e-04	-1.815189e-04	-1.277887e-04	-1.037170e-04	
-3.976320e-01	-2.467340e-01	-1.531005e-01	-9.500018e-02	-5.894844e-02	-3.657806e-02	-2.269708e-02	-1.408388e-02	-8.739402e-03	-5.423257e-03	-3.365796e-03	-2.089504e-03	-1.298166e-03	-8.081184e-04	-5.056277e-04	-3.204881e-04	-2.097307e-04	-1.476497e-04	-1.198368e-04	
-4.582394e-01	-2.843414e-01	-1.764362e-01	-1.094802e-01	-6.793340e-02	-4.215331e-02	-2.615659e-02	-1.623055e-02	-1.007147e-02	-6.249873e-03	-3.878813e-03	-2.407988e-03	-1.496033e-03	-9.312924e-04	-5.826957e-04	-3.693371e-04	-2.416980e-04	-1.701545e-04	-1.381023e-04	
-5.284000e-01	-3.278766e-01	-2.034502e-01	-1.262426e-01	-7.833463e-02	-4.860737e-02	-3.016140e-02	-1.871560e-02	-1.161350e-02	-7.206786e-03	-4.472695e-03	-2.776673e-03	-1.725089e-03	-1.073882e-03	-6.719118e-04	-4.258860e-04	-2.787041e-04	-1.962068e-04	-1.592471e-04	
-6.116536e-01	-3.795362e-01	-2.355054e-01	-1.461331e-01	-9.067686e-02	-5.626583e-02	-3.491356e-02	-2.166438e-02	-1.344330e-02	-8.342271e-03	-5.177403e-03	-3.214159e-03	-1.996890e-03	-1.243080e-03	-7.777767e-04	-4.929876e-04	-3.226161e-04	-2.271207e-04	-1.843377e-04	
-7.133837e-01	-4.426606e-01	-2.746746e-01	-1.704379e-01	-1.057582e-01	-6.562396e-02	-4.072038e-02	-2.526760e-02	-1.567919e-02	-9.729757e-03	-6.038508e-03	-3.748738e-03	-2.329013e-03	-1.449829e-03	-9.071365e-04	-5.749813e-04	-3.762736e-04	-2.648954e-04	-2.149967e-04	
-8.422311e-01	-5.226115e-01	-3.242848e-01	-2.012215e-01	-1.248597e-01	-7.747660e-02	-4.807507e-02	-2.983130e-02	-1.851108e-02	-1.148709e-02	-7.129150e-03	-4.425814e-03	-2.749667e-03	-1.711689e-03	-1.070978e-03	-6.788313e-04	-4.442341e-04	-3.127393e-04	-2.538283e-04	
-1.013033e+00	-6.285956e-01	-3.900489e-01	-2.420286e-01	-1.501809e-01	-9.318864e-02	-5.782456e-02	-3.588100e-02	-2.226507e-02	-1.381664e-02	-8.574922e-03	-5.323357e-03	-3.307291e-03	-2.058815e-03	-1.288170e-03	-8.164963e-04	-5.343235e-04	-3.761620e-04	-3.053039e-04	
-1.253641e+00	-7.778947e-01	-4.826902e-01	-2.995134e-01	-1.858507e-01	-1.153221e-01	-7.155859e-02	-4.440317e-02	-2.755329e-02	-1.709826e-02	-1.061157e-02	-6.587719e-03	-4.092813e-03	-2.547809e-03	-1.594126e-03	-1.010424e-03	-6.612318e-04	-4.655050e-04	-3.778173e-04	
-1.623263e+00	-1.007248e+00	-6.250060e-01	-3.878216e-01	-2.406467e-01	-1.493235e-01	-9.265685e-02	-5.749496e-02	-3.567708e-02	-2.213949e-02	-1.374027e-02	-8.530034e-03	-5.299533e-03	-3.299002e-03	-2.064136e-03	-1.308336e-03	-8.561887e-04	-6.027539e-04	-4.892125e-04	
-2.274008e+00	-1.411041e+00	-8.755629e-01	-5.432942e-01	-3.371188e-01	-2.091854e-01	-1.298018e-01	-8.054394e-02	-4.997956e-02	-3.101493e-02	-1.924857e-02	-1.194962e-02	-7.424048e-03	-4.621529e-03	-2.891622e-03	-1.832832e-03	-1.199424e-03	-8.443902e-04	-6.853315e-04	
-3.750978e+00	-2.327513e+00	-1.444241e+00	-8.961640e-01	-5.560776e-01	-3.450513e-01	-2.141081e-01	-1.328573e-01	-8.244130e-02	-5.115914e-02	-3.175053e-02	-1.971090e-02	-1.224597e-02	-7.623214e-03	-4.769731e-03	-3.023256e-03	-1.978450e-03	-1.392822e-03	-1.130455e-03	
-1.057871e+01	-6.564180e+00	-4.073129e+00	-2.527411e+00	-1.568281e+00	-9.731327e-01	-6.038394e-01	-3.746914e-01	-2.325055e-01	-1.442818e-01	-8.954458e-02	-5.558975e-02	-3.453676e-02	-2.149941e-02	-1.345186e-02	-8.526354e-03	-5.579733e-03	-3.928113e-03	-3.188170e-03	
1.274815e+01	7.910336e+00	4.908430e+00	3.045722e+00	1.889897e+00	1.172699e+00	7.276724e-01	4.515316e-01	2.801868e-01	1.738706e-01	1.079080e-01	6.698987e-02	4.161942e-02	2.590842e-02	1.621051e-02	1.027490e-02	6.724002e-03	4.733675e-03	3.841987e-03	
3.931608e+00	2.439596e+00	1.513790e+00	9.393195e-01	5.828559e-01	3.616675e-01	2.244186e-01	1.392551e-01	8.641132e-02	5.362275e-02	3.327950e-02	2.066009e-02	1.283568e-02	7.990315e-03	4.999421e-03	3.168844e-03	2.073723e-03	1.459894e-03	1.184892e-03	
2.296980e+00	1.425296e+00	8.844079e-01	5.487826e-01	3.405244e-01	2.112986e-01	1.311131e-01	8.135760e-02	5.048445e-02	3.132825e-02	1.944302e-02	1.207033e-02	7.499046e-03	4.668216e-03	2.920833e-03	1.851347e-03	1.211540e-03	8.529203e-04	6.922548e-04	
1.602892e+00	9.946080e-01	6.171627e-01	3.829547e-01	2.376267e-01	1.474496e-01	9.149408e-02	5.677344e-02	3.522935e-02	2.186166e-02	1.356784e-02	8.422989e-03	5.233028e-03	3.257602e-03	2.038233e-03	1.291918e-03	8.454441e-04	5.951898e-04	4.830733e-04	
1.215504e+00	7.542306e-01	4.680064e-01	2.904019e-01	1.801969e-01	1.118139e-01	6.938173e-02	4.305240e-02	2.671510e-02	1.657812e-02	1.028876e-02	6.387315e-03	3.968306e-03	2.470302e-03	1.545631e-03	9.796862e-04	6.411167e-04	4.513440e-04	3.663238e-04	
9.659776e-01	5.993972e-01	3.719310e-01	2.307864e-01	1.432049e-01	8.886001e-02	5.513860e-02	3.421432e-02	2.123085e-02	1.317486e-02	8.176615e-03	5.076086e-03	3.153667e-03	1.963183e-03	1.228334e-03	7.785699e-04	5.095041e-04	3.586892e-04	2.911225e-04	
7.901256e-01	4.902795e-01	3.042226e-01	1.887727e-01	1.171351e-01	7.268343e-02	4.510086e-02	2.798575e-02	1.736587e-02	1.077643e-02	6.688098e-03	4.152006e-03	2.579555e-03	1.605794e-03	1.004721e-03	6.368346e-04	4.167511e-04	2.933914e-04	2.381249e-04	
6.581955e-01	4.084158e-01	2.534254e-01	1.572526e-01	9.757664e-02	6.054721e-02	3.757020e-02	2.331287e-02	1.446623e-02	8.977051e-03	5.571362e-03	3.458731e-03	2.148838e-03	1.337669e-03	8.369593e-04	5.305000e-04	3.471646e-04	2.444027e-04	1.983643e-04	
5.544973e-01	3.440702e-01	2.134985e-01	1.324776e-01	8.220351e-02	5.100805e-02	3.165105e-02	1.963995e-02	1.218708e-02	7.562724e-03	4.693598e-03	2.913811e-03	1.810290e-03	1.126920e-03	7.050970e-04	4.469202e-04	2.924691e-04	2.058973e-04	1.671122e-04	
4.699630e-01	2.916160e-01	1.809502e-01	1.122811e-01	6.967141e-02	4.323176e-02	2.682578e-02	1.664579e-02	1.032914e-02	6.409770e-03	3.978049e-03	2.469594e-03	1.534307e-03	9.551186e-04	5.976035e-04	3.787862e-04	2.478816e-04	1.745078e-04	1.416356e-04	
3.989768e-01	2.475684e-01	1.536183e-01	9.532145e-02	5.914779e-02	3.670176e-02	2.277384e-02	1.413151e-02	8.768957e-03	5.441597e-03	3.377179e-03	2.096571e-03	1.302556e-03	8.108514e-04	5.073376e-04	3.215719e-04	2.104399e-04	1.481490e-04	1.202420e-04	
3.378657e-01	2.096485e-01	1.300886e-01	8.072111e-02	5.008815e-02	3.108016e-02	1.928558e-02	1.196699e-02	7.425820e-03	4.608110e-03	2.859898e-03	1.775440e-03	1.103044e-03	6.866536e-04	4.296289e-04	2.723169e-04	1.782069e-04	1.254571e-04	1.018246e-04	
2.841169e-01	1.762969e-01	1.093937e-01	6.787973e-02	4.211996e-02	2.613583e-02	1.621757e-02	1.006324e-02	6.244496e-03	3.875037e-03	2.404936e-03	1.492997e-03	9.275680e-04	5.774185e-04	3.612821e-04	2.289958e-04	1.498572e-04	1.054990e-04	8.562601e-05	
2.359437e-01	1.464051e-01	9.084558e-02	5.637045e-02	3.497836e-02	2.170440e-02	1.346781e-02	8.356979e-03	5.185717e-03	3.218009e-03	1.997170e-03	1.239853e-03	7.702952e-04	4.795149e-04	3.000253e-04	1.901687e-04	1.244483e-04	8.761120e-05	7.110778e-05	
1.920311e-01	1.191569e-01	7.393787e-02	4.587908e-02	2.846837e-02	1.766489e-02	1.096126e-02	6.801622e-03	4.220579e-03	2.619090e-03	1.625467e-03	1.009098e-03	6.269319e-04	3.902701e-04	2.441862e-04	1.547755e-04	1.012867e-04	7.130546e-05	5.787358e-05	
1.513791e-01	9.393198e-02	5.828558e-02	3.616670e-02	2.244175e-02	1.392532e-02	8.640810e-03	5.361751e-03	3.327103e-03	2.064641e-03	1.281363e-03	7.954772e-04	4.942134e-04	3.076518e-04	1.924931e-04	1.220103e-04	7.984476e-05	5.621044e-05	4.562202e-05	
1.132024e-01	7.024305e-02	4.358640e-02	2.704573e-02	1.678211e-02	1.041346e-02	6.461663e-03	4.009558e-03	2.488032e-03	1.543954e-03	9.582132e-04	5.948638e-04	3.695766e-04	2.300644e-04	1.439478e-04	9.124020e-05	5.970851e-05	4.203459e-05	3.411649e-05	
7.686393e-02	4.769471e-02	2.959497e-02	1.836393e-02	1.139498e-02	7.070691e-03	4.387441e-03	2.722472e-03	1.689363e-03	1.048338e-03	6.506225e-04	4.039099e-04	2.509408e-04	1.562127e-04	9.773993e-05	6.195168e-05	4.054181e-05	2.854130e-05	2.316494e-05	
4.182775e-02	2.595447e-02	1.610497e-02	9.993268e-03	6.200910e-03	3.847723e-03	2.387554e-03	1.481513e-03	9.193160e-04	5.704838e-04	3.540552e-04	2.197993e-04	1.365568e-04	8.500767e-05	5.318803e-05	3.371281e-05	2.206201e-05	1.553158e-05	1.260588e-05	
7.625439e-03	4.731649e-03	2.936028e-03	1.821830e-03	1.130462e-03	7.014620e-04	4.352648e-04	2.700883e-04	1.675966e-04	1.040025e-04	6.454630e-05	4.007068e-05	2.489508e-05	1.549739e-05	9.696485e-06	6.146040e-06	4.022031e-06	2.831497e-06	2.298124e-06	
-2.617014e-02	-1.623879e-02	-1.007631e-02	-6.252434e-03	-3.879690e-03	-2.407384e-03	-1.493808e-03	-9.269299e-04	-5.751835e-04	-3.569315e-04	-2.215198e-04	-1.375207e-04	-8.543873e-05	-5.318629e-05	-3.327787e-05	-2.109291e-05	-1.380342e-05	-9.717560e-06	-7.887052e-06	
-5.996656e-02	-3.720975e-02	-2.308896e-02	-1.432690e-02	-8.889965e-03	-5.516306e-03	-3.422928e-03	-2.123978e-03	-1.317982e-03	-8.178769e-04	-5.075930e-04	-3.151164e-04	-1.957753e-04	-1.218717e-04	-7.625329e-05	-4.833254e-05	-3.162931e-05	-2.226693e-05	-1.807248e-05	
