-2.080732e-17	-2.020436e-17	-1.985545e-17	-1.968216e-17	-1.962384e-17	-1.963357e-17	-1.967527e-17	-1.972140e-17	-1.975138e-17	-1.975039e-17	-1.970864e-17	-1.962094e-17	-1.948662e-17	-1.930978e-17	-1.909990e-17	
-4.487185e-02	-4.391807e-02	-4.319084e-02	-4.268639e-02	-4.240213e-02	-4.233659e-02	-4.248943e-02	-4.286143e-02	-4.345453e-02	-4.427177e-02	-4.531738e-02	-4.659674e-02	-4.811645e-02	-4.988437e-02	-5.190959e-02	
-8.974681e-02	-8.783921e-02	-8.638471e-02	-8.537580e-02	-8.480727e-02	-8.467620e-02	-8.498190e-02	-8.572596e-02	-8.691221e-02	-8.854677e-02	-9.063807e-02	-9.319690e-02	-9.623647e-02	-9.977244e-02	-1.038231e-01	
-1.346280e-01	-1.317665e-01	-1.295846e-01	-1.280712e-01	-1.272184e-01	-1.270218e-01	-1.274805e-01	-1.285967e-01	-1.303762e-01	-1.328282e-01	-1.359654e-01	-1.398039e-01	-1.443636e-01	-1.496679e-01	-1.557442e-01	
-1.795185e-01	-1.757029e-01	-1.727936e-01	-1.707756e-01	-1.696386e-01	-1.693765e-01	-1.699881e-01	-1.714766e-01	-1.738496e-01	-1.771193e-01	-1.813027e-01	-1.864212e-01	-1.925014e-01	-1.995745e-01	-2.076770e-01	
-2.244213e-01	-2.196515e-01	-2.160146e-01	-2.134920e-01	-2.120707e-01	-2.117432e-01	-2.125080e-01	-2.143689e-01	-2.173356e-01	-2.214233e-01	-2.266532e-01	-2.330522e-01	-2.406533e-01	-2.494958e-01	-2.596252e-01	
-2.693397e-01	-2.636153e-01	-2.592507e-01	-2.562234e-01	-2.545177e-01	-2.541249e-01	-2.550429e-01	-2.572765e-01	-2.608372e-01	-2.657433e-01	-2.720202e-01	-2.797002e-01	-2.888229e-01	-2.994355e-01	-3.115926e-01	
-3.142765e-01	-3.075973e-01	-3.025048e-01	-2.989726e-01	-2.969826e-01	-2.965245e-01	-2.975960e-01	-3.002025e-01	-3.043575e-01	-3.100825e-01	-3.174069e-01	-3.263686e-01	-3.370137e-01	-3.493972e-01	-3.635830e-01	
-3.592347e-01	-3.516004e-01	-3.457797e-01	-3.417426e-01	-3.394683e-01	-3.389450e-01	-3.401701e-01	-3.431498e-01	-3.478996e-01	-3.544439e-01	-3.628165e-01	-3.730606e-01	-3.852291e-01	-3.993846e-01	-4.156002e-01	
-4.042174e-01	-3.956275e-01	-3.890784e-01	-3.845362e-01	-3.819775e-01	-3.813892e-01	-3.827681e-01	-3.861215e-01	-3.914665e-01	-3.988308e-01	-4.082523e-01	-4.197797e-01	-4.334724e-01	-4.494010e-01	-4.676478e-01	
-4.492274e-01	-4.396816e-01	-4.324037e-01	-4.273563e-01	-4.245132e-01	-4.238599e-01	-4.253930e-01	-4.291203e-01	-4.350611e-01	-4.432460e-01	-4.537173e-01	-4.665289e-01	-4.817471e-01	-4.994501e-01	-5.197294e-01	
-4.942675e-01	-4.837653e-01	-4.757584e-01	-4.702055e-01	-4.670781e-01	-4.663600e-01	-4.680474e-01	-4.721491e-01	-4.786863e-01	-4.876926e-01	-4.992146e-01	-5.133116e-01	-5.300563e-01	-5.495352e-01	-5.718488e-01	
-5.393407e-01	-5.278814e-01	-5.191452e-01	-5.130867e-01	-5.096749e-01	-5.088921e-01	-5.107342e-01	-5.152108e-01	-5.223450e-01	-5.321736e-01	-5.447472e-01	-5.601307e-01	-5.784035e-01	-5.996598e-01	-6.240093e-01	
-5.844495e-01	-5.720327e-01	-5.625667e-01	-5.560025e-01	-5.523062e-01	-5.514589e-01	-5.534561e-01	-5.583081e-01	-5.660400e-01	-5.766916e-01	-5.903180e-01	-6.069893e-01	-6.267916e-01	-6.498270e-01	-6.762144e-01	
-6.295966e-01	-6.162218e-01	-6.060256e-01	-5.989553e-01	-5.949747e-01	-5.940630e-01	-5.962156e-01	-6.014436e-01	-6.097740e-01	-6.212497e-01	-6.359300e-01	-6.538905e-01	-6.752239e-01	-7.000402e-01	-7.284675e-01	
-6.747847e-01	-6.604511e-01	-6.495243e-01	-6.419479e-01	-6.376827e-01	-6.367069e-01	-6.390153e-01	-6.446199e-01	-6.535496e-01	-6.658504e-01	-6.815858e-01	-7.008370e-01	-7.237032e-01	-7.503025e-01	-7.807719e-01	
-7.200161e-01	-7.047231e-01	-6.930653e-01	-6.849824e-01	-6.804328e-01	-6.793931e-01	-6.818577e-01	-6.878396e-01	-6.973694e-01	-7.104964e-01	-7.272883e-01	-7.478318e-01	-7.722326e-01	-8.006169e-01	-8.331308e-01	
-7.652933e-01	-7.490402e-01	-7.366509e-01	-7.280614e-01	-7.232273e-01	-7.221238e-01	-7.247452e-01	-7.311050e-01	-7.412359e-01	-7.551903e-01	-7.730401e-01	-7.948774e-01	-8.208149e-01	-8.509863e-01	-8.855472e-01	
-8.106185e-01	-7.934047e-01	-7.802834e-01	-7.711869e-01	-7.660684e-01	-7.649015e-01	-7.676800e-01	-7.744184e-01	-7.851514e-01	-7.999344e-01	-8.188436e-01	-8.419766e-01	-8.694527e-01	-9.014135e-01	-9.380241e-01	
-8.559940e-01	-8.378185e-01	-8.239648e-01	-8.143612e-01	-8.089582e-01	-8.077281e-01	-8.106643e-01	-8.177822e-01	-8.291183e-01	-8.447311e-01	-8.647013e-01	-8.891318e-01	-9.181486e-01	-9.519014e-01	-9.905643e-01	
-9.014216e-01	-8.822839e-01	-8.676972e-01	-8.575862e-01	-8.518988e-01	-8.506057e-01	-8.537002e-01	-8.611983e-01	-8.731386e-01	-8.895827e-01	-9.106154e-01	-9.363454e-01	-9.669051e-01	-1.002452e+00	-1.043171e+00	
-9.469034e-01	-9.268026e-01	-9.114824e-01	-9.008638e-01	-8.948920e-01	-8.935363e-01	-8.967896e-01	-9.046687e-01	-9.172143e-01	-9.344911e-01	-9.565882e-01	-9.836195e-01	-1.015725e+00	-1.053069e+00	-1.095845e+00	
-9.924412e-01	-9.713764e-01	-9.553221e-01	-9.441957e-01	-9.379395e-01	-9.365215e-01	-9.399342e-01	-9.481953e-01	-9.613474e-01	-9.794583e-01	-1.002622e+00	-1.030956e+00	-1.064609e+00	-1.103753e+00	-1.148591e+00	
-1.038036e+00	-1.016007e+00	-9.992181e-01	-9.875835e-01	-9.810431e-01	-9.795631e-01	-9.831358e-01	-9.917798e-01	-1.005540e+00	-1.024486e+00	-1.048717e+00	-1.078358e+00	-1.113561e+00	-1.154508e+00	-1.201410e+00	
-1.083691e+00	-1.060695e+00	-1.043172e+00	-1.031029e+00	-1.024204e+00	-1.022662e+00	-1.026396e+00	-1.035424e+00	-1.049793e+00	-1.069576e+00	-1.094877e+00	-1.125826e+00	-1.162582e+00	-1.205334e+00	-1.254304e+00	
-1.129405e+00	-1.105443e+00	-1.087184e+00	-1.074533e+00	-1.067424e+00	-1.065821e+00	-1.069716e+00	-1.079128e+00	-1.094108e+00	-1.114730e+00	-1.141103e+00	-1.173362e+00	-1.211673e+00	-1.256234e+00	-1.307275e+00	
-1.175181e+00	-1.150252e+00	-1.131256e+00	-1.118096e+00	-1.110703e+00	-1.109040e+00	-1.113097e+00	-1.122895e+00	-1.138486e+00	-1.159949e+00	-1.187396e+00	-1.220967e+00	-1.260836e+00	-1.307209e+00	-1.360325e+00	
-1.221018e+00	-1.195122e+00	-1.175389e+00	-1.161720e+00	-1.154043e+00	-1.152319e+00	-1.156539e+00	-1.166725e+00	-1.182929e+00	-1.205234e+00	-1.233757e+00	-1.268643e+00	-1.310073e+00	-1.358261e+00	-1.413455e+00	
-1.266919e+00	-1.240053e+00	-1.219584e+00	-1.205406e+00	-1.197445e+00	-1.195661e+00	-1.200045e+00	-1.210618e+00	-1.227437e+00	-1.250586e+00	-1.280186e+00	-1.316390e+00	-1.359384e+00	-1.409390e+00	-1.466666e+00	
-1.312883e+00	-1.285047e+00	-1.263841e+00	-1.249153e+00	-1.240909e+00	-1.239065e+00	-1.243613e+00	-1.254576e+00	-1.272010e+00	-1.296006e+00	-1.326686e+00	-1.364210e+00	-1.408771e+00	-1.460598e+00	-1.519960e+00	
-1.358910e+00	-1.330104e+00	-1.308159e+00	-1.292962e+00	-1.284435e+00	-1.282532e+00	-1.287246e+00	-1.298599e+00	-1.316650e+00	-1.341493e+00	-1.373256e+00	-1.412103e+00	-1.458233e+00	-1.511885e+00	-1.573336e+00	
-1.405000e+00	-1.375223e+00	-1.352540e+00	-1.336833e+00	-1.328023e+00	-1.326062e+00	-1.330941e+00	-1.342686e+00	-1.361357e+00	-1.387049e+00	-1.419897e+00	-1.460068e+00	-1.507771e+00	-1.563251e+00	-1.626795e+00	
-1.451153e+00	-1.420404e+00	-1.396982e+00	-1.380766e+00	-1.371673e+00	-1.369654e+00	-1.374701e+00	-1.386838e+00	-1.406129e+00	-1.432673e+00	-1.466608e+00	-1.508107e+00	-1.557385e+00	-1.614697e+00	-1.680338e+00	
-1.497369e+00	-1.465647e+00	-1.441486e+00	-1.424761e+00	-1.415384e+00	-1.413308e+00	-1.418523e+00	-1.431054e+00	-1.450968e+00	-1.478365e+00	-1.513389e+00	-1.556218e+00	-1.607075e+00	-1.666222e+00	-1.733963e+00	
-1.543645e+00	-1.510951e+00	-1.486050e+00	-1.468815e+00	-1.459156e+00	-1.457024e+00	-1.462407e+00	-1.475334e+00	-1.495871e+00	-1.524124e+00	-1.560239e+00	-1.604402e+00	-1.656840e+00	-1.717825e+00	-1.787671e+00	
-1.589982e+00	-1.556314e+00	-1.530673e+00	-1.512929e+00	-1.502988e+00	-1.500800e+00	-1.506353e+00	-1.519677e+00	-1.540839e+00	-1.569949e+00	-1.607158e+00	-1.652656e+00	-1.706679e+00	-1.769506e+00	-1.841460e+00	
-1.636376e+00	-1.601734e+00	-1.575354e+00	-1.557100e+00	-1.546877e+00	-1.544634e+00	-1.550359e+00	-1.564080e+00	-1.585869e+00	-1.615839e+00	-1.654143e+00	-1.700980e+00	-1.756591e+00	-1.821262e+00	-1.895328e+00	
-1.682827e+00	-1.647210e+00	-1.620090e+00	-1.601327e+00	-1.590823e+00	-1.588526e+00	-1.594422e+00	-1.608543e+00	-1.630961e+00	-1.661791e+00	-1.701194e+00	-1.749372e+00	-1.806573e+00	-1.873093e+00	-1.949275e+00	
-1.729331e+00	-1.692740e+00	-1.664879e+00	-1.645607e+00	-1.634823e+00	-1.632472e+00	-1.638541e+00	-1.653063e+00	-1.676111e+00	-1.707805e+00	-1.748308e+00	-1.797829e+00	-1.856624e+00	-1.924996e+00	-2.003297e+00	
-1.775886e+00	-1.738319e+00	-1.709719e+00	-1.689938e+00	-1.678874e+00	-1.676470e+00	-1.682714e+00	-1.697637e+00	-1.721317e+00	-1.753876e+00	-1.795482e+00	-1.846350e+00	-1.906741e+00	-1.976968e+00	-2.057392e+00	
-1.822488e+00	-1.783947e+00	-1.754607e+00	-1.734317e+00	-1.722974e+00	-1.720518e+00	-1.726937e+00	-1.742264e+00	-1.766577e+00	-1.800004e+00	-1.842714e+00	-1.894930e+00	-1.956921e+00	-2.029006e+00	-2.111556e+00	
-1.869134e+00	-1.829617e+00	-1.799538e+00	-1.778740e+00	-1.767118e+00	-1.764612e+00	-1.771207e+00	-1.786939e+00	-1.811888e+00	-1.846183e+00	-1.890001e+00	-1.943568e+00	-2.007160e+00	-2.081106e+00	-2.165786e+00	
-1.915819e+00	-1.875327e+00	-1.844508e+00	-1.823204e+00	-1.811304e+00	-1.808747e+00	-1.815520e+00	-1.831658e+00	-1.857244e+00	-1.892410e+00	-1.937337e+00	-1.992258e+00	-2.057455e+00	-2.133264e+00	-2.220078e+00	
-1.962538e+00	-1.921072e+00	-1.889514e+00	-1.867703e+00	-1.855526e+00	-1.852920e+00	-1.859872e+00	-1.876417e+00	-1.902642e+00	-1.938680e+00	-1.984719e+00	-2.040995e+00	-2.107800e+00	-2.185476e+00	-2.274426e+00	
-2.009287e+00	-1.966845e+00	-1.934550e+00	-1.912233e+00	-1.899779e+00	-1.897126e+00	-1.904258e+00	-1.921212e+00	-1.948077e+00	-1.984990e+00	-2.032142e+00	-2.089776e+00	-2.158190e+00	-2.237736e+00	-2.328825e+00	
-2.056058e+00	-2.012643e+00	-1.979609e+00	-1.956788e+00	-1.944059e+00	-1.941358e+00	-1.948672e+00	-1.966037e+00	-1.993543e+00	-2.031332e+00	-2.079599e+00	-2.138594e+00	-2.208619e+00	-2.290038e+00	-2.383268e+00	
-2.102845e+00	-2.058457e+00	-2.024687e+00	-2.001361e+00	-1.988359e+00	-1.985612e+00	-1.993108e+00	-2.010885e+00	-2.039035e+00	-2.077702e+00	-2.127086e+00	-2.187442e+00	-2.259082e+00	-2.342374e+00	-2.437749e+00	
-2.149641e+00	-2.104281e+00	-2.069776e+00	-2.045947e+00	-2.032671e+00	-2.029881e+00	-2.037561e+00	-2.055751e+00	-2.084545e+00	-2.124091e+00	-2.174594e+00	-2.236315e+00	-2.309570e+00	-2.394739e+00	-2.492260e+00	
-2.196438e+00	-2.150108e+00	-2.114868e+00	-2.090537e+00	-2.076990e+00	-2.074156e+00	-2.082022e+00	-2.100626e+00	-2.130066e+00	-2.170494e+00	-2.222117e+00	-2.285203e+00	-2.360076e+00	-2.447123e+00	-2.546792e+00	
-2.243227e+00	-2.195928e+00	-2.159955e+00	-2.135124e+00	-2.121307e+00	-2.118431e+00	-2.126483e+00	-2.145504e+00	-2.175591e+00	-2.216901e+00	-2.269646e+00	-2.334099e+00	-2.410591e+00	-2.499517e+00	-2.601337e+00	
-2.289999e+00	-2.241732e+00	-2.205028e+00	-2.179699e+00	-2.165612e+00	-2.162697e+00	-2.170936e+00	-2.190375e+00	-2.221111e+00	-2.263304e+00	-2.317172e+00	-2.382993e+00	-2.461105e+00	-2.551913e+00	-2.655883e+00	
-2.336744e+00	-2.287511e+00	-2.250078e+00	-2.224251e+00	-2.209898e+00	-2.206943e+00	-2.215373e+00	-2.235229e+00	-2.266616e+00	-2.309694e+00	-2.364686e+00	-2.431876e+00	-2.511609e+00	-2.604298e+00	-2.710421e+00	
-2.383450e+00	-2.333254e+00	-2.295093e+00	-2.268772e+00	-2.254152e+00	-2.251161e+00	-2.259781e+00	-2.280058e+00	-2.312095e+00	-2.356059e+00	-2.412176e+00	-2.480736e+00	-2.562091e+00	-2.656663e+00	-2.764938e+00	
-2.430105e+00	-2.378949e+00	-2.340063e+00	-2.313248e+00	-2.298366e+00	-2.295338e+00	-2.304151e+00	-2.324849e+00	-2.357539e+00	-2.402389e+00	-2.459632e+00	-2.529562e+00	-2.612539e+00	-2.708993e+00	-2.819421e+00	
-2.476698e+00	-2.424583e+00	-2.384975e+00	-2.357670e+00	-2.342525e+00	-2.339464e+00	-2.348471e+00	-2.369591e+00	-2.402934e+00	-2.448672e+00	-2.507040e+00	-2.578341e+00	-2.662941e+00	-2.761277e+00	-2.873856e+00	
-2.523213e+00	-2.470144e+00	-2.429817e+00	-2.402023e+00	-2.386619e+00	-2.383526e+00	-2.392727e+00	-2.414271e+00	-2.448268e+00	-2.494894e+00	-2.554389e+00	-2.627060e+00	-2.713281e+00	-2.813499e+00	-2.928229e+00	
-2.569637e+00	-2.515617e+00	-2.474573e+00	-2.446294e+00	-2.430633e+00	-2.427509e+00	-2.436908e+00	-2.458876e+00	-2.493528e+00	-2.541042e+00	-2.601663e+00	-2.675703e+00	-2.763546e+00	-2.865644e+00	-2.982523e+00	
-2.615954e+00	-2.560987e+00	-2.519230e+00	-2.490468e+00	-2.474552e+00	-2.471401e+00	-2.480997e+00	-2.503391e+00	-2.538698e+00	-2.587100e+00	-2.648847e+00	-2.724257e+00	-2.813719e+00	-2.917696e+00	-3.036722e+00	
-2.662147e+00	-2.606237e+00	-2.563771e+00	-2.534530e+00	-2.518362e+00	-2.515184e+00	-2.524980e+00	-2.547801e+00	-2.583763e+00	-2.633053e+00	-2.695925e+00	-2.772704e+00	-2.863784e+00	-2.969636e+00	-3.090806e+00	
-2.708198e+00	-2.651350e+00	-2.608179e+00	-2.578462e+00	-2.562045e+00	-2.558843e+00	-2.568841e+00	-2.592088e+00	-2.628707e+00	-2.678885e+00	-2.742881e+00	-2.821025e+00	-2.913721e+00	-3.021447e+00	-3.144758e+00	
-2.754088e+00	-2.696309e+00	-2.652437e+00	-2.622248e+00	-2.605584e+00	-2.602361e+00	-2.612561e+00	-2.636237e+00	-2.673511e+00	-2.724576e+00	-2.789695e+00	-2.869204e+00	-2.963513e+00	-3.073108e+00	-3.198555e+00	
-2.799799e+00	-2.741092e+00	-2.696525e+00	-2.665868e+00	-2.648961e+00	-2.645718e+00	-2.656122e+00	-2.680228e+00	-2.718158e+00	-2.770109e+00	-2.836349e+00	-2.917219e+00	-3.013137e+00	-3.124598e+00	-3.252175e+00	
-2.845308e+00	-2.785681e+00	-2.740424e+00	-2.709302e+00	-2.692156e+00	-2.688896e+00	-2.699506e+00	-2.724041e+00	-2.762627e+00	-2.815463e+00	-2.882821e+00	-2.965050e+00	-3.062574e+00	-3.175894e+00	-3.305597e+00	
-2.890593e+00	-2.830053e+00	-2.784112e+00	-2.752531e+00	-2.735148e+00	-2.731874e+00	-2.742691e+00	-2.767656e+00	-2.806897e+00	-2.860616e+00	-2.929091e+00	-3.012675e+00	-3.111799e+00	-3.226974e+00	-3.358795e+00	
-2.935632e+00	-2.874186e+00	-2.827566e+00	-2.795531e+00	-2.777916e+00	-2.774630e+00	-2.785656e+00	-2.811051e+00	-2.850946e+00	-2.905547e+00	-2.975135e+00	-3.060070e+00	-3.160789e+00	-3.277812e+00	-3.411743e+00	
-2.980400e+00	-2.918056e+00	-2.870764e+00	-2.838280e+00	-2.820437e+00	-2.817142e+00	-2.828378e+00	-2.854204e+00	-2.894752e+00	-2.950232e+00	-3.020930e+00	-3.107210e+00	-3.209519e+00	-3.328382e+00	-3.464414e+00	
-3.024871e+00	-2.961638e+00	-2.913682e+00	-2.880755e+00	-2.862687e+00	-2.859386e+00	-2.870834e+00	-2.897090e+00	-2.938290e+00	-2.994647e+00	-3.066450e+00	-3.154071e+00	-3.257961e+00	-3.378657e+00	-3.516780e+00	
-3.069019e+00	-3.004906e+00	-2.956293e+00	-2.922928e+00	-2.904641e+00	-2.901337e+00	-2.912998e+00	-2.939685e+00	-2.981536e+00	-3.038766e+00	-3.111670e+00	-3.200625e+00	-3.306090e+00	-3.428608e+00	-3.568811e+00	
-3.112817e+00	-3.047833e+00	-2.998571e+00	-2.964776e+00	-2.946274e+00	-2.942969e+00	-2.954845e+00	-2.981963e+00	-3.024462e+00	-3.082562e+00	-3.156562e+00	-3.246845e+00	-3.353875e+00	-3.478205e+00	-3.620477e+00	
-3.156234e+00	-3.090391e+00	-3.040489e+00	-3.006270e+00	-2.987558e+00	-2.984256e+00	-2.996348e+00	-3.023896e+00	-3.067041e+00	-3.126007e+00	-3.201098e+00	-3.292700e+00	-3.401287e+00	-3.527418e+00	-3.671745e+00	
-3.199243e+00	-3.132551e+00	-3.082018e+00	-3.047382e+00	-3.028465e+00	-3.025170e+00	-3.037479e+00	-3.065457e+00	-3.109246e+00	-3.169074e+00	-3.245248e+00	-3.338162e+00	-3.448295e+00	-3.576215e+00	-3.722582e+00	
-3.241811e+00	-3.174283e+00	-3.123128e+00	-3.088084e+00	-3.068968e+00	-3.065683e+00	-3.078211e+00	-3.106617e+00	-3.151047e+00	-3.211732e+00	-3.288983e+00	-3.383199e+00	-3.494867e+00	-3.624562e+00	-3.772953e+00	
-3.283908e+00	-3.215556e+00	-3.163791e+00	-3.128345e+00	-3.109036e+00	-3.105764e+00	-3.118512e+00	-3.147346e+00	-3.192415e+00	-3.253950e+00	-3.332271e+00	-3.427780e+00	-3.540970e+00	-3.672425e+00	-3.822823e+00	
-3.325501e+00	-3.256339e+00	-3.203974e+00	-3.168135e+00	-3.148639e+00	-3.145384e+00	-3.158353e+00	-3.187614e+00	-3.233317e+00	-3.295699e+00	-3.375080e+00	-3.471871e+00	-3.586570e+00	-3.719769e+00	-3.872156e+00	
-3.366557e+00	-3.296599e+00	-3.243646e+00	-3.207424e+00	-3.187746e+00	-3.184512e+00	-3.197704e+00	-3.227390e+00	-3.273724e+00	-3.336945e+00	-3.417378e+00	-3.515439e+00	-3.631633e+00	-3.766559e+00	-3.920915e+00	
-3.407043e+00	-3.336304e+00	-3.282775e+00	-3.246179e+00	-3.226327e+00	-3.223117e+00	-3.236533e+00	-3.266643e+00	-3.313604e+00	-3.377656e+00	-3.459132e+00	-3.558450e+00	-3.676123e+00	-3.812759e+00	-3.969061e+00	
-3.446926e+00	-3.375422e+00	-3.321329e+00	-3.284368e+00	-3.264349e+00	-3.261167e+00	-3.274808e+00	-3.305341e+00	-3.352923e+00	-3.417800e+00	-3.500307e+00	-3.600870e+00	-3.720006e+00	-3.858331e+00	-4.016558e+00	
-3.486171e+00	-3.413918e+00	-3.359275e+00	-3.321960e+00	-3.301780e+00	-3.298632e+00	-3.312498e+00	-3.343451e+00	-3.391650e+00	-3.457344e+00	-3.540872e+00	-3.642664e+00	-3.763246e+00	-3.903240e+00	-4.063367e+00	
-3.524745e+00	-3.451761e+00	-3.396582e+00	-3.358923e+00	-3.338590e+00	-3.335478e+00	-3.349571e+00	-3.380943e+00	-3.429753e+00	-3.496255e+00	-3.580792e+00	-3.683799e+00	-3.805808e+00	-3.947448e+00	-4.109449e+00	
-3.562614e+00	-3.488917e+00	-3.433216e+00	-3.395224e+00	-3.374746e+00	-3.371676e+00	-3.385997e+00	-3.417784e+00	-3.467200e+00	-3.534501e+00	-3.620034e+00	-3.724239e+00	-3.847655e+00	-3.990918e+00	-4.154767e+00	
-3.599746e+00	-3.525354e+00	-3.469147e+00	-3.430834e+00	-3.410218e+00	-3.407193e+00	-3.421743e+00	-3.453943e+00	-3.503959e+00	-3.572049e+00	-3.658565e+00	-3.763952e+00	-3.888755e+00	-4.033616e+00	-4.199284e+00	
-3.636109e+00	-3.561042e+00	-3.504344e+00	-3.465722e+00	-3.444977e+00	-3.442002e+00	-3.456781e+00	-3.489391e+00	-3.540000e+00	-3.608870e+00	-3.696354e+00	-3.802905e+00	-3.929072e+00	-4.075506e+00	-4.242963e+00	
-3.671672e+00	-3.595951e+00	-3.538778e+00	-3.499859e+00	-3.478993e+00	-3.476072e+00	-3.491082e+00	-3.524099e+00	-3.575294e+00	-3.644932e+00	-3.733370e+00	-3.841066e+00	-3.968576e+00	-4.116555e+00	-4.285769e+00	
-3.706408e+00	-3.630052e+00	-3.572422e+00	-3.533218e+00	-3.512239e+00	-3.509378e+00	-3.524618e+00	-3.558039e+00	-3.609813e+00	-3.680207e+00	-3.769585e+00	-3.878407e+00	-4.007234e+00	-4.156732e+00	-4.327671e+00	
-3.740289e+00	-3.663321e+00	-3.605249e+00	-3.565774e+00	-3.544691e+00	-3.541893e+00	-3.557365e+00	-3.591186e+00	-3.643532e+00	-3.714671e+00	-3.804972e+00	-3.914899e+00	-4.045020e+00	-4.196006e+00	-4.368637e+00	
-3.773291e+00	-3.695733e+00	-3.637237e+00	-3.597503e+00	-3.576326e+00	-3.573596e+00	-3.589300e+00	-3.623518e+00	-3.676427e+00	-3.748299e+00	-3.839506e+00	-3.950518e+00	-4.081908e+00	-4.234353e+00	-4.408639e+00	
-3.805395e+00	-3.727268e+00	-3.668367e+00	-3.628388e+00	-3.607124e+00	-3.604468e+00	-3.620404e+00	-3.655014e+00	-3.708478e+00	-3.781071e+00	-3.873168e+00	-3.985243e+00	-4.117875e+00	-4.271747e+00	-4.447654e+00	
-3.836582e+00	-3.757909e+00	-3.698621e+00	-3.658410e+00	-3.637070e+00	-3.634491e+00	-3.650660e+00	-3.685659e+00	-3.739669e+00	-3.812970e+00	-3.905939e+00	-4.019055e+00	-4.152903e+00	-4.308171e+00	-4.485663e+00	
-3.866841e+00	-3.787645e+00	-3.727987e+00	-3.687559e+00	-3.666151e+00	-3.663655e+00	-3.680056e+00	-3.715440e+00	-3.769988e+00	-3.843983e+00	-3.937807e+00	-4.051942e+00	-4.186978e+00	-4.343611e+00	-4.522649e+00	
-3.896164e+00	-3.816468e+00	-3.756459e+00	-3.715826e+00	-3.694360e+00	-3.691951e+00	-3.708585e+00	-3.744349e+00	-3.799427e+00	-3.874103e+00	-3.968763e+00	-4.083894e+00	-4.220091e+00	-4.378056e+00	-4.558604e+00	
-3.924548e+00	-3.844376e+00	-3.784034e+00	-3.743211e+00	-3.721696e+00	-3.719378e+00	-3.736245e+00	-3.772385e+00	-3.827984e+00	-3.903328e+00	-3.998806e+00	-4.114911e+00	-4.252241e+00	-4.411506e+00	-4.593525e+00	
-3.952000e+00	-3.871374e+00	-3.810717e+00	-3.769717e+00	-3.748161e+00	-3.745940e+00	-3.763040e+00	-3.799552e+00	-3.855662e+00	-3.931660e+00	-4.027939e+00	-4.144995e+00	-4.283431e+00	-4.443962e+00	-4.627417e+00	
-3.978529e+00	-3.897472e+00	-3.836518e+00	-3.795355e+00	-3.773768e+00	-3.771647e+00	-3.788981e+00	-3.825860e+00	-3.882473e+00	-3.959112e+00	-4.056174e+00	-4.174158e+00	-4.313673e+00	-4.475439e+00	-4.660290e+00	
-4.004157e+00	-3.922691e+00	-3.861458e+00	-3.820144e+00	-3.798534e+00	-3.796518e+00	-3.814086e+00	-3.851327e+00	-3.908435e+00	-3.985702e+00	-4.083529e+00	-4.202420e+00	-4.342987e+00	-4.505957e+00	-4.692169e+00	
-4.028912e+00	-3.947058e+00	-3.885563e+00	-3.844110e+00	-3.822487e+00	-3.820580e+00	-3.838381e+00	-3.875981e+00	-3.933575e+00	-4.011458e+00	-4.110033e+00	-4.229809e+00	-4.371403e+00	-4.535545e+00	-4.723083e+00	
-4.052832e+00	-3.970610e+00	-3.908870e+00	-3.867291e+00	-3.845662e+00	-3.843869e+00	-3.861903e+00	-3.899858e+00	-3.957929e+00	-4.036416e+00	-4.135724e+00	-4.256364e+00	-4.398960e+00	-4.564246e+00	-4.753076e+00	
-4.075967e+00	-3.993397e+00	-3.931425e+00	-3.889733e+00	-3.868105e+00	-3.866429e+00	-3.884697e+00	-3.923003e+00	-3.981544e+00	-4.060624e+00	-4.160649e+00	-4.282135e+00	-4.425709e+00	-4.592112e+00	-4.782203e+00	
-4.098377e+00	-4.015476e+00	-3.953288e+00	-3.911492e+00	-3.889873e+00	-3.888318e+00	-3.906819e+00	-3.945473e+00	-4.004479e+00	-4.084140e+00	-4.184868e+00	-4.307183e+00	-4.451715e+00	-4.619209e+00	-4.810531e+00	
-4.120135e+00	-4.036920e+00	-3.974529e+00	-3.932638e+00	-3.911034e+00	-3.909603e+00	-3.928339e+00	-3.967338e+00	-4.026801e+00	-4.107035e+00	-4.208454e+00	-4.331582e+00	-4.477052e+00	-4.645616e+00	-4.838143e+00	
-4.141327e+00	-4.057812e+00	-3.995228e+00	-3.953253e+00	-3.931669e+00	-3.930366e+00	-3.949336e+00	-3.988677e+00	-4.048593e+00	-4.129393e+00	-4.231493e+00	-4.355419e+00	-4.501812e+00	-4.671426e+00	-4.865137e+00	
-4.162054e+00	-4.078251e+00	-4.015485e+00	-3.973431e+00	-3.951873e+00	-3.950700e+00	-3.969905e+00	-4.009588e+00	-4.069953e+00	-4.151311e+00	-4.254083e+00	-4.378799e+00	-4.526101e+00	-4.696750e+00	-4.891625e+00	
-4.182432e+00	-4.098350e+00	-4.035409e+00	-3.993283e+00	-3.971755e+00	-3.970714e+00	-3.990155e+00	-4.030178e+00	-4.090989e+00	-4.172903e+00	-4.276341e+00	-4.401838e+00	-4.550040e+00	-4.721712e+00	-4.917740e+00	
-4.202592e+00	-4.118238e+00	-4.055126e+00	-4.012932e+00	-3.991437e+00	-3.990531e+00	-4.010209e+00	-4.050573e+00	-4.111830e+00	-4.194296e+00	-4.298398e+00	-4.424672e+00	-4.573769e+00	-4.746459e+00	-4.943631e+00	
-4.222683e+00	-4.138060e+00	-4.074781e+00	-4.032521e+00	-4.011061e+00	-4.010291e+00	-4.030208e+00	-4.070913e+00	-4.132616e+00	-4.215636e+00	-4.320402e+00	-4.447453e+00	-4.597445e+00	-4.771151e+00	-4.969468e+00	
-4.242872e+00	-4.157978e+00	-4.094532e+00	-4.052206e+00	-4.030783e+00	-4.030151e+00	-4.050307e+00	-4.091356e+00	-4.153508e+00	-4.237086e+00	-4.342519e+00	-4.470351e+00	-4.621243e+00	-4.795972e+00	-4.995440e+00	
-4.263343e+00	-4.178174e+00	-4.114558e+00	-4.072164e+00	-4.050776e+00	-4.050283e+00	-4.070681e+00	-4.112077e+00	-4.174685e+00	-4.258825e+00	-4.364934e+00	-4.493558e+00	-4.645361e+00	-4.821126e+00	-5.021758e+00	
-4.284302e+00	-4.198849e+00	-4.135054e+00	-4.092589e+00	-4.071234e+00	-4.070880e+00	-4.091523e+00	-4.133272e+00	-4.196341e+00	-4.281056e+00	-4.387853e+00	-4.517284e+00	-4.670016e+00	-4.846836e+00	-5.048658e+00	
-4.305972e+00	-4.220221e+00	-4.156238e+00	-4.113694e+00	-4.092369e+00	-4.092153e+00	-4.113046e+00	-4.155154e+00	-4.218696e+00	-4.303998e+00	-4.411501e+00	-4.541760e+00	-4.695446e+00	-4.873353e+00	-5.076396e+00	
-4.328601e+00	-4.242532e+00	-4.178346e+00	-4.135712e+00	-4.114412e+00	-4.114335e+00	-4.135480e+00	-4.177957e+00	-4.241984e+00	-4.327893e+00	-4.436126e+00	-4.567241e+00	-4.721915e+00	-4.900946e+00	-5.105256e+00	
-4.352457e+00	-4.266043e+00	-4.201635e+00	-4.158900e+00	-4.137617e+00	-4.137677e+00	-4.159080e+00	-4.201936e+00	-4.266467e+00	-4.353005e+00	-4.461996e+00	-4.594004e+00	-4.749708e+00	-4.929913e+00	-5.135547e+00	
-4.377830e+00	-4.291041e+00	-4.226387e+00	-4.183533e+00	-4.162259e+00	-4.162455e+00	-4.184121e+00	-4.227370e+00	-4.292424e+00	-4.379620e+00	-4.489407e+00	-4.622351e+00	-4.779138e+00	-4.960576e+00	-5.167603e+00	
-4.405036e+00	-4.317835e+00	-4.252905e+00	-4.209913e+00	-4.188636e+00	-4.188965e+00	-4.210902e+00	-4.254559e+00	-4.320162e+00	-4.408050e+00	-4.518675e+00	-4.652608e+00	-4.810541e+00	-4.993287e+00	-5.201790e+00	
-4.434418e+00	-4.346757e+00	-4.281517e+00	-4.238362e+00	-4.217070e+00	-4.217530e+00	-4.239745e+00	-4.283829e+00	-4.350011e+00	-4.438630e+00	-4.550145e+00	-4.685131e+00	-4.844283e+00	-5.028423e+00	-5.238501e+00	
-4.466342e+00	-4.378168e+00	-4.312578e+00	-4.269233e+00	-4.247909e+00	-4.248497e+00	-4.271000e+00	-4.315533e+00	-4.382327e+00	-4.471726e+00	-4.584190e+00	-4.720301e+00	-4.880760e+00	-5.066396e+00	-5.278164e+00	
-4.501206e+00	-4.412458e+00	-4.346470e+00	-4.302902e+00	-4.281529e+00	-4.282242e+00	-4.305043e+00	-4.350050e+00	-4.417496e+00	-4.507728e+00	-4.621212e+00	-4.758533e+00	-4.920399e+00	-5.107646e+00	-5.321240e+00	
-4.539438e+00	-4.450044e+00	-4.383605e+00	-4.339778e+00	-4.318335e+00	-4.319168e+00	-4.342280e+00	-4.387790e+00	-4.455933e+00	-4.547061e+00	-4.661644e+00	-4.800272e+00	-4.963661e+00	-5.152653e+00	-5.368225e+00	
-4.581499e+00	-4.491380e+00	-4.424428e+00	-4.380299e+00	-4.358764e+00	-4.359712e+00	-4.383149e+00	-4.429195e+00	-4.498088e+00	-4.590182e+00	-4.705954e+00	-4.846000e+00	-5.011043e+00	-5.201934e+00	-5.419657e+00	
-4.627887e+00	-4.536952e+00	-4.469420e+00	-4.424941e+00	-4.403288e+00	-4.404347e+00	-4.428125e+00	-4.474744e+00	-4.544445e+00	-4.637587e+00	-4.754650e+00	-4.896239e+00	-5.063084e+00	-5.256045e+00	-5.476118e+00	
-4.679143e+00	-4.587290e+00	-4.519099e+00	-4.474219e+00	-4.452418e+00	-4.453583e+00	-4.477720e+00	-4.524955e+00	-4.595530e+00	-4.689810e+00	-4.808281e+00	-4.951554e+00	-5.120368e+00	-5.315594e+00	-5.538239e+00	
-4.735852e+00	-4.642967e+00	-4.574032e+00	-4.528691e+00	-4.506710e+00	-4.507975e+00	-4.532493e+00	-4.580391e+00	-4.651915e+00	-4.747435e+00	-4.867443e+00	-5.012559e+00	-5.183530e+00	-5.381239e+00	-5.606705e+00	
-4.798651e+00	-4.704609e+00	-4.634834e+00	-4.588966e+00	-4.566769e+00	-4.568129e+00	-4.593052e+00	-4.641666e+00	-4.714224e+00	-4.811098e+00	-4.932789e+00	-5.079924e+00	-5.253263e+00	-5.453699e+00	-5.682266e+00	
-4.868241e+00	-4.772900e+00	-4.702179e+00	-4.655712e+00	-4.633260e+00	-4.634708e+00	-4.660063e+00	-4.709455e+00	-4.783139e+00	-4.881496e+00	-5.005032e+00	-5.154386e+00	-5.330327e+00	-5.533763e+00	-5.765743e+00	
-4.945391e+00	-4.848595e+00	-4.776809e+00	-4.729663e+00	-4.706914e+00	-4.708444e+00	-4.734261e+00	-4.784498e+00	-4.859414e+00	-4.959397e+00	-5.084961e+00	-5.236754e+00	-5.415560e+00	-5.622300e+00	-5.858041e+00	
-5.030953e+00	-4.932529e+00	-4.859549e+00	-4.811635e+00	-4.788540e+00	-4.790146e+00	-4.816460e+00	-4.867619e+00	-4.943886e+00	-5.045654e+00	-5.173449e+00	-5.327930e+00	-5.509893e+00	-5.720277e+00	-5.960168e+00	
-5.125880e+00	-5.025637e+00	-4.951318e+00	-4.902538e+00	-4.879046e+00	-4.880722e+00	-4.907573e+00	-4.959738e+00	-5.037487e+00	-5.141221e+00	-5.271473e+00	-5.428917e+00	-5.614365e+00	-5.828772e+00	-6.073246e+00	
-5.231246e+00	-5.128970e+00	-5.053150e+00	-5.003396e+00	-4.979450e+00	-4.981190e+00	-5.008623e+00	-5.061892e+00	-5.141271e+00	-5.247170e+00	-5.380135e+00	-5.540851e+00	-5.730149e+00	-5.949003e+00	-6.198544e+00	
-5.348266e+00	-5.243720e+00	-5.166223e+00	-5.115375e+00	-5.090912e+00	-5.092710e+00	-5.120776e+00	-5.175257e+00	-5.256433e+00	-5.364722e+00	-5.500684e+00	-5.665019e+00	-5.858576e+00	-6.082353e+00	-6.337503e+00	
-5.478336e+00	-5.371257e+00	-5.291884e+00	-5.239808e+00	-5.214760e+00	-5.216610e+00	-5.245369e+00	-5.301184e+00	-5.384344e+00	-5.495278e+00	-5.634557e+00	-5.802900e+00	-6.001177e+00	-6.230408e+00	-6.491777e+00	
-5.623074e+00	-5.513166e+00	-5.431695e+00	-5.378242e+00	-5.352532e+00	-5.354430e+00	-5.383949e+00	-5.441238e+00	-5.526595e+00	-5.640459e+00	-5.783417e+00	-5.956208e+00	-6.159722e+00	-6.395009e+00	-6.663282e+00	
-5.784371e+00	-5.671300e+00	-5.587484e+00	-5.532488e+00	-5.506031e+00	-5.507974e+00	-5.538329e+00	-5.597252e+00	-5.685046e+00	-5.802165e+00	-5.949213e+00	-6.126948e+00	-6.336287e+00	-6.578310e+00	-6.854265e+00	
-5.964467e+00	-5.847859e+00	-5.761415e+00	-5.704690e+00	-5.677391e+00	-5.679376e+00	-5.710658e+00	-5.771396e+00	-5.861904e+00	-5.982649e+00	-6.134253e+00	-6.317500e+00	-6.533333e+00	-6.782867e+00	-7.067388e+00	
-6.166049e+00	-6.045475e+00	-5.956085e+00	-5.897418e+00	-5.869170e+00	-5.871198e+00	-5.903510e+00	-5.966273e+00	-6.059812e+00	-6.184609e+00	-6.341307e+00	-6.530714e+00	-6.753809e+00	-7.011741e+00	-7.305841e+00	
-6.392376e+00	-6.267346e+00	-6.174644e+00	-6.113793e+00	-6.084477e+00	-6.086547e+00	-6.120012e+00	-6.185045e+00	-6.281983e+00	-6.411324e+00	-6.573736e+00	-6.770056e+00	-7.001298e+00	-7.268654e+00	-7.573503e+00	
-6.647463e+00	-6.517409e+00	-6.420973e+00	-6.357658e+00	-6.327137e+00	-6.329252e+00	-6.364015e+00	-6.431605e+00	-6.532371e+00	-6.666832e+00	-6.835682e+00	-7.039791e+00	-7.280213e+00	-7.558189e+00	-7.875150e+00	
-6.936326e+00	-6.800583e+00	-6.699920e+00	-6.633816e+00	-6.601930e+00	-6.604099e+00	-6.640332e+00	-6.710818e+00	-6.815920e+00	-6.956180e+00	-7.132321e+00	-7.345252e+00	-7.596071e+00	-7.886073e+00	-8.216752e+00	
-7.265338e+00	-7.123120e+00	-7.017645e+00	-6.948368e+00	-6.914932e+00	-6.917165e+00	-6.955078e+00	-7.028867e+00	-7.138912e+00	-7.285781e+00	-7.470231e+00	-7.693215e+00	-7.955882e+00	-8.259587e+00	-8.605896e+00	
-7.642742e+00	-7.493104e+00	-7.382117e+00	-7.309208e+00	-7.274001e+00	-7.276316e+00	-7.316163e+00	-7.393748e+00	-7.509472e+00	-7.663932e+00	-7.857923e+00	-8.092447e+00	-8.368714e+00	-8.688148e+00	-9.052398e+00	
-8.079419e+00	-7.921207e+00	-7.803854e+00	-7.726755e+00	-7.689512e+00	-7.691933e+00	-7.734031e+00	-7.816022e+00	-7.938330e+00	-8.101586e+00	-8.306631e+00	-8.554524e+00	-8.846542e+00	-9.184193e+00	-9.569218e+00	
-8.590067e+00	-8.421846e+00	-8.297066e+00	-8.215084e+00	-8.175478e+00	-8.178042e+00	-8.222790e+00	-8.309953e+00	-8.439980e+00	-8.613543e+00	-8.831535e+00	-9.095083e+00	-9.405545e+00	-9.764523e+00	-1.017387e+01	
-9.195081e+00	-9.015025e+00	-8.881470e+00	-8.793727e+00	-8.751345e+00	-8.754103e+00	-8.802017e+00	-8.895334e+00	-9.034534e+00	-9.220337e+00	-9.453700e+00	-9.735827e+00	-1.006817e+01	-1.045245e+01	-1.089065e+01	
-9.923654e+00	-9.729378e+00	-9.585288e+00	-9.490642e+00	-9.444950e+00	-9.447977e+00	-9.499738e+00	-9.600502e+00	-9.750786e+00	-9.951367e+00	-1.020328e+01	-1.050782e+01	-1.086657e+01	-1.128136e+01	-1.175435e+01	
-1.081917e+01	-1.060746e+01	-1.045047e+01	-1.034738e+01	-1.029767e+01	-1.030107e+01	-1.035761e+01	-1.046757e+01	-1.063153e+01	-1.085033e+01	-1.112510e+01	-1.145725e+01	-1.184850e+01	-1.230087e+01	-1.281669e+01	
-1.194913e+01	-1.171548e+01	-1.154227e+01	-1.142859e+01	-1.137386e+01	-1.137780e+01	-1.144043e+01	-1.156207e+01	-1.174336e+01	-1.198521e+01	-1.228889e+01	-1.265596e+01	-1.308831e+01	-1.358817e+01	-1.415812e+01	
-1.342477e+01	-1.316256e+01	-1.296824e+01	-1.284081e+01	-1.277962e+01	-1.278435e+01	-1.285502e+01	-1.299200e+01	-1.319600e+01	-1.346806e+01	-1.380959e+01	-1.422236e+01	-1.470849e+01	-1.527049e+01	-1.591126e+01	
-1.544360e+01	-1.514242e+01	-1.491934e+01	-1.477321e+01	-1.470329e+01	-1.470922e+01	-1.479101e+01	-1.494910e+01	-1.518430e+01	-1.549783e+01	-1.589129e+01	-1.636673e+01	-1.692659e+01	-1.757376e+01	-1.831158e+01	
-1.839365e+01	-1.803567e+01	-1.777073e+01	-1.759745e+01	-1.751494e+01	-1.752278e+01	-1.762100e+01	-1.781012e+01	-1.809110e+01	-1.846540e+01	-1.893495e+01	-1.950218e+01	-2.016999e+01	-2.094185e+01	-2.182173e+01	
-2.315721e+01	-2.270778e+01	-2.237548e+01	-2.215860e+01	-2.205602e+01	-2.206721e+01	-2.219222e+01	-2.243171e+01	-2.278690e+01	-2.325963e+01	-2.385235e+01	-2.456809e+01	-2.541057e+01	-2.638411e+01	-2.749375e+01	
-3.226858e+01	-3.164464e+01	-3.118392e+01	-3.088406e+01	-3.074351e+01	-3.076153e+01	-3.093823e+01	-3.127452e+01	-3.177213e+01	-3.243362e+01	-3.326241e+01	-3.426278e+01	-3.543988e+01	-3.679979e+01	-3.834952e+01	
-5.719490e+01	-5.609442e+01	-5.528328e+01	-5.475730e+01	-5.451377e+01	-5.455144e+01	-5.487049e+01	-5.547258e+01	-5.636080e+01	-5.753975e+01	-5.901550e+01	-6.079566e+01	-6.288942e+01	-6.530757e+01	-6.806259e+01	
-4.507738e+02	-4.421574e+02	-4.358217e+02	-4.317341e+02	-4.298734e+02	-4.302302e+02	-4.328061e+02	-4.376146e+02	-4.446803e+02	-4.540398e+02	-4.657414e+02	-4.798453e+02	-4.964243e+02	-5.155641e+02	-5.373632e+02	
6.454596e+01	6.332314e+01	6.242696e+01	6.185279e+01	6.159767e+01	6.166028e+01	6.204095e+01	6.274163e+01	6.376596e+01	6.511920e+01	6.680833e+01	6.884208e+01	7.123093e+01	7.398721e+01	7.712512e+01	
