-4.618705e-16	-4.650458e-16	-4.679991e-16	-4.707297e-16	-4.732361e-16	-4.755143e-16	-4.775578e-16	-4.793567e-16	-4.808968e-16	-4.821586e-16	-4.831160e-16	-4.837346e-16	-4.839696e-16	-4.837628e-16	-4.830388e-16	-4.816999e-16	-4.796198e-16	-4.766344e-16	-4.725304e-16	-4.670300e-16	-4.597703e-16	
-1.640866e-03	-1.603979e-03	-1.527160e-03	-1.415360e-03	-1.273349e-03	-1.105744e-03	-9.170279e-04	-7.115740e-04	-4.936706e-04	-2.675412e-04	-3.736691e-05	1.926921e-04	4.184750e-04	6.357989e-04	8.404373e-04	1.028098e-03	1.194402e-03	1.334858e-03	1.444845e-03	1.519581e-03	1.554103e-03	
-3.282475e-03	-3.208644e-03	-3.054942e-03	-2.831274e-03	-2.547183e-03	-2.211899e-03	-1.834390e-03	-1.423404e-03	-9.875178e-04	-5.351785e-04	-7.474898e-05	3.854498e-04	8.370958e-04	1.271823e-03	1.681177e-03	2.056574e-03	2.389254e-03	2.670236e-03	2.890275e-03	3.039807e-03	3.108909e-03	
-4.925571e-03	-4.814677e-03	-4.583967e-03	-4.248297e-03	-3.821984e-03	-3.318874e-03	-2.752420e-03	-2.135746e-03	-1.481718e-03	-8.030077e-04	-1.121613e-04	5.783388e-04	1.256008e-03	1.908296e-03	2.522521e-03	3.085804e-03	3.585006e-03	4.006653e-03	4.336875e-03	4.561327e-03	4.665120e-03	
-6.570894e-03	-6.422764e-03	-6.114857e-03	-5.666984e-03	-5.098236e-03	-4.427079e-03	-3.671452e-03	-2.848855e-03	-1.976447e-03	-1.071125e-03	-1.496191e-04	7.714244e-04	1.675357e-03	2.545443e-03	3.364771e-03	4.116166e-03	4.782107e-03	5.344627e-03	5.785228e-03	6.084783e-03	6.223437e-03	
-8.219184e-03	-8.033585e-03	-7.648229e-03	-7.087885e-03	-6.376420e-03	-5.536922e-03	-4.591817e-03	-3.562987e-03	-2.471880e-03	-1.339625e-03	-1.871372e-04	9.647721e-04	2.095289e-03	3.183488e-03	4.208227e-03	5.148036e-03	5.981005e-03	6.684675e-03	7.235918e-03	7.610821e-03	7.784559e-03	
-9.871179e-03	-9.647821e-03	-9.184701e-03	-8.511551e-03	-7.657017e-03	-6.648811e-03	-5.513848e-03	-4.278394e-03	-2.968193e-03	-1.608603e-03	-2.247305e-04	1.158447e-03	2.515947e-03	3.822654e-03	5.053191e-03	6.181788e-03	7.182148e-03	8.027314e-03	8.689526e-03	9.140081e-03	9.349184e-03	
-1.152761e-02	-1.126615e-02	-1.072489e-02	-9.938531e-03	-8.940505e-03	-7.763149e-03	-6.437875e-03	-4.995330e-03	-3.465559e-03	-1.878155e-03	-2.624139e-04	1.352515e-03	2.937477e-03	4.463163e-03	5.899961e-03	7.217795e-03	8.385980e-03	9.373056e-03	1.014663e-02	1.067320e-02	1.091801e-02	
-1.318922e-02	-1.288924e-02	-1.226940e-02	-1.136937e-02	-1.022736e-02	-8.880342e-03	-7.364225e-03	-5.714046e-03	-3.964152e-03	-2.148374e-03	-3.002018e-04	1.547039e-03	3.360021e-03	5.105238e-03	6.748834e-03	8.256430e-03	9.592944e-03	1.072241e-02	1.160780e-02	1.221082e-02	1.249172e-02	
-1.485672e-02	-1.451776e-02	-1.381885e-02	-1.280461e-02	-1.151805e-02	-1.000079e-02	-8.293225e-03	-6.434792e-03	-4.464144e-03	-2.419353e-03	-3.381086e-04	1.742086e-03	3.783723e-03	5.749097e-03	7.600106e-03	9.298061e-03	1.080348e-02	1.207589e-02	1.307362e-02	1.375357e-02	1.407100e-02	
-1.653083e-02	-1.615238e-02	-1.537383e-02	-1.424478e-02	-1.281306e-02	-1.112489e-02	-9.225198e-03	-7.157816e-03	-4.965706e-03	-2.691185e-03	-3.761484e-04	1.937719e-03	4.208726e-03	6.394960e-03	8.454072e-03	1.034306e-02	1.201803e-02	1.343400e-02	1.454465e-02	1.530207e-02	1.565655e-02	
-1.821228e-02	-1.779376e-02	-1.693494e-02	-1.569043e-02	-1.411283e-02	-1.225303e-02	-1.016047e-02	-7.883364e-03	-5.469006e-03	-2.963962e-03	-4.143351e-04	2.134002e-03	4.635169e-03	7.043044e-03	9.311023e-03	1.139178e-02	1.323702e-02	1.479724e-02	1.602146e-02	1.685696e-02	1.724903e-02	
-1.990177e-02	-1.944255e-02	-1.850279e-02	-1.714208e-02	-1.541784e-02	-1.338562e-02	-1.109935e-02	-8.611679e-03	-5.974212e-03	-3.237774e-03	-4.526822e-04	2.330998e-03	5.063194e-03	7.693565e-03	1.017125e-02	1.244459e-02	1.446089e-02	1.616610e-02	1.750460e-02	1.841885e-02	1.884912e-02	
-2.160000e-02	-2.109939e-02	-2.007795e-02	-1.860025e-02	-1.672855e-02	-1.452302e-02	-1.204215e-02	-9.343002e-03	-6.481491e-03	-3.512712e-03	-4.912029e-04	2.528771e-03	5.492938e-03	8.346736e-03	1.103504e-02	1.350185e-02	1.569006e-02	1.754108e-02	1.899463e-02	1.998834e-02	2.045749e-02	
-2.330766e-02	-2.276493e-02	-2.166100e-02	-2.006547e-02	-1.804539e-02	-1.566563e-02	-1.298920e-02	-1.007757e-02	-6.991004e-03	-3.788863e-03	-5.299099e-04	2.727384e-03	5.924540e-03	9.002768e-03	1.190267e-02	1.456391e-02	1.692495e-02	1.892267e-02	2.049210e-02	2.156605e-02	2.207478e-02	
-2.502545e-02	-2.443978e-02	-2.325251e-02	-2.153823e-02	-1.936882e-02	-1.681382e-02	-1.394079e-02	-1.081562e-02	-7.502913e-03	-4.066313e-03	-5.688155e-04	2.926898e-03	6.358134e-03	9.661870e-03	1.277442e-02	1.563112e-02	1.816597e-02	2.031134e-02	2.199755e-02	2.315257e-02	2.370165e-02	
-2.675402e-02	-2.612458e-02	-2.485305e-02	-2.301904e-02	-2.069927e-02	-1.796797e-02	-1.489722e-02	-1.155737e-02	-8.017375e-03	-4.345149e-03	-6.079315e-04	3.127374e-03	6.793856e-03	1.032425e-02	1.365058e-02	1.670382e-02	1.941355e-02	2.170756e-02	2.351150e-02	2.474849e-02	2.533873e-02	
-2.849404e-02	-2.781994e-02	-2.646317e-02	-2.450839e-02	-2.203717e-02	-1.912843e-02	-1.585879e-02	-1.230306e-02	-8.534547e-03	-4.625453e-03	-6.472692e-04	3.328874e-03	7.231838e-03	1.099010e-02	1.453140e-02	1.778236e-02	2.066808e-02	2.311181e-02	2.503449e-02	2.635439e-02	2.698666e-02	
-3.024616e-02	-2.952643e-02	-2.808340e-02	-2.600677e-02	-2.338295e-02	-2.029556e-02	-1.682580e-02	-1.305291e-02	-9.054579e-03	-4.907307e-03	-6.868392e-04	3.531458e-03	7.672208e-03	1.165963e-02	1.541717e-02	1.886706e-02	2.192996e-02	2.452453e-02	2.656703e-02	2.797084e-02	2.864606e-02	
-3.201100e-02	-3.124466e-02	-2.971429e-02	-2.751464e-02	-2.473701e-02	-2.146970e-02	-1.779851e-02	-1.380713e-02	-9.577619e-03	-5.190789e-03	-7.266513e-04	3.735184e-03	8.115096e-03	1.233304e-02	1.630813e-02	1.995825e-02	2.319957e-02	2.594618e-02	2.810961e-02	2.959838e-02	3.031752e-02	
-3.378920e-02	-3.297519e-02	-3.135634e-02	-2.903247e-02	-2.609975e-02	-2.265121e-02	-1.877721e-02	-1.456594e-02	-1.010381e-02	-5.475977e-03	-7.667148e-04	3.940111e-03	8.560625e-03	1.301051e-02	1.720456e-02	2.105625e-02	2.447730e-02	2.737720e-02	2.966274e-02	3.123757e-02	3.200164e-02	
-3.558135e-02	-3.471857e-02	-3.301006e-02	-3.056070e-02	-2.747157e-02	-2.384040e-02	-1.976217e-02	-1.532953e-02	-1.063330e-02	-5.762944e-03	-8.070380e-04	4.146296e-03	9.008919e-03	1.369223e-02	1.810668e-02	2.216137e-02	2.576351e-02	2.881800e-02	3.122690e-02	3.288893e-02	3.369899e-02	
-3.738802e-02	-3.647533e-02	-3.467592e-02	-3.209977e-02	-2.885283e-02	-2.503760e-02	-2.075364e-02	-1.609810e-02	-1.116620e-02	-6.051761e-03	-8.476282e-04	4.353795e-03	9.460097e-03	1.437837e-02	1.901476e-02	2.327391e-02	2.705857e-02	3.026900e-02	3.280253e-02	3.455298e-02	3.541012e-02	
-3.920979e-02	-3.824600e-02	-3.635441e-02	-3.365009e-02	-3.024391e-02	-2.624311e-02	-2.175187e-02	-1.687184e-02	-1.170267e-02	-6.342496e-03	-8.884918e-04	4.562664e-03	9.914274e-03	1.506913e-02	1.992901e-02	2.439417e-02	2.836281e-02	3.173061e-02	3.439011e-02	3.623021e-02	3.713559e-02	
-4.104718e-02	-4.003106e-02	-3.804597e-02	-3.521206e-02	-3.164515e-02	-2.745723e-02	-2.275710e-02	-1.765094e-02	-1.224281e-02	-6.635214e-03	-9.296340e-04	4.772955e-03	1.037156e-02	1.576467e-02	2.084968e-02	2.552242e-02	2.967658e-02	3.320320e-02	3.599005e-02	3.792110e-02	3.887591e-02	
-4.290072e-02	-4.183100e-02	-3.975102e-02	-3.678607e-02	-3.305688e-02	-2.868023e-02	-2.376956e-02	-1.843557e-02	-1.278675e-02	-6.929974e-03	-9.710588e-04	4.984721e-03	1.083207e-02	1.646514e-02	2.177696e-02	2.665893e-02	3.100020e-02	3.468715e-02	3.760278e-02	3.962612e-02	4.063157e-02	
-4.477088e-02	-4.364625e-02	-4.146997e-02	-3.837246e-02	-3.447941e-02	-2.991238e-02	-2.478946e-02	-1.922588e-02	-1.333458e-02	-7.226833e-03	-1.012769e-03	5.198014e-03	1.129590e-02	1.717071e-02	2.271109e-02	2.780397e-02	3.233397e-02	3.618281e-02	3.922869e-02	4.134568e-02	4.240304e-02	
-4.665813e-02	-4.547723e-02	-4.320320e-02	-3.997159e-02	-3.591304e-02	-3.115393e-02	-2.581700e-02	-2.002203e-02	-1.388643e-02	-7.525842e-03	-1.054765e-03	5.412881e-03	1.176316e-02	1.788153e-02	2.365224e-02	2.895777e-02	3.367817e-02	3.769050e-02	4.086815e-02	4.308021e-02	4.419078e-02	
-4.856288e-02	-4.732435e-02	-4.495106e-02	-4.158375e-02	-3.735804e-02	-3.240510e-02	-2.685237e-02	-2.082416e-02	-1.444237e-02	-7.827048e-03	-1.097048e-03	5.629371e-03	1.223393e-02	1.859773e-02	2.460061e-02	3.012056e-02	3.503309e-02	3.921055e-02	4.252152e-02	4.483009e-02	4.599521e-02	
-5.048553e-02	-4.918794e-02	-4.671388e-02	-4.320925e-02	-3.881466e-02	-3.366611e-02	-2.789572e-02	-2.163239e-02	-1.500249e-02	-8.130491e-03	-1.139614e-03	5.847529e-03	1.270831e-02	1.931944e-02	2.555636e-02	3.129256e-02	3.639896e-02	4.074323e-02	4.418910e-02	4.659568e-02	4.781670e-02	
-5.242642e-02	-5.106834e-02	-4.849194e-02	-4.484834e-02	-4.028312e-02	-3.493715e-02	-2.894722e-02	-2.244684e-02	-1.556687e-02	-8.436207e-03	-1.182459e-03	6.067398e-03	1.318637e-02	2.004679e-02	2.651965e-02	3.247396e-02	3.777603e-02	4.228882e-02	4.587121e-02	4.837730e-02	4.965562e-02	
-5.438587e-02	-5.296582e-02	-5.028550e-02	-4.650123e-02	-4.176362e-02	-3.621837e-02	-3.000700e-02	-2.326761e-02	-1.613557e-02	-8.744224e-03	-1.225577e-03	6.289020e-03	1.366820e-02	2.077989e-02	2.749064e-02	3.366493e-02	3.916449e-02	4.384754e-02	4.756811e-02	5.017525e-02	5.151227e-02	
-5.636413e-02	-5.488063e-02	-5.209479e-02	-4.816814e-02	-4.325633e-02	-3.750991e-02	-3.107516e-02	-2.409477e-02	-1.670864e-02	-9.054563e-03	-1.268960e-03	6.512432e-03	1.415385e-02	2.151882e-02	2.846943e-02	3.486564e-02	4.056453e-02	4.541961e-02	4.928002e-02	5.198977e-02	5.338694e-02	
-5.836143e-02	-5.681297e-02	-5.391997e-02	-4.984920e-02	-4.476136e-02	-3.881189e-02	-3.215179e-02	-2.492839e-02	-1.728611e-02	-9.367238e-03	-1.312596e-03	6.737672e-03	1.464340e-02	2.226369e-02	2.945615e-02	3.607620e-02	4.197631e-02	4.700520e-02	5.100715e-02	5.382109e-02	5.527986e-02	
-6.037792e-02	-5.876297e-02	-5.576117e-02	-5.154454e-02	-4.627883e-02	-4.012439e-02	-3.323695e-02	-2.576851e-02	-1.786802e-02	-9.682253e-03	-1.356470e-03	6.964772e-03	1.513690e-02	2.301455e-02	3.045088e-02	3.729674e-02	4.339994e-02	4.860446e-02	5.274964e-02	5.566938e-02	5.719122e-02	
-6.241371e-02	-6.073074e-02	-5.761849e-02	-5.325423e-02	-4.780880e-02	-4.144744e-02	-3.433068e-02	-2.661515e-02	-1.845437e-02	-9.999605e-03	-1.400566e-03	7.193762e-03	1.563437e-02	2.377147e-02	3.145369e-02	3.852733e-02	4.483552e-02	5.021748e-02	5.450763e-02	5.753476e-02	5.912115e-02	
-6.446884e-02	-6.271631e-02	-5.949194e-02	-5.497829e-02	-4.935128e-02	-4.278107e-02	-3.543298e-02	-2.746831e-02	-1.904516e-02	-1.031928e-02	-1.444864e-03	7.424670e-03	1.613587e-02	2.453449e-02	3.246463e-02	3.976802e-02	4.628312e-02	5.184434e-02	5.628118e-02	5.941731e-02	6.106973e-02	
-6.654327e-02	-6.471965e-02	-6.138150e-02	-5.671669e-02	-5.090624e-02	-4.412525e-02	-3.654383e-02	-2.832797e-02	-1.964035e-02	-1.064125e-02	-1.489338e-03	7.657519e-03	1.664142e-02	2.530362e-02	3.348372e-02	4.101883e-02	4.774274e-02	5.348505e-02	5.807030e-02	6.131706e-02	6.303699e-02	
-6.863692e-02	-6.674067e-02	-6.328709e-02	-5.846935e-02	-5.247360e-02	-4.547990e-02	-3.766317e-02	-2.919407e-02	-2.023991e-02	-1.096549e-02	-1.533962e-03	7.892328e-03	1.715102e-02	2.607887e-02	3.451095e-02	4.227976e-02	4.921438e-02	5.513959e-02	5.987497e-02	6.323396e-02	6.502288e-02	
-7.074959e-02	-6.877919e-02	-6.520854e-02	-6.023613e-02	-5.405325e-02	-4.684492e-02	-3.879089e-02	-3.006653e-02	-2.084376e-02	-1.129193e-02	-1.578702e-03	8.129115e-03	1.766467e-02	2.686022e-02	3.554629e-02	4.355075e-02	5.069797e-02	5.680789e-02	6.169511e-02	6.516791e-02	6.702729e-02	
-7.288104e-02	-7.083498e-02	-6.714562e-02	-6.201682e-02	-5.564499e-02	-4.822015e-02	-3.992686e-02	-3.094524e-02	-2.145182e-02	-1.162053e-02	-1.623521e-03	8.367890e-03	1.818236e-02	2.764764e-02	3.658968e-02	4.483172e-02	5.219339e-02	5.848980e-02	6.353055e-02	6.711875e-02	6.905004e-02	
-7.503089e-02	-7.290769e-02	-6.909804e-02	-6.381114e-02	-5.724858e-02	-4.960536e-02	-4.107090e-02	-3.183005e-02	-2.206399e-02	-1.195120e-02	-1.668378e-03	8.608660e-03	1.870407e-02	2.844107e-02	3.764103e-02	4.612254e-02	5.370050e-02	6.018515e-02	6.538108e-02	6.908623e-02	7.109087e-02	
-7.719870e-02	-7.499691e-02	-7.106541e-02	-6.561875e-02	-5.886370e-02	-5.100028e-02	-4.222278e-02	-3.272077e-02	-2.268010e-02	-1.228384e-02	-1.713223e-03	8.851428e-03	1.922975e-02	2.924041e-02	3.870019e-02	4.742304e-02	5.521908e-02	6.189368e-02	6.724642e-02	7.107003e-02	7.314941e-02	
-7.938390e-02	-7.710211e-02	-7.304723e-02	-6.743920e-02	-6.048998e-02	-5.240459e-02	-4.338222e-02	-3.361719e-02	-2.330001e-02	-1.261836e-02	-1.758004e-03	9.096191e-03	1.975933e-02	3.004555e-02	3.976701e-02	4.873299e-02	5.674885e-02	6.361507e-02	6.912619e-02	7.306975e-02	7.522523e-02	
-8.158580e-02	-7.922267e-02	-7.504294e-02	-6.927198e-02	-6.212695e-02	-5.381789e-02	-4.454888e-02	-3.451903e-02	-2.392351e-02	-1.295461e-02	-1.802659e-03	9.342940e-03	2.029275e-02	3.085634e-02	4.084127e-02	5.005212e-02	5.828949e-02	6.534893e-02	7.101996e-02	7.508489e-02	7.731778e-02	
-8.380361e-02	-8.135782e-02	-7.705185e-02	-7.111648e-02	-6.377406e-02	-5.523971e-02	-4.572238e-02	-3.542598e-02	-2.455037e-02	-1.329245e-02	-1.847120e-03	9.591662e-03	2.082991e-02	3.167262e-02	4.192272e-02	5.138011e-02	5.984058e-02	6.709479e-02	7.292718e-02	7.711484e-02	7.942641e-02	
-8.603639e-02	-8.350671e-02	-7.907317e-02	-7.297197e-02	-6.543069e-02	-5.666949e-02	-4.690227e-02	-3.633769e-02	-2.518033e-02	-1.363170e-02	-1.891312e-03	9.842336e-03	2.137070e-02	3.249417e-02	4.301107e-02	5.271656e-02	6.140166e-02	6.885209e-02	7.484722e-02	7.915891e-02	8.155035e-02	
-8.828307e-02	-8.566834e-02	-8.110598e-02	-7.483763e-02	-6.709610e-02	-5.810663e-02	-4.808801e-02	-3.725373e-02	-2.581307e-02	-1.397218e-02	-1.935150e-03	1.009494e-02	2.191497e-02	3.332075e-02	4.410595e-02	5.406103e-02	6.297217e-02	7.062018e-02	7.677935e-02	8.121629e-02	8.368871e-02	
-9.054239e-02	-8.784155e-02	-8.314924e-02	-7.671252e-02	-6.876947e-02	-5.955039e-02	-4.927902e-02	-3.817363e-02	-2.644825e-02	-1.431365e-02	-1.978541e-03	1.034943e-02	2.246257e-02	3.415208e-02	4.520697e-02	5.541298e-02	6.455148e-02	7.239833e-02	7.872273e-02	8.328603e-02	8.584048e-02	
-9.281297e-02	-9.002506e-02	-8.520176e-02	-7.859558e-02	-7.044986e-02	-6.099998e-02	-5.047462e-02	-3.909687e-02	-2.708548e-02	-1.465588e-02	-2.021382e-03	1.060578e-02	2.301331e-02	3.498782e-02	4.631366e-02	5.677183e-02	6.613887e-02	7.418570e-02	8.067640e-02	8.536707e-02	8.800449e-02	
-9.509324e-02	-9.221741e-02	-8.726221e-02	-8.048561e-02	-7.213621e-02	-6.245449e-02	-5.167405e-02	-4.002284e-02	-2.772431e-02	-1.499858e-02	-2.063557e-03	1.086393e-02	2.356700e-02	3.582763e-02	4.742551e-02	5.813690e-02	6.773352e-02	7.598132e-02	8.263928e-02	8.745821e-02	9.017942e-02	
-9.738142e-02	-9.441696e-02	-8.932909e-02	-8.238127e-02	-7.382734e-02	-6.391289e-02	-5.287648e-02	-4.095088e-02	-2.836427e-02	-1.534145e-02	-2.104941e-03	1.112383e-02	2.412338e-02	3.667107e-02	4.854192e-02	5.950745e-02	6.933452e-02	7.778412e-02	8.461015e-02	8.955810e-02	9.236381e-02	
-9.967556e-02	-9.662190e-02	-9.140076e-02	-8.428106e-02	-7.552194e-02	-6.537406e-02	-5.408096e-02	-4.188023e-02	-2.900481e-02	-1.568414e-02	-2.145394e-03	1.138541e-02	2.468220e-02	3.751770e-02	4.966225e-02	6.088262e-02	7.094084e-02	7.959293e-02	8.658765e-02	9.166523e-02	9.455602e-02	
-1.019735e-01	-9.883020e-02	-9.347535e-02	-8.618333e-02	-7.721853e-02	-6.683675e-02	-5.528645e-02	-4.281008e-02	-2.964532e-02	-1.602629e-02	-2.184764e-03	1.164861e-02	2.524317e-02	3.836700e-02	5.078576e-02	6.226149e-02	7.255135e-02	8.140640e-02	8.857029e-02	9.377794e-02	9.675422e-02	
-1.042728e-01	-1.010397e-01	-9.555085e-02	-8.808625e-02	-7.891553e-02	-6.829957e-02	-5.649180e-02	-4.373952e-02	-3.028514e-02	-1.636746e-02	-2.222882e-03	1.191335e-02	2.580595e-02	3.921839e-02	5.191165e-02	6.364302e-02	7.416480e-02	8.322307e-02	9.055639e-02	9.589438e-02	9.895640e-02	
-1.065708e-01	-1.032478e-01	-9.762502e-02	-8.998782e-02	-8.061115e-02	-6.976099e-02	-5.769575e-02	-4.466755e-02	-3.092354e-02	-1.670720e-02	-2.259565e-03	1.217953e-02	2.637019e-02	4.007126e-02	5.303904e-02	6.502606e-02	7.577979e-02	8.504134e-02	9.254413e-02	9.801251e-02	1.011603e-01	
-1.088647e-01	-1.054519e-01	-9.969539e-02	-9.188582e-02	-8.230344e-02	-7.121936e-02	-5.889692e-02	-4.559307e-02	-3.155972e-02	-1.704502e-02	-2.294610e-03	1.244706e-02	2.693550e-02	4.092492e-02	5.416695e-02	6.640938e-02	7.739482e-02	8.685943e-02	9.453150e-02	1.001301e-01	1.033636e-01	
-1.111512e-01	-1.076492e-01	-1.017593e-01	-9.377784e-02	-8.399030e-02	-7.267284e-02	-6.009378e-02	-4.651489e-02	-3.219281e-02	-1.738036e-02	-2.327798e-03	1.271583e-02	2.750144e-02	4.177861e-02	5.529432e-02	6.779160e-02	7.900823e-02	8.867540e-02	9.651631e-02	1.022447e-01	1.055636e-01	
-1.134269e-01	-1.098362e-01	-1.038138e-01	-9.566127e-02	-8.566940e-02	-7.411945e-02	-6.128468e-02	-4.743169e-02	-3.282185e-02	-1.771262e-02	-2.358888e-03	1.298572e-02	2.806754e-02	4.263153e-02	5.641999e-02	6.917124e-02	8.061821e-02	9.048716e-02	9.849616e-02	1.043537e-01	1.077573e-01	
-1.156880e-01	-1.120097e-01	-1.058557e-01	-9.753324e-02	-8.733822e-02	-7.555703e-02	-6.246784e-02	-4.834207e-02	-3.344581e-02	-1.804116e-02	-2.387618e-03	1.325662e-02	2.863329e-02	4.348277e-02	5.754271e-02	7.054668e-02	8.222282e-02	9.229242e-02	1.004685e-01	1.064542e-01	1.099417e-01	
-1.179305e-01	-1.141658e-01	-1.078817e-01	-9.939066e-02	-8.899405e-02	-7.698323e-02	-6.364130e-02	-4.924448e-02	-3.406356e-02	-1.836527e-02	-2.413700e-03	1.352838e-02	2.919816e-02	4.433140e-02	5.866112e-02	7.191619e-02	8.381992e-02	9.408870e-02	1.024304e-01	1.085431e-01	1.121133e-01	
-1.201499e-01	-1.163004e-01	-1.098878e-01	-1.012302e-01	-9.063393e-02	-7.839553e-02	-6.480297e-02	-5.013726e-02	-3.467387e-02	-1.868418e-02	-2.436825e-03	1.380087e-02	2.976153e-02	4.517636e-02	5.977375e-02	7.327787e-02	8.540724e-02	9.587333e-02	1.043790e-01	1.106170e-01	1.142685e-01	
-1.223416e-01	-1.184092e-01	-1.118703e-01	-1.030482e-01	-9.225468e-02	-7.979118e-02	-6.595056e-02	-5.101860e-02	-3.527545e-02	-1.899707e-02	-2.456653e-03	1.407393e-02	3.032279e-02	4.601657e-02	6.087904e-02	7.462970e-02	8.698232e-02	9.764345e-02	1.063109e-01	1.126723e-01	1.164033e-01	
-1.245004e-01	-1.204874e-01	-1.138246e-01	-1.048408e-01	-9.385288e-02	-8.116724e-02	-6.708164e-02	-5.188658e-02	-3.586687e-02	-1.930303e-02	-2.472818e-03	1.434742e-02	3.088126e-02	4.685081e-02	6.197529e-02	7.596951e-02	8.854252e-02	9.939598e-02	1.082227e-01	1.147051e-01	1.185135e-01	
-1.266208e-01	-1.225299e-01	-1.157462e-01	-1.066039e-01	-9.542487e-02	-8.252058e-02	-6.819359e-02	-5.273912e-02	-3.644661e-02	-1.960113e-02	-2.484921e-03	1.462116e-02	3.143621e-02	4.767784e-02	6.306070e-02	7.729499e-02	9.008501e-02	1.011276e-01	1.101107e-01	1.167113e-01	1.205946e-01	
-1.286969e-01	-1.245313e-01	-1.176302e-01	-1.083330e-01	-9.696672e-02	-8.384780e-02	-6.928359e-02	-5.357400e-02	-3.701303e-02	-1.989030e-02	-2.492532e-03	1.489498e-02	3.198689e-02	4.849630e-02	6.413335e-02	7.860365e-02	9.160680e-02	1.028349e-01	1.119707e-01	1.186865e-01	1.226417e-01	
-1.307226e-01	-1.264859e-01	-1.194712e-01	-1.100233e-01	-9.847424e-02	-8.514531e-02	-7.034866e-02	-5.438884e-02	-3.756441e-02	-2.016947e-02	-2.495183e-03	1.516873e-02	3.253248e-02	4.930477e-02	6.519121e-02	7.989287e-02	9.310470e-02	1.045140e-01	1.137987e-01	1.206258e-01	1.246498e-01	
-1.326911e-01	-1.283874e-01	-1.212637e-01	-1.116698e-01	-9.994297e-02	-8.640928e-02	-7.138560e-02	-5.518110e-02	-3.809886e-02	-2.043743e-02	-2.492371e-03	1.544221e-02	3.307215e-02	5.010174e-02	6.623213e-02	8.115988e-02	9.457533e-02	1.061610e-01	1.155901e-01	1.225244e-01	1.266133e-01	
-1.345955e-01	-1.302295e-01	-1.230017e-01	-1.132672e-01	-1.013682e-01	-8.763563e-02	-7.239102e-02	-5.594810e-02	-3.861442e-02	-2.069293e-02	-2.483553e-03	1.571526e-02	3.360501e-02	5.088562e-02	6.725384e-02	8.240175e-02	9.601512e-02	1.077718e-01	1.173401e-01	1.243770e-01	1.285266e-01	
-1.364283e-01	-1.320051e-01	-1.246788e-01	-1.148097e-01	-1.027449e-01	-8.882007e-02	-7.336135e-02	-5.668700e-02	-3.910898e-02	-2.093462e-02	-2.468143e-03	1.598770e-02	3.413014e-02	5.165475e-02	6.825396e-02	8.361540e-02	9.742033e-02	1.093420e-01	1.190439e-01	1.261781e-01	1.303835e-01	
-1.381817e-01	-1.337070e-01	-1.262885e-01	-1.162915e-01	-1.040679e-01	-8.995807e-02	-7.429280e-02	-5.739478e-02	-3.958033e-02	-2.116107e-02	-2.445514e-03	1.625938e-02	3.464658e-02	5.240742e-02	6.923001e-02	8.479762e-02	9.878704e-02	1.108669e-01	1.206961e-01	1.279219e-01	1.321779e-01	
-1.398474e-01	-1.353276e-01	-1.278238e-01	-1.177062e-01	-1.053315e-01	-9.104484e-02	-7.518140e-02	-5.806827e-02	-4.002612e-02	-2.137079e-02	-2.414989e-03	1.653013e-02	3.515336e-02	5.314183e-02	7.017942e-02	8.594506e-02	1.001112e-01	1.123419e-01	1.222915e-01	1.296022e-01	1.339030e-01	
-1.414168e-01	-1.368589e-01	-1.292774e-01	-1.190473e-01	-1.065301e-01	-9.207543e-02	-7.602298e-02	-5.870417e-02	-4.044389e-02	-2.156216e-02	-2.375843e-03	1.679981e-02	3.564947e-02	5.385614e-02	7.109950e-02	8.705427e-02	1.013885e-01	1.137620e-01	1.238242e-01	1.312130e-01	1.355521e-01	
-1.428811e-01	-1.382927e-01	-1.306417e-01	-1.203079e-01	-1.076575e-01	-9.304461e-02	-7.681321e-02	-5.929901e-02	-4.083106e-02	-2.173353e-02	-2.327304e-03	1.706830e-02	3.613391e-02	5.454846e-02	7.198753e-02	8.812166e-02	1.026147e-01	1.151219e-01	1.252886e-01	1.327476e-01	1.371181e-01	
-1.442309e-01	-1.396204e-01	-1.319089e-01	-1.214811e-01	-1.087076e-01	-9.394702e-02	-7.754758e-02	-5.984917e-02	-4.118496e-02	-2.188312e-02	-2.268542e-03	1.733549e-02	3.660565e-02	5.521687e-02	7.284070e-02	8.914360e-02	1.037852e-01	1.164166e-01	1.266786e-01	1.341995e-01	1.385938e-01	
-1.454568e-01	-1.408331e-01	-1.330710e-01	-1.225595e-01	-1.096739e-01	-9.477707e-02	-7.822142e-02	-6.035094e-02	-4.150279e-02	-2.200911e-02	-2.198677e-03	1.760133e-02	3.706368e-02	5.585943e-02	7.365618e-02	9.011637e-02	1.048956e-01	1.176407e-01	1.279881e-01	1.355619e-01	1.399717e-01	
-1.465489e-01	-1.419219e-01	-1.341195e-01	-1.235357e-01	-1.105499e-01	-9.552907e-02	-7.882996e-02	-6.080047e-02	-4.178168e-02	-2.210957e-02	-2.116771e-03	1.786577e-02	3.750702e-02	5.647422e-02	7.443112e-02	9.103625e-02	1.059412e-01	1.187887e-01	1.292111e-01	1.368279e-01	1.412445e-01	
-1.474975e-01	-1.428775e-01	-1.350462e-01	-1.244021e-01	-1.113286e-01	-9.619720e-02	-7.936831e-02	-6.119383e-02	-4.201866e-02	-2.218255e-02	-2.021829e-03	1.812883e-02	3.793472e-02	5.705934e-02	7.516269e-02	9.189949e-02	1.069174e-01	1.198553e-01	1.303413e-01	1.379907e-01	1.424045e-01	
-1.482924e-01	-1.436906e-01	-1.358426e-01	-1.251509e-01	-1.120035e-01	-9.677555e-02	-7.983151e-02	-6.152702e-02	-4.221072e-02	-2.222599e-02	-1.912797e-03	1.839059e-02	3.834587e-02	5.761293e-02	7.584811e-02	9.270244e-02	1.078198e-01	1.208352e-01	1.313727e-01	1.390436e-01	1.434445e-01	
-1.489236e-01	-1.443519e-01	-1.365000e-01	-1.257746e-01	-1.125676e-01	-9.725822e-02	-8.021457e-02	-6.179602e-02	-4.235478e-02	-2.223780e-02	-1.788565e-03	1.865119e-02	3.873966e-02	5.813323e-02	7.648470e-02	9.344151e-02	1.086439e-01	1.217230e-01	1.322992e-01	1.399797e-01	1.443570e-01	
-1.493814e-01	-1.448523e-01	-1.370101e-01	-1.262655e-01	-1.130143e-01	-9.763931e-02	-8.051253e-02	-6.199677e-02	-4.244776e-02	-2.221587e-02	-1.647960e-03	1.891084e-02	3.911535e-02	5.861858e-02	7.706991e-02	9.411330e-02	1.093854e-01	1.225139e-01	1.331152e-01	1.407928e-01	1.451351e-01	
-1.496559e-01	-1.451827e-01	-1.373646e-01	-1.266161e-01	-1.133367e-01	-9.791305e-02	-8.072048e-02	-6.212530e-02	-4.248658e-02	-2.215802e-02	-1.489754e-03	1.916985e-02	3.947236e-02	5.906751e-02	7.760139e-02	9.471461e-02	1.100405e-01	1.232030e-01	1.338152e-01	1.414767e-01	1.457721e-01	
-1.497380e-01	-1.453346e-01	-1.375556e-01	-1.268192e-01	-1.135286e-01	-9.807383e-02	-8.083365e-02	-6.217768e-02	-4.246821e-02	-2.206211e-02	-1.312661e-03	1.942863e-02	3.981023e-02	5.947872e-02	7.807702e-02	9.524255e-02	1.106053e-01	1.237860e-01	1.343941e-01	1.420258e-01	1.462620e-01	
-1.496188e-01	-1.452998e-01	-1.375755e-01	-1.268680e-01	-1.135838e-01	-9.811631e-02	-8.084749e-02	-6.215015e-02	-4.238967e-02	-2.192597e-02	-1.115340e-03	1.968773e-02	4.012870e-02	5.985117e-02	7.849503e-02	9.569461e-02	1.110768e-01	1.242591e-01	1.348476e-01	1.424352e-01	1.465992e-01	
-1.492903e-01	-1.450707e-01	-1.374175e-01	-1.267562e-01	-1.134967e-01	-9.803551e-02	-8.075772e-02	-6.203914e-02	-4.224813e-02	-2.174750e-02	-8.963971e-04	1.994781e-02	4.042775e-02	6.018416e-02	7.885403e-02	9.606877e-02	1.114523e-01	1.246190e-01	1.351720e-01	1.427007e-01	1.467791e-01	
-1.487454e-01	-1.446407e-01	-1.370754e-01	-1.264782e-01	-1.132622e-01	-9.782692e-02	-8.056042e-02	-6.184136e-02	-4.204090e-02	-2.152461e-02	-6.543885e-04	2.020972e-02	4.070762e-02	6.047732e-02	7.915310e-02	9.636358e-02	1.117298e-01	1.248634e-01	1.353643e-01	1.428190e-01	1.467982e-01	
-1.479780e-01	-1.440041e-01	-1.365439e-01	-1.260291e-01	-1.128759e-01	-9.748665e-02	-8.025217e-02	-6.155386e-02	-4.176553e-02	-2.125536e-02	-3.878266e-04	2.047445e-02	4.096883e-02	6.073075e-02	7.939190e-02	9.657827e-02	1.119083e-01	1.249907e-01	1.354227e-01	1.427880e-01	1.466542e-01	
-1.469835e-01	-1.431565e-01	-1.358188e-01	-1.254052e-01	-1.123344e-01	-9.701150e-02	-7.983011e-02	-6.117411e-02	-4.141981e-02	-2.093787e-02	-9.518404e-05	2.074322e-02	4.121228e-02	6.094504e-02	7.957074e-02	9.671290e-02	1.119874e-01	1.250005e-01	1.353467e-01	1.426070e-01	1.463461e-01	
-1.457588e-01	-1.420951e-01	-1.348976e-01	-1.246037e-01	-1.116351e-01	-9.639918e-02	-7.929209e-02	-6.070012e-02	-4.100192e-02	-2.057046e-02	2.251001e-04	2.101745e-02	4.143929e-02	6.112139e-02	7.969071e-02	9.676847e-02	1.119682e-01	1.248937e-01	1.351372e-01	1.422768e-01	1.458748e-01	
-1.443029e-01	-1.408187e-01	-1.337789e-01	-1.236236e-01	-1.107768e-01	-9.564840e-02	-7.863678e-02	-6.013049e-02	-4.051039e-02	-2.015159e-02	5.746134e-04	2.129882e-02	4.165160e-02	6.126164e-02	7.975377e-02	9.674707e-02	1.118529e-01	1.246727e-01	1.347965e-01	1.418001e-01	1.452433e-01	
-1.426168e-01	-1.393282e-01	-1.324635e-01	-1.224653e-01	-1.097597e-01	-9.475907e-02	-7.786381e-02	-5.946458e-02	-3.994427e-02	-1.968000e-02	9.549619e-04	2.158925e-02	4.185150e-02	6.136843e-02	7.976290e-02	9.665201e-02	1.116451e-01	1.243416e-01	1.343292e-01	1.411818e-01	1.444567e-01	
-1.407042e-01	-1.376268e-01	-1.309541e-01	-1.211310e-01	-1.085856e-01	-9.373247e-02	-7.697390e-02	-5.870253e-02	-3.930313e-02	-1.915466e-02	1.367762e-03	2.189098e-02	4.204182e-02	6.144521e-02	7.972219e-02	9.648800e-02	1.113501e-01	1.239061e-01	1.337418e-01	1.404287e-01	1.435225e-01	
-1.385715e-01	-1.357203e-01	-1.292559e-01	-1.196251e-01	-1.072582e-01	-9.257139e-02	-7.596903e-02	-5.784545e-02	-3.858718e-02	-1.857489e-02	1.814632e-03	2.220655e-02	4.222606e-02	6.149639e-02	7.963695e-02	9.626129e-02	1.109752e-01	1.233744e-01	1.330430e-01	1.395508e-01	1.424513e-01	
-1.362282e-01	-1.336173e-01	-1.273765e-01	-1.179543e-01	-1.057830e-01	-9.128037e-02	-7.485253e-02	-5.689548e-02	-3.779733e-02	-1.794034e-02	2.297182e-03	2.253886e-02	4.240836e-02	6.152742e-02	7.951390e-02	9.597983e-02	1.105294e-01	1.227568e-01	1.322445e-01	1.385605e-01	1.412567e-01	
-1.336874e-01	-1.313299e-01	-1.253267e-01	-1.161281e-01	-1.041679e-01	-8.986582e-02	-7.362931e-02	-5.585594e-02	-3.693529e-02	-1.725107e-02	2.817004e-03	2.289116e-02	4.259366e-02	6.154486e-02	7.936124e-02	9.565342e-02	1.100241e-01	1.220663e-01	1.313606e-01	1.374737e-01	1.399559e-01	
-1.309659e-01	-1.288734e-01	-1.231202e-01	-1.141584e-01	-1.024234e-01	-8.833623e-02	-7.230594e-02	-5.473142e-02	-3.600363e-02	-1.650759e-02	3.375666e-03	2.326709e-02	4.278768e-02	6.155652e-02	7.918882e-02	9.529391e-02	1.094733e-01	1.213184e-01	1.304087e-01	1.363095e-01	1.385696e-01	
-1.280848e-01	-1.262669e-01	-1.207743e-01	-1.120605e-01	-1.005624e-01	-8.670237e-02	-7.089080e-02	-5.352788e-02	-3.500584e-02	-1.571090e-02	3.974700e-03	2.367073e-02	4.299703e-02	6.157151e-02	7.900821e-02	9.491531e-02	1.088931e-01	1.205318e-01	1.294098e-01	1.350909e-01	1.371228e-01	
-1.250693e-01	-1.235337e-01	-1.183099e-01	-1.098529e-01	-9.860076e-02	-8.497736e-02	-6.939424e-02	-5.225280e-02	-3.394644e-02	-1.486252e-02	4.615599e-03	2.410660e-02	4.322923e-02	6.160034e-02	7.883289e-02	9.453396e-02	1.083028e-01	1.197285e-01	1.283882e-01	1.338448e-01	1.356446e-01	
-1.219495e-01	-1.207013e-01	-1.157519e-01	-1.075574e-01	-9.655744e-02	-8.317695e-02	-6.782869e-02	-5.091521e-02	-3.283102e-02	-1.396454e-02	5.299808e-03	2.457968e-02	4.349281e-02	6.165502e-02	7.867829e-02	9.416869e-02	1.077244e-01	1.189335e-01	1.273723e-01	1.326023e-01	1.341688e-01	
-1.187604e-01	-1.178019e-01	-1.131292e-01	-1.051998e-01	-9.445452e-02	-8.131956e-02	-6.620877e-02	-4.952583e-02	-3.166630e-02	-1.301964e-02	6.028725e-03	2.509545e-02	4.379730e-02	6.174914e-02	7.856197e-02	9.384090e-02	1.071831e-01	1.181759e-01	1.263942e-01	1.313989e-01	1.327340e-01	
-1.155422e-01	-1.148722e-01	-1.104750e-01	-1.028095e-01	-9.231745e-02	-7.942643e-02	-6.455140e-02	-4.809711e-02	-3.046018e-02	-1.203111e-02	6.803699e-03	2.565992e-02	4.415335e-02	6.189791e-02	7.850365e-02	9.357475e-02	1.067075e-01	1.174880e-01	1.254905e-01	1.302748e-01	1.313838e-01	
-1.123403e-01	-1.119541e-01	-1.078273e-01	-1.004198e-01	-9.017514e-02	-7.752176e-02	-6.287586e-02	-4.664332e-02	-2.922181e-02	-1.100288e-02	7.626036e-03	2.627963e-02	4.457273e-02	6.211827e-02	7.852536e-02	9.339722e-02	1.063291e-01	1.169064e-01	1.247021e-01	1.292750e-01	1.301672e-01	
-1.092058e-01	-1.090945e-01	-1.052282e-01	-9.806851e-02	-8.806009e-02	-7.563275e-02	-6.120390e-02	-4.518056e-02	-2.796156e-02	-9.939540e-03	8.497004e-03	2.696172e-02	4.506838e-02	6.242895e-02	7.865150e-02	9.333825e-02	1.060835e-01	1.164715e-01	1.240743e-01	1.284496e-01	1.291386e-01	
-1.061954e-01	-1.063453e-01	-1.027249e-01	-9.579724e-02	-8.600844e-02	-7.378970e-02	-5.955973e-02	-4.372684e-02	-2.669109e-02	-8.846309e-03	9.417854e-03	2.771390e-02	4.565451e-02	6.285052e-02	7.890891e-02	9.343082e-02	1.060094e-01	1.162279e-01	1.236572e-01	1.278538e-01	1.283578e-01	
-1.033716e-01	-1.037640e-01	-1.003693e-01	-9.365208e-02	-8.406007e-02	-7.202603e-02	-5.797013e-02	-4.230210e-02	-2.542336e-02	-7.729063e-03	1.038983e-02	2.854457e-02	4.634658e-02	6.340546e-02	7.932698e-02	9.371104e-02	1.061496e-01	1.162246e-01	1.235057e-01	1.275482e-01	1.278907e-01	
-1.008028e-01	-1.014136e-01	-9.821823e-02	-9.168345e-02	-8.225866e-02	-7.037838e-02	-5.646444e-02	-4.092818e-02	-2.417258e-02	-6.594309e-03	1.141421e-02	2.946278e-02	4.716139e-02	6.411825e-02	7.993771e-02	9.421828e-02	1.065505e-01	1.165149e-01	1.236797e-01	1.275987e-01	1.278090e-01	
-9.856335e-02	-9.936220e-02	-9.633353e-02	-8.994619e-02	-8.065171e-02	-6.888658e-02	-5.507458e-02	-3.962890e-02	-2.295428e-02	-5.449164e-03	1.249233e-02	3.047833e-02	4.811717e-02	6.501543e-02	8.077583e-02	9.499525e-02	1.072626e-01	1.171567e-01	1.242441e-01	1.280770e-01	1.281906e-01	
-9.673381e-02	-9.768391e-02	-9.478207e-02	-8.849966e-02	-7.929063e-02	-6.759379e-02	-5.383513e-02	-3.843001e-02	-2.178526e-02	-4.301338e-03	1.362563e-02	3.160181e-02	4.923363e-02	6.612572e-02	8.187892e-02	9.608817e-02	1.083404e-01	1.182126e-01	1.252693e-01	1.290606e-01	1.291196e-01	
-9.540094e-02	-9.645842e-02	-9.363595e-02	-8.740784e-02	-7.823083e-02	-6.654646e-02	-5.278331e-02	-3.735925e-02	-2.068357e-02	-3.159096e-03	1.481571e-02	3.284471e-02	5.053206e-02	6.748015e-02	8.328754e-02	9.754693e-02	1.098430e-01	1.197503e-01	1.268312e-01	1.306332e-01	1.306871e-01	
-9.465807e-02	-9.577146e-02	-9.297267e-02	-8.673945e-02	-7.753184e-02	-6.579450e-02	-5.195908e-02	-3.644637e-02	-1.966855e-02	-2.031232e-03	1.606438e-02	3.421946e-02	5.203549e-02	6.911218e-02	8.504546e-02	9.942533e-02	1.118338e-01	1.218427e-01	1.290115e-01	1.328849e-01	1.329909e-01	
-9.460534e-02	-9.571500e-02	-9.287539e-02	-8.656827e-02	-7.725748e-02	-6.539141e-02	-5.140523e-02	-3.572321e-02	-1.876084e-02	-9.270393e-04	1.737379e-02	3.573963e-02	5.376884e-02	7.105800e-02	8.719989e-02	1.017814e-01	1.143813e-01	1.245682e-01	1.318983e-01	1.359130e-01	1.361366e-01	
-9.535026e-02	-9.638775e-02	-9.343331e-02	-8.697335e-02	-7.747619e-02	-6.539449e-02	-5.116758e-02	-3.522374e-02	-1.798239e-02	1.437222e-04	1.874643e-02	3.742003e-02	5.575915e-02	7.335673e-02	8.980188e-02	1.046777e-01	1.175594e-01	1.280117e-01	1.355868e-01	1.398222e-01	1.402381e-01	
-9.700832e-02	-9.789574e-02	-9.474223e-02	-8.803961e-02	-7.826137e-02	-6.586516e-02	-5.129515e-02	-3.498428e-02	-1.735655e-02	1.170842e-03	2.018535e-02	3.927691e-02	5.803587e-02	7.605088e-02	9.290673e-02	1.081822e-01	1.214481e-01	1.322647e-01	1.401796e-01	1.447257e-01	1.454183e-01	
-9.970397e-02	-1.003532e-01	-9.690530e-02	-8.985839e-02	-7.969196e-02	-6.686943e-02	-5.184056e-02	-3.504371e-02	-1.690818e-02	2.143667e-03	2.169417e-02	4.132824e-02	6.063123e-02	7.918676e-02	9.657463e-02	1.123686e-01	1.261343e-01	1.374268e-01	1.457884e-01	1.507465e-01	1.518108e-01	
-1.035719e-01	-1.038836e-01	-1.000341e-01	-9.252846e-02	-8.185325e-02	-6.847852e-02	-5.286048e-02	-3.544378e-02	-1.666380e-02	3.051097e-03	2.327734e-02	4.359402e-02	6.358068e-02	8.281517e-02	1.008715e-01	1.173175e-01	1.317128e-01	1.436066e-01	1.525349e-01	1.580188e-01	1.595613e-01	
-1.087587e-01	-1.086215e-01	-1.042498e-01	-9.615716e-02	-8.483786e-02	-7.076970e-02	-5.441631e-02	-3.622954e-02	-1.665183e-02	3.881549e-03	2.494026e-02	4.609665e-02	6.692357e-02	8.699219e-02	1.058698e-01	1.231175e-01	1.382880e-01	1.509235e-01	1.605529e-01	1.666898e-01	1.688297e-01	
-1.154251e-01	-1.147143e-01	-1.096856e-01	-1.008620e-01	-8.874714e-02	-7.382740e-02	-5.657498e-02	-3.745001e-02	-1.690298e-02	4.622903e-03	2.668949e-02	4.886141e-02	7.070384e-02	9.178024e-02	1.116502e-01	1.298670e-01	1.459754e-01	1.595096e-01	1.699903e-01	1.769225e-01	1.797930e-01	
-1.237490e-01	-1.223249e-01	-1.164883e-01	-1.067731e-01	-9.369300e-02	-7.774476e-02	-5.941020e-02	-3.915891e-02	-1.745062e-02	5.262401e-03	2.853307e-02	5.191717e-02	7.497107e-02	9.724943e-02	1.183029e-01	1.376760e-01	1.549044e-01	1.695128e-01	1.810126e-01	1.888991e-01	1.926489e-01	
-1.339295e-01	-1.316358e-01	-1.248223e-01	-1.140352e-01	-9.980029e-02	-8.262554e-02	-6.300391e-02	-4.141579e-02	-1.833145e-02	5.786502e-03	3.048079e-02	5.529710e-02	7.978173e-02	1.034793e-01	1.259303e-01	1.466691e-01	1.652208e-01	1.810998e-01	1.938065e-01	2.028249e-01	2.076204e-01	
-1.461915e-01	-1.428529e-01	-1.348732e-01	-1.228124e-01	-1.072099e-01	-8.858668e-02	-6.744830e-02	-4.428742e-02	-1.958630e-02	6.180681e-03	3.254463e-02	5.903972e-02	8.520079e-02	1.105610e-01	1.346493e-01	1.569883e-01	1.770916e-01	1.944611e-01	2.085849e-01	2.189346e-01	2.249620e-01	
-1.607926e-01	-1.562122e-01	-1.468533e-01	-1.332920e-01	-1.160829e-01	-9.576171e-02	-7.284844e-02	-4.784963e-02	-2.126119e-02	6.429134e-03	3.473924e-02	6.319021e-02	9.130386e-02	1.186003e-01	1.445953e-01	1.687983e-01	1.907093e-01	2.098165e-01	2.255939e-01	2.374985e-01	2.449673e-01	
-1.780319e-01	-1.719873e-01	-1.610090e-01	-1.456911e-01	-1.266056e-01	-1.043051e-01	-7.932568e-02	-5.218977e-02	-2.340877e-02	6.514399e-03	3.708263e-02	6.780213e-02	9.817991e-02	1.277212e-01	1.559270e-01	1.822915e-01	2.062993e-01	2.274231e-01	2.451209e-01	2.588331e-01	2.679794e-01	
-1.982609e-01	-1.904999e-01	-1.776298e-01	-1.602650e-01	-1.389973e-01	-1.143981e-01	-8.702223e-02	-5.740994e-02	-2.609019e-02	6.416823e-03	3.959697e-02	7.293959e-02	1.059348e-01	1.380711e-01	1.688325e-01	1.976959e-01	2.241286e-01	2.475855e-01	2.675063e-01	2.833125e-01	2.944046e-01	
-2.218992e-01	-2.121341e-01	-1.970610e-01	-1.773179e-01	-1.535187e-01	-1.262566e-01	-9.610723e-02	-6.363127e-02	-2.937765e-02	6.113857e-03	4.230978e-02	7.868026e-02	1.146963e-01	1.498273e-01	1.835378e-01	2.152854e-01	2.445175e-01	2.706687e-01	2.931581e-01	3.113857e-01	3.247300e-01	
-2.494549e-01	-2.373544e-01	-2.197207e-01	-1.972179e-01	-1.704856e-01	-1.401415e-01	-1.067849e-01	-7.099980e-02	-3.335779e-02	5.579084e-03	4.525534e-02	8.511929e-02	1.246202e-01	1.632056e-01	2.003182e-01	2.353932e-01	2.678557e-01	2.971171e-01	3.225728e-01	3.435986e-01	3.595477e-01	
-2.815525e-01	-2.667321e-01	-2.461223e-01	-2.204173e-01	-1.902856e-01	-1.563730e-01	-1.193057e-01	-7.969440e-02	-3.813636e-02	4.780895e-03	4.847680e-02	9.237479e-02	1.358993e-01	1.784730e-01	2.195135e-01	2.584308e-01	2.946241e-01	3.274787e-01	3.563628e-01	3.806245e-01	3.995883e-01	
-3.189719e-01	-3.009805e-01	-2.769073e-01	-2.474808e-01	-2.134027e-01	-1.753507e-01	-1.339822e-01	-8.993786e-02	-4.384474e-02	3.680639e-03	5.202901e-02	1.005953e-01	1.487756e-01	1.959640e-01	2.415497e-01	2.849135e-01	3.254251e-01	3.624398e-01	3.952948e-01	4.233065e-01	4.457664e-01	
-3.627039e-01	-3.410057e-01	-3.128901e-01	-2.791255e-01	-2.404512e-01	-1.975818e-01	-1.512105e-01	-1.020126e-01	-5.064911e-02	2.230008e-03	5.598250e-02	1.099706e-01	1.635576e-01	2.161051e-01	2.669691e-01	3.154973e-01	3.610254e-01	4.028739e-01	4.403448e-01	4.727176e-01	4.992461e-01	
-4.140300e-01	-3.879795e-01	-3.551243e-01	-3.162785e-01	-2.722254e-01	-2.237221e-01	-1.715029e-01	-1.162834e-01	-5.876381e-02	3.672463e-04	6.042937e-02	1.207469e-01	1.806455e-01	2.394488e-01	2.964747e-01	3.510323e-01	4.024182e-01	4.499128e-01	4.927769e-01	5.302477e-01	5.615352e-01	
-4.746416e-01	-4.434484e-01	-4.050000e-01	-3.601635e-01	-3.097735e-01	-2.546365e-01	-1.955350e-01	-1.332312e-01	-6.847111e-02	-1.988466e-03	6.549193e-02	1.332503e-01	2.005683e-01	2.667254e-01	3.309952e-01	3.926417e-01	4.509159e-01	5.050514e-01	5.542611e-01	5.977329e-01	6.346256e-01	
-5.468212e-01	-5.094997e-01	-4.643933e-01	-4.124317e-01	-3.545098e-01	-2.914922e-01	-2.242180e-01	-1.535044e-01	-8.015143e-02	-4.945584e-03	7.133595e-02	1.479215e-01	2.240409e-01	2.989216e-01	3.717851e-01	4.418425e-01	5.082908e-01	5.703087e-01	6.270527e-01	6.776526e-01	7.212071e-01	
-6.337297e-01	-5.890234e-01	-5.359019e-01	-4.753693e-01	-4.083924e-01	-3.359051e-01	-2.588136e-01	-1.780009e-01	-9.433107e-02	-8.653727e-03	7.819163e-02	1.653714e-01	2.520539e-01	3.374047e-01	4.205828e-01	5.007364e-01	5.769984e-01	6.484820e-01	7.142764e-01	7.734421e-01	8.250062e-01	
-7.398772e-01	-6.861433e-01	-6.232323e-01	-5.522385e-01	-4.742152e-01	-3.901804e-01	-3.011216e-01	-2.080011e-01	-1.117605e-01	-1.332586e-02	8.638801e-02	1.864727e-01	2.860218e-01	3.841262e-01	4.798694e-01	5.723234e-01	6.605434e-01	7.435635e-01	8.203915e-01	8.900041e-01	9.513416e-01	
-8.719327e-01	-8.069573e-01	-7.318656e-01	-6.478629e-01	-5.561096e-01	-4.577270e-01	-3.538032e-01	-2.453981e-01	-1.335492e-01	-1.927644e-02	9.641221e-02	2.125161e-01	3.280368e-01	4.419727e-01	5.533147e-01	6.610404e-01	7.641094e-01	8.614580e-01	9.519936e-01	1.034590e+00	1.108080e+00	
-1.040196e+00	-9.608832e-01	-8.702664e-01	-7.696920e-01	-6.604556e-01	-5.438094e-01	-4.209681e-01	-2.931155e-01	-1.614100e-01	-2.699066e-02	1.090170e-01	2.454957e-01	3.813305e-01	5.154033e-01	6.465871e-01	7.737407e-01	8.957027e-01	1.011286e+00	1.119270e+00	1.218399e+00	1.307370e+00	
-1.261465e+00	-1.163278e+00	-1.052238e+00	-9.298739e-01	-7.976574e-01	-6.570118e-01	-5.093177e-01	-3.559202e-01	-1.981359e-01	-3.725928e-02	1.254306e-01	2.886640e-01	4.511739e-01	6.116897e-01	7.689311e-01	9.216012e-01	1.068381e+00	1.207920e+00	1.338835e+00	1.459697e+00	1.569028e+00	
-1.565119e+00	-1.441007e+00	-1.301927e+00	-1.149658e+00	-9.859136e-01	-8.123501e-01	-6.305738e-01	-4.421503e-01	-2.486119e-01	-5.146501e-02	1.478018e-01	3.477107e-01	5.467873e-01	7.435530e-01	9.365179e-01	1.124173e+00	1.304984e+00	1.477380e+00	1.639751e+00	1.790436e+00	1.927715e+00	
-2.007635e+00	-1.845706e+00	-1.665744e+00	-1.469889e+00	-1.260206e+00	-1.038688e+00	-8.072683e-01	-5.678333e-01	-3.222276e-01	-7.226514e-02	1.802617e-01	4.335736e-01	6.858951e-01	9.354464e-01	1.180433e+00	1.419040e+00	1.649418e+00	1.869680e+00	2.077884e+00	2.272034e+00	2.450059e+00	
-2.713204e+00	-2.490929e+00	-2.245751e+00	-1.980389e+00	-1.697460e+00	-1.399495e+00	-1.088948e+00	-7.682127e-01	-4.396299e-01	-1.055022e-01	2.318959e-01	5.703060e-01	9.074751e-01	1.241144e+00	1.569037e+00	1.888850e+00	2.198237e+00	2.494802e+00	2.776087e+00	3.039555e+00	3.282582e+00	
-4.018724e+00	-3.684708e+00	-3.318809e+00	-2.924809e+00	-2.506348e+00	-2.066946e+00	-1.610018e+00	-1.138892e+00	-6.568265e-01	-1.670235e-01	3.273523e-01	8.231593e-01	1.317263e+00	1.806523e+00	2.287771e+00	2.757802e+00	3.213358e+00	3.651104e+00	4.067622e+00	4.459387e+00	4.822751e+00	
-7.270360e+00	-6.657879e+00	-5.991197e+00	-5.276737e+00	-4.520683e+00	-3.729013e+00	-2.907528e+00	-2.061883e+00	-1.197609e+00	-3.201489e-01	5.651222e-01	1.452868e+00	2.337764e+00	3.214475e+00	4.077622e+00	4.921764e+00	5.741362e+00	6.530760e+00	7.284153e+00	7.995556e+00	8.658780e+00	
-2.988256e+01	-2.733292e+01	-2.457409e+01	-2.163081e+01	-1.852693e+01	-1.528552e+01	-1.192893e+01	-8.478982e+00	-4.957005e+00	-1.383987e+00	2.219340e+00	5.832397e+00	9.434654e+00	1.300553e+01	1.652430e+01	1.996996e+01	2.332119e+01	2.655617e+01	2.965252e+01	3.258720e+01	3.533634e+01	
1.549487e+01	1.415672e+01	1.271681e+01	1.118718e+01	9.579405e+00	7.904696e+00	6.173920e+00	4.397673e+00	2.586324e+00	7.500695e-01	-1.101015e+00	-2.956931e+00	-4.807702e+00	-6.643330e+00	-8.453743e+00	-1.022875e+01	-1.195798e+01	-1.363084e+01	-1.523648e+01	-1.676369e+01	-1.820091e+01	
6.348639e+00	5.793940e+00	5.200203e+00	4.572037e+00	3.913880e+00	3.230025e+00	2.524638e+00	1.801779e+00	1.065421e+00	3.194743e-01	-4.322021e-01	-1.185776e+00	-1.937424e+00	-2.683315e+00	-3.419591e+00	-4.142347e+00	-4.847612e+00	-5.531332e+00	-6.189345e+00	-6.817367e+00	-7.410967e+00	
4.057375e+00	3.698834e+00	3.316989e+00	2.914588e+00	2.494277e+00	2.058614e+00	1.610082e+00	1.151102e+00	6.840426e-01	2.112344e-01	-2.650213e-01	-7.424402e-01	-1.218744e+00	-1.691649e+00	-2.158855e+00	-2.618037e+00	-3.066828e+00	-3.502813e+00	-3.923514e+00	-4.326381e+00	-4.708774e+00	
3.008784e+00	2.739927e+00	2.454985e+00	2.155851e+00	1.844348e+00	1.522239e+00	1.191235e+00	8.530043e-01	5.091792e-01	1.613656e-01	-1.888506e-01	-5.398950e-01	-8.901980e-01	-1.238186e+00	-1.582276e+00	-1.920864e+00	-2.252322e+00	-2.574987e+00	-2.887154e+00	-3.187067e+00	-3.472911e+00	
2.402857e+00	2.185750e+00	1.956744e+00	1.717235e+00	1.468569e+00	1.212047e+00	9.489339e-01	6.804602e-01	4.078318e-01	1.322341e-01	-1.451616e-01	-4.231934e-01	-7.007021e-01	-9.765267e-01	-1.249498e+00	-1.518434e+00	-1.782133e+00	-2.039369e+00	-2.288884e+00	-2.529384e+00	-2.759533e+00	
2.004397e+00	1.821256e+00	1.628979e+00	1.428635e+00	1.221255e+00	1.007835e+00	7.893426e-01	5.667218e-01	3.408956e-01	1.127720e-01	-1.167521e-01	-3.467868e-01	-5.764445e-01	-8.048365e-01	-1.031068e+00	-1.254234e+00	-1.473416e+00	-1.687676e+00	-1.896052e+00	-2.097557e+00	-2.291167e+00	
1.719280e+00	1.560384e+00	1.394338e+00	1.221977e+00	1.044103e+00	8.614951e-01	6.749067e-01	4.850741e-01	2.927176e-01	9.854554e-02	-9.674257e-02	-2.924526e-01	-4.878924e-01	-6.823692e-01	-8.751856e-01	-1.065637e+00	-1.253006e+00	-1.436565e+00	-1.615564e+00	-1.789236e+00	-1.956784e+00	
1.502416e+00	1.361905e+00	1.215764e+00	1.064646e+00	9.091818e-01	7.499796e-01	5.876317e-01	4.227151e-01	2.557947e-01	8.742603e-02	-8.184248e-02	-2.514666e-01	-4.209039e-01	-5.896115e-01	-7.570430e-01	-9.226468e-01	-1.085863e+00	-1.246119e+00	-1.402832e+00	-1.555401e+00	-1.703205e+00	
1.329432e+00	1.203534e+00	1.073225e+00	9.390137e-01	8.013894e-01	6.608271e-01	5.177879e-01	3.727211e-01	2.260668e-01	7.825767e-02	-7.027908e-02	-2.191197e-01	-3.678421e-01	-5.160237e-01	-6.632398e-01	-8.090616e-01	-9.530539e-01	-1.094774e+00	-1.233767e+00	-1.369570e+00	-1.501700e+00	
