-5.013931e-16	-5.036297e-16	-5.056420e-16	-5.074968e-16	-5.092459e-16	-5.109294e-16	-5.125784e-16	-5.142166e-16	-5.158620e-16	-5.175280e-16	-5.192240e-16	-5.209562e-16	-5.227277e-16	-5.245393e-16	-5.263887e-16	-5.282712e-16	-5.301792e-16	-5.321014e-16	-5.340226e-16	-5.359226e-16	-5.377749e-16	
1.887019e-02	1.900497e-02	1.928599e-02	1.970936e-02	2.027189e-02	2.097116e-02	2.180541e-02	2.277361e-02	2.387540e-02	2.511112e-02	2.648179e-02	2.798914e-02	2.963559e-02	3.142429e-02	3.335912e-02	3.544470e-02	3.768646e-02	4.009061e-02	4.266419e-02	4.541514e-02	4.835230e-02	
3.774208e-02	3.801172e-02	3.857385e-02	3.942068e-02	4.054587e-02	4.194455e-02	4.361321e-02	4.554978e-02	4.775355e-02	5.022519e-02	5.296675e-02	5.598167e-02	5.927482e-02	6.285249e-02	6.672243e-02	7.089391e-02	7.537775e-02	8.018638e-02	8.533391e-02	9.083619e-02	9.671092e-02	
5.661737e-02	5.702201e-02	5.786543e-02	5.913594e-02	6.082403e-02	6.292239e-02	6.542577e-02	6.833105e-02	7.163717e-02	7.534513e-02	7.945801e-02	8.398099e-02	8.892135e-02	9.428852e-02	1.000941e-01	1.063521e-01	1.130787e-01	1.202925e-01	1.280147e-01	1.362691e-01	1.450822e-01	
7.549777e-02	7.603761e-02	7.716259e-02	7.885709e-02	8.110846e-02	8.390690e-02	8.724547e-02	9.111997e-02	9.552899e-02	1.004739e-01	1.059587e-01	1.119905e-01	1.185788e-01	1.257363e-01	1.334784e-01	1.418238e-01	1.507941e-01	1.604140e-01	1.707120e-01	1.817196e-01	1.934723e-01	
9.438496e-02	9.506030e-02	9.646718e-02	9.858609e-02	1.014012e-01	1.049003e-01	1.090747e-01	1.139191e-01	1.194318e-01	1.256144e-01	1.324721e-01	1.400135e-01	1.482508e-01	1.571996e-01	1.668795e-01	1.773135e-01	1.885287e-01	2.005562e-01	2.134314e-01	2.271938e-01	2.418877e-01	
1.132806e-01	1.140918e-01	1.157810e-01	1.183249e-01	1.217044e-01	1.259048e-01	1.309158e-01	1.367309e-01	1.433482e-01	1.507695e-01	1.590012e-01	1.680535e-01	1.779409e-01	1.886825e-01	2.003014e-01	2.128256e-01	2.262874e-01	2.407242e-01	2.561783e-01	2.726974e-01	2.903345e-01	
1.321865e-01	1.331339e-01	1.351060e-01	1.380755e-01	1.420200e-01	1.469226e-01	1.527711e-01	1.595580e-01	1.672809e-01	1.759422e-01	1.855491e-01	1.961137e-01	2.076529e-01	2.201887e-01	2.337485e-01	2.483646e-01	2.640749e-01	2.809230e-01	2.989582e-01	3.182363e-01	3.388191e-01	
1.511041e-01	1.521884e-01	1.544440e-01	1.578397e-01	1.623502e-01	1.679559e-01	1.746429e-01	1.824028e-01	1.912327e-01	2.011354e-01	2.121191e-01	2.241975e-01	2.373901e-01	2.517222e-01	2.672247e-01	2.839348e-01	3.018959e-01	3.211576e-01	3.417766e-01	3.638163e-01	3.873475e-01	
1.700353e-01	1.712568e-01	1.737966e-01	1.776195e-01	1.826969e-01	1.890069e-01	1.965337e-01	2.052678e-01	2.152062e-01	2.263519e-01	2.387140e-01	2.523082e-01	2.671563e-01	2.832866e-01	3.007342e-01	3.195408e-01	3.397552e-01	3.614333e-01	3.846388e-01	4.094431e-01	4.359260e-01	
1.889816e-01	1.903411e-01	1.931659e-01	1.974168e-01	2.030623e-01	2.100777e-01	2.184456e-01	2.281556e-01	2.392041e-01	2.515945e-01	2.653371e-01	2.804491e-01	2.969549e-01	3.148859e-01	3.342811e-01	3.551869e-01	3.776574e-01	4.017549e-01	4.275502e-01	4.551226e-01	4.845607e-01	
2.079446e-01	2.094428e-01	2.125535e-01	2.172335e-01	2.234482e-01	2.311704e-01	2.403810e-01	2.510685e-01	2.632290e-01	2.768662e-01	2.919913e-01	3.086235e-01	3.267894e-01	3.465238e-01	3.678694e-01	3.908773e-01	4.156071e-01	4.421274e-01	4.705160e-01	5.008603e-01	5.332577e-01	
2.269260e-01	2.285637e-01	2.319611e-01	2.370715e-01	2.438566e-01	2.522872e-01	2.623422e-01	2.740090e-01	2.872835e-01	3.021696e-01	3.186797e-01	3.368345e-01	3.566634e-01	3.782040e-01	4.015031e-01	4.266164e-01	4.536090e-01	4.825558e-01	5.135416e-01	5.466618e-01	5.820229e-01	
2.459274e-01	2.477054e-01	2.513907e-01	2.569325e-01	2.642897e-01	2.734301e-01	2.843313e-01	2.969795e-01	3.113701e-01	3.275075e-01	3.454052e-01	3.650855e-01	3.865801e-01	4.099301e-01	4.351861e-01	4.624084e-01	4.916676e-01	5.230449e-01	5.566322e-01	5.925329e-01	6.308623e-01	
2.649504e-01	2.668695e-01	2.708438e-01	2.768185e-01	2.847491e-01	2.946013e-01	3.063506e-01	3.199823e-01	3.354915e-01	3.528828e-01	3.721707e-01	3.933794e-01	4.165431e-01	4.417059e-01	4.689223e-01	4.982575e-01	5.297874e-01	5.635995e-01	5.997929e-01	6.384789e-01	6.797818e-01	
2.839964e-01	2.860577e-01	2.903222e-01	2.967312e-01	3.052370e-01	3.158027e-01	3.284023e-01	3.430198e-01	3.596500e-01	3.782980e-01	3.989792e-01	4.217195e-01	4.465556e-01	4.735348e-01	5.027156e-01	5.341678e-01	5.679728e-01	6.042243e-01	6.430287e-01	6.845052e-01	7.287872e-01	
3.030670e-01	3.052715e-01	3.098275e-01	3.166723e-01	3.257551e-01	3.370364e-01	3.504884e-01	3.660943e-01	3.838483e-01	4.037558e-01	4.258334e-01	4.501088e-01	4.766210e-01	5.054205e-01	5.365698e-01	5.701433e-01	6.062281e-01	6.449241e-01	6.863446e-01	7.306173e-01	7.778842e-01	
3.221638e-01	3.245125e-01	3.293614e-01	3.366436e-01	3.463052e-01	3.583043e-01	3.726112e-01	3.892080e-01	4.080886e-01	4.292589e-01	4.527363e-01	4.785503e-01	5.067424e-01	5.373664e-01	5.704886e-01	6.061882e-01	6.445576e-01	6.857033e-01	7.297456e-01	7.768202e-01	8.270783e-01	
3.412881e-01	3.437823e-01	3.489254e-01	3.566469e-01	3.668893e-01	3.796084e-01	3.947727e-01	4.123631e-01	4.323735e-01	4.548097e-01	4.796904e-01	5.070469e-01	5.369231e-01	5.693759e-01	6.044756e-01	6.423062e-01	6.829656e-01	7.265664e-01	7.732364e-01	8.231193e-01	8.763750e-01	
3.604413e-01	3.630822e-01	3.685212e-01	3.766836e-01	3.875090e-01	4.009505e-01	4.169747e-01	4.355619e-01	4.567051e-01	4.804108e-01	5.066986e-01	5.356015e-01	5.671660e-01	6.014522e-01	6.385344e-01	6.785011e-01	7.214560e-01	7.675179e-01	8.168218e-01	8.695194e-01	9.257798e-01	
3.796249e-01	3.824138e-01	3.881502e-01	3.967556e-01	4.081660e-01	4.223324e-01	4.392195e-01	4.588063e-01	4.810857e-01	5.060645e-01	5.337633e-01	5.642169e-01	5.974743e-01	6.335987e-01	6.726684e-01	7.147768e-01	7.600329e-01	8.085620e-01	8.605062e-01	9.160254e-01	9.752978e-01	
3.988403e-01	4.017785e-01	4.078140e-01	4.168642e-01	4.288621e-01	4.437559e-01	4.615087e-01	4.820984e-01	5.055175e-01	5.317732e-01	5.608872e-01	5.928959e-01	6.278508e-01	6.658184e-01	7.068811e-01	7.511368e-01	7.987002e-01	8.497028e-01	9.042942e-01	9.626422e-01	1.024934e+00	
4.180886e-01	4.211775e-01	4.275139e-01	4.370110e-01	4.495987e-01	4.652227e-01	4.838443e-01	5.054402e-01	5.300027e-01	5.575392e-01	5.880726e-01	6.216410e-01	6.582983e-01	6.981145e-01	7.411756e-01	7.875846e-01	8.374615e-01	8.909444e-01	9.481900e-01	1.009374e+00	1.074693e+00	
4.373711e-01	4.406122e-01	4.472512e-01	4.571975e-01	4.703775e-01	4.867345e-01	5.062279e-01	5.288336e-01	5.545433e-01	5.833647e-01	6.153219e-01	6.504547e-01	6.888196e-01	7.304897e-01	7.755552e-01	8.241235e-01	8.763205e-01	9.322907e-01	9.921977e-01	1.056226e+00	1.124581e+00	
4.566890e-01	4.600839e-01	4.670274e-01	4.774250e-01	4.912000e-01	5.082928e-01	5.286614e-01	5.522804e-01	5.791411e-01	6.092518e-01	6.426374e-01	6.793396e-01	7.194173e-01	7.629470e-01	8.100227e-01	8.607569e-01	9.152808e-01	9.737452e-01	1.036321e+00	1.103202e+00	1.174601e+00	
4.760434e-01	4.795936e-01	4.868436e-01	4.976949e-01	5.120674e-01	5.298992e-01	5.511463e-01	5.757823e-01	6.037982e-01	6.352025e-01	6.700212e-01	7.082978e-01	7.500939e-01	7.954890e-01	8.445812e-01	8.974877e-01	9.543454e-01	1.015312e+00	1.080565e+00	1.150305e+00	1.224757e+00	
4.954354e-01	4.991425e-01	5.067010e-01	5.180083e-01	5.329812e-01	5.515550e-01	5.736841e-01	5.993409e-01	6.285161e-01	6.612185e-01	6.974753e-01	7.373317e-01	7.808517e-01	8.281181e-01	8.792332e-01	9.343189e-01	9.935177e-01	1.056993e+00	1.124931e+00	1.197541e+00	1.275055e+00	
5.148660e-01	5.187316e-01	5.266007e-01	5.383665e-01	5.539425e-01	5.732616e-01	5.962762e-01	6.229578e-01	6.532966e-01	6.873018e-01	7.250016e-01	7.664432e-01	8.116929e-01	8.608369e-01	9.139814e-01	9.712532e-01	1.032800e+00	1.098793e+00	1.169425e+00	1.244912e+00	1.325497e+00	
5.343359e-01	5.383619e-01	5.465436e-01	5.587705e-01	5.749525e-01	5.950201e-01	6.189239e-01	6.466343e-01	6.781411e-01	7.134539e-01	7.526020e-01	7.956342e-01	8.426195e-01	8.936474e-01	9.488280e-01	1.008293e+00	1.072196e+00	1.140714e+00	1.214048e+00	1.292422e+00	1.376088e+00	
5.538461e-01	5.580341e-01	5.665307e-01	5.792212e-01	5.960122e-01	6.168317e-01	6.416285e-01	6.703718e-01	7.030511e-01	7.396764e-01	7.802779e-01	8.249064e-01	8.736334e-01	9.265516e-01	9.837753e-01	1.045441e+00	1.111708e+00	1.182759e+00	1.258803e+00	1.340073e+00	1.426830e+00	
5.733973e-01	5.777491e-01	5.865628e-01	5.997195e-01	6.171225e-01	6.386974e-01	6.643909e-01	6.941713e-01	7.280277e-01	7.659705e-01	8.080309e-01	8.542614e-01	9.047363e-01	9.595514e-01	1.018825e+00	1.082699e+00	1.151337e+00	1.224931e+00	1.303694e+00	1.387869e+00	1.477726e+00	
5.929901e-01	5.975075e-01	6.066406e-01	6.202661e-01	6.382843e-01	6.606179e-01	6.872121e-01	7.180339e-01	7.530721e-01	7.923374e-01	8.358621e-01	8.837006e-01	9.359296e-01	9.926483e-01	1.053979e+00	1.120068e+00	1.191087e+00	1.267231e+00	1.348722e+00	1.435812e+00	1.528779e+00	
6.126249e-01	6.173099e-01	6.267645e-01	6.408617e-01	6.594981e-01	6.825941e-01	7.100929e-01	7.419605e-01	7.781852e-01	8.187781e-01	8.637727e-01	9.132251e-01	9.672146e-01	1.025844e+00	1.089239e+00	1.157551e+00	1.230958e+00	1.309660e+00	1.393890e+00	1.483904e+00	1.579992e+00	
6.323021e-01	6.371565e-01	6.469351e-01	6.615066e-01	6.807645e-01	7.046265e-01	7.330339e-01	7.659516e-01	8.033676e-01	8.452934e-01	8.917635e-01	9.428358e-01	9.985922e-01	1.059139e+00	1.124606e+00	1.195149e+00	1.270951e+00	1.352222e+00	1.439198e+00	1.532146e+00	1.631365e+00	
6.520220e-01	6.570478e-01	6.671527e-01	6.822014e-01	7.020839e-01	7.267154e-01	7.560355e-01	7.900077e-01	8.286200e-01	8.718838e-01	9.198350e-01	9.725334e-01	1.030063e+00	1.092534e+00	1.160080e+00	1.232862e+00	1.311069e+00	1.394916e+00	1.484648e+00	1.580541e+00	1.682901e+00	
6.717847e-01	6.769838e-01	6.874174e-01	7.029460e-01	7.234565e-01	7.488612e-01	7.790979e-01	8.141292e-01	8.539425e-01	8.985498e-01	9.479878e-01	1.002318e+00	1.061628e+00	1.126030e+00	1.195662e+00	1.270691e+00	1.351311e+00	1.437743e+00	1.530241e+00	1.629088e+00	1.734600e+00	
6.915902e-01	6.969644e-01	7.077291e-01	7.237405e-01	7.448821e-01	7.710637e-01	8.022212e-01	8.383160e-01	8.793352e-01	9.252912e-01	9.762218e-01	1.032191e+00	1.093287e+00	1.159627e+00	1.231353e+00	1.308637e+00	1.391678e+00	1.480704e+00	1.575977e+00	1.677787e+00	1.786462e+00	
7.114381e-01	7.169895e-01	7.280877e-01	7.445847e-01	7.663607e-01	7.933229e-01	8.254052e-01	8.625680e-01	9.047981e-01	9.521081e-01	1.004537e+00	1.062150e+00	1.125039e+00	1.193324e+00	1.267152e+00	1.346699e+00	1.432169e+00	1.523798e+00	1.621855e+00	1.726640e+00	1.838488e+00	
7.313282e-01	7.370587e-01	7.484927e-01	7.654783e-01	7.878919e-01	8.156382e-01	8.486494e-01	8.868848e-01	9.303305e-01	9.789998e-01	1.032933e+00	1.092196e+00	1.156885e+00	1.227122e+00	1.303059e+00	1.384876e+00	1.472784e+00	1.567025e+00	1.667876e+00	1.775644e+00	1.890675e+00	
7.512598e-01	7.571714e-01	7.689437e-01	7.864205e-01	8.094749e-01	8.380091e-01	8.719533e-01	9.112655e-01	9.559318e-01	1.005966e+00	1.061408e+00	1.122328e+00	1.188823e+00	1.261019e+00	1.339072e+00	1.423167e+00	1.513521e+00	1.610383e+00	1.714036e+00	1.824798e+00	1.943023e+00	
7.712321e-01	7.773267e-01	7.894396e-01	8.074105e-01	8.311090e-01	8.604346e-01	8.953157e-01	9.357093e-01	9.816008e-01	1.033004e+00	1.089962e+00	1.152544e+00	1.220852e+00	1.295014e+00	1.375190e+00	1.461570e+00	1.554379e+00	1.653870e+00	1.760335e+00	1.874101e+00	1.995530e+00	
7.912441e-01	7.975236e-01	8.099796e-01	8.284472e-01	8.527929e-01	8.829135e-01	9.187354e-01	9.602146e-01	1.007336e+00	1.060114e+00	1.118592e+00	1.182843e+00	1.252970e+00	1.329104e+00	1.411410e+00	1.500085e+00	1.595355e+00	1.697484e+00	1.806770e+00	1.923548e+00	2.048191e+00	
8.112945e-01	8.177609e-01	8.305621e-01	8.495292e-01	8.745252e-01	9.054442e-01	9.422108e-01	9.847799e-01	1.033136e+00	1.087294e+00	1.147298e+00	1.213223e+00	1.285174e+00	1.363287e+00	1.447731e+00	1.538706e+00	1.636446e+00	1.741222e+00	1.853338e+00	1.973137e+00	2.101004e+00	
8.313818e-01	8.380369e-01	8.511856e-01	8.706548e-01	8.963042e-01	9.280250e-01	9.657400e-01	1.009403e+00	1.058998e+00	1.114541e+00	1.176076e+00	1.243680e+00	1.317462e+00	1.397561e+00	1.484149e+00	1.577432e+00	1.677650e+00	1.785079e+00	1.900033e+00	2.022863e+00	2.153963e+00	
8.515041e-01	8.583498e-01	8.718482e-01	8.918221e-01	9.181276e-01	9.506535e-01	9.893206e-01	1.034081e+00	1.084920e+00	1.141852e+00	1.204923e+00	1.274213e+00	1.349831e+00	1.431921e+00	1.520659e+00	1.616257e+00	1.718960e+00	1.829051e+00	1.946851e+00	2.072721e+00	2.207063e+00	
8.716595e-01	8.786974e-01	8.925476e-01	9.130287e-01	9.399932e-01	9.733273e-01	1.012950e+00	1.058812e+00	1.110898e+00	1.169224e+00	1.233836e+00	1.304816e+00	1.382276e+00	1.466363e+00	1.557258e+00	1.655177e+00	1.760372e+00	1.873132e+00	1.993786e+00	2.122703e+00	2.260296e+00	
8.918453e-01	8.990772e-01	9.132813e-01	9.342718e-01	9.618980e-01	9.960432e-01	1.036625e+00	1.083592e+00	1.136930e+00	1.196653e+00	1.262811e+00	1.335485e+00	1.414793e+00	1.500882e+00	1.593940e+00	1.694186e+00	1.801879e+00	1.917315e+00	2.040830e+00	2.172803e+00	2.313655e+00	
9.120588e-01	9.194863e-01	9.340462e-01	9.555484e-01	9.838387e-01	1.018798e+00	1.060341e+00	1.108418e+00	1.163010e+00	1.224135e+00	1.291842e+00	1.366216e+00	1.447375e+00	1.535473e+00	1.630699e+00	1.733278e+00	1.843475e+00	1.961593e+00	2.087977e+00	2.223012e+00	2.367131e+00	
9.322969e-01	9.399215e-01	9.548389e-01	9.768549e-01	1.005812e+00	1.041587e+00	1.084095e+00	1.133284e+00	1.189134e+00	1.251665e+00	1.320925e+00	1.397003e+00	1.480018e+00	1.570128e+00	1.667527e+00	1.772445e+00	1.885152e+00	2.005958e+00	2.135216e+00	2.273320e+00	2.420712e+00	
9.525560e-01	9.603790e-01	9.756557e-01	9.981873e-01	1.027813e+00	1.064407e+00	1.107883e+00	1.158185e+00	1.215297e+00	1.279236e+00	1.350054e+00	1.427839e+00	1.512714e+00	1.604841e+00	1.704417e+00	1.811678e+00	1.926900e+00	2.050399e+00	2.182537e+00	2.323716e+00	2.474388e+00	
9.728320e-01	9.808549e-01	9.964922e-01	1.019541e+00	1.049837e+00	1.087253e+00	1.131698e+00	1.183117e+00	1.241493e+00	1.306844e+00	1.379221e+00	1.458717e+00	1.545456e+00	1.639603e+00	1.741360e+00	1.850968e+00	1.968709e+00	2.094906e+00	2.229928e+00	2.374187e+00	2.528144e+00	
9.931206e-01	1.001344e+00	1.017344e+00	1.040912e+00	1.071880e+00	1.110118e+00	1.155534e+00	1.208073e+00	1.267715e+00	1.334479e+00	1.408420e+00	1.489628e+00	1.578234e+00	1.674404e+00	1.778345e+00	1.890303e+00	2.010567e+00	2.139466e+00	2.277377e+00	2.424720e+00	2.581966e+00	
1.013417e+00	1.021843e+00	1.038205e+00	1.062293e+00	1.093934e+00	1.132997e+00	1.179386e+00	1.233046e+00	1.293956e+00	1.362136e+00	1.437640e+00	1.520564e+00	1.611038e+00	1.709234e+00	1.815362e+00	1.929673e+00	2.052462e+00	2.184066e+00	2.324868e+00	2.475298e+00	2.635837e+00	
1.033715e+00	1.042344e+00	1.059070e+00	1.083679e+00	1.115995e+00	1.155883e+00	1.203246e+00	1.258027e+00	1.320207e+00	1.389804e+00	1.466874e+00	1.551515e+00	1.643859e+00	1.744082e+00	1.852398e+00	1.969064e+00	2.094380e+00	2.228691e+00	2.372386e+00	2.525905e+00	2.689739e+00	
1.054009e+00	1.062841e+00	1.079933e+00	1.105063e+00	1.138054e+00	1.178768e+00	1.227106e+00	1.283010e+00	1.346459e+00	1.417474e+00	1.496111e+00	1.582469e+00	1.676684e+00	1.778934e+00	1.889440e+00	2.008461e+00	2.136305e+00	2.273323e+00	2.419912e+00	2.576521e+00	2.743650e+00	
1.074293e+00	1.083329e+00	1.100785e+00	1.126438e+00	1.160104e+00	1.201644e+00	1.250957e+00	1.307984e+00	1.372703e+00	1.445135e+00	1.525339e+00	1.613414e+00	1.709499e+00	1.813778e+00	1.926472e+00	2.047849e+00	2.178220e+00	2.317944e+00	2.467427e+00	2.627126e+00	2.797550e+00	
1.094559e+00	1.103799e+00	1.121621e+00	1.147795e+00	1.182137e+00	1.224503e+00	1.274790e+00	1.332939e+00	1.398927e+00	1.472776e+00	1.554545e+00	1.644336e+00	1.742292e+00	1.848596e+00	1.963478e+00	2.087208e+00	2.220106e+00	2.362535e+00	2.514910e+00	2.677696e+00	2.851412e+00	
1.114800e+00	1.124244e+00	1.142430e+00	1.169126e+00	1.204142e+00	1.247333e+00	1.298594e+00	1.357863e+00	1.425120e+00	1.500384e+00	1.583717e+00	1.675222e+00	1.775045e+00	1.883374e+00	2.000440e+00	2.126522e+00	2.261942e+00	2.407072e+00	2.562336e+00	2.728206e+00	2.905211e+00	
1.135006e+00	1.144654e+00	1.163205e+00	1.190421e+00	1.226111e+00	1.270125e+00	1.322358e+00	1.382746e+00	1.451268e+00	1.527945e+00	1.612839e+00	1.706055e+00	1.807742e+00	1.918091e+00	2.037339e+00	2.165767e+00	2.303706e+00	2.451533e+00	2.609680e+00	2.778628e+00	2.958917e+00	
1.155168e+00	1.165020e+00	1.183934e+00	1.211669e+00	1.248031e+00	1.292866e+00	1.346068e+00	1.407573e+00	1.477357e+00	1.555443e+00	1.641895e+00	1.736818e+00	1.840365e+00	1.952729e+00	2.074153e+00	2.204922e+00	2.345373e+00	2.495892e+00	2.656915e+00	2.828934e+00	3.012498e+00	
1.175278e+00	1.185331e+00	1.204607e+00	1.232860e+00	1.269891e+00	1.315545e+00	1.369713e+00	1.432330e+00	1.503373e+00	1.582864e+00	1.670867e+00	1.767492e+00	1.872892e+00	1.987266e+00	2.110859e+00	2.243962e+00	2.386918e+00	2.540119e+00	2.704009e+00	2.879091e+00	3.065921e+00	
1.195322e+00	1.205576e+00	1.225213e+00	1.253980e+00	1.291677e+00	1.338147e+00	1.393277e+00	1.457001e+00	1.529298e+00	1.610187e+00	1.699737e+00	1.798057e+00	1.905304e+00	2.021679e+00	2.147432e+00	2.282860e+00	2.428311e+00	2.584184e+00	2.750932e+00	2.929063e+00	3.119146e+00	
1.215290e+00	1.225744e+00	1.245738e+00	1.275017e+00	1.313377e+00	1.360657e+00	1.416744e+00	1.481571e+00	1.555114e+00	1.637396e+00	1.728484e+00	1.828491e+00	1.937575e+00	2.055942e+00	2.183846e+00	2.321588e+00	2.469522e+00	2.628055e+00	2.797646e+00	2.978814e+00	3.172136e+00	
1.235170e+00	1.245821e+00	1.266169e+00	1.295957e+00	1.334975e+00	1.383060e+00	1.440098e+00	1.506020e+00	1.580803e+00	1.664469e+00	1.757086e+00	1.858770e+00	1.969681e+00	2.090029e+00	2.220071e+00	2.360114e+00	2.510518e+00	2.671696e+00	2.844115e+00	3.028303e+00	3.224845e+00	
1.254947e+00	1.265792e+00	1.286492e+00	1.316784e+00	1.356454e+00	1.405339e+00	1.463321e+00	1.530331e+00	1.606344e+00	1.691384e+00	1.785520e+00	1.888870e+00	2.001596e+00	2.123911e+00	2.256076e+00	2.398406e+00	2.551264e+00	2.715069e+00	2.890299e+00	3.077486e+00	3.277229e+00	
1.274607e+00	1.285644e+00	1.306691e+00	1.337482e+00	1.377799e+00	1.427475e+00	1.486393e+00	1.554481e+00	1.631715e+00	1.718118e+00	1.813761e+00	1.918763e+00	2.033289e+00	2.157556e+00	2.291830e+00	2.436428e+00	2.591721e+00	2.758134e+00	2.936153e+00	3.126319e+00	3.329238e+00	
1.294135e+00	1.305360e+00	1.326750e+00	1.358033e+00	1.398990e+00	1.449450e+00	1.509294e+00	1.578450e+00	1.656892e+00	1.744645e+00	1.841781e+00	1.948420e+00	2.064731e+00	2.190933e+00	2.327296e+00	2.474142e+00	2.631849e+00	2.800848e+00	2.981631e+00	3.174750e+00	3.380819e+00	
1.313514e+00	1.324924e+00	1.346651e+00	1.378420e+00	1.420007e+00	1.471242e+00	1.532002e+00	1.602213e+00	1.681851e+00	1.770940e+00	1.869553e+00	1.977812e+00	2.095889e+00	2.224005e+00	2.362436e+00	2.511509e+00	2.671605e+00	2.843164e+00	3.026685e+00	3.222728e+00	3.431916e+00	
1.332727e+00	1.344317e+00	1.366375e+00	1.398622e+00	1.440832e+00	1.492831e+00	1.554494e+00	1.625747e+00	1.706566e+00	1.796974e+00	1.897046e+00	2.006906e+00	2.126727e+00	2.256737e+00	2.397212e+00	2.548485e+00	2.710944e+00	2.885035e+00	3.071263e+00	3.270197e+00	3.482470e+00	
1.351755e+00	1.363520e+00	1.385902e+00	1.418619e+00	1.461441e+00	1.514192e+00	1.576745e+00	1.649025e+00	1.731007e+00	1.822717e+00	1.924228e+00	2.035667e+00	2.157211e+00	2.289088e+00	2.431581e+00	2.585026e+00	2.749818e+00	2.926408e+00	3.115309e+00	3.317098e+00	3.532418e+00	
1.370580e+00	1.382514e+00	1.405212e+00	1.438389e+00	1.481812e+00	1.535301e+00	1.598729e+00	1.672020e+00	1.755147e+00	1.848137e+00	1.951066e+00	2.064060e+00	2.187300e+00	2.321017e+00	2.465498e+00	2.621085e+00	2.788176e+00	2.967230e+00	3.158766e+00	3.363371e+00	3.581695e+00	
1.389181e+00	1.401277e+00	1.424284e+00	1.457910e+00	1.501920e+00	1.556133e+00	1.620420e+00	1.694702e+00	1.778954e+00	1.873203e+00	1.977524e+00	2.092048e+00	2.216955e+00	2.352482e+00	2.498919e+00	2.656612e+00	2.825965e+00	3.007443e+00	3.201574e+00	3.408949e+00	3.630230e+00	
1.407537e+00	1.419788e+00	1.443093e+00	1.477157e+00	1.521741e+00	1.576662e+00	1.641788e+00	1.717042e+00	1.802397e+00	1.897878e+00	2.003566e+00	2.119589e+00	2.246134e+00	2.383437e+00	2.531794e+00	2.691555e+00	2.863130e+00	3.046989e+00	3.243668e+00	3.453766e+00	3.677953e+00	
1.425624e+00	1.438024e+00	1.461616e+00	1.496105e+00	1.541248e+00	1.596859e+00	1.662806e+00	1.739008e+00	1.825440e+00	1.922129e+00	2.029153e+00	2.146645e+00	2.274792e+00	2.413835e+00	2.564073e+00	2.725860e+00	2.899612e+00	3.085806e+00	3.284983e+00	3.497750e+00	3.724787e+00	
1.443422e+00	1.455960e+00	1.479830e+00	1.514729e+00	1.560414e+00	1.616696e+00	1.683441e+00	1.760568e+00	1.848051e+00	1.945917e+00	2.054245e+00	2.173172e+00	2.302884e+00	2.443628e+00	2.595704e+00	2.759472e+00	2.935353e+00	3.123830e+00	3.325451e+00	3.540830e+00	3.770655e+00	
1.460905e+00	1.473573e+00	1.497707e+00	1.533002e+00	1.579212e+00	1.636144e+00	1.703663e+00	1.781688e+00	1.870193e+00	1.969204e+00	2.078803e+00	2.199126e+00	2.330364e+00	2.472764e+00	2.626633e+00	2.792333e+00	2.970292e+00	3.160996e+00	3.365001e+00	3.582930e+00	3.815477e+00	
1.478049e+00	1.490837e+00	1.515223e+00	1.550897e+00	1.597611e+00	1.655171e+00	1.723439e+00	1.802334e+00	1.891829e+00	1.991951e+00	2.102783e+00	2.224462e+00	2.357182e+00	2.501194e+00	2.656805e+00	2.824385e+00	3.004364e+00	3.197236e+00	3.403562e+00	3.623973e+00	3.859170e+00	
1.494831e+00	1.507728e+00	1.532350e+00	1.568386e+00	1.615584e+00	1.673747e+00	1.742737e+00	1.822471e+00	1.912923e+00	2.014119e+00	2.126144e+00	2.249136e+00	2.383292e+00	2.528864e+00	2.686165e+00	2.855567e+00	3.037506e+00	3.232482e+00	3.441061e+00	3.663881e+00	3.901653e+00	
1.511223e+00	1.524218e+00	1.549062e+00	1.585441e+00	1.633100e+00	1.691840e+00	1.761523e+00	1.842064e+00	1.933436e+00	2.035668e+00	2.148842e+00	2.273102e+00	2.408643e+00	2.555722e+00	2.714656e+00	2.885820e+00	3.069654e+00	3.266665e+00	3.477424e+00	3.702576e+00	3.942840e+00	
1.527202e+00	1.540282e+00	1.565332e+00	1.602034e+00	1.650130e+00	1.709420e+00	1.779764e+00	1.861077e+00	1.953332e+00	2.056556e+00	2.170835e+00	2.296312e+00	2.433186e+00	2.581716e+00	2.742221e+00	2.915082e+00	3.100744e+00	3.299716e+00	3.512577e+00	3.739979e+00	3.982648e+00	
1.542742e+00	1.555894e+00	1.581133e+00	1.618136e+00	1.666644e+00	1.726455e+00	1.797428e+00	1.879476e+00	1.972572e+00	2.076744e+00	2.192080e+00	2.318722e+00	2.456873e+00	2.606793e+00	2.768806e+00	2.943296e+00	3.130711e+00	3.331566e+00	3.546448e+00	3.776013e+00	4.020993e+00	
1.557818e+00	1.571029e+00	1.596438e+00	1.633720e+00	1.682614e+00	1.742915e+00	1.814481e+00	1.897225e+00	1.991120e+00	2.096194e+00	2.212535e+00	2.340287e+00	2.479655e+00	2.630903e+00	2.794356e+00	2.970401e+00	3.159493e+00	3.362151e+00	3.578965e+00	3.810600e+00	4.057795e+00	
1.572406e+00	1.585662e+00	1.611222e+00	1.648760e+00	1.698011e+00	1.758770e+00	1.830893e+00	1.914293e+00	2.008941e+00	2.114867e+00	2.232160e+00	2.360965e+00	2.501488e+00	2.653996e+00	2.818818e+00	2.996343e+00	3.187030e+00	3.391404e+00	3.610061e+00	3.843669e+00	4.092976e+00	
1.586484e+00	1.599769e+00	1.625461e+00	1.663230e+00	1.712809e+00	1.773993e+00	1.846634e+00	1.930647e+00	2.026001e+00	2.132729e+00	2.250917e+00	2.380714e+00	2.522328e+00	2.676027e+00	2.842142e+00	3.021068e+00	3.213267e+00	3.419267e+00	3.639670e+00	3.875151e+00	4.126462e+00	
1.600030e+00	1.613329e+00	1.639131e+00	1.677106e+00	1.726983e+00	1.788556e+00	1.861677e+00	1.946258e+00	2.042271e+00	2.149745e+00	2.268771e+00	2.399498e+00	2.542134e+00	2.696952e+00	2.864284e+00	3.044528e+00	3.238150e+00	3.445683e+00	3.667734e+00	3.904982e+00	4.158186e+00	
1.613024e+00	1.626321e+00	1.652214e+00	1.690368e+00	1.740512e+00	1.802438e+00	1.875997e+00	1.961101e+00	2.057721e+00	2.165888e+00	2.285692e+00	2.417283e+00	2.560873e+00	2.716734e+00	2.885202e+00	3.066680e+00	3.261634e+00	3.470604e+00	3.694199e+00	3.933106e+00	4.188087e+00	
1.625450e+00	1.638728e+00	1.664689e+00	1.702996e+00	1.753375e+00	1.815617e+00	1.889573e+00	1.975153e+00	2.072329e+00	2.181131e+00	2.301651e+00	2.434041e+00	2.578512e+00	2.735340e+00	2.904863e+00	3.087486e+00	3.283680e+00	3.493987e+00	3.719022e+00	3.959475e+00	4.216117e+00	
1.637292e+00	1.650537e+00	1.676544e+00	1.714976e+00	1.765558e+00	1.828079e+00	1.902388e+00	1.988396e+00	2.086075e+00	2.195456e+00	2.316630e+00	2.449749e+00	2.595029e+00	2.752746e+00	2.923240e+00	3.106919e+00	3.304258e+00	3.515802e+00	3.742169e+00	3.984055e+00	4.242235e+00	
1.648542e+00	1.661736e+00	1.687767e+00	1.726297e+00	1.777049e+00	1.839810e+00	1.914430e+00	2.000819e+00	2.098948e+00	2.208848e+00	2.330613e+00	2.464394e+00	2.610409e+00	2.768935e+00	2.940316e+00	3.124961e+00	3.323348e+00	3.536025e+00	3.763616e+00	4.006820e+00	4.266416e+00	
1.659192e+00	1.672319e+00	1.698353e+00	1.736953e+00	1.787843e+00	1.850807e+00	1.925694e+00	2.012416e+00	2.110941e+00	2.221303e+00	2.343594e+00	2.477969e+00	2.624644e+00	2.783901e+00	2.956083e+00	3.141603e+00	3.340942e+00	3.554651e+00	3.783357e+00	4.027762e+00	4.288652e+00	
1.669242e+00	1.682285e+00	1.708301e+00	1.746945e+00	1.797939e+00	1.861069e+00	1.936181e+00	2.023187e+00	2.122057e+00	2.232822e+00	2.355577e+00	2.490477e+00	2.637740e+00	2.797648e+00	2.970547e+00	3.156853e+00	3.357047e+00	3.571686e+00	3.801398e+00	4.046890e+00	4.308951e+00	
1.678695e+00	1.691640e+00	1.717616e+00	1.756277e+00	1.807345e+00	1.870604e+00	1.945900e+00	2.033144e+00	2.132306e+00	2.243418e+00	2.366575e+00	2.501934e+00	2.649712e+00	2.810194e+00	2.983728e+00	3.170730e+00	3.371687e+00	3.587154e+00	3.817766e+00	4.064231e+00	4.327344e+00	
1.687562e+00	1.700394e+00	1.726311e+00	1.764965e+00	1.816077e+00	1.879429e+00	1.954869e+00	2.042306e+00	2.141710e+00	2.253115e+00	2.376614e+00	2.512366e+00	2.660591e+00	2.821572e+00	2.995660e+00	3.183274e+00	3.384900e+00	3.601100e+00	3.832508e+00	4.079837e+00	4.343884e+00	
1.695861e+00	1.708567e+00	1.734406e+00	1.773030e+00	1.824156e+00	1.887569e+00	1.963115e+00	2.050702e+00	2.150302e+00	2.261947e+00	2.385733e+00	2.521817e+00	2.670421e+00	2.831830e+00	3.006396e+00	3.194539e+00	3.396749e+00	3.613588e+00	3.845694e+00	4.093782e+00	4.358653e+00	
1.703617e+00	1.716186e+00	1.741930e+00	1.780502e+00	1.831618e+00	1.895061e+00	1.970677e+00	2.058376e+00	2.158127e+00	2.269964e+00	2.393983e+00	2.530342e+00	2.679264e+00	2.841035e+00	3.016008e+00	3.204605e+00	3.407316e+00	3.624708e+00	3.857419e+00	4.106168e+00	4.371758e+00	
1.710864e+00	1.723285e+00	1.748921e+00	1.787422e+00	1.838504e+00	1.901951e+00	1.977607e+00	2.065381e+00	2.165244e+00	2.277230e+00	2.401435e+00	2.538018e+00	2.687201e+00	2.849273e+00	3.024588e+00	3.213569e+00	3.416709e+00	3.634574e+00	3.867806e+00	4.117128e+00	4.383342e+00	
1.717645e+00	1.729911e+00	1.755427e+00	1.793841e+00	1.844871e+00	1.908298e+00	1.983967e+00	2.071786e+00	2.171728e+00	2.283825e+00	2.408174e+00	2.544935e+00	2.694331e+00	2.856652e+00	3.032253e+00	3.221557e+00	3.425060e+00	3.643330e+00	3.877010e+00	4.126824e+00	4.393579e+00	
1.724014e+00	1.736120e+00	1.761507e+00	1.799823e+00	1.850785e+00	1.914174e+00	1.989834e+00	2.077675e+00	2.177667e+00	2.289845e+00	2.414305e+00	2.551207e+00	2.700777e+00	2.863303e+00	3.039142e+00	3.228720e+00	3.432532e+00	3.651148e+00	3.885214e+00	4.135456e+00	4.402681e+00	
1.730033e+00	1.741977e+00	1.767231e+00	1.805442e+00	1.856326e+00	1.919665e+00	1.995302e+00	2.083146e+00	2.183169e+00	2.295405e+00	2.419951e+00	2.556968e+00	2.706680e+00	2.869379e+00	3.045422e+00	3.235235e+00	3.439315e+00	3.658234e+00	3.892639e+00	4.143258e+00	4.410900e+00	
1.735778e+00	1.747562e+00	1.772682e+00	1.810785e+00	1.861588e+00	1.924870e+00	2.000477e+00	2.088316e+00	2.188359e+00	2.300640e+00	2.425257e+00	2.562372e+00	2.712209e+00	2.875061e+00	3.051286e+00	3.241310e+00	3.445633e+00	3.664827e+00	3.899541e+00	4.150504e+00	4.418528e+00	
1.741334e+00	1.752963e+00	1.777954e+00	1.815954e+00	1.866678e+00	1.929906e+00	2.005483e+00	2.093316e+00	2.193378e+00	2.305704e+00	2.430390e+00	2.567599e+00	2.717557e+00	2.880556e+00	3.056955e+00	3.247184e+00	3.451740e+00	3.671200e+00	3.906211e+00	4.157507e+00	4.425900e+00	
1.746799e+00	1.758284e+00	1.783157e+00	1.821064e+00	1.871719e+00	1.934904e+00	2.010461e+00	2.098299e+00	2.198391e+00	2.310771e+00	2.435536e+00	2.572850e+00	2.722940e+00	2.886097e+00	3.062682e+00	3.253126e+00	3.457927e+00	3.677663e+00	3.912983e+00	4.164622e+00	4.433396e+00	
1.752284e+00	1.763640e+00	1.788410e+00	1.826242e+00	1.876848e+00	1.940009e+00	2.015568e+00	2.103434e+00	2.203579e+00	2.316037e+00	2.440908e+00	2.578354e+00	2.728603e+00	2.891947e+00	3.068749e+00	3.259439e+00	3.464518e+00	3.684564e+00	3.920230e+00	4.172249e+00	4.441441e+00	
1.757911e+00	1.769158e+00	1.793850e+00	1.831632e+00	1.882218e+00	1.945385e+00	2.020979e+00	2.108908e+00	2.209144e+00	2.321722e+00	2.446740e+00	2.584363e+00	2.734818e+00	2.898399e+00	3.075469e+00	3.266460e+00	3.471874e+00	3.692290e+00	3.928363e+00	4.180829e+00	4.450508e+00	
1.763815e+00	1.774981e+00	1.799626e+00	1.837393e+00	1.887996e+00	1.951213e+00	2.026889e+00	2.114930e+00	2.215310e+00	2.328064e+00	2.453290e+00	2.591154e+00	2.741883e+00	2.905773e+00	3.083187e+00	3.274559e+00	3.480392e+00	3.701267e+00	3.937840e+00	4.190850e+00	4.461119e+00	
1.770144e+00	1.781263e+00	1.805900e+00	1.843697e+00	1.894368e+00	1.957690e+00	2.033507e+00	2.121727e+00	2.222321e+00	2.335326e+00	2.460842e+00	2.599032e+00	2.750126e+00	2.914421e+00	3.092281e+00	3.284141e+00	3.490507e+00	3.711959e+00	3.949159e+00	4.202845e+00	4.473843e+00	
1.777060e+00	1.788173e+00	1.812849e+00	1.850733e+00	1.901534e+00	1.965030e+00	2.041064e+00	2.129544e+00	2.230442e+00	2.343795e+00	2.469701e+00	2.608327e+00	2.759903e+00	2.924726e+00	3.103162e+00	3.295647e+00	3.502690e+00	3.724874e+00	3.962860e+00	4.217393e+00	4.489299e+00	
1.784735e+00	1.795891e+00	1.820666e+00	1.858702e+00	1.909709e+00	1.973463e+00	2.049808e+00	2.138650e+00	2.239961e+00	2.353778e+00	2.480201e+00	2.619397e+00	2.771597e+00	2.937100e+00	3.116273e+00	3.309554e+00	3.517453e+00	3.740558e+00	3.979531e+00	4.235121e+00	4.508158e+00	
1.793356e+00	1.804613e+00	1.829556e+00	1.867824e+00	1.919128e+00	1.983241e+00	2.060006e+00	2.149330e+00	2.251186e+00	2.365609e+00	2.492700e+00	2.632628e+00	2.785624e+00	2.951989e+00	3.132092e+00	3.326374e+00	3.535347e+00	3.759600e+00	3.999803e+00	4.256704e+00	4.531140e+00	
1.803124e+00	1.814549e+00	1.839740e+00	1.878334e+00	1.930039e+00	1.994629e+00	2.071946e+00	2.161895e+00	2.264449e+00	2.379644e+00	2.507582e+00	2.648432e+00	2.802428e+00	2.969871e+00	3.151134e+00	3.346658e+00	3.556962e+00	3.782636e+00	4.024353e+00	4.282868e+00	4.559022e+00	
1.814253e+00	1.825923e+00	1.851454e+00	1.890482e+00	1.942711e+00	2.007915e+00	2.085934e+00	2.176673e+00	2.280105e+00	2.396266e+00	2.525260e+00	2.667254e+00	2.822486e+00	2.991260e+00	3.173949e+00	3.371000e+00	3.582932e+00	3.810343e+00	4.053910e+00	4.314391e+00	4.592635e+00	
1.826972e+00	1.838974e+00	1.864951e+00	1.904536e+00	1.957430e+00	2.023405e+00	2.102300e+00	2.194020e+00	2.298536e+00	2.415886e+00	2.546173e+00	2.689569e+00	2.846310e+00	3.016704e+00	3.201128e+00	3.400031e+00	3.613939e+00	3.843452e+00	4.089253e+00	4.352108e+00	4.632871e+00	
1.841524e+00	1.853959e+00	1.880502e+00	1.920783e+00	1.974502e+00	2.041428e+00	2.121396e+00	2.214313e+00	2.320150e+00	2.438943e+00	2.570798e+00	2.715886e+00	2.874449e+00	3.046795e+00	3.233305e+00	3.434434e+00	3.650711e+00	3.882744e+00	4.131220e+00	4.396914e+00	4.680688e+00	
1.858173e+00	1.871152e+00	1.898397e+00	1.939533e+00	1.994258e+00	2.062336e+00	2.143603e+00	2.237963e+00	2.345386e+00	2.465910e+00	2.599642e+00	2.746755e+00	2.907492e+00	3.082167e+00	3.271163e+00	3.474941e+00	3.694036e+00	3.929061e+00	4.180713e+00	4.449775e+00	4.737118e+00	
1.877198e+00	1.890848e+00	1.918947e+00	1.961118e+00	2.017050e+00	2.086509e+00	2.169328e+00	2.265407e+00	2.374718e+00	2.497299e+00	2.633257e+00	2.782768e+00	2.946079e+00	3.123506e+00	3.315439e+00	3.522344e+00	3.744761e+00	3.983314e+00	4.238708e+00	4.511734e+00	4.803276e+00	
1.898906e+00	1.913367e+00	1.942492e+00	1.985896e+00	2.043266e+00	2.114362e+00	2.199015e+00	2.297124e+00	2.408661e+00	2.533663e+00	2.672240e+00	2.824570e+00	2.990903e+00	3.171560e+00	3.366936e+00	3.577504e+00	3.803813e+00	4.046494e+00	4.306264e+00	4.583925e+00	4.880375e+00	
1.923627e+00	1.939057e+00	1.969399e+00	2.014261e+00	2.073324e+00	2.146344e+00	2.233149e+00	2.333637e+00	2.447778e+00	2.575612e+00	2.717247e+00	2.872867e+00	3.042723e+00	3.227144e+00	3.426532e+00	3.641365e+00	3.872202e+00	4.119686e+00	4.384544e+00	4.667593e+00	4.969745e+00	
1.951725e+00	1.968302e+00	2.000075e+00	2.046645e+00	2.107687e+00	2.182953e+00	2.272265e+00	2.375522e+00	2.492692e+00	2.623814e+00	2.769000e+00	2.928436e+00	3.102380e+00	3.291164e+00	3.495197e+00	3.714970e+00	3.951049e+00	4.204091e+00	4.474834e+00	4.764113e+00	5.072855e+00	
1.983606e+00	2.001527e+00	2.034971e+00	2.083530e+00	2.146871e+00	2.224742e+00	2.316961e+00	2.423423e+00	2.544095e+00	2.679018e+00	2.828307e+00	2.992150e+00	3.170809e+00	3.364626e+00	3.574018e+00	3.799484e+00	4.041605e+00	4.301048e+00	4.578570e+00	4.875022e+00	5.191350e+00	
2.019724e+00	2.039211e+00	2.074595e+00	2.125457e+00	2.191457e+00	2.272335e+00	2.367907e+00	2.478063e+00	2.602770e+00	2.742070e+00	2.896079e+00	3.064989e+00	3.249071e+00	3.448672e+00	3.664220e+00	3.896225e+00	4.145281e+00	4.412073e+00	4.697374e+00	5.002056e+00	5.327087e+00	
2.060597e+00	2.081900e+00	2.119526e+00	2.173044e+00	2.242108e+00	2.326447e+00	2.425872e+00	2.540272e+00	2.669612e+00	2.813934e+00	2.973357e+00	3.148079e+00	3.338376e+00	3.544605e+00	3.767205e+00	4.006698e+00	4.263697e+00	4.538901e+00	4.833105e+00	5.147203e+00	5.482191e+00	
2.106822e+00	2.130222e+00	2.170432e+00	2.227007e+00	2.299589e+00	2.387900e+00	2.491746e+00	2.611010e+00	2.745657e+00	2.895729e+00	3.061349e+00	3.242721e+00	3.440128e+00	3.653936e+00	3.884598e+00	4.132652e+00	4.398726e+00	4.683542e+00	4.987917e+00	5.312771e+00	5.659128e+00	
2.159099e+00	2.184917e+00	2.228098e+00	2.288182e+00	2.364800e+00	2.457663e+00	2.566571e+00	2.691402e+00	2.832120e+00	2.988769e+00	3.161474e+00	3.350445e+00	3.555975e+00	3.778442e+00	4.018312e+00	4.276140e+00	4.552575e+00	4.848361e+00	5.164342e+00	5.501468e+00	5.860797e+00	
2.218259e+00	2.246861e+00	2.293456e+00	2.357568e+00	2.438810e+00	2.536888e+00	2.651590e+00	2.782791e+00	2.930453e+00	3.094620e+00	3.275423e+00	3.473077e+00	3.687886e+00	3.920241e+00	4.170624e+00	4.439610e+00	4.727871e+00	5.036177e+00	5.365403e+00	5.716530e+00	6.090655e+00	
2.285305e+00	2.317114e+00	2.367633e+00	2.436367e+00	2.522915e+00	2.626968e+00	2.748306e+00	2.886800e+00	3.042408e+00	3.215177e+00	3.405240e+00	3.612823e+00	3.838239e+00	4.081896e+00	4.344293e+00	4.626028e+00	4.927798e+00	5.250404e+00	5.594754e+00	5.961870e+00	6.352889e+00	
2.361470e+00	2.396975e+00	2.452011e+00	2.526058e+00	2.618700e+00	2.729612e+00	2.858564e+00	3.005422e+00	3.170140e+00	3.352766e+00	3.553440e+00	3.772395e+00	4.009960e+00	4.266556e+00	4.542707e+00	4.839035e+00	5.156266e+00	5.495236e+00	5.856891e+00	6.242297e+00	6.652641e+00	
2.448285e+00	2.488064e+00	2.548312e+00	2.628486e+00	2.728146e+00	2.846954e+00	2.984667e+00	3.141143e+00	3.316335e+00	3.510291e+00	3.723158e+00	3.955179e+00	4.206697e+00	4.478155e+00	4.770099e+00	5.083179e+00	5.418158e+00	5.775910e+00	6.157426e+00	6.563820e+00	6.996337e+00	
2.547697e+00	2.592436e+00	2.658724e+00	2.745989e+00	2.853767e+00	2.981702e+00	3.129537e+00	3.297123e+00	3.484407e+00	3.691441e+00	3.918378e+00	4.165474e+00	4.433088e+00	4.721686e+00	5.031841e+00	5.364238e+00	5.719677e+00	6.099078e+00	6.503484e+00	6.934066e+00	7.392133e+00	
2.662221e+00	2.712747e+00	2.786072e+00	2.881591e+00	2.998812e+00	3.137356e+00	3.296953e+00	3.477442e+00	3.678767e+00	3.900984e+00	4.144251e+00	4.408839e+00	4.695127e+00	5.003606e+00	5.334882e+00	5.689679e+00	6.068842e+00	6.473343e+00	6.904283e+00	7.362902e+00	7.850581e+00	
2.795171e+00	2.852499e+00	2.934084e+00	3.039281e+00	3.167566e+00	3.318535e+00	3.491899e+00	3.687487e+00	3.905238e+00	4.145210e+00	4.407571e+00	4.692608e+00	5.000723e+00	5.332436e+00	5.688393e+00	6.069360e+00	6.476237e+00	6.910055e+00	7.371986e+00	7.863346e+00	8.385604e+00	
2.951018e+00	3.016416e+00	3.107787e+00	3.224438e+00	3.365810e+00	3.531467e+00	3.721101e+00	3.934524e+00	4.171674e+00	4.432609e+00	4.717509e+00	5.026679e+00	5.360549e+00	5.719675e+00	6.104745e+00	6.516581e+00	6.956142e+00	7.424533e+00	7.923005e+00	8.452967e+00	9.015990e+00	
3.135953e+00	3.211038e+00	3.314140e+00	3.444512e+00	3.601548e+00	3.784778e+00	3.993868e+00	4.228615e+00	4.488950e+00	4.774933e+00	5.086760e+00	5.424756e+00	5.789383e+00	6.181242e+00	6.601072e+00	7.049757e+00	7.528332e+00	8.037985e+00	8.580065e+00	9.156090e+00	9.767753e+00	
3.358804e+00	3.445693e+00	3.563071e+00	3.710126e+00	3.886197e+00	4.090771e+00	4.323483e+00	4.584111e+00	4.872578e+00	5.188949e+00	5.533434e+00	5.906387e+00	6.308309e+00	6.739850e+00	7.201814e+00	7.695162e+00	8.221017e+00	8.780670e+00	9.375589e+00	1.000742e+01	1.067801e+01	
3.632623e+00	3.734170e+00	3.869258e+00	4.036990e+00	4.236638e+00	4.467638e+00	4.729584e+00	5.022234e+00	5.345498e+00	5.699449e+00	6.084313e+00	6.500480e+00	6.948498e+00	7.429081e+00	7.943111e+00	8.491643e+00	9.075910e+00	9.697330e+00	1.035752e+01	1.105828e+01	1.180164e+01	
3.977564e+00	4.097766e+00	4.255364e+00	4.449360e+00	4.678939e+00	4.943469e+00	5.242498e+00	5.575752e+00	5.943132e+00	6.344714e+00	6.780752e+00	7.251674e+00	7.758092e+00	8.300798e+00	8.880775e+00	9.499194e+00	1.015743e+01	1.085706e+01	1.159988e+01	1.238790e+01	1.322338e+01	
4.426487e+00	4.571200e+00	4.758345e+00	4.986788e+00	5.255601e+00	5.564068e+00	5.911672e+00	6.298101e+00	6.723240e+00	7.187172e+00	7.690184e+00	8.232759e+00	8.815587e+00	9.439568e+00	1.010581e+01	1.081564e+01	1.157062e+01	1.237253e+01	1.322340e+01	1.412553e+01	1.508145e+01	
5.036868e+00	5.215200e+00	5.442835e+00	5.718450e+00	6.040967e+00	6.409549e+00	6.823596e+00	7.282741e+00	7.786847e+00	8.336009e+00	8.930557e+00	9.571049e+00	1.025829e+01	1.099330e+01	1.177739e+01	1.261209e+01	1.349920e+01	1.444080e+01	1.543924e+01	1.649717e+01	1.761756e+01	
5.919174e+00	6.146492e+00	6.433069e+00	6.777313e+00	7.177927e+00	7.633902e+00	8.144512e+00	8.709313e+00	9.328139e+00	1.000110e+01	1.072859e+01	1.151127e+01	1.235010e+01	1.324633e+01	1.420149e+01	1.521744e+01	1.629634e+01	1.744067e+01	1.865326e+01	1.993730e+01	2.129634e+01	
7.316315e+00	7.621736e+00	8.002223e+00	8.455756e+00	8.980686e+00	9.575733e+00	1.023997e+01	1.097284e+01	1.177412e+01	1.264394e+01	1.358280e+01	1.459153e+01	1.567135e+01	1.682383e+01	1.805090e+01	1.935492e+01	2.073860e+01	2.220509e+01	2.375798e+01	2.540127e+01	2.713947e+01	
9.887200e+00	1.033716e+01	1.089132e+01	1.154689e+01	1.230156e+01	1.315356e+01	1.410159e+01	1.514487e+01	1.628308e+01	1.751640e+01	1.884552e+01	2.027158e+01	2.179627e+01	2.342174e+01	2.515070e+01	2.698637e+01	2.893254e+01	3.099357e+01	3.317440e+01	3.548063e+01	3.791846e+01	
1.626464e+01	1.707465e+01	1.806128e+01	1.921975e+01	2.054617e+01	2.203751e+01	2.369158e+01	2.550701e+01	2.748327e+01	2.962066e+01	3.192030e+01	3.438416e+01	3.701503e+01	3.981658e+01	4.279338e+01	4.595087e+01	4.929546e+01	5.283450e+01	5.657639e+01	6.053055e+01	6.470751e+01	
6.050732e+01	6.382158e+01	6.781524e+01	7.246990e+01	7.777055e+01	8.370546e+01	9.026615e+01	9.744736e+01	1.052470e+02	1.136661e+02	1.227090e+02	1.323831e+02	1.426992e+02	1.536713e+02	1.653169e+02	1.776569e+02	1.907158e+02	2.045220e+02	2.191075e+02	2.345085e+02	2.507656e+02	
-2.822161e+01	-2.993307e+01	-3.197372e+01	-3.433461e+01	-3.700845e+01	-3.998954e+01	-4.327375e+01	-4.685848e+01	-5.074271e+01	-5.492692e+01	-5.941316e+01	-6.420502e+01	-6.930766e+01	-7.472786e+01	-8.047404e+01	-8.655631e+01	-9.298652e+01	-9.977832e+01	-1.069473e+02	-1.145108e+02	-1.224886e+02	
-1.031430e+01	-1.101292e+01	-1.183728e+01	-1.278395e+01	-1.385014e+01	-1.503365e+01	-1.633291e+01	-1.774691e+01	-1.927524e+01	-2.091808e+01	-2.267620e+01	-2.455096e+01	-2.654431e+01	-2.865884e+01	-3.089773e+01	-3.326485e+01	-3.576469e+01	-3.840246e+01	-4.118409e+01	-4.411623e+01	-4.720635e+01	
-5.813194e+00	-6.258196e+00	-6.777862e+00	-7.370155e+00	-8.033409e+00	-8.766320e+00	-9.567936e+00	-1.043766e+01	-1.137524e+01	-1.238077e+01	-1.345470e+01	-1.459783e+01	-1.581132e+01	-1.709667e+01	-1.845579e+01	-1.989095e+01	-2.140482e+01	-2.300047e+01	-2.468141e+01	-2.645159e+01	-2.831542e+01	
-3.741878e+00	-4.070902e+00	-4.451143e+00	-4.881199e+00	-5.359922e+00	-5.886413e+00	-6.460014e+00	-7.080308e+00	-7.747118e+00	-8.460505e+00	-9.220767e+00	-1.002845e+01	-1.088433e+01	-1.178945e+01	-1.274509e+01	-1.375282e+01	-1.481444e+01	-1.593207e+01	-1.710810e+01	-1.834524e+01	-1.964649e+01	
-2.535658e+00	-2.797750e+00	-3.097447e+00	-3.433718e+00	-3.805715e+00	-4.212773e+00	-4.654406e+00	-5.130302e+00	-5.640326e+00	-6.184517e+00	-6.763089e+00	-7.376434e+00	-8.025122e+00	-8.709907e+00	-9.431729e+00	-1.019172e+01	-1.099121e+01	-1.183175e+01	-1.271507e+01	-1.364316e+01	-1.461822e+01	
-1.734469e+00	-1.952627e+00	-2.199387e+00	-2.473962e+00	-2.775703e+00	-3.104102e+00	-3.458782e+00	-3.839504e+00	-4.246160e+00	-4.678774e+00	-5.137504e+00	-5.622643e+00	-6.134619e+00	-6.674000e+00	-7.241494e+00	-7.837958e+00	-8.464397e+00	-9.121975e+00	-9.812018e+00	-1.053602e+01	-1.129566e+01	
-1.154142e+00	-1.340941e+00	-1.549855e+00	-1.780272e+00	-2.031687e+00	-2.303702e+00	-2.596024e+00	-2.908463e+00	-3.240930e+00	-3.593440e+00	-3.966109e+00	-4.359160e+00	-4.772918e+00	-5.207815e+00	-5.664395e+00	-6.143314e+00	-6.645343e+00	-7.171375e+00	-7.722430e+00	-8.299657e+00	-8.904344e+00	
-7.063865e-01	-8.694102e-01	-1.049574e+00	-1.246399e+00	-1.459492e+00	-1.688541e+00	-1.933314e+00	-2.193659e+00	-2.469503e+00	-2.760854e+00	-3.067797e+00	-3.390497e+00	-3.729202e+00	-4.084242e+00	-4.456033e+00	-4.845075e+00	-5.251963e+00	-5.677381e+00	-6.122112e+00	-6.587042e+00	-7.073162e+00	
-3.434120e-01	-4.875464e-01	-6.448152e-01	-8.148489e-01	-9.973419e-01	-1.192051e+00	-1.398795e+00	-1.617452e+00	-1.847963e+00	-2.090326e+00	-2.344604e+00	-2.610916e+00	-2.889448e+00	-3.180446e+00	-3.484222e+00	-3.801155e+00	-4.131693e+00	-4.476353e+00	-4.835731e+00	-5.210497e+00	-5.601404e+00	
