-6.357270e-16	-6.345717e-16	-6.340567e-16	-6.341120e-16	-6.346844e-16	-6.357342e-16	-6.372337e-16	-6.391657e-16	-6.415232e-16	-6.443093e-16	-6.475374e-16	-6.512326e-16	-6.554336e-16	-6.601948e-16	-6.655906e-16	-6.717206e-16	-6.787156e-16	-6.867480e-16	-6.960431e-16	-7.068960e-16	-7.196931e-16	
-4.838683e-02	-4.544710e-02	-4.269359e-02	-4.011744e-02	-3.771072e-02	-3.546636e-02	-3.337812e-02	-3.144058e-02	-2.964911e-02	-2.799979e-02	-2.648948e-02	-2.511573e-02	-2.387681e-02	-2.277166e-02	-2.179994e-02	-2.096198e-02	-2.025880e-02	-1.969214e-02	-1.926440e-02	-1.897874e-02	-1.883902e-02	
-9.677990e-02	-9.090005e-02	-8.539265e-02	-8.024000e-02	-7.542622e-02	-7.093717e-02	-6.676039e-02	-6.288504e-02	-5.930182e-02	-5.600295e-02	-5.298210e-02	-5.023438e-02	-4.775633e-02	-4.554585e-02	-4.360224e-02	-4.192617e-02	-4.051968e-02	-3.938623e-02	-3.853066e-02	-3.795924e-02	-3.767975e-02	
-1.451855e-01	-1.363647e-01	-1.281027e-01	-1.203728e-01	-1.131513e-01	-1.064169e-01	-1.001510e-01	-9.433726e-02	-8.896176e-02	-8.401283e-02	-7.948098e-02	-7.535887e-02	-7.164129e-02	-6.832511e-02	-6.540927e-02	-6.289478e-02	-6.078472e-02	-5.908424e-02	-5.780062e-02	-5.694329e-02	-5.652387e-02	
-1.936098e-01	-1.818469e-01	-1.708291e-01	-1.605209e-01	-1.508906e-01	-1.419100e-01	-1.335540e-01	-1.258011e-01	-1.186325e-01	-1.120328e-01	-1.059892e-01	-1.004921e-01	-9.553439e-02	-9.111196e-02	-8.722339e-02	-8.387003e-02	-8.105598e-02	-7.878811e-02	-7.707614e-02	-7.593263e-02	-7.537309e-02	
-2.420591e-01	-2.273524e-01	-2.135773e-01	-2.006894e-01	-1.886491e-01	-1.774209e-01	-1.669737e-01	-1.572804e-01	-1.483177e-01	-1.400662e-01	-1.325100e-01	-1.256370e-01	-1.194383e-01	-1.139089e-01	-1.090470e-01	-1.048541e-01	-1.013355e-01	-9.849981e-02	-9.635907e-02	-9.492904e-02	-9.422909e-02	
-2.905395e-01	-2.728871e-01	-2.563528e-01	-2.408835e-01	-2.264313e-01	-2.129540e-01	-2.004141e-01	-1.887790e-01	-1.780209e-01	-1.681163e-01	-1.590464e-01	-1.507963e-01	-1.433558e-01	-1.367185e-01	-1.308823e-01	-1.258492e-01	-1.216254e-01	-1.182213e-01	-1.156512e-01	-1.139343e-01	-1.130936e-01	
-3.390572e-01	-3.184567e-01	-2.991610e-01	-2.811080e-01	-2.642421e-01	-2.485137e-01	-2.338793e-01	-2.203008e-01	-2.077456e-01	-1.961866e-01	-1.856014e-01	-1.759732e-01	-1.672895e-01	-1.595432e-01	-1.527318e-01	-1.468576e-01	-1.419277e-01	-1.379544e-01	-1.349545e-01	-1.329500e-01	-1.319682e-01	
-3.876184e-01	-3.640671e-01	-3.420073e-01	-3.213681e-01	-3.020861e-01	-2.841045e-01	-2.673734e-01	-2.518495e-01	-2.374955e-01	-2.242802e-01	-2.121783e-01	-2.011702e-01	-1.912421e-01	-1.823855e-01	-1.745977e-01	-1.678813e-01	-1.622445e-01	-1.577011e-01	-1.542706e-01	-1.519781e-01	-1.508546e-01	
-4.362292e-01	-4.097238e-01	-3.848969e-01	-3.616688e-01	-3.399679e-01	-3.197306e-01	-3.009005e-01	-2.834290e-01	-2.672740e-01	-2.524005e-01	-2.387800e-01	-2.263904e-01	-2.152162e-01	-2.052479e-01	-1.964824e-01	-1.889225e-01	-1.825777e-01	-1.774634e-01	-1.736015e-01	-1.710202e-01	-1.697546e-01	
-4.848956e-01	-4.554325e-01	-4.278352e-01	-4.020150e-01	-3.778923e-01	-3.553963e-01	-3.344646e-01	-3.150429e-01	-2.970846e-01	-2.805507e-01	-2.654095e-01	-2.516366e-01	-2.392145e-01	-2.281329e-01	-2.183881e-01	-2.099835e-01	-2.029294e-01	-1.972431e-01	-1.929488e-01	-1.900780e-01	-1.886696e-01	
-5.336236e-01	-5.011989e-01	-4.708275e-01	-4.424116e-01	-4.158638e-01	-3.911060e-01	-3.680697e-01	-3.466951e-01	-3.269308e-01	-3.087340e-01	-2.920699e-01	-2.769115e-01	-2.632396e-01	-2.510428e-01	-2.403171e-01	-2.310662e-01	-2.233016e-01	-2.170421e-01	-2.123144e-01	-2.091533e-01	-2.076014e-01	
-5.824192e-01	-5.470286e-01	-5.138789e-01	-4.828635e-01	-4.538869e-01	-4.268639e-01	-4.017198e-01	-3.783891e-01	-3.568161e-01	-3.369538e-01	-3.187642e-01	-3.022179e-01	-2.872940e-01	-2.739800e-01	-2.622716e-01	-2.521729e-01	-2.436962e-01	-2.368622e-01	-2.317000e-01	-2.282476e-01	-2.265515e-01	
-6.312882e-01	-5.929270e-01	-5.569946e-01	-5.233755e-01	-4.919661e-01	-4.626742e-01	-4.354187e-01	-4.101287e-01	-3.867437e-01	-3.652130e-01	-3.454952e-01	-3.275585e-01	-3.113804e-01	-2.969470e-01	-2.842540e-01	-2.733056e-01	-2.641152e-01	-2.567053e-01	-2.511075e-01	-2.473627e-01	-2.455216e-01	
-6.802364e-01	-6.388996e-01	-6.001797e-01	-5.639523e-01	-5.301058e-01	-4.985410e-01	-4.691703e-01	-4.419175e-01	-4.167172e-01	-3.935148e-01	-3.722659e-01	-3.529361e-01	-3.355011e-01	-3.199461e-01	-3.062663e-01	-2.944663e-01	-2.845605e-01	-2.765732e-01	-2.705384e-01	-2.665002e-01	-2.645132e-01	
-7.292696e-01	-6.849516e-01	-6.434391e-01	-6.045986e-01	-5.683105e-01	-5.344684e-01	-5.029784e-01	-4.737589e-01	-4.467397e-01	-4.218623e-01	-3.990792e-01	-3.783534e-01	-3.596588e-01	-3.429796e-01	-3.283107e-01	-3.156570e-01	-3.050340e-01	-2.964677e-01	-2.899944e-01	-2.856617e-01	-2.835279e-01	
-7.783934e-01	-7.310885e-01	-6.867778e-01	-6.453190e-01	-6.065844e-01	-5.704604e-01	-5.368468e-01	-5.056564e-01	-4.768146e-01	-4.502586e-01	-4.259378e-01	-4.038128e-01	-3.838558e-01	-3.660498e-01	-3.503894e-01	-3.368798e-01	-3.255376e-01	-3.163905e-01	-3.094774e-01	-3.048488e-01	-3.025672e-01	
-8.276133e-01	-7.773153e-01	-7.302007e-01	-6.861181e-01	-6.449318e-01	-6.065209e-01	-5.707791e-01	-5.376136e-01	-5.069449e-01	-4.787066e-01	-4.528445e-01	-4.293171e-01	-4.080945e-01	-3.891589e-01	-3.725044e-01	-3.581366e-01	-3.460731e-01	-3.363433e-01	-3.289888e-01	-3.240631e-01	-3.216326e-01	
-8.769347e-01	-8.236371e-01	-7.737124e-01	-7.270002e-01	-6.833567e-01	-6.426538e-01	-6.047789e-01	-5.696336e-01	-5.371339e-01	-5.072091e-01	-4.798021e-01	-4.548687e-01	-4.323773e-01	-4.123091e-01	-3.946577e-01	-3.794293e-01	-3.666423e-01	-3.563279e-01	-3.485302e-01	-3.433060e-01	-3.407255e-01	
-9.263629e-01	-8.700588e-01	-8.173176e-01	-7.679697e-01	-7.218632e-01	-6.788629e-01	-6.388497e-01	-6.017199e-01	-5.673845e-01	-5.357691e-01	-5.068132e-01	-4.804700e-01	-4.567065e-01	-4.355025e-01	-4.168515e-01	-4.007597e-01	-3.872469e-01	-3.763459e-01	-3.681033e-01	-3.625790e-01	-3.598473e-01	
-9.759030e-01	-9.165854e-01	-8.610207e-01	-8.090307e-01	-7.604552e-01	-7.151518e-01	-6.729950e-01	-6.338756e-01	-5.976998e-01	-5.643892e-01	-5.338802e-01	-5.061236e-01	-4.810843e-01	-4.587412e-01	-4.390875e-01	-4.221297e-01	-4.078886e-01	-3.963989e-01	-3.877095e-01	-3.818837e-01	-3.789996e-01	
-1.025560e+00	-9.632213e-01	-9.048263e-01	-8.501874e-01	-7.991366e-01	-7.515241e-01	-7.072181e-01	-6.661037e-01	-6.280826e-01	-5.930723e-01	-5.610058e-01	-5.318316e-01	-5.055128e-01	-4.820273e-01	-4.613676e-01	-4.435410e-01	-4.285691e-01	-4.164884e-01	-4.073503e-01	-4.012213e-01	-3.981835e-01	
-1.075339e+00	-1.009971e+00	-9.487384e-01	-8.914437e-01	-8.379109e-01	-7.879832e-01	-7.415221e-01	-6.984073e-01	-6.585357e-01	-6.218207e-01	-5.881924e-01	-5.575964e-01	-5.299942e-01	-5.053626e-01	-4.836938e-01	-4.649953e-01	-4.492900e-01	-4.366159e-01	-4.270271e-01	-4.205932e-01	-4.174004e-01	
-1.125244e+00	-1.056839e+00	-9.927611e-01	-9.328034e-01	-8.767819e-01	-8.245324e-01	-7.759102e-01	-7.307893e-01	-6.890617e-01	-6.506372e-01	-6.154422e-01	-5.834200e-01	-5.545304e-01	-5.287490e-01	-5.060677e-01	-4.864943e-01	-4.700527e-01	-4.567829e-01	-4.467413e-01	-4.400008e-01	-4.366515e-01	
-1.175280e+00	-1.103830e+00	-1.036898e+00	-9.742702e-01	-9.157528e-01	-8.611749e-01	-8.103852e-01	-7.632523e-01	-7.196633e-01	-6.795240e-01	-6.427575e-01	-6.093047e-01	-5.791234e-01	-5.521883e-01	-5.284910e-01	-5.080395e-01	-4.908588e-01	-4.769908e-01	-4.664941e-01	-4.594452e-01	-4.559380e-01	
-1.225451e+00	-1.150947e+00	-1.081154e+00	-1.015847e+00	-9.548270e-01	-8.979137e-01	-8.449501e-01	-7.957990e-01	-7.503429e-01	-7.084833e-01	-6.701403e-01	-6.352522e-01	-6.037749e-01	-5.756823e-01	-5.509652e-01	-5.296324e-01	-5.117097e-01	-4.972407e-01	-4.862869e-01	-4.789277e-01	-4.752611e-01	
-1.275761e+00	-1.198194e+00	-1.125531e+00	-1.057538e+00	-9.940073e-01	-9.347517e-01	-8.796075e-01	-8.284320e-01	-7.811028e-01	-7.375174e-01	-6.975928e-01	-6.612645e-01	-6.284868e-01	-5.992324e-01	-5.734920e-01	-5.512743e-01	-5.326066e-01	-5.175341e-01	-5.061207e-01	-4.984493e-01	-4.946218e-01	
-1.326214e+00	-1.245575e+00	-1.170033e+00	-1.099346e+00	-1.033297e+00	-9.716915e-01	-9.143598e-01	-8.611534e-01	-8.119451e-01	-7.666283e-01	-7.251166e-01	-6.873433e-01	-6.532607e-01	-6.228403e-01	-5.960726e-01	-5.729667e-01	-5.535507e-01	-5.378719e-01	-5.259967e-01	-5.180110e-01	-5.140211e-01	
-1.376814e+00	-1.293093e+00	-1.214664e+00	-1.141274e+00	-1.072698e+00	-1.008736e+00	-9.492094e-01	-8.939654e-01	-8.428717e-01	-7.958177e-01	-7.527137e-01	-7.134902e-01	-6.780979e-01	-6.465073e-01	-6.187083e-01	-5.947106e-01	-5.745433e-01	-5.582554e-01	-5.459158e-01	-5.376139e-01	-5.334599e-01	
-1.427562e+00	-1.340751e+00	-1.259425e+00	-1.183324e+00	-1.112213e+00	-1.045886e+00	-9.841582e-01	-9.268700e-01	-8.738846e-01	-8.250874e-01	-7.803854e-01	-7.397066e-01	-7.029999e-01	-6.702346e-01	-6.414004e-01	-6.165071e-01	-5.955852e-01	-5.786853e-01	-5.658790e-01	-5.572588e-01	-5.529389e-01	
-1.478463e+00	-1.388551e+00	-1.304319e+00	-1.225498e+00	-1.151845e+00	-1.083145e+00	-1.019208e+00	-9.598689e-01	-9.049854e-01	-8.544389e-01	-8.081332e-01	-7.659939e-01	-7.279678e-01	-6.940234e-01	-6.641498e-01	-6.383574e-01	-6.166775e-01	-5.991627e-01	-5.858870e-01	-5.769464e-01	-5.724590e-01	
-1.529519e+00	-1.436496e+00	-1.349349e+00	-1.267799e+00	-1.191595e+00	-1.120515e+00	-1.054361e+00	-9.929637e-01	-9.361754e-01	-8.838735e-01	-8.359584e-01	-7.923531e-01	-7.530028e-01	-7.178746e-01	-6.869575e-01	-6.602621e-01	-6.378208e-01	-6.196881e-01	-6.059405e-01	-5.966773e-01	-5.920208e-01	
-1.580731e+00	-1.484587e+00	-1.394516e+00	-1.310228e+00	-1.231464e+00	-1.157996e+00	-1.089618e+00	-1.026156e+00	-9.674558e-01	-9.133922e-01	-8.638619e-01	-8.187853e-01	-7.781056e-01	-7.417891e-01	-7.098242e-01	-6.822219e-01	-6.590159e-01	-6.402623e-01	-6.260402e-01	-6.164522e-01	-6.116248e-01	
-1.632102e+00	-1.532827e+00	-1.439821e+00	-1.352786e+00	-1.271455e+00	-1.195590e+00	-1.124981e+00	-1.059445e+00	-9.988276e-01	-9.429960e-01	-8.918446e-01	-8.452911e-01	-8.032770e-01	-7.657674e-01	-7.327505e-01	-7.042375e-01	-6.802633e-01	-6.608856e-01	-6.461864e-01	-6.362715e-01	-6.312713e-01	
-1.683633e+00	-1.581217e+00	-1.485267e+00	-1.395476e+00	-1.311568e+00	-1.233298e+00	-1.160449e+00	-1.092834e+00	-1.030291e+00	-9.726855e-01	-9.199070e-01	-8.718711e-01	-8.285175e-01	-7.898101e-01	-7.557368e-01	-7.263092e-01	-7.015632e-01	-6.815585e-01	-6.663795e-01	-6.561353e-01	-6.509607e-01	
-1.735324e+00	-1.629756e+00	-1.530852e+00	-1.438296e+00	-1.351803e+00	-1.271120e+00	-1.196024e+00	-1.126322e+00	-1.061848e+00	-1.002461e+00	-9.480494e-01	-8.985255e-01	-8.538273e-01	-8.139174e-01	-7.787833e-01	-7.484373e-01	-7.229159e-01	-7.022811e-01	-6.866196e-01	-6.760440e-01	-6.706930e-01	
-1.787175e+00	-1.678446e+00	-1.576578e+00	-1.481248e+00	-1.392160e+00	-1.309056e+00	-1.231706e+00	-1.159910e+00	-1.093496e+00	-1.032323e+00	-9.762719e-01	-9.252546e-01	-8.792064e-01	-8.380893e-01	-8.018902e-01	-7.706216e-01	-7.443215e-01	-7.230533e-01	-7.069066e-01	-6.959973e-01	-6.904683e-01	
-1.839187e+00	-1.727285e+00	-1.622445e+00	-1.524330e+00	-1.432640e+00	-1.347107e+00	-1.267494e+00	-1.193596e+00	-1.125237e+00	-1.062270e+00	-1.004574e+00	-9.520579e-01	-9.046547e-01	-8.623256e-01	-8.250571e-01	-7.928621e-01	-7.657796e-01	-7.438750e-01	-7.272405e-01	-7.159953e-01	-7.102864e-01	
-1.891357e+00	-1.776273e+00	-1.668450e+00	-1.567543e+00	-1.473241e+00	-1.385270e+00	-1.303387e+00	-1.227381e+00	-1.157070e+00	-1.092303e+00	-1.032956e+00	-9.789349e-01	-9.301717e-01	-8.866258e-01	-8.482835e-01	-8.151582e-01	-7.872899e-01	-7.647459e-01	-7.476208e-01	-7.360374e-01	-7.301468e-01	
-1.943686e+00	-1.825409e+00	-1.714593e+00	-1.610884e+00	-1.513963e+00	-1.423546e+00	-1.339385e+00	-1.261263e+00	-1.188993e+00	-1.122420e+00	-1.061416e+00	-1.005885e+00	-9.557565e-01	-9.109892e-01	-8.715689e-01	-8.375094e-01	-8.088518e-01	-7.856652e-01	-7.680469e-01	-7.561231e-01	-7.500491e-01	
-1.996169e+00	-1.874690e+00	-1.760872e+00	-1.654352e+00	-1.554802e+00	-1.461932e+00	-1.375486e+00	-1.295241e+00	-1.221005e+00	-1.152620e+00	-1.089953e+00	-1.032907e+00	-9.814080e-01	-9.354147e-01	-8.949122e-01	-8.599146e-01	-8.304643e-01	-8.066321e-01	-7.885181e-01	-7.762517e-01	-7.699924e-01	
-2.048803e+00	-1.924112e+00	-1.807284e+00	-1.697944e+00	-1.595758e+00	-1.500426e+00	-1.411688e+00	-1.329313e+00	-1.253105e+00	-1.182901e+00	-1.118566e+00	-1.059999e+00	-1.007125e+00	-9.599009e-01	-9.183121e-01	-8.823727e-01	-8.521263e-01	-8.276456e-01	-8.090332e-01	-7.964220e-01	-7.899758e-01	
-2.101586e+00	-1.973673e+00	-1.853824e+00	-1.741657e+00	-1.636826e+00	-1.539026e+00	-1.447987e+00	-1.363476e+00	-1.285289e+00	-1.213261e+00	-1.147252e+00	-1.087159e+00	-1.032905e+00	-9.844462e-01	-9.417670e-01	-9.048822e-01	-8.738363e-01	-8.487042e-01	-8.295910e-01	-8.166330e-01	-8.099981e-01	
-2.154511e+00	-2.023367e+00	-1.900490e+00	-1.785486e+00	-1.678002e+00	-1.577726e+00	-1.484381e+00	-1.397726e+00	-1.317556e+00	-1.243697e+00	-1.176009e+00	-1.114385e+00	-1.058747e+00	-1.009048e+00	-9.652749e-01	-9.274411e-01	-8.955927e-01	-8.698063e-01	-8.501898e-01	-8.368829e-01	-8.300578e-01	
-2.207573e+00	-2.073189e+00	-1.947275e+00	-1.829427e+00	-1.719283e+00	-1.616524e+00	-1.520866e+00	-1.432062e+00	-1.349901e+00	-1.274206e+00	-1.204834e+00	-1.141674e+00	-1.084647e+00	-1.033705e+00	-9.888335e-01	-9.500473e-01	-9.173933e-01	-8.909500e-01	-8.708279e-01	-8.571701e-01	-8.501531e-01	
-2.260764e+00	-2.123133e+00	-1.994173e+00	-1.873473e+00	-1.760663e+00	-1.655414e+00	-1.557436e+00	-1.466477e+00	-1.382320e+00	-1.304784e+00	-1.233723e+00	-1.169022e+00	-1.110602e+00	-1.058413e+00	-1.012440e+00	-9.726982e-01	-9.392356e-01	-9.121328e-01	-8.915028e-01	-8.774923e-01	-8.702820e-01	
-2.314077e+00	-2.173190e+00	-2.041178e+00	-1.917619e+00	-1.802136e+00	-1.694391e+00	-1.594087e+00	-1.500967e+00	-1.414808e+00	-1.335427e+00	-1.262672e+00	-1.196427e+00	-1.136609e+00	-1.083170e+00	-1.036091e+00	-9.953907e-01	-9.611169e-01	-9.333521e-01	-9.122122e-01	-8.978472e-01	-8.904420e-01	
-2.367502e+00	-2.223352e+00	-2.088281e+00	-1.961857e+00	-1.843694e+00	-1.733446e+00	-1.630812e+00	-1.535525e+00	-1.447361e+00	-1.366129e+00	-1.291676e+00	-1.223882e+00	-1.162664e+00	-1.107970e+00	-1.059784e+00	-1.018122e+00	-9.830339e-01	-9.546049e-01	-9.329530e-01	-9.182318e-01	-9.106305e-01	
-2.421029e+00	-2.273609e+00	-2.135472e+00	-2.006178e+00	-1.885329e+00	-1.772574e+00	-1.667604e+00	-1.570147e+00	-1.479972e+00	-1.396885e+00	-1.320730e+00	-1.251384e+00	-1.188762e+00	-1.132810e+00	-1.083513e+00	-1.040887e+00	-1.004983e+00	-9.758876e-01	-9.537220e-01	-9.386431e-01	-9.308444e-01	
-2.474645e+00	-2.323950e+00	-2.182742e+00	-2.050571e+00	-1.927032e+00	-1.811766e+00	-1.704455e+00	-1.604823e+00	-1.512633e+00	-1.427689e+00	-1.349828e+00	-1.278927e+00	-1.214897e+00	-1.157685e+00	-1.107274e+00	-1.063682e+00	-1.026960e+00	-9.971962e-01	-9.745154e-01	-9.590774e-01	-9.510802e-01	
-2.528338e+00	-2.374362e+00	-2.230078e+00	-2.095026e+00	-1.968793e+00	-1.851010e+00	-1.741355e+00	-1.639545e+00	-1.545338e+00	-1.458532e+00	-1.378963e+00	-1.306503e+00	-1.241063e+00	-1.182589e+00	-1.131063e+00	-1.086502e+00	-1.048960e+00	-1.018526e+00	-9.953289e-01	-9.795307e-01	-9.713340e-01	
-2.582091e+00	-2.424830e+00	-2.277467e+00	-2.139531e+00	-2.010600e+00	-1.890298e+00	-1.778296e+00	-1.674304e+00	-1.578077e+00	-1.489407e+00	-1.408126e+00	-1.334107e+00	-1.267255e+00	-1.207516e+00	-1.154872e+00	-1.109341e+00	-1.070977e+00	-1.039873e+00	-1.016158e+00	-9.999984e-01	-9.916014e-01	
-2.635888e+00	-2.475340e+00	-2.324894e+00	-2.184071e+00	-2.052440e+00	-1.929617e+00	-1.815265e+00	-1.709089e+00	-1.610839e+00	-1.520304e+00	-1.437311e+00	-1.361729e+00	-1.293464e+00	-1.232459e+00	-1.178696e+00	-1.132194e+00	-1.093008e+00	-1.061231e+00	-1.036997e+00	-1.020476e+00	-1.011878e+00	
-2.689711e+00	-2.525873e+00	-2.372344e+00	-2.228632e+00	-2.094298e+00	-1.968953e+00	-1.852250e+00	-1.743890e+00	-1.643616e+00	-1.551213e+00	-1.466506e+00	-1.389361e+00	-1.319682e+00	-1.257410e+00	-1.202528e+00	-1.155053e+00	-1.115043e+00	-1.082594e+00	-1.057841e+00	-1.040957e+00	-1.032157e+00	
-2.743538e+00	-2.576411e+00	-2.419797e+00	-2.273196e+00	-2.136161e+00	-2.008291e+00	-1.889237e+00	-1.778692e+00	-1.676394e+00	-1.582124e+00	-1.495703e+00	-1.416994e+00	-1.345900e+00	-1.282361e+00	-1.226358e+00	-1.177911e+00	-1.137078e+00	-1.103956e+00	-1.078682e+00	-1.061436e+00	-1.052434e+00	
-2.797348e+00	-2.626932e+00	-2.467235e+00	-2.317746e+00	-2.178008e+00	-2.047616e+00	-1.926211e+00	-1.813482e+00	-1.709160e+00	-1.613023e+00	-1.524888e+00	-1.444617e+00	-1.372108e+00	-1.307302e+00	-1.250180e+00	-1.200760e+00	-1.159103e+00	-1.125308e+00	-1.099515e+00	-1.081906e+00	-1.072703e+00	
-2.851116e+00	-2.677414e+00	-2.514635e+00	-2.362260e+00	-2.219823e+00	-2.086910e+00	-1.963157e+00	-1.848244e+00	-1.741900e+00	-1.643898e+00	-1.554051e+00	-1.472217e+00	-1.398295e+00	-1.332223e+00	-1.273982e+00	-1.223591e+00	-1.181111e+00	-1.146644e+00	-1.120332e+00	-1.102360e+00	-1.092955e+00	
-2.904814e+00	-2.727830e+00	-2.561974e+00	-2.406717e+00	-2.261584e+00	-2.126154e+00	-2.000055e+00	-1.882962e+00	-1.774599e+00	-1.674733e+00	-1.583176e+00	-1.499783e+00	-1.424449e+00	-1.357113e+00	-1.297755e+00	-1.246394e+00	-1.203092e+00	-1.167954e+00	-1.141123e+00	-1.122789e+00	-1.113184e+00	
-2.958413e+00	-2.778154e+00	-2.609227e+00	-2.451093e+00	-2.303269e+00	-2.165326e+00	-2.036886e+00	-1.917617e+00	-1.807239e+00	-1.705514e+00	-1.612250e+00	-1.527300e+00	-1.450558e+00	-1.381960e+00	-1.321486e+00	-1.269158e+00	-1.225036e+00	-1.189228e+00	-1.161881e+00	-1.143186e+00	-1.133380e+00	
-3.011882e+00	-2.828356e+00	-2.656364e+00	-2.495361e+00	-2.344853e+00	-2.204404e+00	-2.073628e+00	-1.952190e+00	-1.839801e+00	-1.736222e+00	-1.641256e+00	-1.554753e+00	-1.476606e+00	-1.406751e+00	-1.345165e+00	-1.291871e+00	-1.246933e+00	-1.210457e+00	-1.182594e+00	-1.163540e+00	-1.153536e+00	
-3.065186e+00	-2.878402e+00	-2.703357e+00	-2.539493e+00	-2.386310e+00	-2.243363e+00	-2.110260e+00	-1.986658e+00	-1.872266e+00	-1.766838e+00	-1.670176e+00	-1.582126e+00	-1.502579e+00	-1.431470e+00	-1.368777e+00	-1.314522e+00	-1.268769e+00	-1.231629e+00	-1.203253e+00	-1.183842e+00	-1.173640e+00	
-3.118288e+00	-2.928259e+00	-2.750172e+00	-2.583459e+00	-2.427612e+00	-2.282176e+00	-2.146755e+00	-2.020999e+00	-1.904611e+00	-1.797343e+00	-1.698992e+00	-1.609401e+00	-1.528461e+00	-1.456104e+00	-1.392308e+00	-1.337096e+00	-1.290533e+00	-1.252731e+00	-1.223846e+00	-1.204080e+00	-1.193682e+00	
-3.171147e+00	-2.977889e+00	-2.796774e+00	-2.627226e+00	-2.468726e+00	-2.320815e+00	-2.183086e+00	-2.055187e+00	-1.936814e+00	-1.827715e+00	-1.727683e+00	-1.636560e+00	-1.554233e+00	-1.480635e+00	-1.415743e+00	-1.359579e+00	-1.312211e+00	-1.273752e+00	-1.244361e+00	-1.224243e+00	-1.213651e+00	
-3.223720e+00	-3.027251e+00	-2.843126e+00	-2.670758e+00	-2.509622e+00	-2.359248e+00	-2.219226e+00	-2.089195e+00	-1.968849e+00	-1.857929e+00	-1.756227e+00	-1.663581e+00	-1.579877e+00	-1.505045e+00	-1.439064e+00	-1.381955e+00	-1.333788e+00	-1.294677e+00	-1.264784e+00	-1.244317e+00	-1.233535e+00	
-3.275962e+00	-3.076302e+00	-2.889186e+00	-2.714018e+00	-2.550262e+00	-2.397443e+00	-2.255143e+00	-2.122996e+00	-2.000689e+00	-1.887962e+00	-1.784601e+00	-1.690443e+00	-1.605371e+00	-1.529316e+00	-1.462253e+00	-1.404207e+00	-1.355248e+00	-1.315491e+00	-1.285100e+00	-1.264289e+00	-1.253319e+00	
-3.327822e+00	-3.124996e+00	-2.934912e+00	-2.756964e+00	-2.590609e+00	-2.435364e+00	-2.290804e+00	-2.156557e+00	-2.032306e+00	-1.917786e+00	-1.812780e+00	-1.717123e+00	-1.630695e+00	-1.553426e+00	-1.485292e+00	-1.426318e+00	-1.376573e+00	-1.336177e+00	-1.305295e+00	-1.284145e+00	-1.272990e+00	
-3.379249e+00	-3.173284e+00	-2.980258e+00	-2.799555e+00	-2.630623e+00	-2.472974e+00	-2.326173e+00	-2.189846e+00	-2.063669e+00	-1.947372e+00	-1.840737e+00	-1.743595e+00	-1.655824e+00	-1.577354e+00	-1.508161e+00	-1.448268e+00	-1.397747e+00	-1.356719e+00	-1.325353e+00	-1.303868e+00	-1.292534e+00	
-3.430185e+00	-3.221113e+00	-3.025174e+00	-2.841743e+00	-2.670262e+00	-2.510232e+00	-2.361214e+00	-2.222828e+00	-2.094745e+00	-1.976691e+00	-1.868444e+00	-1.769833e+00	-1.680735e+00	-1.601077e+00	-1.530836e+00	-1.470036e+00	-1.418749e+00	-1.377098e+00	-1.345255e+00	-1.323442e+00	-1.311933e+00	
-3.480573e+00	-3.268427e+00	-3.069608e+00	-2.883481e+00	-2.709478e+00	-2.547096e+00	-2.395887e+00	-2.255466e+00	-2.125499e+00	-2.005709e+00	-1.895870e+00	-1.795809e+00	-1.705400e+00	-1.624571e+00	-1.553296e+00	-1.491601e+00	-1.439560e+00	-1.397296e+00	-1.364984e+00	-1.342849e+00	-1.331170e+00	
-3.530349e+00	-3.315169e+00	-3.113506e+00	-2.924717e+00	-2.748226e+00	-2.583521e+00	-2.430150e+00	-2.287721e+00	-2.155896e+00	-2.034393e+00	-1.922985e+00	-1.821493e+00	-1.729793e+00	-1.647809e+00	-1.575517e+00	-1.512941e+00	-1.460158e+00	-1.417292e+00	-1.384520e+00	-1.362072e+00	-1.350229e+00	
-3.579448e+00	-3.361277e+00	-3.156810e+00	-2.965397e+00	-2.786454e+00	-2.619460e+00	-2.463959e+00	-2.319552e+00	-2.185897e+00	-2.062708e+00	-1.949753e+00	-1.846854e+00	-1.753883e+00	-1.670764e+00	-1.597471e+00	-1.534031e+00	-1.480519e+00	-1.437063e+00	-1.403843e+00	-1.381089e+00	-1.369089e+00	
-3.627801e+00	-3.406685e+00	-3.199460e+00	-3.005465e+00	-2.824109e+00	-2.654865e+00	-2.497268e+00	-2.350916e+00	-2.215461e+00	-2.090615e+00	-1.976142e+00	-1.871860e+00	-1.777641e+00	-1.693407e+00	-1.619134e+00	-1.554846e+00	-1.500621e+00	-1.456589e+00	-1.422930e+00	-1.399881e+00	-1.387732e+00	
-3.675336e+00	-3.451328e+00	-3.241393e+00	-3.044862e+00	-2.861136e+00	-2.689682e+00	-2.530029e+00	-2.381767e+00	-2.244548e+00	-2.118075e+00	-2.002113e+00	-1.896476e+00	-1.801034e+00	-1.715710e+00	-1.640476e+00	-1.575360e+00	-1.520439e+00	-1.475845e+00	-1.441761e+00	-1.418427e+00	-1.406135e+00	
-3.721977e+00	-3.495133e+00	-3.282542e+00	-3.083526e+00	-2.897479e+00	-2.723859e+00	-2.562191e+00	-2.412060e+00	-2.273112e+00	-2.145049e+00	-2.027629e+00	-1.920667e+00	-1.824030e+00	-1.737640e+00	-1.661469e+00	-1.595545e+00	-1.539946e+00	-1.494806e+00	-1.460311e+00	-1.436703e+00	-1.424278e+00	
-3.767649e+00	-3.538031e+00	-3.322841e+00	-3.121395e+00	-2.933077e+00	-2.757340e+00	-2.593703e+00	-2.441746e+00	-2.301109e+00	-2.171492e+00	-2.052651e+00	-1.944396e+00	-1.846594e+00	-1.759165e+00	-1.682082e+00	-1.615372e+00	-1.559116e+00	-1.513448e+00	-1.478557e+00	-1.454686e+00	-1.442138e+00	
-3.812271e+00	-3.579945e+00	-3.362220e+00	-3.158402e+00	-2.967869e+00	-2.790068e+00	-2.624512e+00	-2.470775e+00	-2.328493e+00	-2.197363e+00	-2.077137e+00	-1.967625e+00	-1.868690e+00	-1.780252e+00	-1.702284e+00	-1.634814e+00	-1.577922e+00	-1.531744e+00	-1.496472e+00	-1.472353e+00	-1.459692e+00	
-3.855762e+00	-3.620799e+00	-3.400606e+00	-3.194481e+00	-3.001794e+00	-2.821986e+00	-2.654563e+00	-2.499096e+00	-2.355216e+00	-2.222617e+00	-2.101048e+00	-1.990315e+00	-1.890283e+00	-1.800868e+00	-1.722044e+00	-1.653839e+00	-1.596334e+00	-1.549668e+00	-1.514033e+00	-1.489679e+00	-1.476916e+00	
-3.898039e+00	-3.660517e+00	-3.437929e+00	-3.229564e+00	-3.034787e+00	-2.853032e+00	-2.683800e+00	-2.526657e+00	-2.381230e+00	-2.247208e+00	-2.124339e+00	-2.012428e+00	-1.911335e+00	-1.820978e+00	-1.741330e+00	-1.672418e+00	-1.614325e+00	-1.567191e+00	-1.531212e+00	-1.506639e+00	-1.493785e+00	
-3.939020e+00	-3.699020e+00	-3.474114e+00	-3.263584e+00	-3.066786e+00	-2.883149e+00	-2.712169e+00	-2.553407e+00	-2.406486e+00	-2.271092e+00	-2.146970e+00	-2.033922e+00	-1.931809e+00	-1.840547e+00	-1.760107e+00	-1.690519e+00	-1.631865e+00	-1.584288e+00	-1.547983e+00	-1.523208e+00	-1.510277e+00	
-3.978620e+00	-3.736231e+00	-3.509090e+00	-3.296471e+00	-3.097726e+00	-2.912276e+00	-2.739613e+00	-2.579293e+00	-2.430935e+00	-2.294223e+00	-2.168897e+00	-2.054760e+00	-1.951669e+00	-1.859540e+00	-1.778344e+00	-1.708111e+00	-1.648925e+00	-1.600929e+00	-1.564321e+00	-1.539360e+00	-1.526365e+00	
-4.016759e+00	-3.772073e+00	-3.542783e+00	-3.328159e+00	-3.127544e+00	-2.940355e+00	-2.766077e+00	-2.604263e+00	-2.454530e+00	-2.316555e+00	-2.190079e+00	-2.074901e+00	-1.970877e+00	-1.877923e+00	-1.796009e+00	-1.725165e+00	-1.665477e+00	-1.617087e+00	-1.580198e+00	-1.555070e+00	-1.542025e+00	
-4.053356e+00	-3.806470e+00	-3.575125e+00	-3.358582e+00	-3.156179e+00	-2.967328e+00	-2.791508e+00	-2.628269e+00	-2.477223e+00	-2.338046e+00	-2.210475e+00	-2.094307e+00	-1.989398e+00	-1.895662e+00	-1.813070e+00	-1.741651e+00	-1.681492e+00	-1.632737e+00	-1.595590e+00	-1.570314e+00	-1.557234e+00	
-4.088335e+00	-3.839352e+00	-3.606047e+00	-3.387677e+00	-3.183572e+00	-2.993139e+00	-2.815854e+00	-2.651261e+00	-2.498970e+00	-2.358653e+00	-2.230045e+00	-2.112942e+00	-2.007197e+00	-1.912725e+00	-1.829496e+00	-1.757539e+00	-1.696942e+00	-1.647851e+00	-1.610471e+00	-1.585067e+00	-1.571968e+00	
-4.121624e+00	-3.870650e+00	-3.635488e+00	-3.415385e+00	-3.209668e+00	-3.017738e+00	-2.839067e+00	-2.673195e+00	-2.519727e+00	-2.378336e+00	-2.248752e+00	-2.130770e+00	-2.024242e+00	-1.929081e+00	-1.845258e+00	-1.772802e+00	-1.711802e+00	-1.662405e+00	-1.624817e+00	-1.599307e+00	-1.586205e+00	
-4.153156e+00	-3.900303e+00	-3.663387e+00	-3.441651e+00	-3.234415e+00	-3.041076e+00	-2.861101e+00	-2.694027e+00	-2.539457e+00	-2.397059e+00	-2.266562e+00	-2.147759e+00	-2.040502e+00	-1.944702e+00	-1.860330e+00	-1.787416e+00	-1.726049e+00	-1.676376e+00	-1.638608e+00	-1.613013e+00	-1.599924e+00	
-4.182874e+00	-3.928257e+00	-3.689696e+00	-3.466428e+00	-3.257770e+00	-3.063112e+00	-2.881919e+00	-2.713723e+00	-2.558125e+00	-2.414789e+00	-2.283445e+00	-2.163881e+00	-2.055950e+00	-1.959562e+00	-1.874688e+00	-1.801357e+00	-1.739660e+00	-1.689745e+00	-1.651822e+00	-1.626165e+00	-1.613108e+00	
-4.210728e+00	-3.954465e+00	-3.714370e+00	-3.489676e+00	-3.279694e+00	-3.083811e+00	-2.901486e+00	-2.732251e+00	-2.575701e+00	-2.431500e+00	-2.299375e+00	-2.179113e+00	-2.070565e+00	-1.973641e+00	-1.888312e+00	-1.814607e+00	-1.752617e+00	-1.702492e+00	-1.664444e+00	-1.638747e+00	-1.625738e+00	
-4.236683e+00	-3.978893e+00	-3.737378e+00	-3.511364e+00	-3.300159e+00	-3.103145e+00	-2.919779e+00	-2.749587e+00	-2.592164e+00	-2.447171e+00	-2.314332e+00	-2.193435e+00	-2.084328e+00	-1.986921e+00	-1.901185e+00	-1.827150e+00	-1.764906e+00	-1.714604e+00	-1.676459e+00	-1.650745e+00	-1.637803e+00	
-4.260716e+00	-4.001521e+00	-3.758699e+00	-3.531474e+00	-3.319147e+00	-3.121098e+00	-2.936779e+00	-2.765716e+00	-2.607499e+00	-2.461787e+00	-2.328304e+00	-2.206835e+00	-2.097228e+00	-1.999392e+00	-1.913298e+00	-1.838976e+00	-1.776516e+00	-1.726072e+00	-1.687858e+00	-1.662151e+00	-1.649293e+00	
-4.282819e+00	-4.022340e+00	-3.778327e+00	-3.549999e+00	-3.336652e+00	-3.137664e+00	-2.952484e+00	-2.780633e+00	-2.621701e+00	-2.475345e+00	-2.341286e+00	-2.219308e+00	-2.109260e+00	-2.011049e+00	-1.924645e+00	-1.850079e+00	-1.787443e+00	-1.736890e+00	-1.698635e+00	-1.672958e+00	-1.660202e+00	
-4.303004e+00	-4.041363e+00	-3.796273e+00	-3.566948e+00	-3.352683e+00	-3.152851e+00	-2.966898e+00	-2.794344e+00	-2.634776e+00	-2.487848e+00	-2.353281e+00	-2.230859e+00	-2.120427e+00	-2.021894e+00	-1.935229e+00	-1.860463e+00	-1.797689e+00	-1.747059e+00	-1.708792e+00	-1.683167e+00	-1.670530e+00	
-4.321304e+00	-4.058619e+00	-3.812564e+00	-3.582348e+00	-3.367265e+00	-3.166682e+00	-2.980045e+00	-2.806869e+00	-2.646742e+00	-2.499314e+00	-2.364307e+00	-2.241500e+00	-2.130742e+00	-2.031938e+00	-1.945059e+00	-1.870136e+00	-1.807260e+00	-1.756587e+00	-1.718334e+00	-1.692784e+00	-1.680282e+00	
-4.337777e+00	-4.074162e+00	-3.827250e+00	-3.596246e+00	-3.380439e+00	-3.179196e+00	-2.991959e+00	-2.818243e+00	-2.657630e+00	-2.509772e+00	-2.374388e+00	-2.251258e+00	-2.140227e+00	-2.041203e+00	-1.954155e+00	-1.879114e+00	-1.816173e+00	-1.765487e+00	-1.727275e+00	-1.701820e+00	-1.689470e+00	
-4.352504e+00	-4.088070e+00	-3.840404e+00	-3.608709e+00	-3.392270e+00	-3.190453e+00	-3.002697e+00	-2.828514e+00	-2.667487e+00	-2.519265e+00	-2.383565e+00	-2.260168e+00	-2.148917e+00	-2.049720e+00	-1.962546e+00	-1.887426e+00	-1.824453e+00	-1.773784e+00	-1.735637e+00	-1.710296e+00	-1.698112e+00	
-4.365599e+00	-4.100448e+00	-3.852124e+00	-3.619828e+00	-3.402843e+00	-3.200532e+00	-3.012332e+00	-2.837753e+00	-2.676377e+00	-2.527852e+00	-2.391893e+00	-2.268281e+00	-2.156858e+00	-2.057532e+00	-1.970272e+00	-1.895108e+00	-1.832135e+00	-1.781508e+00	-1.743447e+00	-1.718239e+00	-1.706234e+00	
-4.377206e+00	-4.111430e+00	-3.862535e+00	-3.629721e+00	-3.412268e+00	-3.209535e+00	-3.020959e+00	-2.846048e+00	-2.684382e+00	-2.535609e+00	-2.399443e+00	-2.275662e+00	-2.164111e+00	-2.064696e+00	-1.977384e+00	-1.902208e+00	-1.839261e+00	-1.788701e+00	-1.750747e+00	-1.725686e+00	-1.713871e+00	
-4.387504e+00	-4.121184e+00	-3.871795e+00	-3.638534e+00	-3.420679e+00	-3.217588e+00	-3.028695e+00	-2.853508e+00	-2.691604e+00	-2.542631e+00	-2.406301e+00	-2.282394e+00	-2.170751e+00	-2.071280e+00	-1.983948e+00	-1.908786e+00	-1.845890e+00	-1.795415e+00	-1.757585e+00	-1.732684e+00	-1.721067e+00	
-4.396708e+00	-4.129911e+00	-3.880092e+00	-3.646443e+00	-3.428242e+00	-3.224845e+00	-3.035684e+00	-2.860265e+00	-2.698166e+00	-2.549032e+00	-2.412575e+00	-2.288574e+00	-2.176870e+00	-2.077370e+00	-1.990041e+00	-1.914916e+00	-1.852088e+00	-1.801715e+00	-1.764019e+00	-1.739288e+00	-1.727876e+00	
-4.405073e+00	-4.137850e+00	-3.887648e+00	-3.653656e+00	-3.435151e+00	-3.231486e+00	-3.042093e+00	-2.866477e+00	-2.704213e+00	-2.554947e+00	-2.418389e+00	-2.294318e+00	-2.182575e+00	-2.083066e+00	-1.995758e+00	-1.920684e+00	-1.857937e+00	-1.807676e+00	-1.770123e+00	-1.745567e+00	-1.734362e+00	
-4.412894e+00	-4.145278e+00	-3.894721e+00	-3.660415e+00	-3.441630e+00	-3.237722e+00	-3.048119e+00	-2.872326e+00	-2.709916e+00	-2.560534e+00	-2.423891e+00	-2.299764e+00	-2.187993e+00	-2.088485e+00	-2.001207e+00	-1.926191e+00	-1.863531e+00	-1.813386e+00	-1.775979e+00	-1.751599e+00	-1.740600e+00	
-4.420512e+00	-4.152511e+00	-3.901609e+00	-3.666995e+00	-3.447939e+00	-3.243794e+00	-3.053986e+00	-2.878020e+00	-2.715468e+00	-2.565974e+00	-2.429247e+00	-2.305066e+00	-2.193269e+00	-2.093762e+00	-2.006513e+00	-1.931554e+00	-1.868980e+00	-1.818948e+00	-1.781683e+00	-1.757474e+00	-1.746678e+00	
-4.428308e+00	-4.159908e+00	-3.908647e+00	-3.673711e+00	-3.454370e+00	-3.249973e+00	-3.059948e+00	-2.883796e+00	-2.721089e+00	-2.571470e+00	-2.434649e+00	-2.310400e+00	-2.198566e+00	-2.099049e+00	-2.011818e+00	-1.936906e+00	-1.874405e+00	-1.824477e+00	-1.787344e+00	-1.763297e+00	-1.752692e+00	
-4.436713e+00	-4.167871e+00	-3.916210e+00	-3.680914e+00	-3.461250e+00	-3.256566e+00	-3.066289e+00	-2.889919e+00	-2.727026e+00	-2.577253e+00	-2.440308e+00	-2.315966e+00	-2.204067e+00	-2.104517e+00	-2.017281e+00	-1.942393e+00	-1.879947e+00	-1.830103e+00	-1.793084e+00	-1.769182e+00	-1.758755e+00	
-4.446204e+00	-4.176847e+00	-3.924716e+00	-3.688993e+00	-3.468943e+00	-3.263912e+00	-3.073326e+00	-2.896683e+00	-2.733553e+00	-2.583576e+00	-2.446461e+00	-2.321982e+00	-2.209979e+00	-2.110355e+00	-2.023078e+00	-1.948181e+00	-1.885758e+00	-1.835969e+00	-1.799039e+00	-1.775260e+00	-1.764990e+00	
-4.457305e+00	-4.187326e+00	-3.934623e+00	-3.698376e+00	-3.477848e+00	-3.272384e+00	-3.081406e+00	-2.904411e+00	-2.740970e+00	-2.590720e+00	-2.453368e+00	-2.328690e+00	-2.216523e+00	-2.116772e+00	-2.029404e+00	-1.954451e+00	-1.892008e+00	-1.842236e+00	-1.805360e+00	-1.781671e+00	-1.771531e+00	
-4.470589e+00	-4.199844e+00	-3.946433e+00	-3.709533e+00	-3.488404e+00	-3.282389e+00	-3.090909e+00	-2.913459e+00	-2.749606e+00	-2.598990e+00	-2.461315e+00	-2.336355e+00	-2.223948e+00	-2.123998e+00	-2.036472e+00	-1.961402e+00	-1.898883e+00	-1.849077e+00	-1.812209e+00	-1.788573e+00	-1.778529e+00	
-4.486680e+00	-4.214984e+00	-3.960691e+00	-3.722971e+00	-3.501085e+00	-3.294371e+00	-3.102248e+00	-2.924209e+00	-2.759821e+00	-2.608719e+00	-2.470609e+00	-2.345263e+00	-2.232519e+00	-2.132279e+00	-2.044512e+00	-1.969247e+00	-1.906583e+00	-1.856680e+00	-1.819765e+00	-1.796132e+00	-1.786144e+00	
-4.506251e+00	-4.233378e+00	-3.977985e+00	-3.739243e+00	-3.516405e+00	-3.308809e+00	-3.115869e+00	-2.937078e+00	-2.771999e+00	-2.620267e+00	-2.481586e+00	-2.355726e+00	-2.242525e+00	-2.141885e+00	-2.053773e+00	-1.978222e+00	-1.915327e+00	-1.865250e+00	-1.828221e+00	-1.804533e+00	-1.794551e+00	
-4.530028e+00	-4.255703e+00	-3.998952e+00	-3.758940e+00	-3.534918e+00	-3.326218e+00	-3.132254e+00	-2.952513e+00	-2.786558e+00	-2.634021e+00	-2.494605e+00	-2.368078e+00	-2.254277e+00	-2.153104e+00	-2.064526e+00	-1.988575e+00	-1.925348e+00	-1.875007e+00	-1.837783e+00	-1.813971e+00	-1.803938e+00	
-4.558789e+00	-4.282688e+00	-4.024271e+00	-3.782699e+00	-3.557217e+00	-3.347153e+00	-3.151918e+00	-2.970996e+00	-2.803945e+00	-2.650397e+00	-2.510052e+00	-2.382677e+00	-2.268108e+00	-2.166246e+00	-2.077058e+00	-2.000576e+00	-1.936898e+00	-1.886187e+00	-1.848674e+00	-1.824657e+00	-1.814506e+00	
-4.593372e+00	-4.315116e+00	-4.054675e+00	-3.811203e+00	-3.583940e+00	-3.372209e+00	-3.175415e+00	-2.993040e+00	-2.824640e+00	-2.669840e+00	-2.528341e+00	-2.399908e+00	-2.284375e+00	-2.181643e+00	-2.091678e+00	-2.014513e+00	-1.950245e+00	-1.899040e+00	-1.861131e+00	-1.836817e+00	-1.826470e+00	
-4.634671e+00	-4.353825e+00	-4.090947e+00	-3.845184e+00	-3.615769e+00	-3.402022e+00	-3.203339e+00	-3.019200e+00	-2.849155e+00	-2.692829e+00	-2.549917e+00	-2.420184e+00	-2.303462e+00	-2.199652e+00	-2.108718e+00	-2.030694e+00	-1.965679e+00	-1.913839e+00	-1.875408e+00	-1.850691e+00	-1.840060e+00	
-4.683649e+00	-4.399714e+00	-4.133928e+00	-3.885428e+00	-3.653440e+00	-3.437275e+00	-3.236327e+00	-3.050067e+00	-2.878043e+00	-2.719875e+00	-2.575255e+00	-2.443947e+00	-2.325780e+00	-2.220653e+00	-2.128532e+00	-2.049450e+00	-1.983507e+00	-1.930871e+00	-1.891779e+00	-1.866538e+00	-1.855524e+00	
-4.741343e+00	-4.453755e+00	-4.184525e+00	-3.932781e+00	-3.697740e+00	-3.478706e+00	-3.275064e+00	-3.086280e+00	-2.911897e+00	-2.751530e+00	-2.604868e+00	-2.471671e+00	-2.351768e+00	-2.245056e+00	-2.151501e+00	-2.071135e+00	-2.004061e+00	-1.950448e+00	-1.910536e+00	-1.884634e+00	-1.873124e+00	
-4.808872e+00	-4.516993e+00	-4.243717e+00	-3.988158e+00	-3.749524e+00	-3.527109e+00	-3.320291e+00	-3.128529e+00	-2.951358e+00	-2.788390e+00	-2.639309e+00	-2.503872e+00	-2.381906e+00	-2.273306e+00	-2.178037e+00	-2.096134e+00	-2.027699e+00	-1.972904e+00	-1.931992e+00	-1.905277e+00	-1.893146e+00	
-4.887457e+00	-4.590571e+00	-4.312569e+00	-4.052554e+00	-3.809720e+00	-3.583351e+00	-3.372815e+00	-3.177563e+00	-2.997124e+00	-2.831103e+00	-2.679179e+00	-2.541107e+00	-2.416710e+00	-2.305881e+00	-2.208587e+00	-2.124861e+00	-2.054808e+00	-1.998602e+00	-1.956491e+00	-1.928791e+00	-1.915898e+00	
-4.978432e+00	-4.675737e+00	-4.392251e+00	-4.127060e+00	-3.879346e+00	-3.648380e+00	-3.433519e+00	-3.234205e+00	-3.049958e+00	-2.880378e+00	-2.725138e+00	-2.583987e+00	-2.456747e+00	-2.343310e+00	-2.243640e+00	-2.157772e+00	-2.085813e+00	-2.027940e+00	-1.984403e+00	-1.955528e+00	-1.941715e+00	
-5.083276e+00	-4.773874e+00	-4.484053e+00	-4.212883e+00	-3.959527e+00	-3.723244e+00	-3.503380e+00	-3.299363e+00	-3.110706e+00	-2.936999e+00	-2.777912e+00	-2.633188e+00	-2.502644e+00	-2.386172e+00	-2.283735e+00	-2.195368e+00	-2.121180e+00	-2.061353e+00	-2.016141e+00	-1.985876e+00	-1.970966e+00	
-5.203642e+00	-4.886528e+00	-4.589421e+00	-4.311370e+00	-4.051522e+00	-3.809117e+00	-3.583488e+00	-3.374051e+00	-3.180309e+00	-3.001843e+00	-2.838315e+00	-2.689463e+00	-2.555101e+00	-2.435116e+00	-2.329473e+00	-2.238208e+00	-2.161431e+00	-2.099329e+00	-2.052161e+00	-2.020267e+00	-2.004064e+00	
-5.341398e+00	-5.015446e+00	-4.709987e+00	-4.424047e+00	-4.156751e+00	-3.907323e+00	-3.675077e+00	-3.459418e+00	-3.259835e+00	-3.075899e+00	-2.907265e+00	-2.753663e+00	-2.614904e+00	-2.490874e+00	-2.381534e+00	-2.286923e+00	-2.207154e+00	-2.142416e+00	-2.092979e+00	-2.059187e+00	-2.041469e+00	
-5.498683e+00	-5.162629e+00	-4.847621e+00	-4.552657e+00	-4.276842e+00	-4.019377e+00	-3.779559e+00	-3.556775e+00	-3.350501e+00	-3.160298e+00	-2.985810e+00	-2.826762e+00	-2.682958e+00	-2.554282e+00	-2.440694e+00	-2.342234e+00	-2.259018e+00	-2.191242e+00	-2.139181e+00	-2.103191e+00	-2.083710e+00	
-5.677979e+00	-5.330397e+00	-5.004490e+00	-4.699227e+00	-4.413684e+00	-4.147040e+00	-3.898570e+00	-3.667645e+00	-3.453723e+00	-3.256354e+00	-3.075170e+00	-2.909888e+00	-2.760308e+00	-2.626309e+00	-2.507851e+00	-2.404975e+00	-2.317801e+00	-2.246531e+00	-2.191448e+00	-2.152919e+00	-2.131396e+00	
-5.882204e+00	-5.521480e+00	-5.183145e+00	-4.866135e+00	-4.569496e+00	-4.292379e+00	-4.034037e+00	-3.793817e+00	-3.571163e+00	-3.365608e+00	-3.176773e+00	-3.004367e+00	-2.848181e+00	-2.708092e+00	-2.584060e+00	-2.476125e+00	-2.384413e+00	-2.309132e+00	-2.250576e+00	-2.209123e+00	-2.185240e+00	
-6.114840e+00	-5.739134e+00	-5.386629e+00	-5.056223e+00	-4.746927e+00	-4.457862e+00	-4.188253e+00	-3.937426e+00	-3.704803e+00	-3.489900e+00	-3.292326e+00	-3.111779e+00	-2.948043e+00	-2.800990e+00	-2.670578e+00	-2.556852e+00	-2.459940e+00	-2.380060e+00	-2.317514e+00	-2.272696e+00	-2.246091e+00	
-6.380106e+00	-5.987303e+00	-5.618626e+00	-5.272928e+00	-4.949183e+00	-4.646475e+00	-4.364000e+00	-4.101056e+00	-3.857042e+00	-3.631457e+00	-3.423893e+00	-3.234036e+00	-3.061663e+00	-2.906642e+00	-2.768927e+00	-2.648567e+00	-2.545694e+00	-2.460536e+00	-2.393408e+00	-2.344720e+00	-2.314975e+00	
-6.683182e+00	-6.270832e+00	-5.883663e+00	-5.520478e+00	-5.180205e+00	-4.861890e+00	-4.564693e+00	-4.287881e+00	-4.030830e+00	-3.793015e+00	-3.574011e+00	-3.373490e+00	-3.191220e+00	-3.027063e+00	-2.880975e+00	-2.753002e+00	-2.643287e+00	-2.552065e+00	-2.479667e+00	-2.426520e+00	-2.393150e+00	
-7.030543e+00	-6.595775e+00	-6.187395e+00	-5.804149e+00	-5.444914e+00	-5.108690e+00	-4.794597e+00	-4.501869e+00	-4.229849e+00	-3.977989e+00	-3.745845e+00	-3.533073e+00	-3.339430e+00	-3.164772e+00	-3.009052e+00	-2.872321e+00	-2.754728e+00	-2.656520e+00	-2.578044e+00	-2.519748e+00	-2.482186e+00	
-7.430411e+00	-6.969821e+00	-6.537006e+00	-6.130647e+00	-5.749562e+00	-5.392699e+00	-5.059132e+00	-4.748054e+00	-4.458775e+00	-4.190719e+00	-3.943418e+00	-3.716511e+00	-3.509743e+00	-3.322961e+00	-3.156119e+00	-3.009269e+00	-2.882570e+00	-2.776281e+00	-2.690768e+00	-2.626505e+00	-2.584072e+00	
-7.893421e+00	-7.402914e+00	-6.941786e+00	-6.508643e+00	-6.102234e+00	-5.721448e+00	-5.365304e+00	-5.032950e+00	-4.723657e+00	-4.436815e+00	-4.171931e+00	-3.928622e+00	-3.706619e+00	-3.505763e+00	-3.326004e+00	-3.167397e+00	-3.030112e+00	-2.914423e+00	-2.820719e+00	-2.749500e+00	-2.701381e+00	
-8.433608e+00	-7.908177e+00	-7.413996e+00	-6.949580e+00	-6.513600e+00	-6.104874e+00	-5.722360e+00	-5.365152e+00	-5.032475e+00	-4.723681e+00	-4.438245e+00	-4.175762e+00	-3.935946e+00	-3.718628e+00	-3.523755e+00	-3.351388e+00	-3.201706e+00	-3.075004e+00	-2.971695e+00	-2.892311e+00	-2.837508e+00	
-9.069912e+00	-8.503322e+00	-7.970180e+00	-7.468900e+00	-6.998058e+00	-6.556389e+00	-6.142779e+00	-5.756259e+00	-5.396000e+00	-5.061308e+00	-4.751622e+00	-4.466510e+00	-4.205666e+00	-3.968910e+00	-3.756186e+00	-3.567561e+00	-3.403226e+00	-3.263498e+00	-3.148820e+00	-3.059762e+00	-2.997028e+00	
-9.828560e+00	-9.212871e+00	-8.633250e+00	-8.087986e+00	-7.575545e+00	-7.094563e+00	-6.643840e+00	-6.222331e+00	-5.829143e+00	-5.463528e+00	-5.124883e+00	-4.812742e+00	-4.526776e+00	-4.266792e+00	-4.032730e+00	-3.824664e+00	-3.642801e+00	-3.487483e+00	-3.359188e+00	-3.258533e+00	-3.186278e+00	
-1.074697e+01	-1.007181e+01	-9.435892e+00	-8.837346e+00	-8.274507e+00	-7.745892e+00	-7.250195e+00	-6.786281e+00	-6.353180e+00	-5.950078e+00	-5.576321e+00	-5.231402e+00	-4.914965e+00	-4.626801e+00	-4.366845e+00	-4.135179e+00	-3.932029e+00	-3.757768e+00	-3.612918e+00	-3.498152e+00	-3.414295e+00	
-1.188047e+01	-1.113188e+01	-1.042644e+01	-9.762090e+00	-9.137004e+00	-8.549550e+00	-7.998295e+00	-7.481990e+00	-6.999569e+00	-6.550141e+00	-6.132984e+00	-5.747544e+00	-5.393431e+00	-5.070415e+00	-4.778427e+00	-4.517558e+00	-4.288057e+00	-4.090338e+00	-3.924973e+00	-3.792704e+00	-3.694442e+00	
-1.331451e+01	-1.247298e+01	-1.167953e+01	-1.093188e+01	-1.022799e+01	-9.566040e+00	-8.944432e+00	-8.361779e+00	-7.816892e+00	-7.308781e+00	-6.836642e+00	-6.399859e+00	-5.997998e+00	-5.630805e+00	-5.298205e+00	-5.000299e+00	-4.737368e+00	-4.509873e+00	-4.318455e+00	-4.163943e+00	-4.047351e+00	
-1.518841e+01	-1.422539e+01	-1.331689e+01	-1.246032e+01	-1.165338e+01	-1.089401e+01	-1.018040e+01	-9.510964e+00	-8.884367e+00	-8.299484e+00	-7.755405e+00	-7.251434e+00	-6.787080e+00	-6.362056e+00	-5.976279e+00	-5.629866e+00	-5.323138e+00	-5.056618e+00	-4.831036e+00	-4.647333e+00	-4.506663e+00	
-1.774589e+01	-1.661698e+01	-1.555139e+01	-1.454610e+01	-1.359845e+01	-1.270603e+01	-1.186674e+01	-1.107877e+01	-1.034055e+01	-9.650783e+00	-9.008406e+00	-8.412618e+00	-7.862849e+00	-7.358769e+00	-6.900284e+00	-6.487532e+00	-6.120887e+00	-5.800961e+00	-5.528604e+00	-5.304908e+00	-5.131218e+00	
-2.145540e+01	-2.008580e+01	-1.879225e+01	-1.757115e+01	-1.641928e+01	-1.533376e+01	-1.431208e+01	-1.335205e+01	-1.245179e+01	-1.160974e+01	-1.082464e+01	-1.009551e+01	-9.421693e+00	-8.802779e+00	-8.238662e+00	-7.729510e+00	-7.275777e+00	-6.878200e+00	-6.537801e+00	-6.255900e+00	-6.034112e+00	
-2.734702e+01	-2.559502e+01	-2.393931e+01	-2.237530e+01	-2.089893e+01	-1.950657e+01	-1.819503e+01	-1.696154e+01	-1.580373e+01	-1.471962e+01	-1.370763e+01	-1.276653e+01	-1.189546e+01	-1.109393e+01	-1.036181e+01	-9.699304e+00	-9.107001e+00	-8.585835e+00	-8.137105e+00	-7.762485e+00	-7.464025e+00	
-3.821502e+01	-3.575748e+01	-3.343349e+01	-3.123673e+01	-2.916156e+01	-2.720293e+01	-2.535644e+01	-2.361823e+01	-2.198504e+01	-2.045413e+01	-1.902329e+01	-1.769084e+01	-1.645558e+01	-1.531685e+01	-1.427445e+01	-1.332870e+01	-1.248041e+01	-1.173087e+01	-1.108191e+01	-1.053585e+01	-1.009553e+01	
-6.522467e+01	-6.101333e+01	-5.702816e+01	-5.325848e+01	-4.969470e+01	-4.632832e+01	-4.315186e+01	-4.015883e+01	-3.734369e+01	-3.470181e+01	-3.222946e+01	-2.992380e+01	-2.778283e+01	-2.580543e+01	-2.399127e+01	-2.234091e+01	-2.085571e+01	-1.953791e+01	-1.839058e+01	-1.741768e+01	-1.662404e+01	
-2.528128e+02	-2.364196e+02	-2.208957e+02	-2.062000e+02	-1.922958e+02	-1.791504e+02	-1.667350e+02	-1.550248e+02	-1.439985e+02	-1.336384e+02	-1.239301e+02	-1.148628e+02	-1.064289e+02	-9.862401e+01	-9.144704e+01	-8.490011e+01	-7.898857e+01	-7.372100e+01	-6.910931e+01	-6.516873e+01	-6.191793e+01	
1.235099e+02	1.154642e+02	1.078393e+02	1.006154e+02	9.377458e+01	8.730114e+01	8.118117e+01	7.540264e+01	6.995526e+01	6.483048e+01	6.002141e+01	5.552279e+01	5.133097e+01	4.744386e+01	4.386096e+01	4.058332e+01	3.761355e+01	3.495585e+01	3.261600e+01	3.060140e+01	2.892112e+01	
4.760848e+01	4.449162e+01	4.153533e+01	3.873203e+01	3.607495e+01	3.355807e+01	3.117609e+01	2.892442e+01	2.679917e+01	2.479706e+01	2.291549e+01	2.115245e+01	1.950656e+01	1.797704e+01	1.656370e+01	1.526697e+01	1.408784e+01	1.302793e+01	1.208946e+01	1.127526e+01	1.058882e+01	
2.856207e+01	2.668183e+01	2.489684e+01	2.320260e+01	2.159511e+01	2.007079e+01	1.862651e+01	1.725955e+01	1.596761e+01	1.474876e+01	1.360144e+01	1.252449e+01	1.151708e+01	1.057877e+01	9.709454e+00	8.909378e+00	8.179155e+00	7.519746e+00	6.932477e+00	6.419041e+00	5.981505e+00	
1.982175e+01	1.850883e+01	1.726118e+01	1.607570e+01	1.494966e+01	1.388060e+01	1.286641e+01	1.190520e+01	1.099542e+01	1.013573e+01	9.325093e+00	8.562701e+00	7.848004e+00	7.180696e+00	6.560712e+00	5.988233e+00	5.463680e+00	4.987721e+00	4.561271e+00	4.185495e+00	3.861816e+00	
1.475207e+01	1.376810e+01	1.283197e+01	1.194144e+01	1.109449e+01	1.028934e+01	9.524412e+00	8.798362e+00	8.110031e+00	7.458461e+00	6.842883e+00	6.262714e+00	5.717556e+00	5.207189e+00	4.731571e+00	4.290841e+00	3.885313e+00	3.515483e+00	3.182026e+00	2.885803e+00	2.627865e+00	
1.140217e+01	1.063545e+01	9.905050e+00	9.209276e+00	8.546599e+00	7.915669e+00	7.315298e+00	6.744461e+00	6.202285e+00	5.688045e+00	5.201164e+00	4.741202e+00	4.307863e+00	3.900983e+00	3.520538e+00	3.166636e+00	2.839522e+00	2.539577e+00	2.267321e+00	2.023412e+00	1.808653e+00	
8.991241e+00	8.380769e+00	7.798328e+00	7.242605e+00	6.712425e+00	6.206749e+00	5.724665e+00	5.265384e+00	4.828237e+00	4.412669e+00	4.018239e+00	3.644613e+00	3.291565e+00	2.958975e+00	2.646828e+00	2.355215e+00	2.084327e+00	1.834466e+00	1.606036e+00	1.399553e+00	1.215640e+00	
7.145107e+00	6.654195e+00	6.184952e+00	5.736364e+00	5.307526e+00	4.897639e+00	4.506000e+00	4.132005e+00	3.775139e+00	3.434978e+00	3.111185e+00	2.803506e+00	2.511773e+00	2.235896e+00	1.975870e+00	1.731769e+00	1.503748e+00	1.292043e+00	1.096975e+00	9.189452e-01	7.584435e-01	
5.661416e+00	5.266510e+00	4.888150e+00	4.525566e+00	4.178069e+00	3.845052e+00	3.525982e+00	3.220402e+00	2.927924e+00	2.648227e+00	2.381059e+00	2.126232e+00	1.883621e+00	1.653164e+00	1.434861e+00	1.228776e+00	1.035031e+00	8.538142e-01	6.853744e-01	5.300254e-01	3.881465e-01	
