-1.229351e-16	-1.198729e-16	-1.174204e-16	-1.155287e-16	-1.141612e-16	-1.132926e-16	-1.129079e-16	-1.130020e-16	-1.135800e-16	-1.146579e-16	-1.162635e-16	-1.184390e-16	-1.212433e-16	-1.247562e-16	-1.290837e-16	-1.343649e-16	-1.407820e-16	-1.485728e-16	-1.580474e-16	-1.696109e-16	-1.837932e-16	
-3.305439e-02	-3.100177e-02	-2.910906e-02	-2.736651e-02	-2.576511e-02	-2.429662e-02	-2.295346e-02	-2.172869e-02	-2.061601e-02	-1.960966e-02	-1.870447e-02	-1.789576e-02	-1.717936e-02	-1.655157e-02	-1.600916e-02	-1.554933e-02	-1.516971e-02	-1.486833e-02	-1.464365e-02	-1.449450e-02	-1.442012e-02	
-6.611267e-02	-6.200719e-02	-5.822155e-02	-5.473624e-02	-5.153326e-02	-4.859611e-02	-4.590962e-02	-4.345994e-02	-4.123444e-02	-3.922164e-02	-3.741115e-02	-3.579363e-02	-3.436074e-02	-3.310510e-02	-3.202021e-02	-3.110049e-02	-3.034120e-02	-2.973841e-02	-2.928902e-02	-2.899071e-02	-2.884194e-02	
-9.917873e-02	-9.301991e-02	-8.734090e-02	-8.211241e-02	-7.730748e-02	-7.290131e-02	-6.887119e-02	-6.519631e-02	-6.185773e-02	-5.883823e-02	-5.612223e-02	-5.369571e-02	-5.154617e-02	-4.966252e-02	-4.803503e-02	-4.665532e-02	-4.551627e-02	-4.461200e-02	-4.393784e-02	-4.349033e-02	-4.326715e-02	
-1.322565e-01	-1.240436e-01	-1.164705e-01	-1.094983e-01	-1.030908e-01	-9.721510e-02	-9.184086e-02	-8.694036e-02	-8.248831e-02	-7.846175e-02	-7.483991e-02	-7.160412e-02	-6.873767e-02	-6.622578e-02	-6.405550e-02	-6.221564e-02	-6.069669e-02	-5.949083e-02	-5.859184e-02	-5.799507e-02	-5.769746e-02	
-1.653498e-01	-1.550818e-01	-1.456138e-01	-1.368970e-01	-1.288862e-01	-1.215403e-01	-1.148213e-01	-1.086946e-01	-1.031286e-01	-9.809449e-02	-9.356640e-02	-8.952094e-02	-8.593725e-02	-8.279684e-02	-8.008351e-02	-7.778327e-02	-7.588425e-02	-7.437666e-02	-7.325272e-02	-7.250663e-02	-7.213454e-02	
-1.984625e-01	-1.861383e-01	-1.747743e-01	-1.643117e-01	-1.546968e-01	-1.458798e-01	-1.378153e-01	-1.304616e-01	-1.237810e-01	-1.177387e-01	-1.123039e-01	-1.074483e-01	-1.031469e-01	-9.937761e-02	-9.612091e-02	-9.336003e-02	-9.108072e-02	-8.927122e-02	-8.792220e-02	-8.702670e-02	-8.658010e-02	
-2.315984e-01	-2.172166e-01	-2.039551e-01	-1.917458e-01	-1.805255e-01	-1.702364e-01	-1.608254e-01	-1.522439e-01	-1.444478e-01	-1.373968e-01	-1.310545e-01	-1.253882e-01	-1.203687e-01	-1.159700e-01	-1.121696e-01	-1.089477e-01	-1.062879e-01	-1.041762e-01	-1.026020e-01	-1.015570e-01	-1.010358e-01	
-2.647614e-01	-2.483202e-01	-2.331599e-01	-2.192022e-01	-2.063753e-01	-1.946129e-01	-1.838543e-01	-1.740441e-01	-1.651316e-01	-1.570709e-01	-1.498204e-01	-1.433428e-01	-1.376045e-01	-1.325760e-01	-1.282314e-01	-1.245482e-01	-1.215074e-01	-1.190934e-01	-1.172938e-01	-1.160991e-01	-1.155033e-01	
-2.979553e-01	-2.794528e-01	-2.623918e-01	-2.466843e-01	-2.322491e-01	-2.190120e-01	-2.069046e-01	-1.958645e-01	-1.858346e-01	-1.767633e-01	-1.686039e-01	-1.613141e-01	-1.548564e-01	-1.491974e-01	-1.443081e-01	-1.401631e-01	-1.367412e-01	-1.340245e-01	-1.319992e-01	-1.306548e-01	-1.299843e-01	
-3.311839e-01	-3.106180e-01	-2.916543e-01	-2.741950e-01	-2.581500e-01	-2.434367e-01	-2.299790e-01	-2.177076e-01	-2.065593e-01	-1.964763e-01	-1.874069e-01	-1.793041e-01	-1.721262e-01	-1.658362e-01	-1.604016e-01	-1.557944e-01	-1.519908e-01	-1.489712e-01	-1.467200e-01	-1.452257e-01	-1.444804e-01	
-3.644508e-01	-3.418191e-01	-3.209505e-01	-3.017374e-01	-2.840808e-01	-2.678895e-01	-2.530801e-01	-2.395761e-01	-2.273078e-01	-2.162121e-01	-2.062316e-01	-1.973150e-01	-1.894161e-01	-1.824942e-01	-1.765137e-01	-1.714437e-01	-1.672581e-01	-1.639351e-01	-1.614578e-01	-1.598134e-01	-1.589932e-01	
-3.977599e-01	-3.730597e-01	-3.502838e-01	-3.293148e-01	-3.100444e-01	-2.923733e-01	-2.762104e-01	-2.614721e-01	-2.480827e-01	-2.359728e-01	-2.250802e-01	-2.153486e-01	-2.067278e-01	-1.991733e-01	-1.926462e-01	-1.871128e-01	-1.825446e-01	-1.789180e-01	-1.762143e-01	-1.744195e-01	-1.735245e-01	
-4.311146e-01	-4.043432e-01	-3.796574e-01	-3.569300e-01	-3.360437e-01	-3.168908e-01	-2.993724e-01	-2.833983e-01	-2.688860e-01	-2.557607e-01	-2.439547e-01	-2.334070e-01	-2.240633e-01	-2.158753e-01	-2.088009e-01	-2.028035e-01	-1.978522e-01	-1.939215e-01	-1.909910e-01	-1.890458e-01	-1.880756e-01	
-4.645188e-01	-4.356730e-01	-4.090745e-01	-3.845861e-01	-3.620814e-01	-3.414445e-01	-3.225687e-01	-3.053569e-01	-2.897202e-01	-2.755779e-01	-2.628570e-01	-2.514921e-01	-2.414244e-01	-2.326020e-01	-2.249794e-01	-2.185173e-01	-2.131824e-01	-2.089471e-01	-2.057896e-01	-2.036936e-01	-2.026483e-01	
-4.979758e-01	-4.670524e-01	-4.385381e-01	-4.122859e-01	-3.881604e-01	-3.660371e-01	-3.458018e-01	-3.273503e-01	-3.105873e-01	-2.954264e-01	-2.817894e-01	-2.696059e-01	-2.588130e-01	-2.493552e-01	-2.411836e-01	-2.342561e-01	-2.285369e-01	-2.239966e-01	-2.206117e-01	-2.183647e-01	-2.172441e-01	
-5.314893e-01	-4.984848e-01	-4.680515e-01	-4.400325e-01	-4.142834e-01	-3.906711e-01	-3.690741e-01	-3.493808e-01	-3.314897e-01	-3.153084e-01	-3.007536e-01	-2.877502e-01	-2.762310e-01	-2.661367e-01	-2.574151e-01	-2.500214e-01	-2.439173e-01	-2.390714e-01	-2.354587e-01	-2.330605e-01	-2.318645e-01	
-5.650626e-01	-5.299733e-01	-4.976176e-01	-4.678287e-01	-4.404530e-01	-4.153492e-01	-3.923879e-01	-3.714506e-01	-3.524293e-01	-3.352260e-01	-3.197518e-01	-3.059269e-01	-2.936801e-01	-2.829481e-01	-2.736756e-01	-2.658148e-01	-2.593252e-01	-2.541732e-01	-2.503322e-01	-2.477826e-01	-2.465110e-01	
-5.986992e-01	-5.615210e-01	-5.272393e-01	-4.956772e-01	-4.666719e-01	-4.400738e-01	-4.157456e-01	-3.935620e-01	-3.734084e-01	-3.551810e-01	-3.387857e-01	-3.241378e-01	-3.111620e-01	-2.997912e-01	-2.899668e-01	-2.816380e-01	-2.747621e-01	-2.693034e-01	-2.652338e-01	-2.625324e-01	-2.611851e-01	
-6.324023e-01	-5.931312e-01	-5.569196e-01	-5.235808e-01	-4.929426e-01	-4.648472e-01	-4.391495e-01	-4.157171e-01	-3.944290e-01	-3.751755e-01	-3.578572e-01	-3.423848e-01	-3.286785e-01	-3.166676e-01	-3.062901e-01	-2.974925e-01	-2.902295e-01	-2.844635e-01	-2.801648e-01	-2.773113e-01	-2.758882e-01	
-6.661750e-01	-6.248067e-01	-5.866613e-01	-5.515420e-01	-5.192677e-01	-4.896719e-01	-4.626019e-01	-4.379180e-01	-4.154931e-01	-3.952113e-01	-3.769682e-01	-3.606695e-01	-3.462312e-01	-3.335789e-01	-3.226472e-01	-3.133798e-01	-3.057289e-01	-2.996550e-01	-2.951267e-01	-2.921208e-01	-2.906217e-01	
-7.000206e-01	-6.565506e-01	-6.164672e-01	-5.795636e-01	-5.456495e-01	-5.145501e-01	-4.861047e-01	-4.601668e-01	-4.366026e-01	-4.152904e-01	-3.961204e-01	-3.789936e-01	-3.638218e-01	-3.505266e-01	-3.390395e-01	-3.293013e-01	-3.212617e-01	-3.148792e-01	-3.101209e-01	-3.069623e-01	-3.053870e-01	
-7.339420e-01	-6.883655e-01	-6.463397e-01	-6.076479e-01	-5.720905e-01	-5.394840e-01	-5.096603e-01	-4.824655e-01	-4.577593e-01	-4.354144e-01	-4.153155e-01	-3.973588e-01	-3.814518e-01	-3.675123e-01	-3.554686e-01	-3.452585e-01	-3.368293e-01	-3.301375e-01	-3.251486e-01	-3.218370e-01	-3.201854e-01	
-7.679421e-01	-7.202543e-01	-6.762817e-01	-6.357974e-01	-5.985928e-01	-5.644758e-01	-5.332704e-01	-5.048158e-01	-4.789652e-01	-4.555851e-01	-4.345551e-01	-4.157666e-01	-3.991226e-01	-3.845375e-01	-3.719358e-01	-3.612527e-01	-3.524330e-01	-3.454312e-01	-3.402113e-01	-3.367462e-01	-3.350181e-01	
-8.020237e-01	-7.522195e-01	-7.062953e-01	-6.640144e-01	-6.251585e-01	-5.895274e-01	-5.569372e-01	-5.272198e-01	-5.002219e-01	-4.758042e-01	-4.538408e-01	-4.342184e-01	-4.168359e-01	-4.016034e-01	-3.884425e-01	-3.772853e-01	-3.680741e-01	-3.607616e-01	-3.553100e-01	-3.516911e-01	-3.498863e-01	
-8.361894e-01	-7.842635e-01	-7.363830e-01	-6.923009e-01	-6.517899e-01	-6.146409e-01	-5.806624e-01	-5.496790e-01	-5.215310e-01	-4.960731e-01	-4.731741e-01	-4.527159e-01	-4.345928e-01	-4.187114e-01	-4.049899e-01	-3.933574e-01	-3.837538e-01	-3.761298e-01	-3.704459e-01	-3.666729e-01	-3.647912e-01	
-8.704417e-01	-8.163888e-01	-7.665470e-01	-7.206592e-01	-6.784887e-01	-6.398180e-01	-6.044476e-01	-5.721951e-01	-5.428941e-01	-5.163934e-01	-4.925564e-01	-4.712602e-01	-4.523947e-01	-4.358628e-01	-4.215792e-01	-4.094702e-01	-3.994733e-01	-3.915370e-01	-3.856203e-01	-3.816927e-01	-3.797339e-01	
-9.047828e-01	-8.485974e-01	-7.967892e-01	-7.490910e-01	-7.052568e-01	-6.650605e-01	-6.282946e-01	-5.947697e-01	-5.643127e-01	-5.367665e-01	-5.119891e-01	-4.898526e-01	-4.702429e-01	-4.530587e-01	-4.382116e-01	-4.256248e-01	-4.152335e-01	-4.069841e-01	-4.008340e-01	-3.967514e-01	-3.947154e-01	
-9.392150e-01	-8.808914e-01	-8.271117e-01	-7.775983e-01	-7.320959e-01	-6.903699e-01	-6.522049e-01	-6.174041e-01	-5.857880e-01	-5.571936e-01	-5.314732e-01	-5.084943e-01	-4.881383e-01	-4.703002e-01	-4.548881e-01	-4.418223e-01	-4.310356e-01	-4.224722e-01	-4.160880e-01	-4.118501e-01	-4.097366e-01	
-9.737403e-01	-9.132727e-01	-8.575160e-01	-8.061825e-01	-7.590075e-01	-7.157476e-01	-6.761797e-01	-6.400997e-01	-6.073214e-01	-5.776758e-01	-5.510100e-01	-5.271864e-01	-5.060821e-01	-4.875883e-01	-4.716096e-01	-4.580636e-01	-4.468803e-01	-4.380021e-01	-4.313833e-01	-4.269896e-01	-4.247984e-01	
-1.008360e+00	-9.457428e-01	-8.880038e-01	-8.348452e-01	-7.859930e-01	-7.411950e-01	-7.002203e-01	-6.628575e-01	-6.289139e-01	-5.982143e-01	-5.706004e-01	-5.459298e-01	-5.240752e-01	-5.049238e-01	-4.883770e-01	-4.743494e-01	-4.627685e-01	-4.535747e-01	-4.467205e-01	-4.421706e-01	-4.399015e-01	
-1.043076e+00	-9.783033e-01	-9.185764e-01	-8.635876e-01	-8.130535e-01	-7.667132e-01	-7.243278e-01	-6.856787e-01	-6.505664e-01	-6.188098e-01	-5.902452e-01	-5.647253e-01	-5.421182e-01	-5.223076e-01	-5.051911e-01	-4.906805e-01	-4.787009e-01	-4.691906e-01	-4.621004e-01	-4.573938e-01	-4.550466e-01	
-1.077890e+00	-1.010955e+00	-9.492349e-01	-8.924108e-01	-8.401900e-01	-7.923031e-01	-7.485031e-01	-7.085640e-01	-6.722797e-01	-6.394633e-01	-6.099453e-01	-5.835736e-01	-5.602120e-01	-5.397402e-01	-5.220524e-01	-5.070575e-01	-4.946781e-01	-4.848503e-01	-4.775235e-01	-4.726599e-01	-4.702343e-01	
-1.112803e+00	-1.043700e+00	-9.799802e-01	-9.213157e-01	-8.674035e-01	-8.179655e-01	-7.727468e-01	-7.315140e-01	-6.940546e-01	-6.601753e-01	-6.297012e-01	-6.024753e-01	-5.783571e-01	-5.572221e-01	-5.389615e-01	-5.234809e-01	-5.107005e-01	-5.005544e-01	-4.929903e-01	-4.879691e-01	-4.854650e-01	
-1.147814e+00	-1.076537e+00	-1.010813e+00	-9.503027e-01	-8.946943e-01	-8.437009e-01	-7.970595e-01	-7.545294e-01	-7.158914e-01	-6.809461e-01	-6.495133e-01	-6.214308e-01	-5.965537e-01	-5.747538e-01	-5.559186e-01	-5.399510e-01	-5.267685e-01	-5.163032e-01	-5.085011e-01	-5.033219e-01	-5.007390e-01	
-1.182926e+00	-1.109468e+00	-1.041734e+00	-9.793723e-01	-9.220629e-01	-8.695096e-01	-8.214414e-01	-7.776104e-01	-7.377904e-01	-7.017762e-01	-6.693818e-01	-6.404403e-01	-6.148022e-01	-5.923355e-01	-5.729241e-01	-5.564680e-01	-5.428823e-01	-5.320968e-01	-5.240561e-01	-5.187185e-01	-5.160566e-01	
-1.218137e+00	-1.142493e+00	-1.072742e+00	-1.008525e+00	-9.495093e-01	-8.953917e-01	-8.458927e-01	-8.007570e-01	-7.597517e-01	-7.226655e-01	-6.893068e-01	-6.595038e-01	-6.331026e-01	-6.099671e-01	-5.899779e-01	-5.730320e-01	-5.590419e-01	-5.479354e-01	-5.396553e-01	-5.341588e-01	-5.314177e-01	
-1.253448e+00	-1.175611e+00	-1.103838e+00	-1.037759e+00	-9.770333e-01	-9.213469e-01	-8.704131e-01	-8.239690e-01	-7.817751e-01	-7.436138e-01	-7.092882e-01	-6.786213e-01	-6.514548e-01	-6.276486e-01	-6.070800e-01	-5.896428e-01	-5.752472e-01	-5.638187e-01	-5.552986e-01	-5.496428e-01	-5.468222e-01	
-1.288858e+00	-1.208822e+00	-1.135022e+00	-1.067076e+00	-1.004634e+00	-9.473749e-01	-8.950022e-01	-8.472461e-01	-8.038602e-01	-7.646209e-01	-7.293255e-01	-6.977923e-01	-6.698583e-01	-6.453796e-01	-6.242300e-01	-6.063002e-01	-5.914979e-01	-5.797466e-01	-5.709857e-01	-5.651702e-01	-5.622699e-01	
-1.324366e+00	-1.242125e+00	-1.166291e+00	-1.096474e+00	-1.032312e+00	-9.734748e-01	-9.196592e-01	-8.705875e-01	-8.260063e-01	-7.856859e-01	-7.494182e-01	-7.170162e-01	-6.883127e-01	-6.631597e-01	-6.414273e-01	-6.230036e-01	-6.077934e-01	-5.957184e-01	-5.867162e-01	-5.807404e-01	-5.777602e-01	
-1.359970e+00	-1.275518e+00	-1.197646e+00	-1.125951e+00	-1.060064e+00	-9.996455e-01	-9.443831e-01	-8.939921e-01	-8.482125e-01	-8.068081e-01	-7.695654e-01	-7.362923e-01	-7.068171e-01	-6.809879e-01	-6.586713e-01	-6.397523e-01	-6.241332e-01	-6.117336e-01	-6.024894e-01	-5.963529e-01	-5.932926e-01	
-1.395668e+00	-1.308999e+00	-1.229083e+00	-1.155506e+00	-1.087890e+00	-1.025885e+00	-9.691725e-01	-9.174588e-01	-8.704775e-01	-8.279862e-01	-7.897660e-01	-7.556195e-01	-7.253706e-01	-6.988633e-01	-6.759609e-01	-6.565453e-01	-6.405163e-01	-6.277911e-01	-6.183043e-01	-6.120068e-01	-6.088661e-01	
-1.431458e+00	-1.342567e+00	-1.260601e+00	-1.185138e+00	-1.115788e+00	-1.052193e+00	-9.940256e-01	-9.409857e-01	-8.927996e-01	-8.492188e-01	-8.100184e-01	-7.749962e-01	-7.439717e-01	-7.167847e-01	-6.932950e-01	-6.733815e-01	-6.569414e-01	-6.438899e-01	-6.341598e-01	-6.277008e-01	-6.244796e-01	
-1.467336e+00	-1.376217e+00	-1.292197e+00	-1.214842e+00	-1.143754e+00	-1.078565e+00	-1.018940e+00	-9.645709e-01	-9.151770e-01	-8.705039e-01	-8.303210e-01	-7.944210e-01	-7.626188e-01	-7.347504e-01	-7.106720e-01	-6.902593e-01	-6.734072e-01	-6.600286e-01	-6.500546e-01	-6.434337e-01	-6.401318e-01	
-1.503300e+00	-1.409947e+00	-1.323868e+00	-1.244617e+00	-1.171787e+00	-1.105000e+00	-1.043914e+00	-9.882118e-01	-9.376074e-01	-8.918393e-01	-8.506715e-01	-8.138917e-01	-7.813101e-01	-7.527586e-01	-7.280900e-01	-7.071771e-01	-6.899119e-01	-6.762054e-01	-6.659870e-01	-6.592038e-01	-6.558210e-01	
-1.539343e+00	-1.443753e+00	-1.355610e+00	-1.274459e+00	-1.199882e+00	-1.131494e+00	-1.068943e+00	-1.011906e+00	-9.600879e-01	-9.132225e-01	-8.710676e-01	-8.334059e-01	-8.000431e-01	-7.708071e-01	-7.455471e-01	-7.241327e-01	-7.064536e-01	-6.924185e-01	-6.819550e-01	-6.750092e-01	-6.715452e-01	
-1.575463e+00	-1.477629e+00	-1.387418e+00	-1.304363e+00	-1.228036e+00	-1.158044e+00	-1.094025e+00	-1.035649e+00	-9.826154e-01	-9.346504e-01	-8.915064e-01	-8.529610e-01	-8.188154e-01	-7.888934e-01	-7.630406e-01	-7.411238e-01	-7.230298e-01	-7.086654e-01	-6.979564e-01	-6.908476e-01	-6.873024e-01	
-1.611651e+00	-1.511571e+00	-1.419287e+00	-1.334324e+00	-1.256244e+00	-1.184644e+00	-1.119155e+00	-1.059438e+00	-1.005186e+00	-9.561195e-01	-9.119845e-01	-8.725537e-01	-8.376237e-01	-8.070144e-01	-7.805678e-01	-7.581476e-01	-7.396380e-01	-7.249436e-01	-7.139886e-01	-7.067166e-01	-7.030899e-01	
-1.647903e+00	-1.545571e+00	-1.451212e+00	-1.364338e+00	-1.284501e+00	-1.211291e+00	-1.144328e+00	-1.083269e+00	-1.027796e+00	-9.776259e-01	-9.324982e-01	-8.921804e-01	-8.564648e-01	-8.251669e-01	-7.981255e-01	-7.752009e-01	-7.562750e-01	-7.412501e-01	-7.300487e-01	-7.226130e-01	-7.189048e-01	
-1.684210e+00	-1.579623e+00	-1.483185e+00	-1.394397e+00	-1.312802e+00	-1.237978e+00	-1.169540e+00	-1.107135e+00	-1.050441e+00	-9.991651e-01	-9.530431e-01	-9.118371e-01	-8.753346e-01	-8.433472e-01	-8.157099e-01	-7.922803e-01	-7.729374e-01	-7.575814e-01	-7.461332e-01	-7.385338e-01	-7.347438e-01	
-1.720564e+00	-1.613720e+00	-1.515200e+00	-1.424495e+00	-1.341139e+00	-1.264700e+00	-1.194785e+00	-1.131033e+00	-1.073115e+00	-1.020732e+00	-9.736146e-01	-9.315192e-01	-8.942287e-01	-8.615509e-01	-8.333171e-01	-8.093817e-01	-7.896213e-01	-7.739339e-01	-7.622386e-01	-7.544751e-01	-7.506033e-01	
-1.756955e+00	-1.647851e+00	-1.547247e+00	-1.454624e+00	-1.369505e+00	-1.291449e+00	-1.220056e+00	-1.154955e+00	-1.095812e+00	-1.042321e+00	-9.942073e-01	-9.512215e-01	-9.131423e-01	-8.797733e-01	-8.509423e-01	-8.265007e-01	-8.063223e-01	-7.903031e-01	-7.783605e-01	-7.704328e-01	-7.664791e-01	
-1.793373e+00	-1.682008e+00	-1.579319e+00	-1.484776e+00	-1.397892e+00	-1.318219e+00	-1.245345e+00	-1.178895e+00	-1.118526e+00	-1.063927e+00	-1.014815e+00	-9.709384e-01	-9.320699e-01	-8.980092e-01	-8.685807e-01	-8.436324e-01	-8.230358e-01	-8.066845e-01	-7.944943e-01	-7.864023e-01	-7.823667e-01	
-1.829806e+00	-1.716179e+00	-1.611403e+00	-1.514940e+00	-1.426291e+00	-1.344999e+00	-1.270645e+00	-1.202845e+00	-1.141250e+00	-1.085541e+00	-1.035432e+00	-9.906636e-01	-9.510055e-01	-9.162528e-01	-8.862264e-01	-8.607713e-01	-8.397562e-01	-8.230728e-01	-8.106350e-01	-8.023785e-01	-7.982610e-01	
-1.866242e+00	-1.750352e+00	-1.643490e+00	-1.545106e+00	-1.454692e+00	-1.371781e+00	-1.295946e+00	-1.226797e+00	-1.163975e+00	-1.107157e+00	-1.056050e+00	-1.010390e+00	-9.699423e-01	-9.344977e-01	-9.038734e-01	-8.779114e-01	-8.564779e-01	-8.394622e-01	-8.267767e-01	-8.183559e-01	-8.141563e-01	
-1.902667e+00	-1.784515e+00	-1.675567e+00	-1.575263e+00	-1.483084e+00	-1.398555e+00	-1.321240e+00	-1.250741e+00	-1.186692e+00	-1.128766e+00	-1.076661e+00	-1.030110e+00	-9.888732e-01	-9.527367e-01	-9.215147e-01	-8.950460e-01	-8.731942e-01	-8.558464e-01	-8.429133e-01	-8.343281e-01	-8.300466e-01	
-1.939064e+00	-1.818652e+00	-1.707620e+00	-1.605397e+00	-1.511455e+00	-1.425309e+00	-1.346515e+00	-1.274667e+00	-1.209394e+00	-1.150359e+00	-1.097257e+00	-1.049816e+00	-1.007790e+00	-9.709623e-01	-9.391430e-01	-9.121680e-01	-8.898981e-01	-8.722185e-01	-8.590380e-01	-8.502886e-01	-8.459251e-01	
-1.975418e+00	-1.852748e+00	-1.739635e+00	-1.635495e+00	-1.539792e+00	-1.452031e+00	-1.371759e+00	-1.298564e+00	-1.232067e+00	-1.171926e+00	-1.117829e+00	-1.069498e+00	-1.026684e+00	-9.891659e-01	-9.567500e-01	-9.292693e-01	-9.065819e-01	-8.885709e-01	-8.751432e-01	-8.662298e-01	-8.617845e-01	
-2.011709e+00	-1.886786e+00	-1.771594e+00	-1.665542e+00	-1.568080e+00	-1.478707e+00	-1.396961e+00	-1.322421e+00	-1.254702e+00	-1.193456e+00	-1.138365e+00	-1.089146e+00	-1.045546e+00	-1.007338e+00	-9.743270e-01	-9.463414e-01	-9.232372e-01	-9.048953e-01	-8.912210e-01	-8.821438e-01	-8.776168e-01	
-2.047919e+00	-1.920747e+00	-1.803482e+00	-1.695520e+00	-1.596304e+00	-1.505322e+00	-1.422105e+00	-1.346224e+00	-1.277286e+00	-1.214937e+00	-1.158855e+00	-1.108750e+00	-1.064365e+00	-1.025470e+00	-9.918642e-01	-9.633749e-01	-9.398549e-01	-9.211828e-01	-9.072623e-01	-8.980218e-01	-8.934133e-01	
-2.084025e+00	-1.954610e+00	-1.835278e+00	-1.725413e+00	-1.624448e+00	-1.531862e+00	-1.447178e+00	-1.369958e+00	-1.299805e+00	-1.236357e+00	-1.179286e+00	-1.128298e+00	-1.083130e+00	-1.043549e+00	-1.009351e+00	-9.803597e-01	-9.564250e-01	-9.374237e-01	-9.232579e-01	-9.138543e-01	-9.091647e-01	
-2.120004e+00	-1.988355e+00	-1.866963e+00	-1.755201e+00	-1.652493e+00	-1.558308e+00	-1.472162e+00	-1.393609e+00	-1.322245e+00	-1.257702e+00	-1.199646e+00	-1.147777e+00	-1.101830e+00	-1.061565e+00	-1.026777e+00	-9.972849e-01	-9.729369e-01	-9.536076e-01	-9.391972e-01	-9.296313e-01	-9.248607e-01	
-2.155831e+00	-2.021958e+00	-1.898514e+00	-1.784863e+00	-1.680419e+00	-1.584643e+00	-1.497041e+00	-1.417161e+00	-1.344591e+00	-1.278956e+00	-1.219919e+00	-1.167174e+00	-1.120450e+00	-1.079506e+00	-1.044129e+00	-1.014139e+00	-9.893792e-01	-9.697232e-01	-9.550693e-01	-9.453418e-01	-9.404905e-01	
-2.191479e+00	-2.055392e+00	-1.929908e+00	-1.814378e+00	-1.708206e+00	-1.610847e+00	-1.521796e+00	-1.440595e+00	-1.366825e+00	-1.300105e+00	-1.240092e+00	-1.186475e+00	-1.138978e+00	-1.097356e+00	-1.061395e+00	-1.030908e+00	-1.005739e+00	-9.857584e-01	-9.708622e-01	-9.609738e-01	-9.560423e-01	
-2.226920e+00	-2.088633e+00	-1.961118e+00	-1.843720e+00	-1.735832e+00	-1.636898e+00	-1.546407e+00	-1.463892e+00	-1.388929e+00	-1.321131e+00	-1.260146e+00	-1.205663e+00	-1.157398e+00	-1.115103e+00	-1.078560e+00	-1.047580e+00	-1.022004e+00	-1.001700e+00	-9.865631e-01	-9.765148e-01	-9.715036e-01	
-2.262123e+00	-2.121649e+00	-1.992119e+00	-1.872865e+00	-1.763272e+00	-1.662773e+00	-1.570852e+00	-1.487033e+00	-1.410885e+00	-1.342015e+00	-1.280067e+00	-1.224721e+00	-1.175693e+00	-1.132730e+00	-1.095609e+00	-1.064140e+00	-1.038160e+00	-1.017535e+00	-1.002159e+00	-9.919514e-01	-9.868610e-01	
-2.297055e+00	-2.154412e+00	-2.022882e+00	-1.901786e+00	-1.790500e+00	-1.688450e+00	-1.595109e+00	-1.509996e+00	-1.432672e+00	-1.362738e+00	-1.299833e+00	-1.243633e+00	-1.193848e+00	-1.150222e+00	-1.112528e+00	-1.080573e+00	-1.054191e+00	-1.033248e+00	-1.017634e+00	-1.007269e+00	-1.002100e+00	
-2.331680e+00	-2.186887e+00	-2.053374e+00	-1.930453e+00	-1.817490e+00	-1.713901e+00	-1.619154e+00	-1.532758e+00	-1.454268e+00	-1.383280e+00	-1.319427e+00	-1.262380e+00	-1.211844e+00	-1.167560e+00	-1.129298e+00	-1.096861e+00	-1.070082e+00	-1.048823e+00	-1.032974e+00	-1.022453e+00	-1.017206e+00	
-2.365963e+00	-2.219041e+00	-2.083565e+00	-1.958837e+00	-1.844212e+00	-1.739101e+00	-1.642960e+00	-1.555294e+00	-1.475650e+00	-1.403618e+00	-1.338827e+00	-1.280941e+00	-1.229662e+00	-1.184727e+00	-1.145902e+00	-1.112988e+00	-1.085816e+00	-1.064244e+00	-1.048161e+00	-1.037486e+00	-1.032162e+00	
-2.399864e+00	-2.250837e+00	-2.113420e+00	-1.986904e+00	-1.870638e+00	-1.764020e+00	-1.666502e+00	-1.577579e+00	-1.496794e+00	-1.423730e+00	-1.358010e+00	-1.299295e+00	-1.247282e+00	-1.201702e+00	-1.162321e+00	-1.128936e+00	-1.101374e+00	-1.079493e+00	-1.063180e+00	-1.052352e+00	-1.046951e+00	
-2.433343e+00	-2.282236e+00	-2.142902e+00	-2.014622e+00	-1.896733e+00	-1.788628e+00	-1.689749e+00	-1.599587e+00	-1.517675e+00	-1.443592e+00	-1.376955e+00	-1.317420e+00	-1.264681e+00	-1.218466e+00	-1.178536e+00	-1.144685e+00	-1.116738e+00	-1.094552e+00	-1.078012e+00	-1.067032e+00	-1.061556e+00	
-2.466356e+00	-2.313199e+00	-2.171975e+00	-2.041954e+00	-1.922466e+00	-1.812894e+00	-1.712674e+00	-1.621288e+00	-1.538265e+00	-1.463177e+00	-1.395636e+00	-1.335294e+00	-1.281839e+00	-1.234997e+00	-1.194525e+00	-1.160215e+00	-1.131889e+00	-1.109402e+00	-1.092637e+00	-1.081508e+00	-1.075958e+00	
-2.498858e+00	-2.343683e+00	-2.200598e+00	-2.068863e+00	-1.947801e+00	-1.836785e+00	-1.735244e+00	-1.642654e+00	-1.558537e+00	-1.482459e+00	-1.414028e+00	-1.352890e+00	-1.298732e+00	-1.251272e+00	-1.210267e+00	-1.175504e+00	-1.146805e+00	-1.124022e+00	-1.107036e+00	-1.095761e+00	-1.090138e+00	
-2.530803e+00	-2.373645e+00	-2.228730e+00	-2.095312e+00	-1.972701e+00	-1.860267e+00	-1.757427e+00	-1.663653e+00	-1.578461e+00	-1.501410e+00	-1.432105e+00	-1.370186e+00	-1.315335e+00	-1.267268e+00	-1.225739e+00	-1.190532e+00	-1.161466e+00	-1.138391e+00	-1.121188e+00	-1.109769e+00	-1.104074e+00	
-2.562144e+00	-2.403039e+00	-2.256330e+00	-2.121259e+00	-1.997130e+00	-1.883303e+00	-1.779191e+00	-1.684255e+00	-1.598008e+00	-1.520003e+00	-1.449839e+00	-1.387153e+00	-1.331623e+00	-1.282962e+00	-1.240918e+00	-1.205275e+00	-1.175849e+00	-1.152488e+00	-1.135073e+00	-1.123512e+00	-1.117746e+00	
-2.592829e+00	-2.431819e+00	-2.283353e+00	-2.146665e+00	-2.021049e+00	-1.905859e+00	-1.800499e+00	-1.704427e+00	-1.617147e+00	-1.538208e+00	-1.467203e+00	-1.403767e+00	-1.347571e+00	-1.298327e+00	-1.255780e+00	-1.219710e+00	-1.189932e+00	-1.166291e+00	-1.148667e+00	-1.136968e+00	-1.131133e+00	
-2.622810e+00	-2.459938e+00	-2.309755e+00	-2.171486e+00	-2.044418e+00	-1.927896e+00	-1.821318e+00	-1.724135e+00	-1.635845e+00	-1.555994e+00	-1.484168e+00	-1.419998e+00	-1.363153e+00	-1.313339e+00	-1.270300e+00	-1.233813e+00	-1.203691e+00	-1.179777e+00	-1.161949e+00	-1.150114e+00	-1.144212e+00	
-2.652034e+00	-2.487347e+00	-2.335491e+00	-2.195681e+00	-2.067198e+00	-1.949377e+00	-1.841612e+00	-1.743346e+00	-1.654072e+00	-1.573331e+00	-1.500705e+00	-1.435820e+00	-1.378342e+00	-1.327973e+00	-1.284454e+00	-1.247561e+00	-1.217102e+00	-1.192922e+00	-1.174895e+00	-1.162929e+00	-1.156961e+00	
-2.680449e+00	-2.513998e+00	-2.360514e+00	-2.219207e+00	-2.089347e+00	-1.970264e+00	-1.861344e+00	-1.762025e+00	-1.671795e+00	-1.590188e+00	-1.516785e+00	-1.451204e+00	-1.393110e+00	-1.342202e+00	-1.298216e+00	-1.260928e+00	-1.230143e+00	-1.205704e+00	-1.187484e+00	-1.175389e+00	-1.169357e+00	
-2.708005e+00	-2.539842e+00	-2.384781e+00	-2.242021e+00	-2.110826e+00	-1.990518e+00	-1.880479e+00	-1.780139e+00	-1.688981e+00	-1.606536e+00	-1.532377e+00	-1.466123e+00	-1.407431e+00	-1.356000e+00	-1.311562e+00	-1.273890e+00	-1.242789e+00	-1.218099e+00	-1.199691e+00	-1.187472e+00	-1.181379e+00	
-2.734649e+00	-2.564832e+00	-2.408245e+00	-2.264081e+00	-2.131594e+00	-2.010103e+00	-1.898981e+00	-1.797654e+00	-1.705600e+00	-1.622343e+00	-1.547455e+00	-1.480549e+00	-1.421279e+00	-1.369342e+00	-1.324467e+00	-1.286424e+00	-1.255017e+00	-1.230084e+00	-1.211495e+00	-1.199156e+00	-1.193002e+00	
-2.760333e+00	-2.588921e+00	-2.430864e+00	-2.285345e+00	-2.151614e+00	-2.028982e+00	-1.916816e+00	-1.814538e+00	-1.721619e+00	-1.637580e+00	-1.561989e+00	-1.494454e+00	-1.434628e+00	-1.382202e+00	-1.336906e+00	-1.298506e+00	-1.266804e+00	-1.241637e+00	-1.222874e+00	-1.210419e+00	-1.204207e+00	
-2.785009e+00	-2.612065e+00	-2.452594e+00	-2.305775e+00	-2.170849e+00	-2.047120e+00	-1.933952e+00	-1.830758e+00	-1.737009e+00	-1.652219e+00	-1.575952e+00	-1.507814e+00	-1.447453e+00	-1.394559e+00	-1.348858e+00	-1.310114e+00	-1.278129e+00	-1.252736e+00	-1.233806e+00	-1.221239e+00	-1.214972e+00	
-2.808632e+00	-2.634221e+00	-2.473397e+00	-2.325332e+00	-2.189262e+00	-2.064484e+00	-1.950356e+00	-1.846287e+00	-1.751742e+00	-1.666233e+00	-1.589319e+00	-1.520603e+00	-1.459730e+00	-1.406387e+00	-1.360299e+00	-1.321227e+00	-1.288970e+00	-1.263362e+00	-1.244271e+00	-1.231598e+00	-1.225278e+00	
-2.831160e+00	-2.655350e+00	-2.493237e+00	-2.343985e+00	-2.206823e+00	-2.081044e+00	-1.966000e+00	-1.861097e+00	-1.765794e+00	-1.679599e+00	-1.602068e+00	-1.532800e+00	-1.471439e+00	-1.417668e+00	-1.371210e+00	-1.331825e+00	-1.299309e+00	-1.273496e+00	-1.254252e+00	-1.241477e+00	-1.235106e+00	
-2.852559e+00	-2.675420e+00	-2.512082e+00	-2.361701e+00	-2.223503e+00	-2.096773e+00	-1.980860e+00	-1.875164e+00	-1.779140e+00	-1.692294e+00	-1.614177e+00	-1.544386e+00	-1.482561e+00	-1.428384e+00	-1.381574e+00	-1.341891e+00	-1.309130e+00	-1.283122e+00	-1.263732e+00	-1.250860e+00	-1.244441e+00	
-2.872798e+00	-2.694403e+00	-2.529905e+00	-2.378458e+00	-2.239278e+00	-2.111650e+00	-1.994914e+00	-1.888468e+00	-1.791763e+00	-1.704301e+00	-1.625629e+00	-1.555343e+00	-1.493080e+00	-1.438518e+00	-1.391376e+00	-1.351412e+00	-1.318418e+00	-1.292225e+00	-1.272698e+00	-1.259735e+00	-1.253271e+00	
-2.891855e+00	-2.712276e+00	-2.546687e+00	-2.394235e+00	-2.254132e+00	-2.125657e+00	-2.008147e+00	-1.900995e+00	-1.803648e+00	-1.715606e+00	-1.636413e+00	-1.565660e+00	-1.502984e+00	-1.448060e+00	-1.400606e+00	-1.360376e+00	-1.327164e+00	-1.300797e+00	-1.281140e+00	-1.268092e+00	-1.261584e+00	
-2.909714e+00	-2.729026e+00	-2.562415e+00	-2.409021e+00	-2.268053e+00	-2.138785e+00	-2.020549e+00	-1.912735e+00	-1.814787e+00	-1.726201e+00	-1.646519e+00	-1.575329e+00	-1.512266e+00	-1.457003e+00	-1.409256e+00	-1.368778e+00	-1.335360e+00	-1.308831e+00	-1.289052e+00	-1.275923e+00	-1.269375e+00	
-2.926373e+00	-2.744650e+00	-2.577085e+00	-2.422813e+00	-2.281038e+00	-2.151030e+00	-2.032117e+00	-1.923686e+00	-1.825177e+00	-1.736084e+00	-1.655945e+00	-1.584348e+00	-1.520924e+00	-1.465345e+00	-1.417324e+00	-1.376614e+00	-1.343005e+00	-1.316324e+00	-1.296432e+00	-1.283228e+00	-1.276643e+00	
-2.941838e+00	-2.759155e+00	-2.590704e+00	-2.435617e+00	-2.293093e+00	-2.162398e+00	-2.042856e+00	-1.933852e+00	-1.834823e+00	-1.745259e+00	-1.664697e+00	-1.592721e+00	-1.528962e+00	-1.473089e+00	-1.424814e+00	-1.383889e+00	-1.350103e+00	-1.323280e+00	-1.303284e+00	-1.290009e+00	-1.283389e+00	
-2.956131e+00	-2.772560e+00	-2.603291e+00	-2.447450e+00	-2.304234e+00	-2.172903e+00	-2.052781e+00	-1.943247e+00	-1.843737e+00	-1.753738e+00	-1.672784e+00	-1.600459e+00	-1.536390e+00	-1.480246e+00	-1.431737e+00	-1.390613e+00	-1.356662e+00	-1.329709e+00	-1.309615e+00	-1.296277e+00	-1.289625e+00	
-2.969286e+00	-2.784899e+00	-2.614877e+00	-2.458342e+00	-2.314489e+00	-2.182574e+00	-2.061917e+00	-1.951896e+00	-1.851943e+00	-1.761543e+00	-1.680229e+00	-1.607582e+00	-1.543227e+00	-1.486833e+00	-1.438108e+00	-1.396802e+00	-1.362700e+00	-1.335627e+00	-1.315444e+00	-1.302046e+00	-1.295364e+00	
-2.981357e+00	-2.796220e+00	-2.625507e+00	-2.468336e+00	-2.323898e+00	-2.191446e+00	-2.070299e+00	-1.959830e+00	-1.859471e+00	-1.768704e+00	-1.687059e+00	-1.614117e+00	-1.549501e+00	-1.492878e+00	-1.443955e+00	-1.402480e+00	-1.368239e+00	-1.341057e+00	-1.320791e+00	-1.307339e+00	-1.300630e+00	
-2.992414e+00	-2.806590e+00	-2.635243e+00	-2.477490e+00	-2.332516e+00	-2.199573e+00	-2.077977e+00	-1.967098e+00	-1.866367e+00	-1.775263e+00	-1.693316e+00	-1.620103e+00	-1.555247e+00	-1.498414e+00	-1.449310e+00	-1.407681e+00	-1.373314e+00	-1.346030e+00	-1.325689e+00	-1.312187e+00	-1.305453e+00	
-3.002545e+00	-2.816093e+00	-2.644166e+00	-2.485878e+00	-2.340413e+00	-2.207021e+00	-2.085012e+00	-1.973759e+00	-1.872686e+00	-1.781274e+00	-1.699049e+00	-1.625589e+00	-1.560513e+00	-1.503487e+00	-1.454217e+00	-1.412447e+00	-1.377963e+00	-1.350587e+00	-1.330178e+00	-1.316630e+00	-1.309873e+00	
-3.011864e+00	-2.824833e+00	-2.652372e+00	-2.493594e+00	-2.347677e+00	-2.213870e+00	-2.091483e+00	-1.979885e+00	-1.878499e+00	-1.786802e+00	-1.704322e+00	-1.630634e+00	-1.565357e+00	-1.508154e+00	-1.458730e+00	-1.416831e+00	-1.382240e+00	-1.354779e+00	-1.334306e+00	-1.320716e+00	-1.313939e+00	
-3.020505e+00	-2.832937e+00	-2.659982e+00	-2.500747e+00	-2.354412e+00	-2.220222e+00	-2.097483e+00	-1.985565e+00	-1.883888e+00	-1.791928e+00	-1.709212e+00	-1.635312e+00	-1.569847e+00	-1.512480e+00	-1.462915e+00	-1.420896e+00	-1.386205e+00	-1.358666e+00	-1.338134e+00	-1.324505e+00	-1.317708e+00	
-3.028626e+00	-2.840553e+00	-2.667133e+00	-2.507471e+00	-2.360742e+00	-2.226191e+00	-2.103123e+00	-1.990903e+00	-1.888952e+00	-1.796746e+00	-1.713807e+00	-1.639708e+00	-1.574068e+00	-1.516547e+00	-1.466848e+00	-1.424716e+00	-1.389932e+00	-1.362319e+00	-1.341732e+00	-1.328066e+00	-1.321251e+00	
-3.036411e+00	-2.847855e+00	-2.673989e+00	-2.513916e+00	-2.366811e+00	-2.231914e+00	-2.108529e+00	-1.996021e+00	-1.893808e+00	-1.801365e+00	-1.718213e+00	-1.643924e+00	-1.578114e+00	-1.520445e+00	-1.470619e+00	-1.428378e+00	-1.393505e+00	-1.365821e+00	-1.345181e+00	-1.331480e+00	-1.324647e+00	
-3.044073e+00	-2.855041e+00	-2.680737e+00	-2.520260e+00	-2.372783e+00	-2.237545e+00	-2.113850e+00	-2.001057e+00	-1.898587e+00	-1.805910e+00	-1.722548e+00	-1.648072e+00	-1.582096e+00	-1.524282e+00	-1.474330e+00	-1.431982e+00	-1.397022e+00	-1.369267e+00	-1.348575e+00	-1.334840e+00	-1.327990e+00	
-3.051850e+00	-2.862335e+00	-2.687585e+00	-2.526699e+00	-2.378845e+00	-2.243262e+00	-2.119250e+00	-2.006170e+00	-1.903438e+00	-1.810524e+00	-1.726949e+00	-1.652282e+00	-1.586138e+00	-1.528176e+00	-1.478096e+00	-1.435641e+00	-1.400591e+00	-1.372765e+00	-1.352021e+00	-1.338250e+00	-1.331383e+00	
-3.060010e+00	-2.869989e+00	-2.694771e+00	-2.533454e+00	-2.385205e+00	-2.249260e+00	-2.124916e+00	-2.011534e+00	-1.908527e+00	-1.815365e+00	-1.731566e+00	-1.656700e+00	-1.590379e+00	-1.532262e+00	-1.482048e+00	-1.439479e+00	-1.404336e+00	-1.376436e+00	-1.355636e+00	-1.341828e+00	-1.334942e+00	
-3.068849e+00	-2.878279e+00	-2.702556e+00	-2.540773e+00	-2.392096e+00	-2.255757e+00	-2.131055e+00	-2.017344e+00	-1.914040e+00	-1.820609e+00	-1.736569e+00	-1.661486e+00	-1.594973e+00	-1.536688e+00	-1.486330e+00	-1.443638e+00	-1.408392e+00	-1.380412e+00	-1.359552e+00	-1.345705e+00	-1.338799e+00	
-3.078696e+00	-2.887514e+00	-2.711227e+00	-2.548925e+00	-2.399770e+00	-2.262995e+00	-2.137892e+00	-2.023817e+00	-1.920181e+00	-1.826450e+00	-1.742140e+00	-1.666817e+00	-1.600091e+00	-1.541619e+00	-1.491098e+00	-1.448269e+00	-1.412911e+00	-1.384841e+00	-1.363914e+00	-1.350022e+00	-1.343094e+00	
-3.089905e+00	-2.898028e+00	-2.721099e+00	-2.558206e+00	-2.408508e+00	-2.271235e+00	-2.145676e+00	-2.031186e+00	-1.927173e+00	-1.833100e+00	-1.748483e+00	-1.672886e+00	-1.605917e+00	-1.547232e+00	-1.496528e+00	-1.453543e+00	-1.418056e+00	-1.389883e+00	-1.368880e+00	-1.354938e+00	-1.347985e+00	
-3.102867e+00	-2.910184e+00	-2.732513e+00	-2.568937e+00	-2.418611e+00	-2.280762e+00	-2.154677e+00	-2.039706e+00	-1.935257e+00	-1.840790e+00	-1.755818e+00	-1.679903e+00	-1.612653e+00	-1.553722e+00	-1.502805e+00	-1.459640e+00	-1.424004e+00	-1.395713e+00	-1.374622e+00	-1.360621e+00	-1.353639e+00	
-3.117999e+00	-2.924377e+00	-2.745839e+00	-2.581465e+00	-2.430407e+00	-2.291885e+00	-2.165185e+00	-2.049654e+00	-1.944695e+00	-1.849767e+00	-1.764381e+00	-1.688096e+00	-1.620518e+00	-1.561299e+00	-1.510134e+00	-1.466759e+00	-1.430949e+00	-1.402520e+00	-1.381326e+00	-1.367257e+00	-1.360241e+00	
-3.135755e+00	-2.941030e+00	-2.761475e+00	-2.596165e+00	-2.444247e+00	-2.304936e+00	-2.177515e+00	-2.061325e+00	-1.955769e+00	-1.860301e+00	-1.774428e+00	-1.697708e+00	-1.629746e+00	-1.570190e+00	-1.518734e+00	-1.475111e+00	-1.439097e+00	-1.410507e+00	-1.389192e+00	-1.375043e+00	-1.367986e+00	
-3.156617e+00	-2.960597e+00	-2.779848e+00	-2.613438e+00	-2.460509e+00	-2.320271e+00	-2.192002e+00	-2.075040e+00	-1.968781e+00	-1.872678e+00	-1.786234e+00	-1.709004e+00	-1.640589e+00	-1.580637e+00	-1.528838e+00	-1.484925e+00	-1.448672e+00	-1.419891e+00	-1.398434e+00	-1.384191e+00	-1.377088e+00	
-3.181108e+00	-2.983567e+00	-2.801416e+00	-2.633715e+00	-2.479599e+00	-2.338273e+00	-2.209009e+00	-2.091139e+00	-1.984056e+00	-1.887207e+00	-1.800092e+00	-1.722263e+00	-1.653318e+00	-1.592900e+00	-1.540700e+00	-1.496446e+00	-1.459911e+00	-1.430907e+00	-1.409284e+00	-1.394931e+00	-1.387772e+00	
-3.209784e+00	-3.010462e+00	-2.826669e+00	-2.657456e+00	-2.501951e+00	-2.359352e+00	-2.228922e+00	-2.109990e+00	-2.001941e+00	-1.904219e+00	-1.816319e+00	-1.737789e+00	-1.668222e+00	-1.607260e+00	-1.554588e+00	-1.509936e+00	-1.473072e+00	-1.443806e+00	-1.421988e+00	-1.407505e+00	-1.400282e+00	
-3.243245e+00	-3.041845e+00	-2.856136e+00	-2.685159e+00	-2.528033e+00	-2.383947e+00	-2.252158e+00	-2.131985e+00	-2.022811e+00	-1.924070e+00	-1.835254e+00	-1.755904e+00	-1.685612e+00	-1.624015e+00	-1.570794e+00	-1.525676e+00	-1.488428e+00	-1.458857e+00	-1.436812e+00	-1.422178e+00	-1.414880e+00	
-3.282134e+00	-3.078320e+00	-2.890384e+00	-2.717357e+00	-2.558346e+00	-2.412532e+00	-2.279163e+00	-2.157550e+00	-2.047066e+00	-1.947141e+00	-1.857260e+00	-1.776959e+00	-1.705824e+00	-1.643488e+00	-1.589629e+00	-1.543970e+00	-1.506276e+00	-1.476351e+00	-1.454041e+00	-1.439231e+00	-1.431845e+00	
-3.327150e+00	-3.120540e+00	-2.930026e+00	-2.754626e+00	-2.593435e+00	-2.445621e+00	-2.310422e+00	-2.187141e+00	-2.075142e+00	-1.973847e+00	-1.882733e+00	-1.801331e+00	-1.729220e+00	-1.666029e+00	-1.611432e+00	-1.565147e+00	-1.526935e+00	-1.496599e+00	-1.473983e+00	-1.458971e+00	-1.451483e+00	
-3.379050e+00	-3.169217e+00	-2.975731e+00	-2.797595e+00	-2.633889e+00	-2.483770e+00	-2.346462e+00	-2.221258e+00	-2.107512e+00	-2.004636e+00	-1.912101e+00	-1.829429e+00	-1.756194e+00	-1.692017e+00	-1.636568e+00	-1.589561e+00	-1.550753e+00	-1.519944e+00	-1.496976e+00	-1.481729e+00	-1.474125e+00	
-3.438665e+00	-3.225130e+00	-3.028231e+00	-2.846952e+00	-2.680358e+00	-2.527590e+00	-2.387860e+00	-2.260447e+00	-2.144694e+00	-2.040004e+00	-1.945836e+00	-1.861705e+00	-1.787178e+00	-1.721869e+00	-1.665442e+00	-1.617605e+00	-1.578112e+00	-1.546760e+00	-1.523386e+00	-1.507870e+00	-1.500132e+00	
-3.506915e+00	-3.289142e+00	-3.088335e+00	-2.903458e+00	-2.733558e+00	-2.577758e+00	-2.435254e+00	-2.305312e+00	-2.187262e+00	-2.080493e+00	-1.984457e+00	-1.898656e+00	-1.822649e+00	-1.756044e+00	-1.698497e+00	-1.649711e+00	-1.609435e+00	-1.577460e+00	-1.553622e+00	-1.537798e+00	-1.529907e+00	
-3.584828e+00	-3.362217e+00	-3.156948e+00	-2.967964e+00	-2.794289e+00	-2.635027e+00	-2.489358e+00	-2.356529e+00	-2.235856e+00	-2.126716e+00	-2.028545e+00	-1.940839e+00	-1.863143e+00	-1.795058e+00	-1.736232e+00	-1.686363e+00	-1.645191e+00	-1.612506e+00	-1.588139e+00	-1.571964e+00	-1.563897e+00	
-3.673566e+00	-3.445444e+00	-3.235094e+00	-3.041432e+00	-2.863458e+00	-2.700254e+00	-2.550979e+00	-2.414862e+00	-2.291201e+00	-2.179360e+00	-2.078759e+00	-1.988881e+00	-1.909263e+00	-1.839492e+00	-1.779211e+00	-1.728106e+00	-1.685916e+00	-1.652422e+00	-1.627451e+00	-1.610876e+00	-1.602609e+00	
-3.774459e+00	-3.540071e+00	-3.323944e+00	-3.124963e+00	-2.942101e+00	-2.774415e+00	-2.621040e+00	-2.481185e+00	-2.354128e+00	-2.239215e+00	-2.135851e+00	-2.043505e+00	-1.961700e+00	-1.890013e+00	-1.828076e+00	-1.775568e+00	-1.732219e+00	-1.697805e+00	-1.672148e+00	-1.655117e+00	-1.646624e+00	
-3.889050e+00	-3.647546e+00	-3.424858e+00	-3.219836e+00	-3.031422e+00	-2.858645e+00	-2.700614e+00	-2.556513e+00	-2.425599e+00	-2.307196e+00	-2.200695e+00	-2.105545e+00	-2.021256e+00	-1.947393e+00	-1.883575e+00	-1.829473e+00	-1.784808e+00	-1.749349e+00	-1.722914e+00	-1.705366e+00	-1.696615e+00	
-4.019154e+00	-3.769572e+00	-3.539434e+00	-3.327553e+00	-3.132836e+00	-2.954279e+00	-2.790961e+00	-2.642039e+00	-2.506745e+00	-2.384381e+00	-2.274317e+00	-2.175984e+00	-2.088875e+00	-2.012542e+00	-1.946589e+00	-1.890677e+00	-1.844517e+00	-1.807872e+00	-1.780553e+00	-1.762418e+00	-1.753373e+00	
-4.166939e+00	-3.908179e+00	-3.669579e+00	-3.449907e+00	-3.248030e+00	-3.062908e+00	-2.893584e+00	-2.739186e+00	-2.598918e+00	-2.472055e+00	-2.357944e+00	-2.255995e+00	-2.165683e+00	-2.086543e+00	-2.018165e+00	-1.960197e+00	-1.912340e+00	-1.874348e+00	-1.846024e+00	-1.827222e+00	-1.817845e+00	
-4.335025e+00	-4.065827e+00	-3.817602e+00	-3.589069e+00	-3.379049e+00	-3.186459e+00	-3.010306e+00	-2.849680e+00	-2.703753e+00	-2.571773e+00	-2.453059e+00	-2.346998e+00	-2.253043e+00	-2.170710e+00	-2.099574e+00	-2.039268e+00	-1.989480e+00	-1.949955e+00	-1.920489e+00	-1.900928e+00	-1.891173e+00	
-4.526636e+00	-4.245540e+00	-3.986343e+00	-3.747709e+00	-3.528406e+00	-3.327303e+00	-3.143363e+00	-2.975638e+00	-2.823261e+00	-2.685447e+00	-2.561485e+00	-2.450736e+00	-2.352629e+00	-2.266657e+00	-2.192376e+00	-2.129405e+00	-2.077417e+00	-2.036145e+00	-2.005376e+00	-1.984951e+00	-1.974764e+00	
-4.745798e+00	-4.451092e+00	-4.179346e+00	-3.929158e+00	-3.699237e+00	-3.488398e+00	-3.295553e+00	-3.119706e+00	-2.959952e+00	-2.815466e+00	-2.685502e+00	-2.569391e+00	-2.466534e+00	-2.376399e+00	-2.298522e+00	-2.232502e+00	-2.177997e+00	-2.134727e+00	-2.102468e+00	-2.081054e+00	-2.070375e+00	
-4.997624e+00	-4.687280e+00	-4.401115e+00	-4.137651e+00	-3.895530e+00	-3.673503e+00	-3.470424e+00	-3.285247e+00	-3.117016e+00	-2.964863e+00	-2.828003e+00	-2.705731e+00	-2.597415e+00	-2.502498e+00	-2.420489e+00	-2.350965e+00	-2.293568e+00	-2.248002e+00	-2.214031e+00	-2.191481e+00	-2.180235e+00	
-5.288728e+00	-4.960308e+00	-4.657473e+00	-4.378663e+00	-4.122439e+00	-3.887479e+00	-3.672572e+00	-3.476608e+00	-3.298578e+00	-3.137562e+00	-2.992730e+00	-2.863336e+00	-2.748711e+00	-2.648265e+00	-2.561479e+00	-2.487906e+00	-2.427165e+00	-2.378945e+00	-2.342995e+00	-2.319132e+00	-2.307231e+00	
-5.627839e+00	-5.278360e+00	-4.956108e+00	-4.659421e+00	-4.386768e+00	-4.136742e+00	-3.908055e+00	-3.699527e+00	-3.510081e+00	-3.338741e+00	-3.184623e+00	-3.046932e+00	-2.924957e+00	-2.818071e+00	-2.725720e+00	-2.647429e+00	-2.582794e+00	-2.531482e+00	-2.493227e+00	-2.467833e+00	-2.455169e+00	
-6.026735e+00	-5.652486e+00	-5.307393e+00	-4.989676e+00	-4.697698e+00	-4.429951e+00	-4.185055e+00	-3.961746e+00	-3.758872e+00	-3.575388e+00	-3.410346e+00	-3.262896e+00	-3.132276e+00	-3.017813e+00	-2.918916e+00	-2.835076e+00	-2.765860e+00	-2.710911e+00	-2.669945e+00	-2.642751e+00	-2.629189e+00	
-6.501727e+00	-6.097981e+00	-5.725690e+00	-5.382933e+00	-5.067942e+00	-4.779093e+00	-4.514896e+00	-4.273987e+00	-4.055124e+00	-3.857179e+00	-3.679129e+00	-3.520057e+00	-3.379143e+00	-3.255659e+00	-3.148968e+00	-3.058520e+00	-2.983849e+00	-2.924569e+00	-2.880374e+00	-2.851037e+00	-2.836406e+00	
-7.076083e+00	-6.636670e+00	-6.231491e+00	-5.858456e+00	-5.515639e+00	-5.201274e+00	-4.913737e+00	-4.651547e+00	-4.413350e+00	-4.197918e+00	-4.004140e+00	-3.831016e+00	-3.677653e+00	-3.543260e+00	-3.427145e+00	-3.328707e+00	-3.247439e+00	-3.182922e+00	-3.134823e+00	-3.102895e+00	-3.086972e+00	
-7.784211e+00	-7.300825e+00	-6.855099e+00	-6.444732e+00	-6.067609e+00	-5.721783e+00	-5.405472e+00	-5.117043e+00	-4.855009e+00	-4.618018e+00	-4.404848e+00	-4.214399e+00	-4.045689e+00	-3.897847e+00	-3.770111e+00	-3.661822e+00	-3.572421e+00	-3.501448e+00	-3.448536e+00	-3.413412e+00	-3.395896e+00	
-8.679248e+00	-8.140282e+00	-7.643305e+00	-7.185754e+00	-6.765269e+00	-6.379680e+00	-6.026999e+00	-5.705406e+00	-5.413244e+00	-5.149003e+00	-4.911322e+00	-4.698975e+00	-4.510866e+00	-4.346026e+00	-4.203602e+00	-4.082862e+00	-3.983182e+00	-3.904049e+00	-3.845053e+00	-3.805890e+00	-3.786359e+00	
-9.847839e+00	-9.236306e+00	-8.672415e+00	-8.153259e+00	-7.676158e+00	-7.238653e+00	-6.838486e+00	-6.473594e+00	-6.142093e+00	-5.842275e+00	-5.572593e+00	-5.331655e+00	-5.118218e+00	-4.931183e+00	-4.769584e+00	-4.632587e+00	-4.519486e+00	-4.429697e+00	-4.362758e+00	-4.318323e+00	-4.296162e+00	
-1.144154e+01	-1.073104e+01	-1.007589e+01	-9.472718e+00	-8.918407e+00	-8.410099e+00	-7.945173e+00	-7.521229e+00	-7.136081e+00	-6.787743e+00	-6.474417e+00	-6.194487e+00	-5.946510e+00	-5.729207e+00	-5.541456e+00	-5.382288e+00	-5.250884e+00	-5.146565e+00	-5.068792e+00	-5.017166e+00	-4.991419e+00	
-1.375165e+01	-1.289769e+01	-1.211027e+01	-1.138531e+01	-1.071908e+01	-1.010815e+01	-9.549347e+00	-9.039807e+00	-8.576896e+00	-8.158226e+00	-7.781638e+00	-7.445189e+00	-7.147144e+00	-6.885966e+00	-6.660306e+00	-6.469002e+00	-6.311067e+00	-6.185685e+00	-6.092210e+00	-6.030160e+00	-5.999215e+00	
-1.741874e+01	-1.633706e+01	-1.533966e+01	-1.442138e+01	-1.357749e+01	-1.280364e+01	-1.209583e+01	-1.145041e+01	-1.086406e+01	-1.033374e+01	-9.856732e+00	-9.430564e+00	-9.053041e+00	-8.722215e+00	-8.436380e+00	-8.194062e+00	-7.994010e+00	-7.835193e+00	-7.716792e+00	-7.638196e+00	-7.598998e+00	
-2.418044e+01	-2.267887e+01	-2.129429e+01	-2.001955e+01	-1.884808e+01	-1.777383e+01	-1.679125e+01	-1.589529e+01	-1.508133e+01	-1.434515e+01	-1.368297e+01	-1.309137e+01	-1.256730e+01	-1.210805e+01	-1.171126e+01	-1.137488e+01	-1.109717e+01	-1.087670e+01	-1.071234e+01	-1.060323e+01	-1.054882e+01	
-4.097989e+01	-3.843511e+01	-3.608858e+01	-3.392821e+01	-3.194285e+01	-3.012226e+01	-2.845704e+01	-2.693861e+01	-2.555914e+01	-2.431150e+01	-2.318927e+01	-2.218665e+01	-2.129848e+01	-2.052017e+01	-1.984770e+01	-1.927762e+01	-1.880697e+01	-1.843333e+01	-1.815478e+01	-1.796987e+01	-1.787765e+01	
-1.576355e+02	-1.478466e+02	-1.388203e+02	-1.305101e+02	-1.228731e+02	-1.158699e+02	-1.094644e+02	-1.036235e+02	-9.831718e+01	-9.351796e+01	-8.920112e+01	-8.534440e+01	-8.192790e+01	-7.893400e+01	-7.634727e+01	-7.415434e+01	-7.234392e+01	-7.090667e+01	-6.983516e+01	-6.912388e+01	-6.876916e+01	
7.637817e+01	7.163522e+01	6.726178e+01	6.323529e+01	5.953498e+01	5.614176e+01	5.303814e+01	5.020809e+01	4.763703e+01	4.531169e+01	4.322008e+01	4.135141e+01	3.969603e+01	3.824542e+01	3.699208e+01	3.592956e+01	3.505236e+01	3.435598e+01	3.383681e+01	3.349218e+01	3.332031e+01	
2.917511e+01	2.736339e+01	2.569281e+01	2.415477e+01	2.274131e+01	2.144516e+01	2.025963e+01	1.917861e+01	1.819651e+01	1.730827e+01	1.650931e+01	1.579551e+01	1.516318e+01	1.460908e+01	1.413032e+01	1.372446e+01	1.338939e+01	1.312338e+01	1.292507e+01	1.279342e+01	1.272777e+01	
1.732744e+01	1.625143e+01	1.525926e+01	1.434579e+01	1.350633e+01	1.273653e+01	1.203243e+01	1.139040e+01	1.080711e+01	1.027958e+01	9.805069e+00	9.381135e+00	9.005590e+00	8.676498e+00	8.392162e+00	8.151113e+00	7.952110e+00	7.794126e+00	7.676345e+00	7.598161e+00	7.559169e+00	
1.188856e+01	1.115030e+01	1.046956e+01	9.842819e+00	9.266851e+00	8.738684e+00	8.255593e+00	7.815085e+00	7.414890e+00	7.052942e+00	6.727374e+00	6.436508e+00	6.178842e+00	5.953048e+00	5.757962e+00	5.592576e+00	5.456037e+00	5.347642e+00	5.266831e+00	5.213188e+00	5.186435e+00	
8.732213e+00	8.189958e+00	7.689948e+00	7.229605e+00	6.806554e+00	6.418612e+00	6.063779e+00	5.740224e+00	5.446278e+00	5.180425e+00	4.941294e+00	4.727651e+00	4.538394e+00	4.372547e+00	4.229255e+00	4.107778e+00	4.007490e+00	3.927873e+00	3.868517e+00	3.829116e+00	3.809466e+00	
6.645231e+00	6.232574e+00	5.852066e+00	5.501744e+00	5.179801e+00	4.884576e+00	4.614548e+00	4.368321e+00	4.144628e+00	3.942314e+00	3.760334e+00	3.597751e+00	3.453727e+00	3.327517e+00	3.218471e+00	3.126027e+00	3.049708e+00	2.989119e+00	2.943949e+00	2.913965e+00	2.899011e+00	
5.142053e+00	4.822741e+00	4.528305e+00	4.257227e+00	4.008109e+00	3.779665e+00	3.570718e+00	3.380189e+00	3.207096e+00	3.050546e+00	2.909731e+00	2.783925e+00	2.672480e+00	2.574819e+00	2.490440e+00	2.418907e+00	2.359851e+00	2.312968e+00	2.278016e+00	2.254814e+00	2.243243e+00	
3.989985e+00	3.742214e+00	3.513746e+00	3.303403e+00	3.110099e+00	2.932838e+00	2.770705e+00	2.622864e+00	2.488552e+00	2.367077e+00	2.257811e+00	2.160192e+00	2.073715e+00	1.997935e+00	1.932461e+00	1.876955e+00	1.831131e+00	1.794752e+00	1.767630e+00	1.749627e+00	1.740648e+00	
3.063175e+00	2.872958e+00	2.697559e+00	2.536075e+00	2.387673e+00	2.251587e+00	2.127115e+00	2.013615e+00	1.910501e+00	1.817243e+00	1.733358e+00	1.658414e+00	1.592024e+00	1.533847e+00	1.483581e+00	1.440969e+00	1.405788e+00	1.377860e+00	1.357038e+00	1.343217e+00	1.336323e+00	
