-5.006268e-16	-4.959464e-16	-4.919183e-16	-4.883043e-16	-4.849766e-16	-4.818617e-16	-4.789105e-16	-4.760841e-16	-4.733456e-16	-4.706562e-16	-4.679729e-16	-4.652469e-16	-4.624217e-16	-4.594313e-16	-4.561977e-16	-4.526270e-16	-4.486048e-16	-4.439890e-16	-4.385997e-16	-4.322034e-16	-4.244890e-16	
-4.053834e-03	-3.848962e-03	-3.386300e-03	-2.693687e-03	-1.793621e-03	-7.037839e-04	5.625490e-04	1.996200e-03	3.591877e-03	5.348047e-03	7.266905e-03	9.354421e-03	1.162048e-02	1.407911e-02	1.674880e-02	1.965296e-02	2.282041e-02	2.628610e-02	3.009190e-02	3.428756e-02	3.893187e-02	
-8.113078e-03	-7.702923e-03	-6.777022e-03	-5.391069e-03	-3.590077e-03	-1.409419e-03	1.124344e-03	3.992853e-03	7.185517e-03	1.069927e-02	1.453851e-02	1.871517e-02	2.324903e-02	2.816816e-02	3.350955e-02	3.932002e-02	4.565725e-02	5.259116e-02	6.020549e-02	6.859979e-02	7.789171e-02	
-1.218316e-02	-1.156690e-02	-1.017660e-02	-8.095854e-03	-5.392212e-03	-2.118763e-03	1.684630e-03	5.990412e-03	1.078269e-02	1.605686e-02	2.181952e-02	2.808859e-02	3.489375e-02	4.227712e-02	5.029423e-02	5.901533e-02	6.852701e-02	7.893417e-02	9.036252e-02	1.029615e-01	1.169075e-01	
-1.626953e-02	-1.544593e-02	-1.358950e-02	-1.081177e-02	-7.202887e-03	-2.833685e-03	2.242645e-03	7.989334e-03	1.438518e-02	2.142403e-02	2.911469e-02	3.748108e-02	4.656279e-02	5.641603e-02	6.711490e-02	7.875313e-02	9.144626e-02	1.053343e-01	1.205849e-01	1.373975e-01	1.560076e-01	
-2.037771e-02	-1.934511e-02	-1.702022e-02	-1.354259e-02	-9.024992e-03	-3.556071e-03	2.797622e-03	9.990080e-03	1.799477e-02	2.680401e-02	3.642881e-02	4.689908e-02	5.826437e-02	7.059502e-02	8.398373e-02	9.854779e-02	1.144317e-01	1.318108e-01	1.508947e-01	1.719330e-01	1.952204e-01	
-2.451327e-02	-2.326961e-02	-2.047334e-02	-1.629212e-02	-1.086145e-02	-4.287833e-03	3.348781e-03	1.199312e-02	2.161329e-02	3.220008e-02	4.376670e-02	5.634911e-02	7.000682e-02	8.482433e-02	1.009130e-01	1.184138e-01	1.375004e-01	1.583832e-01	1.813143e-01	2.065935e-01	2.345747e-01	
-2.868189e-02	-2.722465e-02	-2.395347e-02	-1.906423e-02	-1.271523e-02	-5.030910e-03	3.895333e-03	1.399891e-02	2.524259e-02	3.761557e-02	5.113331e-02	6.583780e-02	8.179859e-02	9.911439e-02	1.179154e-01	1.383661e-01	1.606695e-01	1.850714e-01	2.118664e-01	2.414047e-01	2.740999e-01	
-3.288933e-02	-3.121558e-02	-2.746535e-02	-2.186287e-02	-1.458937e-02	-5.787280e-03	4.436472e-03	1.600796e-02	2.888454e-02	4.305387e-02	5.853364e-02	7.537191e-02	9.364830e-02	1.134758e-01	1.350034e-01	1.584195e-01	1.839564e-01	2.118956e-01	2.425742e-01	2.763931e-01	3.138258e-01	
-3.714150e-02	-3.524784e-02	-3.101378e-02	-2.469207e-02	-1.648695e-02	-6.558963e-03	4.971374e-03	1.802073e-02	3.254106e-02	4.851845e-02	6.597280e-02	8.495832e-02	1.055647e-01	1.279194e-01	1.521902e-01	1.785896e-01	2.073793e-01	2.388765e-01	2.734613e-01	3.115855e-01	3.537828e-01	
-4.144445e-02	-3.932703e-02	-3.460373e-02	-2.755596e-02	-1.841115e-02	-7.348031e-03	5.499194e-03	2.003775e-02	3.621413e-02	5.401284e-02	7.345605e-02	9.460411e-02	1.175569e-01	1.424563e-01	1.694891e-01	1.988920e-01	2.309562e-01	2.660352e-01	3.045519e-01	3.470095e-01	3.940021e-01	
-4.580438e-02	-4.345888e-02	-3.824026e-02	-3.045879e-02	-2.036522e-02	-8.156611e-03	6.019065e-03	2.205952e-02	3.990576e-02	5.954069e-02	8.098878e-02	1.043165e-01	1.296341e-01	1.570978e-01	1.869138e-01	2.193429e-01	2.547062e-01	2.933934e-01	3.358709e-01	3.826933e-01	4.345159e-01	
-5.022771e-02	-4.764932e-02	-4.192861e-02	-3.340493e-02	-2.235252e-02	-8.986900e-03	6.530090e-03	2.408658e-02	4.361803e-02	6.510577e-02	8.857653e-02	1.141031e-01	1.418058e-01	1.718558e-01	2.044785e-01	2.399590e-01	2.786487e-01	3.209736e-01	3.674440e-01	4.186663e-01	4.753572e-01	
-5.472105e-02	-5.190446e-02	-4.567420e-02	-3.639891e-02	-2.437652e-02	-9.841164e-03	7.031342e-03	2.611946e-02	4.735310e-02	7.071195e-02	9.622505e-02	1.239714e-01	1.540820e-01	1.867424e-01	2.221977e-01	2.607575e-01	3.028037e-01	3.487989e-01	3.992976e-01	4.549585e-01	5.165602e-01	
-5.929126e-02	-5.623065e-02	-4.948263e-02	-3.944542e-02	-2.644082e-02	-1.072176e-02	7.521861e-03	2.815875e-02	5.111319e-02	7.636324e-02	1.039403e-01	1.339297e-01	1.664728e-01	2.017702e-01	2.400865e-01	2.817563e-01	3.271920e-01	3.768934e-01	4.314592e-01	4.916011e-01	5.581602e-01	
-6.394548e-02	-6.063447e-02	-5.335973e-02	-4.254932e-02	-2.854915e-02	-1.163112e-02	8.000648e-03	3.020503e-02	5.490061e-02	8.206383e-02	1.117284e-01	1.439861e-01	1.789888e-01	2.169522e-01	2.581607e-01	3.029740e-01	3.518353e-01	4.052818e-01	4.639573e-01	5.286267e-01	6.001940e-01	
-6.869114e-02	-6.512279e-02	-5.731158e-02	-4.571570e-02	-3.070543e-02	-1.257181e-02	8.466660e-03	3.225890e-02	5.871778e-02	8.781806e-02	1.195958e-01	1.541493e-01	1.916411e-01	2.323021e-01	2.764367e-01	3.244298e-01	3.767560e-01	4.339903e-01	4.968217e-01	5.660690e-01	6.427000e-01	
-7.353599e-02	-6.970279e-02	-6.134453e-02	-4.894986e-02	-3.291371e-02	-1.354648e-02	8.918808e-03	3.432102e-02	6.256722e-02	9.363048e-02	1.275493e-01	1.644284e-01	2.044413e-01	2.478341e-01	2.949314e-01	3.461439e-01	4.019776e-01	4.630458e-01	5.300833e-01	6.039634e-01	6.857181e-01	
-7.848818e-02	-7.438198e-02	-6.546521e-02	-5.225736e-02	-3.517827e-02	-1.455792e-02	9.355948e-03	3.639204e-02	6.645154e-02	9.950584e-02	1.355958e-01	1.748329e-01	2.174014e-01	2.635630e-01	3.136629e-01	3.681375e-01	4.275248e-01	4.924769e-01	5.637748e-01	6.423468e-01	7.292903e-01	
-8.355624e-02	-7.916825e-02	-6.968061e-02	-5.564402e-02	-3.750357e-02	-1.560906e-02	9.776883e-03	3.847266e-02	7.037353e-02	1.054491e-01	1.437428e-01	1.853727e-01	2.305341e-01	2.795046e-01	3.326499e-01	3.904327e-01	4.534235e-01	5.223132e-01	5.979301e-01	6.812581e-01	7.734604e-01	
-8.874915e-02	-8.406990e-02	-7.399808e-02	-5.911601e-02	-3.989435e-02	-1.670298e-02	1.018035e-02	4.056362e-02	7.433607e-02	1.114656e-01	1.519981e-01	1.960582e-01	2.438528e-01	2.956752e-01	3.519121e-01	4.130530e-01	4.797007e-01	5.525863e-01	6.325852e-01	7.207381e-01	8.182749e-01	
-9.407641e-02	-8.909571e-02	-7.842536e-02	-6.267979e-02	-4.235556e-02	-1.784295e-02	1.056500e-02	4.266569e-02	7.834225e-02	1.175608e-01	1.603697e-01	2.069006e-01	2.573716e-01	3.120922e-01	3.714706e-01	4.360228e-01	5.063853e-01	5.833290e-01	6.677779e-01	7.608298e-01	8.637824e-01	
-9.954804e-02	-9.425493e-02	-8.297067e-02	-6.634222e-02	-4.489248e-02	-1.903240e-02	1.092944e-02	4.477970e-02	8.239530e-02	1.237406e-01	1.688664e-01	2.179115e-01	2.711054e-01	3.287740e-01	3.913472e-01	4.593683e-01	5.335075e-01	6.145766e-01	7.035483e-01	8.015789e-01	9.100347e-01	
-1.051747e-01	-9.955741e-02	-8.764269e-02	-7.011057e-02	-4.751068e-02	-2.027499e-02	1.127216e-02	4.690649e-02	8.649865e-02	1.300111e-01	1.774974e-01	2.291032e-01	2.850699e-01	3.457401e-01	4.115653e-01	4.831171e-01	5.610994e-01	6.463659e-01	7.399389e-01	8.430337e-01	9.570864e-01	
-1.109677e-01	-1.050136e-01	-9.245067e-02	-7.399257e-02	-5.021610e-02	-2.157459e-02	1.159156e-02	4.904700e-02	9.065595e-02	1.363790e-01	1.862724e-01	2.404890e-01	2.992820e-01	3.630110e-01	4.321499e-01	5.072984e-01	5.891953e-01	6.787365e-01	7.769947e-01	8.852454e-01	1.004996e+00	
-1.169390e-01	-1.106346e-01	-9.740446e-02	-7.799645e-02	-5.301506e-02	-2.293535e-02	1.188594e-02	5.120219e-02	9.487108e-02	1.428514e-01	1.952018e-01	2.520828e-01	3.137595e-01	3.806088e-01	4.531274e-01	5.319435e-01	6.178316e-01	7.117302e-01	8.147638e-01	9.282687e-01	1.053824e+00	
-1.231015e-01	-1.164323e-01	-1.025146e-01	-8.213100e-02	-5.591431e-02	-2.436169e-02	1.215349e-02	5.337310e-02	9.914819e-02	1.494356e-01	2.042968e-01	2.638995e-01	3.285215e-01	3.985570e-01	4.745259e-01	5.570857e-01	6.470470e-01	7.453920e-01	8.532974e-01	9.721620e-01	1.103639e+00	
-1.294691e-01	-1.224195e-01	-1.077922e-01	-8.640563e-02	-5.892107e-02	-2.585833e-02	1.239227e-02	5.556085e-02	1.034917e-01	1.561397e-01	2.135691e-01	2.759552e-01	3.435884e-01	4.168808e-01	4.963758e-01	5.827608e-01	6.768832e-01	7.797696e-01	8.926504e-01	1.016988e+00	1.154509e+00	
-1.360564e-01	-1.286097e-01	-1.132495e-01	-9.083044e-02	-6.204309e-02	-2.743035e-02	1.260017e-02	5.776662e-02	1.079064e-01	1.629723e-01	2.230315e-01	2.882670e-01	3.589821e-01	4.356070e-01	5.187094e-01	6.090070e-01	7.073847e-01	8.149147e-01	9.328817e-01	1.062813e+00	1.206512e+00	
-1.428794e-01	-1.350177e-01	-1.188995e-01	-9.541628e-02	-6.528872e-02	-2.908322e-02	1.277495e-02	5.999170e-02	1.123973e-01	1.699427e-01	2.326977e-01	3.008534e-01	3.747261e-01	4.547648e-01	5.415616e-01	6.358654e-01	7.385994e-01	8.508824e-01	9.740546e-01	1.109709e+00	1.259729e+00	
-1.499552e-01	-1.416594e-01	-1.247561e-01	-1.001749e-01	-6.866695e-02	-3.082281e-02	1.291419e-02	6.223745e-02	1.169701e-01	1.770607e-01	2.425824e-01	3.137342e-01	3.908458e-01	4.743853e-01	5.649700e-01	6.633805e-01	7.705792e-01	8.877323e-01	1.016237e+00	1.157755e+00	1.314247e+00	
-1.573022e-01	-1.485517e-01	-1.308344e-01	-1.051188e-01	-7.218749e-02	-3.265550e-02	1.301525e-02	6.450537e-02	1.216306e-01	1.843373e-01	2.527016e-01	3.269309e-01	4.073687e-01	4.945024e-01	5.889751e-01	6.916000e-01	8.033797e-01	9.255289e-01	1.059503e+00	1.207033e+00	1.370162e+00	
-1.649407e-01	-1.557132e-01	-1.371510e-01	-1.102619e-01	-7.586088e-02	-3.458818e-02	1.307530e-02	6.679705e-02	1.263852e-01	1.917840e-01	2.630726e-01	3.404669e-01	4.243243e-01	5.151526e-01	6.136209e-01	7.205760e-01	8.370614e-01	9.643419e-01	1.103933e+00	1.257635e+00	1.427577e+00	
-1.728923e-01	-1.631642e-01	-1.437235e-01	-1.156190e-01	-7.969855e-02	-3.662835e-02	1.309124e-02	6.911424e-02	1.312410e-01	1.994135e-01	2.737140e-01	3.543672e-01	4.417451e-01	5.363756e-01	6.389552e-01	7.503648e-01	8.716901e-01	1.004247e+00	1.149612e+00	1.309659e+00	1.486603e+00	
-1.811808e-01	-1.709264e-01	-1.505714e-01	-1.212063e-01	-8.371296e-02	-3.878417e-02	1.305970e-02	7.145884e-02	1.362056e-01	2.072396e-01	2.846464e-01	3.686596e-01	4.596660e-01	5.582148e-01	6.650301e-01	7.810279e-01	9.073373e-01	1.045327e+00	1.196636e+00	1.363213e+00	1.547362e+00	
-1.898321e-01	-1.790239e-01	-1.577158e-01	-1.270416e-01	-8.791773e-02	-4.106456e-02	1.297700e-02	7.383290e-02	1.412872e-01	2.152773e-01	2.958920e-01	3.833740e-01	4.781255e-01	5.807173e-01	6.919021e-01	8.126322e-01	9.440811e-01	1.087671e+00	1.245108e+00	1.418415e+00	1.609987e+00	
-1.988746e-01	-1.874829e-01	-1.651800e-01	-1.331442e-01	-9.232775e-02	-4.347928e-02	1.283911e-02	7.623869e-02	1.464951e-01	2.235431e-01	3.074751e-01	3.985433e-01	4.971655e-01	6.039349e-01	7.196336e-01	8.452511e-01	9.820070e-01	1.131379e+00	1.295139e+00	1.475392e+00	1.674624e+00	
-2.083394e-01	-1.963322e-01	-1.729895e-01	-1.395354e-01	-9.695940e-02	-4.603906e-02	1.264159e-02	7.867870e-02	1.518391e-01	2.320551e-01	3.194227e-01	4.142037e-01	5.168322e-01	6.279244e-01	7.482928e-01	8.789653e-01	1.021209e+00	1.176559e+00	1.346856e+00	1.534285e+00	1.741432e+00	
-2.182611e-01	-2.056035e-01	-1.811723e-01	-1.462388e-01	-1.018307e-01	-4.875573e-02	1.237955e-02	8.115563e-02	1.573304e-01	2.408333e-01	3.317641e-01	4.303949e-01	5.371763e-01	6.527483e-01	7.779549e-01	9.138635e-01	1.061790e+00	1.223330e+00	1.400393e+00	1.595251e+00	1.810587e+00	
-2.286774e-01	-2.153320e-01	-1.897595e-01	-1.532803e-01	-1.069616e-01	-5.164233e-02	1.204760e-02	8.367252e-02	1.629809e-01	2.498996e-01	3.445321e-01	4.471608e-01	5.582539e-01	6.784758e-01	8.087029e-01	9.500439e-01	1.103865e+00	1.271823e+00	1.455902e+00	1.658460e+00	1.882284e+00	
-2.396305e-01	-2.255564e-01	-1.987854e-01	-1.606886e-01	-1.123742e-01	-5.471337e-02	1.163974e-02	8.623269e-02	1.688043e-01	2.592785e-01	3.577627e-01	4.645503e-01	5.801272e-01	7.051835e-01	8.406291e-01	9.876152e-01	1.147561e+00	1.322185e+00	1.513550e+00	1.724103e+00	1.956739e+00	
-2.511672e-01	-2.363201e-01	-2.082883e-01	-1.684957e-01	-1.180931e-01	-5.798495e-02	1.114930e-02	8.883985e-02	1.748154e-01	2.689971e-01	3.714963e-01	4.826175e-01	6.028655e-01	7.329566e-01	8.738357e-01	1.026698e+00	1.193017e+00	1.374579e+00	1.573523e+00	1.792392e+00	2.034190e+00	
-2.633397e-01	-2.476713e-01	-2.183111e-01	-1.767375e-01	-1.241457e-01	-6.147508e-02	1.056884e-02	9.149814e-02	1.810311e-01	2.790856e-01	3.857775e-01	5.014229e-01	6.265458e-01	7.618902e-01	9.084373e-01	1.067428e+00	1.240393e+00	1.429186e+00	1.636029e+00	1.863562e+00	2.114907e+00	
-2.762068e-01	-2.596643e-01	-2.289014e-01	-1.854539e-01	-1.305628e-01	-6.520394e-02	9.889992e-03	9.421218e-02	1.874700e-01	2.895782e-01	4.006568e-01	5.210344e-01	6.512549e-01	7.920911e-01	9.445619e-01	1.109956e+00	1.289863e+00	1.486209e+00	1.701300e+00	1.937880e+00	2.199188e+00	
-2.898344e-01	-2.723599e-01	-2.401134e-01	-1.946900e-01	-1.373791e-01	-6.919422e-02	9.103362e-03	9.698718e-02	1.941532e-01	3.005128e-01	4.161908e-01	5.415282e-01	6.770902e-01	8.236792e-01	9.823539e-01	1.154453e+00	1.341627e+00	1.545877e+00	1.769599e+00	2.015642e+00	2.287372e+00	
-3.042969e-01	-2.858271e-01	-2.520079e-01	-2.044968e-01	-1.446336e-01	-7.347161e-02	8.198314e-03	9.982903e-02	2.011046e-01	3.119328e-01	4.324434e-01	5.629906e-01	7.041616e-01	8.567902e-01	1.021976e+00	1.201111e+00	1.395909e+00	1.608449e+00	1.841221e+00	2.097185e+00	2.379840e+00	
-3.196791e-01	-3.001440e-01	-2.646540e-01	-2.149321e-01	-1.523709e-01	-7.806525e-02	7.162773e-03	1.027444e-01	2.083511e-01	3.238872e-01	4.494872e-01	5.855194e-01	7.325941e-01	8.915779e-01	1.063614e+00	1.250148e+00	1.452962e+00	1.674218e+00	1.916503e+00	2.182893e+00	2.477026e+00	
-3.360775e-01	-3.153999e-01	-2.781308e-01	-2.260620e-01	-1.606417e-01	-8.300840e-02	5.982952e-03	1.057409e-01	2.159237e-01	3.364318e-01	4.674051e-01	6.092264e-01	7.625304e-01	9.282180e-01	1.107478e+00	1.301814e+00	1.513078e+00	1.743519e+00	1.995827e+00	2.273201e+00	2.579422e+00	
-3.536029e-01	-3.316971e-01	-2.925288e-01	-2.379622e-01	-1.695042e-01	-8.833921e-02	4.643037e-03	1.088272e-01	2.238577e-01	3.496308e-01	4.862920e-01	6.342397e-01	7.941338e-01	9.669120e-01	1.153811e+00	1.356394e+00	1.576590e+00	1.816737e+00	2.079634e+00	2.368609e+00	2.687597e+00	
-3.723831e-01	-3.491536e-01	-3.079523e-01	-2.507200e-01	-1.790254e-01	-9.410171e-02	3.124778e-03	1.120133e-01	2.321938e-01	3.635581e-01	5.062576e-01	6.607068e-01	8.275930e-01	1.007892e+00	1.202891e+00	1.414218e+00	1.643882e+00	1.894314e+00	2.168430e+00	2.469694e+00	2.802203e+00	
-3.925664e-01	-3.679066e-01	-3.245227e-01	-2.644368e-01	-1.892832e-01	-1.003470e-01	1.406992e-03	1.153110e-01	2.409794e-01	3.782994e-01	5.274288e-01	6.887993e-01	8.631268e-01	1.051428e+00	1.255043e+00	1.475670e+00	1.715399e+00	1.976764e+00	2.262804e+00	2.577127e+00	2.923999e+00	
-4.143260e-01	-3.881159e-01	-3.423814e-01	-2.792309e-01	-2.003687e-01	-1.071347e-01	-5.350759e-04	1.187338e-01	2.502697e-01	3.939551e-01	5.499543e-01	7.187173e-01	9.009907e-01	1.097834e+00	1.310646e+00	1.541195e+00	1.791661e+00	2.064688e+00	2.363442e+00	2.691687e+00	3.053871e+00	
-4.378657e-01	-4.099700e-01	-3.616951e-01	-2.952418e-01	-2.123889e-01	-1.145350e-01	-2.730557e-03	1.222977e-01	2.601298e-01	4.106430e-01	5.740086e-01	7.506963e-01	9.414852e-01	1.147481e+00	1.370144e+00	1.611319e+00	1.873283e+00	2.158793e+00	2.471155e+00	2.814297e+00	3.192861e+00	
-4.634271e-01	-4.336921e-01	-3.826613e-01	-3.126345e-01	-2.254707e-01	-1.226313e-01	-5.214006e-03	1.260216e-01	2.706367e-01	4.285027e-01	5.997987e-01	7.850155e-01	9.849668e-01	1.200809e+00	1.434065e+00	1.686666e+00	1.960988e+00	2.259915e+00	2.586899e+00	2.946045e+00	3.342204e+00	
-4.912992e-01	-4.595491e-01	-4.055161e-01	-3.316067e-01	-2.397659e-01	-1.315230e-01	-8.026755e-03	1.299282e-01	2.818824e-01	4.477013e-01	6.275723e-01	8.220086e-01	1.031862e+00	1.258341e+00	1.503041e+00	1.767980e+00	2.055646e+00	2.369055e+00	2.711820e+00	3.088236e+00	3.503378e+00	
-5.218309e-01	-4.878633e-01	-4.305447e-01	-3.523967e-01	-2.554578e-01	-1.413305e-01	-1.121872e-02	1.340446e-01	2.939781e-01	4.684406e-01	6.576282e-01	8.620787e-01	1.082684e+00	1.320711e+00	1.577832e+00	1.856161e+00	2.158305e+00	2.487423e+00	2.847303e+00	3.242444e+00	3.678165e+00	
-5.554477e-01	-5.190280e-01	-4.580948e-01	-3.752955e-01	-2.727698e-01	-1.522003e-01	-1.485079e-02	1.384043e-01	3.070594e-01	4.909663e-01	6.903307e-01	9.057169e-01	1.138061e+00	1.388694e+00	1.659369e+00	1.952306e+00	2.270242e+00	2.616493e+00	2.995034e+00	3.410588e+00	3.868740e+00	
-5.926747e-01	-5.535281e-01	-4.885956e-01	-4.006619e-01	-2.919779e-01	-1.643135e-01	-1.899813e-02	1.430482e-01	3.212935e-01	5.155819e-01	7.261294e-01	9.535298e-01	1.198768e+00	1.463241e+00	1.748797e+00	2.057768e+00	2.393033e+00	2.758082e+00	3.157094e+00	3.595037e+00	4.077785e+00	
-6.341681e-01	-5.919701e-01	-5.225836e-01	-4.289446e-01	-3.134268e-01	-1.778962e-01	-2.375474e-02	1.480275e-01	3.368894e-01	5.426664e-01	7.655863e-01	1.006275e+00	1.265770e+00	1.545546e+00	1.847548e+00	2.174238e+00	2.528651e+00	2.914464e+00	3.336084e+00	3.798751e+00	4.308655e+00	
-6.807604e-01	-6.351229e-01	-5.607389e-01	-4.607126e-01	-3.375538e-01	-1.932354e-01	-2.923983e-02	1.534071e-01	3.541120e-01	5.727007e-01	8.094139e-01	1.064913e+00	1.340295e+00	1.637118e+00	1.957440e+00	2.303862e+00	2.679593e+00	3.088520e+00	3.535304e+00	4.025482e+00	4.565601e+00	
-7.335246e-01	-6.839780e-01	-6.039387e-01	-4.966995e-01	-3.649226e-01	-2.107010e-01	-3.560715e-02	1.592706e-01	3.733029e-01	6.063045e-01	8.585306e-01	1.130682e+00	1.423923e+00	1.739907e+00	2.080814e+00	2.449404e+00	2.849081e+00	3.283967e+00	3.759006e+00	4.280070e+00	4.854104e+00	
-7.938707e-01	-7.398380e-01	-6.533353e-01	-5.378691e-01	-3.962741e-01	-2.307791e-01	-4.305879e-02	1.657279e-01	3.949105e-01	6.442917e-01	9.141429e-01	1.205210e+00	1.518733e+00	1.856471e+00	2.220746e+00	2.614497e+00	3.041346e+00	3.505685e+00	4.012775e+00	4.568871e+00	5.181365e+00	
-8.636915e-01	-8.044516e-01	-7.104758e-01	-5.855153e-01	-4.326027e-01	-2.541224e-01	-5.186608e-02	1.729262e-01	4.195371e-01	6.877552e-01	9.778705e-01	1.290681e+00	1.627512e+00	1.990246e+00	2.381367e+00	2.804016e+00	3.262071e+00	3.760227e+00	4.304112e+00	4.900418e+00	5.557051e+00	
-9.455938e-01	-8.802270e-01	-7.774906e-01	-6.414200e-01	-4.752779e-01	-2.816296e-01	-6.240279e-02	1.810683e-01	4.480115e-01	7.381993e-01	1.051943e+00	1.390102e+00	1.754100e+00	2.145963e+00	2.568361e+00	3.024676e+00	3.519076e+00	4.056613e+00	4.643342e+00	5.286459e+00	5.994472e+00	
-1.043276e+00	-9.705810e-01	-8.574023e-01	-7.081113e-01	-5.262429e-01	-3.145761e-01	-7.519937e-02	1.904414e-01	4.815097e-01	7.977584e-01	1.139525e+00	1.507739e+00	1.903943e+00	2.330331e+00	2.789796e+00	3.286000e+00	3.823458e+00	4.407643e+00	5.045113e+00	5.743663e+00	6.512508e+00	
-1.162176e+00	-1.080538e+00	-9.546560e-01	-7.893074e-01	-5.883553e-01	-3.548373e-01	-9.103604e-02	2.014681e-01	5.217604e-01	8.695707e-01	1.245267e+00	1.649865e+00	2.085050e+00	2.553219e+00	3.057534e+00	3.601995e+00	4.191536e+00	4.832137e+00	5.530965e+00	6.296538e+00	7.138925e+00	
-1.310652e+00	-1.217819e+00	-1.076082e+00	-8.907208e-01	-6.660060e-01	-4.052953e-01	-1.111119e-01	2.147970e-01	5.714199e-01	9.584576e-01	1.376317e+00	1.826119e+00	2.309727e+00	2.829788e+00	3.389798e+00	3.994177e+00	4.648378e+00	5.359010e+00	6.133993e+00	6.982741e+00	7.916383e+00	
-1.502267e+00	-1.394955e+00	-1.232765e+00	-1.021624e+00	-7.663219e-01	-4.706279e-01	-1.373735e-01	2.314803e-01	6.347980e-01	1.072243e+00	1.544272e+00	2.052141e+00	2.597942e+00	3.184643e+00	3.816166e+00	4.497470e+00	5.234672e+00	6.035189e+00	6.907905e+00	7.863384e+00	8.914110e+00	
-1.760647e+00	-1.633773e+00	-1.444016e+00	-1.198168e+00	-9.017174e-01	-5.589838e-01	-1.732120e-01	2.533505e-01	7.194019e-01	1.224556e+00	1.769335e+00	2.355178e+00	2.984479e+00	3.660640e+00	4.388153e+00	5.172699e+00	6.021287e+00	6.942412e+00	7.946253e+00	9.044913e+00	1.025270e+01	
-2.131043e+00	-1.976078e+00	-1.746818e+00	-1.451286e+00	-1.095970e+00	-6.859704e-01	-2.251234e-01	2.839155e-01	8.396073e-01	1.441495e+00	2.090194e+00	2.787404e+00	3.535952e+00	4.339856e+00	5.204420e+00	6.136357e+00	7.143945e+00	8.237217e+00	9.428199e+00	1.073119e+01	1.216308e+01	
-2.712639e+00	-2.513502e+00	-2.222233e+00	-1.848783e+00	-1.401195e+00	-8.857979e-01	-3.073471e-01	3.308627e-01	1.026922e+00	1.780263e+00	2.591646e+00	3.463179e+00	4.398364e+00	5.402184e+00	6.481212e+00	7.643771e+00	8.900121e+00	1.026271e+01	1.174643e+01	1.336902e+01	1.515143e+01	
-3.773641e+00	-3.493828e+00	-3.089466e+00	-2.574006e+00	-1.958325e+00	-1.250976e+00	-4.583909e-01	4.149759e-01	1.366541e+00	2.395535e+00	3.502984e+00	4.691733e+00	5.966516e+00	7.334064e+00	8.803260e+00	1.038535e+01	1.209421e+01	1.394664e+01	1.596279e+01	1.816663e+01	2.058646e+01	
-6.381156e+00	-5.902905e+00	-5.220658e+00	-4.356445e+00	-3.328081e+00	-2.149578e+00	-8.314711e-01	6.189395e-01	2.197420e+00	3.902705e+00	5.736472e+00	7.703376e+00	9.811165e+00	1.207086e+01	1.449700e+01	1.710799e+01	1.992656e+01	2.298022e+01	2.630197e+01	2.993103e+01	3.391376e+01	
-2.410662e+01	-2.227875e+01	-1.970770e+01	-1.647372e+01	-1.264172e+01	-8.262755e+00	-3.375218e+00	1.994287e+00	7.830319e+00	1.412825e+01	2.089418e+01	2.814504e+01	3.590903e+01	4.422626e+01	5.314970e+01	6.274639e+01	7.309901e+01	8.430783e+01	9.649298e+01	1.097973e+02	1.243897e+02	
1.187802e+01	1.096565e+01	9.702334e+00	8.125965e+00	6.267198e+00	4.150145e+00	1.792941e+00	-7.918426e-01	-3.596906e+00	-6.620055e+00	-9.864153e+00	-1.333719e+01	-1.705246e+01	-2.102890e+01	-2.529150e+01	-2.987189e+01	-3.480911e+01	-4.015048e+01	-4.595270e+01	-5.228321e+01	-5.922171e+01	
4.426531e+00	4.081449e+00	3.612178e+00	3.032129e+00	2.352149e+00	1.580773e+00	7.244215e-01	-2.124541e-01	-1.227267e+00	-2.319235e+00	-3.489368e+00	-4.740485e+00	-6.077287e+00	-7.506465e+00	-9.036854e+00	-1.067964e+01	-1.244863e+01	-1.436055e+01	-1.643546e+01	-1.869721e+01	-2.117399e+01	
2.542423e+00	2.340685e+00	2.072219e+00	1.744231e+00	1.362550e+00	9.317636e-01	4.553229e-01	-6.437761e-02	-6.259448e-01	-1.228956e+00	-1.873948e+00	-2.562432e+00	-3.296930e+00	-4.081029e+00	-4.919473e+00	-5.818266e+00	-6.784815e+00	-7.828104e+00	-8.958900e+00	-1.019001e+01	-1.153656e+01	
1.653923e+00	1.519713e+00	1.345965e+00	1.136948e+00	8.961188e-01	6.261950e-01	3.292237e-01	6.626078e-03	-3.407698e-01	-7.127100e-01	-1.109509e+00	-1.532059e+00	-1.981849e+00	-2.461000e+00	-2.972316e+00	-3.519349e+00	-4.106482e+00	-4.739030e+00	-5.423365e+00	-6.167065e+00	-6.979087e+00	
1.112563e+00	1.019442e+00	9.034238e-01	7.669810e-01	6.121148e-01	4.404014e-01	2.530281e-01	5.082014e-02	-1.657398e-01	-3.965013e-01	-6.416428e-01	-9.016761e-01	-1.177459e+00	-1.470214e+00	-1.781560e+00	-2.113547e+00	-2.468706e+00	-2.850108e+00	-3.261433e+00	-3.707061e+00	-4.192168e+00	
7.257725e-01	6.619651e-01	5.872090e-01	5.026867e-01	4.093558e-01	3.079718e-01	1.991047e-01	8.315233e-02	-3.965084e-02	-1.692285e-01	-3.056610e-01	-4.491876e-01	-6.002121e-01	-7.593126e-01	-9.272551e-01	-1.105012e+00	-1.293784e+00	-1.495030e+00	-1.710498e+00	-1.942271e+00	-2.192809e+00	
4.133352e-01	3.731715e-01	3.317585e-01	2.892310e-01	2.456999e-01	2.012543e-01	1.559633e-01	1.098777e-01	6.303073e-02	1.543856e-02	-3.289943e-02	-8.200094e-02	-1.319014e-01	-1.826550e-01	-2.343362e-01	-2.870416e-01	-3.408927e-01	-3.960384e-01	-4.526594e-01	-5.109717e-01	-5.712329e-01	
1.321548e-01	1.132434e-01	1.018479e-01	9.715658e-02	9.851482e-02	1.054097e-01	1.174577e-01	1.343962e-01	1.560764e-01	1.824605e-01	2.136200e-01	2.497374e-01	2.911105e-01	3.381585e-01	3.914324e-01	4.516269e-01	5.195964e-01	5.963753e-01	6.832008e-01	7.815425e-01	8.931355e-01	
-1.483480e-01	-1.460750e-01	-1.275177e-01	-9.443482e-02	-4.824660e-02	9.931755e-03	7.926419e-02	1.591743e-01	2.493316e-01	3.496442e-01	4.602558e-01	5.815496e-01	7.141565e-01	8.589699e-01	1.017166e+00	1.190232e+00	1.379999e+00	1.588684e+00	1.818944e+00	2.073935e+00	2.357385e+00	
-4.585644e-01	-4.328695e-01	-3.811818e-01	-3.063085e-01	-2.105178e-01	-9.559141e-02	3.713335e-02	1.867329e-01	3.526757e-01	5.348099e-01	7.333595e-01	9.489297e-01	1.182521e+00	1.435551e+00	1.709890e+00	2.007900e+00	2.332495e+00	2.687204e+00	3.076254e+00	3.504668e+00	3.978383e+00	
-8.409106e-01	-7.863425e-01	-6.938198e-01	-5.674414e-01	-4.105199e-01	-2.256588e-01	-1.481256e-02	2.206674e-01	4.800019e-01	7.629653e-01	1.069881e+00	1.401627e+00	1.759660e+00	2.146044e+00	2.563503e+00	3.015480e+00	3.506222e+00	4.040873e+00	4.625595e+00	5.267715e+00	5.975888e+00	
-1.373925e+00	-1.279086e+00	-1.129639e+00	-9.314820e-01	-6.893816e-01	-4.070846e-01	-8.740531e-02	2.677098e-01	6.571366e-01	1.080547e+00	1.538402e+00	2.031962e+00	2.563316e+00	3.135430e+00	3.752216e+00	4.418623e+00	5.140751e+00	5.925995e+00	6.783214e+00	7.722936e+00	8.757606e+00	
-2.245701e+00	-2.084956e+00	-1.842415e+00	-1.526912e+00	-1.145589e+00	-7.040583e-01	-2.065381e-01	3.440535e-01	9.460292e-01	1.598894e+00	2.303335e+00	3.061233e+00	3.875714e+00	4.751213e+00	5.693584e+00	6.710234e+00	7.810291e+00	9.004823e+00	1.030709e+01	1.173285e+01	1.330073e+01	
-4.088773e+00	-3.788609e+00	-3.349272e+00	-2.785791e+00	-2.110317e+00	-1.332405e+00	-4.592333e-01	5.042292e-01	1.555107e+00	2.692553e+00	3.917729e+00	5.233832e+00	6.646169e+00	8.162282e+00	9.792121e+00	1.154828e+01	1.344627e+01	1.550493e+01	1.774679e+01	2.019866e+01	2.289222e+01	
-1.135192e+01	-1.050211e+01	-9.287296e+00	-7.746900e+00	-5.912792e+00	-3.810033e+00	-1.457457e+00	1.131896e+00	3.950476e+00	6.996048e+00	1.027165e+01	1.378564e+01	1.755193e+01	2.159028e+01	2.592676e+01	3.059438e+01	3.563381e+01	4.109439e+01	4.703523e+01	5.352657e+01	6.065147e+01	
2.391212e+01	2.209279e+01	1.954264e+01	1.634059e+01	1.255045e+01	8.222419e+00	3.394209e+00	-1.908051e+00	-7.669224e+00	-1.388482e+01	-2.056087e+01	-2.771413e+01	-3.537240e+01	-4.357519e+01	-5.237470e+01	-6.183695e+01	-7.204337e+01	-8.309266e+01	-9.510312e+01	-1.082154e+02	-1.225956e+02	
6.467955e+00	5.968853e+00	5.281162e+00	4.425247e+00	3.417579e+00	2.271109e+00	9.955747e-01	-4.022779e-01	-1.918539e+00	-3.552043e+00	-5.304344e+00	-7.179755e+00	-9.185443e+00	-1.133160e+01	-1.363168e+01	-1.610272e+01	-1.876570e+01	-2.164611e+01	-2.477444e+01	-2.818696e+01	-3.192656e+01	
3.908893e+00	3.603394e+00	3.188946e+00	2.677315e+00	2.078015e+00	1.398531e+00	6.444891e-01	-1.802109e-01	-1.073308e+00	-2.034125e+00	-3.063558e+00	-4.164094e+00	-5.339869e+00	-6.596766e+00	-7.942554e+00	-9.387065e+00	-1.094242e+01	-1.262333e+01	-1.444741e+01	-1.643561e+01	-1.861267e+01	
2.865397e+00	2.638790e+00	2.335775e+00	1.964604e+00	1.531950e+00	1.043063e+00	5.018903e-01	-8.883257e-02	-7.275175e-01	-1.413688e+00	-2.147970e+00	-2.932105e+00	-3.768989e+00	-4.662748e+00	-5.618824e+00	-6.644110e+00	-7.747104e+00	-8.938113e+00	-1.022949e+01	-1.163591e+01	-1.317474e+01	
2.291063e+00	2.107838e+00	1.866166e+00	1.572361e+00	1.231526e+00	8.476773e-01	4.238363e-01	-3.790349e-02	-5.363261e-01	-1.071066e+00	-1.642599e+00	-2.252255e+00	-2.902249e+00	-3.595732e+00	-4.336865e+00	-5.130917e+00	-5.984386e+00	-6.905152e+00	-7.902657e+00	-8.988129e+00	-1.017484e+01	
1.923114e+00	1.767649e+00	1.565287e+00	1.321091e+00	1.039158e+00	7.227127e-01	3.741777e-01	-4.765059e-03	-4.131388e-01	-8.506485e-01	-1.317675e+00	-1.815283e+00	-2.345249e+00	-2.910098e+00	-3.513167e+00	-4.158681e+00	-4.851852e+00	-5.598999e+00	-6.407695e+00	-7.286945e+00	-8.247395e+00	
1.664393e+00	1.528422e+00	1.353706e+00	1.144431e+00	9.039805e-01	6.350182e-01	3.395475e-01	1.895812e-02	-3.259417e-01	-6.949073e-01	-1.088252e+00	-1.506853e+00	-1.952177e+00	-2.426308e+00	-2.932000e+00	-3.472743e+00	-4.052837e+00	-4.677502e+00	-5.352991e+00	-6.086740e+00	-6.887539e+00	
1.470565e+00	1.349175e+00	1.195178e+00	1.012097e+00	8.027784e-01	5.694655e-01	3.138447e-01	3.708636e-02	-2.601284e-01	-5.775924e-01	-9.155680e-01	-1.274793e+00	-1.656499e+00	-2.062438e+00	-2.494927e+00	-2.956900e+00	-3.451975e+00	-3.984541e+00	-4.559857e+00	-5.184180e+00	-5.864903e+00	
1.318463e+00	1.208497e+00	1.070764e+00	9.082639e-01	7.234224e-01	5.181490e-01	2.938806e-01	5.161445e-02	-2.080685e-01	-4.849907e-01	-7.793744e-01	-1.091847e+00	-1.423454e+00	-1.775689e+00	-2.150521e+00	-2.550446e+00	-2.978543e+00	-3.438548e+00	-3.934937e+00	-4.473033e+00	-5.059130e+00	
1.194769e+00	1.094076e+00	9.695744e-01	8.238352e-01	6.589390e-01	4.765234e-01	2.778210e-01	6.368805e-02	-1.653767e-01	-4.092201e-01	-6.680315e-01	-9.423472e-01	-1.233064e+00	-1.541458e+00	-1.869218e+00	-2.218482e+00	-2.591889e+00	-2.992638e+00	-3.424566e+00	-3.892234e+00	-4.401037e+00	
1.091256e+00	9.983097e-01	8.848842e-01	7.531911e-01	6.050201e-01	4.417803e-01	2.645325e-01	7.401372e-02	-1.293460e-01	-3.454141e-01	-5.743521e-01	-8.166203e-01	-1.072988e+00	-1.344553e+00	-1.632765e+00	-1.939461e+00	-2.266909e+00	-2.617858e+00	-2.995607e+00	-3.404077e+00	-3.847902e+00	
1.002547e+00	9.162280e-01	8.122979e-01	6.926589e-01	5.588503e-01	4.120841e-01	2.532733e-01	8.305217e-02	-9.820860e-02	-2.903939e-01	-4.936417e-01	-7.083465e-01	-9.351686e-01	-1.175050e+00	-1.429236e+00	-1.699304e+00	-1.987203e+00	-2.295295e+00	-2.626413e+00	-2.983927e+00	-3.371818e+00	
9.249638e-01	8.444301e-01	7.488073e-01	6.397250e-01	5.185024e-01	3.861782e-01	2.435352e-01	9.111769e-02	-7.075592e-02	-2.419860e-01	-4.226896e-01	-6.132034e-01	-8.140919e-01	-1.026160e+00	-1.250474e+00	-1.488383e+00	-1.741555e+00	-2.012011e+00	-2.302176e+00	-2.614934e+00	-2.953695e+00	
8.558858e-01	7.804950e-01	6.922711e-01	5.926002e-01	4.826043e-01	3.631674e-01	2.349557e-01	9.843290e-02	-4.612924e-02	-1.986450e-01	-3.592127e-01	-5.281174e-01	-7.058376e-01	-8.930566e-01	-1.090679e+00	-1.299850e+00	-1.521987e+00	-1.758805e+00	-2.012365e+00	-2.285116e+00	-2.579954e+00	
7.933832e-01	7.226387e-01	6.411114e-01	5.499657e-01	4.501446e-01	3.423915e-01	2.272668e-01	1.051608e-01	-2.369720e-02	-1.592340e-01	-3.015310e-01	-4.508262e-01	-6.075202e-01	-7.721853e-01	-9.455794e-01	-1.128664e+00	-1.322625e+00	-1.528903e+00	-1.749227e+00	-1.985650e+00	-2.240604e+00	
7.359869e-01	6.695038e-01	5.941272e-01	5.108178e-01	4.203536e-01	3.233480e-01	2.202639e-01	1.114242e-01	-2.980902e-03	-1.228899e-01	-2.483685e-01	-3.796115e-01	-5.169475e-01	-6.608466e-01	-8.119319e-01	-9.709936e-01	-1.139008e+00	-1.317161e+00	-1.506873e+00	-1.709836e+00	-1.928051e+00	
6.825438e-01	6.200245e-01	5.503761e-01	4.743688e-01	3.926264e-01	3.056413e-01	2.137854e-01	1.173183e-01	1.639383e-02	-8.893743e-02	-1.987266e-01	-3.131279e-01	-4.324030e-01	-5.569265e-01	-6.871955e-01	-8.238407e-01	-9.676420e-01	-1.119546e+00	-1.280689e+00	-1.452423e+00	-1.636347e+00	
6.321201e-01	5.733379e-01	5.090947e-01	4.399803e-01	3.664732e-01	2.889510e-01	2.076995e-01	1.229189e-01	3.472819e-02	-5.683210e-02	-1.517993e-01	-2.502896e-01	-3.525011e-01	-4.587181e-01	-5.693186e-01	-6.847829e-01	-8.057047e-01	-9.328057e-01	-1.066952e+00	-1.209174e+00	-1.360693e+00	
5.839339e-01	5.287217e-01	4.696439e-01	4.071182e-01	3.414834e-01	2.730079e-01	2.018950e-01	1.282878e-01	5.227229e-02	-2.612078e-02	-1.069156e-01	-1.901918e-01	-2.760867e-01	-3.647985e-01	-4.565913e-01	-5.518010e-01	-6.508439e-01	-7.542259e-01	-8.625550e-01	-9.765552e-01	-1.097084e+00	
5.373074e-01	4.855498e-01	4.314700e-01	3.753190e-01	3.173010e-01	2.575781e-01	1.962741e-01	1.334770e-01	6.924078e-02	3.586572e-03	-6.349698e-02	-1.320542e-01	-2.021638e-01	-2.739404e-01	-3.475379e-01	-4.231529e-01	-5.010297e-01	-5.814658e-01	-6.648194e-01	-7.515176e-01	-8.420664e-01	
4.916300e-01	4.432582e-01	3.940740e-01	3.441653e-01	2.936045e-01	2.424501e-01	1.907479e-01	1.385319e-01	8.582472e-02	3.263829e-02	-2.102632e-02	-7.517894e-02	-1.298407e-01	-1.850448e-01	-2.408373e-01	-2.972785e-01	-3.544444e-01	-4.124287e-01	-4.713453e-01	-5.313307e-01	-5.925479e-01	
4.463284e-01	4.013174e-01	3.569874e-01	3.132650e-01	2.700921e-01	2.274247e-01	1.852315e-01	1.434930e-01	1.022010e-01	6.135816e-02	2.097788e-02	-1.891552e-02	-5.828643e-02	-9.708729e-02	-1.352576e-01	-1.727229e-01	-2.093927e-01	-2.451593e-01	-2.798948e-01	-3.134486e-01	-3.456441e-01	
4.008407e-01	3.592087e-01	3.197513e-01	2.822336e-01	2.464672e-01	2.123055e-01	1.796401e-01	1.483982e-01	1.185404e-01	9.006022e-02	6.298339e-02	3.736834e-02	1.330744e-02	-9.071029e-03	-2.960006e-02	-4.807021e-02	-6.422491e-02	-7.775466e-02	-8.829000e-02	-9.539311e-02	-9.854782e-02	
3.545909e-01	3.164005e-01	2.818952e-01	2.506770e-01	2.224257e-01	1.968909e-01	1.738861e-01	1.532844e-01	1.350153e-01	1.190628e-01	1.054651e-01	9.431515e-02	8.576270e-02	8.001764e-02	7.735472e-02	7.811972e-02	8.273742e-02	9.172118e-02	1.056848e-01	1.253566e-01	1.515961e-01	
3.069628e-01	2.723240e-01	2.429159e-01	2.181736e-01	1.976418e-01	1.809639e-01	1.678738e-01	1.581892e-01	1.518074e-01	1.487030e-01	1.489268e-01	1.526071e-01	1.599522e-01	1.712557e-01	1.869023e-01	2.073774e-01	2.332779e-01	2.653256e-01	3.043843e-01	3.514795e-01	4.078219e-01	
2.572692e-01	2.263453e-01	2.022523e-01	1.842527e-01	1.717515e-01	1.642820e-01	1.614955e-01	1.631524e-01	1.691169e-01	1.793534e-01	1.939260e-01	2.129995e-01	2.368430e-01	2.658364e-01	3.004785e-01	3.413993e-01	3.893735e-01	4.453390e-01	5.104184e-01	5.859448e-01	6.734926e-01	
2.047137e-01	1.777294e-01	1.592542e-01	1.483692e-01	1.443328e-01	1.465633e-01	1.546251e-01	1.682185e-01	1.871729e-01	2.114424e-01	2.411047e-01	2.763628e-01	3.175495e-01	3.651353e-01	4.197388e-01	4.821410e-01	5.533035e-01	6.343907e-01	7.267963e-01	8.321759e-01	9.524855e-01	
1.483402e-01	1.255945e-01	1.131409e-01	1.098681e-01	1.148788e-01	1.274686e-01	1.471098e-01	1.734391e-01	2.062485e-01	2.454812e-01	2.912294e-01	3.437367e-01	4.034037e-01	4.707970e-01	5.466620e-01	6.319409e-01	7.277934e-01	8.356244e-01	9.571159e-01	1.094266e+00	1.249436e+00	
8.696240e-02	6.884626e-02	6.294411e-02	6.793705e-02	8.275986e-02	1.065762e-01	1.387591e-01	1.788762e-01	2.266798e-01	2.821009e-01	3.452475e-01	4.164069e-01	4.960526e-01	5.848547e-01	6.836957e-01	7.936908e-01	9.162138e-01	1.052928e+00	1.205827e+00	1.377278e+00	1.570078e+00	
1.906181e-02	6.084216e-03	7.424248e-03	2.153583e-02	4.717000e-02	8.334587e-02	1.293277e-01	1.846079e-01	2.488949e-01	3.221066e-01	4.043679e-01	4.960143e-01	5.975987e-01	7.099048e-01	8.339648e-01	9.710835e-01	1.122869e+00	1.291267e+00	1.478612e+00	1.687675e+00	1.921731e+00	
-5.736568e-02	-6.454002e-02	-5.505459e-02	-3.070840e-02	7.045028e-03	5.706383e-02	1.184912e-01	1.907357e-01	2.734569e-01	3.665579e-01	4.701829e-01	5.847204e-01	7.108122e-01	8.493680e-01	1.001587e+00	1.168985e+00	1.353429e+00	1.557184e+00	1.782959e+00	2.033976e+00	2.314043e+00	
-1.450503e-01	-1.455445e-01	-1.267210e-01	-9.066601e-02	-3.906515e-02	2.675706e-02	1.058065e-01	1.973962e-01	3.011305e-01	4.168960e-01	5.448582e-01	6.854660e-01	8.394619e-01	1.007899e+00	1.192164e+00	1.394015e+00	1.615612e+00	1.859579e+00	2.129054e+00	2.427770e+00	2.760137e+00	
-2.478406e-01	-2.404783e-01	-2.107163e-01	-1.609735e-01	-9.320476e-02	-8.946532e-03	9.064774e-02	2.047806e-01	3.329923e-01	4.751497e-01	6.314434e-01	8.023924e-01	9.888554e-01	1.192052e+00	1.413588e+00	1.655498e+00	1.920286e+00	2.210990e+00	2.531247e+00	2.885380e+00	3.278499e+00	
-3.713733e-01	-3.545399e-01	-3.116414e-01	-2.454925e-01	-1.583683e-01	-5.205724e-02	7.209779e-02	2.131679e-01	3.706167e-01	5.442880e-01	7.344022e-01	9.415611e-01	1.166762e+00	1.411422e+00	1.677408e+00	1.967084e+00	2.283361e+00	2.629771e+00	3.010542e+00	3.430701e+00	3.896190e+00	
-5.242849e-01	-4.956939e-01	-4.365456e-01	-3.501398e-01	-2.391442e-01	-1.056557e-01	4.875020e-02	2.229835e-01	4.164142e-01	6.288576e-01	8.605703e-01	1.112256e+00	1.385082e+00	1.680706e+00	2.001316e+00	2.349678e+00	2.729204e+00	3.144030e+00	3.599109e+00	4.100330e+00	4.654655e+00	
-7.205541e-01	-6.768315e-01	-5.968386e-01	-4.844923e-01	-3.429591e-01	-1.747288e-01	1.832764e-02	2.349152e-01	4.742846e-01	7.362150e-01	1.021009e+00	1.329499e+00	1.663069e+00	2.023685e+00	2.413938e+00	2.837110e+00	3.297248e+00	3.799255e+00	4.349007e+00	4.953491e+00	5.620960e+00	
-9.844383e-01	-9.203231e-01	-8.123201e-01	-6.651688e-01	-4.827012e-01	-2.679309e-01	-2.312280e-02	2.501547e-01	5.509931e-01	8.791232e-01	1.234909e+00	1.619356e+00	2.034134e+00	2.481619e+00	2.964945e+00	3.488078e+00	4.055910e+00	4.674370e+00	5.350564e+00	6.092937e+00	6.911474e+00	
-1.362116e+00	-1.268755e+00	-1.120682e+00	-9.238066e-01	-6.829061e-01	-4.017381e-01	-8.312738e-02	2.709689e-01	6.594163e-01	1.081877e+00	1.538801e+00	2.031439e+00	2.561870e+00	3.133051e+00	3.748886e+00	4.414313e+00	5.135426e+00	5.919610e+00	6.775716e+00	7.714268e+00	8.747702e+00	
-1.953775e+00	-1.814519e+00	-1.603700e+00	-1.329045e+00	-9.968052e-01	-6.118967e-01	-1.780161e-01	3.022744e-01	8.274880e-01	1.397179e+00	2.011934e+00	2.673384e+00	3.384245e+00	4.148377e+00	4.970882e+00	5.858215e+00	6.818338e+00	7.860904e+00	8.997482e+00	1.024183e+01	1.161020e+01	
-3.025376e+00	-2.802885e+00	-2.478455e+00	-2.063095e+00	-1.565709e+00	-9.933015e-01	-3.511409e-01	3.571199e-01	1.129359e+00	1.964937e+00	2.864684e+00	3.830917e+00	4.867498e+00	5.979921e+00	7.175442e+00	8.463249e+00	9.854672e+00	1.136345e+01	1.300606e+01	1.480207e+01	1.677464e+01	
-5.593875e+00	-5.171688e+00	-4.575009e+00	-3.822682e+00	-2.929949e+00	-1.908804e+00	-7.682690e-01	4.853966e-01	1.848554e+00	3.320102e+00	4.901449e+00	6.596555e+00	8.412017e+00	1.035723e+01	1.244459e+01	1.468982e+01	1.711229e+01	1.973552e+01	2.258765e+01	2.570220e+01	2.911874e+01	
-2.044629e+01	-1.886870e+01	-1.669795e+01	-1.399807e+01	-1.082091e+01	-7.207232e+00	-3.187733e+00	1.216294e+00	5.992454e+00	1.113697e+01	1.665461e+01	2.255878e+01	2.887188e+01	3.562579e+01	4.286264e+01	5.063578e+01	5.901102e+01	6.806820e+01	7.790301e+01	8.862921e+01	1.003813e+02	
1.555661e+01	1.433300e+01	1.268827e+01	1.066791e+01	8.308702e+00	5.639618e+00	2.682451e+00	-5.476650e-01	-4.041912e+00	-7.797589e+00	-1.181805e+01	-1.611280e+01	-2.069770e+01	-2.559535e+01	-3.083563e+01	-3.645636e+01	-4.250424e+01	-4.903589e+01	-5.611917e+01	-6.383481e+01	-7.227823e+01	
6.077377e+00	5.591120e+00	4.951030e+00	4.173719e+00	3.272632e+00	2.258349e+00	1.138839e+00	-8.036499e-02	-1.396034e+00	-2.807173e+00	-4.315000e+00	-5.922975e+00	-7.636879e+00	-9.464959e+00	-1.141811e+01	-1.351014e+01	-1.575809e+01	-1.818261e+01	-2.080849e+01	-2.366519e+01	-2.678754e+01	
3.927207e+00	3.608100e+00	3.195925e+00	2.700734e+00	2.130659e+00	1.492107e+00	7.898990e-01	2.738764e-02	-7.934697e-01	-1.672066e+00	-2.609131e+00	-3.606752e+00	-4.668420e+00	-5.799114e+00	-7.005419e+00	-8.295676e+00	-9.680182e+00	-1.117143e+01	-1.278439e+01	-1.453687e+01	-1.644993e+01	
2.970619e+00	2.725798e+00	2.415045e+00	2.045479e+00	1.622864e+00	1.151738e+00	6.355202e-01	7.658830e-02	-5.236676e-01	-1.164813e+00	-1.847362e+00	-2.572786e+00	-3.343553e+00	-4.163185e+00	-5.036339e+00	-5.968917e+00	-6.968206e+00	-8.043045e+00	-9.204031e+00	-1.046377e+01	-1.183717e+01	
2.426309e+00	2.223700e+00	1.970676e+00	1.672681e+00	1.334123e+00	9.584729e-01	5.483476e-01	1.055673e-01	-3.688021e-01	-8.744253e-01	-1.411691e+00	-1.981720e+00	-2.586395e+00	-3.228404e+00	-3.911302e+00	-4.639596e+00	-5.418850e+00	-6.255815e+00	-7.158586e+00	-8.136793e+00	-9.201822e+00	
2.072649e+00	1.897419e+00	1.681919e+00	1.430499e+00	1.146679e+00	8.332343e-01	4.922553e-01	1.251986e-01	-2.670820e-01	-6.843157e-01	-1.126809e+00	-1.595455e+00	-2.091752e+00	-2.617842e+00	-3.176560e+00	-3.771501e+00	-4.407102e+00	-5.088749e+00	-5.822901e+00	-6.617240e+00	-7.480852e+00	
1.822633e+00	1.666718e+00	1.477759e+00	1.259325e+00	1.014306e+00	7.449791e-01	4.530621e-01	1.397517e-01	-1.942489e-01	-5.487148e-01	-9.238947e-01	-1.320517e+00	-1.739809e+00	-2.183523e+00	-2.653981e+00	-3.154126e+00	-3.687596e+00	-4.258802e+00	-4.873038e+00	-5.536600e+00	-6.256934e+00	
1.635119e+00	1.493656e+00	1.324614e+00	1.130972e+00	9.151430e-01	6.790280e-01	4.240623e-01	1.512466e-01	-1.388302e-01	-4.459778e-01	-7.704007e-01	-1.112704e+00	-1.473907e+00	-1.855470e+00	-2.259325e+00	-2.687924e+00	-3.144298e+00	-3.632122e+00	-4.155808e+00	-4.720603e+00	-5.332715e+00	
1.488109e+00	1.357946e+00	1.204529e+00	1.030369e+00	8.375026e-01	6.275329e-01	4.016715e-01	1.607639e-01	-9.469103e-02	-3.645304e-01	-6.489238e-01	-9.483781e-01	-1.263750e+00	-1.596265e+00	-1.947549e+00	-2.319666e+00	-2.715164e+00	-3.137137e+00	-3.589299e+00	-4.076067e+00	-4.602667e+00	
1.368759e+00	1.247742e+00	1.107019e+00	9.487170e-01	7.745609e-01	5.859115e-01	3.837968e-01	1.689353e-01	-5.824824e-02	-2.976132e-01	-5.493006e-01	-8.137368e-01	-1.091644e+00	-1.384057e+00	-1.692351e+00	-2.018267e+00	-2.363962e+00	-2.732053e+00	-3.125679e+00	-3.548577e+00	-4.005168e+00	
1.269050e+00	1.155652e+00	1.025541e+00	8.805221e-01	7.220579e-01	5.513037e-01	3.691327e-01	1.761560e-01	-2.726398e-02	-2.410055e-01	-4.651851e-01	-7.001613e-01	-9.465428e-01	-1.205204e+00	-1.477305e+00	-1.764320e+00	-2.068071e+00	-2.390772e+00	-2.735079e+00	-3.104155e+00	-3.501740e+00	
1.183703e+00	1.076806e+00	9.557860e-01	8.221681e-01	6.771894e-01	5.218269e-01	3.568200e-01	1.826869e-01	-2.638402e-04	-1.919267e-01	-3.923973e-01	-6.019751e-01	-8.211708e-01	-1.050719e+00	-1.291596e+00	-1.545042e+00	-1.812591e+00	-2.096108e+00	-2.397832e+00	-2.720425e+00	-3.067043e+00	
1.109087e+00	1.007855e+00	8.947887e-01	7.711668e-01	6.380260e-01	4.961861e-01	3.462682e-01	1.887084e-01	2.376782e-02	-1.484625e-01	-3.280593e-01	-5.152702e-01	-7.105190e-01	-9.144170e-01	-1.127777e+00	-1.351633e+00	-1.587266e+00	-1.836230e+00	-2.100395e+00	-2.381984e+00	-2.683632e+00	
1.042604e+00	9.464033e-01	8.404299e-01	7.257393e-01	6.031885e-01	4.734558e-01	3.370556e-01	1.943504e-01	4.555825e-02	-1.092425e-01	-2.701119e-01	-4.372503e-01	-6.110037e-01	-7.918719e-01	-9.805211e-01	-1.177799e+00	-1.384757e+00	-1.602673e+00	-1.833081e+00	-2.077811e+00	-2.339026e+00	
9.823343e-01	8.906801e-01	7.911414e-01	6.845696e-01	5.716569e-01	4.529517e-01	3.288711e-01	1.997099e-01	6.564695e-02	-7.325114e-02	-2.170289e-01	-3.658438e-01	-5.199698e-01	-6.798052e-01	-8.458814e-01	-1.018876e+00	-1.199630e+00	-1.389166e+00	-1.588715e+00	-1.799741e+00	-2.023981e+00	
9.268075e-01	8.393297e-01	7.457236e-01	6.466512e-01	5.426510e-01	4.341509e-01	3.214774e-01	2.048622e-01	8.444795e-02	-3.970975e-02	-1.676410e-01	-2.994630e-01	-4.353834e-01	-5.757052e-01	-7.208348e-01	-8.712916e-01	-1.027720e+00	-1.190907e+00	-1.361798e+00	-1.541521e+00	-1.731413e+00	
8.748624e-01	7.912808e-01	7.032286e-01	6.111885e-01	5.155545e-01	4.166407e-01	3.146877e-01	2.098681e-01	1.022902e-01	-8.000763e-03	-1.210211e-01	-2.368503e-01	-3.556327e-01	-4.775821e-01	-6.029864e-01	-7.322153e-01	-8.657293e-01	-1.004091e+00	-1.147977e+00	-1.298197e+00	-1.455713e+00	
8.255488e-01	7.456570e-01	6.628805e-01	5.775309e-01	4.898636e-01	4.000837e-01	3.083500e-01	2.147785e-01	1.194444e-01	2.238341e-02	-7.640791e-02	-1.769726e-01	-2.793948e-01	-3.838025e-01	-4.903704e-01	-5.993250e-01	-7.109500e-01	-8.255937e-01	-9.436769e-01	-1.065704e+00	-1.192274e+00	
7.780594e-01	7.017135e-01	6.240205e-01	5.451257e-01	4.651505e-01	3.841943e-01	3.023365e-01	2.196382e-01	1.361428e-01	5.187645e-02	-3.315146e-02	-1.189488e-01	-2.055412e-01	-2.929735e-01	-3.813106e-01	-4.706400e-01	-5.610744e-01	-6.527540e-01	-7.458510e-01	-8.405739e-01	-9.371726e-01	
7.316799e-01	6.587913e-01	5.860652e-01	5.134839e-01	4.410369e-01	3.687201e-01	2.965349e-01	2.244884e-01	1.525927e-01	8.086497e-02	9.326906e-03	-6.199469e-02	-1.330681e-01	-2.038561e-01	-2.743162e-01	-3.443993e-01	-4.140497e-01	-4.832037e-01	-5.517893e-01	-6.197243e-01	-6.869150e-01	
