-4.524307e-16	-4.495077e-16	-4.467183e-16	-4.441724e-16	-4.418915e-16	-4.398587e-16	-4.380428e-16	-4.364103e-16	-4.349307e-16	-4.335783e-16	-4.323332e-16	-4.311824e-16	-4.301199e-16	-4.291498e-16	-4.282885e-16	-4.275708e-16	-4.270593e-16	-4.268587e-16	-4.271411e-16	-4.281878e-16	-4.304594e-16	
-3.893187e-02	-3.428756e-02	-3.009190e-02	-2.628610e-02	-2.282041e-02	-1.965296e-02	-1.674880e-02	-1.407910e-02	-1.162048e-02	-9.354416e-03	-7.266899e-03	-5.348040e-03	-3.591868e-03	-1.996189e-03	-5.625353e-04	7.038004e-04	1.793641e-03	2.693710e-03	3.386328e-03	3.848995e-03	4.053874e-03	
-7.789171e-02	-6.859979e-02	-6.020549e-02	-5.259116e-02	-4.565725e-02	-3.932002e-02	-3.350955e-02	-2.816815e-02	-2.324902e-02	-1.871516e-02	-1.453850e-02	-1.069926e-02	-7.185499e-03	-3.992830e-03	-1.124317e-03	1.409452e-03	3.590116e-03	5.391116e-03	6.777078e-03	7.702989e-03	8.113156e-03	
-1.169076e-01	-1.029615e-01	-9.036253e-02	-7.893417e-02	-6.852701e-02	-5.901533e-02	-5.029423e-02	-4.227711e-02	-3.489374e-02	-2.808858e-02	-2.181951e-02	-1.605684e-02	-1.078266e-02	-5.990378e-03	-1.684589e-03	2.118813e-03	5.392271e-03	8.095925e-03	1.017668e-02	1.156700e-02	1.218327e-02	
-1.560076e-01	-1.373975e-01	-1.205849e-01	-1.053343e-01	-9.144626e-02	-7.875313e-02	-6.711489e-02	-5.641602e-02	-4.656278e-02	-3.748106e-02	-2.911467e-02	-2.142400e-02	-1.438514e-02	-7.989289e-03	-2.242591e-03	2.833751e-03	7.202966e-03	1.081187e-02	1.358961e-02	1.544606e-02	1.626968e-02	
-1.952204e-01	-1.719330e-01	-1.508947e-01	-1.318108e-01	-1.144317e-01	-9.854779e-02	-8.398372e-02	-7.059500e-02	-5.826436e-02	-4.689905e-02	-3.642878e-02	-2.680398e-02	-1.799472e-02	-9.990024e-03	-2.797553e-03	3.556154e-03	9.025090e-03	1.354271e-02	1.702036e-02	1.934528e-02	2.037790e-02	
-2.345748e-01	-2.065935e-01	-1.813143e-01	-1.583832e-01	-1.375004e-01	-1.184138e-01	-1.009130e-01	-8.482432e-02	-7.000680e-02	-5.634908e-02	-4.376667e-02	-3.220004e-02	-2.161324e-02	-1.199305e-02	-3.348699e-03	4.287932e-03	1.086157e-02	1.629226e-02	2.047351e-02	2.326981e-02	2.451350e-02	
-2.740999e-01	-2.414047e-01	-2.118664e-01	-1.850714e-01	-1.606695e-01	-1.383661e-01	-1.179153e-01	-9.911438e-02	-8.179857e-02	-6.583777e-02	-5.113327e-02	-3.761552e-02	-2.524252e-02	-1.399884e-02	-3.895237e-03	5.031025e-03	1.271537e-02	1.906439e-02	2.395367e-02	2.722488e-02	2.868216e-02	
-3.138258e-01	-2.763931e-01	-2.425742e-01	-2.118956e-01	-1.839564e-01	-1.584195e-01	-1.350034e-01	-1.134758e-01	-9.364827e-02	-7.537187e-02	-5.853359e-02	-4.305382e-02	-2.888446e-02	-1.600787e-02	-4.436363e-03	5.787412e-03	1.458953e-02	2.186306e-02	2.746557e-02	3.121584e-02	3.288964e-02	
-3.537828e-01	-3.115855e-01	-2.734613e-01	-2.388765e-01	-2.073793e-01	-1.785896e-01	-1.521902e-01	-1.279194e-01	-1.055647e-01	-8.495828e-02	-6.597275e-02	-4.851838e-02	-3.254098e-02	-1.802063e-02	-4.971251e-03	6.559111e-03	1.648713e-02	2.469228e-02	3.101404e-02	3.524814e-02	3.714186e-02	
-3.940021e-01	-3.470095e-01	-3.045519e-01	-2.660352e-01	-2.309562e-01	-1.988920e-01	-1.694891e-01	-1.424562e-01	-1.175569e-01	-9.460406e-02	-7.345599e-02	-5.401276e-02	-3.621404e-02	-2.003764e-02	-5.499058e-03	7.348195e-03	1.841135e-02	2.755620e-02	3.460401e-02	3.932736e-02	4.144484e-02	
-4.345159e-01	-3.826933e-01	-3.358709e-01	-2.933934e-01	-2.547062e-01	-2.193429e-01	-1.869138e-01	-1.570978e-01	-1.296341e-01	-1.043165e-01	-8.098871e-02	-5.954061e-02	-3.990566e-02	-2.205940e-02	-6.018914e-03	8.156793e-03	2.036543e-02	3.045905e-02	3.824057e-02	4.345924e-02	4.580481e-02	
-4.753572e-01	-4.186663e-01	-3.674440e-01	-3.209736e-01	-2.786487e-01	-2.399590e-01	-2.044785e-01	-1.718558e-01	-1.418058e-01	-1.141030e-01	-8.857646e-02	-6.510568e-02	-4.361792e-02	-2.408644e-02	-6.529925e-03	8.987097e-03	2.235275e-02	3.340521e-02	4.192895e-02	4.764972e-02	5.022818e-02	
-5.165602e-01	-4.549585e-01	-3.992976e-01	-3.487989e-01	-3.028037e-01	-2.607575e-01	-2.221977e-01	-1.867424e-01	-1.540819e-01	-1.239714e-01	-9.622497e-02	-7.071185e-02	-4.735298e-02	-2.611932e-02	-7.031164e-03	9.841378e-03	2.437677e-02	3.639922e-02	4.567457e-02	5.190489e-02	5.472156e-02	
-5.581602e-01	-4.916011e-01	-4.314592e-01	-3.768934e-01	-3.271920e-01	-2.817563e-01	-2.400865e-01	-2.017702e-01	-1.664727e-01	-1.339296e-01	-1.039402e-01	-7.636314e-02	-5.111306e-02	-2.815859e-02	-7.521670e-03	1.072199e-02	2.644109e-02	3.944575e-02	4.948302e-02	5.623111e-02	5.929181e-02	
-6.001940e-01	-5.286267e-01	-4.639573e-01	-4.052818e-01	-3.518352e-01	-3.029739e-01	-2.581607e-01	-2.169522e-01	-1.789887e-01	-1.439860e-01	-1.117283e-01	-8.206372e-02	-5.490047e-02	-3.020486e-02	-8.000443e-03	1.163137e-02	2.854945e-02	4.254967e-02	5.336016e-02	6.063496e-02	6.394607e-02	
-6.427000e-01	-5.660690e-01	-4.968217e-01	-4.339903e-01	-3.767559e-01	-3.244297e-01	-2.764366e-01	-2.323021e-01	-1.916410e-01	-1.541492e-01	-1.195957e-01	-8.781795e-02	-5.871764e-02	-3.225872e-02	-8.466441e-03	1.257207e-02	3.070575e-02	4.571607e-02	5.731203e-02	6.512332e-02	6.869176e-02	
-6.857181e-01	-6.039634e-01	-5.300833e-01	-4.630458e-01	-4.019776e-01	-3.461439e-01	-2.949314e-01	-2.478340e-01	-2.044412e-01	-1.644283e-01	-1.275492e-01	-9.363036e-02	-6.256706e-02	-3.432083e-02	-8.918575e-03	1.354676e-02	3.291405e-02	4.895026e-02	6.134500e-02	6.970335e-02	7.353666e-02	
-7.292903e-01	-6.423469e-01	-5.637748e-01	-4.924769e-01	-4.275248e-01	-3.681375e-01	-3.136629e-01	-2.635630e-01	-2.174013e-01	-1.748328e-01	-1.355957e-01	-9.950571e-02	-6.645138e-02	-3.639183e-02	-9.355702e-03	1.455821e-02	3.517862e-02	5.225778e-02	6.546571e-02	7.438257e-02	7.848888e-02	
-7.734604e-01	-6.812581e-01	-5.979301e-01	-5.223132e-01	-4.534235e-01	-3.904327e-01	-3.326498e-01	-2.795045e-01	-2.305340e-01	-1.853726e-01	-1.437427e-01	-1.054490e-01	-7.037335e-02	-3.847244e-02	-9.776622e-03	1.560937e-02	3.750395e-02	5.564447e-02	6.968114e-02	7.916888e-02	8.355698e-02	
-8.182749e-01	-7.207381e-01	-6.325852e-01	-5.525863e-01	-4.797007e-01	-4.130529e-01	-3.519121e-01	-2.956751e-01	-2.438528e-01	-1.960581e-01	-1.519979e-01	-1.114655e-01	-7.433589e-02	-4.056339e-02	-1.018007e-02	1.670331e-02	3.989474e-02	5.911648e-02	7.399864e-02	8.407056e-02	8.874993e-02	
-8.637824e-01	-7.608298e-01	-6.677779e-01	-5.833290e-01	-5.063853e-01	-4.360228e-01	-3.714705e-01	-3.120922e-01	-2.573715e-01	-2.069005e-01	-1.603696e-01	-1.175606e-01	-7.834206e-02	-4.266546e-02	-1.056471e-02	1.784330e-02	4.235597e-02	6.268028e-02	7.842595e-02	8.909640e-02	9.407723e-02	
-9.100347e-01	-8.015789e-01	-7.035483e-01	-6.145765e-01	-5.335074e-01	-4.593683e-01	-3.913471e-01	-3.287740e-01	-2.711053e-01	-2.179114e-01	-1.688663e-01	-1.237404e-01	-8.239509e-02	-4.477945e-02	-1.092914e-02	1.903276e-02	4.489291e-02	6.634274e-02	8.297129e-02	9.425566e-02	9.954890e-02	
-9.570864e-01	-8.430337e-01	-7.399389e-01	-6.463659e-01	-5.610994e-01	-4.831170e-01	-4.115653e-01	-3.457400e-01	-2.850699e-01	-2.291031e-01	-1.774973e-01	-1.300109e-01	-8.649843e-02	-4.690623e-02	-1.127184e-02	2.027537e-02	4.751113e-02	7.011111e-02	8.764334e-02	9.955817e-02	1.051756e-01	
-1.004996e+00	-8.852454e-01	-7.769947e-01	-6.787364e-01	-5.891953e-01	-5.072983e-01	-4.321499e-01	-3.630109e-01	-2.992819e-01	-2.404889e-01	-1.862723e-01	-1.363789e-01	-9.065572e-02	-4.904673e-02	-1.159123e-02	2.157499e-02	5.021657e-02	7.399314e-02	9.245134e-02	1.050144e-01	1.109686e-01	
-1.053824e+00	-9.282687e-01	-8.147638e-01	-7.117302e-01	-6.178316e-01	-5.319434e-01	-4.531273e-01	-3.806087e-01	-3.137594e-01	-2.520826e-01	-1.952017e-01	-1.428512e-01	-9.487085e-02	-5.120190e-02	-1.188560e-02	2.293577e-02	5.301555e-02	7.799704e-02	9.740515e-02	1.106354e-01	1.169400e-01	
-1.103639e+00	-9.721620e-01	-8.532974e-01	-7.453919e-01	-6.470470e-01	-5.570857e-01	-4.745259e-01	-3.985570e-01	-3.285214e-01	-2.638994e-01	-2.042966e-01	-1.494354e-01	-9.914795e-02	-5.337281e-02	-1.215314e-02	2.436212e-02	5.591482e-02	8.213161e-02	1.025153e-01	1.164332e-01	1.231026e-01	
-1.154509e+00	-1.016988e+00	-8.926504e-01	-7.797696e-01	-6.768831e-01	-5.827608e-01	-4.963757e-01	-4.168807e-01	-3.435883e-01	-2.759551e-01	-2.135689e-01	-1.561395e-01	-1.034915e-01	-5.556054e-02	-1.239190e-02	2.585878e-02	5.892160e-02	8.640627e-02	1.077930e-01	1.224204e-01	1.294701e-01	
-1.206512e+00	-1.062813e+00	-9.328817e-01	-8.149147e-01	-7.073846e-01	-6.090070e-01	-5.187093e-01	-4.356069e-01	-3.589820e-01	-2.882669e-01	-2.230313e-01	-1.629721e-01	-1.079061e-01	-5.776631e-02	-1.259978e-02	2.743081e-02	6.204364e-02	9.083110e-02	1.132503e-01	1.286106e-01	1.360575e-01	
-1.259729e+00	-1.109709e+00	-9.740546e-01	-8.508823e-01	-7.385994e-01	-6.358654e-01	-5.415615e-01	-4.547647e-01	-3.747260e-01	-3.008532e-01	-2.326975e-01	-1.699424e-01	-1.123971e-01	-5.999137e-02	-1.277455e-02	2.908369e-02	6.528930e-02	9.541696e-02	1.189003e-01	1.350187e-01	1.428805e-01	
-1.314247e+00	-1.157755e+00	-1.016237e+00	-8.877323e-01	-7.705791e-01	-6.633804e-01	-5.649699e-01	-4.743852e-01	-3.908457e-01	-3.137340e-01	-2.425822e-01	-1.770605e-01	-1.169698e-01	-6.223711e-02	-1.291378e-02	3.082330e-02	6.866754e-02	1.001756e-01	1.247569e-01	1.416603e-01	1.499563e-01	
-1.370162e+00	-1.207033e+00	-1.059503e+00	-9.255289e-01	-8.033796e-01	-6.916000e-01	-5.889750e-01	-4.945023e-01	-4.073685e-01	-3.269308e-01	-2.527014e-01	-1.843371e-01	-1.216303e-01	-6.450502e-02	-1.301483e-02	3.265601e-02	7.218810e-02	1.051196e-01	1.308353e-01	1.485527e-01	1.573034e-01	
-1.427577e+00	-1.257635e+00	-1.103933e+00	-9.643419e-01	-8.370614e-01	-7.205759e-01	-6.136208e-01	-5.151525e-01	-4.243242e-01	-3.404667e-01	-2.630724e-01	-1.917837e-01	-1.263849e-01	-6.679669e-02	-1.307486e-02	3.458871e-02	7.586151e-02	1.102627e-01	1.371519e-01	1.557143e-01	1.649419e-01	
-1.486603e+00	-1.309659e+00	-1.149612e+00	-1.004247e+00	-8.716901e-01	-7.503648e-01	-6.389552e-01	-5.363755e-01	-4.417449e-01	-3.543671e-01	-2.737138e-01	-1.994132e-01	-1.312407e-01	-6.911387e-02	-1.309079e-02	3.662889e-02	7.969920e-02	1.156198e-01	1.437244e-01	1.631652e-01	1.728935e-01	
-1.547362e+00	-1.363213e+00	-1.196636e+00	-1.045327e+00	-9.073373e-01	-7.810278e-01	-6.650300e-01	-5.582147e-01	-4.596659e-01	-3.686594e-01	-2.846462e-01	-2.072393e-01	-1.362052e-01	-7.145845e-02	-1.305924e-02	3.878473e-02	8.371363e-02	1.212071e-01	1.505723e-01	1.709275e-01	1.811821e-01	
-1.609987e+00	-1.418415e+00	-1.245107e+00	-1.087671e+00	-9.440811e-01	-8.126321e-01	-6.919020e-01	-5.807172e-01	-4.781254e-01	-3.833738e-01	-2.958917e-01	-2.152770e-01	-1.412869e-01	-7.383251e-02	-1.297653e-02	4.106513e-02	8.791841e-02	1.270424e-01	1.577168e-01	1.790251e-01	1.898334e-01	
-1.674624e+00	-1.475392e+00	-1.295139e+00	-1.131379e+00	-9.820069e-01	-8.452510e-01	-7.196335e-01	-6.039348e-01	-4.971654e-01	-3.985431e-01	-3.074749e-01	-2.235428e-01	-1.464948e-01	-7.623829e-02	-1.283862e-02	4.347987e-02	9.232845e-02	1.331450e-01	1.651810e-01	1.874841e-01	1.988759e-01	
-1.741432e+00	-1.534285e+00	-1.346856e+00	-1.176559e+00	-1.021209e+00	-8.789652e-01	-7.482927e-01	-6.279243e-01	-5.168320e-01	-4.142035e-01	-3.194224e-01	-2.320549e-01	-1.518388e-01	-7.867828e-02	-1.264109e-02	4.603966e-02	9.696011e-02	1.395363e-01	1.729905e-01	1.963334e-01	2.083409e-01	
-1.810587e+00	-1.595251e+00	-1.400393e+00	-1.223330e+00	-1.061790e+00	-9.138634e-01	-7.779548e-01	-6.527482e-01	-5.371761e-01	-4.303947e-01	-3.317639e-01	-2.408330e-01	-1.573300e-01	-8.115521e-02	-1.237904e-02	4.875634e-02	1.018314e-01	1.462397e-01	1.811733e-01	2.056047e-01	2.182625e-01	
-1.882284e+00	-1.658460e+00	-1.455902e+00	-1.271823e+00	-1.103865e+00	-9.500438e-01	-8.087028e-01	-6.784756e-01	-5.582537e-01	-4.471606e-01	-3.445319e-01	-2.498993e-01	-1.629806e-01	-8.367208e-02	-1.204708e-02	5.164296e-02	1.069624e-01	1.532812e-01	1.897605e-01	2.153332e-01	2.286788e-01	
-1.956739e+00	-1.724103e+00	-1.513550e+00	-1.322185e+00	-1.147561e+00	-9.876150e-01	-8.406289e-01	-7.051833e-01	-5.801270e-01	-4.645501e-01	-3.577625e-01	-2.592782e-01	-1.688039e-01	-8.623224e-02	-1.163921e-02	5.471401e-02	1.123750e-01	1.606895e-01	1.987865e-01	2.255577e-01	2.396320e-01	
-2.034190e+00	-1.792391e+00	-1.573523e+00	-1.374579e+00	-1.193017e+00	-1.026698e+00	-8.738356e-01	-7.329564e-01	-6.028653e-01	-4.826173e-01	-3.714960e-01	-2.689968e-01	-1.748150e-01	-8.883939e-02	-1.114876e-02	5.798560e-02	1.180938e-01	1.684966e-01	2.082894e-01	2.363214e-01	2.511687e-01	
-2.114907e+00	-1.863562e+00	-1.636029e+00	-1.429186e+00	-1.240393e+00	-1.067428e+00	-9.084371e-01	-7.618901e-01	-6.265456e-01	-5.014227e-01	-3.857772e-01	-2.790853e-01	-1.810307e-01	-9.149767e-02	-1.056828e-02	6.147574e-02	1.241465e-01	1.767384e-01	2.183122e-01	2.476726e-01	2.633413e-01	
-2.199188e+00	-1.937879e+00	-1.701300e+00	-1.486209e+00	-1.289863e+00	-1.109956e+00	-9.445617e-01	-7.920909e-01	-6.512547e-01	-5.210341e-01	-4.006566e-01	-2.895778e-01	-1.874696e-01	-9.421170e-02	-9.889427e-03	6.520461e-02	1.305636e-01	1.854548e-01	2.289026e-01	2.596656e-01	2.762084e-01	
-2.287372e+00	-2.015642e+00	-1.769599e+00	-1.545877e+00	-1.341627e+00	-1.154453e+00	-9.823537e-01	-8.236790e-01	-6.770899e-01	-5.415279e-01	-4.161905e-01	-3.005125e-01	-1.941528e-01	-9.698670e-02	-9.102788e-03	6.919490e-02	1.373799e-01	1.946909e-01	2.401145e-01	2.723613e-01	2.898359e-01	
-2.379840e+00	-2.097185e+00	-1.841221e+00	-1.608448e+00	-1.395908e+00	-1.201110e+00	-1.021976e+00	-8.567900e-01	-7.041613e-01	-5.629903e-01	-4.324431e-01	-3.119325e-01	-2.011042e-01	-9.982854e-02	-8.197733e-03	7.347230e-02	1.446344e-01	2.044977e-01	2.520090e-01	2.858285e-01	3.042985e-01	
-2.477025e+00	-2.182893e+00	-1.916502e+00	-1.674217e+00	-1.452962e+00	-1.250148e+00	-1.063614e+00	-8.915777e-01	-7.325939e-01	-5.855192e-01	-4.494869e-01	-3.238868e-01	-2.083507e-01	-1.027439e-01	-7.162185e-03	7.806594e-02	1.523718e-01	2.149331e-01	2.646552e-01	3.001454e-01	3.196807e-01	
-2.579422e+00	-2.273201e+00	-1.995827e+00	-1.743519e+00	-1.513078e+00	-1.301813e+00	-1.107478e+00	-9.282178e-01	-7.625301e-01	-6.092262e-01	-4.674048e-01	-3.364314e-01	-2.159233e-01	-1.057404e-01	-5.982359e-03	8.300910e-02	1.606426e-01	2.260630e-01	2.781320e-01	3.154012e-01	3.360791e-01	
-2.687596e+00	-2.368609e+00	-2.079633e+00	-1.816736e+00	-1.576590e+00	-1.356394e+00	-1.153810e+00	-9.669117e-01	-7.941336e-01	-6.342394e-01	-4.862917e-01	-3.496304e-01	-2.238572e-01	-1.088267e-01	-4.642441e-03	8.833992e-02	1.695050e-01	2.379632e-01	2.925299e-01	3.316984e-01	3.536046e-01	
-2.802203e+00	-2.469694e+00	-2.168429e+00	-1.894313e+00	-1.643881e+00	-1.414218e+00	-1.202891e+00	-1.007892e+00	-8.275928e-01	-6.607065e-01	-5.062573e-01	-3.635577e-01	-2.321934e-01	-1.120128e-01	-3.124180e-03	9.410242e-02	1.790262e-01	2.507210e-01	3.079535e-01	3.491550e-01	3.723848e-01	
-2.923999e+00	-2.577126e+00	-2.262803e+00	-1.976764e+00	-1.715398e+00	-1.475670e+00	-1.255043e+00	-1.051428e+00	-8.631265e-01	-6.887990e-01	-5.274285e-01	-3.782991e-01	-2.409790e-01	-1.153105e-01	-1.406394e-03	1.003477e-01	1.892841e-01	2.644377e-01	3.245238e-01	3.679079e-01	3.925680e-01	
-3.053871e+00	-2.691687e+00	-2.363442e+00	-2.064688e+00	-1.791661e+00	-1.541195e+00	-1.310646e+00	-1.097834e+00	-9.009904e-01	-7.187170e-01	-5.499539e-01	-3.939547e-01	-2.502693e-01	-1.187333e-01	5.356704e-04	1.071354e-01	2.003696e-01	2.792319e-01	3.423826e-01	3.881173e-01	4.143276e-01	
-3.192861e+00	-2.814296e+00	-2.471154e+00	-2.158792e+00	-1.873282e+00	-1.611319e+00	-1.370144e+00	-1.147481e+00	-9.414849e-01	-7.506960e-01	-5.740082e-01	-4.106426e-01	-2.601294e-01	-1.222972e-01	2.731146e-03	1.145357e-01	2.123897e-01	2.952427e-01	3.616963e-01	4.099713e-01	4.378672e-01	
-3.342204e+00	-2.946044e+00	-2.586898e+00	-2.259914e+00	-1.960988e+00	-1.686665e+00	-1.434065e+00	-1.200808e+00	-9.849665e-01	-7.850152e-01	-5.997984e-01	-4.285023e-01	-2.706362e-01	-1.260211e-01	5.214584e-03	1.226320e-01	2.254715e-01	3.126354e-01	3.826624e-01	4.336933e-01	4.634286e-01	
-3.503377e+00	-3.088235e+00	-2.711820e+00	-2.369055e+00	-2.055646e+00	-1.767980e+00	-1.503040e+00	-1.258340e+00	-1.031861e+00	-8.220083e-01	-6.275719e-01	-4.477009e-01	-2.818819e-01	-1.299277e-01	8.027319e-03	1.315237e-01	2.397667e-01	3.316076e-01	4.055172e-01	4.595503e-01	4.913007e-01	
-3.678164e+00	-3.242443e+00	-2.847302e+00	-2.487423e+00	-2.158304e+00	-1.856161e+00	-1.577832e+00	-1.320711e+00	-1.082684e+00	-8.620783e-01	-6.576278e-01	-4.684402e-01	-2.939777e-01	-1.340442e-01	1.121926e-02	1.413311e-01	2.554585e-01	3.523975e-01	4.305457e-01	4.878645e-01	5.218323e-01	
-3.868739e+00	-3.410587e+00	-2.995033e+00	-2.616492e+00	-2.270241e+00	-1.952305e+00	-1.659368e+00	-1.388693e+00	-1.138061e+00	-9.057166e-01	-6.903303e-01	-4.909659e-01	-3.070590e-01	-1.384038e-01	1.485130e-02	1.522009e-01	2.727705e-01	3.752962e-01	4.580957e-01	5.190290e-01	5.554490e-01	
-4.077784e+00	-3.595036e+00	-3.157093e+00	-2.758081e+00	-2.393033e+00	-2.057767e+00	-1.748796e+00	-1.463241e+00	-1.198767e+00	-9.535294e-01	-7.261291e-01	-5.155815e-01	-3.212931e-01	-1.430477e-01	1.899862e-02	1.643141e-01	2.919785e-01	4.006626e-01	4.885965e-01	5.535291e-01	5.926758e-01	
-4.308654e+00	-3.798750e+00	-3.336083e+00	-2.914463e+00	-2.528650e+00	-2.174238e+00	-1.847548e+00	-1.545545e+00	-1.265769e+00	-1.006274e+00	-7.655860e-01	-5.426661e-01	-3.368890e-01	-1.480270e-01	2.375518e-02	1.778967e-01	3.134274e-01	4.289452e-01	5.225843e-01	5.919709e-01	6.341691e-01	
-4.565599e+00	-4.025481e+00	-3.535303e+00	-3.088519e+00	-2.679592e+00	-2.303862e+00	-1.957439e+00	-1.637118e+00	-1.340294e+00	-1.064912e+00	-8.094135e-01	-5.727004e-01	-3.541117e-01	-1.534067e-01	2.924021e-02	1.932358e-01	3.375542e-01	4.607131e-01	5.607395e-01	6.351236e-01	6.807611e-01	
-4.854103e+00	-4.280069e+00	-3.759005e+00	-3.283966e+00	-2.849080e+00	-2.449404e+00	-2.080813e+00	-1.739906e+00	-1.423923e+00	-1.130682e+00	-8.585302e-01	-6.063041e-01	-3.733025e-01	-1.592703e-01	3.560746e-02	2.107013e-01	3.649230e-01	4.966999e-01	6.039391e-01	6.839784e-01	7.335251e-01	
-5.181364e+00	-4.568870e+00	-4.012774e+00	-3.505684e+00	-3.041345e+00	-2.614496e+00	-2.220746e+00	-1.856470e+00	-1.518733e+00	-1.205210e+00	-9.141425e-01	-6.442914e-01	-3.949102e-01	-1.657277e-01	4.305900e-02	2.307793e-01	3.962743e-01	5.378692e-01	6.533354e-01	7.398381e-01	7.938708e-01	
-5.557049e+00	-4.900416e+00	-4.304111e+00	-3.760225e+00	-3.262070e+00	-2.804016e+00	-2.381366e+00	-1.990245e+00	-1.627512e+00	-1.290681e+00	-9.778701e-01	-6.877549e-01	-4.195369e-01	-1.729261e-01	5.186616e-02	2.541225e-01	4.326026e-01	5.855152e-01	7.104756e-01	8.044514e-01	8.636913e-01	
-5.994469e+00	-5.286457e+00	-4.643340e+00	-4.056611e+00	-3.519074e+00	-3.024675e+00	-2.568360e+00	-2.145962e+00	-1.754100e+00	-1.390101e+00	-1.051943e+00	-7.381991e-01	-4.480114e-01	-1.810682e-01	6.240272e-02	2.816295e-01	4.752776e-01	6.414196e-01	7.774900e-01	8.802263e-01	9.455930e-01	
-6.512505e+00	-5.743661e+00	-5.045111e+00	-4.407641e+00	-3.823457e+00	-3.285999e+00	-2.789795e+00	-2.330330e+00	-1.903942e+00	-1.507738e+00	-1.139525e+00	-7.977582e-01	-4.815096e-01	-1.904416e-01	7.519909e-02	3.145756e-01	5.262422e-01	7.081105e-01	8.574012e-01	9.705798e-01	1.043274e+00	
-7.138922e+00	-6.296535e+00	-5.530963e+00	-4.832135e+00	-4.191534e+00	-3.601993e+00	-3.057532e+00	-2.553218e+00	-2.085050e+00	-1.649865e+00	-1.245267e+00	-8.695707e-01	-5.217606e-01	-2.014685e-01	9.103548e-02	3.548365e-01	5.883542e-01	7.893060e-01	9.546544e-01	1.080536e+00	1.162174e+00	
-7.916379e+00	-6.982737e+00	-6.133990e+00	-5.359007e+00	-4.648376e+00	-3.994175e+00	-3.389797e+00	-2.829787e+00	-2.309726e+00	-1.826118e+00	-1.376316e+00	-9.584577e-01	-5.714202e-01	-2.147976e-01	1.111110e-01	4.052940e-01	6.660043e-01	8.907187e-01	1.076079e+00	1.217816e+00	1.310648e+00	
-8.914105e+00	-7.863380e+00	-6.907901e+00	-6.035186e+00	-5.234670e+00	-4.497468e+00	-3.816164e+00	-3.184642e+00	-2.597941e+00	-2.052141e+00	-1.544272e+00	-1.072244e+00	-6.347987e-01	-2.314814e-01	1.373720e-01	4.706259e-01	7.663194e-01	1.021621e+00	1.232762e+00	1.394950e+00	1.502261e+00	
-1.025269e+01	-9.044908e+00	-7.946249e+00	-6.942408e+00	-6.021284e+00	-5.172696e+00	-4.388151e+00	-3.660639e+00	-2.984478e+00	-2.355177e+00	-1.769335e+00	-1.224557e+00	-7.194030e-01	-2.533521e-01	1.732098e-01	5.589809e-01	9.017137e-01	1.198163e+00	1.444011e+00	1.633766e+00	1.760639e+00	
-1.216307e+01	-1.073118e+01	-9.428193e+00	-8.237212e+00	-7.143940e+00	-6.136354e+00	-5.204418e+00	-4.339854e+00	-3.535950e+00	-2.787403e+00	-2.090194e+00	-1.441496e+00	-8.396091e-01	-2.839180e-01	2.251199e-01	6.859660e-01	1.095964e+00	1.451279e+00	1.746810e+00	1.976068e+00	2.131031e+00	
-1.515142e+01	-1.336901e+01	-1.174642e+01	-1.026270e+01	-8.900116e+00	-7.643766e+00	-6.481208e+00	-5.402181e+00	-4.398363e+00	-3.463178e+00	-2.591647e+00	-1.780265e+00	-1.026925e+00	-3.308667e-01	3.073416e-01	8.857909e-01	1.401186e+00	1.848772e+00	2.222220e+00	2.513486e+00	2.712621e+00	
-2.058644e+01	-1.816662e+01	-1.596278e+01	-1.394663e+01	-1.209420e+01	-1.038535e+01	-8.803255e+00	-7.334060e+00	-5.966514e+00	-4.691733e+00	-3.502985e+00	-2.395538e+00	-1.366546e+00	-4.149830e-01	4.583816e-01	1.250964e+00	1.958310e+00	2.573988e+00	3.089444e+00	3.493802e+00	3.773610e+00	
-3.391373e+01	-2.993100e+01	-2.630195e+01	-2.298020e+01	-1.992654e+01	-1.710798e+01	-1.449699e+01	-1.207085e+01	-9.811162e+00	-7.703377e+00	-5.736475e+00	-3.902712e+00	-2.197431e+00	-6.189542e-01	8.314519e-01	2.149554e+00	3.328051e+00	4.356408e+00	5.220614e+00	5.902852e+00	6.381093e+00	
-1.243896e+02	-1.097972e+02	-9.649289e+01	-8.430775e+01	-7.309895e+01	-6.274634e+01	-5.314966e+01	-4.422624e+01	-3.590902e+01	-2.814504e+01	-2.089420e+01	-1.412829e+01	-7.830369e+00	-1.994355e+00	3.375129e+00	8.262644e+00	1.264158e+01	1.647355e+01	1.970749e+01	2.227851e+01	2.410633e+01	
5.922164e+01	5.228315e+01	4.595265e+01	4.015044e+01	3.480908e+01	2.987187e+01	2.529148e+01	2.102889e+01	1.705246e+01	1.333719e+01	9.864165e+00	6.620076e+00	3.596936e+00	7.918840e-01	-1.792887e+00	-4.150078e+00	-6.267115e+00	-8.125865e+00	-9.702213e+00	-1.096551e+01	-1.187785e+01	
2.117396e+01	1.869719e+01	1.643544e+01	1.436053e+01	1.244862e+01	1.067963e+01	9.036846e+00	7.506460e+00	6.077286e+00	4.740487e+00	3.489374e+00	2.319245e+00	1.227281e+00	2.124733e-01	-7.243968e-01	-1.580742e+00	-2.352111e+00	-3.032083e+00	-3.612123e+00	-4.081383e+00	-4.426452e+00	
1.153654e+01	1.018999e+01	8.958886e+00	7.828092e+00	6.784805e+00	5.818259e+00	4.919468e+00	4.081027e+00	3.296929e+00	2.562434e+00	1.873952e+00	1.228963e+00	6.259554e-01	6.439160e-02	-4.553050e-01	-9.317413e-01	-1.362523e+00	-1.744198e+00	-2.072179e+00	-2.340637e+00	-2.542366e+00	
6.979072e+00	6.167052e+00	5.423354e+00	4.739021e+00	4.106475e+00	3.519344e+00	2.972312e+00	2.460998e+00	1.981849e+00	1.532061e+00	1.109513e+00	7.127164e-01	3.407788e-01	-6.614229e-03	-3.292086e-01	-6.261762e-01	-8.960957e-01	-1.136920e+00	-1.345931e+00	-1.519673e+00	-1.653876e+00	
4.192155e+00	3.707050e+00	3.261424e+00	2.850100e+00	2.468700e+00	2.113543e+00	1.781557e+00	1.470213e+00	1.177459e+00	9.016782e-01	6.416467e-01	3.965073e-01	1.657481e-01	-5.080928e-02	-2.530143e-01	-4.403843e-01	-6.120938e-01	-7.669556e-01	-9.033934e-01	-1.019406e+00	-1.112520e+00	
2.192798e+00	1.942261e+00	1.710490e+00	1.495023e+00	1.293779e+00	1.105008e+00	9.272527e-01	7.593116e-01	6.002126e-01	4.491898e-01	3.056650e-01	1.692344e-01	3.965887e-02	-8.314185e-02	-1.990914e-01	-3.079554e-01	-4.093357e-01	-5.026624e-01	-5.871799e-01	-6.619303e-01	-7.257312e-01	
5.712223e-01	5.109627e-01	4.526518e-01	3.960323e-01	3.408879e-01	2.870382e-01	2.343341e-01	1.826543e-01	1.319022e-01	8.200328e-02	3.290349e-02	-1.543260e-02	-6.302265e-02	-1.098672e-01	-1.559501e-01	-2.012379e-01	-2.456799e-01	-2.892069e-01	-3.317295e-01	-3.731369e-01	-4.132942e-01	
-8.931456e-01	-7.815511e-01	-6.832080e-01	-5.963810e-01	-5.196009e-01	-4.516300e-01	-3.914343e-01	-3.381590e-01	-2.911095e-01	-2.497348e-01	-2.136157e-01	-1.824543e-01	-1.560680e-01	-1.343853e-01	-1.174441e-01	-1.053928e-01	-9.849425e-02	-9.713174e-02	-1.018181e-01	-1.132079e-01	-1.321126e-01	
-2.357395e+00	-2.073943e+00	-1.818951e+00	-1.588689e+00	-1.380003e+00	-1.190235e+00	-1.017168e+00	-8.589701e-01	-7.141552e-01	-5.815467e-01	-4.602511e-01	-3.496375e-01	-2.493226e-01	-1.591627e-01	-7.924966e-02	-9.913834e-03	4.826842e-02	9.446116e-02	1.275493e-01	1.461126e-01	1.483927e-01	
-3.978393e+00	-3.504676e+00	-3.076261e+00	-2.687210e+00	-2.332500e+00	-2.007903e+00	-1.709891e+00	-1.435551e+00	-1.182519e+00	-9.489263e-01	-7.333541e-01	-5.348024e-01	-3.526657e-01	-1.867201e-01	-3.711737e-02	9.561108e-02	2.105417e-01	3.063374e-01	3.812164e-01	4.329106e-01	4.586133e-01	
-5.975898e+00	-5.267723e+00	-4.625602e+00	-4.040878e+00	-3.506226e+00	-3.015483e+00	-2.563504e+00	-2.146043e+00	-1.759657e+00	-1.401623e+00	-1.069874e+00	-7.629566e-01	-4.799904e-01	-2.206528e-01	1.483083e-02	2.256812e-01	4.105472e-01	5.674743e-01	6.938592e-01	7.863894e-01	8.409663e-01	
-8.757617e+00	-7.722945e+00	-6.783221e+00	-5.926001e+00	-5.140756e+00	-4.418625e+00	-3.752217e+00	-3.135429e+00	-2.563313e+00	-2.031957e+00	-1.538394e+00	-1.080536e+00	-6.571227e-01	-2.676921e-01	8.742734e-02	4.071117e-01	6.894144e-01	9.315215e-01	1.129686e+00	1.279142e+00	1.373991e+00	
-1.330075e+01	-1.173286e+01	-1.030710e+01	-9.004829e+00	-7.810296e+00	-6.710236e+00	-5.693585e+00	-4.751211e+00	-3.875709e+00	-3.061226e+00	-2.303324e+00	-1.598880e+00	-9.460108e-01	-3.440302e-01	2.065669e-01	7.040937e-01	1.145632e+00	1.526964e+00	1.842477e+00	2.085029e+00	2.245789e+00	
-2.289223e+01	-2.019867e+01	-1.774680e+01	-1.550494e+01	-1.344628e+01	-1.154828e+01	-9.792121e+00	-8.162279e+00	-6.646162e+00	-5.233821e+00	-3.917713e+00	-2.692532e+00	-1.555079e+00	-5.041936e-01	4.592774e-01	1.332459e+00	2.110383e+00	2.785870e+00	3.349366e+00	3.788721e+00	4.088906e+00	
-6.065150e+01	-5.352660e+01	-4.703525e+01	-4.109441e+01	-3.563382e+01	-3.059438e+01	-2.592676e+01	-2.159027e+01	-1.755191e+01	-1.378561e+01	-1.027161e+01	-6.995995e+00	-3.950407e+00	-1.131810e+00	1.457563e+00	3.810163e+00	5.912949e+00	7.747089e+00	9.287521e+00	1.050238e+01	1.135224e+01	
1.225957e+02	1.082154e+02	9.510316e+01	8.309269e+01	7.204338e+01	6.183696e+01	5.237469e+01	4.357517e+01	3.537236e+01	2.771408e+01	2.056080e+01	1.388472e+01	7.669095e+00	1.907890e+00	-3.394407e+00	-8.222661e+00	-1.255075e+01	-1.634094e+01	-1.954306e+01	-2.209329e+01	-2.391271e+01	
3.192657e+01	2.818697e+01	2.477444e+01	2.164611e+01	1.876571e+01	1.610272e+01	1.363168e+01	1.133159e+01	9.185433e+00	7.179741e+00	5.304325e+00	3.552018e+00	1.918507e+00	4.022386e-01	-9.956229e-01	-2.271167e+00	-3.417650e+00	-4.425333e+00	-5.281264e+00	-5.968974e+00	-6.468098e+00	
1.861268e+01	1.643561e+01	1.444741e+01	1.262334e+01	1.094242e+01	9.387064e+00	7.942552e+00	6.596762e+00	5.339863e+00	4.164086e+00	3.063548e+00	2.034111e+00	1.073290e+00	1.801892e-01	-6.445157e-01	-1.398563e+00	-2.078054e+00	-2.677361e+00	-3.189002e+00	-3.603461e+00	-3.908972e+00	
1.317474e+01	1.163591e+01	1.022949e+01	8.938113e+00	7.747104e+00	6.644109e+00	5.618822e+00	4.662745e+00	3.768985e+00	2.932099e+00	2.147963e+00	1.413679e+00	7.275056e-01	8.881791e-02	-5.019082e-01	-1.043085e+00	-1.531976e+00	-1.964635e+00	-2.335812e+00	-2.638834e+00	-2.865449e+00	
1.017484e+01	8.988129e+00	7.902657e+00	6.905151e+00	5.984386e+00	5.130916e+00	4.336863e+00	3.595729e+00	2.902245e+00	2.252250e+00	1.642593e+00	1.071059e+00	5.363173e-01	3.789259e-02	-4.238496e-01	-8.476934e-01	-1.231545e+00	-1.572384e+00	-1.866194e+00	-2.107871e+00	-2.291102e+00	
8.247394e+00	7.286944e+00	6.407694e+00	5.598998e+00	4.851851e+00	4.158680e+00	3.513165e+00	2.910096e+00	2.345246e+00	1.815280e+00	1.317670e+00	8.506429e-01	4.131318e-01	4.756502e-03	-3.741881e-01	-7.227252e-01	-1.039174e+00	-1.321109e+00	-1.565308e+00	-1.767675e+00	-1.923144e+00	
6.887538e+00	6.086739e+00	5.352990e+00	4.677501e+00	4.052836e+00	3.472741e+00	2.931999e+00	2.426306e+00	1.952174e+00	1.506850e+00	1.088248e+00	6.949026e-01	3.259360e-01	-1.896509e-02	-3.395559e-01	-6.350284e-01	-9.039927e-01	-1.144446e+00	-1.353724e+00	-1.528442e+00	-1.664418e+00	
5.864901e+00	5.184178e+00	4.559856e+00	3.984539e+00	3.451974e+00	2.956899e+00	2.494926e+00	2.062436e+00	1.656496e+00	1.274790e+00	9.155647e-01	5.775885e-01	2.601236e-01	-3.709217e-02	-3.138517e-01	-5.694739e-01	-8.027885e-01	-1.012109e+00	-1.195193e+00	-1.349192e+00	-1.470585e+00	
5.059128e+00	4.473031e+00	3.934935e+00	3.438546e+00	2.978542e+00	2.550444e+00	2.150519e+00	1.775687e+00	1.423452e+00	1.091844e+00	7.793716e-01	4.849873e-01	2.080644e-01	-5.161938e-02	-2.938865e-01	-5.181562e-01	-7.234310e-01	-9.082740e-01	-1.070776e+00	-1.208511e+00	-1.318480e+00	
4.401034e+00	3.892232e+00	3.424564e+00	2.992636e+00	2.591887e+00	2.218481e+00	1.869216e+00	1.541456e+00	1.233062e+00	9.423451e-01	6.680290e-01	4.092172e-01	1.653732e-01	-6.369230e-02	-2.778261e-01	-4.765294e-01	-6.589462e-01	-8.238439e-01	-9.695847e-01	-1.094088e+00	-1.194783e+00	
3.847900e+00	3.404075e+00	2.995606e+00	2.617857e+00	2.266907e+00	1.939459e+00	1.632763e+00	1.344551e+00	1.072987e+00	8.166184e-01	5.743499e-01	3.454115e-01	1.293429e-01	-7.401742e-02	-2.645369e-01	-4.417855e-01	-6.050263e-01	-7.531985e-01	-8.848930e-01	-9.983202e-01	-1.091268e+00	
3.371815e+00	2.983924e+00	2.626411e+00	2.295293e+00	1.987201e+00	1.699303e+00	1.429234e+00	1.175048e+00	9.351670e-01	7.083447e-01	4.936397e-01	2.903916e-01	9.820585e-02	-8.305542e-02	-2.532771e-01	-4.120887e-01	-5.588557e-01	-6.926653e-01	-8.123055e-01	-9.162371e-01	-1.002558e+00	
2.953692e+00	2.614932e+00	2.302174e+00	2.012009e+00	1.741553e+00	1.488382e+00	1.250473e+00	1.026159e+00	8.140903e-01	6.132018e-01	4.226878e-01	2.419839e-01	7.075348e-02	-9.112055e-02	-2.435386e-01	-3.861822e-01	-5.185071e-01	-6.397306e-01	-7.488139e-01	-8.444379e-01	-9.249730e-01	
2.579951e+00	2.285113e+00	2.012363e+00	1.758803e+00	1.521985e+00	1.299849e+00	1.090677e+00	8.930552e-01	7.058361e-01	5.281159e-01	3.592110e-01	1.986431e-01	4.612706e-02	-9.843544e-02	-2.349586e-01	-3.631708e-01	-4.826084e-01	-5.926051e-01	-6.922769e-01	-7.805018e-01	-8.558938e-01	
2.240601e+00	1.985648e+00	1.749225e+00	1.528901e+00	1.322623e+00	1.128662e+00	9.455780e-01	7.721839e-01	6.075188e-01	4.508247e-01	3.015294e-01	1.592323e-01	2.369524e-02	-1.051631e-01	-2.272694e-01	-3.423946e-01	-4.501483e-01	-5.499699e-01	-6.411164e-01	-7.226447e-01	-7.933902e-01	
1.928047e+00	1.709833e+00	1.506870e+00	1.317159e+00	1.139006e+00	9.709920e-01	8.119304e-01	6.608452e-01	5.169461e-01	3.796101e-01	2.483670e-01	1.228883e-01	2.979135e-03	-1.114262e-01	-2.202662e-01	-3.233506e-01	-4.203567e-01	-5.108215e-01	-5.941316e-01	-6.695089e-01	-7.359929e-01	
1.636344e+00	1.452420e+00	1.280687e+00	1.119544e+00	9.676402e-01	8.238391e-01	6.871940e-01	5.569252e-01	4.324017e-01	3.131266e-01	1.987252e-01	8.893598e-02	-1.639542e-02	-1.173201e-01	-2.137874e-01	-3.056437e-01	-3.926292e-01	-4.743720e-01	-5.503799e-01	-6.200289e-01	-6.825491e-01	
1.360689e+00	1.209171e+00	1.066949e+00	9.328035e-01	8.057028e-01	6.847812e-01	5.693171e-01	4.587167e-01	3.524998e-01	2.502884e-01	1.517980e-01	5.683076e-02	-3.472963e-02	-1.229205e-01	-2.077013e-01	-2.889530e-01	-3.664756e-01	-4.399831e-01	-5.090979e-01	-5.733417e-01	-6.321246e-01	
1.097080e+00	9.765522e-01	8.625524e-01	7.542237e-01	6.508419e-01	5.517993e-01	4.565897e-01	3.647971e-01	2.760854e-01	1.901906e-01	1.069144e-01	2.611954e-02	-5.227359e-02	-1.282892e-01	-2.018965e-01	-2.730097e-01	-3.414855e-01	-4.071205e-01	-4.696467e-01	-5.287249e-01	-5.839376e-01	
8.420627e-01	7.515144e-01	6.648167e-01	5.814635e-01	5.010277e-01	4.231512e-01	3.475363e-01	2.739390e-01	2.021625e-01	1.320531e-01	6.349584e-02	-3.587713e-03	-6.924196e-02	-1.334783e-01	-1.962755e-01	-2.575796e-01	-3.173027e-01	-3.753210e-01	-4.314723e-01	-4.855525e-01	-5.373105e-01	
5.925441e-01	5.313274e-01	4.713424e-01	4.124263e-01	3.544423e-01	2.972767e-01	2.408357e-01	1.850434e-01	1.298395e-01	7.517779e-02	2.102524e-02	-3.263935e-02	-8.582579e-02	-1.385330e-01	-1.907491e-01	-2.424514e-01	-2.936060e-01	-3.441669e-01	-3.940759e-01	-4.432604e-01	-4.916326e-01	
3.456401e-01	3.134452e-01	2.798919e-01	2.451568e-01	2.093906e-01	1.727210e-01	1.352560e-01	9.708590e-02	5.828519e-02	1.891440e-02	-2.097892e-02	-6.135914e-02	-1.022019e-01	-1.434939e-01	-1.852325e-01	-2.274257e-01	-2.700933e-01	-3.132663e-01	-3.569889e-01	-4.013192e-01	-4.463304e-01	
9.854366e-02	9.538956e-02	8.828697e-02	7.775207e-02	6.422270e-02	4.806831e-02	2.959842e-02	9.069611e-03	-1.330868e-02	-3.736943e-02	-6.298438e-02	-9.006113e-02	-1.185412e-01	-1.483990e-01	-1.796410e-01	-2.123064e-01	-2.464681e-01	-2.822346e-01	-3.197524e-01	-3.592100e-01	-4.008421e-01	
-1.516004e-01	-1.253603e-01	-1.056880e-01	-9.172387e-02	-8.273971e-02	-7.812169e-02	-7.735639e-02	-8.001908e-02	-8.576394e-02	-9.431623e-02	-1.054660e-01	-1.190636e-01	-1.350160e-01	-1.532851e-01	-1.738867e-01	-1.968915e-01	-2.224264e-01	-2.506777e-01	-2.818959e-01	-3.164013e-01	-3.545918e-01	
-4.078264e-01	-3.514833e-01	-3.043876e-01	-2.653284e-01	-2.332803e-01	-2.073795e-01	-1.869040e-01	-1.712571e-01	-1.599535e-01	-1.526081e-01	-1.489277e-01	-1.487038e-01	-1.518081e-01	-1.581897e-01	-1.678743e-01	-1.809644e-01	-1.976422e-01	-2.181740e-01	-2.429163e-01	-2.723244e-01	-3.069632e-01	
-6.734974e-01	-5.859488e-01	-5.104218e-01	-4.453419e-01	-3.893759e-01	-3.414014e-01	-3.004803e-01	-2.658379e-01	-2.368443e-01	-2.130006e-01	-1.939269e-01	-1.793541e-01	-1.691174e-01	-1.631529e-01	-1.614959e-01	-1.642823e-01	-1.717517e-01	-1.842528e-01	-2.022523e-01	-2.263452e-01	-2.572691e-01	
-9.524904e-01	-8.321802e-01	-7.267998e-01	-6.343937e-01	-5.533061e-01	-4.821432e-01	-4.197406e-01	-3.651369e-01	-3.175508e-01	-2.763638e-01	-2.411055e-01	-2.114431e-01	-1.871734e-01	-1.682189e-01	-1.546253e-01	-1.465634e-01	-1.443328e-01	-1.483690e-01	-1.592539e-01	-1.777290e-01	-2.047131e-01	
-1.249441e+00	-1.094271e+00	-9.571197e-01	-8.356276e-01	-7.277961e-01	-6.319432e-01	-5.466640e-01	-4.707986e-01	-4.034051e-01	-3.437378e-01	-2.912302e-01	-2.454818e-01	-2.062489e-01	-1.734393e-01	-1.471099e-01	-1.274685e-01	-1.148785e-01	-1.098677e-01	-1.131402e-01	-1.255936e-01	-1.483391e-01	
-1.570083e+00	-1.377283e+00	-1.205831e+00	-1.052932e+00	-9.162166e-01	-7.936932e-01	-6.836977e-01	-5.848563e-01	-4.960540e-01	-4.164080e-01	-3.452483e-01	-2.821015e-01	-2.266802e-01	-1.788763e-01	-1.387590e-01	-1.065759e-01	-8.275931e-02	-6.793625e-02	-6.294305e-02	-6.884491e-02	-8.696073e-02	
-1.921737e+00	-1.687680e+00	-1.478617e+00	-1.291271e+00	-1.122872e+00	-9.710861e-01	-8.339669e-01	-7.099065e-01	-5.976001e-01	-4.960154e-01	-4.043687e-01	-3.221071e-01	-2.488952e-01	-1.846079e-01	-1.293275e-01	-8.334534e-02	-4.716919e-02	-2.153470e-02	-7.422787e-03	-6.082384e-03	-1.905957e-02	
-2.314049e+00	-2.033982e+00	-1.782963e+00	-1.557187e+00	-1.353432e+00	-1.168987e+00	-1.001589e+00	-8.493698e-01	-7.108136e-01	-5.847215e-01	-4.701837e-01	-3.665584e-01	-2.734570e-01	-1.907356e-01	-1.184908e-01	-5.706307e-02	-7.043922e-03	3.070988e-02	5.505649e-02	6.454238e-02	5.736855e-02	
-2.760144e+00	-2.427776e+00	-2.129059e+00	-1.859583e+00	-1.615616e+00	-1.394018e+00	-1.192167e+00	-1.007901e+00	-8.394634e-01	-6.854672e-01	-5.448590e-01	-4.168964e-01	-3.011306e-01	-1.973959e-01	-1.058058e-01	-2.675605e-02	3.906657e-02	9.066788e-02	1.267234e-01	1.455474e-01	1.450539e-01	
-3.278506e+00	-2.885386e+00	-2.531252e+00	-2.210995e+00	-1.920290e+00	-1.655501e+00	-1.413591e+00	-1.192054e+00	-9.888570e-01	-8.023936e-01	-6.314442e-01	-4.751501e-01	-3.329923e-01	-2.047802e-01	-9.064691e-02	8.947818e-03	9.320654e-02	1.609758e-01	2.107192e-01	2.404819e-01	2.478450e-01	
-3.896198e+00	-3.430708e+00	-3.010547e+00	-2.629775e+00	-2.283365e+00	-1.967087e+00	-1.677411e+00	-1.411424e+00	-1.166764e+00	-9.415624e-01	-7.344030e-01	-5.442884e-01	-3.706166e-01	-2.131673e-01	-7.209671e-02	5.205885e-02	1.583705e-01	2.454953e-01	3.116449e-01	3.545442e-01	3.713786e-01	
-4.654664e+00	-4.100338e+00	-3.599115e+00	-3.144035e+00	-2.729209e+00	-2.349682e+00	-2.001319e+00	-1.680709e+00	-1.385084e+00	-1.112257e+00	-8.605711e-01	-6.288579e-01	-4.164140e-01	-2.229827e-01	-4.874883e-02	1.056577e-01	2.391469e-01	3.501433e-01	4.365499e-01	4.956991e-01	5.242913e-01	
-5.620970e+00	-4.953499e+00	-4.349015e+00	-3.799261e+00	-3.297253e+00	-2.837115e+00	-2.413941e+00	-2.023687e+00	-1.663072e+00	-1.329501e+00	-1.021010e+00	-7.362152e-01	-4.742842e-01	-2.349142e-01	-1.832593e-02	1.747313e-01	3.429624e-01	4.844965e-01	5.968439e-01	6.768379e-01	7.205618e-01	
-6.911485e+00	-6.092946e+00	-5.350572e+00	-4.674377e+00	-4.055916e+00	-3.488083e+00	-2.964949e+00	-2.481622e+00	-2.034136e+00	-1.619357e+00	-1.234910e+00	-8.791234e-01	-5.509926e-01	-2.501534e-01	2.312497e-02	2.679340e-01	4.827053e-01	6.651740e-01	8.123266e-01	9.203310e-01	9.844478e-01	
-8.747716e+00	-7.714279e+00	-6.775726e+00	-5.919618e+00	-5.135433e+00	-4.414319e+00	-3.748891e+00	-3.133055e+00	-2.561873e+00	-2.031441e+00	-1.538802e+00	-1.081877e+00	-6.594155e-01	-2.709671e-01	8.313019e-02	4.017420e-01	6.829113e-01	9.238132e-01	1.120690e+00	1.268765e+00	1.362128e+00	
-1.161022e+01	-1.024184e+01	-8.997495e+00	-7.860914e+00	-6.818346e+00	-5.858222e+00	-4.970888e+00	-4.148382e+00	-3.384248e+00	-2.673387e+00	-2.011935e+00	-1.397179e+00	-8.274869e-01	-3.022719e-01	1.780199e-01	6.119020e-01	9.968121e-01	1.329054e+00	1.603710e+00	1.814532e+00	1.953791e+00	
-1.677466e+01	-1.480209e+01	-1.300608e+01	-1.136347e+01	-9.854684e+00	-8.463259e+00	-7.175450e+00	-5.979927e+00	-4.867503e+00	-3.830920e+00	-2.864685e+00	-1.964937e+00	-1.129357e+00	-3.571163e-01	3.511464e-01	9.933092e-01	1.565719e+00	2.063108e+00	2.478471e+00	2.802904e+00	3.025399e+00	
-2.911878e+01	-2.570223e+01	-2.258768e+01	-1.973554e+01	-1.711231e+01	-1.468984e+01	-1.244460e+01	-1.035724e+01	-8.412024e+00	-6.596560e+00	-4.901452e+00	-3.320101e+00	-1.848551e+00	-4.853902e-01	7.682787e-01	1.908817e+00	2.929966e+00	3.822704e+00	4.575036e+00	5.171721e+00	5.593914e+00	
-1.003814e+02	-8.862931e+01	-7.790310e+01	-6.806828e+01	-5.901109e+01	-5.063583e+01	-4.286268e+01	-3.562583e+01	-2.887191e+01	-2.255880e+01	-1.665462e+01	-1.113697e+01	-5.992442e+00	-1.216272e+00	3.187766e+00	7.207278e+00	1.082097e+01	1.399815e+01	1.669804e+01	1.886882e+01	2.044642e+01	
7.227831e+01	6.383488e+01	5.611923e+01	4.903594e+01	4.250429e+01	3.645640e+01	3.083566e+01	2.559538e+01	2.069772e+01	1.611281e+01	1.181806e+01	7.797587e+00	4.041903e+00	5.476490e-01	-2.682475e+00	-5.639651e+00	-8.308745e+00	-1.066796e+01	-1.268834e+01	-1.433308e+01	-1.555671e+01	
2.678757e+01	2.366522e+01	2.080852e+01	1.818263e+01	1.575810e+01	1.351015e+01	1.141812e+01	9.464967e+00	7.636885e+00	5.922978e+00	4.315002e+00	2.807173e+00	1.396031e+00	8.035904e-02	-1.138847e+00	-2.258361e+00	-3.272647e+00	-4.173739e+00	-4.951054e+00	-5.591149e+00	-6.077412e+00	
1.644994e+01	1.453688e+01	1.278440e+01	1.117144e+01	9.680191e+00	8.295684e+00	7.005425e+00	5.799119e+00	4.668424e+00	3.606754e+00	2.609132e+00	1.672065e+00	7.934676e-01	-2.739129e-02	-7.899043e-01	-1.492114e+00	-2.130669e+00	-2.700745e+00	-3.195940e+00	-3.608117e+00	-3.927229e+00	
1.183718e+01	1.046378e+01	9.204040e+00	8.043052e+00	6.968212e+00	5.968923e+00	5.036343e+00	4.163188e+00	3.343555e+00	2.572787e+00	1.847362e+00	1.164813e+00	5.236661e-01	-7.659091e-02	-6.355241e-01	-1.151743e+00	-1.622871e+00	-2.045488e+00	-2.415056e+00	-2.725811e+00	-2.970634e+00	
9.201830e+00	8.136801e+00	7.158593e+00	6.255820e+00	5.418855e+00	4.639600e+00	3.911305e+00	3.228407e+00	2.586397e+00	1.981721e+00	1.411691e+00	8.744249e-01	3.688009e-01	-1.055693e-01	-5.483505e-01	-9.584769e-01	-1.334128e+00	-1.672688e+00	-1.970684e+00	-2.223710e+00	-2.426321e+00	
7.480859e+00	6.617246e+00	5.822906e+00	5.088753e+00	4.407106e+00	3.771504e+00	3.176563e+00	2.617844e+00	2.091753e+00	1.595456e+00	1.126809e+00	6.843153e-01	2.670811e-01	-1.252002e-01	-4.922577e-01	-8.332375e-01	-1.146683e+00	-1.430504e+00	-1.681926e+00	-1.897427e+00	-2.072658e+00	
6.256940e+00	5.536604e+00	4.873042e+00	4.258805e+00	3.687599e+00	3.154129e+00	2.653983e+00	2.183525e+00	1.739810e+00	1.320518e+00	9.238949e-01	5.487145e-01	1.942481e-01	-1.397531e-01	-4.530640e-01	-7.449817e-01	-1.014309e+00	-1.259329e+00	-1.477764e+00	-1.666724e+00	-1.822641e+00	
5.332719e+00	4.720607e+00	4.155811e+00	3.632125e+00	3.144300e+00	2.687926e+00	2.259326e+00	1.855471e+00	1.473908e+00	1.112704e+00	7.704009e-01	4.459775e-01	1.388295e-01	-1.512477e-01	-4.240639e-01	-6.790302e-01	-9.151458e-01	-1.130976e+00	-1.324618e+00	-1.493661e+00	-1.635126e+00	
4.602670e+00	4.076070e+00	3.589302e+00	3.137139e+00	2.715166e+00	2.319668e+00	1.947551e+00	1.596266e+00	1.263750e+00	9.483785e-01	6.489239e-01	3.645302e-01	9.469048e-02	-1.607648e-01	-4.016728e-01	-6.275347e-01	-8.375049e-01	-1.030372e+00	-1.204532e+00	-1.357950e+00	-1.488115e+00	
4.005170e+00	3.548579e+00	3.125681e+00	2.732055e+00	2.363964e+00	2.018269e+00	1.692352e+00	1.384058e+00	1.091644e+00	8.137371e-01	5.493007e-01	2.976131e-01	5.824779e-02	-1.689361e-01	-3.837980e-01	-5.859130e-01	-7.745628e-01	-9.487195e-01	-1.107022e+00	-1.247746e+00	-1.368763e+00	
3.501742e+00	3.104157e+00	2.735081e+00	2.390774e+00	2.068073e+00	1.764321e+00	1.477306e+00	1.205205e+00	9.465433e-01	7.001615e-01	4.651852e-01	2.410053e-01	2.726360e-02	-1.761567e-01	-3.691337e-01	-5.513050e-01	-7.220596e-01	-8.805242e-01	-1.025544e+00	-1.155655e+00	-1.269053e+00	
3.067045e+00	2.720427e+00	2.397833e+00	2.096110e+00	1.812592e+00	1.545043e+00	1.291597e+00	1.050720e+00	8.211712e-01	6.019753e-01	3.923974e-01	1.919266e-01	2.635262e-04	-1.826875e-01	-3.568208e-01	-5.218280e-01	-6.771908e-01	-8.221699e-01	-9.557881e-01	-1.076809e+00	-1.183706e+00	
2.683633e+00	2.381985e+00	2.100396e+00	1.836231e+00	1.587267e+00	1.351634e+00	1.127778e+00	9.144174e-01	7.105193e-01	5.152703e-01	3.280594e-01	1.484624e-01	-2.376808e-02	-1.887089e-01	-3.462688e-01	-4.961869e-01	-6.380271e-01	-7.711682e-01	-8.947904e-01	-1.007857e+00	-1.109089e+00	
2.339027e+00	2.077811e+00	1.833082e+00	1.602674e+00	1.384758e+00	1.177800e+00	9.805215e-01	7.918722e-01	6.110039e-01	4.372505e-01	2.701119e-01	1.092424e-01	-4.555845e-02	-1.943508e-01	-3.370561e-01	-4.734565e-01	-6.031894e-01	-7.257405e-01	-8.404313e-01	-9.464051e-01	-1.042606e+00	
2.023982e+00	1.799741e+00	1.588715e+00	1.389167e+00	1.199631e+00	1.018877e+00	8.458817e-01	6.798055e-01	5.199700e-01	3.658439e-01	2.170290e-01	7.325109e-02	-6.564709e-02	-1.997102e-01	-3.288715e-01	-4.529522e-01	-5.716576e-01	-6.845705e-01	-7.911425e-01	-8.906815e-01	-9.823360e-01	
1.731413e+00	1.541521e+00	1.361799e+00	1.190908e+00	1.027721e+00	8.712918e-01	7.208350e-01	5.757054e-01	4.353835e-01	2.994631e-01	1.676410e-01	3.970972e-02	-8.444805e-02	-2.048624e-01	-3.214777e-01	-4.341513e-01	-5.426515e-01	-6.466518e-01	-7.457245e-01	-8.393307e-01	-9.268088e-01	
1.455713e+00	1.298198e+00	1.147977e+00	1.004091e+00	8.657294e-01	7.322154e-01	6.029865e-01	4.775822e-01	3.556328e-01	2.368503e-01	1.210211e-01	8.000759e-03	-1.022902e-01	-2.098682e-01	-3.146878e-01	-4.166409e-01	-5.155549e-01	-6.111890e-01	-7.032292e-01	-7.912815e-01	-8.748633e-01	
1.192274e+00	1.065704e+00	9.436768e-01	8.255936e-01	7.109500e-01	5.993250e-01	4.903704e-01	3.838025e-01	2.793949e-01	1.769726e-01	7.640793e-02	-2.238339e-02	-1.194444e-01	-2.147786e-01	-3.083501e-01	-4.000838e-01	-4.898638e-01	-5.775312e-01	-6.628808e-01	-7.456574e-01	-8.255493e-01	
9.371720e-01	8.405735e-01	7.458507e-01	6.527537e-01	5.610742e-01	4.706399e-01	3.813105e-01	2.929734e-01	2.055412e-01	1.189488e-01	3.315148e-02	-5.187641e-02	-1.361428e-01	-2.196382e-01	-3.023365e-01	-3.841942e-01	-4.651505e-01	-5.451257e-01	-6.240205e-01	-7.017136e-01	-7.780595e-01	
6.869143e-01	6.197236e-01	5.517888e-01	4.832033e-01	4.140493e-01	3.443991e-01	2.743160e-01	2.038560e-01	1.330680e-01	6.199467e-02	-9.326881e-03	-8.086491e-02	-1.525927e-01	-2.244883e-01	-2.965347e-01	-3.687199e-01	-4.410368e-01	-5.134837e-01	-5.860649e-01	-6.587910e-01	-7.316796e-01	
