4.580265e-03	4.148676e-03	3.790497e-03	3.473227e-03	3.179516e-03	2.899418e-03	2.626378e-03	2.355176e-03	2.080879e-03	1.798284e-03	1.501608e-03	1.184244e-03	8.385401e-04	4.555263e-04	2.455813e-05	-4.671689e-04	-1.035296e-03	-1.699269e-03	-2.483748e-03	-3.420733e-03	-4.552861e-03	
-1.723071e+12	-1.523228e+12	-1.358738e+12	-1.225782e+12	-1.121276e+12	-1.042793e+12	-9.885129e+11	-9.571749e+11	-9.480520e+11	-9.609324e+11	-9.961152e+11	-1.054417e+12	-1.137190e+12	-1.246357e+12	-1.384450e+12	-1.554676e+12	-1.760983e+12	-2.008162e+12	-2.301947e+12	-2.649159e+12	-3.057855e+12	
-3.441832e+12	-3.042646e+12	-2.714076e+12	-2.448498e+12	-2.239747e+12	-2.082978e+12	-1.974553e+12	-1.911955e+12	-1.893732e+12	-1.919461e+12	-1.989738e+12	-2.106196e+12	-2.271536e+12	-2.489596e+12	-2.765437e+12	-3.105462e+12	-3.517561e+12	-4.011299e+12	-4.598136e+12	-5.291691e+12	-6.108060e+12	
-5.151985e+12	-4.554454e+12	-4.062627e+12	-3.665090e+12	-3.352616e+12	-3.117953e+12	-2.955655e+12	-2.861954e+12	-2.834676e+12	-2.873189e+12	-2.978386e+12	-3.152707e+12	-3.400201e+12	-3.726609e+12	-4.139508e+12	-4.648482e+12	-5.265342e+12	-6.004405e+12	-6.882825e+12	-7.920989e+12	-9.142991e+12	
-6.849264e+12	-6.054881e+12	-5.401026e+12	-4.872523e+12	-4.457107e+12	-4.145137e+12	-3.929370e+12	-3.804801e+12	-3.768537e+12	-3.819737e+12	-3.959590e+12	-4.191340e+12	-4.520368e+12	-4.954309e+12	-5.503235e+12	-6.179885e+12	-6.999965e+12	-7.982506e+12	-9.150314e+12	-1.053049e+13	-1.215507e+13	
-8.529442e+12	-7.540191e+12	-6.725940e+12	-6.067792e+12	-5.550471e+12	-5.161971e+12	-4.893276e+12	-4.738148e+12	-4.692989e+12	-4.756749e+12	-4.930908e+12	-5.219510e+12	-5.629250e+12	-6.169641e+12	-6.853222e+12	-7.695860e+12	-8.717111e+12	-9.940679e+12	-1.139496e+13	-1.311371e+13	-1.513681e+13	
-1.018835e+13	-9.006700e+12	-8.034084e+12	-7.247931e+12	-6.629995e+12	-6.165935e+12	-5.844980e+12	-5.659682e+12	-5.605739e+12	-5.681900e+12	-5.889932e+12	-6.234664e+12	-6.724096e+12	-7.369588e+12	-8.186121e+12	-9.192646e+12	-1.041252e+13	-1.187406e+13	-1.361119e+13	-1.566422e+13	-1.808080e+13	
-1.182190e+13	-1.045079e+13	-9.322226e+12	-8.410026e+12	-7.693013e+12	-7.154548e+12	-6.782134e+12	-6.567125e+12	-6.504534e+12	-6.592906e+12	-6.834293e+12	-7.234297e+12	-7.802202e+12	-8.551189e+12	-9.498640e+12	-1.066655e+13	-1.208201e+13	-1.377789e+13	-1.579354e+13	-1.817574e+13	-2.097978e+13	
-1.342607e+13	-1.186890e+13	-1.058720e+13	-9.551222e+12	-8.736915e+12	-8.125383e+12	-7.702433e+12	-7.458249e+12	-7.387164e+12	-7.487528e+12	-7.761670e+12	-8.215953e+12	-8.860920e+12	-9.711540e+12	-1.078756e+13	-1.211394e+13	-1.372148e+13	-1.564748e+13	-1.793664e+13	-2.064209e+13	-2.382663e+13	
-1.499695e+13	-1.325759e+13	-1.182593e+13	-1.066873e+13	-9.759151e+12	-9.076069e+12	-8.603633e+12	-8.330880e+12	-8.251477e+12	-8.363584e+12	-8.669801e+12	-9.177236e+12	-9.897665e+12	-1.084781e+13	-1.204972e+13	-1.353129e+13	-1.532692e+13	-1.747826e+13	-2.003526e+13	-2.305726e+13	-2.661439e+13	
-1.653073e+13	-1.461348e+13	-1.303540e+13	-1.175986e+13	-1.075725e+13	-1.000430e+13	-9.483551e+12	-9.182902e+12	-9.095379e+12	-9.218951e+12	-9.556486e+12	-1.011582e+13	-1.090993e+13	-1.195725e+13	-1.328208e+13	-1.491518e+13	-1.689444e+13	-1.926581e+13	-2.208432e+13	-2.541539e+13	-2.933632e+13	
-1.802373e+13	-1.593332e+13	-1.421271e+13	-1.282197e+13	-1.172881e+13	-1.090786e+13	-1.034008e+13	-1.001227e+13	-9.916845e+12	-1.005158e+13	-1.041960e+13	-1.102945e+13	-1.189528e+13	-1.303719e+13	-1.448168e+13	-1.626227e+13	-1.842030e+13	-2.100584e+13	-2.407891e+13	-2.771082e+13	-3.198588e+13	
-1.947240e+13	-1.721398e+13	-1.535508e+13	-1.385255e+13	-1.267152e+13	-1.178459e+13	-1.117117e+13	-1.081702e+13	-1.071392e+13	-1.085948e+13	-1.125708e+13	-1.191595e+13	-1.285137e+13	-1.408506e+13	-1.564566e+13	-1.756937e+13	-1.990085e+13	-2.269421e+13	-2.601428e+13	-2.993811e+13	-3.455678e+13	
-2.087336e+13	-1.845245e+13	-1.645980e+13	-1.484918e+13	-1.358318e+13	-1.263244e+13	-1.197489e+13	-1.159526e+13	-1.148474e+13	-1.164077e+13	-1.206698e+13	-1.277325e+13	-1.377597e+13	-1.509842e+13	-1.677129e+13	-1.883340e+13	-2.133262e+13	-2.432695e+13	-2.788589e+13	-3.209202e+13	-3.704298e+13	
-2.222334e+13	-1.964586e+13	-1.752434e+13	-1.580954e+13	-1.446167e+13	-1.344944e+13	-1.274936e+13	-1.234518e+13	-1.222752e+13	-1.239364e+13	-1.284741e+13	-1.359936e+13	-1.466693e+13	-1.607491e+13	-1.785597e+13	-2.005145e+13	-2.271231e+13	-2.590030e+13	-2.968940e+13	-3.416757e+13	-3.943874e+13	
-2.351928e+13	-2.079150e+13	-1.854626e+13	-1.673147e+13	-1.530500e+13	-1.423374e+13	-1.349283e+13	-1.306508e+13	-1.294055e+13	-1.311637e+13	-1.359660e+13	-1.439240e+13	-1.552222e+13	-1.701231e+13	-1.889723e+13	-2.122074e+13	-2.403676e+13	-2.741066e+13	-3.142072e+13	-3.616003e+13	-4.173858e+13	
-2.475828e+13	-2.188679e+13	-1.952328e+13	-1.761288e+13	-1.611126e+13	-1.498357e+13	-1.420363e+13	-1.375335e+13	-1.362226e+13	-1.380734e+13	-1.431287e+13	-1.515059e+13	-1.633994e+13	-1.790852e+13	-1.989274e+13	-2.233865e+13	-2.530302e+13	-2.885465e+13	-3.307597e+13	-3.806495e+13	-4.393738e+13	
-2.593762e+13	-2.292936e+13	-2.045326e+13	-1.845186e+13	-1.687871e+13	-1.569731e+13	-1.488022e+13	-1.440848e+13	-1.427115e+13	-1.446504e+13	-1.499465e+13	-1.587228e+13	-1.711828e+13	-1.876158e+13	-2.084032e+13	-2.340274e+13	-2.650832e+13	-3.022912e+13	-3.465152e+13	-3.987815e+13	-4.603030e+13	
-2.705480e+13	-2.391696e+13	-2.133421e+13	-1.924661e+13	-1.760571e+13	-1.637341e+13	-1.552113e+13	-1.502908e+13	-1.488583e+13	-1.508808e+13	-1.564050e+13	-1.655592e+13	-1.785559e+13	-1.956967e+13	-2.173794e+13	-2.441073e+13	-2.765007e+13	-3.153114e+13	-3.614402e+13	-4.159576e+13	-4.801290e+13	
-2.810748e+13	-2.484756e+13	-2.216432e+13	-1.999549e+13	-1.829074e+13	-1.701049e+13	-1.612505e+13	-1.561385e+13	-1.546503e+13	-1.567515e+13	-1.624906e+13	-1.720010e+13	-1.855034e+13	-2.033112e+13	-2.258376e+13	-2.536054e+13	-2.872592e+13	-3.275800e+13	-3.755036e+13	-4.321423e+13	-4.988106e+13	
-2.909358e+13	-2.571928e+13	-2.294191e+13	-2.069699e+13	-1.893243e+13	-1.760727e+13	-1.669077e+13	-1.616163e+13	-1.600759e+13	-1.622508e+13	-1.681913e+13	-1.780354e+13	-1.920115e+13	-2.104439e+13	-2.337606e+13	-2.625027e+13	-2.973372e+13	-3.390725e+13	-3.886775e+13	-4.473032e+13	-5.163104e+13	
-3.001119e+13	-2.653047e+13	-2.366550e+13	-2.134978e+13	-1.952956e+13	-1.816261e+13	-1.721719e+13	-1.667137e+13	-1.651248e+13	-1.673682e+13	-1.734961e+13	-1.836506e+13	-1.980675e+13	-2.170814e+13	-2.411335e+13	-2.707820e+13	-3.067152e+13	-3.497669e+13	-4.009364e+13	-4.614112e+13	-5.325949e+13	
-3.085866e+13	-2.727965e+13	-2.433377e+13	-2.195266e+13	-2.008104e+13	-1.867549e+13	-1.770338e+13	-1.714214e+13	-1.697876e+13	-1.720944e+13	-1.783953e+13	-1.888366e+13	-2.036606e+13	-2.232114e+13	-2.479427e+13	-2.784284e+13	-3.153763e+13	-3.596437e+13	-4.122581e+13	-4.744406e+13	-5.476344e+13	
-3.163452e+13	-2.796552e+13	-2.494558e+13	-2.250460e+13	-2.058593e+13	-1.914504e+13	-1.814848e+13	-1.757314e+13	-1.740565e+13	-1.764212e+13	-1.828806e+13	-1.935844e+13	-2.087811e+13	-2.288234e+13	-2.541765e+13	-2.854288e+13	-3.233056e+13	-3.686861e+13	-4.226233e+13	-4.863692e+13	-5.614033e+13	
-3.233757e+13	-2.858703e+13	-2.549997e+13	-2.300474e+13	-2.104343e+13	-1.957052e+13	-1.855182e+13	-1.796368e+13	-1.779247e+13	-1.803420e+13	-1.869449e+13	-1.978866e+13	-2.134211e+13	-2.339088e+13	-2.598254e+13	-2.917722e+13	-3.304908e+13	-3.768797e+13	-4.320157e+13	-4.971783e+13	-5.738800e+13	
-3.296681e+13	-2.914329e+13	-2.599616e+13	-2.345238e+13	-2.145291e+13	-1.995133e+13	-1.891281e+13	-1.831323e+13	-1.813869e+13	-1.838512e+13	-1.905826e+13	-2.017372e+13	-2.175740e+13	-2.384604e+13	-2.648812e+13	-2.974497e+13	-3.369217e+13	-3.842133e+13	-4.404221e+13	-5.068527e+13	-5.850469e+13	
-3.352149e+13	-2.963365e+13	-2.643357e+13	-2.384698e+13	-2.181386e+13	-2.028702e+13	-1.923103e+13	-1.862136e+13	-1.844388e+13	-1.869446e+13	-1.937893e+13	-2.051316e+13	-2.212348e+13	-2.424726e+13	-2.693380e+13	-3.024545e+13	-3.425906e+13	-3.906779e+13	-4.478325e+13	-5.153808e+13	-5.948906e+13	
-3.400110e+13	-3.005763e+13	-2.681176e+13	-2.418817e+13	-2.212597e+13	-2.057728e+13	-1.950617e+13	-1.888779e+13	-1.870777e+13	-1.896193e+13	-1.965619e+13	-2.080665e+13	-2.244001e+13	-2.459418e+13	-2.731915e+13	-3.067818e+13	-3.474922e+13	-3.962675e+13	-4.542399e+13	-5.227546e+13	-6.034020e+13	
-3.440535e+13	-3.041499e+13	-2.713053e+13	-2.447575e+13	-2.238902e+13	-2.082193e+13	-1.973809e+13	-1.911235e+13	-1.893019e+13	-1.918738e+13	-1.988989e+13	-2.105402e+13	-2.270680e+13	-2.488658e+13	-2.764396e+13	-3.104292e+13	-3.516236e+13	-4.009788e+13	-4.596404e+13	-5.289698e+13	-6.105760e+13	
-3.473417e+13	-3.070568e+13	-2.738983e+13	-2.470967e+13	-2.260301e+13	-2.102093e+13	-1.992673e+13	-1.929501e+13	-1.911111e+13	-1.937076e+13	-2.007998e+13	-2.125525e+13	-2.292382e+13	-2.512444e+13	-2.790816e+13	-3.133961e+13	-3.549842e+13	-4.048112e+13	-4.640334e+13	-5.340254e+13	-6.164115e+13	
-3.498776e+13	-3.092986e+13	-2.758980e+13	-2.489008e+13	-2.276803e+13	-2.117440e+13	-2.007221e+13	-1.943588e+13	-1.925064e+13	-1.951218e+13	-2.022659e+13	-2.141043e+13	-2.309118e+13	-2.530787e+13	-2.811192e+13	-3.156842e+13	-3.575759e+13	-4.077667e+13	-4.674212e+13	-5.379242e+13	-6.209119e+13	
-3.516652e+13	-3.108788e+13	-2.773076e+13	-2.501724e+13	-2.288435e+13	-2.128259e+13	-2.017477e+13	-1.953518e+13	-1.934899e+13	-1.961187e+13	-2.032993e+13	-2.151982e+13	-2.320916e+13	-2.543717e+13	-2.825555e+13	-3.172971e+13	-3.594029e+13	-4.098500e+13	-4.698094e+13	-5.406726e+13	-6.240843e+13	
-3.527108e+13	-3.118032e+13	-2.781322e+13	-2.509163e+13	-2.295240e+13	-2.134587e+13	-2.023475e+13	-1.959327e+13	-1.940653e+13	-1.967019e+13	-2.039038e+13	-2.158380e+13	-2.327817e+13	-2.551280e+13	-2.833956e+13	-3.182405e+13	-3.604715e+13	-4.110687e+13	-4.712063e+13	-5.422802e+13	-6.259399e+13	
-3.530231e+13	-3.120792e+13	-2.783784e+13	-2.511384e+13	-2.297272e+13	-2.136476e+13	-2.025267e+13	-1.961061e+13	-1.942370e+13	-1.968760e+13	-2.040843e+13	-2.160291e+13	-2.329878e+13	-2.553539e+13	-2.836465e+13	-3.185223e+13	-3.607906e+13	-4.114326e+13	-4.716235e+13	-5.427603e+13	-6.264940e+13	
-3.526126e+13	-3.117163e+13	-2.780547e+13	-2.508464e+13	-2.294601e+13	-2.133992e+13	-2.022912e+13	-1.958781e+13	-1.940112e+13	-1.966471e+13	-2.038470e+13	-2.157780e+13	-2.327169e+13	-2.550570e+13	-2.833167e+13	-3.181519e+13	-3.603712e+13	-4.109542e+13	-4.710751e+13	-5.421293e+13	-6.257657e+13	
-3.514924e+13	-3.107260e+13	-2.771713e+13	-2.500495e+13	-2.287311e+13	-2.127213e+13	-2.016485e+13	-1.952558e+13	-1.933948e+13	-1.960224e+13	-2.031994e+13	-2.150924e+13	-2.319776e+13	-2.542467e+13	-2.824166e+13	-3.171412e+13	-3.592262e+13	-4.096486e+13	-4.695785e+13	-5.404069e+13	-6.237776e+13	
-3.496772e+13	-3.091213e+13	-2.757399e+13	-2.487582e+13	-2.275498e+13	-2.116227e+13	-2.006071e+13	-1.942475e+13	-1.923961e+13	-1.950100e+13	-2.021500e+13	-2.139816e+13	-2.307796e+13	-2.529337e+13	-2.809581e+13	-3.155034e+13	-3.573711e+13	-4.075331e+13	-4.671535e+13	-5.376161e+13	-6.205563e+13	
-3.471839e+13	-3.069173e+13	-2.737739e+13	-2.469845e+13	-2.259274e+13	-2.101138e+13	-1.991768e+13	-1.928625e+13	-1.910243e+13	-1.936196e+13	-2.007086e+13	-2.124559e+13	-2.291341e+13	-2.511302e+13	-2.789549e+13	-3.132538e+13	-3.548230e+13	-4.046273e+13	-4.638227e+13	-5.337829e+13	-6.161316e+13	
-3.440314e+13	-3.041304e+13	-2.712879e+13	-2.447418e+13	-2.238759e+13	-2.082059e+13	-1.973682e+13	-1.911112e+13	-1.892897e+13	-1.918615e+13	-1.988862e+13	-2.105268e+13	-2.270535e+13	-2.488499e+13	-2.764219e+13	-3.104094e+13	-3.516012e+13	-4.009533e+13	-4.596111e+13	-5.289360e+13	-6.105370e+13	
-3.402402e+13	-3.007789e+13	-2.682984e+13	-2.420448e+13	-2.214088e+13	-2.059115e+13	-1.951933e+13	-1.890052e+13	-1.872038e+13	-1.897472e+13	-1.966945e+13	-2.082068e+13	-2.245514e+13	-2.461077e+13	-2.733758e+13	-3.069887e+13	-3.477266e+13	-3.965348e+13	-4.545463e+13	-5.231072e+13	-6.038090e+13	
-3.358327e+13	-2.968826e+13	-2.648228e+13	-2.389093e+13	-2.185407e+13	-2.032441e+13	-1.926647e+13	-1.865568e+13	-1.847788e+13	-1.872892e+13	-1.941465e+13	-2.055097e+13	-2.216426e+13	-2.429196e+13	-2.698345e+13	-3.030120e+13	-3.432221e+13	-3.913981e+13	-4.486581e+13	-5.163309e+13	-5.959873e+13	
-3.308329e+13	-2.924626e+13	-2.608802e+13	-2.353525e+13	-2.152871e+13	-2.002183e+13	-1.897963e+13	-1.837794e+13	-1.820278e+13	-1.845009e+13	-1.912561e+13	-2.024501e+13	-2.183428e+13	-2.393030e+13	-2.658172e+13	-2.985008e+13	-3.381123e+13	-3.855710e+13	-4.419785e+13	-5.086438e+13	-5.871143e+13	
-3.252662e+13	-2.875416e+13	-2.564905e+13	-2.313923e+13	-2.116646e+13	-1.968493e+13	-1.866028e+13	-1.806871e+13	-1.789649e+13	-1.813964e+13	-1.880379e+13	-1.990436e+13	-2.146689e+13	-2.352764e+13	-2.613445e+13	-2.934781e+13	-3.324231e+13	-3.790833e+13	-4.345416e+13	-5.000852e+13	-5.772354e+13	
-3.191595e+13	-2.821432e+13	-2.516751e+13	-2.270481e+13	-2.076907e+13	-1.931536e+13	-1.830994e+13	-1.772948e+13	-1.756050e+13	-1.779908e+13	-1.845076e+13	-1.953067e+13	-2.106386e+13	-2.308593e+13	-2.564380e+13	-2.879683e+13	-3.261821e+13	-3.719663e+13	-4.263834e+13	-4.906965e+13	-5.663982e+13	
-3.125412e+13	-2.762925e+13	-2.464562e+13	-2.223399e+13	-2.033839e+13	-1.891483e+13	-1.793026e+13	-1.736183e+13	-1.719635e+13	-1.742999e+13	-1.806816e+13	-1.912567e+13	-2.062707e+13	-2.260721e+13	-2.511203e+13	-2.819968e+13	-3.194182e+13	-3.642530e+13	-4.175417e+13	-4.805211e+13	-5.546530e+13	
-3.054407e+13	-2.700154e+13	-2.408570e+13	-2.172886e+13	-1.987633e+13	-1.848510e+13	-1.752290e+13	-1.696739e+13	-1.680567e+13	-1.703400e+13	-1.765767e+13	-1.869116e+13	-2.015845e+13	-2.209360e+13	-2.454152e+13	-2.755902e+13	-3.121614e+13	-3.559776e+13	-4.080557e+13	-4.696043e+13	-5.420520e+13	
-2.978884e+13	-2.633391e+13	-2.349016e+13	-2.119160e+13	-1.938487e+13	-1.802805e+13	-1.708964e+13	-1.654786e+13	-1.639014e+13	-1.661282e+13	-1.722107e+13	-1.822901e+13	-1.966002e+13	-2.154732e+13	-2.393471e+13	-2.687761e+13	-3.044430e+13	-3.471758e+13	-3.979662e+13	-4.579930e+13	-5.286494e+13	
-2.899160e+13	-2.562913e+13	-2.286149e+13	-2.062444e+13	-1.886607e+13	-1.754556e+13	-1.663226e+13	-1.610499e+13	-1.595149e+13	-1.616821e+13	-1.676018e+13	-1.774114e+13	-1.913385e+13	-2.097064e+13	-2.329414e+13	-2.615828e+13	-2.962952e+13	-3.378843e+13	-3.873154e+13	-4.457357e+13	-5.145011e+13	
-2.815556e+13	-2.489006e+13	-2.220223e+13	-2.002970e+13	-1.832203e+13	-1.703960e+13	-1.615264e+13	-1.564057e+13	-1.549150e+13	-1.570197e+13	-1.627687e+13	-1.722954e+13	-1.858209e+13	-2.036591e+13	-2.262241e+13	-2.540395e+13	-2.877509e+13	-3.281407e+13	-3.761464e+13	-4.328820e+13	-4.996644e+13	
-2.728405e+13	-2.411963e+13	-2.151499e+13	-1.940971e+13	-1.775490e+13	-1.651216e+13	-1.565266e+13	-1.515644e+13	-1.501198e+13	-1.521594e+13	-1.577304e+13	-1.669623e+13	-1.800691e+13	-1.973552e+13	-2.192217e+13	-2.461761e+13	-2.788440e+13	-3.179836e+13	-3.645034e+13	-4.194828e+13	-4.841981e+13	
-2.638042e+13	-2.332080e+13	-2.080243e+13	-1.876687e+13	-1.716686e+13	-1.596529e+13	-1.513425e+13	-1.465446e+13	-1.451479e+13	-1.471200e+13	-1.525065e+13	-1.614326e+13	-1.741053e+13	-1.908189e+13	-2.119612e+13	-2.380229e+13	-2.696089e+13	-3.074522e+13	-3.524312e+13	-4.055898e+13	-4.681618e+13	
-2.544808e+13	-2.249659e+13	-2.006723e+13	-1.810361e+13	-1.656015e+13	-1.540104e+13	-1.459937e+13	-1.413654e+13	-1.400181e+13	-1.419204e+13	-1.471166e+13	-1.557272e+13	-1.679521e+13	-1.840750e+13	-2.044701e+13	-2.296107e+13	-2.600804e+13	-2.965863e+13	-3.399756e+13	-3.912555e+13	-4.516160e+13	
-2.449047e+13	-2.165005e+13	-1.931210e+13	-1.742237e+13	-1.593700e+13	-1.482150e+13	-1.405000e+13	-1.360459e+13	-1.347493e+13	-1.365800e+13	-1.415807e+13	-1.498672e+13	-1.616321e+13	-1.771483e+13	-1.967759e+13	-2.209705e+13	-2.502936e+13	-2.854258e+13	-3.271824e+13	-3.765327e+13	-4.346218e+13	
-2.351106e+13	-2.078423e+13	-1.853979e+13	-1.672563e+13	-1.529966e+13	-1.422877e+13	-1.348813e+13	-1.306052e+13	-1.293605e+13	-1.311180e+13	-1.359187e+13	-1.438739e+13	-1.551682e+13	-1.700639e+13	-1.889066e+13	-2.121336e+13	-2.402841e+13	-2.740113e+13	-3.140980e+13	-3.614746e+13	-4.172408e+13	
-2.251333e+13	-1.990221e+13	-1.775301e+13	-1.601584e+13	-1.465038e+13	-1.362495e+13	-1.291573e+13	-1.250628e+13	-1.238708e+13	-1.255538e+13	-1.301507e+13	-1.377683e+13	-1.485834e+13	-1.628469e+13	-1.808900e+13	-2.031313e+13	-2.300872e+13	-2.623831e+13	-3.007687e+13	-3.461348e+13	-3.995344e+13	
-2.150072e+13	-1.900705e+13	-1.695452e+13	-1.529548e+13	-1.399144e+13	-1.301212e+13	-1.233481e+13	-1.194377e+13	-1.182993e+13	-1.199066e+13	-1.242968e+13	-1.315718e+13	-1.419004e+13	-1.555224e+13	-1.727539e+13	-1.939949e+13	-2.197383e+13	-2.505817e+13	-2.872407e+13	-3.305664e+13	-3.815642e+13	
-2.047670e+13	-1.810180e+13	-1.614702e+13	-1.456700e+13	-1.332506e+13	-1.239239e+13	-1.174733e+13	-1.137492e+13	-1.126651e+13	-1.141958e+13	-1.183769e+13	-1.253054e+13	-1.351421e+13	-1.481153e+13	-1.645262e+13	-1.847555e+13	-2.092728e+13	-2.386472e+13	-2.735603e+13	-3.148224e+13	-3.633913e+13	
-1.944468e+13	-1.718947e+13	-1.533321e+13	-1.383283e+13	-1.265348e+13	-1.176782e+13	-1.115527e+13	-1.080163e+13	-1.069868e+13	-1.084403e+13	-1.124107e+13	-1.189900e+13	-1.283310e+13	-1.406503e+13	-1.562341e+13	-1.754439e+13	-1.987255e+13	-2.266194e+13	-2.597729e+13	-2.989555e+13	-3.450765e+13	
-1.840803e+13	-1.627305e+13	-1.451576e+13	-1.309536e+13	-1.197889e+13	-1.114044e+13	-1.056055e+13	-1.022576e+13	-1.012830e+13	-1.026591e+13	-1.064178e+13	-1.126464e+13	-1.214893e+13	-1.331519e+13	-1.479049e+13	-1.660905e+13	-1.881310e+13	-2.145378e+13	-2.459238e+13	-2.830174e+13	-3.266796e+13	
-1.737008e+13	-1.535549e+13	-1.369728e+13	-1.235697e+13	-1.130346e+13	-1.051228e+13	-9.965091e+12	-9.649178e+12	-9.557213e+12	-9.687062e+12	-1.004174e+13	-1.062947e+13	-1.146391e+13	-1.256441e+13	-1.395652e+13	-1.567254e+13	-1.775231e+13	-2.024409e+13	-2.320572e+13	-2.670593e+13	-3.082596e+13	
-1.633408e+13	-1.443965e+13	-1.288034e+13	-1.161997e+13	-1.062929e+13	-9.885305e+12	-9.370748e+12	-9.073677e+12	-8.987198e+12	-9.109302e+12	-9.442825e+12	-9.995506e+12	-1.078017e+13	-1.181504e+13	-1.312412e+13	-1.473779e+13	-1.669352e+13	-1.903669e+13	-2.182168e+13	-2.511313e+13	-2.898743e+13	
-1.530322e+13	-1.352834e+13	-1.206745e+13	-1.088662e+13	-9.958464e+12	-9.261433e+12	-8.779351e+12	-8.501029e+12	-8.420007e+12	-8.534406e+12	-8.846879e+12	-9.364680e+12	-1.009983e+13	-1.106938e+13	-1.229584e+13	-1.380768e+13	-1.563998e+13	-1.783527e+13	-2.044450e+13	-2.352822e+13	-2.715801e+13	
-1.428059e+13	-1.262432e+13	-1.126104e+13	-1.015913e+13	-9.292992e+12	-8.642540e+12	-8.192673e+12	-7.932950e+12	-7.857343e+12	-7.964097e+12	-8.255690e+12	-8.738889e+12	-9.424910e+12	-1.032967e+13	-1.147418e+13	-1.288499e+13	-1.459485e+13	-1.664343e+13	-1.907830e+13	-2.195596e+13	-2.534319e+13	
-1.326918e+13	-1.173021e+13	-1.046349e+13	-9.439614e+12	-8.634824e+12	-8.030440e+12	-7.612435e+12	-7.371106e+12	-7.300854e+12	-7.400048e+12	-7.670989e+12	-8.119967e+12	-8.757400e+12	-9.598085e+12	-1.066153e+13	-1.197242e+13	-1.356118e+13	-1.546468e+13	-1.772710e+13	-2.040095e+13	-2.354829e+13	
-1.227188e+13	-1.084858e+13	-9.677063e+12	-8.730142e+12	-7.985840e+12	-7.426881e+12	-7.040292e+12	-6.817102e+12	-6.752130e+12	-6.843869e+12	-7.094447e+12	-7.509680e+12	-8.099205e+12	-8.876705e+12	-9.860225e+12	-1.107259e+13	-1.254194e+13	-1.430238e+13	-1.639476e+13	-1.886764e+13	-2.177843e+13	
-1.129147e+13	-9.981876e+12	-8.903954e+12	-8.032683e+12	-7.347844e+12	-6.833541e+12	-6.477838e+12	-6.272478e+12	-6.212697e+12	-6.297107e+12	-6.527666e+12	-6.909726e+12	-7.452154e+12	-8.167539e+12	-9.072485e+12	-1.018799e+13	-1.153996e+13	-1.315975e+13	-1.508497e+13	-1.736030e+13	-2.003854e+13	
-1.033059e+13	-9.132442e+12	-8.146249e+12	-7.349122e+12	-6.722561e+12	-6.252024e+12	-5.926590e+12	-5.738707e+12	-5.684013e+12	-5.761240e+12	-5.972179e+12	-6.321727e+12	-6.817996e+12	-7.472504e+12	-8.300442e+12	-9.321024e+12	-1.055794e+13	-1.203989e+13	-1.380128e+13	-1.588298e+13	-1.833331e+13	
-9.391766e+12	-8.302503e+12	-7.405933e+12	-6.681248e+12	-6.111627e+12	-5.683852e+12	-5.387993e+12	-5.217185e+12	-5.167462e+12	-5.237670e+12	-5.429440e+12	-5.747222e+12	-6.198392e+12	-6.793420e+12	-7.546116e+12	-8.473951e+12	-9.598458e+12	-1.094573e+13	-1.254705e+13	-1.443957e+13	-1.666722e+13	
-8.477370e+12	-7.494159e+12	-6.684881e+12	-6.030752e+12	-5.516591e+12	-5.130465e+12	-4.863411e+12	-4.709233e+12	-4.664352e+12	-4.727725e+12	-4.900824e+12	-5.187667e+12	-5.594910e+12	-6.132006e+12	-6.811419e+12	-7.648919e+12	-8.663943e+12	-9.880048e+12	-1.132546e+13	-1.303372e+13	-1.504449e+13	
-7.589634e+12	-6.709384e+12	-5.984852e+12	-5.399222e+12	-4.938904e+12	-4.593212e+12	-4.354124e+12	-4.216091e+12	-4.175910e+12	-4.232647e+12	-4.387620e+12	-4.644425e+12	-5.009023e+12	-5.489876e+12	-6.098143e+12	-6.847942e+12	-7.756675e+12	-8.845432e+12	-1.013948e+13	-1.166886e+13	-1.346906e+13	
-6.730636e+12	-5.950013e+12	-5.307484e+12	-4.788137e+12	-4.379917e+12	-4.073351e+12	-3.861324e+12	-3.738914e+12	-3.703280e+12	-3.753596e+12	-3.891030e+12	-4.118770e+12	-4.442103e+12	-4.868533e+12	-5.407957e+12	-6.072894e+12	-6.878777e+12	-7.844309e+12	-8.991901e+12	-1.034819e+13	-1.194464e+13	
-5.902298e+12	-5.217746e+12	-4.654293e+12	-4.198862e+12	-3.840882e+12	-3.572045e+12	-3.386112e+12	-3.278767e+12	-3.247520e+12	-3.291644e+12	-3.412164e+12	-3.611876e+12	-3.895417e+12	-4.269367e+12	-4.742404e+12	-5.325509e+12	-6.032213e+12	-6.878918e+12	-7.885277e+12	-9.074645e+12	-1.047463e+13	
-5.106377e+12	-4.514137e+12	-4.026665e+12	-3.632649e+12	-3.322942e+12	-3.090358e+12	-2.929498e+12	-2.836629e+12	-2.809596e+12	-2.847770e+12	-2.952038e+12	-3.124820e+12	-3.370126e+12	-3.693650e+12	-4.102899e+12	-4.607373e+12	-5.218779e+12	-5.951308e+12	-6.821961e+12	-7.850945e+12	-9.062142e+12	
-4.344466e+12	-3.840593e+12	-3.425856e+12	-3.090630e+12	-2.827135e+12	-2.629254e+12	-2.492396e+12	-2.413384e+12	-2.390384e+12	-2.422863e+12	-2.511574e+12	-2.658576e+12	-2.867281e+12	-3.142533e+12	-3.490720e+12	-3.919923e+12	-4.440104e+12	-5.063335e+12	-5.804082e+12	-6.679535e+12	-7.710014e+12	
-3.617989e+12	-3.198373e+12	-2.852988e+12	-2.573818e+12	-2.354385e+12	-2.189594e+12	-2.075621e+12	-2.009822e+12	-1.990669e+12	-2.017717e+12	-2.091594e+12	-2.214015e+12	-2.387821e+12	-2.617047e+12	-2.907011e+12	-3.264444e+12	-3.697642e+12	-4.216659e+12	-4.833540e+12	-5.562602e+12	-6.420767e+12	
-2.928196e+12	-2.588583e+12	-2.309048e+12	-2.083104e+12	-1.905507e+12	-1.772135e+12	-1.679893e+12	-1.626639e+12	-1.611137e+12	-1.633029e+12	-1.692822e+12	-1.791903e+12	-1.932573e+12	-2.118096e+12	-2.352777e+12	-2.642065e+12	-2.992672e+12	-3.412736e+12	-3.912007e+12	-4.502071e+12	-5.196624e+12	
-2.276166e+12	-2.012176e+12	-1.794887e+12	-1.619255e+12	-1.481204e+12	-1.377530e+12	-1.305828e+12	-1.264433e+12	-1.252384e+12	-1.269401e+12	-1.315880e+12	-1.392900e+12	-1.502247e+12	-1.646460e+12	-1.828885e+12	-2.053758e+12	-2.326296e+12	-2.652825e+12	-3.040923e+12	-3.499598e+12	-4.039496e+12	
-1.662803e+12	-1.469951e+12	-1.311216e+12	-1.182912e+12	-1.082062e+12	-1.006326e+12	-9.539463e+11	-9.237064e+11	-9.149048e+11	-9.273372e+11	-9.612922e+11	-1.017558e+12	-1.097440e+12	-1.202793e+12	-1.336061e+12	-1.500338e+12	-1.699437e+12	-1.937977e+12	-2.221496e+12	-2.556574e+12	-2.950988e+12	
-1.088836e+12	-9.625533e+11	-8.586104e+11	-7.745951e+11	-7.085573e+11	-6.589645e+11	-6.246655e+11	-6.048645e+11	-5.991018e+11	-6.072436e+11	-6.294789e+11	-6.663239e+11	-7.186336e+11	-7.876220e+11	-8.748904e+11	-9.824641e+11	-1.112840e+12	-1.269044e+12	-1.454701e+12	-1.674120e+12	-1.932393e+12	
-5.548194e+11	-4.904723e+11	-4.375085e+11	-3.946989e+11	-3.610499e+11	-3.357804e+11	-3.183042e+11	-3.082154e+11	-3.052800e+11	-3.094299e+11	-3.207613e+11	-3.395373e+11	-3.661936e+11	-4.013489e+11	-4.458191e+11	-5.006363e+11	-5.670728e+11	-6.466706e+11	-7.412769e+11	-8.530875e+11	-9.846974e+11	
-6.113538e+10	-5.404607e+10	-4.821112e+10	-4.349510e+10	-3.978856e+10	-3.700547e+10	-3.508124e+10	-3.397122e+10	-3.364963e+10	-3.410902e+10	-3.536004e+10	-3.743174e+10	-4.037219e+10	-4.424964e+10	-4.915408e+10	-5.519934e+10	-6.252572e+10	-7.130327e+10	-8.173569e+10	-9.406511e+10	-1.085777e+11	
3.920052e+11	3.465389e+11	3.091155e+11	2.788664e+11	2.550894e+11	2.372328e+11	2.248822e+11	2.177509e+11	2.156733e+11	2.186013e+11	2.266029e+11	2.398636e+11	2.586914e+11	2.835231e+11	3.149352e+11	3.536565e+11	4.005859e+11	4.568125e+11	5.236413e+11	6.026233e+11	6.955915e+11	
8.045600e+11	7.112453e+11	6.344380e+11	5.723553e+11	5.235564e+11	4.869088e+11	4.615619e+11	4.469273e+11	4.426655e+11	4.486775e+11	4.651029e+11	4.923229e+11	5.309692e+11	5.819388e+11	6.464146e+11	7.258931e+11	8.222188e+11	9.376274e+11	1.074797e+12	1.236913e+12	1.427735e+12	
1.176652e+12	1.040182e+12	9.278531e+11	8.370592e+11	7.656925e+11	7.120969e+11	6.750283e+11	6.536264e+11	6.473946e+11	6.561882e+11	6.802112e+11	7.200213e+11	7.765424e+11	8.510863e+11	9.453830e+11	1.061621e+12	1.202499e+12	1.371285e+12	1.571897e+12	1.808992e+12	2.088071e+12	
1.508565e+12	1.333599e+12	1.189585e+12	1.073180e+12	9.816827e+11	9.129690e+11	8.654445e+11	8.380061e+11	8.300170e+11	8.412918e+11	8.720921e+11	9.231328e+11	9.955986e+11	1.091171e+12	1.212069e+12	1.361097e+12	1.541716e+12	1.758116e+12	2.015320e+12	2.319298e+12	2.677104e+12	
1.800741e+12	1.591888e+12	1.419982e+12	1.281032e+12	1.171814e+12	1.089792e+12	1.033064e+12	1.000311e+12	9.907755e+11	1.004234e+12	1.041001e+12	1.101927e+12	1.188429e+12	1.302513e+12	1.446827e+12	1.624720e+12	1.840321e+12	2.098635e+12	2.405655e+12	2.768509e+12	3.195617e+12	
2.053772e+12	1.815573e+12	1.619512e+12	1.461037e+12	1.336473e+12	1.242926e+12	1.178226e+12	1.140872e+12	1.129996e+12	1.145347e+12	1.187280e+12	1.256768e+12	1.355425e+12	1.485540e+12	1.650133e+12	1.853023e+12	2.098921e+12	2.393533e+12	2.743696e+12	3.157537e+12	3.644662e+12	
2.268399e+12	2.005307e+12	1.788757e+12	1.613721e+12	1.476139e+12	1.372817e+12	1.301356e+12	1.260098e+12	1.248086e+12	1.265041e+12	1.311357e+12	1.388107e+12	1.497074e+12	1.640787e+12	1.822581e+12	2.046675e+12	2.318271e+12	2.643671e+12	3.030429e+12	3.487519e+12	4.025552e+12	
2.445499e+12	2.161867e+12	1.928410e+12	1.739710e+12	1.591386e+12	1.479997e+12	1.402957e+12	1.358479e+12	1.345529e+12	1.363808e+12	1.413740e+12	1.496483e+12	1.613958e+12	1.768891e+12	1.964879e+12	2.206469e+12	2.499269e+12	2.850075e+12	3.267029e+12	3.759807e+12	4.339846e+12	
2.586086e+12	2.286149e+12	2.039271e+12	1.839723e+12	1.682872e+12	1.565080e+12	1.483611e+12	1.436576e+12	1.422882e+12	1.442212e+12	1.495014e+12	1.582514e+12	1.706743e+12	1.870583e+12	2.077838e+12	2.333318e+12	2.642951e+12	3.013925e+12	3.454849e+12	3.975957e+12	4.589343e+12	
2.691299e+12	2.379159e+12	2.122238e+12	1.914571e+12	1.751339e+12	1.628754e+12	1.543971e+12	1.495023e+12	1.480772e+12	1.500888e+12	1.555839e+12	1.646899e+12	1.776182e+12	1.946688e+12	2.162376e+12	2.428249e+12	2.750480e+12	3.136547e+12	3.595411e+12	4.137720e+12	4.776061e+12	
2.762395e+12	2.442009e+12	2.178301e+12	1.965148e+12	1.797604e+12	1.671781e+12	1.584759e+12	1.534517e+12	1.519890e+12	1.540538e+12	1.596940e+12	1.690406e+12	1.823104e+12	1.998115e+12	2.219500e+12	2.492398e+12	2.823142e+12	3.219408e+12	3.690393e+12	4.247029e+12	4.902234e+12	
2.800742e+12	2.475909e+12	2.208539e+12	1.992427e+12	1.822558e+12	1.694989e+12	1.606758e+12	1.555819e+12	1.540989e+12	1.561924e+12	1.619109e+12	1.713872e+12	1.848413e+12	2.025854e+12	2.250312e+12	2.526998e+12	2.862333e+12	3.264101e+12	3.741625e+12	4.305988e+12	4.970289e+12	
2.807810e+12	2.482157e+12	2.214113e+12	1.997456e+12	1.827158e+12	1.699266e+12	1.610813e+12	1.559746e+12	1.544878e+12	1.565866e+12	1.623196e+12	1.718198e+12	1.853078e+12	2.030967e+12	2.255992e+12	2.533377e+12	2.869558e+12	3.272340e+12	3.751069e+12	4.316857e+12	4.982834e+12	
2.785163e+12	2.462137e+12	2.196254e+12	1.981345e+12	1.812421e+12	1.685561e+12	1.597821e+12	1.547166e+12	1.532418e+12	1.553236e+12	1.610104e+12	1.704340e+12	1.838133e+12	2.014587e+12	2.237797e+12	2.512944e+12	2.846415e+12	3.245948e+12	3.720816e+12	4.282040e+12	4.942647e+12	
2.734450e+12	2.417306e+12	2.156265e+12	1.945269e+12	1.779420e+12	1.654870e+12	1.568728e+12	1.518995e+12	1.504516e+12	1.524955e+12	1.580787e+12	1.673308e+12	1.804664e+12	1.977905e+12	2.197052e+12	2.467189e+12	2.794588e+12	3.186846e+12	3.653068e+12	4.204074e+12	4.852652e+12	
2.657396e+12	2.349189e+12	2.095504e+12	1.890453e+12	1.729278e+12	1.608238e+12	1.524523e+12	1.476191e+12	1.462120e+12	1.481984e+12	1.536243e+12	1.626156e+12	1.753811e+12	1.922171e+12	2.135142e+12	2.397667e+12	2.715840e+12	3.097045e+12	3.550129e+12	4.085609e+12	4.715911e+12	
2.555792e+12	2.259369e+12	2.015383e+12	1.818173e+12	1.663160e+12	1.546748e+12	1.466234e+12	1.419750e+12	1.406217e+12	1.425321e+12	1.477505e+12	1.563981e+12	1.686755e+12	1.848678e+12	2.053506e+12	2.305994e+12	2.612002e+12	2.978632e+12	3.414393e+12	3.929398e+12	4.535602e+12	
2.431486e+12	2.149480e+12	1.917361e+12	1.729742e+12	1.582269e+12	1.471518e+12	1.394921e+12	1.350697e+12	1.337823e+12	1.355998e+12	1.405644e+12	1.487914e+12	1.604717e+12	1.758763e+12	1.953629e+12	2.193837e+12	2.484962e+12	2.833760e+12	3.248327e+12	3.738284e+12	4.315003e+12	
2.286372e+12	2.021196e+12	1.802930e+12	1.626509e+12	1.487837e+12	1.383696e+12	1.311670e+12	1.270086e+12	1.257980e+12	1.275070e+12	1.321754e+12	1.399113e+12	1.508945e+12	1.653798e+12	1.837035e+12	2.062906e+12	2.336656e+12	2.664638e+12	3.054463e+12	3.515179e+12	4.057479e+12	
2.122384e+12	1.876228e+12	1.673617e+12	1.509849e+12	1.381123e+12	1.284452e+12	1.217592e+12	1.178991e+12	1.167753e+12	1.183617e+12	1.226952e+12	1.298763e+12	1.400718e+12	1.535181e+12	1.705275e+12	1.914946e+12	2.169062e+12	2.473519e+12	2.835384e+12	3.263056e+12	3.766460e+12	
1.941483e+12	1.716308e+12	1.530967e+12	1.381157e+12	1.263404e+12	1.174972e+12	1.113811e+12	1.078500e+12	1.068219e+12	1.082732e+12	1.122373e+12	1.188063e+12	1.281328e+12	1.404330e+12	1.559926e+12	1.751726e+12	1.984182e+12	2.262689e+12	2.593711e+12	2.984930e+12	3.445426e+12	
1.745649e+12	1.543187e+12	1.376541e+12	1.241843e+12	1.135966e+12	1.056455e+12	1.001462e+12	9.697132e+11	9.604699e+11	9.735183e+11	1.009161e+12	1.068225e+12	1.152082e+12	1.262678e+12	1.402579e+12	1.575032e+12	1.784041e+12	2.034455e+12	2.332087e+12	2.683845e+12	3.097892e+12	
1.536871e+12	1.358623e+12	1.211908e+12	1.093319e+12	1.000106e+12	9.301037e+11	8.816884e+11	8.537362e+11	8.455984e+11	8.570862e+11	8.884660e+11	9.404663e+11	1.014294e+12	1.111662e+12	1.234831e+12	1.386659e+12	1.570671e+12	1.791135e+12	2.053171e+12	2.362858e+12	2.727385e+12	
1.317138e+12	1.164375e+12	1.038636e+12	9.370023e+11	8.571159e+11	7.971223e+11	7.556292e+11	7.316734e+11	7.246991e+11	7.345443e+11	7.614376e+11	8.060031e+11	8.692752e+11	9.527223e+11	1.058281e+12	1.188402e+12	1.346104e+12	1.535048e+12	1.759618e+12	2.025028e+12	2.337437e+12	
1.088428e+12	9.621907e+11	8.582852e+11	7.742996e+11	7.082848e+11	6.587085e+11	6.244203e+11	6.046242e+11	5.988608e+11	6.069965e+11	6.292199e+11	6.660469e+11	7.183322e+11	7.872893e+11	8.745186e+11	9.820446e+11	1.112363e+12	1.268498e+12	1.454074e+12	1.673397e+12	1.931559e+12	
8.527020e+11	7.538046e+11	6.724024e+11	6.066059e+11	5.548881e+11	5.160488e+11	4.891865e+11	4.736777e+11	4.691624e+11	4.755360e+11	4.929463e+11	5.217974e+11	5.627590e+11	6.167816e+11	6.851191e+11	7.693575e+11	8.714520e+11	9.937720e+11	1.139157e+12	1.310980e+12	1.513229e+12	
6.118937e+11	5.409255e+11	4.825117e+11	4.352965e+11	3.981841e+11	3.703132e+11	3.510368e+11	3.399077e+11	3.366676e+11	3.412411e+11	3.537345e+11	3.744378e+11	4.038313e+11	4.425974e+11	4.916358e+11	5.520845e+11	6.253466e+11	7.131224e+11	8.174490e+11	9.407479e+11	1.085881e+12	
3.679003e+11	3.252307e+11	2.901094e+11	2.617212e+11	2.394073e+11	2.226499e+11	2.110599e+11	2.043684e+11	2.024202e+11	2.051698e+11	2.126813e+11	2.251289e+11	2.428015e+11	2.661094e+11	2.955933e+11	3.319377e+11	3.759860e+11	4.287606e+11	4.914863e+11	5.656190e+11	6.528790e+11	
1.225750e+11	1.083584e+11	9.665679e+10	8.719844e+10	7.976388e+10	7.418056e+10	7.031891e+10	6.808928e+10	6.743994e+10	6.835582e+10	7.085817e+10	7.500506e+10	8.089275e+10	8.865788e+10	9.848068e+10	1.105891e+11	1.252642e+11	1.428466e+11	1.637443e+11	1.884423e+11	2.175139e+11	
-1.222808e+11	-1.080987e+11	-9.642557e+10	-8.699034e+10	-7.957406e+10	-7.400462e+10	-7.015276e+10	-6.792908e+10	-6.728196e+10	-6.819639e+10	-7.069359e+10	-7.483152e+10	-8.070621e+10	-8.845402e+10	-9.825476e+10	-1.103359e+11	-1.249778e+11	-1.425204e+11	-1.633707e+11	-1.880126e+11	-2.170182e+11	
-3.649252e+11	-3.226010e+11	-2.877641e+11	-2.596060e+11	-2.374730e+11	-2.208515e+11	-2.093558e+11	-2.027190e+11	-2.007871e+11	-2.035154e+11	-2.109670e+11	-2.233149e+11	-2.408457e+11	-2.639664e+11	-2.932134e+11	-3.292657e+11	-3.729599e+11	-4.253101e+11	-4.875313e+11	-5.610677e+11	-6.476259e+11	
-6.036829e+11	-5.336674e+11	-4.760378e+11	-4.294566e+11	-3.928427e+11	-3.653462e+11	-3.463291e+11	-3.353499e+11	-3.321538e+11	-3.366668e+11	-3.489934e+11	-3.694199e+11	-3.984202e+11	-4.366674e+11	-4.850493e+11	-5.446887e+11	-6.169697e+11	-7.035701e+11	-8.064996e+11	-9.281472e+11	-1.071336e+12	
-8.369518e+11	-7.398816e+11	-6.599833e+11	-5.954026e+11	-5.446406e+11	-5.065191e+11	-4.801535e+11	-4.649317e+11	-4.605006e+11	-4.667572e+11	-4.838468e+11	-5.121660e+11	-5.523721e+11	-6.053982e+11	-6.724750e+11	-7.551593e+11	-8.553701e+11	-9.754332e+11	-1.118135e+12	-1.286788e+12	-1.485306e+12	
-1.063209e+12	-9.398976e+11	-8.383999e+11	-7.563607e+11	-6.918758e+11	-6.434487e+11	-6.099555e+11	-5.906187e+11	-5.849896e+11	-5.929375e+11	-6.146469e+11	-6.506217e+11	-7.016967e+11	-7.690575e+11	-8.542673e+11	-9.593038e+11	-1.086605e+12	-1.239125e+12	-1.420404e+12	-1.634649e+12	-1.886833e+12	
-1.281018e+12	-1.132445e+12	-1.010154e+12	-9.113083e+11	-8.336130e+11	-7.752652e+11	-7.349104e+11	-7.116122e+11	-7.048299e+11	-7.144059e+11	-7.405626e+11	-7.839071e+11	-8.454453e+11	-9.266054e+11	-1.029271e+12	-1.155825e+12	-1.309205e+12	-1.492970e+12	-1.711385e+12	-1.969520e+12	-2.273366e+12	
-1.489031e+12	-1.316332e+12	-1.174184e+12	-1.059287e+12	-9.689757e+11	-9.011532e+11	-8.542456e+11	-8.271642e+11	-8.192804e+11	-8.304114e+11	-8.608154e+11	-9.111980e+11	-9.827287e+11	-1.077068e+12	-1.196404e+12	-1.343508e+12	-1.521793e+12	-1.735398e+12	-1.989280e+12	-2.289331e+12	-2.642515e+12	
-1.685996e+12	-1.490453e+12	-1.329501e+12	-1.199407e+12	-1.097149e+12	-1.020355e+12	-9.672427e+11	-9.365790e+11	-9.276524e+11	-9.402556e+11	-9.746813e+11	-1.031728e+12	-1.112721e+12	-1.219539e+12	-1.354661e+12	-1.521223e+12	-1.723091e+12	-1.964951e+12	-2.252415e+12	-2.592156e+12	-2.992058e+12	
-1.870760e+12	-1.653788e+12	-1.475199e+12	-1.330847e+12	-1.217383e+12	-1.132174e+12	-1.073241e+12	-1.039216e+12	-1.029312e+12	-1.043296e+12	-1.081494e+12	-1.144793e+12	-1.234661e+12	-1.353185e+12	-1.503114e+12	-1.687930e+12	-1.911920e+12	-2.180285e+12	-2.499251e+12	-2.876223e+12	-3.319949e+12	
-2.042275e+12	-1.805410e+12	-1.610447e+12	-1.452861e+12	-1.328995e+12	-1.235973e+12	-1.171637e+12	-1.134494e+12	-1.123681e+12	-1.138947e+12	-1.180647e+12	-1.249749e+12	-1.347857e+12	-1.477247e+12	-1.640922e+12	-1.842682e+12	-2.087208e+12	-2.380177e+12	-2.728387e+12	-3.139920e+12	-3.624327e+12	
-2.199596e+12	-1.944485e+12	-1.734504e+12	-1.564779e+12	-1.431371e+12	-1.331183e+12	-1.261891e+12	-1.221886e+12	-1.210240e+12	-1.226683e+12	-1.271595e+12	-1.346020e+12	-1.451685e+12	-1.591042e+12	-1.767326e+12	-1.984627e+12	-2.247990e+12	-2.563527e+12	-2.938560e+12	-3.381794e+12	-3.903517e+12	
-2.341889e+12	-2.070275e+12	-1.846710e+12	-1.666005e+12	-1.523967e+12	-1.417298e+12	-1.343523e+12	-1.300931e+12	-1.288531e+12	-1.306037e+12	-1.353855e+12	-1.433095e+12	-1.545595e+12	-1.693967e+12	-1.881655e+12	-2.113014e+12	-2.393413e+12	-2.729362e+12	-3.128656e+12	-3.600564e+12	-4.156037e+12	
-2.468430e+12	-2.182139e+12	-1.946494e+12	-1.756025e+12	-1.606312e+12	-1.493879e+12	-1.416119e+12	-1.371224e+12	-1.358155e+12	-1.376607e+12	-1.427009e+12	-1.510530e+12	-1.629109e+12	-1.785498e+12	-1.983327e+12	-2.227187e+12	-2.522738e+12	-2.876839e+12	-3.297708e+12	-3.795114e+12	-4.380601e+12	
-2.578605e+12	-2.279537e+12	-2.033374e+12	-1.834403e+12	-1.678008e+12	-1.560557e+12	-1.479325e+12	-1.432427e+12	-1.418775e+12	-1.438050e+12	-1.490702e+12	-1.577951e+12	-1.701822e+12	-1.865192e+12	-2.071850e+12	-2.326595e+12	-2.635337e+12	-3.005243e+12	-3.444897e+12	-3.964505e+12	-4.576124e+12	
-2.671916e+12	-2.362025e+12	-2.106955e+12	-1.900784e+12	-1.738729e+12	-1.617028e+12	-1.532857e+12	-1.484262e+12	-1.470115e+12	-1.490088e+12	-1.544645e+12	-1.635051e+12	-1.763405e+12	-1.932687e+12	-2.146823e+12	-2.410786e+12	-2.730701e+12	-3.113992e+12	-3.569556e+12	-4.107966e+12	-4.741718e+12	
-2.747976e+12	-2.429264e+12	-2.166932e+12	-1.954893e+12	-1.788225e+12	-1.663059e+12	-1.576492e+12	-1.526514e+12	-1.511964e+12	-1.532506e+12	-1.588615e+12	-1.681595e+12	-1.813603e+12	-1.987703e+12	-2.207936e+12	-2.479412e+12	-2.808434e+12	-3.202636e+12	-3.671168e+12	-4.224905e+12	-4.876698e+12	
-2.806511e+12	-2.481010e+12	-2.213090e+12	-1.996534e+12	-1.826316e+12	-1.698484e+12	-1.610073e+12	-1.559030e+12	-1.544171e+12	-1.565150e+12	-1.622455e+12	-1.717415e+12	-1.852235e+12	-2.030043e+12	-2.254967e+12	-2.532226e+12	-2.868256e+12	-3.270856e+12	-3.749368e+12	-4.314900e+12	-4.980576e+12	
-2.847360e+12	-2.517120e+12	-2.245301e+12	-2.025593e+12	-1.852897e+12	-1.723205e+12	-1.633507e+12	-1.581721e+12	-1.566646e+12	-1.587930e+12	-1.646069e+12	-1.742412e+12	-1.879194e+12	-2.059590e+12	-2.287788e+12	-2.569082e+12	-2.910003e+12	-3.318462e+12	-3.803939e+12	-4.377702e+12	-5.053067e+12	
-2.870469e+12	-2.537550e+12	-2.263525e+12	-2.042034e+12	-1.867936e+12	-1.737191e+12	-1.646765e+12	-1.594559e+12	-1.579361e+12	-1.600818e+12	-1.659429e+12	-1.756553e+12	-1.894446e+12	-2.076306e+12	-2.306356e+12	-2.589934e+12	-2.933621e+12	-3.345395e+12	-3.834813e+12	-4.413232e+12	-5.094079e+12	
-2.875898e+12	-2.542349e+12	-2.267805e+12	-2.045895e+12	-1.871469e+12	-1.740477e+12	-1.649880e+12	-1.597575e+12	-1.582348e+12	-1.603846e+12	-1.662567e+12	-1.759875e+12	-1.898028e+12	-2.080233e+12	-2.310717e+12	-2.594831e+12	-2.939169e+12	-3.351722e+12	-3.842065e+12	-4.421579e+12	-5.103713e+12	
-2.863809e+12	-2.531662e+12	-2.258272e+12	-2.037295e+12	-1.863601e+12	-1.733160e+12	-1.642944e+12	-1.590859e+12	-1.575696e+12	-1.597103e+12	-1.655578e+12	-1.752477e+12	-1.890049e+12	-2.071488e+12	-2.301004e+12	-2.583923e+12	-2.926814e+12	-3.337632e+12	-3.825914e+12	-4.402991e+12	-5.082258e+12	
-2.834467e+12	-2.505724e+12	-2.235135e+12	-2.016422e+12	-1.844508e+12	-1.715403e+12	-1.626111e+12	-1.574560e+12	-1.559552e+12	-1.580740e+12	-1.638616e+12	-1.734522e+12	-1.870685e+12	-2.050265e+12	-2.277429e+12	-2.557450e+12	-2.896827e+12	-3.303436e+12	-3.786715e+12	-4.357880e+12	-5.030187e+12	
-2.788241e+12	-2.464858e+12	-2.198683e+12	-1.983537e+12	-1.814426e+12	-1.687427e+12	-1.599591e+12	-1.548881e+12	-1.534118e+12	-1.554960e+12	-1.611892e+12	-1.706234e+12	-1.840176e+12	-2.016827e+12	-2.240287e+12	-2.515741e+12	-2.849583e+12	-3.249561e+12	-3.724959e+12	-4.286809e+12	-4.948151e+12	
-2.725591e+12	-2.409475e+12	-2.149280e+12	-1.938968e+12	-1.773657e+12	-1.649512e+12	-1.563650e+12	-1.514078e+12	-1.499647e+12	-1.520021e+12	-1.575674e+12	-1.667896e+12	-1.798829e+12	-1.971510e+12	-2.189949e+12	-2.459214e+12	-2.785555e+12	-3.176546e+12	-3.641261e+12	-4.190487e+12	-4.836970e+12	
-2.647072e+12	-2.340062e+12	-2.087363e+12	-1.883110e+12	-1.722561e+12	-1.601992e+12	-1.518604e+12	-1.470460e+12	-1.456445e+12	-1.476232e+12	-1.530282e+12	-1.619847e+12	-1.747008e+12	-1.914715e+12	-2.126860e+12	-2.388368e+12	-2.705308e+12	-3.085035e+12	-3.536363e+12	-4.069766e+12	-4.697625e+12	
-2.553323e+12	-2.257187e+12	-2.013437e+12	-1.816418e+12	-1.661556e+12	-1.545256e+12	-1.464821e+12	-1.418383e+12	-1.404864e+12	-1.423950e+12	-1.476085e+12	-1.562479e+12	-1.685136e+12	-1.846904e+12	-2.051536e+12	-2.303782e+12	-2.609497e+12	-2.975776e+12	-3.411120e+12	-3.925632e+12	-4.531255e+12	
-2.445069e+12	-2.161488e+12	-1.928073e+12	-1.739407e+12	-1.591110e+12	-1.479742e+12	-1.402717e+12	-1.358247e+12	-1.345301e+12	-1.363579e+12	-1.413503e+12	-1.496234e+12	-1.613691e+12	-1.768600e+12	-1.964556e+12	-2.206108e+12	-2.498862e+12	-2.849611e+12	-3.266497e+12	-3.759196e+12	-4.339142e+12	
-2.323109e+12	-2.053672e+12	-1.831900e+12	-1.652644e+12	-1.511745e+12	-1.405932e+12	-1.332749e+12	-1.290497e+12	-1.278197e+12	-1.295563e+12	-1.342997e+12	-1.421601e+12	-1.533199e+12	-1.680381e+12	-1.866564e+12	-2.096067e+12	-2.374218e+12	-2.707472e+12	-3.103564e+12	-3.571686e+12	-4.122704e+12	
-2.188311e+12	-1.934509e+12	-1.725605e+12	-1.556750e+12	-1.424027e+12	-1.324353e+12	-1.255416e+12	-1.215617e+12	-1.204030e+12	-1.220388e+12	-1.265071e+12	-1.339114e+12	-1.444236e+12	-1.582878e+12	-1.758257e+12	-1.974443e+12	-2.236455e+12	-2.550372e+12	-2.923481e+12	-3.364441e+12	-3.883486e+12	
-2.041612e+12	-1.804824e+12	-1.609925e+12	-1.452390e+12	-1.328563e+12	-1.235572e+12	-1.171257e+12	-1.134125e+12	-1.123315e+12	-1.138577e+12	-1.180263e+12	-1.249343e+12	-1.347418e+12	-1.476766e+12	-1.640388e+12	-1.842082e+12	-2.086528e+12	-2.379401e+12	-2.727498e+12	-3.138897e+12	-3.623147e+12	
-1.884005e+12	-1.665497e+12	-1.485643e+12	-1.340269e+12	-1.226002e+12	-1.140189e+12	-1.080839e+12	-1.046574e+12	-1.036598e+12	-1.050682e+12	-1.089150e+12	-1.152897e+12	-1.243401e+12	-1.362764e+12	-1.513754e+12	-1.699878e+12	-1.925454e+12	-2.195718e+12	-2.516942e+12	-2.896583e+12	-3.343450e+12	
-1.716536e+12	-1.517451e+12	-1.353584e+12	-1.221133e+12	-1.117023e+12	-1.038838e+12	-9.847630e+11	-9.535437e+11	-9.444552e+11	-9.572867e+11	-9.923357e+11	-1.050416e+12	-1.132875e+12	-1.241628e+12	-1.379197e+12	-1.548776e+12	-1.754301e+12	-2.000541e+12	-2.293212e+12	-2.639106e+12	-3.046251e+12	
-1.540296e+12	-1.361651e+12	-1.214609e+12	-1.095757e+12	-1.002336e+12	-9.321782e+11	-8.836555e+11	-8.556416e+11	-8.474862e+11	-8.590002e+11	-8.904507e+11	-9.425678e+11	-1.016561e+12	-1.114147e+12	-1.237592e+12	-1.389760e+12	-1.574183e+12	-1.795141e+12	-2.057763e+12	-2.368144e+12	-2.733486e+12	
-1.356415e+12	-1.199097e+12	-1.069609e+12	-9.649451e+11	-8.826768e+11	-8.208946e+11	-7.781645e+11	-7.534949e+11	-7.463131e+11	-7.564526e+11	-7.841485e+11	-8.300438e+11	-8.952036e+11	-9.811402e+11	-1.089848e+12	-1.223850e+12	-1.386257e+12	-1.580837e+12	-1.812107e+12	-2.085434e+12	-2.407162e+12	
-1.166055e+12	-1.030815e+12	-9.194995e+11	-8.295243e+11	-7.588016e+11	-7.056899e+11	-6.689566e+11	-6.477491e+11	-6.415752e+11	-6.502917e+11	-6.741008e+11	-7.135551e+11	-7.695704e+11	-8.434466e+11	-9.368983e+11	-1.052095e+12	-1.191709e+12	-1.358982e+12	-1.557795e+12	-1.792763e+12	-2.069340e+12	
-9.704035e+11	-8.578553e+11	-7.652171e+11	-6.903388e+11	-6.314826e+11	-5.872825e+11	-5.567126e+11	-5.390635e+11	-5.339256e+11	-5.411795e+11	-5.609937e+11	-5.938280e+11	-6.404445e+11	-7.019250e+11	-7.796965e+11	-8.755641e+11	-9.917526e+11	-1.130959e+12	-1.296413e+12	-1.491956e+12	-1.722126e+12	
-7.706641e+11	-6.812819e+11	-6.077115e+11	-5.482455e+11	-5.015038e+11	-4.664014e+11	-4.421238e+11	-4.281074e+11	-4.240270e+11	-4.297879e+11	-4.455237e+11	-4.715997e+11	-5.086210e+11	-5.574469e+11	-6.192107e+11	-6.953457e+11	-7.876189e+11	-8.981721e+11	-1.029571e+12	-1.184865e+12	-1.367659e+12	
-5.680531e+11	-5.021699e+11	-4.479415e+11	-4.041093e+11	-3.696562e+11	-3.437824e+11	-3.258875e+11	-3.155561e+11	-3.125485e+11	-3.167947e+11	-3.283935e+11	-3.476140e+11	-3.749023e+11	-4.108917e+11	-4.564174e+11	-5.125362e+11	-5.805504e+11	-6.620387e+11	-7.588922e+11	-8.733589e+11	-1.008095e+12	
-3.637901e+11	-3.215974e+11	-2.868687e+11	-2.587979e+11	-2.367336e+11	-2.201636e+11	-2.087034e+11	-2.020870e+11	-2.001609e+11	-2.028803e+11	-2.103083e+11	-2.226174e+11	-2.400933e+11	-2.631414e+11	-2.922968e+11	-3.282362e+11	-3.717935e+11	-4.239799e+11	-4.860064e+11	-5.593126e+11	-6.455999e+11	
-1.590916e+11	-1.406400e+11	-1.254526e+11	-1.131768e+11	-1.035277e+11	-9.628132e+10	-9.126958e+10	-8.837612e+10	-8.753379e+10	-8.872303e+10	-9.197144e+10	-9.735442e+10	-1.049969e+11	-1.150763e+11	-1.278264e+11	-1.435433e+11	-1.625917e+11	-1.854137e+11	-2.125389e+11	-2.445970e+11	-2.823319e+11	
4.483527e+10	3.963524e+10	3.535510e+10	3.189552e+10	2.917621e+10	2.713404e+10	2.572163e+10	2.490619e+10	2.466881e+10	2.500396e+10	2.591943e+10	2.743646e+10	2.959027e+10	3.243083e+10	3.602409e+10	4.045343e+10	4.582165e+10	5.225335e+10	5.989780e+10	6.893241e+10	7.956688e+10	
