-9.217753e-16	-9.186788e-16	-9.157000e-16	
-6.025402e-03	-4.092327e-03	-2.159314e-03	
-1.204754e-02	-8.180873e-03	-4.314325e-03	
-1.806315e-02	-1.226185e-02	-6.460723e-03	
-2.406895e-02	-1.633144e-02	-8.594175e-03	
-3.006161e-02	-2.038581e-02	-1.071032e-02	
-3.603779e-02	-2.442109e-02	-1.280476e-02	
-4.199409e-02	-2.843335e-02	-1.487303e-02	
-4.792707e-02	-3.241862e-02	-1.691064e-02	
-5.383322e-02	-3.637284e-02	-1.891300e-02	
-5.970894e-02	-4.029190e-02	-2.087544e-02	
-6.555058e-02	-4.417157e-02	-2.279320e-02	
-7.135436e-02	-4.800756e-02	-2.466143e-02	
-7.711643e-02	-5.179543e-02	-2.647516e-02	
-8.283280e-02	-5.553065e-02	-2.822926e-02	
-8.849936e-02	-5.920854e-02	-2.991851e-02	
-9.411188e-02	-6.282427e-02	-3.153751e-02	
-9.966595e-02	-6.637288e-02	-3.308068e-02	
-1.051570e-01	-6.984920e-02	-3.454228e-02	
-1.105804e-01	-7.324789e-02	-3.591637e-02	
-1.159310e-01	-7.656343e-02	-3.719679e-02	
-1.212039e-01	-7.979004e-02	-3.837716e-02	
-1.263936e-01	-8.292174e-02	-3.945086e-02	
-1.314946e-01	-8.595230e-02	-4.041098e-02	
-1.365010e-01	-8.887520e-02	-4.125037e-02	
-1.414067e-01	-9.168364e-02	-4.196154e-02	
-1.462054e-01	-9.437053e-02	-4.253670e-02	
-1.508901e-01	-9.692843e-02	-4.296770e-02	
-1.554541e-01	-9.934955e-02	-4.324603e-02	
-1.598897e-01	-1.016257e-01	-4.336278e-02	
-1.641892e-01	-1.037484e-01	-4.330861e-02	
-1.683444e-01	-1.057086e-01	-4.307376e-02	
-1.723467e-01	-1.074969e-01	-4.264794e-02	
-1.761870e-01	-1.091033e-01	-4.202040e-02	
-1.798556e-01	-1.105173e-01	-4.117981e-02	
-1.833425e-01	-1.117280e-01	-4.011425e-02	
-1.866368e-01	-1.127237e-01	-3.881120e-02	
-1.897274e-01	-1.134922e-01	-3.725745e-02	
-1.926023e-01	-1.140205e-01	-3.543910e-02	
-1.952488e-01	-1.142949e-01	-3.334148e-02	
-1.976535e-01	-1.143011e-01	-3.094909e-02	
-1.998023e-01	-1.140238e-01	-2.824559e-02	
-2.016801e-01	-1.134468e-01	-2.521369e-02	
-2.032710e-01	-1.125530e-01	-2.183511e-02	
-2.045581e-01	-1.113243e-01	-1.809052e-02	
-2.055234e-01	-1.097415e-01	-1.395944e-02	
-2.061479e-01	-1.077842e-01	-9.420171e-03	
-2.064114e-01	-1.054308e-01	-4.449706e-03	
-2.062922e-01	-1.026582e-01	9.763603e-04	
-2.057676e-01	-9.944220e-02	6.883937e-03	
-2.048130e-01	-9.575670e-02	1.330055e-02	
-2.034026e-01	-9.157412e-02	2.025545e-02	
-2.015087e-01	-8.686506e-02	2.777978e-02	
-1.991016e-01	-8.159820e-02	3.590664e-02	
-1.961500e-01	-7.574014e-02	4.467133e-02	
-1.926202e-01	-6.925526e-02	5.411147e-02	
-1.884763e-01	-6.210554e-02	6.426715e-02	
-1.836799e-01	-5.425037e-02	7.518121e-02	
-1.781898e-01	-4.564635e-02	8.689938e-02	
-1.719622e-01	-3.624703e-02	9.947055e-02	
-1.649498e-01	-2.600271e-02	1.129470e-01	
-1.571023e-01	-1.486017e-02	1.273848e-01	
-1.483655e-01	-2.762318e-03	1.428438e-01	
-1.386812e-01	1.035205e-02	1.593884e-01	
-1.279870e-01	2.454868e-02	1.770876e-01	
-1.162157e-01	3.989818e-02	1.960155e-01	
-1.032953e-01	5.647649e-02	2.162517e-01	
-8.914785e-02	7.436533e-02	2.378821e-01	
-7.368968e-02	9.365274e-02	2.609988e-01	
-5.683042e-02	1.144336e-01	2.857012e-01	
-3.847261e-02	1.368102e-01	3.120967e-01	
-1.851093e-02	1.608932e-01	3.403010e-01	
3.168426e-03	1.868021e-01	3.704393e-01	
2.668862e-02	2.146660e-01	4.026467e-01	
5.218298e-02	2.446248e-01	4.370699e-01	
7.979604e-02	2.768303e-01	4.738674e-01	
1.096845e-01	3.114468e-01	5.132116e-01	
1.420186e-01	3.486528e-01	5.552892e-01	
1.769830e-01	3.886424e-01	6.003033e-01	
2.147788e-01	4.316264e-01	6.484747e-01	
2.556246e-01	4.778343e-01	7.000439e-01	
2.997584e-01	5.275160e-01	7.552726e-01	
3.474395e-01	5.809441e-01	8.144465e-01	
3.989504e-01	6.384154e-01	8.778768e-01	
4.545993e-01	7.002541e-01	9.459037e-01	
5.147221e-01	7.668138e-01	1.018898e+00	
5.796850e-01	8.384804e-01	1.097267e+00	
6.498873e-01	9.156752e-01	1.181451e+00	
7.257638e-01	9.988573e-01	1.271936e+00	
8.077877e-01	1.088527e+00	1.369249e+00	
8.964725e-01	1.185230e+00	1.473965e+00	
9.923743e-01	1.289557e+00	1.586711e+00	
1.096093e+00	1.402146e+00	1.708165e+00	
1.208272e+00	1.523686e+00	1.839061e+00	
1.329595e+00	1.654914e+00	1.980185e+00	
1.460782e+00	1.796606e+00	2.132374e+00	
1.602577e+00	1.949576e+00	2.296507e+00	
1.755730e+00	2.114649e+00	2.473490e+00	
1.920967e+00	2.292644e+00	2.664229e+00	
2.098941e+00	2.484318e+00	2.869586e+00	
2.290162e+00	2.690302e+00	3.090314e+00	
2.494880e+00	2.910988e+00	3.326945e+00	
2.712917e+00	3.146364e+00	3.579633e+00	
2.943407e+00	3.395756e+00	3.847896e+00	
3.184407e+00	3.657444e+00	4.130234e+00	
3.432307e+00	3.928074e+00	4.423548e+00	
3.680949e+00	4.201775e+00	4.722256e+00	
3.920301e+00	4.468835e+00	5.016959e+00	
4.134508e+00	4.713727e+00	5.292457e+00	
4.299040e+00	4.912226e+00	5.524827e+00	
4.376684e+00	5.027331e+00	5.677278e+00	
4.312230e+00	5.003819e+00	5.694573e+00	
4.026250e+00	4.761805e+00	5.496360e+00	
3.409825e+00	4.191108e+00	4.971199e+00	
2.325115e+00	3.151344e+00	3.976166e+00	
6.214153e-01	1.487493e+00	2.351934e+00	
-1.820320e+00	-9.257006e-01	-3.294533e-02	
-5.009921e+00	-4.105249e+00	-3.202631e+00	
-8.765841e+00	-7.875282e+00	-6.986894e+00	
-1.270048e+01	-1.184908e+01	-1.099986e+01	
-1.633184e+01	-1.553906e+01	-1.474837e+01	
-1.927189e+01	-1.854703e+01	-1.782406e+01	
-2.135371e+01	-2.069559e+01	-2.003912e+01	
-2.262314e+01	-2.202320e+01	-2.142464e+01	
-2.324548e+01	-2.269168e+01	-2.213902e+01	
-2.341298e+01	-2.289282e+01	-2.237355e+01	
-2.329246e+01	-2.279454e+01	-2.229731e+01	
-2.300898e+01	-2.252359e+01	-2.203869e+01	
-2.264845e+01	-2.216753e+01	-2.168695e+01	
-2.226665e+01	-2.178359e+01	-2.130071e+01	
-2.189837e+01	-2.140760e+01	-2.091690e+01	
-2.156456e+01	-2.106133e+01	-2.055805e+01	
-2.127753e+01	-2.075758e+01	-2.023747e+01	
-2.104437e+01	-2.050372e+01	-1.996281e+01	
-2.086927e+01	-2.030401e+01	-1.973840e+01	
-2.075500e+01	-2.016111e+01	-1.956678e+01	
-2.070399e+01	-2.007714e+01	-1.944978e+01	
-2.071909e+01	-2.005446e+01	-1.938922e+01	
-2.080421e+01	-2.009621e+01	-1.938752e+01	
-2.096503e+01	-2.020704e+01	-1.944826e+01	
-2.120983e+01	-2.039376e+01	-1.957680e+01	
-2.155066e+01	-2.066640e+01	-1.978114e+01	
-2.200518e+01	-2.103974e+01	-2.007318e+01	
-2.259961e+01	-2.153584e+01	-2.047081e+01	
-2.337384e+01	-2.218836e+01	-2.100145e+01	
-2.439089e+01	-2.305055e+01	-2.170861e+01	
-2.575550e+01	-2.421105e+01	-2.266474e+01	
-2.765453e+01	-2.582800e+01	-2.399930e+01	
-3.045572e+01	-2.821275e+01	-2.596714e+01	
-3.499518e+01	-3.207313e+01	-2.914773e+01	
-4.366936e+01	-3.943799e+01	-3.520195e+01	
