-7.635774e-16	-7.655880e-16	-7.688445e-16	-7.734757e-16	-7.797000e-16	
-4.947608e-02	-4.846521e-02	-4.767488e-02	-4.710317e-02	-4.674931e-02	
-9.894887e-02	-9.692714e-02	-9.534648e-02	-9.420309e-02	-9.349542e-02	
-1.484151e-01	-1.453825e-01	-1.430115e-01	-1.412965e-01	-1.402351e-01	
-1.978715e-01	-1.938280e-01	-1.906668e-01	-1.883802e-01	-1.869652e-01	
-2.473148e-01	-2.422604e-01	-2.383089e-01	-2.354509e-01	-2.336825e-01	
-2.967416e-01	-2.906763e-01	-2.859347e-01	-2.825054e-01	-2.803837e-01	
-3.461488e-01	-3.390726e-01	-3.335409e-01	-3.295404e-01	-3.270657e-01	
-3.955330e-01	-3.874459e-01	-3.811241e-01	-3.765526e-01	-3.737253e-01	
-4.448910e-01	-4.357929e-01	-4.286812e-01	-4.235389e-01	-4.203592e-01	
-4.942195e-01	-4.841104e-01	-4.762089e-01	-4.704960e-01	-4.669643e-01	
-5.435153e-01	-5.323951e-01	-5.237038e-01	-5.174206e-01	-5.135372e-01	
-5.927750e-01	-5.806437e-01	-5.711628e-01	-5.643096e-01	-5.600749e-01	
-6.419954e-01	-6.288530e-01	-6.185825e-01	-6.111595e-01	-6.065741e-01	
-6.911734e-01	-6.770197e-01	-6.659598e-01	-6.579672e-01	-6.530315e-01	
-7.403055e-01	-7.251406e-01	-7.132913e-01	-7.047295e-01	-6.994440e-01	
-7.893886e-01	-7.732123e-01	-7.605738e-01	-7.514431e-01	-7.458083e-01	
-8.384195e-01	-8.212316e-01	-8.078040e-01	-7.981047e-01	-7.921212e-01	
-8.873948e-01	-8.691954e-01	-8.549787e-01	-8.447112e-01	-8.383794e-01	
-9.363115e-01	-9.171003e-01	-9.020946e-01	-8.912591e-01	-8.845798e-01	
-9.851662e-01	-9.649430e-01	-9.491485e-01	-9.377454e-01	-9.307191e-01	
-1.033956e+00	-1.012720e+00	-9.961371e-01	-9.841667e-01	-9.767939e-01	
-1.082677e+00	-1.060429e+00	-1.043057e+00	-1.030520e+00	-1.022801e+00	
-1.131327e+00	-1.108066e+00	-1.089906e+00	-1.076801e+00	-1.068738e+00	
-1.179901e+00	-1.155628e+00	-1.136679e+00	-1.123008e+00	-1.114600e+00	
-1.228398e+00	-1.203112e+00	-1.183374e+00	-1.169137e+00	-1.160385e+00	
-1.276814e+00	-1.250515e+00	-1.229987e+00	-1.215185e+00	-1.206089e+00	
-1.325146e+00	-1.297832e+00	-1.276516e+00	-1.261148e+00	-1.251709e+00	
-1.373389e+00	-1.345062e+00	-1.322957e+00	-1.307023e+00	-1.297242e+00	
-1.421543e+00	-1.392201e+00	-1.369307e+00	-1.352808e+00	-1.342684e+00	
-1.469602e+00	-1.439245e+00	-1.415562e+00	-1.398498e+00	-1.388033e+00	
-1.517565e+00	-1.486192e+00	-1.461719e+00	-1.444090e+00	-1.433284e+00	
-1.565427e+00	-1.533038e+00	-1.507776e+00	-1.489582e+00	-1.478435e+00	
-1.613187e+00	-1.579781e+00	-1.553728e+00	-1.534969e+00	-1.523483e+00	
-1.660839e+00	-1.626416e+00	-1.599573e+00	-1.580249e+00	-1.568423e+00	
-1.708383e+00	-1.672941e+00	-1.645307e+00	-1.625419e+00	-1.613252e+00	
-1.755814e+00	-1.719353e+00	-1.690928e+00	-1.670474e+00	-1.657968e+00	
-1.803129e+00	-1.765648e+00	-1.736431e+00	-1.715412e+00	-1.702567e+00	
-1.850325e+00	-1.811823e+00	-1.781814e+00	-1.760229e+00	-1.747045e+00	
-1.897399e+00	-1.857876e+00	-1.827073e+00	-1.804922e+00	-1.791399e+00	
-1.944348e+00	-1.903802e+00	-1.872205e+00	-1.849488e+00	-1.835625e+00	
-1.991169e+00	-1.949599e+00	-1.917208e+00	-1.893923e+00	-1.879721e+00	
-2.037859e+00	-1.995263e+00	-1.962077e+00	-1.938225e+00	-1.923682e+00	
-2.084414e+00	-2.040792e+00	-2.006809e+00	-1.982389e+00	-1.967506e+00	
-2.130832e+00	-2.086182e+00	-2.051401e+00	-2.026412e+00	-2.011189e+00	
-2.177110e+00	-2.131430e+00	-2.095850e+00	-2.070291e+00	-2.054727e+00	
-2.223244e+00	-2.176533e+00	-2.140153e+00	-2.114023e+00	-2.098117e+00	
-2.269231e+00	-2.221488e+00	-2.184305e+00	-2.157603e+00	-2.141355e+00	
-2.315068e+00	-2.266290e+00	-2.228305e+00	-2.201030e+00	-2.184437e+00	
-2.360752e+00	-2.310938e+00	-2.272148e+00	-2.244299e+00	-2.227361e+00	
-2.406281e+00	-2.355429e+00	-2.315832e+00	-2.287406e+00	-2.270123e+00	
-2.451650e+00	-2.399757e+00	-2.359353e+00	-2.330349e+00	-2.312719e+00	
-2.496857e+00	-2.443922e+00	-2.402707e+00	-2.373123e+00	-2.355144e+00	
-2.541898e+00	-2.487918e+00	-2.445891e+00	-2.415726e+00	-2.397397e+00	
-2.586771e+00	-2.531744e+00	-2.488902e+00	-2.458154e+00	-2.439472e+00	
-2.631473e+00	-2.575396e+00	-2.531736e+00	-2.500403e+00	-2.481367e+00	
-2.676000e+00	-2.618870e+00	-2.574391e+00	-2.542469e+00	-2.523077e+00	
-2.720348e+00	-2.662163e+00	-2.616861e+00	-2.584349e+00	-2.564599e+00	
-2.764516e+00	-2.705272e+00	-2.659145e+00	-2.626040e+00	-2.605928e+00	
-2.808499e+00	-2.748194e+00	-2.701239e+00	-2.667538e+00	-2.647062e+00	
-2.852295e+00	-2.790924e+00	-2.743138e+00	-2.708838e+00	-2.687995e+00	
-2.895900e+00	-2.833461e+00	-2.784840e+00	-2.749937e+00	-2.728725e+00	
-2.939311e+00	-2.875800e+00	-2.826341e+00	-2.790832e+00	-2.769246e+00	
-2.982524e+00	-2.917938e+00	-2.867636e+00	-2.831519e+00	-2.809556e+00	
-3.025537e+00	-2.959871e+00	-2.908724e+00	-2.871993e+00	-2.849649e+00	
-3.068346e+00	-3.001596e+00	-2.949599e+00	-2.912251e+00	-2.889522e+00	
-3.110948e+00	-3.043109e+00	-2.990258e+00	-2.952288e+00	-2.929171e+00	
-3.153339e+00	-3.084408e+00	-3.030697e+00	-2.992101e+00	-2.968591e+00	
-3.195515e+00	-3.125487e+00	-3.070913e+00	-3.031686e+00	-3.007778e+00	
-3.237474e+00	-3.166343e+00	-3.110901e+00	-3.071039e+00	-3.046727e+00	
-3.279211e+00	-3.206974e+00	-3.150658e+00	-3.110154e+00	-3.085434e+00	
-3.320724e+00	-3.247374e+00	-3.190179e+00	-3.149029e+00	-3.123894e+00	
-3.362007e+00	-3.287540e+00	-3.229460e+00	-3.187658e+00	-3.162103e+00	
-3.403059e+00	-3.327467e+00	-3.268498e+00	-3.226037e+00	-3.200057e+00	
-3.443874e+00	-3.367153e+00	-3.307287e+00	-3.264162e+00	-3.237749e+00	
-3.484450e+00	-3.406593e+00	-3.345824e+00	-3.302028e+00	-3.275175e+00	
-3.524781e+00	-3.445782e+00	-3.384104e+00	-3.339630e+00	-3.312331e+00	
-3.564864e+00	-3.484717e+00	-3.422123e+00	-3.376963e+00	-3.349210e+00	
-3.604695e+00	-3.523393e+00	-3.459875e+00	-3.414023e+00	-3.385809e+00	
-3.644270e+00	-3.561805e+00	-3.497356e+00	-3.450804e+00	-3.422120e+00	
-3.683584e+00	-3.599949e+00	-3.534562e+00	-3.487301e+00	-3.458139e+00	
-3.722633e+00	-3.637820e+00	-3.571486e+00	-3.523509e+00	-3.493860e+00	
-3.761412e+00	-3.675414e+00	-3.608125e+00	-3.559422e+00	-3.529278e+00	
-3.799916e+00	-3.712725e+00	-3.644472e+00	-3.595035e+00	-3.564385e+00	
-3.838141e+00	-3.749748e+00	-3.680523e+00	-3.630342e+00	-3.599176e+00	
-3.876082e+00	-3.786477e+00	-3.716271e+00	-3.665336e+00	-3.633645e+00	
-3.913733e+00	-3.822909e+00	-3.751711e+00	-3.700012e+00	-3.667785e+00	
-3.951089e+00	-3.859035e+00	-3.786836e+00	-3.734363e+00	-3.701588e+00	
-3.988145e+00	-3.894852e+00	-3.821641e+00	-3.768383e+00	-3.735049e+00	
-4.024894e+00	-3.930352e+00	-3.856119e+00	-3.802064e+00	-3.768160e+00	
-4.061330e+00	-3.965530e+00	-3.890264e+00	-3.835400e+00	-3.800912e+00	
-4.097448e+00	-4.000378e+00	-3.924067e+00	-3.868383e+00	-3.833299e+00	
-4.133241e+00	-4.034890e+00	-3.957523e+00	-3.901006e+00	-3.865312e+00	
-4.168701e+00	-4.069058e+00	-3.990622e+00	-3.933259e+00	-3.896942e+00	
-4.203822e+00	-4.102875e+00	-4.023359e+00	-3.965136e+00	-3.928181e+00	
-4.238597e+00	-4.136334e+00	-4.055723e+00	-3.996627e+00	-3.959019e+00	
-4.273017e+00	-4.169425e+00	-4.087707e+00	-4.027724e+00	-3.989448e+00	
-4.307074e+00	-4.202141e+00	-4.119302e+00	-4.058416e+00	-4.019456e+00	
-4.340759e+00	-4.234473e+00	-4.150498e+00	-4.088693e+00	-4.049033e+00	
-4.374064e+00	-4.266409e+00	-4.181284e+00	-4.118546e+00	-4.078168e+00	
-4.406978e+00	-4.297942e+00	-4.211651e+00	-4.147963e+00	-4.106850e+00	
-4.439492e+00	-4.329060e+00	-4.241588e+00	-4.176933e+00	-4.135067e+00	
-4.471595e+00	-4.359752e+00	-4.271083e+00	-4.205443e+00	-4.162805e+00	
-4.503276e+00	-4.390006e+00	-4.300123e+00	-4.233480e+00	-4.190051e+00	
-4.534521e+00	-4.419810e+00	-4.328696e+00	-4.261032e+00	-4.216791e+00	
-4.565320e+00	-4.449150e+00	-4.356787e+00	-4.288083e+00	-4.243010e+00	
-4.595658e+00	-4.478013e+00	-4.384383e+00	-4.314619e+00	-4.268693e+00	
-4.625520e+00	-4.506384e+00	-4.411469e+00	-4.340624e+00	-4.293822e+00	
-4.654892e+00	-4.534246e+00	-4.438026e+00	-4.366080e+00	-4.318380e+00	
-4.683757e+00	-4.561584e+00	-4.464040e+00	-4.390970e+00	-4.342348e+00	
-4.712098e+00	-4.588379e+00	-4.489490e+00	-4.415274e+00	-4.365706e+00	
-4.739895e+00	-4.614613e+00	-4.514357e+00	-4.438973e+00	-4.388434e+00	
-4.767130e+00	-4.640264e+00	-4.538621e+00	-4.462045e+00	-4.410508e+00	
-4.793782e+00	-4.665312e+00	-4.562259e+00	-4.484467e+00	-4.431906e+00	
-4.819826e+00	-4.689732e+00	-4.585248e+00	-4.506213e+00	-4.452601e+00	
-4.845239e+00	-4.713501e+00	-4.607561e+00	-4.527259e+00	-4.472567e+00	
-4.869995e+00	-4.736591e+00	-4.629172e+00	-4.547575e+00	-4.491774e+00	
-4.894065e+00	-4.758974e+00	-4.650051e+00	-4.567133e+00	-4.510193e+00	
-4.917420e+00	-4.780620e+00	-4.670167e+00	-4.585900e+00	-4.527789e+00	
-4.940027e+00	-4.801494e+00	-4.689487e+00	-4.603841e+00	-4.544528e+00	
-4.961850e+00	-4.821562e+00	-4.707975e+00	-4.620920e+00	-4.560372e+00	
-4.982852e+00	-4.840786e+00	-4.725591e+00	-4.637098e+00	-4.575280e+00	
-5.002992e+00	-4.859125e+00	-4.742294e+00	-4.652331e+00	-4.589208e+00	
-5.022226e+00	-4.876533e+00	-4.758039e+00	-4.666574e+00	-4.602111e+00	
-5.040507e+00	-4.892964e+00	-4.772778e+00	-4.679778e+00	-4.613937e+00	
-5.057782e+00	-4.908365e+00	-4.786458e+00	-4.691890e+00	-4.624632e+00	
-5.073997e+00	-4.922680e+00	-4.799022e+00	-4.702851e+00	-4.634138e+00	
-5.089089e+00	-4.935849e+00	-4.810410e+00	-4.712601e+00	-4.642392e+00	
-5.102995e+00	-4.947806e+00	-4.820556e+00	-4.721072e+00	-4.649325e+00	
-5.115641e+00	-4.958479e+00	-4.829387e+00	-4.728192e+00	-4.654865e+00	
-5.126951e+00	-4.967791e+00	-4.836826e+00	-4.733882e+00	-4.658931e+00	
-5.136840e+00	-4.975657e+00	-4.842788e+00	-4.738057e+00	-4.661436e+00	
-5.145216e+00	-4.981986e+00	-4.847181e+00	-4.740625e+00	-4.662289e+00	
-5.151978e+00	-4.986679e+00	-4.849906e+00	-4.741485e+00	-4.661386e+00	
-5.157017e+00	-4.989625e+00	-4.850854e+00	-4.740529e+00	-4.658618e+00	
-5.160212e+00	-4.990707e+00	-4.849907e+00	-4.737636e+00	-4.653864e+00	
-5.161434e+00	-4.989794e+00	-4.846934e+00	-4.732677e+00	-4.646995e+00	
-5.160537e+00	-4.986744e+00	-4.841794e+00	-4.725511e+00	-4.637866e+00	
-5.157365e+00	-4.981402e+00	-4.834334e+00	-4.715984e+00	-4.626324e+00	
-5.151745e+00	-4.973598e+00	-4.824384e+00	-4.703926e+00	-4.612198e+00	
-5.143488e+00	-4.963144e+00	-4.811758e+00	-4.689153e+00	-4.595304e+00	
-5.132385e+00	-4.949836e+00	-4.796254e+00	-4.671463e+00	-4.575437e+00	
-5.118206e+00	-4.933448e+00	-4.777648e+00	-4.650633e+00	-4.552377e+00	
-5.100699e+00	-4.913731e+00	-4.755695e+00	-4.626420e+00	-4.525879e+00	
-5.079586e+00	-4.890414e+00	-4.730127e+00	-4.598556e+00	-4.495677e+00	
-5.054559e+00	-4.863194e+00	-4.700646e+00	-4.566747e+00	-4.461476e+00	
-5.025279e+00	-4.831739e+00	-4.666925e+00	-4.530671e+00	-4.422956e+00	
-4.991369e+00	-4.795684e+00	-4.628605e+00	-4.489970e+00	-4.379760e+00	
-4.952415e+00	-4.754622e+00	-4.585288e+00	-4.444252e+00	-4.331499e+00	
-4.907958e+00	-4.708106e+00	-4.536534e+00	-4.393085e+00	-4.277744e+00	
-4.857487e+00	-4.655641e+00	-4.481860e+00	-4.335990e+00	-4.218021e+00	
