[H[2J-e 
Running analysis for:
ETA_B = 14.5
-e N list: 3 5 7 9 11 13 15 17 19 21 23 25 27 29 31 33 35 37 39 41 43 45 47 49 51 53 55 57 59 61 63 65 67 69 71 73 75 77 79 81 83 85
-e Mathematica script: ./mathematica_scripts/shear_force_new.script
-e 
Analysing (N3)
================
Running...
COMPLETED
-e 
Analysing (N5)
================
Running...
COMPLETED
-e 
Analysing (N7)
================
Running...
COMPLETED
-e 
Analysing (N9)
================
Running...
COMPLETED
-e 
Analysing (N11)
================
Running...
COMPLETED
-e 
Analysing (N13)
================
Running...
COMPLETED
-e 
Analysing (N15)
================
Running...
COMPLETED
-e 
Analysing (N17)
================
Running...
COMPLETED
-e 
Analysing (N19)
================
Running...
COMPLETED
-e 
Analysing (N21)
================
Running...
COMPLETED
-e 
Analysing (N23)
================
Running...
COMPLETED
-e 
Analysing (N25)
================
Running...
COMPLETED
-e 
Analysing (N27)
================
Running...
COMPLETED
-e 
Analysing (N29)
================
Running...
COMPLETED
-e 
Analysing (N31)
================
Running...
COMPLETED
-e 
Analysing (N33)
================
Running...
COMPLETED
-e 
Analysing (N35)
================
Running...
COMPLETED
-e 
Analysing (N37)
================
Running...
COMPLETED
-e 
Analysing (N39)
================
Running...
COMPLETED
-e 
Analysing (N41)
================
Running...
COMPLETED
-e 
Analysing (N43)
================
Running...
COMPLETED
-e 
Analysing (N45)
================
Running...
COMPLETED
-e 
Analysing (N47)
================
Running...
COMPLETED
-e 
Analysing (N49)
================
Running...
COMPLETED
-e 
Analysing (N51)
================
Running...
COMPLETED
-e 
Analysing (N53)
================
Running...
COMPLETED
-e 
Analysing (N55)
================
Running...
COMPLETED
-e 
Analysing (N57)
================
Running...
COMPLETED
-e 
Analysing (N59)
================
Running...
COMPLETED
-e 
Analysing (N61)
================
Running...
COMPLETED
-e 
Analysing (N63)
================
Running...
COMPLETED
-e 
Analysing (N65)
================
Running...
COMPLETED
-e 
Analysing (N67)
================
Running...
COMPLETED
-e 
Analysing (N69)
================
Running...
COMPLETED
-e 
Analysing (N71)
================
Running...
COMPLETED
-e 
Analysing (N73)
================
Running...
COMPLETED
-e 
Analysing (N75)
================
Running...
COMPLETED
-e 
Analysing (N77)
================
Running...
COMPLETED
-e 
Analysing (N79)
================
Running...
COMPLETED
-e 
Analysing (N81)
================
Running...
COMPLETED
-e 
Analysing (N83)
================
Running...
COMPLETED
-e 
Analysing (N85)
================
Running...
COMPLETED
-e 
Verify data (ETA_B = 14.5)...

3	159.48701275125217
5	297.1740352631023
7	471.80625011565286
9	554.1437023037483
11	636.4463040357523
13	706.7787991917625
15	763.837162903116
17	808.9684481098677
19	844.0150447557845
21	870.8740493429083
23	891.254564995806
25	906.6089643408586
27	918.1106226419225
29	312.0636335957747
31	933.0807406884009
33	223.66303934164145
35	201.54875845713897
37	185.3272478412867
39	172.80988195887912
41	162.81153550850323
43	948.32585340689
45	949.1005202698716
47	949.6721624305669
49	950.0941040878171
51	950.405829234886
53	950.6354315668468
55	950.8046757635782
57	950.9297521510757
59	951.0222418957728
61	951.0902898106008
63	951.1405073020492
65	951.1773304684579
67	951.2043211803738
69	951.2248203468281
71	951.2396271103466
73	951.2504688756762
75	951.2587388111274
77	951.2646454016226
79	951.2691584755934
81	951.2723134835975
83	951.2769631263623
85	951.2739152866827
[H[2J-e 
Running analysis for:
ETA_B = 14.5
-e N list: 3 5 7 9 11 13 15 17 19 21 23 25 27 29 31 33 35 37 39 41 43 45 47 49 51 53 55 57 59 61 63 65 67 69 71 73 75 77 79 81 83 85
-e Mathematica script: ./mathematica_scripts/shear_force_new2.script
-e 
Analysing (N3)
================
Running...
COMPLETED
-e 
Analysing (N5)
================
Running...
COMPLETED
-e 
Analysing (N7)
================
Running...
COMPLETED
-e 
Analysing (N9)
================
Running...
COMPLETED
-e 
Analysing (N11)
================
Running...
COMPLETED
-e 
Analysing (N13)
================
Running...
COMPLETED
-e 
Analysing (N15)
================
Running...
COMPLETED
-e 
Analysing (N17)
================
Running...
COMPLETED
-e 
Analysing (N19)
================
Running...
COMPLETED
-e 
Analysing (N21)
================
Running...
COMPLETED
-e 
Analysing (N23)
================
Running...
COMPLETED
-e 
Analysing (N25)
================
Running...
COMPLETED
-e 
Analysing (N27)
================
Running...
COMPLETED
-e 
Analysing (N29)
================
Running...
COMPLETED
-e 
Analysing (N31)
================
Running...
COMPLETED
-e 
Analysing (N33)
================
Running...
COMPLETED
-e 
Analysing (N35)
================
Running...
COMPLETED
-e 
Analysing (N37)
================
Running...
COMPLETED
-e 
Analysing (N39)
================
Running...
COMPLETED
-e 
Analysing (N41)
================
Running...
COMPLETED
-e 
Analysing (N43)
================
Running...
COMPLETED
-e 
Analysing (N45)
================
Running...
COMPLETED
-e 
Analysing (N47)
================
Running...
COMPLETED
-e 
Analysing (N49)
================
Running...
COMPLETED
-e 
Analysing (N51)
================
Running...
COMPLETED
-e 
Analysing (N53)
================
Running...
COMPLETED
-e 
Analysing (N55)
================
Running...
COMPLETED
-e 
Analysing (N57)
================
Running...
COMPLETED
-e 
Analysing (N59)
================
Running...
COMPLETED
-e 
Analysing (N61)
================
Running...
COMPLETED
-e 
Analysing (N63)
================
Running...
COMPLETED
-e 
Analysing (N65)
================
Running...
COMPLETED
-e 
Analysing (N67)
================
Running...
COMPLETED
-e 
Analysing (N69)
================
Running...
COMPLETED
-e 
Analysing (N71)
================
Running...
COMPLETED
-e 
Analysing (N73)
================
Running...
COMPLETED
-e 
Analysing (N75)
================
Running...
COMPLETED
-e 
Analysing (N77)
================
Running...
COMPLETED
-e 
Analysing (N79)
================
Running...
COMPLETED
-e 
Analysing (N81)
================
Running...
COMPLETED
-e 
Analysing (N83)
================
Running...
COMPLETED
-e 
Analysing (N85)
================
Running...
COMPLETED
-e 
Verify data (ETA_B = 14.5)...

3	208.96081729254456
5	330.79031409570416
7	445.7028239159668
9	547.6973077380585
11	634.5242391974039
13	706.0937779671594
15	763.6009261602414
17	808.885535404366
19	843.9864093944336
21	870.8632328822306
23	891.2509510041489
25	906.6067930969895
27	918.1108204054153
29	926.6947853034502
31	933.0806806765993
33	937.8208642447855
35	941.3334312404239
37	943.9331323273376
39	945.8556694679208
41	947.2762709828615
43	948.3256094496877
45	949.1003746913104
47	949.6722277563844
49	950.0942371171574
51	950.4055344747209
53	950.6354060157885
55	950.8047594508907
57	950.9299168036945
59	951.0221549338496
61	951.0901806646132
63	951.1402265017797
65	951.1773751699844
67	951.2046918944293
69	951.2247757577354
71	951.2395679632053
73	951.2505338451948
75	951.2587171639674
77	951.2646768181845
79	951.2690426909388
81	951.2722887859145
83	951.2746907313085
85	951.2763636768843
[H[2J-e 
Running analysis for:
ETA_B = 14.5
-e N list: 3 5 7 9 11 13 15 17 19 21 23 25 27 29 31 33 35 37 39 41 43 45 47 49 51 53 55 57 59 61 63 65 67 69 71 73 75 77 79 81 83 85
-e Mathematica script: ./mathematica_scripts/shear_force_old.script
-e 
Analysing (N3)
================
Running...
COMPLETED
-e 
Analysing (N5)
================
Running...
COMPLETED
-e 
Analysing (N7)
================
Running...
COMPLETED
-e 
Analysing (N9)
================
Running...
COMPLETED
-e 
Analysing (N11)
================
Running...
COMPLETED
-e 
Analysing (N13)
================
Running...
COMPLETED
-e 
Analysing (N15)
================
Running...
COMPLETED
-e 
Analysing (N17)
================
Running...
COMPLETED
-e 
Analysing (N19)
================
Running...
COMPLETED
-e 
Analysing (N21)
================
Running...
COMPLETED
-e 
Analysing (N23)
================
Running...
COMPLETED
-e 
Analysing (N25)
================
Running...
COMPLETED
-e 
Analysing (N27)
================
Running...
COMPLETED
-e 
Analysing (N29)
================
Running...
COMPLETED
-e 
Analysing (N31)
================
Running...
COMPLETED
-e 
Analysing (N33)
================
Running...
COMPLETED
-e 
Analysing (N35)
================
Running...
COMPLETED
-e 
Analysing (N37)
================
Running...
COMPLETED
-e 
Analysing (N39)
================
Running...
COMPLETED
-e 
Analysing (N41)
================
Running...
COMPLETED
-e 
Analysing (N43)
================
Running...
COMPLETED
-e 
Analysing (N45)
================
Running...
COMPLETED
-e 
Analysing (N47)
================
Running...
COMPLETED
-e 
Analysing (N49)
================
Running...
COMPLETED
-e 
Analysing (N51)
================
Running...
COMPLETED
-e 
Analysing (N53)
================
Running...
COMPLETED
-e 
Analysing (N55)
================
Running...
COMPLETED
-e 
Analysing (N57)
================
Running...
COMPLETED
-e 
Analysing (N59)
================
Running...
COMPLETED
-e 
Analysing (N61)
================
Running...
COMPLETED
-e 
Analysing (N63)
================
Running...
COMPLETED
-e 
Analysing (N65)
================
Running...
COMPLETED
-e 
Analysing (N67)
================
Running...
COMPLETED
-e 
Analysing (N69)
================
Running...
COMPLETED
-e 
Analysing (N71)
================
Running...
COMPLETED
-e 
Analysing (N73)
================
Running...
COMPLETED
-e 
Analysing (N75)
================
Running...
COMPLETED
-e 
Analysing (N77)
================
Running...
COMPLETED
-e 
Analysing (N79)
================
Running...
COMPLETED
-e 
Analysing (N81)
================
Running...
COMPLETED
-e 
Analysing (N83)
================
Running...
COMPLETED
-e 
Analysing (N85)
================
Running...
COMPLETED
-e 
Verify data (ETA_B = 14.5)...

3	24.71668510664124
5	280.2202996562738
7	310.0429720405991
9	521.9572277960573
11	646.6435191243347
13	710.0719709327456
15	723.0379771744559
17	760.9696164811813
19	855.6949531750911
21	825.7731086720486
23	822.1741784241917
25	849.1428089292145
27	1085.032772435892
29	1001.7750849626705
31	928.0203612355085
33	861.8007231159964
35	801.4486024026849
37	745.6105091936433
39	1062.9578968836684
41	949.7426469813471
43	848.8712329662885
45	758.3386619836213
47	1012.566288544623
49	854.0786671356342
51	1115.4961725328956
53	881.3885135823203
55	1076.7358374333478
57	813.3686121729345
59	908.2394146103953
61	985.5798988473148
63	1029.3277733982477
65	1028.0173844573696
67	981.3029266288315
69	900.4515099395369
71	802.1833141554353
73	982.8290199164566
75	793.6505211160223
77	860.2211527100287
79	872.6903006507212
81	815.0922515320489
83	574.7215839493223
85	398.48574503669494
