-3.872272e-16	-3.819754e-16	-3.784334e-16	-3.758383e-16	-3.737852e-16	-3.720694e-16	-3.705799e-16	-3.692462e-16	-3.680105e-16	-3.668100e-16	-3.655615e-16	-3.641417e-16	-3.623610e-16	-3.599276e-16	-3.564101e-16	-3.512963e-16	-3.448046e-16	
-1.320045e-02	-1.251943e-02	-1.129141e-02	-9.724706e-03	-7.948978e-03	-6.045344e-03	-4.065211e-03	-2.042207e-03	-3.488692e-16	2.042207e-03	4.065211e-03	6.045344e-03	7.948978e-03	9.724706e-03	1.129141e-02	1.251943e-02	1.320045e-02	
-2.642219e-02	-2.505873e-02	-2.260058e-02	-1.946461e-02	-1.591033e-02	-1.210008e-02	-8.136727e-03	-4.087579e-03	-3.872770e-16	4.087579e-03	8.136727e-03	1.210008e-02	1.591033e-02	1.946461e-02	2.260058e-02	2.505873e-02	2.642219e-02	
-3.968665e-02	-3.763791e-02	-3.394536e-02	-2.923502e-02	-2.389652e-02	-1.817366e-02	-1.222090e-02	-6.139302e-03	-4.963478e-16	6.139302e-03	1.222090e-02	1.817366e-02	2.389652e-02	2.923502e-02	3.394536e-02	3.763791e-02	3.968665e-02	
-5.301551e-02	-5.027721e-02	-4.534387e-02	-3.905141e-02	-3.192017e-02	-2.427565e-02	-1.632414e-02	-8.200602e-03	-3.496552e-16	8.200602e-03	1.632414e-02	2.427565e-02	3.192017e-02	3.905141e-02	4.534387e-02	5.027721e-02	5.301551e-02	
-6.643090e-02	-6.299729e-02	-5.681454e-02	-4.892959e-02	-3.999412e-02	-3.041581e-02	-2.045302e-02	-1.027477e-02	-3.742666e-16	1.027477e-02	2.045302e-02	3.041581e-02	3.999412e-02	4.892959e-02	5.681454e-02	6.299729e-02	6.643090e-02	
-7.995551e-02	-7.581931e-02	-6.837629e-02	-5.888575e-02	-4.813157e-02	-3.660415e-02	-2.461425e-02	-1.236517e-02	-1.499452e-16	1.236517e-02	2.461425e-02	3.660415e-02	4.813157e-02	5.888575e-02	6.837629e-02	7.581931e-02	7.995551e-02	
-9.361273e-02	-8.876513e-02	-8.004863e-02	-6.893660e-02	-5.634614e-02	-4.285099e-02	-2.881475e-02	-1.447529e-02	-4.907099e-16	1.447529e-02	2.881475e-02	4.285099e-02	5.634614e-02	6.893660e-02	8.004863e-02	8.876513e-02	9.361273e-02	
-1.074269e-01	-1.018574e-01	-9.185184e-02	-7.909948e-02	-6.465193e-02	-4.916705e-02	-3.306174e-02	-1.660874e-02	-2.313687e-16	1.660874e-02	3.306174e-02	4.916705e-02	6.465193e-02	7.909948e-02	9.185184e-02	1.018574e-01	1.074269e-01	
-1.214233e-01	-1.151199e-01	-1.038071e-01	-8.939251e-02	-7.306370e-02	-5.556351e-02	-3.736271e-02	-1.876929e-02	-4.438724e-16	1.876929e-02	3.736271e-02	5.556351e-02	7.306370e-02	8.939251e-02	1.038071e-01	1.151199e-01	1.214233e-01	
-1.356286e-01	-1.285774e-01	-1.159365e-01	-9.983471e-02	-8.159695e-02	-6.205214e-02	-4.172557e-02	-2.096090e-02	-6.689527e-16	2.096090e-02	4.172557e-02	6.205214e-02	8.159695e-02	9.983471e-02	1.159365e-01	1.285774e-01	1.356286e-01	
-1.500710e-01	-1.422561e-01	-1.282636e-01	-1.104462e-01	-9.026802e-02	-6.864532e-02	-4.615863e-02	-2.318776e-02	-6.531234e-16	2.318776e-02	4.615863e-02	6.864532e-02	9.026802e-02	1.104462e-01	1.282636e-01	1.422561e-01	1.500710e-01	
-1.647803e-01	-1.561840e-01	-1.408134e-01	-1.212482e-01	-9.909427e-02	-7.535625e-02	-5.067075e-02	-2.545430e-02	-2.812420e-16	2.545430e-02	5.067075e-02	7.535625e-02	9.909427e-02	1.212482e-01	1.408134e-01	1.561840e-01	1.647803e-01	
-1.797884e-01	-1.703908e-01	-1.536123e-01	-1.322635e-01	-1.080942e-01	-8.219896e-02	-5.527137e-02	-2.776526e-02	-3.853255e-16	2.776526e-02	5.527137e-02	8.219896e-02	1.080942e-01	1.322635e-01	1.536123e-01	1.703908e-01	1.797884e-01	
-1.951295e-01	-1.849085e-01	-1.666888e-01	-1.435166e-01	-1.172878e-01	-8.918856e-02	-5.997060e-02	-3.012572e-02	-4.492934e-16	3.012572e-02	5.997060e-02	8.918856e-02	1.172878e-01	1.435166e-01	1.666888e-01	1.849085e-01	1.951295e-01	
-2.108404e-01	-1.997713e-01	-1.800738e-01	-1.550337e-01	-1.266964e-01	-9.634128e-02	-6.477938e-02	-3.254116e-02	-3.573530e-16	3.254116e-02	6.477938e-02	9.634128e-02	1.266964e-01	1.550337e-01	1.800738e-01	1.997713e-01	2.108404e-01	
-2.269611e-01	-2.150167e-01	-1.938005e-01	-1.668434e-01	-1.363432e-01	-1.036748e-01	-6.970951e-02	-3.501753e-02	-1.734723e-16	3.501753e-02	6.970951e-02	1.036748e-01	1.363432e-01	1.668434e-01	1.938005e-01	2.150167e-01	2.269611e-01	
-2.435350e-01	-2.306852e-01	-2.079052e-01	-1.789767e-01	-1.462535e-01	-1.112081e-01	-7.477389e-02	-3.756128e-02	5.676883e-16	3.756128e-02	7.477389e-02	1.112081e-01	1.462535e-01	1.789767e-01	2.079052e-01	2.306852e-01	2.435350e-01	
-2.606099e-01	-2.468212e-01	-2.224276e-01	-1.914676e-01	-1.564550e-01	-1.189624e-01	-7.998659e-02	-4.017948e-02	-2.623769e-16	4.017948e-02	7.998659e-02	1.189624e-01	1.564550e-01	1.914676e-01	2.224276e-01	2.468212e-01	2.606099e-01	
-2.782378e-01	-2.634735e-01	-2.374112e-01	-2.043533e-01	-1.669780e-01	-1.269607e-01	-8.536310e-02	-4.287990e-02	-3.005408e-16	4.287990e-02	8.536310e-02	1.269607e-01	1.669780e-01	2.043533e-01	2.374112e-01	2.634735e-01	2.782378e-01	
-2.964767e-01	-2.806959e-01	-2.529042e-01	-2.176752e-01	-1.778562e-01	-1.352284e-01	-9.092052e-02	-4.567114e-02	-1.104585e-15	4.567114e-02	9.092052e-02	1.352284e-01	1.778562e-01	2.176752e-01	2.529042e-01	2.806959e-01	2.964767e-01	
-3.153905e-01	-2.985485e-01	-2.689600e-01	-2.314789e-01	-1.891268e-01	-1.437938e-01	-9.667783e-02	-4.856271e-02	5.663872e-16	4.856271e-02	9.667783e-02	1.437938e-01	1.891268e-01	2.314789e-01	2.689600e-01	2.985485e-01	3.153905e-01	
-3.350508e-01	-3.170977e-01	-2.856382e-01	-2.458155e-01	-2.008312e-01	-1.526883e-01	-1.026562e-01	-5.156523e-02	2.511012e-16	5.156523e-02	1.026562e-01	1.526883e-01	2.008312e-01	2.458155e-01	2.856382e-01	3.170977e-01	3.350508e-01	
-3.555376e-01	-3.364185e-01	-3.030057e-01	-2.607422e-01	-2.130162e-01	-1.619475e-01	-1.088793e-01	-5.469062e-02	-2.719179e-16	5.469062e-02	1.088793e-01	1.619475e-01	2.130162e-01	2.607422e-01	3.030057e-01	3.364185e-01	3.555376e-01	
-3.769412e-01	-3.565950e-01	-3.211375e-01	-2.763232e-01	-2.257340e-01	-1.716109e-01	-1.153739e-01	-5.795227e-02	-4.531965e-16	5.795227e-02	1.153739e-01	1.716109e-01	2.257340e-01	2.763232e-01	3.211375e-01	3.565950e-01	3.769412e-01	
-3.993638e-01	-3.777225e-01	-3.401190e-01	-2.926317e-01	-2.390442e-01	-1.817236e-01	-1.221702e-01	-6.136538e-02	-1.398621e-15	6.136538e-02	1.221702e-01	1.817236e-01	2.390442e-01	2.926317e-01	3.401190e-01	3.777225e-01	3.993638e-01	
-4.229217e-01	-3.999097e-01	-3.600471e-01	-3.097505e-01	-2.530142e-01	-1.923371e-01	-1.293027e-01	-6.494722e-02	-9.428222e-16	6.494722e-02	1.293027e-01	1.923371e-01	2.530142e-01	3.097505e-01	3.600471e-01	3.999097e-01	4.229217e-01	
-4.477481e-01	-4.232808e-01	-3.810328e-01	-3.277748e-01	-2.677216e-01	-2.035098e-01	-1.368107e-01	-6.871760e-02	-5.984796e-16	6.871760e-02	1.368107e-01	2.035098e-01	2.677216e-01	3.277748e-01	3.810328e-01	4.232808e-01	4.477481e-01	
-4.739964e-01	-4.479791e-01	-4.032041e-01	-3.468141e-01	-2.832554e-01	-2.153097e-01	-1.447398e-01	-7.269930e-02	-1.535230e-16	7.269930e-02	1.447398e-01	2.153097e-01	2.832554e-01	3.468141e-01	4.032041e-01	4.479791e-01	4.739964e-01	
-5.018445e-01	-4.741705e-01	-4.267092e-01	-3.669953e-01	-2.997191e-01	-2.278149e-01	-1.531426e-01	-7.691877e-02	-1.723448e-15	7.691877e-02	1.531426e-01	2.278149e-01	2.997191e-01	3.669953e-01	4.267092e-01	4.741705e-01	5.018445e-01	
-5.315000e-01	-5.020489e-01	-4.517212e-01	-3.884665e-01	-3.172332e-01	-2.411172e-01	-1.620804e-01	-8.140686e-02	-5.958775e-16	8.140686e-02	1.620804e-01	2.411172e-01	3.172332e-01	3.884665e-01	4.517212e-01	5.020489e-01	5.315000e-01	
-5.632071e-01	-5.318419e-01	-4.784436e-01	-4.114020e-01	-3.359397e-01	-2.553240e-01	-1.716257e-01	-8.619982e-02	-1.209102e-15	8.619982e-02	1.716257e-01	2.553240e-01	3.359397e-01	4.114020e-01	4.784436e-01	5.318419e-01	5.632071e-01	
-5.972547e-01	-5.638194e-01	-5.071174e-01	-4.360081e-01	-3.560065e-01	-2.705628e-01	-1.818639e-01	-9.134061e-02	9.263423e-16	9.134061e-02	1.818639e-01	2.705628e-01	3.560065e-01	4.360081e-01	5.071174e-01	5.638194e-01	5.972547e-01	
-6.339883e-01	-5.983039e-01	-5.380306e-01	-4.625313e-01	-3.776343e-01	-2.869860e-01	-1.928974e-01	-9.688057e-02	4.805184e-16	9.688057e-02	1.928974e-01	2.869860e-01	3.776343e-01	4.625313e-01	5.380306e-01	5.983039e-01	6.339883e-01	
-6.738244e-01	-6.356838e-01	-5.715302e-01	-4.912688e-01	-4.010652e-01	-3.047771e-01	-2.048493e-01	-1.028816e-01	6.392456e-16	1.028816e-01	2.048493e-01	3.047771e-01	4.010652e-01	4.912688e-01	5.715302e-01	6.356838e-01	6.738244e-01	
-7.172701e-01	-6.764324e-01	-6.080391e-01	-5.225824e-01	-4.265938e-01	-3.241596e-01	-2.178698e-01	-1.094189e-01	-1.177877e-15	1.094189e-01	2.178698e-01	3.241596e-01	4.265938e-01	5.225824e-01	6.080391e-01	6.764324e-01	7.172701e-01	
-7.649495e-01	-7.211323e-01	-6.480775e-01	-5.569177e-01	-4.545829e-01	-3.454088e-01	-2.321436e-01	-1.165854e-01	-7.173082e-16	1.165854e-01	2.321436e-01	3.454088e-01	4.545829e-01	5.569177e-01	6.480775e-01	7.211323e-01	7.649495e-01	
-8.176405e-01	-7.705095e-01	-6.922940e-01	-5.948297e-01	-4.854843e-01	-3.688676e-01	-2.479011e-01	-1.244966e-01	2.569125e-15	1.244966e-01	2.479011e-01	3.688676e-01	4.854843e-01	5.948297e-01	6.922940e-01	7.705095e-01	8.176405e-01	
-8.763257e-01	-8.254808e-01	-7.415074e-01	-6.370195e-01	-5.198691e-01	-3.949690e-01	-2.654330e-01	-1.332985e-01	-1.267215e-15	1.332985e-01	2.654330e-01	3.949690e-01	5.198691e-01	6.370195e-01	7.415074e-01	8.254808e-01	8.763257e-01	
-9.422648e-01	-8.872219e-01	-7.967681e-01	-6.843863e-01	-5.584694e-01	-4.242685e-01	-2.851122e-01	-1.431783e-01	-6.465314e-15	1.431783e-01	2.851122e-01	4.242685e-01	5.584694e-01	6.843863e-01	7.967681e-01	8.872219e-01	9.422648e-01	
-1.017101e+00	-9.572665e-01	-8.594461e-01	-7.381028e-01	-6.022400e-01	-4.574907e-01	-3.074252e-01	-1.543801e-01	-1.778092e-15	1.543801e-01	3.074252e-01	4.574907e-01	6.022400e-01	7.381028e-01	8.594461e-01	9.572665e-01	1.017101e+00	
-1.103022e+00	-1.037655e+00	-9.313639e-01	-7.997294e-01	-6.524515e-01	-4.955992e-01	-3.330192e-01	-1.672288e-01	4.045375e-15	1.672288e-01	3.330192e-01	4.955992e-01	6.524515e-01	7.997294e-01	9.313639e-01	1.037655e+00	1.103022e+00	
-1.203002e+00	-1.131165e+00	-1.015002e+00	-8.713893e-01	-7.108329e-01	-5.399059e-01	-3.627749e-01	-1.821664e-01	-1.170938e-15	1.821664e-01	3.627749e-01	5.399059e-01	7.108329e-01	8.713893e-01	1.015002e+00	1.131165e+00	1.203002e+00	
-1.321198e+00	-1.241675e+00	-1.113825e+00	-9.560492e-01	-7.797997e-01	-5.922435e-01	-3.979229e-01	-1.998108e-01	2.697495e-15	1.998108e-01	3.979229e-01	5.922435e-01	7.797997e-01	9.560492e-01	1.113825e+00	1.241675e+00	1.321198e+00	
-1.463605e+00	-1.374779e+00	-1.232831e+00	-1.057987e+00	-8.628350e-01	-6.552542e-01	-4.402373e-01	-2.210524e-01	3.309852e-15	2.210524e-01	4.402373e-01	6.552542e-01	8.628350e-01	1.057987e+00	1.232831e+00	1.374779e+00	1.463605e+00	
-1.639197e+00	-1.538852e+00	-1.379500e+00	-1.183606e+00	-9.651534e-01	-7.328942e-01	-4.923745e-01	-2.472245e-01	1.039967e-14	2.472245e-01	4.923745e-01	7.328942e-01	9.651534e-01	1.183606e+00	1.379500e+00	1.538852e+00	1.639197e+00	
-1.862050e+00	-1.747031e+00	-1.565566e+00	-1.342951e+00	-1.094934e+00	-8.313686e-01	-5.585008e-01	-2.804186e-01	-7.214715e-15	2.804186e-01	5.585008e-01	8.313686e-01	1.094934e+00	1.342951e+00	1.565566e+00	1.747031e+00	1.862050e+00	
-2.155575e+00	-2.021163e+00	-1.810544e+00	-1.552729e+00	-1.265780e+00	-9.609981e-01	-6.455460e-01	-3.241129e-01	-3.552714e-15	3.241129e-01	6.455460e-01	9.609981e-01	1.265780e+00	1.552729e+00	1.810544e+00	2.021163e+00	2.155575e+00	
-2.561812e+00	-2.400480e+00	-2.149478e+00	-1.842940e+00	-1.502120e+00	-1.140315e+00	-7.659534e-01	-3.845535e-01	5.904999e-15	3.845535e-01	7.659534e-01	1.140315e+00	1.502120e+00	1.842940e+00	2.149478e+00	2.400480e+00	2.561812e+00	
-3.164579e+00	-2.963205e+00	-2.652238e+00	-2.273398e+00	-1.852658e+00	-1.406269e+00	-9.445327e-01	-4.741937e-01	1.981054e-15	4.741937e-01	9.445327e-01	1.406269e+00	1.852658e+00	2.273398e+00	2.652238e+00	2.963205e+00	3.164579e+00	
-4.158583e+00	-3.891041e+00	-3.481131e+00	-2.983048e+00	-2.430531e+00	-1.844693e+00	-1.238916e+00	-6.219621e-01	-1.665335e-16	6.219621e-01	1.238916e+00	1.844693e+00	2.430531e+00	2.983048e+00	3.481131e+00	3.891041e+00	4.158583e+00	
-6.123544e+00	-5.724995e+00	-5.119404e+00	-4.385582e+00	-3.572595e+00	-2.711145e+00	-1.820696e+00	-9.139903e-01	2.553513e-14	9.139903e-01	1.820696e+00	2.711145e+00	3.572595e+00	4.385582e+00	5.119404e+00	5.724995e+00	6.123544e+00	
-1.190677e+01	-1.112224e+01	-9.940550e+00	-8.512872e+00	-6.933326e+00	-5.260809e+00	-3.532658e+00	-1.773317e+00	-3.093359e-14	1.773317e+00	3.532658e+00	5.260809e+00	6.933326e+00	8.512872e+00	9.940550e+00	1.112224e+01	1.190677e+01	
-5.293285e+02	-4.939918e+02	-4.412586e+02	-3.777505e+02	-3.075899e+02	-2.333566e+02	-1.566861e+02	-7.864920e+01	8.877343e-13	7.864920e+01	1.566861e+02	2.333566e+02	3.075899e+02	3.777505e+02	4.412586e+02	4.939918e+02	5.293285e+02	
1.194215e+01	1.113367e+01	9.939072e+00	8.505312e+00	6.923888e+00	5.252058e+00	3.526126e+00	1.769859e+00	-6.050715e-14	-1.769859e+00	-3.526126e+00	-5.252058e+00	-6.923888e+00	-8.505312e+00	-9.939072e+00	-1.113367e+01	-1.194215e+01	
5.753191e+00	5.357791e+00	4.779716e+00	4.088492e+00	3.327402e+00	2.523536e+00	1.694071e+00	8.502519e-01	-2.302325e-14	-8.502519e-01	-1.694071e+00	-2.523536e+00	-3.327402e+00	-4.088492e+00	-4.779716e+00	-5.357791e+00	-5.753191e+00	
3.710487e+00	3.451282e+00	3.076633e+00	2.630474e+00	2.140160e+00	1.622809e+00	1.089277e+00	5.466718e-01	-7.941564e-15	-5.466718e-01	-1.089277e+00	-1.622809e+00	-2.140160e+00	-2.630474e+00	-3.076633e+00	-3.451282e+00	-3.710487e+00	
2.686115e+00	2.495102e+00	2.222421e+00	1.899149e+00	1.544636e+00	1.170994e+00	7.859025e-01	3.943901e-01	-1.951564e-14	-3.943901e-01	-7.859025e-01	-1.170994e+00	-1.544636e+00	-1.899149e+00	-2.222421e+00	-2.495102e+00	-2.686115e+00	
2.065769e+00	1.915968e+00	1.705000e+00	1.456139e+00	1.183877e+00	8.972856e-01	6.021161e-01	3.021361e-01	-5.918877e-15	-3.021361e-01	-6.021161e-01	-8.972856e-01	-1.183877e+00	-1.456139e+00	-1.705000e+00	-1.915968e+00	-2.065769e+00	
1.646166e+00	1.524171e+00	1.354915e+00	1.156379e+00	9.397616e-01	7.120693e-01	4.777473e-01	2.397070e-01	1.431147e-15	-2.397070e-01	-4.777473e-01	-7.120693e-01	-9.397616e-01	-1.156379e+00	-1.354915e+00	-1.524171e+00	-1.646166e+00	
1.340498e+00	1.238699e+00	1.099803e+00	9.379242e-01	7.618488e-01	5.770784e-01	3.871020e-01	1.942055e-01	-1.512679e-15	-1.942055e-01	-3.871020e-01	-5.770784e-01	-7.618488e-01	-9.379242e-01	-1.099803e+00	-1.238699e+00	-1.340498e+00	
1.105422e+00	1.019104e+00	9.035359e-01	7.698427e-01	6.249535e-01	4.732056e-01	3.173507e-01	1.591918e-01	6.775830e-15	-1.591918e-01	-3.173507e-01	-4.732056e-01	-6.249535e-01	-7.698427e-01	-9.035359e-01	-1.019104e+00	-1.105422e+00	
9.168412e-01	8.428992e-01	7.460249e-01	6.349392e-01	5.150735e-01	3.898282e-01	2.613609e-01	1.310857e-01	-3.213575e-15	-1.310857e-01	-2.613609e-01	-3.898282e-01	-5.150735e-01	-6.349392e-01	-7.460249e-01	-8.428992e-01	-9.168412e-01	
7.602483e-01	6.965448e-01	6.151771e-01	5.228610e-01	4.237791e-01	3.205508e-01	2.148385e-01	1.077319e-01	4.198031e-15	-1.077319e-01	-2.148385e-01	-3.205508e-01	-4.237791e-01	-5.228610e-01	-6.151771e-01	-6.965448e-01	-7.602483e-01	
6.263451e-01	5.713636e-01	5.032415e-01	4.269724e-01	3.456673e-01	2.612745e-01	1.750311e-01	8.774858e-02	-5.562391e-15	-8.774858e-02	-1.750311e-01	-2.612745e-01	-3.456673e-01	-4.269724e-01	-5.032415e-01	-5.713636e-01	-6.263451e-01	
5.088524e-01	4.614958e-01	4.049836e-01	3.427926e-01	2.770892e-01	2.092309e-01	1.400800e-01	7.020298e-02	-1.191235e-14	-7.020298e-02	-1.400800e-01	-2.092309e-01	-2.770892e-01	-3.427926e-01	-4.049836e-01	-4.614958e-01	-5.088524e-01	
4.033296e-01	3.627969e-01	3.167015e-01	2.671524e-01	2.154644e-01	1.624623e-01	1.086708e-01	5.443520e-02	-7.812327e-15	-5.443520e-02	-1.086708e-01	-1.624623e-01	-2.154644e-01	-2.671524e-01	-3.167015e-01	-3.627969e-01	-4.033296e-01	
3.064956e-01	2.722051e-01	2.356600e-01	1.977101e-01	1.588861e-01	1.195222e-01	7.983221e-02	3.995770e-02	-4.710642e-15	-3.995770e-02	-7.983221e-02	-1.195222e-01	-1.588861e-01	-1.977101e-01	-2.356600e-01	-2.722051e-01	-3.064956e-01	
2.158164e-01	1.873553e-01	1.597465e-01	1.326571e-01	1.058816e-01	7.929331e-02	5.281393e-02	2.639393e-02	-9.372928e-15	-2.639393e-02	-5.281393e-02	-7.929331e-02	-1.058816e-01	-1.326571e-01	-1.597465e-01	-1.873553e-01	-2.158164e-01	
1.292402e-01	1.063322e-01	8.725015e-02	7.052887e-02	5.525825e-02	4.087073e-02	2.700843e-02	1.343890e-02	-1.220345e-14	-1.343890e-02	-2.700843e-02	-4.087073e-02	-5.525825e-02	-7.052887e-02	-8.725015e-02	-1.063322e-01	-1.292402e-01	
4.501561e-02	2.750135e-02	1.671058e-02	1.007509e-02	5.998020e-03	3.482116e-03	1.897114e-03	8.322948e-04	-9.563531e-15	-8.322948e-04	-1.897114e-03	-3.482116e-03	-5.998020e-03	-1.007509e-02	-1.671058e-02	-2.750135e-02	-4.501561e-02	
-3.844162e-02	-5.061621e-02	-5.319334e-02	-4.983534e-02	-4.282020e-02	-3.357136e-02	-2.298925e-02	-1.166142e-02	-9.772998e-15	1.166142e-02	2.298925e-02	3.357136e-02	4.282020e-02	4.983534e-02	5.319334e-02	5.061621e-02	3.844162e-02	
-1.226578e-01	-1.294454e-01	-1.237346e-01	-1.102923e-01	-9.208396e-02	-7.096308e-02	-4.810283e-02	-2.426920e-02	-1.476336e-14	2.426920e-02	4.810283e-02	7.096308e-02	9.208396e-02	1.102923e-01	1.237346e-01	1.294454e-01	1.226578e-01	
-2.092023e-01	-2.104512e-01	-1.962223e-01	-1.724167e-01	-1.427060e-01	-1.093855e-01	-7.390859e-02	-3.722446e-02	-1.042265e-14	3.722446e-02	7.390859e-02	1.093855e-01	1.427060e-01	1.724167e-01	1.962223e-01	2.104512e-01	2.092023e-01	
-2.997942e-01	-2.952388e-01	-2.720906e-01	-2.374364e-01	-1.956862e-01	-1.495974e-01	-1.009160e-01	-5.078292e-02	1.203031e-15	5.078292e-02	1.009160e-01	1.495974e-01	1.956862e-01	2.374364e-01	2.720906e-01	2.952388e-01	2.997942e-01	
-3.964316e-01	-3.856740e-01	-3.530065e-01	-3.067789e-01	-2.521871e-01	-1.924807e-01	-1.297172e-01	-6.524186e-02	-7.372575e-17	6.524186e-02	1.297172e-01	1.924807e-01	2.521871e-01	3.067789e-01	3.530065e-01	3.856740e-01	3.964316e-01	
-5.015642e-01	-4.840440e-01	-4.410139e-01	-3.821941e-01	-3.136340e-01	-2.391167e-01	-1.610385e-01	-8.096575e-02	-2.211772e-15	8.096575e-02	1.610385e-01	2.391167e-01	3.136340e-01	3.821941e-01	4.410139e-01	4.840440e-01	5.015642e-01	
-6.183432e-01	-5.932917e-01	-5.387424e-01	-4.659338e-01	-3.818604e-01	-2.908968e-01	-1.958139e-01	-9.842356e-02	1.060350e-14	9.842356e-02	1.958139e-01	2.908968e-01	3.818604e-01	4.659338e-01	5.387424e-01	5.932917e-01	6.183432e-01	
-7.510085e-01	-7.173762e-01	-6.497299e-01	-5.610274e-01	-4.593336e-01	-3.496927e-01	-2.353004e-01	-1.182462e-01	-1.417269e-14	1.182462e-01	2.353004e-01	3.496927e-01	4.593336e-01	5.610274e-01	6.497299e-01	7.173762e-01	7.510085e-01	
-9.055197e-01	-8.618630e-01	-7.789496e-01	-6.717333e-01	-5.495215e-01	-4.181359e-01	-2.812649e-01	-1.413206e-01	1.443810e-14	1.413206e-01	2.812649e-01	4.181359e-01	5.495215e-01	6.717333e-01	7.789496e-01	8.618630e-01	9.055197e-01	
-1.090648e+00	-1.034943e+00	-9.337206e-01	-8.043188e-01	-6.575282e-01	-5.000989e-01	-3.363078e-01	-1.689521e-01	2.914335e-15	1.689521e-01	3.363078e-01	5.000989e-01	6.575282e-01	8.043188e-01	9.337206e-01	1.034943e+00	1.090648e+00	
-1.319982e+00	-1.249305e+00	-1.125383e+00	-9.684942e-01	-7.912617e-01	-6.015819e-01	-4.044580e-01	-2.031631e-01	-1.390728e-14	2.031631e-01	4.044580e-01	6.015819e-01	7.912617e-01	9.684942e-01	1.125383e+00	1.249305e+00	1.319982e+00	
-1.615905e+00	-1.525854e+00	-1.372616e+00	-1.180254e+00	-9.637480e-01	-7.324680e-01	-4.923521e-01	-2.472850e-01	-9.457712e-15	2.472850e-01	4.923521e-01	7.324680e-01	9.637480e-01	1.180254e+00	1.372616e+00	1.525854e+00	1.615905e+00	
-2.018249e+00	-1.901787e+00	-1.708659e+00	-1.468062e+00	-1.198167e+00	-9.103450e-01	-6.118000e-01	-3.072459e-01	-1.926237e-14	3.072459e-01	6.118000e-01	9.103450e-01	1.198167e+00	1.468062e+00	1.708659e+00	1.901787e+00	2.018249e+00	
-2.605626e+00	-2.450516e+00	-2.199115e+00	-1.888091e+00	-1.540267e+00	-1.169923e+00	-7.861091e-01	-3.947455e-01	-4.163336e-15	3.947455e-01	7.861091e-01	1.169923e+00	1.540267e+00	1.888091e+00	2.199115e+00	2.450516e+00	2.605626e+00	
-3.558111e+00	-3.340206e+00	-2.994258e+00	-2.569020e+00	-2.094843e+00	-1.590715e+00	-1.068670e+00	-5.365845e-01	-1.076569e-14	5.365845e-01	1.068670e+00	1.590715e+00	2.094843e+00	2.569020e+00	2.994258e+00	3.340206e+00	3.558111e+00	
-5.399509e+00	-5.060023e+00	-4.531209e+00	-3.885151e+00	-3.166725e+00	-2.404005e+00	-1.614789e+00	-8.107213e-01	6.980527e-14	8.107213e-01	1.614789e+00	2.404005e+00	3.166725e+00	3.885151e+00	4.531209e+00	5.060023e+00	5.399509e+00	
-1.056798e+01	-9.886880e+00	-8.844637e+00	-7.578748e+00	-6.174804e+00	-4.686360e+00	-3.147363e+00	-1.580029e+00	1.346007e-13	1.580029e+00	3.147363e+00	4.686360e+00	6.174804e+00	7.578748e+00	8.844637e+00	9.886880e+00	1.056798e+01	
-1.249413e+02	-1.166964e+02	-1.042907e+02	-8.930813e+01	-7.273488e+01	-5.518794e+01	-3.705844e+01	-1.860238e+01	1.399214e-12	1.860238e+01	3.705844e+01	5.518794e+01	7.273488e+01	8.930813e+01	1.042907e+02	1.166964e+02	1.249413e+02	
1.319844e+01	1.230736e+01	1.098811e+01	9.403686e+00	7.655555e+00	5.807210e+00	3.898904e+00	1.956983e+00	-1.658118e-13	-1.956983e+00	-3.898904e+00	-5.807210e+00	-7.655555e+00	-9.403686e+00	-1.098811e+01	-1.230736e+01	-1.319844e+01	
6.343271e+00	5.905355e+00	5.267117e+00	4.504809e+00	3.665900e+00	2.780098e+00	1.866236e+00	9.366428e-01	-1.155326e-13	-9.366428e-01	-1.866236e+00	-2.780098e+00	-3.665900e+00	-4.504809e+00	-5.267117e+00	-5.905355e+00	-6.343271e+00	
4.192655e+00	3.896770e+00	3.472120e+00	2.967715e+00	2.414068e+00	1.830273e+00	1.228436e+00	6.164846e-01	-5.910550e-14	-6.164846e-01	-1.228436e+00	-1.830273e+00	-2.414068e+00	-2.967715e+00	-3.472120e+00	-3.896770e+00	-4.192655e+00	
3.132926e+00	2.906926e+00	2.587479e+00	2.210150e+00	1.797080e+00	1.362126e+00	9.140769e-01	4.586839e-01	-2.229467e-14	-4.586839e-01	-9.140769e-01	-1.362126e+00	-1.797080e+00	-2.210150e+00	-2.587479e+00	-2.906926e+00	-3.132926e+00	
2.496849e+00	2.312717e+00	2.056380e+00	1.755318e+00	1.426636e+00	1.081043e+00	7.253272e-01	3.639355e-01	1.102590e-14	-3.639355e-01	-7.253272e-01	-1.081043e+00	-1.426636e+00	-1.755318e+00	-2.056380e+00	-2.312717e+00	-2.496849e+00	
2.069061e+00	1.913021e+00	1.699101e+00	1.449325e+00	1.177407e+00	8.919287e-01	5.983339e-01	3.001870e-01	-6.473294e-14	-3.001870e-01	-5.983339e-01	-8.919287e-01	-1.177407e+00	-1.449325e+00	-1.699101e+00	-1.913021e+00	-2.069061e+00	
1.758896e+00	1.623169e+00	1.439980e+00	1.227385e+00	9.966294e-01	7.547517e-01	5.062155e-01	2.539447e-01	-3.233351e-14	-2.539447e-01	-5.062155e-01	-7.547517e-01	-9.966294e-01	-1.227385e+00	-1.439980e+00	-1.623169e+00	-1.758896e+00	
1.521519e+00	1.401293e+00	1.241601e+00	1.057458e+00	8.582116e-01	6.497144e-01	4.356784e-01	2.185356e-01	-1.445025e-14	-2.185356e-01	-4.356784e-01	-6.497144e-01	-8.582116e-01	-1.057458e+00	-1.241601e+00	-1.401293e+00	-1.521519e+00	
1.332190e+00	1.224287e+00	1.083320e+00	9.218659e-01	7.477559e-01	5.658931e-01	3.793876e-01	1.902776e-01	-2.642504e-14	-1.902776e-01	-3.793876e-01	-5.658931e-01	-7.477559e-01	-9.218659e-01	-1.083320e+00	-1.224287e+00	-1.332190e+00	
1.176116e+00	1.078338e+00	9.527920e-01	8.100388e-01	6.566544e-01	4.967565e-01	3.329574e-01	1.669694e-01	-1.017415e-14	-1.669694e-01	-3.329574e-01	-4.967565e-01	-6.566544e-01	-8.100388e-01	-9.527920e-01	-1.078338e+00	-1.176116e+00	
1.043889e+00	9.546589e-01	8.421652e-01	7.152531e-01	5.794316e-01	4.381502e-01	2.935982e-01	1.472107e-01	-4.015972e-14	-1.472107e-01	-2.935982e-01	-4.381502e-01	-5.794316e-01	-7.152531e-01	-8.421652e-01	-9.546589e-01	-1.043889e+00	
9.292155e-01	8.473740e-01	7.461887e-01	6.330126e-01	5.124256e-01	3.872960e-01	2.594444e-01	1.300648e-01	-5.417541e-15	-1.300648e-01	-2.594444e-01	-3.872960e-01	-5.124256e-01	-6.330126e-01	-7.461887e-01	-8.473740e-01	-9.292155e-01	
8.277067e-01	7.523842e-01	6.611999e-01	5.601811e-01	4.530824e-01	3.422558e-01	2.291947e-01	1.148788e-01	-1.384700e-14	-1.148788e-01	-2.291947e-01	-3.422558e-01	-4.530824e-01	-5.601811e-01	-6.611999e-01	-7.523842e-01	-8.277067e-01	
7.361848e-01	6.667222e-01	5.845473e-01	4.944881e-01	3.995530e-01	3.016269e-01	2.019071e-01	1.011797e-01	-1.670539e-14	-1.011797e-01	-2.019071e-01	-3.016269e-01	-3.995530e-01	-4.944881e-01	-5.845473e-01	-6.667222e-01	-7.361848e-01	
6.522689e-01	5.881649e-01	5.142444e-01	4.342328e-01	3.504524e-01	2.643584e-01	1.768760e-01	8.861321e-02	-3.573791e-14	-8.861321e-02	-1.768760e-01	-2.643584e-01	-3.504524e-01	-4.342328e-01	-5.142444e-01	-5.881649e-01	-6.522689e-01	
5.741149e-01	5.149905e-01	4.487526e-01	3.780979e-01	3.047075e-01	2.296362e-01	1.535548e-01	7.690510e-02	-4.770490e-18	-7.690510e-02	-1.535548e-01	-2.296362e-01	-3.047075e-01	-3.780979e-01	-4.487526e-01	-5.149905e-01	-5.741149e-01	
5.002449e-01	4.458189e-01	3.868391e-01	3.250276e-01	2.614589e-01	1.968081e-01	1.315056e-01	6.583549e-02	-2.820834e-14	-6.583549e-02	-1.315056e-01	-1.968081e-01	-2.614589e-01	-3.250276e-01	-3.868391e-01	-4.458189e-01	-5.002449e-01	
4.294306e-01	3.795037e-01	3.274796e-01	2.741451e-01	2.199924e-01	1.653324e-01	1.103645e-01	5.522176e-02	-1.399429e-14	-5.522176e-02	-1.103645e-01	-1.653324e-01	-2.199924e-01	-2.741451e-01	-3.274796e-01	-3.795037e-01	-4.294306e-01	
3.606107e-01	3.150542e-01	2.697891e-01	2.246925e-01	1.796910e-01	1.347408e-01	8.981719e-02	4.490615e-02	-4.033030e-14	-4.490615e-02	-8.981719e-02	-1.347408e-01	-1.796910e-01	-2.246925e-01	-2.697891e-01	-3.150542e-01	-3.606107e-01	
2.928275e-01	2.515766e-01	2.129690e-01	1.759865e-01	1.399980e-01	1.046113e-01	6.958025e-02	3.474634e-02	-4.048639e-14	-3.474634e-02	-6.958025e-02	-1.046113e-01	-1.399980e-01	-1.759865e-01	-2.129690e-01	-2.515766e-01	-2.928275e-01	
2.251759e-01	1.882265e-01	1.562653e-01	1.273814e-01	1.003879e-01	7.454492e-02	4.938586e-02	2.460792e-02	-3.617375e-14	-2.460792e-02	-4.938586e-02	-7.454492e-02	-1.003879e-01	-1.273814e-01	-1.562653e-01	-1.882265e-01	-2.251759e-01	
1.567582e-01	1.241662e-01	9.892980e-02	7.823685e-02	6.033936e-02	4.414624e-02	2.896848e-02	1.435762e-02	-1.600261e-14	-1.435762e-02	-2.896848e-02	-4.414624e-02	-6.033936e-02	-7.823685e-02	-9.892980e-02	-1.241662e-01	-1.567582e-01	
8.663935e-02	5.852363e-02	4.018386e-02	2.788639e-02	1.930963e-02	1.300358e-02	8.051723e-03	3.856691e-03	-3.758495e-14	-3.856691e-03	-8.051723e-03	-1.300358e-02	-1.930963e-02	-2.788639e-02	-4.018386e-02	-5.852363e-02	-8.663935e-02	
1.379863e-02	-9.653069e-03	-2.082247e-02	-2.439740e-02	-2.329344e-02	-1.933228e-02	-1.366602e-02	-7.046245e-03	-6.760651e-15	7.046245e-03	1.366602e-02	1.933228e-02	2.329344e-02	2.439740e-02	2.082247e-02	9.653069e-03	-1.379863e-02	
-6.292818e-02	-8.144950e-02	-8.505840e-02	-7.944395e-02	-6.814510e-02	-5.337354e-02	-3.652865e-02	-1.852380e-02	-5.915971e-14	1.852380e-02	3.652865e-02	5.337354e-02	6.814510e-02	7.944395e-02	8.505840e-02	8.144950e-02	6.292818e-02	
-1.449235e-01	-1.581545e-01	-1.536745e-01	-1.382379e-01	-1.160469e-01	-8.972824e-02	-6.094437e-02	-3.078088e-02	-6.529933e-14	3.078088e-02	6.094437e-02	8.972824e-02	1.160469e-01	1.382379e-01	1.536745e-01	1.581545e-01	1.449235e-01	
-2.338900e-01	-2.413555e-01	-2.280878e-01	-2.019918e-01	-1.679859e-01	-1.291451e-01	-8.741589e-02	-4.406979e-02	-4.575073e-14	4.406979e-02	8.741589e-02	1.291451e-01	1.679859e-01	2.019918e-01	2.280878e-01	2.413555e-01	2.338900e-01	
-3.319979e-01	-3.330755e-01	-3.101041e-01	-2.722509e-01	-2.252201e-01	-1.725783e-01	-1.165838e-01	-5.871206e-02	-3.432758e-14	5.871206e-02	1.165838e-01	1.725783e-01	2.252201e-01	2.722509e-01	3.101041e-01	3.330755e-01	3.319979e-01	
-4.421057e-01	-4.359788e-01	-4.021017e-01	-3.510503e-01	-2.894061e-01	-2.212845e-01	-1.492917e-01	-7.513114e-02	-1.945059e-14	7.513114e-02	1.492917e-01	2.212845e-01	2.894061e-01	3.510503e-01	4.021017e-01	4.359788e-01	4.421057e-01	
-5.681054e-01	-5.536934e-01	-5.073187e-01	-4.411609e-01	-3.627994e-01	-2.769745e-01	-1.866883e-01	-9.390354e-02	-4.423718e-14	9.390354e-02	1.866883e-01	2.769745e-01	3.627994e-01	4.411609e-01	5.073187e-01	5.536934e-01	5.681054e-01	
-7.154867e-01	-6.913362e-01	-6.303225e-01	-5.464906e-01	-4.485813e-01	-3.420612e-01	-2.303936e-01	-1.158424e-01	-6.604092e-14	1.158424e-01	2.303936e-01	3.420612e-01	4.485813e-01	5.464906e-01	6.303225e-01	6.913362e-01	7.154867e-01	
-8.923039e-01	-8.564141e-01	-7.778136e-01	-6.727730e-01	-5.514188e-01	-4.200849e-01	-2.827842e-01	-1.421406e-01	-8.715424e-14	1.421406e-01	2.827842e-01	4.200849e-01	5.514188e-01	6.727730e-01	7.778136e-01	8.564141e-01	8.923039e-01	
-1.110929e+00	-1.060458e+00	-9.600842e-01	-8.288148e-01	-6.784809e-01	-5.164832e-01	-3.475108e-01	-1.746305e-01	-7.279420e-14	1.746305e-01	3.475108e-01	5.164832e-01	6.784809e-01	8.288148e-01	9.600842e-01	1.060458e+00	1.110929e+00	
-1.391456e+00	-1.322198e+00	-1.193852e+00	-1.028920e+00	-8.414114e-01	-6.400880e-01	-4.305029e-01	-2.162883e-01	-7.271614e-14	2.162883e-01	4.305029e-01	6.400880e-01	8.414114e-01	1.028920e+00	1.193852e+00	1.322198e+00	1.391456e+00	
-1.768925e+00	-1.674292e+00	-1.508265e+00	-1.298031e+00	-1.060513e+00	-8.062997e-01	-5.420997e-01	-2.723033e-01	-9.869883e-14	2.723033e-01	5.420997e-01	8.062997e-01	1.060513e+00	1.298031e+00	1.508265e+00	1.674292e+00	1.768925e+00	
-2.310486e+00	-2.179329e+00	-1.959189e+00	-1.683948e+00	-1.374697e+00	-1.044632e+00	-7.021154e-01	-3.526208e-01	-1.681467e-13	3.526208e-01	7.021154e-01	1.044632e+00	1.374697e+00	1.683948e+00	1.959189e+00	2.179329e+00	2.310486e+00	
-3.163275e+00	-2.974442e+00	-2.669023e+00	-2.291403e+00	-1.869216e+00	-1.419750e+00	-9.539649e-01	-4.790316e-01	-1.567392e-13	4.790316e-01	9.539649e-01	1.419750e+00	1.869216e+00	2.291403e+00	2.669023e+00	2.974442e+00	3.163275e+00	
-4.724263e+00	-4.429629e+00	-3.968010e+00	-3.402972e+00	-2.774091e+00	-2.106128e+00	-1.414783e+00	-7.103279e-01	-3.009260e-13	7.103279e-01	1.414783e+00	2.106128e+00	2.774091e+00	3.402972e+00	3.968010e+00	4.429629e+00	4.724263e+00	
-8.562466e+00	-8.007279e+00	-7.161415e+00	-6.135515e+00	-4.998461e+00	-3.793358e+00	-2.547536e+00	-1.278883e+00	-4.398704e-13	1.278883e+00	2.547536e+00	3.793358e+00	4.998461e+00	6.135515e+00	7.161415e+00	8.007279e+00	8.562466e+00	
-3.394559e+01	-3.166572e+01	-2.827806e+01	-2.420421e+01	-1.970668e+01	-1.494973e+01	-1.003752e+01	-5.038266e+00	-1.622591e-12	5.038266e+00	1.003752e+01	1.494973e+01	1.970668e+01	2.420421e+01	2.827806e+01	3.166572e+01	3.394559e+01	
1.927249e+01	1.793554e+01	1.599371e+01	1.367718e+01	1.112926e+01	8.439659e+00	5.665249e+00	2.843282e+00	9.685308e-13	-2.843282e+00	-5.665249e+00	-8.439659e+00	-1.112926e+01	-1.367718e+01	-1.599371e+01	-1.793554e+01	-1.927249e+01	
7.781675e+00	7.225322e+00	6.434084e+00	5.497330e+00	4.470709e+00	3.389052e+00	2.274447e+00	1.141365e+00	4.042044e-13	-1.141365e+00	-2.274447e+00	-3.389052e+00	-4.470709e+00	-5.497330e+00	-6.434084e+00	-7.225322e+00	-7.781675e+00	
4.964438e+00	4.599251e+00	4.090014e+00	3.491527e+00	2.837914e+00	2.150538e+00	1.442946e+00	7.240143e-01	1.826872e-13	-7.240143e-01	-1.442946e+00	-2.150538e+00	-2.837914e+00	-3.491527e+00	-4.090014e+00	-4.599251e+00	-4.964438e+00	
3.682729e+00	3.404358e+00	3.023349e+00	2.578744e+00	2.094854e+00	1.586897e+00	1.064529e+00	5.340769e-01	2.125765e-13	-5.340769e-01	-1.064529e+00	-1.586897e+00	-2.094854e+00	-2.578744e+00	-3.023349e+00	-3.404358e+00	-3.682729e+00	
2.944777e+00	2.716268e+00	2.409035e+00	2.053018e+00	1.666862e+00	1.262240e+00	8.465575e-01	4.246699e-01	1.483431e-13	-4.246699e-01	-8.465575e-01	-1.262240e+00	-1.666862e+00	-2.053018e+00	-2.409035e+00	-2.716268e+00	-2.944777e+00	
2.461479e+00	2.265524e+00	2.006565e+00	1.708557e+00	1.386422e+00	1.049502e+00	7.037245e-01	3.529766e-01	1.457012e-13	-3.529766e-01	-7.037245e-01	-1.049502e+00	-1.386422e+00	-1.708557e+00	-2.006565e+00	-2.265524e+00	-2.461479e+00	
2.117708e+00	1.944824e+00	1.720164e+00	1.463412e+00	1.186827e+00	8.980851e-01	6.020601e-01	3.019468e-01	1.015559e-13	-3.019468e-01	-6.020601e-01	-8.980851e-01	-1.186827e+00	-1.463412e+00	-1.720164e+00	-1.944824e+00	-2.117708e+00	
1.858535e+00	1.702970e+00	1.504138e+00	1.278482e+00	1.036247e+00	7.838473e-01	5.253561e-01	2.634451e-01	7.169959e-14	-2.634451e-01	-5.253561e-01	-7.838473e-01	-1.036247e+00	-1.278482e+00	-1.504138e+00	-1.702970e+00	-1.858535e+00	
1.654410e+00	1.512421e+00	1.333902e+00	1.132733e+00	9.175602e-01	6.938004e-01	4.648931e-01	2.330950e-01	4.223011e-14	-2.330950e-01	-4.648931e-01	-6.938004e-01	-9.175602e-01	-1.132733e+00	-1.333902e+00	-1.512421e+00	-1.654410e+00	
1.488001e+00	1.357022e+00	1.195039e+00	1.013827e+00	8.207239e-01	6.203273e-01	4.155570e-01	2.083297e-01	1.105852e-13	-2.083297e-01	-4.155570e-01	-6.203273e-01	-8.207239e-01	-1.013827e+00	-1.195039e+00	-1.357022e+00	-1.488001e+00	
1.348455e+00	1.226658e+00	1.078518e+00	9.140373e-01	7.394485e-01	5.586570e-01	3.741448e-01	1.875416e-01	8.998011e-14	-1.875416e-01	-3.741448e-01	-5.586570e-01	-7.394485e-01	-9.140373e-01	-1.078518e+00	-1.226658e+00	-1.348455e+00	
1.228607e+00	1.114650e+00	9.783800e-01	8.282652e-01	6.695828e-01	5.056409e-01	3.385426e-01	1.696697e-01	7.494352e-14	-1.696697e-01	-3.385426e-01	-5.056409e-01	-6.695828e-01	-8.282652e-01	-9.783800e-01	-1.114650e+00	-1.228607e+00	
1.123522e+00	1.016398e+00	8.905179e-01	7.529959e-01	6.082661e-01	4.591091e-01	3.072936e-01	1.539827e-01	6.311097e-14	-1.539827e-01	-3.072936e-01	-4.591091e-01	-6.082661e-01	-7.529959e-01	-8.905179e-01	-1.016398e+00	-1.123522e+00	
1.029668e+00	9.286098e-01	8.119935e-01	6.857153e-01	5.534517e-01	4.175091e-01	2.793556e-01	1.399574e-01	4.944049e-14	-1.399574e-01	-2.793556e-01	-4.175091e-01	-5.534517e-01	-6.857153e-01	-8.119935e-01	-9.286098e-01	-1.029668e+00	
9.444332e-01	8.488504e-01	7.406327e-01	6.245631e-01	5.036253e-01	3.796922e-01	2.539572e-01	1.272069e-01	7.419412e-14	-1.272069e-01	-2.539572e-01	-3.796922e-01	-5.036253e-01	-6.245631e-01	-7.406327e-01	-8.488504e-01	-9.444332e-01	
8.658214e-01	7.752594e-01	6.747750e-01	5.681183e-01	4.576300e-01	3.447810e-01	2.305095e-01	1.154354e-01	4.327354e-14	-1.154354e-01	-2.305095e-01	-3.447810e-01	-4.576300e-01	-5.681183e-01	-6.747750e-01	-7.752594e-01	-8.658214e-01	
7.922608e-01	7.063709e-01	6.131116e-01	5.152608e-01	4.145541e-01	3.120837e-01	2.085480e-01	1.044098e-01	6.652730e-14	-1.044098e-01	-2.085480e-01	-3.120837e-01	-4.145541e-01	-5.152608e-01	-6.131116e-01	-7.063709e-01	-7.922608e-01	
7.224712e-01	6.409911e-01	5.545767e-01	4.650785e-01	3.736550e-01	2.810372e-01	1.876946e-01	9.394037e-02	6.947047e-14	-9.394037e-02	-1.876946e-01	-2.810372e-01	-3.736550e-01	-4.650785e-01	-5.545767e-01	-6.409911e-01	-7.224712e-01	
6.553732e-01	5.781132e-01	4.982712e-01	4.168020e-01	3.343062e-01	2.511660e-01	1.676301e-01	8.386685e-02	4.031974e-14	-8.386685e-02	-1.676301e-01	-2.511660e-01	-3.343062e-01	-4.168020e-01	-4.982712e-01	-5.781132e-01	-6.553732e-01	
5.900215e-01	5.168552e-01	4.434075e-01	3.697568e-01	2.959586e-01	2.220538e-01	1.480749e-01	7.404890e-02	4.017748e-14	-7.404890e-02	-1.480749e-01	-2.220538e-01	-2.959586e-01	-3.697568e-01	-4.434075e-01	-5.168552e-01	-5.900215e-01	
5.255525e-01	4.564111e-01	3.892654e-01	3.233267e-01	2.581104e-01	1.933198e-01	1.287734e-01	6.435819e-02	4.713851e-14	-6.435819e-02	-1.287734e-01	-1.933198e-01	-2.581104e-01	-3.233267e-01	-3.892654e-01	-4.564111e-01	-5.255525e-01	
4.611410e-01	3.960105e-01	3.351569e-01	2.769224e-01	2.202817e-01	1.645999e-01	1.094810e-01	5.467202e-02	1.534688e-14	-5.467202e-02	-1.094810e-01	-1.645999e-01	-2.202817e-01	-2.769224e-01	-3.351569e-01	-3.960105e-01	-4.611410e-01	
