-6.559752e-16	-6.526361e-16	-6.495392e-16	-6.466820e-16	-6.440621e-16	-6.416774e-16	-6.395259e-16	-6.376058e-16	-6.359154e-16	-6.344532e-16	-6.332179e-16	-6.322084e-16	-6.314236e-16	-6.308628e-16	-6.305252e-16	-6.304105e-16	-6.305182e-16	
-2.945008e-02	-2.576794e-02	-2.208616e-02	-1.840467e-02	-1.472343e-02	-1.104240e-02	-7.361516e-03	-3.680733e-03	-6.018200e-16	3.680733e-03	7.361516e-03	1.104240e-02	1.472343e-02	1.840467e-02	2.208616e-02	2.576794e-02	2.945008e-02	
-5.894549e-02	-5.157555e-02	-4.420631e-02	-3.683767e-02	-2.946954e-02	-2.210180e-02	-1.473437e-02	-7.367133e-03	-6.674111e-16	7.367133e-03	1.473437e-02	2.210180e-02	2.946954e-02	3.683767e-02	4.420631e-02	5.157555e-02	5.894549e-02	
-8.853184e-02	-7.746273e-02	-6.639468e-02	-5.532752e-02	-4.426111e-02	-3.319531e-02	-2.212995e-02	-1.106490e-02	-8.553407e-16	1.106490e-02	2.212995e-02	3.319531e-02	4.426111e-02	5.532752e-02	6.639468e-02	7.746273e-02	8.853184e-02	
-1.182553e-01	-1.034699e-01	-8.868591e-02	-7.390309e-02	-5.912127e-02	-4.434025e-02	-2.955983e-02	-1.477982e-02	-6.000575e-16	1.477982e-02	2.955983e-02	4.434025e-02	5.912127e-02	7.390309e-02	8.868591e-02	1.034699e-01	1.182553e-01	
-1.481631e-01	-1.296383e-01	-1.111153e-01	-9.259381e-02	-7.407355e-02	-5.555429e-02	-3.703578e-02	-1.851776e-02	-6.419370e-16	1.851776e-02	3.703578e-02	5.555429e-02	7.407355e-02	9.259381e-02	1.111153e-01	1.296383e-01	1.481631e-01	
-1.783033e-01	-1.560102e-01	-1.337191e-01	-1.114299e-01	-8.914211e-02	-6.685554e-02	-4.456986e-02	-2.228478e-02	-2.521884e-16	2.228478e-02	4.456986e-02	6.685554e-02	8.914211e-02	1.114299e-01	1.337191e-01	1.560102e-01	1.783033e-01	
-2.087260e-01	-1.826291e-01	-1.565347e-01	-1.304424e-01	-1.043519e-01	-7.826268e-02	-5.217454e-02	-2.608709e-02	-8.409850e-16	2.608709e-02	5.217454e-02	7.826268e-02	1.043519e-01	1.304424e-01	1.565347e-01	1.826291e-01	2.087260e-01	
-2.394827e-01	-2.095404e-01	-1.796009e-01	-1.496638e-01	-1.197287e-01	-8.979512e-02	-5.986275e-02	-2.993118e-02	-3.914228e-16	2.993118e-02	5.986275e-02	8.979512e-02	1.197287e-01	1.496638e-01	1.796009e-01	2.095404e-01	2.394827e-01	
-2.706275e-01	-2.367913e-01	-2.029582e-01	-1.691278e-01	-1.352995e-01	-1.014731e-01	-6.764799e-02	-3.382378e-02	-7.583828e-16	3.382378e-02	6.764799e-02	1.014731e-01	1.352995e-01	1.691278e-01	2.029582e-01	2.367913e-01	2.706275e-01	
-3.022171e-01	-2.644314e-01	-2.266491e-01	-1.888697e-01	-1.510928e-01	-1.133179e-01	-7.554445e-02	-3.777198e-02	-1.147331e-15	3.777198e-02	7.554445e-02	1.133179e-01	1.510928e-01	1.888697e-01	2.266491e-01	2.644314e-01	3.022171e-01	
-3.343114e-01	-2.925131e-01	-2.507185e-01	-2.089272e-01	-1.671385e-01	-1.253520e-01	-8.356710e-02	-4.178328e-02	-1.118104e-15	4.178328e-02	8.356710e-02	1.253520e-01	1.671385e-01	2.089272e-01	2.507185e-01	2.925131e-01	3.343114e-01	
-3.669740e-01	-3.210920e-01	-2.752142e-01	-2.293398e-01	-1.834683e-01	-1.375992e-01	-9.173183e-02	-4.586562e-02	-4.736417e-16	4.586562e-02	9.173183e-02	1.375992e-01	1.834683e-01	2.293398e-01	2.752142e-01	3.210920e-01	3.669740e-01	
-4.002726e-01	-3.502276e-01	-3.001869e-01	-2.501500e-01	-2.001162e-01	-1.500850e-01	-1.000556e-01	-5.002749e-02	-6.510730e-16	5.002749e-02	1.000556e-01	1.500850e-01	2.001162e-01	2.501500e-01	3.001869e-01	3.502276e-01	4.002726e-01	
-4.342802e-01	-3.799834e-01	-3.256914e-01	-2.714033e-01	-2.171186e-01	-1.628366e-01	-1.085566e-01	-5.427797e-02	-7.623460e-16	5.427797e-02	1.085566e-01	1.628366e-01	2.171186e-01	2.714033e-01	3.256914e-01	3.799834e-01	4.342802e-01	
-4.690751e-01	-4.104282e-01	-3.517864e-01	-2.931488e-01	-2.345147e-01	-1.758835e-01	-1.172545e-01	-5.862689e-02	-6.028615e-16	5.862689e-02	1.172545e-01	1.758835e-01	2.345147e-01	2.931488e-01	3.517864e-01	4.104282e-01	4.690751e-01	
-5.047424e-01	-4.416364e-01	-3.785357e-01	-3.154395e-01	-2.523470e-01	-1.892576e-01	-1.261705e-01	-6.308487e-02	-2.826965e-16	6.308487e-02	1.261705e-01	1.892576e-01	2.523470e-01	3.154395e-01	3.785357e-01	4.416364e-01	5.047424e-01	
-5.413746e-01	-4.736889e-01	-4.060087e-01	-3.383333e-01	-2.706619e-01	-2.029936e-01	-1.353277e-01	-6.766348e-02	1.000816e-15	6.766348e-02	1.353277e-01	2.029936e-01	2.706619e-01	3.383333e-01	4.060087e-01	4.736889e-01	5.413746e-01	
-5.790730e-01	-5.066743e-01	-4.342814e-01	-3.618935e-01	-2.895098e-01	-2.171294e-01	-1.447516e-01	-7.237537e-02	-4.325857e-16	7.237537e-02	1.447516e-01	2.171294e-01	2.895098e-01	3.618935e-01	4.342814e-01	5.066743e-01	5.790730e-01	
-6.179488e-01	-5.406900e-01	-4.634372e-01	-3.861897e-01	-3.089466e-01	-2.317069e-01	-1.544698e-01	-7.723446e-02	-5.004541e-16	7.723446e-02	1.544698e-01	2.317069e-01	3.089466e-01	3.861897e-01	4.634372e-01	5.406900e-01	6.179488e-01	
-6.581249e-01	-5.758435e-01	-4.935684e-01	-4.112987e-01	-3.290335e-01	-2.467720e-01	-1.645132e-01	-8.225612e-02	-1.890403e-15	8.225612e-02	1.645132e-01	2.467720e-01	3.290335e-01	4.112987e-01	4.935684e-01	5.758435e-01	6.581249e-01	
-6.997379e-01	-6.122543e-01	-5.247772e-01	-4.373057e-01	-3.498390e-01	-2.623759e-01	-1.749157e-01	-8.745740e-02	1.005104e-15	8.745740e-02	1.749157e-01	2.623759e-01	3.498390e-01	4.373057e-01	5.247772e-01	6.122543e-01	6.997379e-01	
-7.429396e-01	-6.500553e-01	-5.571777e-01	-4.643059e-01	-3.714389e-01	-2.785758e-01	-1.857156e-01	-9.285730e-02	4.585359e-16	9.285730e-02	1.857156e-01	2.785758e-01	3.714389e-01	4.643059e-01	5.571777e-01	6.500553e-01	7.429396e-01	
-7.879006e-01	-6.893957e-01	-5.908977e-01	-4.924056e-01	-3.939185e-01	-2.954354e-01	-1.969553e-01	-9.847715e-02	-4.434223e-16	9.847715e-02	1.969553e-01	2.954354e-01	3.939185e-01	4.924056e-01	5.908977e-01	6.893957e-01	7.879006e-01	
-8.348130e-01	-7.304436e-01	-6.260812e-01	-5.217250e-01	-4.173739e-01	-3.130269e-01	-2.086829e-01	-1.043409e-01	-7.563342e-16	1.043409e-01	2.086829e-01	3.130269e-01	4.173739e-01	5.217250e-01	6.260812e-01	7.304436e-01	8.348130e-01	
-8.838940e-01	-7.733891e-01	-6.628914e-01	-5.524000e-01	-4.419138e-01	-3.314317e-01	-2.209527e-01	-1.104758e-01	-2.394996e-15	1.104758e-01	2.209527e-01	3.314317e-01	4.419138e-01	5.524000e-01	6.628914e-01	7.733891e-01	8.838940e-01	
-9.353912e-01	-8.184488e-01	-7.015139e-01	-5.845852e-01	-4.676618e-01	-3.507427e-01	-2.338267e-01	-1.169128e-01	-1.605475e-15	1.169128e-01	2.338267e-01	3.507427e-01	4.676618e-01	5.845852e-01	7.015139e-01	8.184488e-01	9.353912e-01	
-9.895880e-01	-8.658708e-01	-7.421611e-01	-6.184578e-01	-4.947598e-01	-3.710661e-01	-2.473756e-01	-1.236873e-01	-1.006808e-15	1.236873e-01	2.473756e-01	3.710661e-01	4.947598e-01	6.184578e-01	7.421611e-01	8.658708e-01	9.895880e-01	
-1.046811e+00	-9.159407e-01	-7.850781e-01	-6.542219e-01	-5.233710e-01	-3.925245e-01	-2.616812e-01	-1.308401e-01	-2.344133e-16	1.308401e-01	2.616812e-01	3.925245e-01	5.233710e-01	6.542219e-01	7.850781e-01	9.159407e-01	1.046811e+00	
-1.107438e+00	-9.689897e-01	-8.305486e-01	-6.921140e-01	-5.536847e-01	-4.152597e-01	-2.768380e-01	-1.384185e-01	-2.954766e-15	1.384185e-01	2.768380e-01	4.152597e-01	5.536847e-01	6.921140e-01	8.305486e-01	9.689897e-01	1.107438e+00	
-1.171912e+00	-1.025404e+00	-8.789040e-01	-7.324102e-01	-5.859217e-01	-4.394375e-01	-2.929565e-01	-1.464777e-01	-9.941491e-16	1.464777e-01	2.929565e-01	4.394375e-01	5.859217e-01	7.324102e-01	8.789040e-01	1.025404e+00	1.171912e+00	
-1.240751e+00	-1.085639e+00	-9.305337e-01	-7.754350e-01	-6.203416e-01	-4.652525e-01	-3.101665e-01	-1.550827e-01	-2.054532e-15	1.550827e-01	3.101665e-01	4.652525e-01	6.203416e-01	7.754350e-01	9.305337e-01	1.085639e+00	1.240751e+00	
-1.314571e+00	-1.150231e+00	-9.858991e-01	-8.215730e-01	-6.572521e-01	-4.929354e-01	-3.286219e-01	-1.643104e-01	1.644673e-15	1.643104e-01	3.286219e-01	4.929354e-01	6.572521e-01	8.215730e-01	9.858991e-01	1.150231e+00	1.314571e+00	
-1.394106e+00	-1.219825e+00	-1.045551e+00	-8.712835e-01	-6.970207e-01	-5.227620e-01	-3.485063e-01	-1.742526e-01	8.741075e-16	1.742526e-01	3.485063e-01	5.227620e-01	6.970207e-01	8.712835e-01	1.045551e+00	1.219825e+00	1.394106e+00	
-1.480243e+00	-1.295196e+00	-1.110155e+00	-9.251203e-01	-7.400903e-01	-5.550643e-01	-3.700413e-01	-1.850201e-01	1.151783e-15	1.850201e-01	3.700413e-01	5.550643e-01	7.400903e-01	9.251203e-01	1.110155e+00	1.295196e+00	1.480243e+00	
-1.574060e+00	-1.377286e+00	-1.180519e+00	-9.837575e-01	-7.870005e-01	-5.902471e-01	-3.934965e-01	-1.967478e-01	-1.996678e-15	1.967478e-01	3.934965e-01	5.902471e-01	7.870005e-01	9.837575e-01	1.180519e+00	1.377286e+00	1.574060e+00	
-1.676885e+00	-1.467260e+00	-1.257640e+00	-1.048025e+00	-8.384152e-01	-6.288084e-01	-4.192042e-01	-2.096017e-01	-1.199624e-15	2.096017e-01	4.192042e-01	6.288084e-01	8.384152e-01	1.048025e+00	1.257640e+00	1.467260e+00	1.676885e+00	
-1.790373e+00	-1.566563e+00	-1.342758e+00	-1.118958e+00	-8.951620e-01	-6.713688e-01	-4.475779e-01	-2.237886e-01	4.500391e-15	2.237886e-01	4.475779e-01	6.713688e-01	8.951620e-01	1.118958e+00	1.342758e+00	1.566563e+00	1.790373e+00	
-1.916615e+00	-1.677026e+00	-1.437442e+00	-1.197863e+00	-9.582861e-01	-7.187123e-01	-4.791404e-01	-2.395699e-01	-2.146206e-15	2.395699e-01	4.791404e-01	7.187123e-01	9.582861e-01	1.197863e+00	1.437442e+00	1.677026e+00	1.916615e+00	
-2.058289e+00	-1.800994e+00	-1.543702e+00	-1.286414e+00	-1.029128e+00	-7.718439e-01	-5.145617e-01	-2.572806e-01	-1.114582e-14	2.572806e-01	5.145617e-01	7.718439e-01	1.029128e+00	1.286414e+00	1.543702e+00	1.800994e+00	2.058289e+00	
-2.218894e+00	-1.941526e+00	-1.664160e+00	-1.386797e+00	-1.109435e+00	-8.320751e-01	-5.547161e-01	-2.773579e-01	-3.015484e-15	2.773579e-01	5.547161e-01	8.320751e-01	1.109435e+00	1.386797e+00	1.664160e+00	1.941526e+00	2.218894e+00	
-2.403079e+00	-2.102691e+00	-1.802305e+00	-1.501919e+00	-1.201534e+00	-9.011502e-01	-6.007666e-01	-3.003832e-01	7.061594e-15	3.003832e-01	6.007666e-01	9.011502e-01	1.201534e+00	1.501919e+00	1.802305e+00	2.102691e+00	2.403079e+00	
-2.617175e+00	-2.290030e+00	-1.962884e+00	-1.635737e+00	-1.308591e+00	-9.814432e-01	-6.542957e-01	-3.271479e-01	-1.968053e-15	3.271479e-01	6.542957e-01	9.814432e-01	1.308591e+00	1.635737e+00	1.962884e+00	2.290030e+00	2.617175e+00	
-2.870025e+00	-2.511279e+00	-2.152531e+00	-1.793779e+00	-1.435026e+00	-1.076271e+00	-7.175148e-01	-3.587576e-01	4.737010e-15	3.587576e-01	7.175148e-01	1.076271e+00	1.435026e+00	1.793779e+00	2.152531e+00	2.511279e+00	2.870025e+00	
-3.174381e+00	-2.777598e+00	-2.380809e+00	-1.984015e+00	-1.587217e+00	-1.190416e+00	-7.936121e-01	-3.968065e-01	5.810605e-15	3.968065e-01	7.936121e-01	1.190416e+00	1.587217e+00	1.984015e+00	2.380809e+00	2.777598e+00	3.174381e+00	
-3.549334e+00	-3.105691e+00	-2.662039e+00	-2.218379e+00	-1.774711e+00	-1.331038e+00	-8.873611e-01	-4.436812e-01	1.808859e-14	4.436812e-01	8.873611e-01	1.331038e+00	1.774711e+00	2.218379e+00	2.662039e+00	3.105691e+00	3.549334e+00	
-4.024827e+00	-3.521761e+00	-3.018679e+00	-2.515585e+00	-2.012481e+00	-1.509368e+00	-1.006249e+00	-5.031254e-01	-1.240992e-14	5.031254e-01	1.006249e+00	1.509368e+00	2.012481e+00	2.515585e+00	3.018679e+00	3.521761e+00	4.024827e+00	
-4.650665e+00	-4.069386e+00	-3.488085e+00	-2.906766e+00	-2.325431e+00	-1.744084e+00	-1.162728e+00	-5.813654e-01	-6.076145e-15	5.813654e-01	1.162728e+00	1.744084e+00	2.325431e+00	2.906766e+00	3.488085e+00	4.069386e+00	4.650665e+00	
-5.516277e+00	-4.826821e+00	-4.137333e+00	-3.447819e+00	-2.758282e+00	-2.068727e+00	-1.379159e+00	-6.895817e-01	1.030462e-14	6.895817e-01	1.379159e+00	2.068727e+00	2.758282e+00	3.447819e+00	4.137333e+00	4.826821e+00	5.516277e+00	
-6.799973e+00	-5.950092e+00	-5.100164e+00	-4.250198e+00	-3.400198e+00	-2.550172e+00	-1.700125e+00	-8.500660e-01	3.541253e-15	8.500660e-01	1.700125e+00	2.550172e+00	3.400198e+00	4.250198e+00	5.100164e+00	5.950092e+00	6.799973e+00	
-8.915952e+00	-7.801636e+00	-6.687250e+00	-5.572802e+00	-4.458303e+00	-3.343763e+00	-2.229192e+00	-1.114601e+00	-1.859077e-16	1.114601e+00	2.229192e+00	3.343763e+00	4.458303e+00	5.572802e+00	6.687250e+00	7.801636e+00	8.915952e+00	
-1.309745e+01	-1.146058e+01	-9.823578e+00	-8.186475e+00	-6.549285e+00	-4.912025e+00	-3.274712e+00	-1.637365e+00	4.441465e-14	1.637365e+00	3.274712e+00	4.912025e+00	6.549285e+00	8.186475e+00	9.823578e+00	1.146058e+01	1.309745e+01	
-2.540157e+01	-2.222706e+01	-1.905227e+01	-1.587725e+01	-1.270204e+01	-9.526664e+00	-6.351174e+00	-3.175607e+00	-5.330456e-14	3.175607e+00	6.351174e+00	9.526664e+00	1.270204e+01	1.587725e+01	1.905227e+01	2.222706e+01	2.540157e+01	
-1.126116e+03	-9.853861e+02	-8.446424e+02	-7.038868e+02	-5.631214e+02	-4.223480e+02	-2.815686e+02	-1.407853e+02	1.547310e-12	1.407853e+02	2.815686e+02	4.223480e+02	5.631214e+02	7.038868e+02	8.446424e+02	9.853861e+02	1.126116e+03	
2.532942e+01	2.216413e+01	1.899849e+01	1.583254e+01	1.266634e+01	9.499929e+00	6.333371e+00	3.166711e+00	-1.050185e-13	-3.166711e+00	-6.333371e+00	-9.499929e+00	-1.266634e+01	-1.583254e+01	-1.899849e+01	-2.216413e+01	-2.532942e+01	
1.216219e+01	1.064240e+01	9.122419e+00	7.602269e+00	6.081982e+00	4.561583e+00	3.041101e+00	1.520565e+00	-3.991448e-14	-1.520565e+00	-3.041101e+00	-4.561583e+00	-6.081982e+00	-7.602269e+00	-9.122419e+00	-1.064240e+01	-1.216219e+01	
7.815290e+00	6.838730e+00	5.862030e+00	4.885209e+00	3.908288e+00	2.931287e+00	1.954225e+00	9.771224e-01	-1.380399e-14	-9.771224e-01	-1.954225e+00	-2.931287e+00	-3.908288e+00	-4.885209e+00	-5.862030e+00	-6.838730e+00	-7.815290e+00	
5.634682e+00	4.930634e+00	4.226471e+00	3.522209e+00	2.817866e+00	2.113457e+00	1.408999e+00	7.045076e-01	-3.380990e-14	-7.045076e-01	-1.408999e+00	-2.113457e+00	-2.817866e+00	-3.522209e+00	-4.226471e+00	-4.930634e+00	-5.634682e+00	
4.313556e+00	3.774610e+00	3.235565e+00	2.696435e+00	2.157233e+00	1.617975e+00	1.078674e+00	5.393439e-01	-1.022976e-14	-5.393439e-01	-1.078674e+00	-1.617975e+00	-2.157233e+00	-2.696435e+00	-3.235565e+00	-3.774610e+00	-4.313556e+00	
3.419464e+00	2.992255e+00	2.564956e+00	2.137581e+00	1.710141e+00	1.282651e+00	8.551219e-01	4.275674e-01	2.497121e-15	-4.275674e-01	-8.551219e-01	-1.282651e+00	-1.710141e+00	-2.137581e+00	-2.564956e+00	-2.992255e+00	-3.419464e+00	
2.767741e+00	2.421980e+00	2.076136e+00	1.730221e+00	1.384248e+00	1.038227e+00	6.921711e-01	3.460915e-01	-2.564511e-15	-3.460915e-01	-6.921711e-01	-1.038227e+00	-1.384248e+00	-1.730221e+00	-2.076136e+00	-2.421980e+00	-2.767741e+00	
2.266182e+00	1.983103e+00	1.699946e+00	1.416723e+00	1.133445e+00	8.501225e-01	5.667668e-01	2.833890e-01	1.178770e-14	-2.833890e-01	-5.667668e-01	-8.501225e-01	-1.133445e+00	-1.416723e+00	-1.699946e+00	-1.983103e+00	-2.266182e+00	
1.863526e+00	1.630769e+00	1.397938e+00	1.165045e+00	9.320991e-01	6.991112e-01	4.660917e-01	2.330511e-01	-5.516263e-15	-2.330511e-01	-4.660917e-01	-6.991112e-01	-9.320991e-01	-1.165045e+00	-1.397938e+00	-1.630769e+00	-1.863526e+00	
1.528910e+00	1.337972e+00	1.146964e+00	9.558961e-01	7.647774e-01	5.736184e-01	3.824291e-01	1.912196e-01	7.335048e-15	-1.912196e-01	-3.824291e-01	-5.736184e-01	-7.647774e-01	-9.558961e-01	-1.146964e+00	-1.337972e+00	-1.528910e+00	
1.242553e+00	1.087404e+00	9.321873e-01	7.769120e-01	6.215881e-01	4.662252e-01	3.108331e-01	1.554214e-01	-9.573266e-15	-1.554214e-01	-3.108331e-01	-4.662252e-01	-6.215881e-01	-7.769120e-01	-9.321873e-01	-1.087404e+00	-1.242553e+00	
9.910972e-01	8.673755e-01	7.435877e-01	6.197432e-01	4.958514e-01	3.719217e-01	2.479636e-01	1.239866e-01	-2.057242e-14	-1.239866e-01	-2.479636e-01	-3.719217e-01	-4.958514e-01	-6.197432e-01	-7.435877e-01	-8.673755e-01	-9.910972e-01	
7.650944e-01	6.696191e-01	5.740793e-01	4.784841e-01	3.828428e-01	2.871645e-01	1.914584e-01	9.573385e-02	-1.346203e-14	-9.573385e-02	-1.914584e-01	-2.871645e-01	-3.828428e-01	-4.784841e-01	-5.740793e-01	-6.696191e-01	-7.650944e-01	
5.575637e-01	4.880265e-01	4.184261e-01	3.487714e-01	2.790715e-01	2.093354e-01	1.395721e-01	6.979057e-02	-8.093422e-15	-6.979057e-02	-1.395721e-01	-2.093354e-01	-2.790715e-01	-3.487714e-01	-4.184261e-01	-4.880265e-01	-5.575637e-01	
3.631132e-01	3.178796e-01	2.725839e-01	2.272348e-01	1.818413e-01	1.364122e-01	9.095634e-02	4.548263e-02	-1.615997e-14	-4.548263e-02	-9.095634e-02	-1.364122e-01	-1.818413e-01	-2.272348e-01	-2.725839e-01	-3.178796e-01	-3.631132e-01	
1.773759e-01	1.553571e-01	1.332772e-01	1.111447e-01	8.896846e-02	6.675709e-02	4.451937e-02	2.226408e-02	-2.104049e-14	-2.226408e-02	-4.451937e-02	-6.675709e-02	-8.896846e-02	-1.111447e-01	-1.332772e-01	-1.553571e-01	-1.773759e-01	
-3.375813e-03	-2.802640e-03	-2.289827e-03	-1.828837e-03	-1.411090e-03	-1.027978e-03	-6.708648e-04	-3.310949e-04	-1.648054e-14	3.310949e-04	6.708648e-04	1.027978e-03	1.411090e-03	1.828837e-03	2.289827e-03	2.802640e-03	3.375813e-03	
-1.825149e-01	-1.595512e-01	-1.366470e-01	-1.137941e-01	-9.098392e-02	-6.820796e-02	-4.545769e-02	-2.272456e-02	-1.682883e-14	2.272456e-02	4.545769e-02	6.820796e-02	9.098392e-02	1.137941e-01	1.366470e-01	1.595512e-01	1.825149e-01	
-3.632918e-01	-3.177325e-01	-2.722323e-01	-2.267827e-01	-1.813753e-01	-1.360018e-01	-9.065377e-02	-4.532264e-02	-2.545790e-14	4.532264e-02	9.065377e-02	1.360018e-01	1.813753e-01	2.267827e-01	2.722323e-01	3.177325e-01	3.632918e-01	
-5.490489e-01	-4.802716e-01	-4.115526e-01	-3.428838e-01	-2.742567e-01	-2.056632e-01	-1.370948e-01	-6.854322e-02	-1.794165e-14	6.854322e-02	1.370948e-01	2.056632e-01	2.742567e-01	3.428838e-01	4.115526e-01	4.802716e-01	5.490489e-01	
-7.434491e-01	-6.503733e-01	-5.573552e-01	-4.643867e-01	-3.714596e-01	-2.785657e-01	-1.856966e-01	-9.284415e-02	2.204680e-15	9.284415e-02	1.856966e-01	2.785657e-01	3.714596e-01	4.643867e-01	5.573552e-01	6.503733e-01	7.434491e-01	
-9.507500e-01	-8.317631e-01	-7.128334e-01	-5.939527e-01	-4.751129e-01	-3.563060e-01	-2.375236e-01	-1.187577e-01	-0.000000e+00	1.187577e-01	2.375236e-01	3.563060e-01	4.751129e-01	5.939527e-01	7.128334e-01	8.317631e-01	9.507500e-01	
-1.176172e+00	-1.029009e+00	-8.819026e-01	-7.348446e-01	-5.878270e-01	-4.408419e-01	-2.938811e-01	-1.469365e-01	-3.699817e-15	1.469365e-01	2.938811e-01	4.408419e-01	5.878270e-01	7.348446e-01	8.819026e-01	1.029009e+00	1.176172e+00	
-1.426432e+00	-1.247989e+00	-1.069601e+00	-8.912607e-01	-7.129606e-01	-5.346924e-01	-3.564483e-01	-1.782201e-01	1.852099e-14	1.782201e-01	3.564483e-01	5.346924e-01	7.129606e-01	8.912607e-01	1.069601e+00	1.247989e+00	1.426432e+00	
-1.710568e+00	-1.496609e+00	-1.282706e+00	-1.068850e+00	-8.550324e-01	-6.412468e-01	-4.274847e-01	-2.137384e-01	-2.438704e-14	2.137384e-01	4.274847e-01	6.412468e-01	8.550324e-01	1.068850e+00	1.282706e+00	1.496609e+00	1.710568e+00	
-2.041283e+00	-1.785988e+00	-1.530747e+00	-1.275551e+00	-1.020395e+00	-7.652691e-01	-5.101665e-01	-2.550794e-01	2.519937e-14	2.550794e-01	5.101665e-01	7.652691e-01	1.020395e+00	1.275551e+00	1.530747e+00	1.785988e+00	2.041283e+00	
-2.437274e+00	-2.132484e+00	-1.827746e+00	-1.523052e+00	-1.218397e+00	-9.137713e-01	-6.091683e-01	-3.045804e-01	5.263700e-15	3.045804e-01	6.091683e-01	9.137713e-01	1.218397e+00	1.523052e+00	1.827746e+00	2.132484e+00	2.437274e+00	
-2.927510e+00	-2.561445e+00	-2.195430e+00	-1.829459e+00	-1.463523e+00	-1.097617e+00	-7.317326e-01	-3.658627e-01	-2.387540e-14	3.658627e-01	7.317326e-01	1.097617e+00	1.463523e+00	1.829459e+00	2.195430e+00	2.561445e+00	2.927510e+00	
-3.559708e+00	-3.114625e+00	-2.669589e+00	-2.224594e+00	-1.779634e+00	-1.334701e+00	-8.897894e-01	-4.448912e-01	-1.614989e-14	4.448912e-01	8.897894e-01	1.334701e+00	1.779634e+00	2.224594e+00	2.669589e+00	3.114625e+00	3.559708e+00	
-4.418784e+00	-3.866325e+00	-3.313910e+00	-2.761533e+00	-2.209188e+00	-1.656869e+00	-1.104568e+00	-5.522810e-01	-3.306490e-14	5.522810e-01	1.104568e+00	1.656869e+00	2.209188e+00	2.761533e+00	3.313910e+00	3.866325e+00	4.418784e+00	
-5.672321e+00	-4.963183e+00	-4.254085e+00	-3.545019e+00	-2.835982e+00	-2.126967e+00	-1.417968e+00	-7.089814e-01	-6.860114e-15	7.089814e-01	1.417968e+00	2.126967e+00	2.835982e+00	3.545019e+00	4.254085e+00	4.963183e+00	5.672321e+00	
-7.704208e+00	-6.741108e+00	-5.778038e+00	-4.814992e+00	-3.851968e+00	-2.888961e+00	-1.925967e+00	-9.629813e-01	-1.820140e-14	9.629813e-01	1.925967e+00	2.888961e+00	3.851968e+00	4.814992e+00	5.778038e+00	6.741108e+00	7.704208e+00	
-1.163111e+01	-1.017719e+01	-8.723289e+00	-7.269393e+00	-5.815505e+00	-4.361623e+00	-2.907746e+00	-1.453872e+00	1.215814e-13	1.453872e+00	2.907746e+00	4.361623e+00	5.815505e+00	7.269393e+00	8.723289e+00	1.017719e+01	1.163111e+01	
-2.265077e+01	-1.981953e+01	-1.698825e+01	-1.415693e+01	-1.132558e+01	-8.494204e+00	-5.662812e+00	-2.831409e+00	2.342530e-13	2.831409e+00	5.662812e+00	8.494204e+00	1.132558e+01	1.415693e+01	1.698825e+01	1.981953e+01	2.265077e+01	
-2.664766e+02	-2.331701e+02	-1.998624e+02	-1.665536e+02	-1.332440e+02	-9.993358e+01	-6.662268e+01	-3.331143e+01	2.437983e-12	3.331143e+01	6.662268e+01	9.993358e+01	1.332440e+02	1.665536e+02	1.998624e+02	2.331701e+02	2.664766e+02	
2.801245e+01	2.451141e+01	2.101017e+01	1.750875e+01	1.400717e+01	1.050548e+01	7.003705e+00	3.501867e+00	-2.885810e-13	-3.501867e+00	-7.003705e+00	-1.050548e+01	-1.400717e+01	-1.750875e+01	-2.101017e+01	-2.451141e+01	-2.801245e+01	
1.339705e+01	1.172276e+01	1.004833e+01	8.373788e+00	6.699147e+00	5.024429e+00	3.349652e+00	1.674836e+00	-2.006454e-13	-1.674836e+00	-3.349652e+00	-5.024429e+00	-6.699147e+00	-8.373788e+00	-1.004833e+01	-1.172276e+01	-1.339705e+01	
8.810939e+00	7.709859e+00	6.608663e+00	5.507370e+00	4.405994e+00	3.304553e+00	2.203063e+00	1.101539e+00	-1.027265e-13	-1.101539e+00	-2.203063e+00	-3.304553e+00	-4.405994e+00	-5.507370e+00	-6.608663e+00	-7.709859e+00	-8.810939e+00	
6.550416e+00	5.731875e+00	4.913229e+00	4.094494e+00	3.275685e+00	2.456816e+00	1.637902e+00	8.189585e-01	-3.885648e-14	-8.189585e-01	-1.637902e+00	-2.456816e+00	-3.275685e+00	-4.094494e+00	-4.913229e+00	-5.731875e+00	-6.550416e+00	
5.193046e+00	4.544161e+00	3.895178e+00	3.246111e+00	2.596973e+00	1.947779e+00	1.298543e+00	6.492784e-01	1.891222e-14	-6.492784e-01	-1.298543e+00	-1.947779e+00	-2.596973e+00	-3.246111e+00	-3.895178e+00	-4.544161e+00	-5.193046e+00	
4.279714e+00	3.744986e+00	3.210164e+00	2.675261e+00	2.140290e+00	1.605265e+00	1.070199e+00	5.351063e-01	-1.122738e-13	-5.351063e-01	-1.070199e+00	-1.605265e+00	-2.140290e+00	-2.675261e+00	-3.210164e+00	-3.744986e+00	-4.279714e+00	
3.617137e+00	3.165226e+00	2.713222e+00	2.261139e+00	1.808990e+00	1.356789e+00	9.045478e-01	4.522805e-01	-5.613068e-14	-4.522805e-01	-9.045478e-01	-1.356789e+00	-1.808990e+00	-2.261139e+00	-2.713222e+00	-3.165226e+00	-3.617137e+00	
3.109735e+00	2.721244e+00	2.332663e+00	1.944004e+00	1.555281e+00	1.166506e+00	7.776921e-01	3.888525e-01	-2.513244e-14	-3.888525e-01	-7.776921e-01	-1.166506e+00	-1.555281e+00	-1.944004e+00	-2.332663e+00	-2.721244e+00	-3.109735e+00	
2.704765e+00	2.366893e+00	2.028931e+00	1.690892e+00	1.352790e+00	1.014637e+00	6.764462e-01	3.382295e-01	-4.584063e-14	-3.382295e-01	-6.764462e-01	-1.014637e+00	-1.352790e+00	-1.690892e+00	-2.028931e+00	-2.366893e+00	-2.704765e+00	
2.370696e+00	2.074580e+00	1.778375e+00	1.482095e+00	1.185752e+00	8.893578e-01	5.929262e-01	2.964694e-01	-1.767956e-14	-2.964694e-01	-5.929262e-01	-8.893578e-01	-1.185752e+00	-1.482095e+00	-1.778375e+00	-2.074580e+00	-2.370696e+00	
2.087469e+00	1.826754e+00	1.565952e+00	1.305075e+00	1.044135e+00	7.831450e-01	5.221175e-01	2.610650e-01	-6.959212e-14	-2.610650e-01	-5.221175e-01	-7.831450e-01	-1.044135e+00	-1.305075e+00	-1.565952e+00	-1.826754e+00	-2.087469e+00	
1.841671e+00	1.611679e+00	1.381601e+00	1.151448e+00	9.212335e-01	6.909687e-01	4.606665e-01	2.303395e-01	-9.417877e-15	-2.303395e-01	-4.606665e-01	-6.909687e-01	-9.212335e-01	-1.151448e+00	-1.381601e+00	-1.611679e+00	-1.841671e+00	
1.623945e+00	1.421169e+00	1.218306e+00	1.015368e+00	8.123690e-01	6.093201e-01	4.062341e-01	2.031232e-01	-2.401613e-14	-2.031232e-01	-4.062341e-01	-6.093201e-01	-8.123690e-01	-1.015368e+00	-1.218306e+00	-1.421169e+00	-1.623945e+00	
1.427520e+00	1.249296e+00	1.070985e+00	8.926009e-01	7.141549e-01	5.356594e-01	3.571269e-01	1.785696e-01	-2.895079e-14	-1.785696e-01	-3.571269e-01	-5.356594e-01	-7.141549e-01	-8.926009e-01	-1.070985e+00	-1.249296e+00	-1.427520e+00	
1.247320e+00	1.091621e+00	9.358349e-01	7.799754e-01	6.240542e-01	4.680838e-01	3.120764e-01	1.560444e-01	-6.189764e-14	-1.560444e-01	-3.120764e-01	-4.680838e-01	-6.240542e-01	-7.799754e-01	-9.358349e-01	-1.091621e+00	-1.247320e+00	
1.079418e+00	9.447057e-01	8.099074e-01	6.750356e-01	5.401022e-01	4.051197e-01	2.701003e-01	1.350563e-01	0.000000e+00	-1.350563e-01	-2.701003e-01	-4.051197e-01	-5.401022e-01	-6.750356e-01	-8.099074e-01	-9.447057e-01	-1.079418e+00	
9.206642e-01	8.057957e-01	6.908414e-01	5.758136e-01	4.607246e-01	3.455864e-01	2.304114e-01	1.152119e-01	-4.884422e-14	-1.152119e-01	-2.304114e-01	-3.455864e-01	-4.607246e-01	-5.758136e-01	-6.908414e-01	-8.057957e-01	-9.206642e-01	
7.684437e-01	6.726022e-01	5.766753e-01	4.806750e-01	3.846135e-01	2.885030e-01	1.923558e-01	9.618403e-02	-2.421922e-14	-9.618403e-02	-1.923558e-01	-2.885030e-01	-3.846135e-01	-4.806750e-01	-5.766753e-01	-6.726022e-01	-7.684437e-01	
6.204969e-01	5.431483e-01	4.657144e-01	3.882074e-01	3.106392e-01	2.330222e-01	1.553686e-01	7.769040e-02	-6.981515e-14	-7.769040e-02	-1.553686e-01	-2.330222e-01	-3.106392e-01	-3.882074e-01	-4.657144e-01	-5.431483e-01	-6.204969e-01	
4.747863e-01	4.156510e-01	3.564306e-01	2.971372e-01	2.377829e-01	1.783799e-01	1.189403e-01	5.947624e-02	-7.008618e-14	-5.947624e-02	-1.189403e-01	-1.783799e-01	-2.377829e-01	-2.971372e-01	-3.564306e-01	-4.156510e-01	-4.747863e-01	
3.293875e-01	2.884263e-01	2.473803e-01	2.062616e-01	1.650822e-01	1.238542e-01	8.258973e-02	4.130095e-02	-6.261372e-14	-4.130095e-02	-8.258973e-02	-1.238542e-01	-1.650822e-01	-2.062616e-01	-2.473803e-01	-2.884263e-01	-3.293875e-01	
1.823923e-01	1.598046e-01	1.371324e-01	1.143879e-01	9.158292e-02	6.872956e-02	4.583989e-02	2.292600e-02	-2.765876e-14	-2.292600e-02	-4.583989e-02	-6.872956e-02	-9.158292e-02	-1.143879e-01	-1.371324e-01	-1.598046e-01	-1.823923e-01	
3.181487e-02	2.804811e-02	2.419745e-02	2.027478e-02	1.629202e-02	1.226115e-02	8.194169e-03	4.103108e-03	-6.502819e-14	-4.103108e-03	-8.194169e-03	-1.226115e-02	-1.629202e-02	-2.027478e-02	-2.419745e-02	-2.804811e-02	-3.181487e-02	
-1.245117e-01	-1.087392e-01	-9.304996e-02	-7.743220e-02	-6.187409e-02	-4.636374e-02	-3.088924e-02	-1.543864e-02	-1.163326e-14	1.543864e-02	3.088924e-02	4.636374e-02	6.187409e-02	7.743220e-02	9.304996e-02	1.087392e-01	1.245117e-01	
-2.890579e-01	-2.527191e-01	-2.164628e-01	-1.802773e-01	-1.441508e-01	-1.080717e-01	-7.202805e-02	-3.600810e-02	-1.023835e-13	3.600810e-02	7.202805e-02	1.080717e-01	1.441508e-01	1.802773e-01	2.164628e-01	2.527191e-01	2.890579e-01	
-4.647560e-01	-4.064575e-01	-3.482404e-01	-2.900933e-01	-2.320045e-01	-1.739625e-01	-1.159555e-01	-5.797189e-02	-1.130230e-13	5.797189e-02	1.159555e-01	1.739625e-01	2.320045e-01	2.900933e-01	3.482404e-01	4.064575e-01	4.647560e-01	
-6.552169e-01	-5.731140e-01	-4.910913e-01	-4.091374e-01	-3.272409e-01	-2.453904e-01	-1.635744e-01	-8.178145e-02	-7.914213e-14	8.178145e-02	1.635744e-01	2.453904e-01	3.272409e-01	4.091374e-01	4.910913e-01	5.731140e-01	6.552169e-01	
-8.650417e-01	-7.567149e-01	-6.484665e-01	-5.402856e-01	-4.321609e-01	-3.240812e-01	-2.160354e-01	-1.080120e-01	-5.935831e-14	1.080120e-01	2.160354e-01	3.240812e-01	4.321609e-01	5.402856e-01	6.484665e-01	7.567149e-01	8.650417e-01	
-1.100290e+00	-9.625622e-01	-8.249111e-01	-6.873255e-01	-5.497947e-01	-4.123076e-01	-2.748535e-01	-1.374212e-01	-3.357289e-14	1.374212e-01	2.748535e-01	4.123076e-01	5.497947e-01	6.873255e-01	8.249111e-01	9.625622e-01	1.100290e+00	
-1.369211e+00	-1.197875e+00	-1.026613e+00	-8.554138e-01	-6.842677e-01	-5.131637e-01	-3.420915e-01	-1.710405e-01	-7.648632e-14	1.710405e-01	3.420915e-01	5.131637e-01	6.842677e-01	8.554138e-01	1.026613e+00	1.197875e+00	1.369211e+00	
-1.683439e+00	-1.472834e+00	-1.262299e+00	-1.051824e+00	-8.413985e-01	-6.310137e-01	-4.206590e-01	-2.103245e-01	-1.142657e-13	2.103245e-01	4.206590e-01	6.310137e-01	8.413985e-01	1.051824e+00	1.262299e+00	1.472834e+00	1.683439e+00	
-2.060046e+00	-1.802377e+00	-1.544773e+00	-1.287225e+00	-1.029723e+00	-7.722598e-01	-5.148242e-01	-2.574074e-01	-1.507790e-13	2.574074e-01	5.148242e-01	7.722598e-01	1.029723e+00	1.287225e+00	1.544773e+00	1.802377e+00	2.060046e+00	
-2.525249e+00	-2.209445e+00	-1.893700e+00	-1.578006e+00	-1.262354e+00	-9.467359e-01	-6.311431e-01	-3.155673e-01	-1.258697e-13	3.155673e-01	6.311431e-01	9.467359e-01	1.262354e+00	1.578006e+00	1.893700e+00	2.209445e+00	2.525249e+00	
-3.121635e+00	-2.731305e+00	-2.341025e+00	-1.950788e+00	-1.560587e+00	-1.170415e+00	-7.802645e-01	-3.901286e-01	-1.257281e-13	3.901286e-01	7.802645e-01	1.170415e+00	1.560587e+00	1.950788e+00	2.341025e+00	2.731305e+00	3.121635e+00	
-3.923458e+00	-3.432931e+00	-2.942442e+00	-2.451986e+00	-1.961556e+00	-1.471148e+00	-9.807562e-01	-4.903754e-01	-1.706492e-13	4.903754e-01	9.807562e-01	1.471148e+00	1.961556e+00	2.451986e+00	2.942442e+00	3.432931e+00	3.923458e+00	
-5.073025e+00	-4.438849e+00	-3.804693e+00	-3.170552e+00	-2.536426e+00	-1.902310e+00	-1.268202e+00	-6.340996e-01	-2.909232e-13	6.340996e-01	1.268202e+00	1.902310e+00	2.536426e+00	3.170552e+00	3.804693e+00	4.438849e+00	5.073025e+00	
-6.882138e+00	-6.021901e+00	-5.161652e+00	-4.301392e+00	-3.441124e+00	-2.580849e+00	-1.720569e+00	-8.602853e-01	-2.710107e-13	8.602853e-01	1.720569e+00	2.580849e+00	3.441124e+00	4.301392e+00	5.161652e+00	6.021901e+00	6.882138e+00	
-1.019205e+01	-8.918222e+00	-7.644322e+00	-6.370361e+00	-5.096349e+00	-3.822297e+00	-2.548215e+00	-1.274113e+00	-5.206034e-13	1.274113e+00	2.548215e+00	3.822297e+00	5.096349e+00	6.370361e+00	7.644322e+00	8.918222e+00	1.019205e+01	
-1.832777e+01	-1.603735e+01	-1.374670e+01	-1.145587e+01	-9.164886e+00	-6.873774e+00	-4.582568e+00	-2.291300e+00	-7.607151e-13	2.291300e+00	4.582568e+00	6.873774e+00	9.164886e+00	1.145587e+01	1.374670e+01	1.603735e+01	1.832777e+01	
-7.212083e+01	-6.310875e+01	-5.409546e+01	-4.508114e+01	-3.606595e+01	-2.705007e+01	-1.803367e+01	-9.016919e+00	-2.806036e-12	9.016919e+00	1.803367e+01	2.705007e+01	3.606595e+01	4.508114e+01	5.409546e+01	6.310875e+01	7.212083e+01	
4.065534e+01	3.557561e+01	3.049501e+01	2.541366e+01	2.033168e+01	1.524920e+01	1.016634e+01	5.083232e+00	1.675190e-12	-5.083232e+00	-1.016634e+01	-1.524920e+01	-2.033168e+01	-2.541366e+01	-3.049501e+01	-3.557561e+01	-4.065534e+01	
1.630242e+01	1.426569e+01	1.222853e+01	1.019100e+01	8.153171e+00	6.115093e+00	4.076831e+00	2.038446e+00	6.991718e-13	-2.038446e+00	-4.076831e+00	-6.115093e+00	-8.153171e+00	-1.019100e+01	-1.222853e+01	-1.426569e+01	-1.630242e+01	
1.033027e+01	9.039785e+00	7.748983e+00	6.457906e+00	5.166600e+00	3.875111e+00	2.583484e+00	1.291765e+00	3.159220e-13	-1.291765e+00	-2.583484e+00	-3.875111e+00	-5.166600e+00	-6.457906e+00	-7.748983e+00	-9.039785e+00	-1.033027e+01	
7.612144e+00	6.661308e+00	5.710200e+00	4.758858e+00	3.807321e+00	2.855628e+00	1.903817e+00	9.519280e-01	3.677848e-13	-9.519280e-01	-1.903817e+00	-2.855628e+00	-3.807321e+00	-4.758858e+00	-5.710200e+00	-6.661308e+00	-7.612144e+00	
6.046323e+00	5.291150e+00	4.535730e+00	3.780099e+00	3.024291e+00	2.268342e+00	1.512287e+00	7.561611e-01	2.565980e-13	-7.561611e-01	-1.512287e+00	-2.268342e+00	-3.024291e+00	-3.780099e+00	-4.535730e+00	-5.291150e+00	-6.046323e+00	
5.020142e+00	4.393201e+00	3.766030e+00	3.138660e+00	2.511126e+00	1.883461e+00	1.255695e+00	6.278642e-01	2.521177e-13	-6.278642e-01	-1.255695e+00	-1.883461e+00	-2.511126e+00	-3.138660e+00	-3.766030e+00	-4.393201e+00	-5.020142e+00	
4.289630e+00	3.753976e+00	3.218102e+00	2.682040e+00	2.145821e+00	1.609476e+00	1.073037e+00	5.365342e-01	1.757009e-13	-5.365342e-01	-1.073037e+00	-1.609476e+00	-2.145821e+00	-2.682040e+00	-3.218102e+00	-3.753976e+00	-4.289630e+00	
3.738378e+00	3.271612e+00	2.804635e+00	2.337475e+00	1.870162e+00	1.402728e+00	9.352032e-01	4.676168e-01	1.240272e-13	-4.676168e-01	-9.352032e-01	-1.402728e+00	-1.870162e+00	-2.337475e+00	-2.804635e+00	-3.271612e+00	-3.738378e+00	
3.303764e+00	2.891312e+00	2.478654e+00	2.065817e+00	1.652832e+00	1.239728e+00	8.265353e-01	4.132825e-01	7.298843e-14	-4.132825e-01	-8.265353e-01	-1.239728e+00	-1.652832e+00	-2.065817e+00	-2.478654e+00	-2.891312e+00	-3.303764e+00	
2.949058e+00	2.580937e+00	2.212611e+00	1.844110e+00	1.475464e+00	1.106700e+00	7.378491e-01	3.689392e-01	1.914195e-13	-3.689392e-01	-7.378491e-01	-1.106700e+00	-1.475464e+00	-1.844110e+00	-2.212611e+00	-2.580937e+00	-2.949058e+00	
2.651257e+00	2.320355e+00	1.989251e+00	1.657974e+00	1.326553e+00	9.950159e-01	6.633922e-01	3.317106e-01	1.557443e-13	-3.317106e-01	-6.633922e-01	-9.950159e-01	-1.326553e+00	-1.657974e+00	-1.989251e+00	-2.320355e+00	-2.651257e+00	
2.395178e+00	2.096282e+00	1.797186e+00	1.497918e+00	1.198507e+00	8.989808e-01	5.993685e-01	2.996986e-01	1.296946e-13	-2.996986e-01	-5.993685e-01	-8.989808e-01	-1.198507e+00	-1.497918e+00	-1.797186e+00	-2.096282e+00	-2.395178e+00	
2.170358e+00	1.899563e+00	1.628568e+00	1.357402e+00	1.086094e+00	8.146705e-01	5.431614e-01	2.715950e-01	1.092196e-13	-2.715950e-01	-5.431614e-01	-8.146705e-01	-1.086094e+00	-1.357402e+00	-1.628568e+00	-1.899563e+00	-2.170358e+00	
1.969311e+00	1.723646e+00	1.477782e+00	1.231747e+00	9.855693e-01	7.392772e-01	4.928992e-01	2.464639e-01	8.556415e-14	-2.464639e-01	-4.928992e-01	-7.392772e-01	-9.855693e-01	-1.231747e+00	-1.477782e+00	-1.723646e+00	-1.969311e+00	
1.786497e+00	1.563685e+00	1.340673e+00	1.117490e+00	8.941638e-01	6.707232e-01	4.471966e-01	2.236127e-01	1.284411e-13	-2.236127e-01	-4.471966e-01	-6.707232e-01	-8.941638e-01	-1.117490e+00	-1.340673e+00	-1.563685e+00	-1.786497e+00	
1.617684e+00	1.415976e+00	1.214067e+00	1.011986e+00	8.097610e-01	6.074215e-01	4.049957e-01	2.025123e-01	7.490309e-14	-2.025123e-01	-4.049957e-01	-6.074215e-01	-8.097610e-01	-1.011986e+00	-1.214067e+00	-1.415976e+00	-1.617684e+00	
1.459537e+00	1.277600e+00	1.095461e+00	9.131491e-01	7.306928e-01	5.481210e-01	3.654623e-01	1.827456e-01	1.151736e-13	-1.827456e-01	-3.654623e-01	-5.481210e-01	-7.306928e-01	-9.131491e-01	-1.095461e+00	-1.277600e+00	-1.459537e+00	
1.309339e+00	1.146180e+00	9.828179e-01	8.192819e-01	6.556004e-01	4.918024e-01	3.279169e-01	1.639730e-01	1.202894e-13	-1.639730e-01	-3.279169e-01	-4.918024e-01	-6.556004e-01	-8.192819e-01	-9.828179e-01	-1.146180e+00	-1.309339e+00	
1.164796e+00	1.019709e+00	8.744180e-01	7.289509e-01	5.833372e-01	4.376059e-01	2.917864e-01	1.459079e-01	6.980467e-14	-1.459079e-01	-2.917864e-01	-4.376059e-01	-5.833372e-01	-7.289509e-01	-8.744180e-01	-1.019709e+00	-1.164796e+00	
1.023899e+00	8.964294e-01	7.687535e-01	6.409000e-01	5.128983e-01	3.847779e-01	2.565682e-01	1.282990e-01	6.957171e-14	-1.282990e-01	-2.565682e-01	-3.847779e-01	-5.128983e-01	-6.409000e-01	-7.687535e-01	-8.964294e-01	-1.023899e+00	
8.848092e-01	7.747323e-01	6.644463e-01	5.539806e-01	4.433649e-01	3.326290e-01	2.218029e-01	1.109165e-01	8.165334e-14	-1.109165e-01	-2.218029e-01	-3.326290e-01	-4.433649e-01	-5.539806e-01	-6.644463e-01	-7.747323e-01	-8.848092e-01	
7.457701e-01	6.530801e-01	5.601781e-01	4.670942e-01	3.738582e-01	2.805004e-01	1.870512e-01	9.354084e-02	2.658725e-14	-9.354084e-02	-1.870512e-01	-2.805004e-01	-3.738582e-01	-4.670942e-01	-5.601781e-01	-6.530801e-01	-7.457701e-01	
