2.332357e-17	1.399306e-17	9.285084e-18	6.937713e-18	5.708133e-18	5.005492e-18	4.543684e-18	4.167444e-18	3.771060e-18	3.256069e-18	2.502113e-18	1.338304e-18	-4.916918e-19	-3.370712e-18	-7.822767e-18	-1.427015e-17	-2.102777e-17	
-8.072766e-03	-5.009220e-03	-3.108265e-03	-1.928707e-03	-1.196784e-03	-7.426222e-04	-4.608159e-04	-2.859604e-04	-1.774735e-04	-1.101765e-04	-6.845037e-05	-4.261090e-05	-2.666101e-05	-1.689887e-05	-1.105879e-05	-7.785352e-06	-6.318817e-06	
-1.615590e-02	-1.002487e-02	-6.220520e-03	-3.859891e-03	-2.395104e-03	-1.486198e-03	-9.222233e-04	-5.722879e-04	-3.551749e-04	-2.204944e-04	-1.369886e-04	-8.527650e-05	-5.335624e-05	-3.381943e-05	-2.213178e-05	-1.558070e-05	-1.264574e-05	
-2.425982e-02	-1.505342e-02	-9.340781e-03	-5.796041e-03	-3.596507e-03	-2.231686e-03	-1.384818e-03	-8.593519e-04	-5.333333e-04	-3.310961e-04	-2.057032e-04	-1.280519e-04	-8.012014e-05	-5.078351e-05	-3.323325e-05	-2.339610e-05	-1.898895e-05	
-3.239510e-02	-2.010143e-02	-1.247311e-02	-7.739684e-03	-4.802558e-03	-2.980059e-03	-1.849202e-03	-1.147527e-03	-7.121811e-04	-4.421258e-04	-2.746836e-04	-1.709927e-04	-1.069876e-04	-6.781324e-05	-4.437767e-05	-3.124173e-05	-2.535669e-05	
-4.057249e-02	-2.517558e-02	-1.562167e-02	-9.693389e-03	-6.014853e-03	-3.732306e-03	-2.315990e-03	-1.437193e-03	-8.919548e-04	-5.537303e-04	-3.440211e-04	-2.141559e-04	-1.339941e-04	-8.493113e-05	-5.557980e-05	-3.912799e-05	-3.175741e-05	
-4.880305e-02	-3.028271e-02	-1.879068e-02	-1.165979e-02	-7.235029e-03	-4.489443e-03	-2.785813e-03	-1.728743e-03	-1.072897e-03	-6.660603e-04	-4.138094e-04	-2.575997e-04	-1.611763e-04	-1.021603e-04	-6.685474e-05	-4.706551e-05	-3.819973e-05	
-5.709815e-02	-3.542989e-02	-2.198456e-02	-1.364162e-02	-8.464774e-03	-5.252519e-03	-3.259321e-03	-2.022579e-03	-1.255259e-03	-7.792712e-04	-4.841450e-04	-3.013841e-04	-1.885716e-04	-1.195246e-04	-7.821811e-05	-5.506529e-05	-4.469258e-05	
-6.546963e-02	-4.062446e-02	-2.520783e-02	-1.564169e-02	-9.705841e-03	-6.022619e-03	-3.737188e-03	-2.319121e-03	-1.439299e-03	-8.935244e-04	-5.551282e-04	-3.455717e-04	-2.162191e-04	-1.370487e-04	-8.968610e-05	-6.313871e-05	-5.124520e-05	
-7.392981e-02	-4.587407e-02	-2.846526e-02	-1.766296e-02	-1.096006e-02	-6.800880e-03	-4.220118e-03	-2.618804e-03	-1.625290e-03	-1.008988e-03	-6.268635e-04	-3.902275e-04	-2.441595e-04	-1.547586e-04	-1.012756e-04	-7.129769e-05	-5.786726e-05	
-8.249166e-02	-5.118677e-02	-3.176184e-02	-1.970852e-02	-1.222935e-02	-7.588494e-03	-4.708852e-03	-2.922090e-03	-1.813515e-03	-1.125840e-03	-6.994609e-04	-4.354200e-04	-2.724358e-04	-1.726813e-04	-1.130044e-04	-7.955471e-05	-6.456890e-05	
-9.116885e-02	-5.657105e-02	-3.510283e-02	-2.178163e-02	-1.351574e-02	-8.386718e-03	-5.204171e-03	-3.229461e-03	-2.004277e-03	-1.244266e-03	-7.730363e-04	-4.812213e-04	-3.010930e-04	-1.908454e-04	-1.248912e-04	-8.792297e-05	-7.136082e-05	
-9.997591e-02	-6.203590e-02	-3.849382e-02	-2.388577e-02	-1.482138e-02	-9.196889e-03	-5.706902e-03	-3.541432e-03	-2.197893e-03	-1.364464e-03	-8.477129e-04	-5.277080e-04	-3.301791e-04	-2.092814e-04	-1.369559e-04	-9.641647e-05	-7.825440e-05	
-1.089283e-01	-6.759096e-02	-4.194078e-02	-2.602464e-02	-1.614857e-02	-1.002043e-02	-6.217931e-03	-3.858552e-03	-2.394705e-03	-1.486646e-03	-9.236220e-04	-5.749621e-04	-3.597452e-04	-2.280216e-04	-1.492197e-04	-1.050502e-04	-8.526175e-05	
-1.180427e-01	-7.324652e-02	-4.545010e-02	-2.820221e-02	-1.749978e-02	-1.085887e-02	-6.738206e-03	-4.181410e-03	-2.595078e-03	-1.611038e-03	-1.000905e-03	-6.230711e-04	-3.898463e-04	-2.471010e-04	-1.617054e-04	-1.138401e-04	-9.239588e-05	
-1.273370e-01	-7.901370e-02	-4.902869e-02	-3.042276e-02	-1.887765e-02	-1.171387e-02	-7.268750e-03	-4.510640e-03	-2.799406e-03	-1.737886e-03	-1.079712e-03	-6.721296e-04	-4.205415e-04	-2.665569e-04	-1.744375e-04	-1.228034e-04	-9.967082e-05	
-1.368306e-01	-8.490455e-02	-5.268402e-02	-3.269092e-02	-2.028507e-02	-1.258719e-02	-7.810670e-03	-4.846930e-03	-3.008115e-03	-1.867454e-03	-1.160210e-03	-7.222401e-04	-4.518948e-04	-2.864300e-04	-1.874427e-04	-1.319590e-04	-1.071018e-04	
-1.465446e-01	-9.093217e-02	-5.642420e-02	-3.501175e-02	-2.172517e-02	-1.348079e-02	-8.365172e-03	-5.191027e-03	-3.221669e-03	-2.000029e-03	-1.242577e-03	-7.735139e-04	-4.839761e-04	-3.067644e-04	-2.007498e-04	-1.413272e-04	-1.147052e-04	
-1.565021e-01	-9.711089e-02	-6.025816e-02	-3.739075e-02	-2.320137e-02	-1.439679e-02	-8.933574e-03	-5.543751e-03	-3.440578e-03	-2.135929e-03	-1.327008e-03	-8.260732e-04	-5.168617e-04	-3.276087e-04	-2.143905e-04	-1.509302e-04	-1.224993e-04	
-1.667285e-01	-1.034565e-01	-6.419564e-02	-3.983400e-02	-2.471743e-02	-1.533753e-02	-9.517326e-03	-5.906000e-03	-3.665398e-03	-2.275498e-03	-1.413720e-03	-8.800518e-04	-5.506353e-04	-3.490158e-04	-2.283995e-04	-1.607925e-04	-1.305038e-04	
-1.772519e-01	-1.099863e-01	-6.824746e-02	-4.234819e-02	-2.627751e-02	-1.630559e-02	-1.011803e-02	-6.278767e-03	-3.896745e-03	-2.419120e-03	-1.502949e-03	-9.355978e-04	-5.853896e-04	-3.710446e-04	-2.428154e-04	-1.709412e-04	-1.387408e-04	
-1.881033e-01	-1.167197e-01	-7.242559e-02	-4.494075e-02	-2.788623e-02	-1.730382e-02	-1.073746e-02	-6.663155e-03	-4.135305e-03	-2.567219e-03	-1.594960e-03	-9.928754e-04	-6.212273e-04	-3.937600e-04	-2.576806e-04	-1.814063e-04	-1.472346e-04	
-1.993174e-01	-1.236782e-01	-7.674338e-02	-4.761999e-02	-2.954872e-02	-1.833542e-02	-1.137759e-02	-7.060392e-03	-4.381840e-03	-2.720269e-03	-1.690047e-03	-1.052068e-03	-6.582630e-04	-4.172348e-04	-2.730427e-04	-1.922212e-04	-1.560122e-04	
-2.109332e-01	-1.308858e-01	-8.121580e-02	-5.039516e-02	-3.127075e-02	-1.940396e-02	-1.204065e-02	-7.471855e-03	-4.637203e-03	-2.878800e-03	-1.788539e-03	-1.113380e-03	-6.966250e-04	-4.415502e-04	-2.889550e-04	-2.034233e-04	-1.651043e-04	
-2.229943e-01	-1.383699e-01	-8.585971e-02	-5.327675e-02	-3.305880e-02	-2.051348e-02	-1.272913e-02	-7.899094e-03	-4.902357e-03	-3.043409e-03	-1.890807e-03	-1.177042e-03	-7.364579e-04	-4.667980e-04	-3.054774e-04	-2.150550e-04	-1.745449e-04	
-2.355503e-01	-1.461610e-01	-9.069417e-02	-5.627658e-02	-3.492023e-02	-2.166852e-02	-1.344587e-02	-8.343864e-03	-5.178392e-03	-3.214773e-03	-1.997272e-03	-1.243318e-03	-7.779253e-04	-4.930818e-04	-3.226777e-04	-2.271641e-04	-1.843729e-04	
-2.486577e-01	-1.542942e-01	-9.574093e-02	-5.940814e-02	-3.686339e-02	-2.287429e-02	-1.419407e-02	-8.808166e-03	-5.466548e-03	-3.393662e-03	-2.108412e-03	-1.312503e-03	-8.212136e-04	-5.205197e-04	-3.406334e-04	-2.398048e-04	-1.946325e-04	
-2.623811e-01	-1.628097e-01	-1.010248e-01	-6.268685e-02	-3.889787e-02	-2.413671e-02	-1.497744e-02	-9.294286e-03	-5.768245e-03	-3.580957e-03	-2.224774e-03	-1.384940e-03	-8.665361e-04	-5.492471e-04	-3.594329e-04	-2.530395e-04	-2.053742e-04	
-2.767948e-01	-1.717535e-01	-1.065746e-01	-6.613051e-02	-4.103470e-02	-2.546264e-02	-1.580021e-02	-9.804860e-03	-6.085119e-03	-3.777674e-03	-2.346990e-03	-1.461020e-03	-9.141386e-04	-5.794195e-04	-3.791780e-04	-2.669401e-04	-2.166563e-04	
-2.919851e-01	-1.811792e-01	-1.124233e-01	-6.975970e-02	-4.328665e-02	-2.686001e-02	-1.666732e-02	-1.034294e-02	-6.419066e-03	-3.984990e-03	-2.475792e-03	-1.541200e-03	-9.643058e-04	-6.112176e-04	-3.999870e-04	-2.815895e-04	-2.285462e-04	
-3.080526e-01	-1.911493e-01	-1.186098e-01	-7.359848e-02	-4.566866e-02	-2.833808e-02	-1.758450e-02	-1.091210e-02	-6.772298e-03	-4.204278e-03	-2.612031e-03	-1.626010e-03	-1.017370e-03	-6.448521e-04	-4.219978e-04	-2.970850e-04	-2.411228e-04	
-3.251157e-01	-2.017371e-01	-1.251796e-01	-7.767511e-02	-4.819825e-02	-2.990773e-02	-1.855850e-02	-1.151652e-02	-7.147417e-03	-4.437154e-03	-2.756712e-03	-1.716075e-03	-1.073723e-03	-6.805705e-04	-4.453723e-04	-3.135406e-04	-2.544786e-04	
-3.433145e-01	-2.130295e-01	-1.321867e-01	-8.202308e-02	-5.089621e-02	-3.158186e-02	-1.959734e-02	-1.216118e-02	-7.547503e-03	-4.685530e-03	-2.911022e-03	-1.812135e-03	-1.133826e-03	-7.186664e-04	-4.703026e-04	-3.310915e-04	-2.687234e-04	
-3.628164e-01	-2.251306e-01	-1.396955e-01	-8.668238e-02	-5.378736e-02	-3.337586e-02	-2.071056e-02	-1.285199e-02	-7.976236e-03	-4.951690e-03	-3.076382e-03	-1.915072e-03	-1.198232e-03	-7.594900e-04	-4.970180e-04	-3.498990e-04	-2.839882e-04	
-3.838232e-01	-2.381656e-01	-1.477838e-01	-9.170123e-02	-5.690161e-02	-3.530829e-02	-2.190969e-02	-1.359611e-02	-8.438055e-03	-5.238389e-03	-3.254503e-03	-2.025954e-03	-1.267609e-03	-8.034640e-04	-5.257950e-04	-3.701579e-04	-3.004309e-04	
-4.065807e-01	-2.522868e-01	-1.565461e-01	-9.713834e-02	-6.027540e-02	-3.740178e-02	-2.320875e-02	-1.440225e-02	-8.938361e-03	-5.548982e-03	-3.447467e-03	-2.146076e-03	-1.342768e-03	-8.511027e-04	-5.569703e-04	-3.921052e-04	-3.182439e-04	
-4.313914e-01	-2.676820e-01	-1.660990e-01	-1.030660e-01	-6.395357e-02	-3.968414e-02	-2.462501e-02	-1.528111e-02	-9.483805e-03	-5.887596e-03	-3.657841e-03	-2.277035e-03	-1.424707e-03	-9.030393e-04	-5.909581e-04	-4.160326e-04	-3.376640e-04	
-4.586322e-01	-2.845852e-01	-1.765876e-01	-1.095742e-01	-6.799201e-02	-4.219005e-02	-2.618000e-02	-1.624606e-02	-1.008267e-02	-6.259377e-03	-3.888821e-03	-2.420822e-03	-1.514672e-03	-9.600630e-04	-6.282750e-04	-4.423035e-04	-3.589863e-04	
-4.887792e-01	-3.032916e-01	-1.881951e-01	-1.167768e-01	-7.246128e-02	-4.496330e-02	-2.790087e-02	-1.731395e-02	-1.074543e-02	-6.670821e-03	-4.144442e-03	-2.579948e-03	-1.614235e-03	-1.023170e-03	-6.695730e-04	-4.713772e-04	-3.825833e-04	
-5.224428e-01	-3.241802e-01	-2.011566e-01	-1.248196e-01	-7.745190e-02	-4.806006e-02	-2.982248e-02	-1.850641e-02	-1.148550e-02	-7.130259e-03	-4.429882e-03	-2.757637e-03	-1.725412e-03	-1.093639e-03	-7.156884e-04	-5.038423e-04	-4.089329e-04	
-5.604193e-01	-3.477450e-01	-2.157788e-01	-1.338927e-01	-8.308191e-02	-5.155356e-02	-3.199029e-02	-1.985165e-02	-1.232038e-02	-7.648560e-03	-4.751892e-03	-2.958090e-03	-1.850833e-03	-1.173136e-03	-7.677121e-04	-5.404667e-04	-4.386584e-04	
-6.037682e-01	-3.746433e-01	-2.324694e-01	-1.442495e-01	-8.950836e-02	-5.554127e-02	-3.446476e-02	-2.138719e-02	-1.327338e-02	-8.240182e-03	-5.119454e-03	-3.186901e-03	-1.993996e-03	-1.263879e-03	-8.270952e-04	-5.822723e-04	-4.725890e-04	
-6.539310e-01	-4.057697e-01	-2.517837e-01	-1.562341e-01	-9.694496e-02	-6.015579e-02	-3.732819e-02	-2.316410e-02	-1.437617e-02	-8.924800e-03	-5.544793e-03	-3.451678e-03	-2.159663e-03	-1.368885e-03	-8.958126e-04	-6.306491e-04	-5.118530e-04	
-7.129218e-01	-4.423740e-01	-2.744969e-01	-1.703279e-01	-1.056903e-01	-6.558242e-02	-4.069555e-02	-2.525372e-02	-1.567303e-02	-9.729902e-03	-6.044986e-03	-3.763052e-03	-2.354485e-03	-1.492372e-03	-9.766235e-04	-6.875396e-04	-5.580270e-04	
-7.836446e-01	-4.862582e-01	-3.017274e-01	-1.872247e-01	-1.161750e-01	-7.208829e-02	-4.473261e-02	-2.775893e-02	-1.722782e-02	-1.069512e-02	-6.644657e-03	-4.136352e-03	-2.588054e-03	-1.640417e-03	-1.073506e-03	-7.557446e-04	-6.133841e-04	
-8.704474e-01	-5.401200e-01	-3.351492e-01	-2.079632e-01	-1.290434e-01	-8.007336e-02	-4.968755e-02	-3.083373e-02	-1.913611e-02	-1.187980e-02	-7.380673e-03	-4.594528e-03	-2.874727e-03	-1.822123e-03	-1.192416e-03	-8.394569e-04	-6.813274e-04	
-9.801494e-01	-6.081910e-01	-3.773879e-01	-2.341727e-01	-1.453067e-01	-9.016497e-02	-5.594964e-02	-3.471968e-02	-2.154783e-02	-1.337700e-02	-8.310855e-03	-5.173573e-03	-3.237028e-03	-2.051764e-03	-1.342696e-03	-9.452532e-04	-7.671948e-04	
-1.124093e+00	-6.975092e-01	-4.328105e-01	-2.685630e-01	-1.666462e-01	-1.034065e-01	-6.416634e-02	-3.981857e-02	-2.471231e-02	-1.534153e-02	-9.531376e-03	-5.933358e-03	-3.712413e-03	-2.353084e-03	-1.539882e-03	-1.084072e-03	-8.798640e-04	
-1.322644e+00	-8.207121e-01	-5.092590e-01	-3.160000e-01	-1.960814e-01	-1.216714e-01	-7.550021e-02	-4.685184e-02	-2.907731e-02	-1.805135e-02	-1.121493e-02	-6.981383e-03	-4.368147e-03	-2.768715e-03	-1.811876e-03	-1.275554e-03	-1.035277e-03	
-1.616411e+00	-1.002997e+00	-6.223684e-01	-3.861854e-01	-2.396322e-01	-1.486954e-01	-9.226924e-02	-5.725790e-02	-3.553555e-02	-2.206066e-02	-1.370583e-02	-8.531988e-03	-5.338337e-03	-3.383663e-03	-2.214304e-03	-1.558862e-03	-1.265218e-03	
-2.099722e+00	-1.302895e+00	-8.084580e-01	-5.016557e-01	-3.112828e-01	-1.931556e-01	-1.198580e-01	-7.437814e-02	-4.616076e-02	-2.865685e-02	-1.780390e-02	-1.108307e-02	-6.934513e-03	-4.395386e-03	-2.876385e-03	-2.024966e-03	-1.643521e-03	
-3.053429e+00	-1.894679e+00	-1.175665e+00	-7.295108e-01	-4.526694e-01	-2.808881e-01	-1.742982e-01	-1.081611e-01	-6.712727e-02	-4.167296e-02	-2.589055e-02	-1.611707e-02	-1.008421e-02	-6.391798e-03	-4.182858e-03	-2.944718e-03	-2.390018e-03	
-5.856949e+00	-3.634286e+00	-2.255106e+00	-1.399315e+00	-8.682899e-01	-5.387868e-01	-3.343309e-01	-2.074698e-01	-1.287605e-01	-7.993519e-02	-4.966207e-02	-3.091504e-02	-1.934308e-02	-1.226046e-02	-8.023367e-03	-5.648424e-03	-4.584424e-03	
-2.565302e+02	-1.591792e+02	-9.877206e+01	-6.128899e+01	-3.803048e+01	-2.359848e+01	-1.464345e+01	-9.087030e+00	-5.639617e+00	-3.501104e+00	-2.175163e+00	-1.354057e+00	-8.472130e-01	-5.369993e-01	-3.514178e-01	-2.473970e-01	-2.007945e-01	
5.693425e+00	3.532818e+00	2.192145e+00	1.360246e+00	8.440475e-01	5.237441e-01	3.249964e-01	2.016773e-01	1.251655e-01	7.770342e-02	4.827552e-02	3.005190e-02	1.880302e-02	1.191815e-02	7.799358e-03	5.490722e-03	4.456428e-03	
2.693332e+00	1.671236e+00	1.037016e+00	6.434783e-01	3.992853e-01	2.477625e-01	1.537429e-01	9.540551e-02	5.921082e-02	3.675839e-02	2.283723e-02	1.421636e-02	8.894962e-03	5.638001e-03	3.689565e-03	2.597442e-03	2.108159e-03	
1.701937e+00	1.056067e+00	6.552985e-01	4.066188e-01	2.523114e-01	1.565630e-01	9.715130e-02	6.028747e-02	3.741577e-02	2.322791e-02	1.443102e-02	8.983424e-03	5.620794e-03	3.562696e-03	2.331465e-03	1.641343e-03	1.332162e-03	
1.203881e+00	7.470182e-01	4.635313e-01	2.876255e-01	1.784747e-01	1.107462e-01	6.872084e-02	4.264488e-02	2.646638e-02	1.643047e-02	1.020791e-02	6.354506e-03	3.975919e-03	2.520105e-03	1.649182e-03	1.161019e-03	9.423165e-04	
9.015532e-01	5.594214e-01	3.471259e-01	2.153949e-01	1.336548e-01	8.293482e-02	5.146316e-02	3.193558e-02	1.981995e-02	1.230433e-02	7.644424e-03	4.758715e-03	2.977457e-03	1.887238e-03	1.235028e-03	8.694553e-04	7.056750e-04	
6.964711e-01	4.321663e-01	2.681629e-01	1.663976e-01	1.032515e-01	6.406910e-02	3.975650e-02	2.467099e-02	1.531138e-02	9.505385e-03	5.905498e-03	3.676220e-03	2.300156e-03	1.457936e-03	9.540879e-04	6.716747e-04	5.451506e-04	
5.465791e-01	3.391570e-01	2.104499e-01	1.305861e-01	8.103010e-02	5.028038e-02	3.120025e-02	1.936139e-02	1.201612e-02	7.459670e-03	4.634538e-03	2.885037e-03	1.805125e-03	1.144164e-03	7.487525e-04	5.271193e-04	4.278252e-04	
4.308785e-01	2.673637e-01	1.659015e-01	1.029435e-01	6.387753e-02	3.963696e-02	2.459574e-02	1.526294e-02	9.472529e-03	5.880596e-03	3.653492e-03	2.274328e-03	1.423013e-03	9.019656e-04	5.902555e-04	4.155379e-04	3.372626e-04	
3.376944e-01	2.095422e-01	1.300228e-01	8.068035e-02	5.006303e-02	3.106486e-02	1.927653e-02	1.196210e-02	7.423949e-03	4.608827e-03	2.863368e-03	1.782470e-03	1.115265e-03	7.069017e-04	4.626037e-04	3.256714e-04	2.643243e-04	
2.599978e-01	1.613309e-01	1.001072e-01	6.211746e-02	3.854456e-02	2.391747e-02	1.484140e-02	9.209864e-03	5.715851e-03	3.548431e-03	2.204566e-03	1.372360e-03	8.586652e-04	5.442582e-04	3.561681e-04	2.507411e-04	2.035088e-04	
1.932832e-01	1.199339e-01	7.442003e-02	4.617832e-02	2.865415e-02	1.778033e-02	1.103314e-02	6.846643e-03	4.249182e-03	2.637915e-03	1.638882e-03	1.020217e-03	6.383345e-04	4.046033e-04	2.647765e-04	1.864018e-04	1.512891e-04	
1.345075e-01	8.346304e-02	5.178955e-02	3.213590e-02	1.994067e-02	1.237348e-02	7.678060e-03	4.764639e-03	2.957043e-03	1.835748e-03	1.140512e-03	7.099779e-04	4.442226e-04	2.815670e-04	1.842603e-04	1.297186e-04	1.052834e-04	
8.151796e-02	5.058259e-02	3.138694e-02	1.947589e-02	1.208500e-02	7.498922e-03	4.653271e-03	2.887598e-03	1.792109e-03	1.112551e-03	6.912047e-04	4.302805e-04	2.692201e-04	1.706430e-04	1.116705e-04	7.861568e-05	6.380675e-05	
3.272359e-02	2.030527e-02	1.259960e-02	7.818166e-03	4.851257e-03	3.010277e-03	1.867953e-03	1.159163e-03	7.194028e-04	4.466091e-04	2.774689e-04	1.727266e-04	1.080725e-04	6.850088e-05	4.482768e-05	3.155853e-05	2.561382e-05	
-1.310503e-02	-8.131780e-03	-5.045840e-03	-3.130991e-03	-1.942814e-03	-1.205545e-03	-7.480712e-04	-4.642173e-04	-2.881038e-04	-1.788564e-04	-1.111198e-04	-6.917294e-05	-4.328047e-05	-2.743299e-05	-1.795243e-05	-1.263845e-05	-1.025773e-05	
-5.696421e-02	-3.534678e-02	-2.193298e-02	-1.360962e-02	-8.444918e-03	-5.240197e-03	-3.251675e-03	-2.017835e-03	-1.252314e-03	-7.774432e-04	-4.830093e-04	-3.006771e-04	-1.881292e-04	-1.192442e-04	-7.803463e-05	-5.493612e-05	-4.458774e-05	
-9.970508e-02	-6.186785e-02	-3.838954e-02	-2.382107e-02	-1.478123e-02	-9.171974e-03	-5.691442e-03	-3.531838e-03	-2.191939e-03	-1.360767e-03	-8.454164e-04	-5.262785e-04	-3.292846e-04	-2.087144e-04	-1.365849e-04	-9.615528e-05	-7.804240e-05	
-1.420984e-01	-8.817329e-02	-5.471230e-02	-3.394949e-02	-2.106603e-02	-1.307178e-02	-8.111373e-03	-5.033532e-03	-3.123924e-03	-1.939349e-03	-1.204877e-03	-7.500456e-04	-4.692923e-04	-2.974572e-04	-1.946590e-04	-1.370393e-04	-1.112251e-04	
-1.848879e-01	-1.147245e-01	-7.118756e-02	-4.417255e-02	-2.740954e-02	-1.700803e-02	-1.055391e-02	-6.549256e-03	-4.064617e-03	-2.523336e-03	-1.567696e-03	-9.759034e-04	-6.106082e-04	-3.870292e-04	-2.532758e-04	-1.783053e-04	-1.447178e-04	
-2.288389e-01	-1.419965e-01	-8.811006e-02	-5.467312e-02	-3.392526e-02	-2.105113e-02	-1.306276e-02	-8.106126e-03	-5.030846e-03	-3.123176e-03	-1.940364e-03	-1.207892e-03	-7.557602e-04	-4.790326e-04	-3.134838e-04	-2.206916e-04	-1.791197e-04	
-2.747911e-01	-1.705102e-01	-1.058031e-01	-6.565179e-02	-4.073765e-02	-2.527832e-02	-1.568584e-02	-9.733883e-03	-6.041069e-03	-3.750328e-03	-2.330001e-03	-1.450444e-03	-9.075211e-04	-5.752251e-04	-3.764332e-04	-2.650077e-04	-2.150879e-04	
-3.237211e-01	-2.008717e-01	-1.246426e-01	-7.734192e-02	-4.799150e-02	-2.977944e-02	-1.847890e-02	-1.146712e-02	-7.116758e-03	-4.418121e-03	-2.744887e-03	-1.708714e-03	-1.069117e-03	-6.776512e-04	-4.434619e-04	-3.121957e-04	-2.533870e-04	
-3.768274e-01	-2.338246e-01	-1.450902e-01	-9.002982e-02	-5.586448e-02	-3.466474e-02	-2.151035e-02	-1.334830e-02	-8.284258e-03	-5.142911e-03	-3.195184e-03	-1.989028e-03	-1.244505e-03	-7.888196e-04	-5.162116e-04	-3.634112e-04	-2.949550e-04	
-4.356525e-01	-2.703261e-01	-1.677397e-01	-1.040840e-01	-6.458528e-02	-4.007613e-02	-2.486825e-02	-1.543205e-02	-9.577482e-03	-5.945752e-03	-3.693972e-03	-2.299527e-03	-1.438780e-03	-9.119592e-04	-5.967954e-04	-4.201420e-04	-3.409993e-04	
-5.022725e-01	-3.116643e-01	-1.933904e-01	-1.200006e-01	-7.446166e-02	-4.620457e-02	-2.867110e-02	-1.779192e-02	-1.104207e-02	-6.854976e-03	-4.258854e-03	-2.651171e-03	-1.658798e-03	-1.051416e-03	-6.880574e-04	-4.843901e-04	-3.931450e-04	
-5.796065e-01	-3.596508e-01	-2.231664e-01	-1.384769e-01	-8.592639e-02	-5.331860e-02	-3.308554e-02	-2.053131e-02	-1.274220e-02	-7.910425e-03	-4.914583e-03	-3.059367e-03	-1.914200e-03	-1.213301e-03	-7.939963e-04	-5.589708e-04	-4.536768e-04	
-6.719512e-01	-4.169514e-01	-2.587220e-01	-1.605394e-01	-9.961645e-02	-6.181349e-02	-3.835684e-02	-2.380243e-02	-1.477233e-02	-9.170739e-03	-5.697589e-03	-3.546795e-03	-2.219177e-03	-1.406608e-03	-9.204983e-04	-6.480277e-04	-5.259580e-04	
-7.859644e-01	-4.876976e-01	-3.026206e-01	-1.877789e-01	-1.165189e-01	-7.230169e-02	-4.486503e-02	-2.784110e-02	-1.727882e-02	-1.072678e-02	-6.664327e-03	-4.148597e-03	-2.595715e-03	-1.645274e-03	-1.076684e-03	-7.579818e-04	-6.151999e-04	
-9.326135e-01	-5.786946e-01	-3.590850e-01	-2.228156e-01	-1.382595e-01	-8.579208e-02	-5.323616e-02	-3.303583e-02	-2.050278e-02	-1.272824e-02	-7.907789e-03	-4.922662e-03	-3.080036e-03	-1.952257e-03	-1.277577e-03	-8.994096e-04	-7.299869e-04	
-1.131416e+00	-7.020531e-01	-4.356301e-01	-2.703125e-01	-1.677318e-01	-1.040801e-01	-6.458434e-02	-4.007797e-02	-2.487330e-02	-1.544147e-02	-9.593468e-03	-5.972010e-03	-3.736598e-03	-2.368413e-03	-1.549914e-03	-1.091134e-03	-8.855958e-04	
-1.420891e+00	-8.816747e-01	-5.470868e-01	-3.394725e-01	-2.106464e-01	-1.307092e-01	-8.110837e-02	-5.033199e-02	-3.123718e-02	-1.939221e-02	-1.204797e-02	-7.499960e-03	-4.692613e-03	-2.974376e-03	-1.946462e-03	-1.370303e-03	-1.112177e-03	
-1.889276e+00	-1.172312e+00	-7.274297e-01	-4.513769e-01	-2.800843e-01	-1.737965e-01	-1.078451e-01	-6.692354e-02	-4.153427e-02	-2.578470e-02	-1.601950e-02	-9.972264e-03	-6.239497e-03	-3.954856e-03	-2.588098e-03	-1.822012e-03	-1.478798e-03	
-2.793242e+00	-1.733230e+00	-1.075485e+00	-6.673482e-01	-4.140968e-01	-2.569532e-01	-1.594460e-01	-9.894459e-02	-6.140726e-02	-3.812195e-02	-2.368438e-02	-1.474371e-02	-9.224922e-03	-5.847144e-03	-3.826430e-03	-2.693794e-03	-2.186361e-03	
-5.327510e+00	-3.305765e+00	-2.051256e+00	-1.272824e+00	-7.898009e-01	-4.900832e-01	-3.041091e-01	-1.887156e-01	-1.171212e-01	-7.270945e-02	-4.517287e-02	-2.812047e-02	-1.759456e-02	-1.115217e-02	-7.298096e-03	-5.137835e-03	-4.170015e-03	
-6.137328e+01	-3.808264e+01	-2.363061e+01	-1.466302e+01	-9.098560e+00	-5.645792e+00	-3.503357e+00	-2.174017e+00	-1.349244e+00	-8.376178e-01	-5.203946e-01	-3.239498e-01	-2.026905e-01	-1.284738e-01	-8.407456e-02	-5.918821e-02	-4.803886e-02	
6.314938e+00	3.918473e+00	2.431446e+00	1.508735e+00	9.361866e-01	5.809177e-01	3.604741e-01	2.236931e-01	1.388290e-01	8.618579e-02	5.354544e-02	3.333246e-02	2.085563e-02	1.321917e-02	8.650762e-03	6.090107e-03	4.942907e-03	
2.954167e+00	1.833086e+00	1.137446e+00	7.057958e-01	4.379539e-01	2.717569e-01	1.686321e-01	1.046450e-01	6.494508e-02	4.031825e-02	2.504889e-02	1.559314e-02	9.756392e-03	6.184012e-03	4.046880e-03	2.848990e-03	2.312323e-03	
1.898674e+00	1.178143e+00	7.310481e-01	4.536222e-01	2.814775e-01	1.746610e-01	1.083816e-01	6.725643e-02	4.174087e-02	2.591295e-02	1.609918e-02	1.002187e-02	6.270533e-03	3.974528e-03	2.600972e-03	1.831075e-03	1.486154e-03	
1.377726e+00	8.548906e-01	5.304671e-01	3.291598e-01	2.042472e-01	1.267384e-01	7.864441e-02	4.880297e-02	3.028823e-02	1.880310e-02	1.168197e-02	7.272122e-03	4.550058e-03	2.884018e-03	1.887331e-03	1.328675e-03	1.078391e-03	
1.064372e+00	6.604522e-01	4.098163e-01	2.542949e-01	1.577927e-01	9.791273e-02	6.075733e-02	3.770311e-02	2.339940e-02	1.452647e-02	9.024996e-03	5.618132e-03	3.515182e-03	2.228070e-03	1.458072e-03	1.026478e-03	8.331189e-04	
8.530845e-01	5.293462e-01	3.284639e-01	2.038149e-01	1.264694e-01	7.847613e-02	4.869643e-02	3.021868e-02	1.875440e-02	1.164283e-02	7.233450e-03	4.502880e-03	2.817385e-03	1.785777e-03	1.168631e-03	8.227121e-04	6.677369e-04	
6.994359e-01	4.340059e-01	2.693045e-01	1.671059e-01	1.036910e-01	6.434184e-02	3.992574e-02	2.477601e-02	1.537656e-02	9.545848e-03	5.930637e-03	3.691869e-03	2.309947e-03	1.464142e-03	9.581493e-04	6.745339e-04	5.474712e-04	
5.814576e-01	3.607994e-01	2.238792e-01	1.389191e-01	8.620082e-02	5.348889e-02	3.319121e-02	2.059688e-02	1.278289e-02	7.935689e-03	4.930279e-03	3.069138e-03	1.920314e-03	1.217176e-03	7.965322e-04	5.607560e-04	4.551257e-04	
4.870277e-01	3.022048e-01	1.875207e-01	1.163584e-01	7.220163e-02	4.480218e-02	2.780089e-02	1.725191e-02	1.070693e-02	6.646917e-03	4.129591e-03	2.570703e-03	1.608451e-03	1.019504e-03	6.671737e-04	4.696880e-04	3.812124e-04	
4.088991e-01	2.537254e-01	1.574388e-01	9.769225e-02	6.061910e-02	3.761505e-02	2.334109e-02	1.448437e-02	8.989330e-03	5.580624e-03	3.467126e-03	2.158313e-03	1.350424e-03	8.559559e-04	5.601462e-04	3.943411e-04	3.200586e-04	
3.424625e-01	2.125009e-01	1.318587e-01	8.181952e-02	5.076990e-02	3.150348e-02	1.954871e-02	1.213100e-02	7.528772e-03	4.673902e-03	2.903798e-03	1.807637e-03	1.131012e-03	7.168829e-04	4.691355e-04	3.302698e-04	2.680565e-04	
2.846359e-01	1.766190e-01	1.095936e-01	6.800386e-02	4.219713e-02	2.618395e-02	1.624780e-02	1.008261e-02	6.257499e-03	3.884688e-03	2.413476e-03	1.502408e-03	9.400344e-04	5.958334e-04	3.899194e-04	2.745020e-04	2.227937e-04	
2.332700e-01	1.447460e-01	8.981618e-02	5.573178e-02	3.458217e-02	2.145875e-02	1.331570e-02	8.263089e-03	5.128261e-03	3.183651e-03	1.977937e-03	1.231281e-03	7.703943e-04	4.883083e-04	3.195540e-04	2.249649e-04	1.825880e-04	
1.868098e-01	1.159171e-01	7.192755e-02	4.463171e-02	2.769446e-02	1.718483e-02	1.066362e-02	6.617335e-03	4.106868e-03	2.549566e-03	1.583992e-03	9.860477e-04	6.169554e-04	3.910523e-04	2.559086e-04	1.801588e-04	1.462221e-04	
1.440907e-01	8.940949e-02	5.547937e-02	3.442547e-02	2.136138e-02	1.325505e-02	8.225095e-03	5.104102e-03	3.167722e-03	1.966539e-03	1.221770e-03	7.605613e-04	4.758719e-04	3.016276e-04	1.973882e-04	1.389606e-04	1.127845e-04	
1.042116e-01	6.466417e-02	4.012468e-02	2.489774e-02	1.544932e-02	9.586532e-03	5.948686e-03	3.691471e-03	2.291011e-03	1.422272e-03	8.836278e-04	5.500654e-04	3.441677e-04	2.181480e-04	1.427583e-04	1.005013e-04	8.156979e-05	
6.645119e-02	4.123353e-02	2.558576e-02	1.587621e-02	9.851358e-03	6.112914e-03	3.793218e-03	2.353891e-03	1.460878e-03	9.069208e-04	5.634510e-04	3.507528e-04	2.194608e-04	1.391035e-04	9.103073e-05	6.408533e-05	5.201351e-05	
3.021120e-02	1.874631e-02	1.163225e-02	7.217917e-03	4.478796e-03	2.779160e-03	1.724539e-03	1.070167e-03	6.641698e-04	4.123201e-04	2.561659e-04	1.594653e-04	9.977508e-05	6.324165e-05	4.138598e-05	2.913559e-05	2.364729e-05	
-5.024379e-03	-3.117670e-03	-1.934541e-03	-1.200401e-03	-7.448619e-04	-4.621979e-04	-2.868055e-04	-1.779778e-04	-1.104571e-04	-6.857234e-05	-4.260257e-05	-2.652044e-05	-1.659344e-05	-1.051762e-05	-6.882840e-06	-4.845496e-06	-3.932745e-06	
-3.971988e-02	-2.464652e-02	-1.529338e-02	-9.489685e-03	-5.888453e-03	-3.653873e-03	-2.267320e-03	-1.406991e-03	-8.732107e-04	-5.420938e-04	-3.367916e-04	-2.096555e-04	-1.311783e-04	-8.314633e-05	-5.441181e-05	-3.830573e-05	-3.109004e-05	
-7.431281e-02	-4.611173e-02	-2.861273e-02	-1.775447e-02	-1.101684e-02	-6.836113e-03	-4.241981e-03	-2.632371e-03	-1.633710e-03	-1.014216e-03	-6.301110e-04	-3.922492e-04	-2.454244e-04	-1.555603e-04	-1.018003e-04	-7.166705e-05	-5.816705e-05	
-1.092358e-01	-6.778176e-02	-4.205918e-02	-2.609811e-02	-1.619416e-02	-1.004872e-02	-6.235484e-03	-3.869444e-03	-2.401465e-03	-1.490842e-03	-9.262293e-04	-5.765852e-04	-3.607607e-04	-2.286653e-04	-1.496409e-04	-1.053467e-04	-8.550243e-05	
-1.449382e-01	-8.993536e-02	-5.580568e-02	-3.462794e-02	-2.148701e-02	-1.333301e-02	-8.273472e-03	-5.134123e-03	-3.186353e-03	-1.978105e-03	-1.228956e-03	-7.650346e-04	-4.786707e-04	-3.034017e-04	-1.985491e-04	-1.397779e-04	-1.134478e-04	
-1.819088e-01	-1.128760e-01	-7.004051e-02	-4.346079e-02	-2.696789e-02	-1.673398e-02	-1.038386e-02	-6.443728e-03	-3.999124e-03	-2.482677e-03	-1.542436e-03	-9.601786e-04	-6.007694e-04	-3.807929e-04	-2.491948e-04	-1.754323e-04	-1.423859e-04	
-2.207041e-01	-1.369488e-01	-8.497792e-02	-5.272959e-02	-3.271928e-02	-2.030280e-02	-1.259840e-02	-7.817969e-03	-4.852009e-03	-3.012153e-03	-1.871388e-03	-1.164954e-03	-7.288943e-04	-4.620039e-04	-3.023401e-04	-2.128464e-04	-1.727523e-04	
-2.619835e-01	-1.625630e-01	-1.008718e-01	-6.259187e-02	-3.883894e-02	-2.410014e-02	-1.495475e-02	-9.280203e-03	-5.759505e-03	-3.575531e-03	-2.221403e-03	-1.382841e-03	-8.652231e-04	-5.484148e-04	-3.588883e-04	-2.526561e-04	-2.050630e-04	
-3.065579e-01	-1.902218e-01	-1.180343e-01	-7.324137e-02	-4.544707e-02	-2.820058e-02	-1.749917e-02	-1.085915e-02	-6.739438e-03	-4.183879e-03	-2.599357e-03	-1.618120e-03	-1.012434e-03	-6.417232e-04	-4.199502e-04	-2.956435e-04	-2.399528e-04	
-3.554596e-01	-2.205657e-01	-1.368630e-01	-8.492474e-02	-5.269672e-02	-3.269910e-02	-2.029062e-02	-1.259139e-02	-7.814504e-03	-4.851286e-03	-3.014003e-03	-1.876241e-03	-1.173936e-03	-7.440900e-04	-4.869401e-04	-3.428042e-04	-2.782298e-04	
-4.100473e-01	-2.544378e-01	-1.578809e-01	-9.796656e-02	-6.078932e-02	-3.772068e-02	-2.340663e-02	-1.452504e-02	-9.014571e-03	-5.596294e-03	-3.476861e-03	-2.164374e-03	-1.354216e-03	-8.583593e-04	-5.617191e-04	-3.954484e-04	-3.209573e-04	
-4.721697e-01	-2.929853e-01	-1.817999e-01	-1.128086e-01	-6.999893e-02	-4.343538e-02	-2.695275e-02	-1.672559e-02	-1.038028e-02	-6.444135e-03	-4.003607e-03	-2.492278e-03	-1.559381e-03	-9.884013e-04	-6.468199e-04	-4.553590e-04	-3.695825e-04	
-5.444335e-01	-3.378256e-01	-2.096238e-01	-1.300735e-01	-8.071202e-02	-5.008301e-02	-3.107777e-02	-1.928539e-02	-1.196895e-02	-7.430387e-03	-4.616345e-03	-2.873712e-03	-1.798039e-03	-1.139673e-03	-7.458133e-04	-5.250501e-04	-4.261458e-04	
-6.306622e-01	-3.913313e-01	-2.428245e-01	-1.506749e-01	-9.349538e-02	-5.801528e-02	-3.599995e-02	-2.233985e-02	-1.386462e-02	-8.607230e-03	-5.347493e-03	-3.328857e-03	-2.082816e-03	-1.320177e-03	-8.639371e-04	-6.082088e-04	-4.936398e-04	
-7.367276e-01	-4.571457e-01	-2.836629e-01	-1.760155e-01	-1.092195e-01	-6.777234e-02	-4.205445e-02	-2.609699e-02	-1.619638e-02	-1.005480e-02	-6.246839e-03	-3.888707e-03	-2.433106e-03	-1.542205e-03	-1.009235e-03	-7.104979e-04	-5.766606e-04	
-8.721660e-01	-5.411864e-01	-3.358109e-01	-2.083738e-01	-1.292982e-01	-8.023146e-02	-4.978565e-02	-3.089460e-02	-1.917389e-02	-1.190325e-02	-7.395245e-03	-4.603599e-03	-2.880403e-03	-1.825721e-03	-1.194770e-03	-8.411143e-04	-6.826726e-04	
-1.053605e+00	-6.537706e-01	-4.056704e-01	-2.517223e-01	-1.561964e-01	-9.692219e-02	-6.014267e-02	-3.732168e-02	-2.316268e-02	-1.437952e-02	-8.933694e-03	-5.561296e-03	-3.479620e-03	-2.205530e-03	-1.443321e-03	-1.016093e-03	-8.246906e-04	
-1.312908e+00	-8.146703e-01	-5.055100e-01	-3.136737e-01	-1.946379e-01	-1.207757e-01	-7.494440e-02	-4.650693e-02	-2.886325e-02	-1.791846e-02	-1.113237e-02	-6.929988e-03	-4.335990e-03	-2.748333e-03	-1.798537e-03	-1.266164e-03	-1.027655e-03	
-1.719890e+00	-1.067206e+00	-6.622109e-01	-4.109081e-01	-2.549729e-01	-1.582145e-01	-9.817609e-02	-6.092341e-02	-3.781045e-02	-2.347293e-02	-1.458324e-02	-9.078185e-03	-5.680085e-03	-3.600277e-03	-2.356058e-03	-1.658657e-03	-1.346214e-03	
-2.462914e+00	-1.528259e+00	-9.482982e-01	-5.884279e-01	-3.651259e-01	-2.265660e-01	-1.405900e-01	-8.724344e-02	-5.414526e-02	-3.361367e-02	-2.088347e-02	-1.300013e-02	-8.133986e-03	-5.155663e-03	-3.373918e-03	-2.375227e-03	-1.927803e-03	
-4.286467e+00	-2.659789e+00	-1.650422e+00	-1.024103e+00	-6.354668e-01	-3.943166e-01	-2.446834e-01	-1.518389e-01	-9.423466e-02	-5.850138e-02	-3.634569e-02	-2.262548e-02	-1.415643e-02	-8.972939e-03	-5.871983e-03	-4.133856e-03	-3.355157e-03	
-1.633294e+01	-1.013473e+01	-6.288686e+00	-3.902188e+00	-2.421350e+00	-1.502484e+00	-9.323292e-01	-5.785591e-01	-3.590669e-01	-2.229107e-01	-1.384898e-01	-8.621098e-02	-5.394092e-02	-3.419003e-02	-2.237430e-02	-1.575143e-02	-1.278432e-02	
8.916283e+00	5.532629e+00	3.433045e+00	2.130236e+00	1.321835e+00	8.202181e-01	5.089661e-01	3.158401e-01	1.960176e-01	1.216887e-01	7.560269e-02	4.706328e-02	2.944679e-02	1.866462e-02	1.221431e-02	8.598836e-03	6.979064e-03	
3.461593e+00	2.147948e+00	1.332820e+00	8.270275e-01	5.131796e-01	3.184356e-01	1.975973e-01	1.226195e-01	7.610044e-02	4.724356e-02	2.935144e-02	1.827151e-02	1.143221e-02	7.246215e-03	4.741997e-03	3.338350e-03	2.709501e-03	
2.122440e+00	1.316992e+00	8.172050e-01	5.070833e-01	3.146507e-01	1.952455e-01	1.211547e-01	7.518287e-02	4.666020e-02	2.896690e-02	1.799653e-02	1.120298e-02	7.009540e-03	4.442942e-03	2.907506e-03	2.046875e-03	1.661303e-03	
1.511870e+00	9.381284e-01	5.821169e-01	3.612090e-01	2.241341e-01	1.390785e-01	8.630175e-02	5.355476e-02	3.323730e-02	2.063389e-02	1.281941e-02	7.980184e-03	4.993082e-03	3.164826e-03	2.071094e-03	1.458043e-03	1.183390e-03	
1.159295e+00	7.193524e-01	4.463645e-01	2.769733e-01	1.718650e-01	1.066448e-01	6.617577e-02	4.106553e-02	2.548620e-02	1.582197e-02	9.829861e-03	6.119167e-03	3.828672e-03	2.426773e-03	1.588105e-03	1.118021e-03	9.074179e-04	
9.275345e-01	5.755430e-01	3.571295e-01	2.216022e-01	1.375066e-01	8.532486e-02	5.294624e-02	3.285591e-02	2.039113e-02	1.265892e-02	7.864724e-03	4.895853e-03	3.063262e-03	1.941625e-03	1.270619e-03	8.945115e-04	7.260114e-04	
7.619608e-01	4.728032e-01	2.933785e-01	1.820441e-01	1.129603e-01	7.009357e-02	4.349483e-02	2.699082e-02	1.675112e-02	1.039918e-02	6.460796e-03	4.021897e-03	2.516441e-03	1.595026e-03	1.043801e-03	7.348327e-04	5.964115e-04	
6.365086e-01	3.949590e-01	2.450755e-01	1.520716e-01	9.436211e-02	5.855309e-02	3.633368e-02	2.254695e-02	1.399315e-02	8.687021e-03	5.397066e-03	3.359716e-03	2.102124e-03	1.332415e-03	8.719459e-04	6.138470e-04	4.982160e-04	
5.371545e-01	3.333090e-01	2.068211e-01	1.283344e-01	7.963291e-02	4.941341e-02	3.066227e-02	1.902754e-02	1.180893e-02	7.331044e-03	4.554625e-03	2.835291e-03	1.773999e-03	1.124435e-03	7.358419e-04	5.180302e-04	4.204483e-04	
4.556732e-01	2.827491e-01	1.754483e-01	1.088673e-01	6.755333e-02	4.191785e-02	2.601109e-02	1.614124e-02	1.001762e-02	6.218993e-03	3.863731e-03	2.405203e-03	1.504900e-03	9.538689e-04	6.242215e-04	4.394498e-04	3.566702e-04	
3.869118e-01	2.400821e-01	1.489730e-01	9.243915e-02	5.735950e-02	3.559242e-02	2.208600e-02	1.370552e-02	8.505957e-03	5.280543e-03	3.280692e-03	2.042257e-03	1.277810e-03	8.099295e-04	5.300261e-04	3.731366e-04	3.028485e-04	
3.274691e-01	2.031974e-01	1.260857e-01	7.823738e-02	4.854714e-02	3.012423e-02	1.869284e-02	1.159989e-02	7.199155e-03	4.469274e-03	2.776667e-03	1.728497e-03	1.081495e-03	6.854970e-04	4.485962e-04	3.158102e-04	2.563207e-04	
2.749999e-01	1.706398e-01	1.058835e-01	6.570168e-02	4.076860e-02	2.529753e-02	1.569775e-02	9.741279e-03	6.045659e-03	3.753177e-03	2.331771e-03	1.451546e-03	9.082108e-04	5.756622e-04	3.767192e-04	2.652091e-04	2.152513e-04	
2.278253e-01	1.413675e-01	8.771979e-02	5.443095e-02	3.377499e-02	2.095789e-02	1.300490e-02	8.070221e-03	5.008562e-03	3.109342e-03	1.931770e-03	1.202542e-03	7.524126e-04	4.769108e-04	3.120953e-04	2.197140e-04	1.783263e-04	
1.847020e-01	1.146092e-01	7.111600e-02	4.412814e-02	2.738199e-02	1.699093e-02	1.054330e-02	6.542672e-03	4.060531e-03	2.520799e-03	1.566120e-03	9.749223e-04	6.099943e-04	3.866401e-04	2.530212e-04	1.781261e-04	1.445723e-04	
1.446792e-01	8.977467e-02	5.570597e-02	3.456607e-02	2.144862e-02	1.330919e-02	8.258689e-03	5.124949e-03	3.180660e-03	1.974571e-03	1.226760e-03	7.636677e-04	4.778155e-04	3.028596e-04	1.981944e-04	1.395282e-04	1.132451e-04	
1.070059e-01	6.639805e-02	4.120057e-02	2.556534e-02	1.586357e-02	9.843581e-03	6.108191e-03	3.790452e-03	2.352441e-03	1.460408e-03	9.073210e-04	5.648146e-04	3.533961e-04	2.239973e-04	1.465861e-04	1.031961e-04	8.375696e-05	
7.106896e-02	4.409890e-02	2.736375e-02	1.697946e-02	1.053594e-02	6.537708e-03	4.056813e-03	2.517465e-03	1.562396e-03	9.699438e-04	6.026059e-04	3.751270e-04	2.347114e-04	1.487699e-04	9.735657e-05	6.853870e-05	5.562799e-05	
3.634975e-02	2.255533e-02	1.399578e-02	8.684511e-03	5.388834e-03	3.343851e-03	2.074944e-03	1.287612e-03	7.991211e-04	4.960986e-04	3.082158e-04	1.918668e-04	1.200482e-04	7.609159e-05	4.979511e-05	3.505559e-05	2.845213e-05	
2.391771e-03	1.484114e-03	9.209060e-04	5.714308e-04	3.545790e-04	2.200215e-04	1.365289e-04	8.472336e-05	5.258124e-05	3.264271e-05	2.028024e-05	1.262461e-05	7.899031e-06	5.006738e-06	3.276461e-06	2.306617e-06	1.872117e-06	
-3.122409e-02	-1.937481e-02	-1.202224e-02	-7.459911e-03	-4.628956e-03	-2.872336e-03	-1.782357e-03	-1.106046e-03	-6.864373e-04	-4.261439e-04	-2.647544e-04	-1.648117e-04	-1.031202e-04	-6.536194e-05	-4.277352e-05	-3.011241e-05	-2.444011e-05	
-6.490056e-02	-4.027135e-02	-2.498872e-02	-1.550574e-02	-9.621478e-03	-5.970270e-03	-3.704704e-03	-2.298963e-03	-1.426789e-03	-8.857579e-04	-5.503030e-04	-3.425680e-04	-2.143397e-04	-1.358575e-04	-8.890654e-05	-6.258991e-05	-5.079978e-05	
