6.821494e-09	4.027385e-09	2.683201e-09	2.073471e-09	1.792706e-09	1.658003e-09	1.590390e-09	1.555475e-09	1.537973e-09	1.531223e-09	1.533120e-09	1.545118e-09	1.573727e-09	1.636761e-09	1.785693e-09	2.202720e-09	3.718079e-09	
-1.625388e+06	-1.010121e+06	-6.292929e+05	-3.945175e+05	-2.513056e+05	-1.664194e+05	-1.201575e+05	-1.017829e+05	-1.070312e+05	-1.371203e+05	-1.990337e+05	-3.071409e+05	-4.865325e+05	-7.788435e+05	-1.251916e+06	-2.015547e+06	-3.246966e+06	
-3.246055e+06	-2.017307e+06	-1.256758e+06	-7.878887e+05	-5.018812e+05	-3.323553e+05	-2.399658e+05	-2.032701e+05	-2.137514e+05	-2.738422e+05	-3.974892e+05	-6.133895e+05	-9.716515e+05	-1.555424e+06	-2.500196e+06	-4.025238e+06	-6.484499e+06	
-4.857294e+06	-3.018635e+06	-1.880572e+06	-1.178972e+06	-7.509991e+05	-4.973260e+05	-3.590773e+05	-3.041670e+05	-3.198508e+05	-4.097689e+05	-5.947903e+05	-9.178567e+05	-1.453949e+06	-2.327488e+06	-3.741214e+06	-6.023239e+06	-9.703200e+06	
-6.454435e+06	-4.011202e+06	-2.498929e+06	-1.566633e+06	-9.979374e+05	-6.608532e+05	-4.771466e+05	-4.041810e+05	-4.250219e+05	-5.445062e+05	-7.903650e+05	-1.219660e+06	-1.932026e+06	-3.092796e+06	-4.971374e+06	-8.003759e+06	-1.289374e+07	
-8.032858e+06	-4.992136e+06	-3.110039e+06	-1.949751e+06	-1.241982e+06	-8.224640e+05	-5.938322e+05	-5.030229e+05	-5.289604e+05	-6.776644e+05	-9.836477e+05	-1.517926e+06	-2.404500e+06	-3.849135e+06	-6.187117e+06	-9.961067e+06	-1.604688e+07	
-9.588012e+06	-5.958608e+06	-3.712139e+06	-2.327221e+06	-1.482428e+06	-9.816922e+05	-7.087975e+05	-6.004077e+05	-6.313667e+05	-8.088596e+05	-1.174081e+06	-1.811795e+06	-2.870009e+06	-4.594324e+06	-7.384936e+06	-1.188952e+07	-1.915355e+07	
-1.111543e+07	-6.907843e+06	-4.303501e+06	-2.697959e+06	-1.718586e+06	-1.138081e+06	-8.217123e+05	-6.960555e+05	-7.319464e+05	-9.377149e+05	-1.361118e+06	-2.100423e+06	-3.327215e+06	-5.326222e+06	-8.561392e+06	-1.378358e+07	-2.220480e+07	
-1.261074e+07	-7.837126e+06	-4.882433e+06	-3.060904e+06	-1.949780e+06	-1.291182e+06	-9.322538e+05	-7.896930e+05	-8.304121e+05	-1.063862e+06	-1.544223e+06	-2.382984e+06	-3.774812e+06	-6.042736e+06	-9.713120e+06	-1.563782e+07	-2.519191e+07	
-1.406970e+07	-8.743816e+06	-5.447289e+06	-3.415024e+06	-2.175353e+06	-1.440560e+06	-1.040108e+06	-8.810537e+05	-9.264837e+05	-1.186941e+06	-1.722877e+06	-2.658675e+06	-4.211525e+06	-6.741829e+06	-1.083685e+07	-1.744699e+07	-2.810641e+07	
-1.548818e+07	-9.625350e+06	-5.996474e+06	-3.759320e+06	-2.394668e+06	-1.585795e+06	-1.144969e+06	-9.698799e+05	-1.019890e+06	-1.306607e+06	-1.896574e+06	-2.926717e+06	-4.636123e+06	-7.421528e+06	-1.192940e+07	-1.920596e+07	-3.094004e+07	
-1.686221e+07	-1.047926e+07	-6.528450e+06	-4.092828e+06	-2.607111e+06	-1.726478e+06	-1.246545e+06	-1.055923e+06	-1.110369e+06	-1.422522e+06	-2.064828e+06	-3.186360e+06	-5.047416e+06	-8.079927e+06	-1.298771e+07	-2.090981e+07	-3.368488e+07	
-1.818797e+07	-1.130318e+07	-7.041740e+06	-4.414620e+06	-2.812091e+06	-1.862220e+06	-1.344553e+06	-1.138943e+06	-1.197671e+06	-1.534366e+06	-2.227172e+06	-3.436883e+06	-5.444261e+06	-8.715199e+06	-1.400885e+07	-2.255382e+07	-3.633330e+07	
-1.946183e+07	-1.209484e+07	-7.534934e+06	-4.723814e+06	-3.009046e+06	-1.992648e+06	-1.438724e+06	-1.218713e+06	-1.281554e+06	-1.641831e+06	-2.383160e+06	-3.677598e+06	-5.825570e+06	-9.325601e+06	-1.499001e+07	-2.413346e+07	-3.887804e+07	
-2.068034e+07	-1.285209e+07	-8.006696e+06	-5.019572e+06	-3.197442e+06	-2.117407e+06	-1.528802e+06	-1.295017e+06	-1.361792e+06	-1.744626e+06	-2.532370e+06	-3.907852e+06	-6.190309e+06	-9.909476e+06	-1.592853e+07	-2.564445e+07	-4.131219e+07	
-2.184023e+07	-1.357293e+07	-8.455764e+06	-5.301103e+06	-3.376776e+06	-2.236166e+06	-1.614547e+06	-1.367650e+06	-1.438170e+06	-1.842476e+06	-2.674402e+06	-4.127031e+06	-6.537503e+06	-1.046527e+07	-1.682191e+07	-2.708276e+07	-4.362925e+07	
-2.293846e+07	-1.425544e+07	-8.880961e+06	-5.567668e+06	-3.546577e+06	-2.348611e+06	-1.695735e+06	-1.436422e+06	-1.510488e+06	-1.935124e+06	-2.808884e+06	-4.334558e+06	-6.866240e+06	-1.099151e+07	-1.766780e+07	-2.844461e+07	-4.582314e+07	
-2.397221e+07	-1.489787e+07	-9.281191e+06	-5.818581e+06	-3.706407e+06	-2.454454e+06	-1.772155e+06	-1.501156e+06	-1.578560e+06	-2.022333e+06	-2.935469e+06	-4.529899e+06	-7.175674e+06	-1.148685e+07	-1.846402e+07	-2.972650e+07	-4.788821e+07	
-2.493888e+07	-1.549862e+07	-9.655450e+06	-6.053212e+06	-3.855866e+06	-2.553428e+06	-1.843616e+06	-1.561689e+06	-1.642215e+06	-2.103882e+06	-3.053840e+06	-4.712565e+06	-7.465030e+06	-1.195005e+07	-1.920857e+07	-3.092521e+07	-4.981928e+07	
-2.583610e+07	-1.605622e+07	-1.000283e+07	-6.270990e+06	-3.994589e+06	-2.645293e+06	-1.909944e+06	-1.617874e+06	-1.701297e+06	-2.179574e+06	-3.163709e+06	-4.882110e+06	-7.733600e+06	-1.237998e+07	-1.989964e+07	-3.203781e+07	-5.161163e+07	
-2.666178e+07	-1.656935e+07	-1.032250e+07	-6.471400e+06	-4.122249e+06	-2.729832e+06	-1.970983e+06	-1.669579e+06	-1.755667e+06	-2.249230e+06	-3.264816e+06	-5.038134e+06	-7.980753e+06	-1.277563e+07	-2.053560e+07	-3.306168e+07	-5.326106e+07	
-2.741405e+07	-1.703686e+07	-1.061375e+07	-6.653992e+06	-4.238560e+06	-2.806855e+06	-2.026594e+06	-1.716686e+06	-1.805204e+06	-2.312692e+06	-3.356933e+06	-5.180286e+06	-8.205932e+06	-1.313610e+07	-2.111502e+07	-3.399453e+07	-5.476383e+07	
-2.809131e+07	-1.745775e+07	-1.087596e+07	-6.818379e+06	-4.343273e+06	-2.876198e+06	-2.076661e+06	-1.759097e+06	-1.849802e+06	-2.369827e+06	-3.439866e+06	-5.308264e+06	-8.408659e+06	-1.346062e+07	-2.163666e+07	-3.483436e+07	-5.611677e+07	
-2.869223e+07	-1.783120e+07	-1.110862e+07	-6.964234e+06	-4.436182e+06	-2.937725e+06	-2.121084e+06	-1.796726e+06	-1.889372e+06	-2.420521e+06	-3.513450e+06	-5.421816e+06	-8.588533e+06	-1.374856e+07	-2.209950e+07	-3.557952e+07	-5.731719e+07	
-2.921573e+07	-1.815653e+07	-1.131130e+07	-7.091298e+06	-4.517121e+06	-2.991324e+06	-2.159784e+06	-1.829508e+06	-1.923844e+06	-2.464684e+06	-3.577554e+06	-5.520739e+06	-8.745233e+06	-1.399941e+07	-2.250271e+07	-3.622868e+07	-5.836296e+07	
-2.966101e+07	-1.843326e+07	-1.148369e+07	-7.199378e+06	-4.585967e+06	-3.036915e+06	-2.192701e+06	-1.857392e+06	-1.953165e+06	-2.502249e+06	-3.632080e+06	-5.604881e+06	-8.878520e+06	-1.421278e+07	-2.284568e+07	-3.678084e+07	-5.925247e+07	
-3.002754e+07	-1.866105e+07	-1.162560e+07	-7.288343e+06	-4.642638e+06	-3.074444e+06	-2.219797e+06	-1.880345e+06	-1.977301e+06	-2.533170e+06	-3.676963e+06	-5.674143e+06	-8.988235e+06	-1.438841e+07	-2.312799e+07	-3.723536e+07	-5.998468e+07	
-3.031507e+07	-1.883973e+07	-1.173692e+07	-7.358132e+06	-4.687093e+06	-3.103883e+06	-2.241053e+06	-1.898350e+06	-1.996235e+06	-2.557426e+06	-3.712171e+06	-5.728475e+06	-9.074301e+06	-1.452618e+07	-2.334945e+07	-3.759190e+07	-6.055906e+07	
-3.052360e+07	-1.896933e+07	-1.181766e+07	-7.408747e+06	-4.719334e+06	-3.125233e+06	-2.256469e+06	-1.911408e+06	-2.009966e+06	-2.575018e+06	-3.737706e+06	-5.767880e+06	-9.136721e+06	-1.462611e+07	-2.351007e+07	-3.785048e+07	-6.097563e+07	
-3.065341e+07	-1.905001e+07	-1.186792e+07	-7.440256e+06	-4.739406e+06	-3.138525e+06	-2.266065e+06	-1.919537e+06	-2.018515e+06	-2.585970e+06	-3.753603e+06	-5.792411e+06	-9.175580e+06	-1.468831e+07	-2.361006e+07	-3.801146e+07	-6.123496e+07	
-3.070507e+07	-1.908211e+07	-1.188792e+07	-7.452794e+06	-4.747392e+06	-3.143814e+06	-2.269884e+06	-1.922772e+06	-2.021916e+06	-2.590327e+06	-3.759928e+06	-5.802171e+06	-9.191041e+06	-1.471306e+07	-2.364984e+07	-3.807552e+07	-6.133814e+07	
-3.067937e+07	-1.906613e+07	-1.187797e+07	-7.446556e+06	-4.743418e+06	-3.141182e+06	-2.267984e+06	-1.921162e+06	-2.020224e+06	-2.588159e+06	-3.756781e+06	-5.797315e+06	-9.183348e+06	-1.470075e+07	-2.363005e+07	-3.804365e+07	-6.128680e+07	
-3.057738e+07	-1.900275e+07	-1.183848e+07	-7.421802e+06	-4.727650e+06	-3.130740e+06	-2.260445e+06	-1.914776e+06	-2.013508e+06	-2.579555e+06	-3.744292e+06	-5.778043e+06	-9.152821e+06	-1.465188e+07	-2.355149e+07	-3.791718e+07	-6.108307e+07	
-3.040043e+07	-1.889279e+07	-1.176997e+07	-7.378853e+06	-4.700292e+06	-3.112623e+06	-2.247364e+06	-1.903695e+06	-2.001856e+06	-2.564628e+06	-3.722625e+06	-5.744606e+06	-9.099855e+06	-1.456709e+07	-2.341520e+07	-3.769776e+07	-6.072959e+07	
-3.015009e+07	-1.873721e+07	-1.167305e+07	-7.318089e+06	-4.661586e+06	-3.086991e+06	-2.228857e+06	-1.888019e+06	-1.985371e+06	-2.543509e+06	-3.691970e+06	-5.697301e+06	-9.024919e+06	-1.444713e+07	-2.322239e+07	-3.738733e+07	-6.022950e+07	
-2.982816e+07	-1.853714e+07	-1.154841e+07	-7.239950e+06	-4.611812e+06	-3.054030e+06	-2.205059e+06	-1.867860e+06	-1.964172e+06	-2.516350e+06	-3.652549e+06	-5.636468e+06	-8.928556e+06	-1.429287e+07	-2.297443e+07	-3.698812e+07	-5.958640e+07	
-2.943669e+07	-1.829385e+07	-1.139684e+07	-7.144930e+06	-4.551284e+06	-3.013947e+06	-2.176118e+06	-1.843345e+06	-1.938394e+06	-2.483325e+06	-3.604611e+06	-5.562492e+06	-8.811373e+06	-1.410529e+07	-2.267290e+07	-3.650267e+07	-5.880435e+07	
-2.897791e+07	-1.800874e+07	-1.121922e+07	-7.033575e+06	-4.480352e+06	-2.966975e+06	-2.142203e+06	-1.814616e+06	-1.908184e+06	-2.444622e+06	-3.548433e+06	-5.475800e+06	-8.674047e+06	-1.388545e+07	-2.231954e+07	-3.593377e+07	-5.788788e+07	
-2.845431e+07	-1.768334e+07	-1.101650e+07	-6.906486e+06	-4.399397e+06	-2.913365e+06	-2.103496e+06	-1.781828e+06	-1.873705e+06	-2.400450e+06	-3.484316e+06	-5.376858e+06	-8.517316e+06	-1.363456e+07	-2.191625e+07	-3.528449e+07	-5.684191e+07	
-2.786855e+07	-1.731931e+07	-1.078972e+07	-6.764310e+06	-4.308831e+06	-2.853390e+06	-2.060194e+06	-1.745147e+06	-1.835133e+06	-2.351035e+06	-3.412588e+06	-5.266171e+06	-8.341979e+06	-1.335388e+07	-2.146508e+07	-3.455813e+07	-5.567177e+07	
-2.722349e+07	-1.691843e+07	-1.053997e+07	-6.607739e+06	-4.209097e+06	-2.787344e+06	-2.012507e+06	-1.704753e+06	-1.792656e+06	-2.296616e+06	-3.333599e+06	-5.144277e+06	-8.148891e+06	-1.304478e+07	-2.096824e+07	-3.375822e+07	-5.438316e+07	
-2.652216e+07	-1.648258e+07	-1.026844e+07	-6.437510e+06	-4.100661e+06	-2.715536e+06	-1.960661e+06	-1.660835e+06	-1.746473e+06	-2.237451e+06	-3.247718e+06	-5.011749e+06	-7.938959e+06	-1.270872e+07	-2.042806e+07	-3.288854e+07	-5.298213e+07	
-2.576775e+07	-1.601374e+07	-9.976359e+06	-6.254397e+06	-3.984020e+06	-2.638294e+06	-1.904890e+06	-1.613593e+06	-1.696795e+06	-2.173807e+06	-3.155338e+06	-4.869192e+06	-7.713138e+06	-1.234723e+07	-1.984699e+07	-3.195304e+07	-5.147508e+07	
-2.496360e+07	-1.551399e+07	-9.665022e+06	-6.059213e+06	-3.859688e+06	-2.555959e+06	-1.845444e+06	-1.563237e+06	-1.643843e+06	-2.105968e+06	-3.056868e+06	-4.717237e+06	-7.472430e+06	-1.196190e+07	-1.922761e+07	-3.095586e+07	-4.986867e+07	
-2.411319e+07	-1.498549e+07	-9.335776e+06	-5.852801e+06	-3.728205e+06	-2.468889e+06	-1.782577e+06	-1.509984e+06	-1.587844e+06	-2.034227e+06	-2.952733e+06	-4.556540e+06	-7.217876e+06	-1.155441e+07	-1.857261e+07	-2.990133e+07	-4.816985e+07	
-2.322013e+07	-1.443049e+07	-8.990014e+06	-5.636036e+06	-3.590127e+06	-2.377450e+06	-1.716557e+06	-1.454060e+06	-1.529036e+06	-1.958887e+06	-2.843375e+06	-4.387784e+06	-6.950553e+06	-1.112648e+07	-1.788475e+07	-2.879390e+07	-4.638583e+07	
-2.228812e+07	-1.385127e+07	-8.629172e+06	-5.409816e+06	-3.446026e+06	-2.282024e+06	-1.647658e+06	-1.395697e+06	-1.467664e+06	-1.880261e+06	-2.729248e+06	-4.211666e+06	-6.671572e+06	-1.067988e+07	-1.716689e+07	-2.763817e+07	-4.452399e+07	
-2.132096e+07	-1.325022e+07	-8.254720e+06	-5.175064e+06	-3.296490e+06	-2.182999e+06	-1.576160e+06	-1.335132e+06	-1.403976e+06	-1.798669e+06	-2.610815e+06	-4.028906e+06	-6.382067e+06	-1.021644e+07	-1.642196e+07	-2.643884e+07	-4.259193e+07	
-2.032251e+07	-1.262972e+07	-7.868157e+06	-4.932719e+06	-3.142117e+06	-2.080770e+06	-1.502349e+06	-1.272609e+06	-1.338229e+06	-1.714439e+06	-2.488553e+06	-3.840235e+06	-6.083199e+06	-9.738014e+06	-1.565293e+07	-2.520073e+07	-4.059737e+07	
-1.929672e+07	-1.199222e+07	-7.471006e+06	-4.683737e+06	-2.983517e+06	-1.975742e+06	-1.426517e+06	-1.208373e+06	-1.270681e+06	-1.627901e+06	-2.362941e+06	-3.646397e+06	-5.776145e+06	-9.246480e+06	-1.486283e+07	-2.392870e+07	-3.854819e+07	
-1.824755e+07	-1.134020e+07	-7.064806e+06	-4.429081e+06	-2.821302e+06	-1.868320e+06	-1.348957e+06	-1.142674e+06	-1.201594e+06	-1.539392e+06	-2.234468e+06	-3.448141e+06	-5.462095e+06	-8.743747e+06	-1.405474e+07	-2.262770e+07	-3.645232e+07	
-1.717902e+07	-1.067615e+07	-6.651109e+06	-4.169725e+06	-2.656094e+06	-1.758916e+06	-1.269966e+06	-1.075762e+06	-1.131231e+06	-1.449249e+06	-2.103623e+06	-3.246227e+06	-5.142248e+06	-8.231735e+06	-1.323173e+07	-2.130267e+07	-3.431776e+07	
-1.609514e+07	-1.000256e+07	-6.231470e+06	-3.906644e+06	-2.488513e+06	-1.647941e+06	-1.189840e+06	-1.007888e+06	-1.059858e+06	-1.357811e+06	-1.970899e+06	-3.041412e+06	-4.817808e+06	-7.712370e+06	-1.239690e+07	-1.995862e+07	-3.215255e+07	
-1.499993e+07	-9.321925e+06	-5.807444e+06	-3.640813e+06	-2.319180e+06	-1.535805e+06	-1.108876e+06	-9.393059e+05	-9.877395e+05	-1.265418e+06	-1.836787e+06	-2.834457e+06	-4.489976e+06	-7.187575e+06	-1.155334e+07	-1.860052e+07	-2.996470e+07	
-1.389739e+07	-8.636736e+06	-5.380579e+06	-3.373203e+06	-2.148713e+06	-1.422919e+06	-1.027370e+06	-8.702641e+05	-9.151377e+05	-1.172406e+06	-1.701778e+06	-2.626116e+06	-4.159949e+06	-6.659267e+06	-1.070413e+07	-1.723333e+07	-2.776221e+07	
-1.279149e+07	-7.949453e+06	-4.952411e+06	-3.104774e+06	-1.977726e+06	-1.309688e+06	-9.456155e+05	-8.010113e+05	-8.423141e+05	-1.079110e+06	-1.566356e+06	-2.417138e+06	-3.828914e+06	-6.129344e+06	-9.852335e+06	-1.586196e+07	-2.555298e+07	
-1.168612e+07	-7.262510e+06	-4.524454e+06	-2.836479e+06	-1.806823e+06	-1.196513e+06	-8.639012e+05	-7.317929e+05	-7.695265e+05	-9.858596e+05	-1.431001e+06	-2.208264e+06	-3.498043e+06	-5.599684e+06	-9.000957e+06	-1.449126e+07	-2.334485e+07	
-1.058516e+07	-6.578301e+06	-4.098200e+06	-2.569251e+06	-1.636600e+06	-1.083788e+06	-7.825122e+05	-6.628499e+05	-6.970286e+05	-8.929807e+05	-1.296185e+06	-2.000221e+06	-3.168489e+06	-5.072132e+06	-8.152967e+06	-1.312603e+07	-2.114551e+07	
-9.492373e+06	-5.899172e+06	-3.675111e+06	-2.304007e+06	-1.467641e+06	-9.719000e+05	-7.017273e+05	-5.944187e+05	-6.250689e+05	-8.007914e+05	-1.162370e+06	-1.793723e+06	-2.841381e+06	-4.548496e+06	-7.311273e+06	-1.177092e+07	-1.896249e+07	
-8.411440e+06	-5.227410e+06	-3.256612e+06	-2.041641e+06	-1.300515e+06	-8.612259e+05	-6.218189e+05	-5.267299e+05	-5.538898e+05	-7.096021e+05	-1.030006e+06	-1.589464e+06	-2.517822e+06	-4.030541e+06	-6.478710e+06	-1.043052e+07	-1.680316e+07	
-7.345939e+06	-4.565240e+06	-2.844088e+06	-1.783021e+06	-1.135775e+06	-7.521321e+05	-5.430514e+05	-4.600076e+05	-4.837271e+05	-6.197149e+05	-8.995324e+05	-1.388123e+06	-2.198882e+06	-3.519981e+06	-5.658033e+06	-9.109259e+06	-1.467466e+07	
-6.299330e+06	-3.914810e+06	-2.438878e+06	-1.528986e+06	-9.739562e+05	-6.449724e+05	-4.656804e+05	-3.944683e+05	-4.148083e+05	-5.314213e+05	-7.713720e+05	-1.190351e+06	-1.885598e+06	-3.018474e+06	-4.851908e+06	-7.811422e+06	-1.258389e+07	
-5.274942e+06	-3.278189e+06	-2.042271e+06	-1.280344e+06	-8.155728e+05	-5.400879e+05	-3.899521e+05	-3.303204e+05	-3.473527e+05	-4.450023e+05	-6.459325e+05	-9.967774e+05	-1.578964e+06	-2.527614e+06	-4.062897e+06	-6.541140e+06	-1.053752e+07	
-4.275960e+06	-2.657357e+06	-1.655501e+06	-1.037869e+06	-6.611176e+05	-4.378047e+05	-3.161020e+05	-2.677635e+05	-2.815702e+05	-3.607267e+05	-5.236042e+05	-8.080052e+05	-1.279936e+06	-2.048928e+06	-3.293456e+06	-5.302362e+06	-8.541895e+06	
-3.305419e+06	-2.054200e+06	-1.279741e+06	-8.022977e+05	-5.110596e+05	-3.384334e+05	-2.443544e+05	-2.069875e+05	-2.176605e+05	-2.788503e+05	-4.047585e+05	-6.246072e+05	-9.894211e+05	-1.583870e+06	-2.545920e+06	-4.098852e+06	-6.603088e+06	
-2.366188e+06	-1.470502e+06	-9.161043e+05	-5.743257e+05	-3.658426e+05	-2.422680e+05	-1.749214e+05	-1.481723e+05	-1.558125e+05	-1.996153e+05	-2.897468e+05	-4.471258e+05	-7.082783e+05	-1.133815e+06	-1.822499e+06	-2.934168e+06	-4.726828e+06	
-1.460965e+06	-9.079377e+05	-5.656339e+05	-3.546082e+05	-2.258837e+05	-1.495845e+05	-1.080024e+05	-9.148659e+04	-9.620393e+04	-1.232493e+05	-1.788995e+05	-2.760707e+05	-4.373151e+05	-7.000560e+05	-1.125273e+06	-1.811655e+06	-2.918504e+06	
-5.922656e+05	-3.680720e+05	-2.293043e+05	-1.437559e+05	-9.157177e+04	-6.064057e+04	-4.378346e+04	-3.708807e+04	-3.900045e+04	-4.996445e+04	-7.252471e+04	-1.119172e+05	-1.772847e+05	-2.837982e+05	-4.561784e+05	-7.344332e+05	-1.183143e+06	
2.375829e+05	1.476493e+05	9.198368e+04	5.766658e+04	3.673332e+04	2.432551e+04	1.756341e+04	1.487760e+04	1.564473e+04	2.004286e+04	2.909274e+04	4.489476e+04	7.111641e+04	1.138435e+05	1.829925e+05	2.946123e+05	4.746087e+05	
1.026450e+06	6.379022e+05	3.974052e+05	2.491420e+05	1.587022e+05	1.050956e+05	7.588072e+04	6.427699e+04	6.759131e+04	8.659292e+04	1.256919e+05	1.939627e+05	3.072504e+05	4.918479e+05	7.905985e+05	1.272839e+06	2.050494e+06	
1.772408e+06	1.101488e+06	6.862135e+05	4.302022e+05	2.740367e+05	1.814723e+05	1.310259e+05	1.109893e+05	1.167123e+05	1.495231e+05	2.170367e+05	3.349223e+05	5.305402e+05	8.492912e+05	1.365154e+06	2.197857e+06	3.540660e+06	
2.473734e+06	1.537338e+06	9.577425e+05	6.004297e+05	3.824707e+05	2.532794e+05	1.828718e+05	1.549069e+05	1.628944e+05	2.086881e+05	3.029162e+05	4.674483e+05	7.404705e+05	1.185349e+06	1.905335e+06	3.067530e+06	4.941669e+06	
3.128921e+06	1.944513e+06	1.211408e+06	7.594579e+05	4.837709e+05	3.203623e+05	2.313067e+05	1.959351e+05	2.060382e+05	2.639607e+05	3.831459e+05	5.912554e+05	9.365896e+05	1.499297e+06	2.409977e+06	3.879988e+06	6.250507e+06	
3.736674e+06	2.322210e+06	1.446708e+06	9.069729e+05	5.777372e+05	3.825886e+05	2.762351e+05	2.339930e+05	2.460585e+05	3.152317e+05	4.575670e+05	7.060992e+05	1.118510e+06	1.790516e+06	2.878084e+06	4.633626e+06	7.464588e+06	
4.295916e+06	2.669759e+06	1.663227e+06	1.042713e+06	6.642030e+05	4.398480e+05	3.175773e+05	2.690131e+05	2.828843e+05	3.624102e+05	5.260479e+05	8.117762e+05	1.285910e+06	2.058490e+06	3.308826e+06	5.327109e+06	8.581761e+06	
4.805789e+06	2.986627e+06	1.860631e+06	1.166470e+06	7.430358e+05	4.920525e+05	3.552698e+05	3.009417e+05	3.164592e+05	4.054238e+05	5.884834e+05	9.081241e+05	1.438532e+06	2.302808e+06	3.701544e+06	5.959371e+06	9.600311e+06	
5.265654e+06	3.272417e+06	2.038675e+06	1.278090e+06	8.141368e+05	5.391370e+05	3.892655e+05	3.297388e+05	3.467412e+05	4.442188e+05	6.447952e+05	9.950223e+05	1.576184e+06	2.523163e+06	4.055744e+06	6.529623e+06	1.051896e+07	
5.675092e+06	3.526867e+06	2.197195e+06	1.377469e+06	8.774410e+05	5.810582e+05	4.195333e+05	3.553780e+05	3.737024e+05	4.787596e+05	6.949321e+05	1.072392e+06	1.698743e+06	2.719355e+06	4.371103e+06	7.037341e+06	1.133688e+07	
6.033899e+06	3.749854e+06	2.336112e+06	1.464560e+06	9.329172e+05	6.177956e+05	4.460583e+05	3.778468e+05	3.973298e+05	5.090291e+05	7.388692e+05	1.140193e+06	1.806146e+06	2.891286e+06	4.647466e+06	7.482277e+06	1.205365e+07	
6.342090e+06	3.941383e+06	2.455433e+06	1.539365e+06	9.805675e+05	6.493505e+05	4.688415e+05	3.971459e+05	4.176240e+05	5.350286e+05	7.766081e+05	1.198431e+06	1.898397e+06	3.038963e+06	4.884843e+06	7.864447e+06	1.266931e+07	
6.599890e+06	4.101596e+06	2.555244e+06	1.601938e+06	1.020427e+06	6.757459e+05	4.878994e+05	4.132895e+05	4.346000e+05	5.567770e+05	8.081764e+05	1.247146e+06	1.975565e+06	3.162494e+06	5.083407e+06	8.184128e+06	1.318431e+07	
6.807730e+06	4.230762e+06	2.635712e+06	1.652386e+06	1.052561e+06	6.970262e+05	5.032641e+05	4.263046e+05	4.482862e+05	5.743107e+05	8.336271e+05	1.286420e+06	2.037779e+06	3.262086e+06	5.243491e+06	8.441859e+06	1.359950e+07	
6.966249e+06	4.329276e+06	2.697085e+06	1.690862e+06	1.077070e+06	7.132566e+05	5.149827e+05	4.362312e+05	4.587247e+05	5.876836e+05	8.530382e+05	1.316375e+06	2.085229e+06	3.338044e+06	5.365586e+06	8.638429e+06	1.391617e+07	
7.076280e+06	4.397656e+06	2.739685e+06	1.717569e+06	1.094083e+06	7.245224e+05	5.231167e+05	4.431214e+05	4.659701e+05	5.969660e+05	8.665119e+05	1.337167e+06	2.118165e+06	3.390768e+06	5.450335e+06	8.774872e+06	1.413597e+07	
7.138848e+06	4.436540e+06	2.763909e+06	1.732755e+06	1.103756e+06	7.309285e+05	5.277421e+05	4.470394e+05	4.700902e+05	6.022443e+05	8.741735e+05	1.348990e+06	2.136893e+06	3.420749e+06	5.498526e+06	8.852458e+06	1.426096e+07	
7.155162e+06	4.446678e+06	2.770225e+06	1.736715e+06	1.106279e+06	7.325988e+05	5.289481e+05	4.480610e+05	4.711644e+05	6.036206e+05	8.761711e+05	1.352072e+06	2.141776e+06	3.428566e+06	5.511092e+06	8.872688e+06	1.429355e+07	
7.126605e+06	4.428932e+06	2.759169e+06	1.729784e+06	1.101863e+06	7.296750e+05	5.268370e+05	4.462728e+05	4.692840e+05	6.012115e+05	8.726743e+05	1.346676e+06	2.133229e+06	3.414882e+06	5.489097e+06	8.837277e+06	1.423650e+07	
7.054731e+06	4.384264e+06	2.731342e+06	1.712338e+06	1.090751e+06	7.223160e+05	5.215237e+05	4.417719e+05	4.645511e+05	5.951481e+05	8.638730e+05	1.333094e+06	2.111714e+06	3.380442e+06	5.433737e+06	8.748149e+06	1.409292e+07	
6.941247e+06	4.313738e+06	2.687405e+06	1.684793e+06	1.073205e+06	7.106967e+05	5.131344e+05	4.346655e+05	4.570783e+05	5.855744e+05	8.499767e+05	1.311650e+06	2.077745e+06	3.326064e+06	5.346329e+06	8.607425e+06	1.386622e+07	
6.788013e+06	4.218509e+06	2.628079e+06	1.647600e+06	1.049513e+06	6.950074e+05	5.018065e+05	4.250699e+05	4.469879e+05	5.726474e+05	8.312127e+05	1.282694e+06	2.031877e+06	3.252638e+06	5.228304e+06	8.417409e+06	1.356011e+07	
6.597023e+06	4.099815e+06	2.554134e+06	1.601242e+06	1.019983e+06	6.754525e+05	4.876875e+05	4.131100e+05	4.344113e+05	5.565351e+05	8.078254e+05	1.246604e+06	1.974707e+06	3.161120e+06	5.081199e+06	8.180574e+06	1.317858e+07	
6.370399e+06	3.958977e+06	2.466393e+06	1.546236e+06	9.849444e+05	6.522490e+05	4.709342e+05	3.989186e+05	4.194882e+05	5.374168e+05	7.800746e+05	1.203780e+06	1.906871e+06	3.052528e+06	4.906647e+06	7.899551e+06	1.272586e+07	
6.110379e+06	3.797383e+06	2.365723e+06	1.483123e+06	9.447420e+05	6.256262e+05	4.517122e+05	3.826360e+05	4.023660e+05	5.154811e+05	7.482344e+05	1.154646e+06	1.829039e+06	2.927934e+06	4.706373e+06	7.577116e+06	1.220643e+07	
5.819305e+06	3.616491e+06	2.253029e+06	1.412473e+06	8.997382e+05	5.958238e+05	4.301943e+05	3.644087e+05	3.831988e+05	4.909256e+05	7.125914e+05	1.099643e+06	1.741910e+06	2.788458e+06	4.482180e+06	7.216171e+06	1.162497e+07	
5.499608e+06	3.417811e+06	2.129254e+06	1.334876e+06	8.503090e+05	5.630909e+05	4.065606e+05	3.443891e+05	3.621469e+05	4.639555e+05	6.734435e+05	1.039231e+06	1.646214e+06	2.635268e+06	4.235941e+06	6.819734e+06	1.098632e+07	
5.153802e+06	3.202904e+06	1.995370e+06	1.250941e+06	7.968430e+05	5.276847e+05	3.809968e+05	3.227345e+05	3.393757e+05	4.347827e+05	6.310985e+05	9.738862e+05	1.542703e+06	2.469567e+06	3.969592e+06	6.390921e+06	1.029552e+07	
4.784466e+06	2.973375e+06	1.852376e+06	1.161295e+06	7.397390e+05	4.898693e+05	3.536935e+05	2.996064e+05	3.150551e+05	4.036250e+05	5.858722e+05	9.040947e+05	1.432149e+06	2.292590e+06	3.685120e+06	5.932929e+06	9.557714e+06	
4.394234e+06	2.730860e+06	1.701292e+06	1.066577e+06	6.794042e+05	4.499144e+05	3.248454e+05	2.751698e+05	2.893585e+05	3.707044e+05	5.380872e+05	8.303547e+05	1.315339e+06	2.105601e+06	3.384553e+06	5.449026e+06	8.778165e+06	
3.985781e+06	2.477021e+06	1.543153e+06	9.674366e+05	6.162522e+05	4.080940e+05	2.946504e+05	2.495923e+05	2.624620e+05	3.362467e+05	4.880709e+05	7.531716e+05	1.193076e+06	1.909882e+06	3.069952e+06	4.942529e+06	7.962218e+06	
3.561812e+06	2.213540e+06	1.379008e+06	8.645301e+05	5.507013e+05	3.646849e+05	2.633084e+05	2.230431e+05	2.345439e+05	3.004800e+05	4.361547e+05	6.730565e+05	1.066168e+06	1.706727e+06	2.743401e+06	4.416790e+06	7.115274e+06	
3.125048e+06	1.942106e+06	1.209908e+06	7.585177e+05	4.831720e+05	3.199657e+05	2.310204e+05	1.956926e+05	2.057831e+05	2.636339e+05	3.826715e+05	5.905234e+05	9.354301e+05	1.497441e+06	2.406993e+06	3.875185e+06	6.242769e+06	
2.678211e+06	1.664413e+06	1.036908e+06	6.500606e+05	4.140853e+05	2.742152e+05	1.979878e+05	1.677113e+05	1.763591e+05	2.259380e+05	3.279550e+05	5.060871e+05	8.016770e+05	1.283328e+06	2.062828e+06	3.321089e+06	5.350142e+06	
2.224016e+06	1.382147e+06	8.610604e+05	5.398176e+05	3.438611e+05	2.277114e+05	1.644113e+05	1.392694e+05	1.464506e+05	1.876215e+05	2.723375e+05	4.202604e+05	6.657216e+05	1.065690e+06	1.712995e+06	2.757869e+06	4.442818e+06	
1.765157e+06	1.096982e+06	6.834063e+05	4.284423e+05	2.729156e+05	1.807299e+05	1.304899e+05	1.105353e+05	1.162349e+05	1.489114e+05	2.161488e+05	3.335522e+05	5.283698e+05	8.458169e+05	1.359570e+06	2.188865e+06	3.526175e+06	
1.304292e+06	8.105712e+05	5.049758e+05	3.165803e+05	2.016601e+05	1.335432e+05	9.642030e+04	8.167564e+04	8.588710e+04	1.100321e+05	1.597145e+05	2.464651e+05	3.904178e+05	6.249826e+05	1.004600e+06	1.617375e+06	2.605526e+06	
8.440359e+05	5.245382e+05	3.267808e+05	2.048660e+05	1.304986e+05	8.641869e+04	6.239568e+04	5.285409e+04	5.557941e+04	7.120418e+04	1.033547e+05	1.594929e+05	2.526478e+05	4.044398e+05	6.500984e+05	1.046638e+06	1.686093e+06	
3.869449e+05	2.404725e+05	1.498114e+05	9.392002e+04	5.982658e+04	3.961831e+04	2.860505e+04	2.423075e+04	2.548016e+04	3.264327e+04	4.738257e+04	7.311890e+04	1.158254e+05	1.854138e+05	2.980350e+05	4.798272e+05	7.729826e+05	
-6.449186e+04	-4.007939e+04	-2.496897e+04	-1.565359e+04	-9.971258e+03	-6.603158e+03	-4.767585e+03	-4.038523e+03	-4.246762e+03	-5.440633e+03	-7.897222e+03	-1.218668e+04	-1.930454e+04	-3.090281e+04	-4.967331e+04	-7.997249e+04	-1.288325e+05	
-5.078643e+05	-3.156196e+05	-1.966271e+05	-1.232698e+05	-7.852225e+04	-5.199893e+04	-3.754406e+04	-3.180280e+04	-3.344265e+04	-4.284422e+04	-6.218951e+04	-9.596837e+04	-1.520206e+05	-2.433552e+05	-3.911703e+05	-6.297721e+05	-1.014538e+06	
-9.408509e+05	-5.847054e+05	-3.642642e+05	-2.283652e+05	-1.454675e+05	-9.633134e+04	-6.955277e+04	-5.891671e+04	-6.195465e+04	-7.937165e+04	-1.152100e+05	-1.777875e+05	-2.816278e+05	-4.508311e+05	-7.246678e+05	-1.166693e+06	-1.879496e+06	
-1.361229e+06	-8.459553e+05	-5.270197e+05	-3.304001e+05	-2.104632e+05	-1.393728e+05	-1.006294e+05	-8.524106e+04	-8.963636e+04	-1.148354e+05	-1.666866e+05	-2.572241e+05	-4.074608e+05	-6.522652e+05	-1.048454e+06	-1.687979e+06	-2.719266e+06	
-1.766883e+06	-1.098055e+06	-6.840745e+05	-4.288612e+05	-2.731825e+05	-1.809066e+05	-1.306175e+05	-1.106434e+05	-1.163485e+05	-1.490570e+05	-2.163601e+05	-3.338783e+05	-5.288864e+05	-8.466439e+05	-1.360899e+06	-2.191006e+06	-3.529623e+06	
-2.155813e+06	-1.339761e+06	-8.346545e+05	-5.232631e+05	-3.333160e+05	-2.207282e+05	-1.593693e+05	-1.349984e+05	-1.419594e+05	-1.818677e+05	-2.639858e+05	-4.073724e+05	-6.453061e+05	-1.033009e+06	-1.660463e+06	-2.673295e+06	-4.306572e+06	
-2.526144e+06	-1.569909e+06	-9.780335e+05	-6.131506e+05	-3.905738e+05	-2.586455e+05	-1.867462e+05	-1.581888e+05	-1.663455e+05	-2.131094e+05	-3.093339e+05	-4.773518e+05	-7.561584e+05	-1.210462e+06	-1.945702e+06	-3.132520e+06	-5.046365e+06	
-2.876130e+06	-1.787413e+06	-1.113536e+06	-6.981000e+05	-4.446862e+05	-2.944797e+05	-2.126190e+05	-1.801052e+05	-1.893920e+05	-2.426348e+05	-3.521908e+05	-5.434869e+05	-8.609209e+05	-1.378166e+06	-2.215270e+06	-3.566517e+06	-5.745518e+06	
-3.204165e+06	-1.991274e+06	-1.240539e+06	-7.777212e+05	-4.954045e+05	-3.280663e+05	-2.368691e+05	-2.006469e+05	-2.109929e+05	-2.703083e+05	-3.923597e+05	-6.054738e+05	-9.591125e+05	-1.535352e+06	-2.467931e+06	-3.973293e+06	-6.400818e+06	
-3.508783e+06	-2.180584e+06	-1.358477e+06	-8.516587e+05	-5.425023e+05	-3.592554e+05	-2.593881e+05	-2.197223e+05	-2.310519e+05	-2.960064e+05	-4.296611e+05	-6.630358e+05	-1.050295e+06	-1.681317e+06	-2.702556e+06	-4.351032e+06	-7.009340e+06	
-3.788668e+06	-2.354522e+06	-1.466838e+06	-9.195929e+05	-5.857761e+05	-3.879121e+05	-2.800787e+05	-2.372489e+05	-2.494822e+05	-3.196179e+05	-4.639338e+05	-7.159242e+05	-1.134074e+06	-1.815430e+06	-2.918131e+06	-4.698100e+06	-7.568453e+06	
-4.042656e+06	-2.512367e+06	-1.565173e+06	-9.812413e+05	-6.250458e+05	-4.139172e+05	-2.988549e+05	-2.531538e+05	-2.662072e+05	-3.410447e+05	-4.950354e+05	-7.639189e+05	-1.210100e+06	-1.937134e+06	-3.113758e+06	-5.013055e+06	-8.075833e+06	
-4.269737e+06	-2.653490e+06	-1.653091e+06	-1.036359e+06	-6.601554e+05	-4.371676e+05	-3.156420e+05	-2.673738e+05	-2.811604e+05	-3.602017e+05	-5.228422e+05	-8.068293e+05	-1.278073e+06	-2.045946e+06	-3.288663e+06	-5.294646e+06	-8.529464e+06	
-4.469063e+06	-2.777363e+06	-1.730263e+06	-1.084740e+06	-6.909737e+05	-4.575760e+05	-3.303772e+05	-2.798557e+05	-2.942859e+05	-3.770171e+05	-5.472502e+05	-8.444947e+05	-1.337738e+06	-2.141458e+06	-3.442188e+06	-5.541817e+06	-8.927647e+06	
-4.639942e+06	-2.883559e+06	-1.796421e+06	-1.126216e+06	-7.173937e+05	-4.750718e+05	-3.430095e+05	-2.905562e+05	-3.055382e+05	-3.914327e+05	-5.681748e+05	-8.767848e+05	-1.388888e+06	-2.223338e+06	-3.573804e+06	-5.753714e+06	-9.269005e+06	
-4.781846e+06	-2.971747e+06	-1.851362e+06	-1.160659e+06	-7.393339e+05	-4.896010e+05	-3.534998e+05	-2.994424e+05	-3.148826e+05	-4.034040e+05	-5.855514e+05	-9.035997e+05	-1.431365e+06	-2.291335e+06	-3.683102e+06	-5.929681e+06	-9.552480e+06	
-4.894408e+06	-3.041700e+06	-1.894942e+06	-1.187980e+06	-7.567375e+05	-5.011260e+05	-3.618210e+05	-3.064911e+05	-3.222948e+05	-4.128999e+05	-5.993350e+05	-9.248700e+05	-1.465058e+06	-2.345272e+06	-3.769800e+06	-6.069263e+06	-9.777341e+06	
-4.977423e+06	-3.093291e+06	-1.927082e+06	-1.208130e+06	-7.695727e+05	-5.096257e+05	-3.679579e+05	-3.116895e+05	-3.277613e+05	-4.199032e+05	-6.095005e+05	-9.405569e+05	-1.489907e+06	-2.385051e+06	-3.833741e+06	-6.172205e+06	-9.943177e+06	
-5.030845e+06	-3.126491e+06	-1.947765e+06	-1.221097e+06	-7.778324e+05	-5.150955e+05	-3.719072e+05	-3.150349e+05	-3.312791e+05	-4.244099e+05	-6.160421e+05	-9.506517e+05	-1.505898e+06	-2.410649e+06	-3.874888e+06	-6.238450e+06	-1.004990e+07	
-5.054786e+06	-3.141370e+06	-1.957034e+06	-1.226908e+06	-7.815340e+05	-5.175467e+05	-3.736770e+05	-3.165341e+05	-3.328556e+05	-4.264296e+05	-6.189738e+05	-9.551758e+05	-1.513065e+06	-2.422121e+06	-3.893328e+06	-6.268138e+06	-1.009772e+07	
-5.049515e+06	-3.138094e+06	-1.954993e+06	-1.225628e+06	-7.807189e+05	-5.170070e+05	-3.732873e+05	-3.162040e+05	-3.325085e+05	-4.259849e+05	-6.183283e+05	-9.541796e+05	-1.511487e+06	-2.419595e+06	-3.889268e+06	-6.261601e+06	-1.008719e+07	
-5.015450e+06	-3.116924e+06	-1.941805e+06	-1.217360e+06	-7.754521e+05	-5.135192e+05	-3.707691e+05	-3.140708e+05	-3.302653e+05	-4.231112e+05	-6.141569e+05	-9.477426e+05	-1.501290e+06	-2.403272e+06	-3.863030e+06	-6.219359e+06	-1.001914e+07	
-4.953159e+06	-3.078212e+06	-1.917688e+06	-1.202240e+06	-7.658211e+05	-5.071414e+05	-3.661642e+05	-3.101701e+05	-3.261635e+05	-4.178562e+05	-6.065293e+05	-9.359718e+05	-1.482644e+06	-2.373424e+06	-3.815052e+06	-6.142116e+06	-9.894705e+06	
-4.863353e+06	-3.022401e+06	-1.882918e+06	-1.180443e+06	-7.519360e+05	-4.979464e+05	-3.595252e+05	-3.045464e+05	-3.202498e+05	-4.102800e+05	-5.955322e+05	-9.190016e+05	-1.455762e+06	-2.330391e+06	-3.745881e+06	-6.030753e+06	-9.715304e+06	
-4.746879e+06	-2.950016e+06	-1.837824e+06	-1.152172e+06	-7.339276e+05	-4.860209e+05	-3.509149e+05	-2.972527e+05	-3.125800e+05	-4.004541e+05	-5.812697e+05	-8.969922e+05	-1.420898e+06	-2.274580e+06	-3.656170e+06	-5.886321e+06	-9.482629e+06	
-4.604717e+06	-2.861668e+06	-1.782784e+06	-1.117666e+06	-7.119476e+05	-4.714653e+05	-3.404055e+05	-2.883504e+05	-3.032187e+05	-3.884611e+05	-5.638615e+05	-8.701286e+05	-1.378344e+06	-2.206460e+06	-3.546673e+06	-5.710034e+06	-9.198638e+06	
-4.437971e+06	-2.758041e+06	-1.718225e+06	-1.077193e+06	-6.861665e+05	-4.543926e+05	-3.280787e+05	-2.779087e+05	-2.922385e+05	-3.743941e+05	-5.434429e+05	-8.386194e+05	-1.328431e+06	-2.126559e+06	-3.418240e+06	-5.503262e+06	-8.865536e+06	
-4.247862e+06	-2.639895e+06	-1.644622e+06	-1.031049e+06	-6.567732e+05	-4.349278e+05	-3.140248e+05	-2.660039e+05	-2.797199e+05	-3.583562e+05	-5.201635e+05	-8.026956e+05	-1.271525e+06	-2.035464e+06	-3.271814e+06	-5.267519e+06	-8.485764e+06	
-4.035722e+06	-2.508057e+06	-1.562489e+06	-9.795583e+05	-6.239737e+05	-4.132073e+05	-2.983423e+05	-2.527196e+05	-2.657506e+05	-3.404598e+05	-4.941863e+05	-7.626086e+05	-1.208025e+06	-1.933812e+06	-3.108418e+06	-5.004457e+06	-8.061982e+06	
-3.802984e+06	-2.363419e+06	-1.472381e+06	-9.230677e+05	-5.879895e+05	-3.893779e+05	-2.811371e+05	-2.381454e+05	-2.504249e+05	-3.208257e+05	-4.656869e+05	-7.186294e+05	-1.138359e+06	-1.822290e+06	-2.929157e+06	-4.715853e+06	-7.597052e+06	
-3.551175e+06	-2.206929e+06	-1.374889e+06	-8.619482e+05	-5.490567e+05	-3.635958e+05	-2.625220e+05	-2.223770e+05	-2.338434e+05	-2.995827e+05	-4.348521e+05	-6.710465e+05	-1.062984e+06	-1.701630e+06	-2.735207e+06	-4.403600e+06	-7.094025e+06	
-3.281906e+06	-2.039588e+06	-1.270638e+06	-7.965906e+05	-5.074242e+05	-3.360260e+05	-2.426162e+05	-2.055151e+05	-2.161122e+05	-2.768667e+05	-4.018793e+05	-6.201641e+05	-9.823829e+05	-1.572603e+06	-2.527809e+06	-4.069695e+06	-6.556117e+06	
-2.996862e+06	-1.862443e+06	-1.160279e+06	-7.274042e+05	-4.633528e+05	-3.068411e+05	-2.215442e+05	-1.876655e+05	-1.973421e+05	-2.528200e+05	-3.669748e+05	-5.663009e+05	-8.970599e+05	-1.436018e+06	-2.308261e+06	-3.716229e+06	-5.986698e+06	
-2.697795e+06	-1.676584e+06	-1.044491e+06	-6.548141e+05	-4.171133e+05	-2.762204e+05	-1.994355e+05	-1.689377e+05	-1.776487e+05	-2.275902e+05	-3.303531e+05	-5.097878e+05	-8.075392e+05	-1.292713e+06	-2.077912e+06	-3.345374e+06	-5.389265e+06	
-2.386511e+06	-1.483132e+06	-9.239728e+05	-5.792587e+05	-3.689849e+05	-2.443488e+05	-1.764238e+05	-1.494449e+05	-1.571508e+05	-2.013298e+05	-2.922355e+05	-4.509662e+05	-7.143617e+05	-1.143554e+06	-1.838153e+06	-2.959370e+06	-4.767427e+06	
-2.064864e+06	-1.283239e+06	-7.994422e+05	-5.011878e+05	-3.192541e+05	-2.114162e+05	-1.526459e+05	-1.293031e+05	-1.359704e+05	-1.741951e+05	-2.528488e+05	-3.901862e+05	-6.180820e+05	-9.894286e+05	-1.590412e+06	-2.560514e+06	-4.124887e+06	
-1.734741e+06	-1.078080e+06	-6.716302e+05	-4.210597e+05	-2.682129e+05	-1.776157e+05	-1.282414e+05	-1.086306e+05	-1.142320e+05	-1.463454e+05	-2.124242e+05	-3.278046e+05	-5.192652e+05	-8.312422e+05	-1.336142e+06	-2.151148e+06	-3.465414e+06	
-1.398056e+06	-8.688419e+05	-5.412777e+05	-3.393388e+05	-2.161571e+05	-1.431434e+05	-1.033518e+05	-8.754718e+04	-9.206139e+04	-1.179422e+05	-1.711961e+05	-2.641831e+05	-4.184843e+05	-6.699116e+05	-1.076819e+06	-1.733645e+06	-2.792834e+06	
-1.056738e+06	-6.567249e+05	-4.091315e+05	-2.564934e+05	-1.633850e+05	-1.081967e+05	-7.811974e+04	-6.617362e+04	-6.958574e+04	-8.914804e+04	-1.294007e+05	-1.996860e+05	-3.163165e+05	-5.063610e+05	-8.139269e+05	-1.310397e+06	-2.110998e+06	
-7.127207e+05	-4.429306e+05	-2.759402e+05	-1.729930e+05	-1.101956e+05	-7.297366e+04	-5.268815e+04	-4.463105e+04	-4.693237e+04	-6.012623e+04	-8.727480e+04	-1.346790e+05	-2.133409e+05	-3.415171e+05	-5.489560e+05	-8.838023e+05	-1.423770e+06	
-3.679337e+05	-2.286577e+05	-1.424509e+05	-8.930559e+04	-5.688722e+04	-3.767180e+04	-2.719964e+04	-2.304026e+04	-2.422829e+04	-3.103946e+04	-4.505460e+04	-6.952646e+04	-1.101347e+05	-1.763042e+05	-2.833921e+05	-4.562526e+05	-7.350048e+05	
-2.429068e+04	-1.509579e+04	-9.404491e+03	-5.895881e+03	-3.755647e+03	-2.487061e+03	-1.795698e+03	-1.521098e+03	-1.599531e+03	-2.049199e+03	-2.974467e+03	-4.590079e+03	-7.271003e+03	-1.163946e+04	-1.870931e+04	-3.012142e+04	-4.852441e+04	
3.163194e+05	1.965812e+05	1.224677e+05	7.677766e+04	4.890698e+04	3.238714e+04	2.338403e+04	1.980813e+04	2.082950e+04	2.668520e+04	3.873426e+04	5.977317e+04	9.468485e+04	1.515720e+05	2.436374e+05	3.922487e+05	6.318972e+05	
6.520419e+05	4.052208e+05	2.524476e+05	1.582649e+05	1.008139e+05	6.676092e+04	4.820245e+04	4.083130e+04	4.293669e+04	5.500727e+04	7.984450e+04	1.232129e+05	1.951777e+05	3.124414e+05	5.022196e+05	8.085582e+05	1.302555e+06	
