-5.080104e-16	-5.102518e-16	-5.122896e-16	-5.141893e-16	-5.160013e-16	-5.177648e-16	-5.195096e-16	-5.212588e-16	-5.230294e-16	-5.248339e-16	-5.266809e-16	-5.285754e-16	-5.305196e-16	-5.325126e-16	-5.345507e-16	-5.366268e-16	-5.387302e-16	-5.408458e-16	-5.429533e-16	
2.232985e-02	2.247435e-02	2.277683e-02	2.323363e-02	2.384186e-02	2.459942e-02	2.550498e-02	2.655797e-02	2.775859e-02	2.910780e-02	3.060731e-02	3.225963e-02	3.406803e-02	3.603662e-02	3.817031e-02	4.047486e-02	4.295693e-02	4.562408e-02	4.848484e-02	
4.466164e-02	4.495071e-02	4.555577e-02	4.646947e-02	4.768605e-02	4.920130e-02	5.101257e-02	5.311872e-02	5.552015e-02	5.821876e-02	6.121799e-02	6.452286e-02	6.813992e-02	7.207736e-02	7.634502e-02	8.095442e-02	8.591889e-02	9.125353e-02	9.697540e-02	
6.699733e-02	6.743111e-02	6.833892e-02	6.970972e-02	7.153488e-02	7.380810e-02	7.652538e-02	7.968502e-02	8.328762e-02	8.733603e-02	9.183542e-02	9.679330e-02	1.022195e-01	1.081263e-01	1.145285e-01	1.214434e-01	1.288909e-01	1.368937e-01	1.454774e-01	
8.933886e-02	8.991755e-02	9.112836e-02	9.295658e-02	9.539068e-02	9.842226e-02	1.020460e-01	1.062596e-01	1.110640e-01	1.164628e-01	1.224630e-01	1.290745e-01	1.363107e-01	1.441877e-01	1.527252e-01	1.619465e-01	1.718780e-01	1.825500e-01	1.939966e-01	
1.116882e-01	1.124120e-01	1.139262e-01	1.162122e-01	1.192558e-01	1.230462e-01	1.275771e-01	1.328454e-01	1.388521e-01	1.456021e-01	1.531040e-01	1.613702e-01	1.704172e-01	1.802654e-01	1.909395e-01	2.024683e-01	2.148851e-01	2.282277e-01	2.425387e-01	
1.340472e-01	1.349166e-01	1.367345e-01	1.394789e-01	1.431324e-01	1.476825e-01	1.531211e-01	1.594449e-01	1.666550e-01	1.747572e-01	1.837618e-01	1.936838e-01	2.045429e-01	2.163637e-01	2.291757e-01	2.430136e-01	2.579173e-01	2.739321e-01	2.911093e-01	
1.564178e-01	1.574331e-01	1.595554e-01	1.627587e-01	1.670229e-01	1.723334e-01	1.786807e-01	1.860610e-01	1.944756e-01	2.039311e-01	2.144397e-01	2.260189e-01	2.386916e-01	2.524866e-01	2.674382e-01	2.835870e-01	3.009794e-01	3.196686e-01	3.397141e-01	
1.788019e-01	1.799637e-01	1.823908e-01	1.860538e-01	1.909296e-01	1.970014e-01	2.042585e-01	2.126964e-01	2.223167e-01	2.331270e-01	2.451411e-01	2.583790e-01	2.728671e-01	2.886381e-01	3.057313e-01	3.241931e-01	3.440765e-01	3.654424e-01	3.883588e-01	
2.012015e-01	2.025102e-01	2.052429e-01	2.093664e-01	2.148546e-01	2.216888e-01	2.298569e-01	2.393538e-01	2.501812e-01	2.623478e-01	2.758692e-01	2.907677e-01	3.070731e-01	3.248222e-01	3.440593e-01	3.648364e-01	3.872134e-01	4.112587e-01	4.370488e-01	
2.236183e-01	2.250746e-01	2.281136e-01	2.326985e-01	2.388003e-01	2.463981e-01	2.554785e-01	2.660358e-01	2.780720e-01	2.915968e-01	3.066272e-01	3.231884e-01	3.413133e-01	3.610429e-01	3.824263e-01	4.055215e-01	4.303950e-01	4.571226e-01	4.857897e-01	
2.460543e-01	2.476589e-01	2.510051e-01	2.560523e-01	2.627688e-01	2.711315e-01	2.811257e-01	2.927451e-01	3.059920e-01	3.208768e-01	3.374185e-01	3.556446e-01	3.755915e-01	3.973041e-01	4.208367e-01	4.462529e-01	4.736260e-01	5.030394e-01	5.345871e-01	
2.685112e-01	2.702648e-01	2.739191e-01	2.794299e-01	2.867624e-01	2.958915e-01	3.068011e-01	3.194844e-01	3.339438e-01	3.501908e-01	3.682461e-01	3.881397e-01	4.099112e-01	4.336097e-01	4.592946e-01	4.870351e-01	5.169113e-01	5.490141e-01	5.834462e-01	
2.909908e-01	2.928943e-01	2.968577e-01	3.028332e-01	3.107831e-01	3.206802e-01	3.325070e-01	3.462562e-01	3.619303e-01	3.795418e-01	3.991132e-01	4.206769e-01	4.442760e-01	4.699637e-01	4.978040e-01	5.278724e-01	5.602554e-01	5.950517e-01	6.323725e-01	
3.134950e-01	3.155492e-01	3.198228e-01	3.262643e-01	3.348332e-01	3.454999e-01	3.582458e-01	3.730630e-01	3.899541e-01	4.089327e-01	4.300229e-01	4.532598e-01	4.786895e-01	5.063696e-01	5.363691e-01	5.687691e-01	6.036630e-01	6.411572e-01	6.813712e-01	
3.360255e-01	3.382313e-01	3.428163e-01	3.497252e-01	3.589146e-01	3.703529e-01	3.840200e-01	3.999074e-01	4.180180e-01	4.383663e-01	4.609782e-01	4.858913e-01	5.131552e-01	5.428313e-01	5.749938e-01	6.097296e-01	6.471388e-01	6.873353e-01	7.304475e-01	
3.585839e-01	3.609424e-01	3.658401e-01	3.732179e-01	3.830295e-01	3.952412e-01	4.098317e-01	4.267917e-01	4.461245e-01	4.678455e-01	4.919822e-01	5.185749e-01	5.476764e-01	5.793524e-01	6.136820e-01	6.507579e-01	6.906870e-01	7.335909e-01	7.796065e-01	
3.811719e-01	3.836841e-01	3.888958e-01	3.967441e-01	4.071798e-01	4.201671e-01	4.356832e-01	4.537185e-01	4.742763e-01	4.973729e-01	5.230378e-01	5.513136e-01	5.822566e-01	6.159365e-01	6.524376e-01	6.918582e-01	7.343121e-01	7.799286e-01	8.288532e-01	
4.037912e-01	4.064583e-01	4.119853e-01	4.203058e-01	4.313676e-01	4.451326e-01	4.615768e-01	4.806900e-01	5.024757e-01	5.269512e-01	5.541477e-01	5.841105e-01	6.168989e-01	6.525871e-01	6.912642e-01	7.330345e-01	7.780184e-01	8.263530e-01	8.781924e-01	
4.264433e-01	4.292664e-01	4.351103e-01	4.439047e-01	4.555946e-01	4.701396e-01	4.875146e-01	5.077085e-01	5.307253e-01	5.565831e-01	5.853149e-01	6.169684e-01	6.516066e-01	6.893076e-01	7.301655e-01	7.742906e-01	8.218100e-01	8.728685e-01	9.276289e-01	
4.491297e-01	4.521101e-01	4.582725e-01	4.675427e-01	4.798627e-01	4.951902e-01	5.134986e-01	5.347763e-01	5.590274e-01	5.862710e-01	6.165419e-01	6.498905e-01	6.863828e-01	7.261013e-01	7.691451e-01	8.156304e-01	8.656910e-01	9.194795e-01	9.771674e-01	
4.718519e-01	4.749910e-01	4.814734e-01	4.912213e-01	5.041737e-01	5.202863e-01	5.395308e-01	5.618954e-01	5.873842e-01	6.160174e-01	6.478315e-01	6.828793e-01	7.212304e-01	7.629714e-01	8.082064e-01	8.570574e-01	9.096653e-01	9.661901e-01	1.026812e+00	
4.946113e-01	4.979104e-01	5.047145e-01	5.149421e-01	5.285293e-01	5.454295e-01	5.656132e-01	5.890680e-01	6.157980e-01	6.458246e-01	6.791860e-01	7.159376e-01	7.561524e-01	7.999210e-01	8.473526e-01	8.985753e-01	9.537366e-01	1.013004e+00	1.076568e+00	
5.174092e-01	5.208697e-01	5.279973e-01	5.387068e-01	5.529311e-01	5.706217e-01	5.917477e-01	6.162959e-01	6.442709e-01	6.756950e-01	7.106080e-01	7.490680e-01	7.911514e-01	8.369530e-01	8.865870e-01	9.401874e-01	9.979086e-01	1.059926e+00	1.126438e+00	
5.402470e-01	5.438703e-01	5.513233e-01	5.625167e-01	5.773807e-01	5.958645e-01	6.179359e-01	6.435811e-01	6.728049e-01	7.056305e-01	7.420997e-01	7.822730e-01	8.262301e-01	8.740702e-01	9.259125e-01	9.818969e-01	1.042185e+00	1.106959e+00	1.176427e+00	
5.631256e-01	5.669134e-01	5.746936e-01	5.863732e-01	6.018795e-01	6.211594e-01	6.441795e-01	6.709253e-01	7.014018e-01	7.356333e-01	7.736632e-01	8.155547e-01	8.613910e-01	9.112753e-01	9.653320e-01	1.023707e+00	1.086568e+00	1.154107e+00	1.226538e+00	
5.860463e-01	5.900001e-01	5.981095e-01	6.102776e-01	6.264288e-01	6.465079e-01	6.704800e-01	6.983301e-01	7.300634e-01	7.657051e-01	8.053006e-01	8.489155e-01	8.966363e-01	9.485707e-01	1.004848e+00	1.065620e+00	1.131062e+00	1.201372e+00	1.276776e+00	
6.090101e-01	6.131315e-01	6.215720e-01	6.342311e-01	6.510300e-01	6.719113e-01	6.968389e-01	7.257971e-01	7.587914e-01	7.958479e-01	8.370138e-01	8.823573e-01	9.319684e-01	9.859589e-01	1.044463e+00	1.107639e+00	1.175669e+00	1.248759e+00	1.327142e+00	
6.320178e-01	6.363085e-01	6.450823e-01	6.582347e-01	6.756840e-01	6.973708e-01	7.232574e-01	7.533276e-01	7.875871e-01	8.260631e-01	8.688044e-01	9.158819e-01	9.673890e-01	1.023442e+00	1.084180e+00	1.149767e+00	1.220392e+00	1.296269e+00	1.377641e+00	
6.550702e-01	6.595320e-01	6.686410e-01	6.822893e-01	7.003920e-01	7.228875e-01	7.497367e-01	7.809229e-01	8.164520e-01	8.563522e-01	9.006740e-01	9.494911e-01	1.002900e+00	1.061021e+00	1.124000e+00	1.192005e+00	1.265233e+00	1.343905e+00	1.428274e+00	
6.781680e-01	6.828026e-01	6.922491e-01	7.063958e-01	7.251548e-01	7.484623e-01	7.762778e-01	8.085841e-01	8.453873e-01	8.867164e-01	9.326240e-01	9.831861e-01	1.038503e+00	1.098699e+00	1.163925e+00	1.234356e+00	1.310194e+00	1.391670e+00	1.479044e+00	
7.013118e-01	7.061209e-01	7.159071e-01	7.305548e-01	7.499731e-01	7.740959e-01	8.028815e-01	8.363121e-01	8.743938e-01	9.171568e-01	9.646554e-01	1.016968e+00	1.074199e+00	1.136477e+00	1.203957e+00	1.276820e+00	1.355277e+00	1.439566e+00	1.529954e+00	
7.245018e-01	7.294873e-01	7.396155e-01	7.547668e-01	7.748474e-01	7.997891e-01	8.295486e-01	8.641075e-01	9.034724e-01	9.476742e-01	9.967693e-01	1.050839e+00	1.109990e+00	1.174356e+00	1.244097e+00	1.319401e+00	1.400484e+00	1.487593e+00	1.581005e+00	
7.477385e-01	7.529022e-01	7.633746e-01	7.790322e-01	7.997782e-01	8.255421e-01	8.562794e-01	8.919710e-01	9.326236e-01	9.782693e-01	1.028966e+00	1.084798e+00	1.145876e+00	1.212337e+00	1.284346e+00	1.362097e+00	1.445815e+00	1.535753e+00	1.632197e+00	
7.710218e-01	7.763657e-01	7.871846e-01	8.033512e-01	8.247656e-01	8.513553e-01	8.830742e-01	9.199028e-01	9.618478e-01	1.008943e+00	1.061247e+00	1.118847e+00	1.181857e+00	1.250419e+00	1.324704e+00	1.404911e+00	1.491271e+00	1.584047e+00	1.683533e+00	
7.943517e-01	7.998776e-01	8.110453e-01	8.277237e-01	8.498097e-01	8.772287e-01	9.099332e-01	9.479029e-01	9.911451e-01	1.039694e+00	1.093611e+00	1.152985e+00	1.217935e+00	1.288605e+00	1.365172e+00	1.447843e+00	1.536853e+00	1.632475e+00	1.735012e+00	
8.177279e-01	8.234378e-01	8.349567e-01	8.521495e-01	8.749103e-01	9.031621e-01	9.368560e-01	9.759713e-01	1.020515e+00	1.070523e+00	1.126058e+00	1.187213e+00	1.254108e+00	1.326893e+00	1.405750e+00	1.490891e+00	1.582561e+00	1.681037e+00	1.786634e+00	
8.411499e-01	8.470457e-01	8.589181e-01	8.766281e-01	9.000669e-01	9.291550e-01	9.638423e-01	1.004107e+00	1.049958e+00	1.101430e+00	1.158589e+00	1.221530e+00	1.290376e+00	1.365283e+00	1.446437e+00	1.534056e+00	1.628393e+00	1.729733e+00	1.838398e+00	
8.646170e-01	8.707007e-01	8.829290e-01	9.011590e-01	9.252787e-01	9.552067e-01	9.908914e-01	1.032311e+00	1.079472e+00	1.132414e+00	1.191202e+00	1.255934e+00	1.326739e+00	1.403774e+00	1.487232e+00	1.577337e+00	1.674349e+00	1.778560e+00	1.890304e+00	
8.881283e-01	8.944018e-01	9.069883e-01	9.257410e-01	9.505450e-01	9.813163e-01	1.018002e+00	1.060580e+00	1.109057e+00	1.163473e+00	1.223896e+00	1.290426e+00	1.363194e+00	1.442365e+00	1.528134e+00	1.620733e+00	1.720427e+00	1.827519e+00	1.942349e+00	
9.116827e-01	9.181479e-01	9.310950e-01	9.503732e-01	9.758643e-01	1.007483e+00	1.045173e+00	1.088914e+00	1.138712e+00	1.194607e+00	1.256669e+00	1.325002e+00	1.399741e+00	1.481053e+00	1.569140e+00	1.664240e+00	1.766624e+00	1.876605e+00	1.994531e+00	
9.352787e-01	9.419376e-01	9.552475e-01	9.750538e-01	1.001235e+00	1.033704e+00	1.072403e+00	1.117310e+00	1.168433e+00	1.225812e+00	1.289520e+00	1.359662e+00	1.436377e+00	1.519837e+00	1.610249e+00	1.707856e+00	1.812939e+00	1.925816e+00	2.046847e+00	
9.589145e-01	9.657690e-01	9.794441e-01	9.997811e-01	1.026656e+00	1.059978e+00	1.099690e+00	1.145768e+00	1.198220e+00	1.257088e+00	1.322446e+00	1.394402e+00	1.473099e+00	1.558713e+00	1.651456e+00	1.751578e+00	1.859367e+00	1.975149e+00	2.099292e+00	
9.825881e-01	9.896401e-01	1.003683e+00	1.024553e+00	1.052124e+00	1.086303e+00	1.127031e+00	1.174283e+00	1.228069e+00	1.288430e+00	1.355443e+00	1.429219e+00	1.509904e+00	1.597677e+00	1.692759e+00	1.795403e+00	1.905904e+00	2.024598e+00	2.151862e+00	
1.006297e+00	1.013549e+00	1.027961e+00	1.049367e+00	1.077637e+00	1.112676e+00	1.154423e+00	1.202854e+00	1.257977e+00	1.319836e+00	1.388509e+00	1.464110e+00	1.546787e+00	1.636727e+00	1.734152e+00	1.839324e+00	1.952545e+00	2.074159e+00	2.204550e+00	
1.030039e+00	1.037492e+00	1.052275e+00	1.074220e+00	1.103192e+00	1.139093e+00	1.181864e+00	1.231477e+00	1.287941e+00	1.351302e+00	1.421640e+00	1.499070e+00	1.583745e+00	1.675856e+00	1.775631e+00	1.883337e+00	1.999285e+00	2.123824e+00	2.257352e+00	
1.053810e+00	1.061466e+00	1.076623e+00	1.099109e+00	1.128785e+00	1.165552e+00	1.209349e+00	1.260147e+00	1.317957e+00	1.382824e+00	1.454830e+00	1.534094e+00	1.620772e+00	1.715060e+00	1.817189e+00	1.927436e+00	2.046116e+00	2.173588e+00	2.310258e+00	
1.077608e+00	1.085468e+00	1.101001e+00	1.124029e+00	1.154412e+00	1.192049e+00	1.236874e+00	1.288861e+00	1.348019e+00	1.414396e+00	1.488075e+00	1.569177e+00	1.657863e+00	1.754331e+00	1.858821e+00	1.971613e+00	2.093030e+00	2.223441e+00	2.363260e+00	
1.101428e+00	1.109494e+00	1.125405e+00	1.148978e+00	1.180070e+00	1.218577e+00	1.264434e+00	1.317613e+00	1.378123e+00	1.446013e+00	1.521367e+00	1.604312e+00	1.695009e+00	1.793662e+00	1.900517e+00	2.015859e+00	2.140020e+00	2.273375e+00	2.416348e+00	
1.125265e+00	1.133539e+00	1.149830e+00	1.173949e+00	1.205753e+00	1.245133e+00	1.292024e+00	1.346397e+00	1.408262e+00	1.477668e+00	1.554702e+00	1.639492e+00	1.732204e+00	1.833047e+00	1.942270e+00	2.060167e+00	2.187075e+00	2.323378e+00	2.469511e+00	
1.149115e+00	1.157599e+00	1.174270e+00	1.198938e+00	1.231455e+00	1.271711e+00	1.319639e+00	1.375208e+00	1.438430e+00	1.509354e+00	1.588071e+00	1.674709e+00	1.769439e+00	1.872474e+00	1.984070e+00	2.104524e+00	2.234184e+00	2.373440e+00	2.522736e+00	
1.172973e+00	1.181668e+00	1.198721e+00	1.223940e+00	1.257171e+00	1.298304e+00	1.347270e+00	1.404038e+00	1.468619e+00	1.541064e+00	1.621465e+00	1.709954e+00	1.806705e+00	1.911935e+00	2.025905e+00	2.148921e+00	2.281335e+00	2.423547e+00	2.576010e+00	
1.196833e+00	1.205739e+00	1.223176e+00	1.248946e+00	1.282894e+00	1.324906e+00	1.374911e+00	1.432879e+00	1.498821e+00	1.572789e+00	1.654876e+00	1.745217e+00	1.843991e+00	1.951418e+00	2.067766e+00	2.193345e+00	2.328515e+00	2.473686e+00	2.629318e+00	
1.220687e+00	1.229806e+00	1.247628e+00	1.273951e+00	1.308616e+00	1.351508e+00	1.402554e+00	1.461723e+00	1.529027e+00	1.604519e+00	1.688293e+00	1.780488e+00	1.881286e+00	1.990912e+00	2.109637e+00	2.237780e+00	2.375709e+00	2.523839e+00	2.682642e+00	
1.244529e+00	1.253863e+00	1.272070e+00	1.298946e+00	1.334329e+00	1.378102e+00	1.430189e+00	1.490561e+00	1.559227e+00	1.636243e+00	1.721705e+00	1.815755e+00	1.918577e+00	2.030401e+00	2.151505e+00	2.282214e+00	2.422900e+00	2.573991e+00	2.735964e+00	
1.268351e+00	1.277900e+00	1.296494e+00	1.323924e+00	1.360026e+00	1.404679e+00	1.457808e+00	1.519382e+00	1.589411e+00	1.667951e+00	1.755100e+00	1.851004e+00	1.955850e+00	2.069873e+00	2.193355e+00	2.326627e+00	2.470071e+00	2.624121e+00	2.789265e+00	
1.292145e+00	1.301909e+00	1.320890e+00	1.348874e+00	1.385695e+00	1.431229e+00	1.485399e+00	1.548174e+00	1.619565e+00	1.699629e+00	1.788465e+00	1.886222e+00	1.993090e+00	2.109310e+00	2.235169e+00	2.371003e+00	2.517203e+00	2.674209e+00	2.842521e+00	
1.315901e+00	1.325881e+00	1.345249e+00	1.373787e+00	1.411326e+00	1.457740e+00	1.512952e+00	1.576927e+00	1.649679e+00	1.731264e+00	1.821786e+00	1.921393e+00	2.030282e+00	2.148696e+00	2.276928e+00	2.415322e+00	2.564274e+00	2.724234e+00	2.895709e+00	
1.339610e+00	1.349806e+00	1.369560e+00	1.398653e+00	1.436909e+00	1.484202e+00	1.540452e+00	1.605626e+00	1.679737e+00	1.762841e+00	1.855045e+00	1.956501e+00	2.067406e+00	2.188011e+00	2.318613e+00	2.459562e+00	2.611261e+00	2.774169e+00	2.948803e+00	
1.363260e+00	1.373672e+00	1.393813e+00	1.423458e+00	1.462430e+00	1.510600e+00	1.567888e+00	1.634258e+00	1.709724e+00	1.794345e+00	1.888228e+00	1.991527e+00	2.104445e+00	2.227236e+00	2.360202e+00	2.503700e+00	2.658140e+00	2.823990e+00	3.001775e+00	
1.386840e+00	1.397468e+00	1.417994e+00	1.448191e+00	1.487877e+00	1.536922e+00	1.595244e+00	1.662807e+00	1.739625e+00	1.825758e+00	1.921314e+00	2.026452e+00	2.141377e+00	2.266347e+00	2.401671e+00	2.547711e+00	2.704885e+00	2.873668e+00	3.054595e+00	
1.410338e+00	1.421180e+00	1.442091e+00	1.472837e+00	1.513236e+00	1.563153e+00	1.622505e+00	1.691257e+00	1.769422e+00	1.857061e+00	1.954286e+00	2.061255e+00	2.178180e+00	2.305322e+00	2.442995e+00	2.591568e+00	2.751465e+00	2.923171e+00	3.107229e+00	
1.433740e+00	1.444797e+00	1.466090e+00	1.497384e+00	1.538491e+00	1.589276e+00	1.649655e+00	1.719590e+00	1.799096e+00	1.888236e+00	1.987121e+00	2.095914e+00	2.214830e+00	2.344135e+00	2.484147e+00	2.635242e+00	2.797852e+00	2.972468e+00	3.159644e+00	
1.457032e+00	1.468301e+00	1.489976e+00	1.521813e+00	1.563626e+00	1.615275e+00	1.676674e+00	1.747787e+00	1.828628e+00	1.919260e+00	2.019797e+00	2.130405e+00	2.251302e+00	2.382758e+00	2.525098e+00	2.678702e+00	2.844010e+00	3.021523e+00	3.211801e+00	
1.480198e+00	1.491679e+00	1.513732e+00	1.546110e+00	1.588623e+00	1.641131e+00	1.703545e+00	1.775828e+00	1.857995e+00	1.950110e+00	2.052290e+00	2.164703e+00	2.287569e+00	2.421163e+00	2.565817e+00	2.721916e+00	2.889907e+00	3.070298e+00	3.263660e+00	
1.503223e+00	1.514914e+00	1.537341e+00	1.570257e+00	1.613465e+00	1.666825e+00	1.730246e+00	1.803692e+00	1.887175e+00	1.980764e+00	2.084575e+00	2.198779e+00	2.323601e+00	2.459319e+00	2.606271e+00	2.764848e+00	2.935504e+00	3.118754e+00	3.315180e+00	
1.526089e+00	1.537987e+00	1.560786e+00	1.594234e+00	1.638132e+00	1.692336e+00	1.756757e+00	1.831355e+00	1.916145e+00	2.011195e+00	2.116623e+00	2.232605e+00	2.359367e+00	2.497194e+00	2.646425e+00	2.807460e+00	2.980761e+00	3.166849e+00	3.366315e+00	
1.548777e+00	1.560881e+00	1.584047e+00	1.618022e+00	1.662602e+00	1.717644e+00	1.783053e+00	1.858793e+00	1.944878e+00	2.041375e+00	2.148408e+00	2.266151e+00	2.394836e+00	2.534751e+00	2.686242e+00	2.849715e+00	3.025636e+00	3.214537e+00	3.417017e+00	
1.571270e+00	1.583575e+00	1.607104e+00	1.641599e+00	1.686855e+00	1.742724e+00	1.809112e+00	1.885982e+00	1.973347e+00	2.071278e+00	2.179897e+00	2.299383e+00	2.429972e+00	2.571955e+00	2.725684e+00	2.891569e+00	3.070085e+00	3.261772e+00	3.467236e+00	
1.593546e+00	1.606049e+00	1.629936e+00	1.664944e+00	1.710866e+00	1.767552e+00	1.834908e+00	1.912894e+00	2.001525e+00	2.100872e+00	2.211059e+00	2.332269e+00	2.464740e+00	2.608768e+00	2.764709e+00	2.932980e+00	3.114062e+00	3.308503e+00	3.516919e+00	
1.615584e+00	1.628281e+00	1.652520e+00	1.688033e+00	1.734612e+00	1.792104e+00	1.860414e+00	1.939501e+00	2.029381e+00	2.130125e+00	2.241861e+00	2.364773e+00	2.499102e+00	2.645148e+00	2.803274e+00	2.973901e+00	3.157518e+00	3.354679e+00	3.566010e+00	
1.637362e+00	1.650248e+00	1.674832e+00	1.710843e+00	1.758067e+00	1.816353e+00	1.885602e+00	1.965774e+00	2.056884e+00	2.159006e+00	2.272268e+00	2.396857e+00	2.533017e+00	2.681054e+00	2.841334e+00	3.014284e+00	3.200401e+00	3.400245e+00	3.614451e+00	
1.658856e+00	1.671928e+00	1.696849e+00	1.733347e+00	1.781206e+00	1.840271e+00	1.910443e+00	1.991682e+00	2.084003e+00	2.187480e+00	2.302243e+00	2.428483e+00	2.566446e+00	2.716442e+00	2.878842e+00	3.054080e+00	3.242658e+00	3.445144e+00	3.662182e+00	
1.680044e+00	1.693294e+00	1.718545e+00	1.755520e+00	1.804001e+00	1.863830e+00	1.934908e+00	2.017193e+00	2.110703e+00	2.215510e+00	2.331749e+00	2.459610e+00	2.599345e+00	2.751266e+00	2.915750e+00	3.093237e+00	3.284234e+00	3.489319e+00	3.709141e+00	
1.700899e+00	1.714322e+00	1.739894e+00	1.777335e+00	1.826423e+00	1.887000e+00	1.958965e+00	2.042276e+00	2.136949e+00	2.243061e+00	2.360746e+00	2.490197e+00	2.631669e+00	2.785480e+00	2.952008e+00	3.131702e+00	3.325073e+00	3.532707e+00	3.755262e+00	
1.721397e+00	1.734986e+00	1.760870e+00	1.798763e+00	1.848444e+00	1.909751e+00	1.982582e+00	2.066895e+00	2.162708e+00	2.270096e+00	2.389195e+00	2.520202e+00	2.663375e+00	2.819035e+00	2.987565e+00	3.169419e+00	3.365116e+00	3.575248e+00	3.800480e+00	
1.741512e+00	1.755260e+00	1.781444e+00	1.819777e+00	1.870035e+00	1.932052e+00	2.005728e+00	2.091018e+00	2.187941e+00	2.296574e+00	2.417055e+00	2.549582e+00	2.694416e+00	2.851882e+00	3.022369e+00	3.206335e+00	3.404305e+00	3.616878e+00	3.844728e+00	
1.761216e+00	1.775115e+00	1.801590e+00	1.840348e+00	1.891164e+00	1.953872e+00	2.028368e+00	2.114609e+00	2.212613e+00	2.322459e+00	2.444284e+00	2.578292e+00	2.724745e+00	2.883972e+00	3.056366e+00	3.242391e+00	3.442578e+00	3.657533e+00	3.887937e+00	
1.780483e+00	1.794525e+00	1.821278e+00	1.860447e+00	1.911803e+00	1.975179e+00	2.050471e+00	2.137634e+00	2.236687e+00	2.347710e+00	2.470842e+00	2.606288e+00	2.754315e+00	2.915254e+00	3.089504e+00	3.277532e+00	3.479876e+00	3.697149e+00	3.930038e+00	
1.799287e+00	1.813463e+00	1.840481e+00	1.880045e+00	1.931921e+00	1.995942e+00	2.072002e+00	2.160057e+00	2.260126e+00	2.372288e+00	2.496687e+00	2.633528e+00	2.783080e+00	2.945680e+00	3.121730e+00	3.311701e+00	3.516139e+00	3.735661e+00	3.970965e+00	
1.817600e+00	1.831902e+00	1.859172e+00	1.899112e+00	1.951488e+00	2.016129e+00	2.092929e+00	2.181845e+00	2.282893e+00	2.396156e+00	2.521778e+00	2.659967e+00	2.810994e+00	2.975200e+00	3.152991e+00	3.344843e+00	3.551307e+00	3.773008e+00	4.010648e+00	
1.835397e+00	1.849814e+00	1.877323e+00	1.917622e+00	1.970475e+00	2.035710e+00	2.113221e+00	2.202962e+00	2.304953e+00	2.419276e+00	2.546076e+00	2.685562e+00	2.838012e+00	3.003766e+00	3.183236e+00	3.376904e+00	3.585324e+00	3.809127e+00	4.049024e+00	
1.852653e+00	1.867174e+00	1.894907e+00	1.935546e+00	1.988854e+00	2.054656e+00	2.132846e+00	2.223379e+00	2.326273e+00	2.441611e+00	2.569541e+00	2.710275e+00	2.864090e+00	3.031333e+00	3.212418e+00	3.407831e+00	3.618132e+00	3.843959e+00	4.086029e+00	
1.869343e+00	1.883959e+00	1.911900e+00	1.952860e+00	2.006597e+00	2.072939e+00	2.151776e+00	2.243062e+00	2.346818e+00	2.463128e+00	2.592139e+00	2.734066e+00	2.889189e+00	3.057857e+00	3.240489e+00	3.437576e+00	3.649682e+00	3.877450e+00	4.121604e+00	
1.885446e+00	1.900144e+00	1.928278e+00	1.969538e+00	2.023681e+00	2.090533e+00	2.169983e+00	2.261986e+00	2.366561e+00	2.483795e+00	2.613836e+00	2.756900e+00	2.913271e+00	3.083300e+00	3.267410e+00	3.466095e+00	3.679925e+00	3.909549e+00	4.155697e+00	
1.900940e+00	1.915711e+00	1.944021e+00	1.985560e+00	2.040084e+00	2.107415e+00	2.187443e+00	2.280123e+00	2.385475e+00	2.503584e+00	2.634602e+00	2.778747e+00	2.936303e+00	3.107626e+00	3.293141e+00	3.493347e+00	3.708820e+00	3.940212e+00	4.188258e+00	
1.915808e+00	1.930639e+00	1.959110e+00	2.000907e+00	2.055785e+00	2.123565e+00	2.204136e+00	2.297453e+00	2.403537e+00	2.522473e+00	2.654414e+00	2.799579e+00	2.958257e+00	3.130805e+00	3.317652e+00	3.519300e+00	3.736330e+00	3.969399e+00	4.219250e+00	
1.930035e+00	1.944916e+00	1.973531e+00	2.015565e+00	2.070770e+00	2.138968e+00	2.220046e+00	2.313960e+00	2.420729e+00	2.540442e+00	2.673250e+00	2.819377e+00	2.979112e+00	3.152815e+00	3.340919e+00	3.543929e+00	3.762430e+00	3.997085e+00	4.248640e+00	
1.943611e+00	1.958530e+00	1.987272e+00	2.029521e+00	2.085027e+00	2.153611e+00	2.235161e+00	2.329630e+00	2.437040e+00	2.557478e+00	2.691100e+00	2.838128e+00	2.998854e+00	3.173642e+00	3.362926e+00	3.567217e+00	3.787101e+00	4.023248e+00	4.276409e+00	
1.956529e+00	1.971474e+00	2.000328e+00	2.042770e+00	2.098551e+00	2.167491e+00	2.249475e+00	2.344459e+00	2.452464e+00	2.573577e+00	2.707956e+00	2.855825e+00	3.017477e+00	3.193278e+00	3.383667e+00	3.589157e+00	3.810338e+00	4.047884e+00	4.302551e+00	
1.968786e+00	1.983748e+00	2.012697e+00	2.055312e+00	2.111342e+00	2.180606e+00	2.262990e+00	2.358448e+00	2.467002e+00	2.588741e+00	2.723822e+00	2.872472e+00	3.034985e+00	3.211731e+00	3.403149e+00	3.609756e+00	3.832148e+00	4.071000e+00	4.327074e+00	
1.980388e+00	1.995355e+00	2.024385e+00	2.067153e+00	2.123407e+00	2.192966e+00	2.275715e+00	2.371608e+00	2.480667e+00	2.602982e+00	2.738712e+00	2.888083e+00	3.051394e+00	3.229015e+00	3.421388e+00	3.629034e+00	3.852550e+00	4.092618e+00	4.350003e+00	
1.991344e+00	2.006309e+00	2.035404e+00	2.078306e+00	2.134761e+00	2.204586e+00	2.287666e+00	2.383956e+00	2.493478e+00	2.616322e+00	2.752649e+00	2.902686e+00	3.066733e+00	3.245162e+00	3.438419e+00	3.647026e+00	3.871585e+00	4.112779e+00	4.371380e+00	
2.001673e+00	2.016627e+00	2.045776e+00	2.088793e+00	2.145426e+00	2.215490e+00	2.298870e+00	2.395522e+00	2.505466e+00	2.628796e+00	2.765669e+00	2.916318e+00	3.081043e+00	3.260217e+00	3.454289e+00	3.663784e+00	3.889307e+00	4.131544e+00	4.391270e+00	
2.011400e+00	2.026336e+00	2.055527e+00	2.098645e+00	2.155435e+00	2.225714e+00	2.309366e+00	2.406346e+00	2.516676e+00	2.640448e+00	2.777824e+00	2.929034e+00	3.094382e+00	3.274242e+00	3.469066e+00	3.679380e+00	3.905793e+00	4.148994e+00	4.409762e+00	
2.020560e+00	2.035474e+00	2.064696e+00	2.107901e+00	2.164832e+00	2.235304e+00	2.319202e+00	2.416481e+00	2.527163e+00	2.651341e+00	2.789177e+00	2.940904e+00	3.106825e+00	3.287318e+00	3.482835e+00	3.693906e+00	3.921141e+00	4.165235e+00	4.426967e+00	
2.029197e+00	2.044084e+00	2.073332e+00	2.116613e+00	2.173669e+00	2.244317e+00	2.328440e+00	2.425992e+00	2.536998e+00	2.661550e+00	2.799811e+00	2.952015e+00	3.118466e+00	3.299544e+00	3.495704e+00	3.707477e+00	3.935476e+00	4.180398e+00	4.443026e+00	
2.037365e+00	2.052224e+00	2.081493e+00	2.124843e+00	2.182015e+00	2.252823e+00	2.337154e+00	2.434961e+00	2.546267e+00	2.671167e+00	2.809823e+00	2.962472e+00	3.129418e+00	3.311043e+00	3.507803e+00	3.720232e+00	3.948945e+00	4.194642e+00	4.458109e+00	
2.045128e+00	2.059962e+00	2.089251e+00	2.132665e+00	2.189946e+00	2.260908e+00	2.345435e+00	2.443482e+00	2.555073e+00	2.680301e+00	2.819332e+00	2.972401e+00	3.139815e+00	3.321958e+00	3.519286e+00	3.732336e+00	3.961725e+00	4.208156e+00	4.472417e+00	
2.052563e+00	2.067377e+00	2.096689e+00	2.140168e+00	2.197557e+00	2.268669e+00	2.353387e+00	2.451668e+00	2.563534e+00	2.689081e+00	2.828474e+00	2.981949e+00	3.149815e+00	3.332457e+00	3.530333e+00	3.743982e+00	3.974023e+00	4.221160e+00	4.486186e+00	
2.059759e+00	2.074560e+00	2.103902e+00	2.147453e+00	2.204955e+00	2.276220e+00	2.361132e+00	2.459647e+00	2.571790e+00	2.697654e+00	2.837407e+00	2.991285e+00	3.159599e+00	3.342734e+00	3.541151e+00	3.755391e+00	3.986074e+00	4.233907e+00	4.499686e+00	
2.066818e+00	2.081618e+00	2.111002e+00	2.154636e+00	2.212261e+00	2.283690e+00	2.368807e+00	2.467568e+00	2.579996e+00	2.706188e+00	2.846310e+00	3.000601e+00	3.169372e+00	3.353010e+00	3.551977e+00	3.766815e+00	3.998148e+00	4.246685e+00	4.513225e+00	
2.073852e+00	2.088668e+00	2.118111e+00	2.161846e+00	2.219613e+00	2.291226e+00	2.376568e+00	2.475595e+00	2.588331e+00	2.714873e+00	2.855387e+00	3.010114e+00	3.179367e+00	3.363532e+00	3.563074e+00	3.778538e+00	4.010549e+00	4.259819e+00	4.527147e+00	
2.080991e+00	2.095844e+00	2.125368e+00	2.169229e+00	2.227166e+00	2.298991e+00	2.384589e+00	2.483913e+00	2.596991e+00	2.723918e+00	2.864863e+00	3.020066e+00	3.189841e+00	3.374576e+00	3.574740e+00	3.790876e+00	4.023614e+00	4.273668e+00	4.541840e+00	
2.088375e+00	2.103292e+00	2.132928e+00	2.176947e+00	2.235089e+00	2.307166e+00	2.393061e+00	2.492728e+00	2.606195e+00	2.733559e+00	2.874988e+00	3.030723e+00	3.201080e+00	3.386450e+00	3.587301e+00	3.804180e+00	4.037718e+00	4.288633e+00	4.557729e+00	
2.096161e+00	2.111174e+00	2.140958e+00	2.185178e+00	2.243571e+00	2.315949e+00	2.402195e+00	2.502265e+00	2.616184e+00	2.744051e+00	2.886036e+00	3.042380e+00	3.213400e+00	3.399489e+00	3.601117e+00	3.818834e+00	4.053273e+00	4.305153e+00	4.575285e+00	
2.104519e+00	2.119667e+00	2.149644e+00	2.194115e+00	2.252816e+00	2.325557e+00	2.412224e+00	2.512769e+00	2.627221e+00	2.755677e+00	2.898308e+00	3.055357e+00	3.227144e+00	3.414061e+00	3.616582e+00	3.835258e+00	4.070726e+00	4.323709e+00	4.595019e+00	
2.113634e+00	2.128961e+00	2.159186e+00	2.203968e+00	2.263046e+00	2.336227e+00	2.423397e+00	2.524508e+00	2.639590e+00	2.768740e+00	2.912130e+00	3.070005e+00	3.242685e+00	3.430566e+00	3.634123e+00	3.853910e+00	4.090568e+00	4.344822e+00	4.617490e+00	
2.123705e+00	2.139266e+00	2.169800e+00	2.214967e+00	2.274502e+00	2.348214e+00	2.435986e+00	2.537772e+00	2.653601e+00	2.783571e+00	2.927855e+00	3.086700e+00	3.260428e+00	3.449437e+00	3.654203e+00	3.875286e+00	4.113328e+00	4.369059e+00	4.643300e+00	
2.134947e+00	2.150804e+00	2.181721e+00	2.227356e+00	2.287444e+00	2.361793e+00	2.450284e+00	2.552873e+00	2.669587e+00	2.800527e+00	2.945866e+00	3.105852e+00	3.280810e+00	3.471140e+00	3.677322e+00	3.899918e+00	4.139576e+00	4.397028e+00	4.673103e+00	
2.147593e+00	2.163815e+00	2.195199e+00	2.241400e+00	2.302151e+00	2.377260e+00	2.466607e+00	2.570147e+00	2.687908e+00	2.819991e+00	2.966572e+00	3.127900e+00	3.304301e+00	3.496180e+00	3.704019e+00	3.928385e+00	4.169928e+00	4.429389e+00	4.707600e+00	
2.161891e+00	2.178558e+00	2.210504e+00	2.257383e+00	2.318924e+00	2.394934e+00	2.485293e+00	2.589955e+00	2.708949e+00	2.842377e+00	2.990415e+00	3.153316e+00	3.331408e+00	3.525098e+00	3.734873e+00	3.961304e+00	4.205048e+00	4.466850e+00	4.747548e+00	
2.178105e+00	2.195308e+00	2.227926e+00	2.275608e+00	2.338084e+00	2.415157e+00	2.506707e+00	2.612687e+00	2.733127e+00	2.868129e+00	3.017872e+00	3.182610e+00	3.362675e+00	3.558477e+00	3.770508e+00	3.999345e+00	4.245648e+00	4.510172e+00	4.793761e+00	
2.196522e+00	2.214363e+00	2.247775e+00	2.296405e+00	2.359978e+00	2.438297e+00	2.531240e+00	2.638760e+00	2.760887e+00	2.897725e+00	3.049453e+00	3.216330e+00	3.398689e+00	3.596946e+00	3.811598e+00	4.043226e+00	4.292499e+00	4.560178e+00	4.847118e+00	
2.217449e+00	2.236042e+00	2.270386e+00	2.320125e+00	2.384980e+00	2.464751e+00	2.559316e+00	2.668627e+00	2.792714e+00	2.931682e+00	3.085714e+00	3.255068e+00	3.440086e+00	3.641185e+00	3.858868e+00	4.093725e+00	4.346432e+00	4.617758e+00	4.908568e+00	
2.241217e+00	2.260690e+00	2.296122e+00	2.347150e+00	2.413494e+00	2.494950e+00	2.591394e+00	2.702777e+00	2.829131e+00	2.970562e+00	3.127253e+00	3.299469e+00	3.487554e+00	3.691931e+00	3.913111e+00	4.151689e+00	4.408352e+00	4.683878e+00	4.979144e+00	
2.268185e+00	2.288682e+00	2.325375e+00	2.377896e+00	2.445960e+00	2.529361e+00	2.627971e+00	2.741744e+00	2.870709e+00	3.014974e+00	3.174727e+00	3.350234e+00	3.541845e+00	3.749990e+00	3.975187e+00	4.218039e+00	4.479244e+00	4.759592e+00	5.059972e+00	
2.298748e+00	2.320429e+00	2.358577e+00	2.412818e+00	2.482861e+00	2.568497e+00	2.669598e+00	2.786113e+00	2.918075e+00	3.065592e+00	3.228854e+00	3.408134e+00	3.603786e+00	3.816247e+00	4.046044e+00	4.293791e+00	4.560195e+00	4.846060e+00	5.152291e+00	
2.333337e+00	2.356382e+00	2.396202e+00	2.452416e+00	2.524729e+00	2.612927e+00	2.716878e+00	2.836533e+00	2.971922e+00	3.123157e+00	3.290433e+00	3.474024e+00	3.674292e+00	3.891684e+00	4.126734e+00	4.380068e+00	4.652407e+00	4.944570e+00	5.257477e+00	
2.372436e+00	2.397044e+00	2.438779e+00	2.497251e+00	2.572158e+00	2.663282e+00	2.770489e+00	2.893726e+00	3.033026e+00	3.188503e+00	3.360353e+00	3.548859e+00	3.754388e+00	3.977397e+00	4.218431e+00	4.478129e+00	4.757227e+00	5.056559e+00	5.377067e+00	
2.416584e+00	2.442982e+00	2.486905e+00	2.547953e+00	2.625819e+00	2.720278e+00	2.831193e+00	2.958510e+00	3.102262e+00	3.262566e+00	3.439621e+00	3.633718e+00	3.845232e+00	4.074628e+00	4.322466e+00	4.589398e+00	4.876178e+00	5.183658e+00	5.512801e+00	
2.466400e+00	2.494840e+00	2.541257e+00	2.605241e+00	2.686475e+00	2.784728e+00	2.899861e+00	3.031818e+00	3.180631e+00	3.346419e+00	3.529389e+00	3.729836e+00	3.948146e+00	4.184796e+00	4.440358e+00	4.715503e+00	5.011001e+00	5.327727e+00	5.666670e+00	
2.522591e+00	2.553361e+00	2.602618e+00	2.669943e+00	2.755007e+00	2.857575e+00	2.977500e+00	3.114727e+00	3.269287e+00	3.441303e+00	3.630987e+00	3.838642e+00	4.064663e+00	4.309543e+00	4.573868e+00	4.858327e+00	5.163713e+00	5.490925e+00	5.840978e+00	
2.585986e+00	2.619411e+00	2.671903e+00	2.743028e+00	2.832448e+00	2.939918e+00	3.065288e+00	3.208500e+00	3.369585e+00	3.548671e+00	3.745974e+00	3.961808e+00	4.196579e+00	4.450794e+00	4.725058e+00	5.020080e+00	5.336678e+00	5.675780e+00	6.038429e+00	
2.657567e+00	2.694020e+00	2.750196e+00	2.825646e+00	2.920020e+00	3.033064e+00	3.164623e+00	3.314635e+00	3.483133e+00	3.670247e+00	3.876203e+00	4.101322e+00	4.346025e+00	4.610836e+00	4.896379e+00	5.203388e+00	5.532708e+00	5.885297e+00	6.262235e+00	
2.738512e+00	2.778422e+00	2.838799e+00	2.919178e+00	3.019194e+00	3.138585e+00	3.277187e+00	3.434935e+00	3.611866e+00	3.808111e+00	4.023904e+00	4.259579e+00	4.515572e+00	4.792424e+00	5.090785e+00	5.411414e+00	5.755186e+00	6.123097e+00	6.516266e+00	
2.830256e+00	2.874122e+00	2.939302e+00	3.025311e+00	3.131767e+00	3.258399e+00	3.405033e+00	3.571604e+00	3.758147e+00	3.964799e+00	4.191802e+00	4.439504e+00	4.708358e+00	4.998927e+00	5.311885e+00	5.648024e+00	6.008253e+00	6.393608e+00	6.805254e+00	
2.934580e+00	2.982986e+00	3.053674e+00	3.146132e+00	3.259965e+00	3.394884e+00	3.550711e+00	3.727374e+00	3.924909e+00	4.143460e+00	4.383279e+00	4.644728e+00	4.928280e+00	5.234522e+00	5.564158e+00	5.918016e+00	6.297044e+00	6.702324e+00	7.135072e+00	
3.053723e+00	3.107365e+00	3.184395e+00	3.284276e+00	3.406592e+00	3.551039e+00	3.717430e+00	3.905687e+00	4.115849e+00	4.348065e+00	4.602598e+00	4.879828e+00	5.180250e+00	5.504479e+00	5.853255e+00	6.227442e+00	6.628037e+00	7.056173e+00	7.513127e+00	
3.190557e+00	3.250271e+00	3.334646e+00	3.443119e+00	3.575247e+00	3.730711e+00	3.909310e+00	4.110964e+00	4.335711e+00	4.583707e+00	4.855231e+00	5.150679e+00	5.470574e+00	5.815563e+00	6.186424e+00	6.584069e+00	7.009546e+00	7.464051e+00	7.948925e+00	
3.348836e+00	3.415641e+00	3.508588e+00	3.627075e+00	3.770635e+00	3.938927e+00	4.131738e+00	4.348982e+00	4.590698e+00	4.857050e+00	5.148333e+00	5.464965e+00	5.807499e+00	6.176621e+00	6.573153e+00	6.998059e+00	7.452451e+00	7.937592e+00	8.454906e+00	
3.533575e+00	3.608738e+00	3.711774e+00	3.842042e+00	3.999041e+00	4.182408e+00	4.391913e+00	4.627464e+00	4.889101e+00	5.176999e+00	5.491469e+00	5.832956e+00	6.202050e+00	6.599478e+00	7.026116e+00	7.482992e+00	7.971288e+00	8.492350e+00	9.047695e+00	
3.751635e+00	3.836762e+00	3.951812e+00	4.096095e+00	4.269073e+00	4.470353e+00	4.699691e+00	4.956984e+00	5.242273e+00	5.555746e+00	5.897735e+00	6.268716e+00	6.669320e+00	7.100327e+00	7.562676e+00	8.057467e+00	8.585968e+00	9.149623e+00	9.750057e+00	
4.012680e+00	4.109853e+00	4.239409e+00	4.400603e+00	4.592849e+00	4.815721e+00	5.068953e+00	5.352433e+00	5.666204e+00	6.010467e+00	6.385578e+00	6.792055e+00	7.230574e+00	7.701980e+00	8.207286e+00	8.747682e+00	9.324538e+00	9.939413e+00	1.059406e+01	
4.330780e+00	4.442775e+00	4.590162e+00	4.772123e+00	4.988018e+00	5.237380e+00	5.519915e+00	5.835500e+00	6.184180e+00	6.566172e+00	6.981865e+00	7.431820e+00	7.916777e+00	8.437656e+00	8.995562e+00	9.591792e+00	1.022784e+01	1.090542e+01	1.162643e+01	
4.727263e+00	4.857911e+00	5.027710e+00	5.235756e+00	5.481336e+00	5.763935e+00	6.083223e+00	6.439063e+00	6.831503e+00	7.260781e+00	7.727324e+00	8.231752e+00	8.774880e+00	9.357722e+00	9.981501e+00	1.064765e+01	1.135781e+01	1.211388e+01	1.291796e+01	
5.236108e+00	5.390918e+00	5.589720e+00	5.831492e+00	6.115434e+00	6.440964e+00	6.807710e+00	7.215513e+00	7.664428e+00	8.154718e+00	8.686860e+00	9.261548e+00	9.879695e+00	1.054244e+01	1.125115e+01	1.200743e+01	1.281313e+01	1.367037e+01	1.458152e+01	
5.914994e+00	6.102329e+00	6.340128e+00	6.627218e+00	6.962680e+00	7.345839e+00	7.776271e+00	8.253789e+00	8.778451e+00	9.350557e+00	9.970653e+00	1.063953e+01	1.135823e+01	1.212806e+01	1.295058e+01	1.382763e+01	1.476134e+01	1.575411e+01	1.680868e+01	
6.870372e+00	7.103858e+00	7.396940e+00	7.748230e+00	8.156637e+00	8.621366e+00	9.141907e+00	9.718040e+00	1.034983e+01	1.103762e+01	1.178206e+01	1.258408e+01	1.344491e+01	1.436607e+01	1.534941e+01	1.639711e+01	1.751166e+01	1.869590e+01	1.995306e+01	
8.322923e+00	8.627103e+00	9.004792e+00	9.454276e+00	9.974207e+00	1.056360e+01	1.122181e+01	1.194858e+01	1.274398e+01	1.360842e+01	1.454271e+01	1.554797e+01	1.662572e+01	1.777785e+01	1.900662e+01	2.031470e+01	2.170518e+01	2.318155e+01	2.474777e+01	
1.081715e+01	1.124350e+01	1.176730e+01	1.238627e+01	1.309862e+01	1.390303e+01	1.479865e+01	1.578513e+01	1.686254e+01	1.803145e+01	1.929289e+01	2.064836e+01	2.209987e+01	2.364990e+01	2.530145e+01	2.705806e+01	2.892379e+01	3.090328e+01	3.300176e+01	
1.616009e+01	1.684949e+01	1.768770e+01	1.867122e+01	1.979731e+01	2.106396e+01	2.246987e+01	2.401445e+01	2.569784e+01	2.752088e+01	2.948514e+01	3.159290e+01	3.384719e+01	3.625182e+01	3.881134e+01	4.153113e+01	4.441740e+01	4.747722e+01	5.071855e+01	
3.613119e+01	3.780728e+01	3.982435e+01	4.217437e+01	4.485104e+01	4.784972e+01	5.116740e+01	5.480273e+01	5.875598e+01	6.302906e+01	6.762551e+01	7.255056e+01	7.781113e+01	8.341587e+01	8.937522e+01	9.570146e+01	1.024088e+02	1.095133e+02	1.170333e+02	
-8.867485e+01	-9.317482e+01	-9.853530e+01	-1.047360e+02	-1.117610e+02	-1.195984e+02	-1.282407e+02	-1.376843e+02	-1.479298e+02	-1.589821e+02	-1.708499e+02	-1.835463e+02	-1.970888e+02	-2.114991e+02	-2.268034e+02	-2.430327e+02	-2.602226e+02	-2.784138e+02	-2.976523e+02	
-1.766226e+01	-1.865046e+01	-1.981567e+01	-2.115373e+01	-2.266131e+01	-2.433600e+01	-2.617620e+01	-2.818117e+01	-3.035103e+01	-3.268673e+01	-3.519008e+01	-3.786376e+01	-4.071132e+01	-4.373721e+01	-4.694683e+01	-5.034649e+01	-5.394353e+01	-5.774629e+01	-6.176419e+01	
-9.021043e+00	-9.583299e+00	-1.023948e+01	-1.098737e+01	-1.182520e+01	-1.275167e+01	-1.376593e+01	-1.486759e+01	-1.605668e+01	-1.733371e+01	-1.869962e+01	-2.015582e+01	-2.170419e+01	-2.334709e+01	-2.508734e+01	-2.692831e+01	-2.887386e+01	-3.092842e+01	-3.309696e+01	
-5.617492e+00	-6.013021e+00	-6.469812e+00	-6.986409e+00	-7.561656e+00	-8.194698e+00	-8.884975e+00	-9.632218e+00	-1.043645e+01	-1.129799e+01	-1.221745e+01	-1.319573e+01	-1.423406e+01	-1.533395e+01	-1.649725e+01	-1.772614e+01	-1.902314e+01	-2.039111e+01	-2.183329e+01	
-3.772975e+00	-4.079004e+00	-4.428641e+00	-4.820844e+00	-5.254787e+00	-5.729855e+00	-6.245644e+00	-6.801956e+00	-7.398803e+00	-8.036403e+00	-8.715184e+00	-9.435787e+00	-1.019907e+01	-1.100611e+01	-1.185821e+01	-1.275692e+01	-1.370401e+01	-1.470153e+01	-1.575177e+01	
-2.597872e+00	-2.847624e+00	-3.129779e+00	-3.443560e+00	-3.788347e+00	-4.163680e+00	-4.569252e+00	-5.004913e+00	-5.470665e+00	-5.966663e+00	-6.493221e+00	-7.050807e+00	-7.640053e+00	-8.261752e+00	-8.916869e+00	-9.606540e+00	-1.033208e+01	-1.109501e+01	-1.189701e+01	
-1.769270e+00	-1.980003e+00	-2.215277e+00	-2.474499e+00	-2.757196e+00	-3.063015e+00	-3.391719e+00	-3.743188e+00	-4.117419e+00	-4.514524e+00	-4.934735e+00	-5.378399e+00	-5.845990e+00	-6.338102e+00	-6.855459e+00	-7.398915e+00	-7.969462e+00	-8.568234e+00	-9.196512e+00	
-1.141411e+00	-1.323187e+00	-1.523581e+00	-1.742139e+00	-1.978500e+00	-2.232389e+00	-2.503624e+00	-2.792108e+00	-3.097832e+00	-3.420877e+00	-3.761411e+00	-4.119695e+00	-4.496078e+00	-4.891006e+00	-5.305022e+00	-5.738768e+00	-6.192988e+00	-6.668537e+00	-7.166380e+00	
