-6.388979e-16	-6.380596e-16	-6.378747e-16	-6.382770e-16	-6.392175e-16	-6.406619e-16	-6.425894e-16	-6.449913e-16	-6.478716e-16	-6.512473e-16	-6.551498e-16	-6.596274e-16	-6.647489e-16	-6.706080e-16	-6.773307e-16	-6.850835e-16	-6.940861e-16	-7.046273e-16	-7.170861e-16	
-4.854900e-02	-4.568344e-02	-4.301146e-02	-4.052451e-02	-3.821502e-02	-3.607629e-02	-3.410255e-02	-3.228884e-02	-3.063104e-02	-2.912584e-02	-2.777072e-02	-2.656392e-02	-2.550446e-02	-2.459210e-02	-2.382738e-02	-2.321158e-02	-2.274678e-02	-2.243581e-02	-2.228230e-02	
-9.710363e-02	-9.137214e-02	-8.602784e-02	-8.105364e-02	-7.643436e-02	-7.215663e-02	-6.820888e-02	-6.458121e-02	-6.126539e-02	-5.825479e-02	-5.554436e-02	-5.313058e-02	-5.101149e-02	-4.918662e-02	-4.765705e-02	-4.642535e-02	-4.549565e-02	-4.487362e-02	-4.456654e-02	
-1.456695e-01	-1.370714e-01	-1.290541e-01	-1.215920e-01	-1.146623e-01	-1.082450e-01	-1.023228e-01	-9.688067e-02	-9.190637e-02	-8.738995e-02	-8.332381e-02	-7.970270e-02	-7.652366e-02	-7.378600e-02	-7.149131e-02	-6.964348e-02	-6.824868e-02	-6.731544e-02	-6.685466e-02	
-1.942522e-01	-1.827863e-01	-1.720951e-01	-1.621442e-01	-1.529032e-01	-1.443456e-01	-1.364480e-01	-1.291907e-01	-1.225573e-01	-1.165344e-01	-1.111120e-01	-1.062830e-01	-1.020435e-01	-9.839264e-02	-9.533245e-02	-9.286814e-02	-9.100796e-02	-8.976327e-02	-8.914860e-02	
-2.428572e-01	-2.285223e-01	-2.151558e-01	-2.027148e-01	-1.911614e-01	-1.804622e-01	-1.705883e-01	-1.615149e-01	-1.532214e-01	-1.456913e-01	-1.389118e-01	-1.328742e-01	-1.275737e-01	-1.230090e-01	-1.191828e-01	-1.161015e-01	-1.137756e-01	-1.122191e-01	-1.114503e-01	
-2.914903e-01	-2.742845e-01	-2.582410e-01	-2.433083e-01	-2.294410e-01	-2.165990e-01	-2.047475e-01	-1.938567e-01	-1.839021e-01	-1.748636e-01	-1.667261e-01	-1.594791e-01	-1.531166e-01	-1.476374e-01	-1.430445e-01	-1.393458e-01	-1.365535e-01	-1.346849e-01	-1.337616e-01	
-3.401569e-01	-3.200781e-01	-3.013556e-01	-2.839294e-01	-2.677465e-01	-2.527599e-01	-2.389292e-01	-2.262197e-01	-2.146025e-01	-2.040544e-01	-1.945577e-01	-1.861002e-01	-1.786749e-01	-1.722803e-01	-1.669199e-01	-1.626030e-01	-1.593440e-01	-1.571626e-01	-1.560845e-01	
-3.888624e-01	-3.659082e-01	-3.445044e-01	-3.245826e-01	-3.060819e-01	-2.889489e-01	-2.731372e-01	-2.586072e-01	-2.453259e-01	-2.332668e-01	-2.224096e-01	-2.127404e-01	-2.042511e-01	-1.969400e-01	-1.908113e-01	-1.858754e-01	-1.821488e-01	-1.796543e-01	-1.784209e-01	
-4.376124e-01	-4.117800e-01	-3.876922e-01	-3.652722e-01	-3.444515e-01	-3.251698e-01	-3.073751e-01	-2.910227e-01	-2.760755e-01	-2.625037e-01	-2.502845e-01	-2.394021e-01	-2.298476e-01	-2.216189e-01	-2.147209e-01	-2.091651e-01	-2.049702e-01	-2.021618e-01	-2.007726e-01	
-4.864123e-01	-4.576985e-01	-4.309238e-01	-4.060028e-01	-3.828594e-01	-3.614267e-01	-3.416466e-01	-3.234696e-01	-3.068546e-01	-2.917682e-01	-2.781853e-01	-2.660881e-01	-2.554669e-01	-2.463194e-01	-2.386508e-01	-2.324742e-01	-2.278101e-01	-2.246871e-01	-2.231415e-01	
-5.352674e-01	-5.036687e-01	-4.742039e-01	-4.467788e-01	-4.213098e-01	-3.977232e-01	-3.759552e-01	-3.559514e-01	-3.376662e-01	-3.210633e-01	-3.061146e-01	-2.928010e-01	-2.811115e-01	-2.710437e-01	-2.626033e-01	-2.558046e-01	-2.506705e-01	-2.472320e-01	-2.455295e-01	
-5.841830e-01	-5.496956e-01	-5.175370e-01	-4.876045e-01	-4.598067e-01	-4.340633e-01	-4.103047e-01	-3.884713e-01	-3.685136e-01	-3.503917e-01	-3.340754e-01	-3.195433e-01	-3.067838e-01	-2.957941e-01	-2.865805e-01	-2.791586e-01	-2.735532e-01	-2.697986e-01	-2.679383e-01	
-6.331643e-01	-5.957841e-01	-5.609278e-01	-5.284841e-01	-4.983541e-01	-4.704507e-01	-4.446983e-01	-4.210325e-01	-3.993997e-01	-3.797565e-01	-3.620701e-01	-3.463176e-01	-3.324862e-01	-3.205729e-01	-3.105845e-01	-3.025381e-01	-2.964604e-01	-2.923885e-01	-2.903698e-01	
-6.822165e-01	-6.419389e-01	-6.043808e-01	-5.694220e-01	-5.369561e-01	-5.068891e-01	-4.791397e-01	-4.536385e-01	-4.303276e-01	-4.091604e-01	-3.901016e-01	-3.731264e-01	-3.582210e-01	-3.453822e-01	-3.346175e-01	-3.259451e-01	-3.193938e-01	-3.150037e-01	-3.128257e-01	
-7.313446e-01	-6.881649e-01	-6.479004e-01	-6.104223e-01	-5.756164e-01	-5.433821e-01	-5.136322e-01	-4.862922e-01	-4.613003e-01	-4.386063e-01	-4.181724e-01	-3.999721e-01	-3.839906e-01	-3.702244e-01	-3.586815e-01	-3.493815e-01	-3.423554e-01	-3.376459e-01	-3.353078e-01	
-7.805536e-01	-7.344667e-01	-6.914909e-01	-6.514890e-01	-6.143388e-01	-5.799333e-01	-5.481791e-01	-5.189970e-01	-4.923206e-01	-4.680969e-01	-4.462851e-01	-4.268571e-01	-4.097971e-01	-3.951014e-01	-3.827785e-01	-3.728493e-01	-3.653469e-01	-3.603169e-01	-3.578178e-01	
-8.298483e-01	-7.808488e-01	-7.351567e-01	-6.926261e-01	-6.531272e-01	-6.165461e-01	-5.827838e-01	-5.517557e-01	-5.233916e-01	-4.976348e-01	-4.744422e-01	-4.537838e-01	-4.356428e-01	-4.200154e-01	-4.069105e-01	-3.963503e-01	-3.883701e-01	-3.830184e-01	-3.803572e-01	
-8.792335e-01	-8.273156e-01	-7.789019e-01	-7.338375e-01	-6.919852e-01	-6.532241e-01	-6.174493e-01	-5.845714e-01	-5.545158e-01	-5.272226e-01	-5.026461e-01	-4.807545e-01	-4.615299e-01	-4.449683e-01	-4.310794e-01	-4.198865e-01	-4.114269e-01	-4.057521e-01	-4.029279e-01	
-9.287138e-01	-8.738716e-01	-8.227304e-01	-7.751270e-01	-7.309162e-01	-6.899704e-01	-6.521788e-01	-6.174470e-01	-5.856961e-01	-5.568630e-01	-5.308992e-01	-5.077713e-01	-4.874605e-01	-4.699623e-01	-4.552870e-01	-4.434594e-01	-4.345188e-01	-4.285195e-01	-4.255312e-01	
-9.782936e-01	-9.205208e-01	-8.666463e-01	-8.164983e-01	-7.699238e-01	-7.267883e-01	-6.869753e-01	-6.503852e-01	-6.169351e-01	-5.865583e-01	-5.592039e-01	-5.348366e-01	-5.134365e-01	-4.949992e-01	-4.795353e-01	-4.670709e-01	-4.576475e-01	-4.513224e-01	-4.481687e-01	
-1.027977e+00	-9.672672e-01	-9.106534e-01	-8.579549e-01	-8.090111e-01	-7.636810e-01	-7.218418e-01	-6.833889e-01	-6.482353e-01	-6.163109e-01	-5.875622e-01	-5.619522e-01	-5.394600e-01	-5.200808e-01	-5.038258e-01	-4.907226e-01	-4.808146e-01	-4.741621e-01	-4.708419e-01	
-1.077769e+00	-1.014115e+00	-9.547552e-01	-8.995002e-01	-8.481816e-01	-8.006513e-01	-7.567808e-01	-7.164606e-01	-6.795992e-01	-6.461232e-01	-6.159765e-01	-5.891204e-01	-5.655328e-01	-5.452089e-01	-5.281604e-01	-5.144161e-01	-5.040216e-01	-4.970401e-01	-4.935522e-01	
-1.127673e+00	-1.061068e+00	-9.989552e-01	-9.411374e-01	-8.874380e-01	-8.377021e-01	-7.917953e-01	-7.496028e-01	-7.110290e-01	-6.759972e-01	-6.444487e-01	-6.163428e-01	-5.916567e-01	-5.703852e-01	-5.525405e-01	-5.381528e-01	-5.272700e-01	-5.199579e-01	-5.163010e-01	
-1.177692e+00	-1.108129e+00	-1.043257e+00	-9.828697e-01	-9.267834e-01	-8.748362e-01	-8.268876e-01	-7.828178e-01	-7.425270e-01	-7.059351e-01	-6.729807e-01	-6.436215e-01	-6.178335e-01	-5.956113e-01	-5.769678e-01	-5.619344e-01	-5.505610e-01	-5.429167e-01	-5.390894e-01	
-1.227831e+00	-1.155301e+00	-1.087663e+00	-1.024700e+00	-9.662206e-01	-9.120561e-01	-8.620601e-01	-8.161079e-01	-7.740953e-01	-7.359388e-01	-7.015744e-01	-6.709580e-01	-6.440647e-01	-6.208887e-01	-6.014436e-01	-5.857620e-01	-5.738961e-01	-5.659177e-01	-5.619186e-01	
-1.278092e+00	-1.202589e+00	-1.132177e+00	-1.066631e+00	-1.005752e+00	-9.493641e-01	-8.973151e-01	-8.494751e-01	-8.057358e-01	-7.660100e-01	-7.302314e-01	-6.983540e-01	-6.703518e-01	-6.462188e-01	-6.259692e-01	-6.096369e-01	-5.972763e-01	-5.889621e-01	-5.847899e-01	
-1.328479e+00	-1.249994e+00	-1.176801e+00	-1.108665e+00	-1.045380e+00	-9.867624e-01	-9.326547e-01	-8.829214e-01	-8.374503e-01	-7.961506e-01	-7.589534e-01	-7.258109e-01	-6.966961e-01	-6.716029e-01	-6.505458e-01	-6.335603e-01	-6.207028e-01	-6.120509e-01	-6.077041e-01	
-1.378995e+00	-1.297520e+00	-1.221538e+00	-1.150805e+00	-1.085106e+00	-1.024253e+00	-9.680806e-01	-9.164486e-01	-8.692403e-01	-8.263619e-01	-7.877417e-01	-7.533301e-01	-7.230990e-01	-6.970421e-01	-6.751746e-01	-6.575332e-01	-6.441765e-01	-6.351851e-01	-6.306622e-01	
-1.429642e+00	-1.345169e+00	-1.266389e+00	-1.193052e+00	-1.124934e+00	-1.061838e+00	-1.003595e+00	-9.500581e-01	-9.011075e-01	-8.566455e-01	-8.165977e-01	-7.809127e-01	-7.495615e-01	-7.225376e-01	-6.998566e-01	-6.815566e-01	-6.676984e-01	-6.583655e-01	-6.536650e-01	
-1.480421e+00	-1.392942e+00	-1.311358e+00	-1.235409e+00	-1.164863e+00	-1.099519e+00	-1.039198e+00	-9.837513e-01	-9.330530e-01	-8.870023e-01	-8.455223e-01	-8.085597e-01	-7.760846e-01	-7.480901e-01	-7.245925e-01	-7.056312e-01	-6.912691e-01	-6.815928e-01	-6.767131e-01	
-1.531336e+00	-1.440842e+00	-1.356445e+00	-1.277876e+00	-1.204897e+00	-1.137296e+00	-1.074892e+00	-1.017529e+00	-9.650779e-01	-9.174334e-01	-8.745165e-01	-8.362721e-01	-8.026691e-01	-7.737005e-01	-7.493830e-01	-7.297576e-01	-7.148893e-01	-7.048676e-01	-6.998071e-01	
-1.582388e+00	-1.488870e+00	-1.401652e+00	-1.320456e+00	-1.245035e+00	-1.175172e+00	-1.110678e+00	-1.051393e+00	-9.971830e-01	-9.479397e-01	-9.035811e-01	-8.640504e-01	-8.293156e-01	-7.993692e-01	-7.742288e-01	-7.539365e-01	-7.385595e-01	-7.281903e-01	-7.229475e-01	
-1.633577e+00	-1.537026e+00	-1.446979e+00	-1.363148e+00	-1.285279e+00	-1.213146e+00	-1.146557e+00	-1.085344e+00	-1.029369e+00	-9.785215e-01	-9.327165e-01	-8.918952e-01	-8.560244e-01	-8.250967e-01	-7.991301e-01	-7.781680e-01	-7.622799e-01	-7.515613e-01	-7.461345e-01	
-1.684904e+00	-1.585312e+00	-1.492428e+00	-1.405954e+00	-1.325628e+00	-1.251220e+00	-1.182528e+00	-1.119381e+00	-1.061636e+00	-1.009179e+00	-9.619231e-01	-9.198066e-01	-8.827960e-01	-8.508833e-01	-8.240871e-01	-8.024524e-01	-7.860507e-01	-7.749806e-01	-7.693682e-01	
-1.736370e+00	-1.633728e+00	-1.537997e+00	-1.448873e+00	-1.366084e+00	-1.289393e+00	-1.218592e+00	-1.153504e+00	-1.093984e+00	-1.039913e+00	-9.912007e-01	-9.477848e-01	-9.096301e-01	-8.767288e-01	-8.490999e-01	-8.267897e-01	-8.098719e-01	-7.984483e-01	-7.926486e-01	
-1.787973e+00	-1.682273e+00	-1.583688e+00	-1.491906e+00	-1.406646e+00	-1.327665e+00	-1.254748e+00	-1.187715e+00	-1.126413e+00	-1.070723e+00	-1.020549e+00	-9.758294e-01	-9.365267e-01	-9.026331e-01	-8.741681e-01	-8.511795e-01	-8.337433e-01	-8.219640e-01	-8.159754e-01	
-1.839714e+00	-1.730946e+00	-1.629500e+00	-1.535051e+00	-1.447314e+00	-1.366035e+00	-1.290997e+00	-1.222011e+00	-1.158923e+00	-1.101607e+00	-1.049968e+00	-1.003940e+00	-9.634852e-01	-9.285956e-01	-8.992913e-01	-8.756215e-01	-8.576643e-01	-8.455273e-01	-8.393482e-01	
-1.891591e+00	-1.779747e+00	-1.675430e+00	-1.578307e+00	-1.488085e+00	-1.404503e+00	-1.327336e+00	-1.256393e+00	-1.191512e+00	-1.132566e+00	-1.079457e+00	-1.032116e+00	-9.905049e-01	-9.546157e-01	-9.244689e-01	-9.001150e-01	-8.816344e-01	-8.691376e-01	-8.627663e-01	
-1.943601e+00	-1.828673e+00	-1.721477e+00	-1.621673e+00	-1.528959e+00	-1.443066e+00	-1.363765e+00	-1.290858e+00	-1.224179e+00	-1.163598e+00	-1.109014e+00	-1.060355e+00	-1.017585e+00	-9.806923e-01	-9.496998e-01	-9.246591e-01	-9.056526e-01	-8.927941e-01	-8.862289e-01	
-1.995742e+00	-1.877721e+00	-1.767639e+00	-1.665147e+00	-1.569933e+00	-1.481724e+00	-1.400282e+00	-1.325404e+00	-1.256923e+00	-1.194702e+00	-1.138637e+00	-1.088658e+00	-1.044723e+00	-1.006824e+00	-9.749828e-01	-9.492524e-01	-9.297177e-01	-9.164954e-01	-9.097349e-01	
-2.048011e+00	-1.926888e+00	-1.813913e+00	-1.708724e+00	-1.611005e+00	-1.520472e+00	-1.436883e+00	-1.360031e+00	-1.289741e+00	-1.225875e+00	-1.168326e+00	-1.117021e+00	-1.071919e+00	-1.033010e+00	-1.000316e+00	-9.738936e-01	-9.538283e-01	-9.402403e-01	-9.332828e-01	
-2.100403e+00	-1.976171e+00	-1.860294e+00	-1.752403e+00	-1.652170e+00	-1.559309e+00	-1.473568e+00	-1.394734e+00	-1.322631e+00	-1.257115e+00	-1.198077e+00	-1.145443e+00	-1.099169e+00	-1.059247e+00	-1.025699e+00	-9.985807e-01	-9.779826e-01	-9.640270e-01	-9.568710e-01	
-2.152913e+00	-2.025565e+00	-1.906779e+00	-1.796178e+00	-1.693427e+00	-1.598230e+00	-1.510330e+00	-1.429511e+00	-1.355589e+00	-1.288419e+00	-1.227889e+00	-1.173921e+00	-1.126472e+00	-1.085533e+00	-1.051127e+00	-1.023312e+00	-1.002179e+00	-9.878535e-01	-9.804976e-01	
-2.205535e+00	-2.075063e+00	-1.953362e+00	-1.840045e+00	-1.734769e+00	-1.637231e+00	-1.547168e+00	-1.464358e+00	-1.388613e+00	-1.319784e+00	-1.257757e+00	-1.202452e+00	-1.153825e+00	-1.111866e+00	-1.076599e+00	-1.048084e+00	-1.026414e+00	-1.011718e+00	-1.004160e+00	
-2.258263e+00	-2.124660e+00	-2.000038e+00	-1.883999e+00	-1.776191e+00	-1.676307e+00	-1.584076e+00	-1.499269e+00	-1.421697e+00	-1.351206e+00	-1.287678e+00	-1.231032e+00	-1.181224e+00	-1.138242e+00	-1.102113e+00	-1.072895e+00	-1.050686e+00	-1.035616e+00	-1.027856e+00	
-2.311088e+00	-2.174349e+00	-2.046798e+00	-1.928031e+00	-1.817688e+00	-1.715452e+00	-1.621048e+00	-1.534242e+00	-1.454838e+00	-1.382680e+00	-1.317647e+00	-1.259658e+00	-1.208665e+00	-1.164658e+00	-1.127663e+00	-1.097741e+00	-1.074991e+00	-1.059547e+00	-1.051583e+00	
-2.364002e+00	-2.224120e+00	-2.093636e+00	-1.972136e+00	-1.859252e+00	-1.754660e+00	-1.658079e+00	-1.569268e+00	-1.488029e+00	-1.414201e+00	-1.347661e+00	-1.288325e+00	-1.236145e+00	-1.191110e+00	-1.153247e+00	-1.122618e+00	-1.099325e+00	-1.083505e+00	-1.075336e+00	
-2.416993e+00	-2.273964e+00	-2.140542e+00	-2.016305e+00	-1.900876e+00	-1.793924e+00	-1.695161e+00	-1.604343e+00	-1.521265e+00	-1.445764e+00	-1.377713e+00	-1.317028e+00	-1.263658e+00	-1.217593e+00	-1.178860e+00	-1.147523e+00	-1.123686e+00	-1.107488e+00	-1.099112e+00	
-2.470052e+00	-2.323870e+00	-2.187507e+00	-2.060528e+00	-1.942550e+00	-1.833234e+00	-1.732287e+00	-1.639458e+00	-1.554539e+00	-1.477361e+00	-1.407798e+00	-1.345760e+00	-1.291199e+00	-1.244102e+00	-1.204497e+00	-1.172450e+00	-1.148067e+00	-1.131491e+00	-1.122908e+00	
-2.523165e+00	-2.373828e+00	-2.234518e+00	-2.104795e+00	-1.984265e+00	-1.872583e+00	-1.769448e+00	-1.674606e+00	-1.587842e+00	-1.508987e+00	-1.437908e+00	-1.374517e+00	-1.318761e+00	-1.270631e+00	-1.230153e+00	-1.197395e+00	-1.172464e+00	-1.155509e+00	-1.146718e+00	
-2.576318e+00	-2.423822e+00	-2.281565e+00	-2.149095e+00	-2.026010e+00	-1.911959e+00	-1.806635e+00	-1.709777e+00	-1.621168e+00	-1.540632e+00	-1.468037e+00	-1.403290e+00	-1.346339e+00	-1.297174e+00	-1.255821e+00	-1.222351e+00	-1.196873e+00	-1.179537e+00	-1.170536e+00	
-2.629497e+00	-2.473840e+00	-2.328633e+00	-2.193414e+00	-2.067773e+00	-1.951352e+00	-1.843837e+00	-1.744962e+00	-1.654506e+00	-1.572289e+00	-1.498176e+00	-1.432072e+00	-1.373925e+00	-1.323723e+00	-1.281495e+00	-1.247312e+00	-1.221285e+00	-1.203568e+00	-1.194358e+00	
-2.682683e+00	-2.523865e+00	-2.375707e+00	-2.237738e+00	-2.109541e+00	-1.990749e+00	-1.881043e+00	-1.780150e+00	-1.687846e+00	-1.603947e+00	-1.528315e+00	-1.460854e+00	-1.401511e+00	-1.350272e+00	-1.307168e+00	-1.272271e+00	-1.245695e+00	-1.227596e+00	-1.218176e+00	
-2.735858e+00	-2.573879e+00	-2.422771e+00	-2.282053e+00	-2.151300e+00	-2.030137e+00	-1.918239e+00	-1.815329e+00	-1.721177e+00	-1.635596e+00	-1.558446e+00	-1.489628e+00	-1.429087e+00	-1.376812e+00	-1.332832e+00	-1.297221e+00	-1.270096e+00	-1.251615e+00	-1.241985e+00	
-2.789001e+00	-2.623864e+00	-2.469807e+00	-2.326341e+00	-2.193033e+00	-2.069500e+00	-1.955412e+00	-1.850486e+00	-1.754486e+00	-1.667224e+00	-1.588556e+00	-1.518381e+00	-1.456645e+00	-1.403333e+00	-1.358478e+00	-1.322153e+00	-1.294478e+00	-1.275616e+00	-1.265775e+00	
-2.842091e+00	-2.673798e+00	-2.516795e+00	-2.370584e+00	-2.234723e+00	-2.108823e+00	-1.992546e+00	-1.885606e+00	-1.787761e+00	-1.698820e+00	-1.618635e+00	-1.547105e+00	-1.484173e+00	-1.429826e+00	-1.384095e+00	-1.347058e+00	-1.318834e+00	-1.299590e+00	-1.289540e+00	
-2.895104e+00	-2.723659e+00	-2.563714e+00	-2.414762e+00	-2.276352e+00	-2.148088e+00	-2.029626e+00	-1.920674e+00	-1.820986e+00	-1.730368e+00	-1.648669e+00	-1.575786e+00	-1.511660e+00	-1.456279e+00	-1.409675e+00	-1.371926e+00	-1.343154e+00	-1.323530e+00	-1.313269e+00	
-2.948012e+00	-2.773422e+00	-2.610541e+00	-2.458853e+00	-2.317899e+00	-2.187276e+00	-2.066633e+00	-1.955673e+00	-1.854147e+00	-1.761855e+00	-1.678645e+00	-1.604411e+00	-1.539094e+00	-1.482681e+00	-1.435206e+00	-1.396746e+00	-1.367428e+00	-1.347423e+00	-1.336954e+00	
-3.000789e+00	-2.823061e+00	-2.657252e+00	-2.502835e+00	-2.359343e+00	-2.226366e+00	-2.103549e+00	-1.990586e+00	-1.887226e+00	-1.793264e+00	-1.708547e+00	-1.632966e+00	-1.566461e+00	-1.509020e+00	-1.460675e+00	-1.421507e+00	-1.391644e+00	-1.371261e+00	-1.360583e+00	
-3.053403e+00	-2.872548e+00	-2.703819e+00	-2.546681e+00	-2.400660e+00	-2.265337e+00	-2.140351e+00	-2.025393e+00	-1.920204e+00	-1.824579e+00	-1.738359e+00	-1.661436e+00	-1.593747e+00	-1.535281e+00	-1.486070e+00	-1.446197e+00	-1.415791e+00	-1.395031e+00	-1.384146e+00	
-3.105822e+00	-2.921851e+00	-2.750213e+00	-2.590366e+00	-2.441824e+00	-2.304165e+00	-2.177019e+00	-2.060073e+00	-1.953063e+00	-1.855781e+00	-1.768064e+00	-1.689804e+00	-1.620937e+00	-1.561449e+00	-1.511376e+00	-1.470801e+00	-1.439855e+00	-1.418721e+00	-1.407631e+00	
-3.158011e+00	-2.970938e+00	-2.796405e+00	-2.633859e+00	-2.482810e+00	-2.342825e+00	-2.213529e+00	-2.094603e+00	-1.985781e+00	-1.886849e+00	-1.797644e+00	-1.718053e+00	-1.648013e+00	-1.587510e+00	-1.536580e+00	-1.495306e+00	-1.463823e+00	-1.442317e+00	-1.431024e+00	
-3.209932e+00	-3.019773e+00	-2.842361e+00	-2.677131e+00	-2.523587e+00	-2.381288e+00	-2.249854e+00	-2.128960e+00	-2.018336e+00	-1.917764e+00	-1.827078e+00	-1.746165e+00	-1.674959e+00	-1.613446e+00	-1.561663e+00	-1.519696e+00	-1.487681e+00	-1.465806e+00	-1.454311e+00	
-3.261546e+00	-3.068320e+00	-2.888045e+00	-2.720149e+00	-2.564125e+00	-2.419527e+00	-2.285968e+00	-2.163118e+00	-2.050703e+00	-1.948502e+00	-1.856345e+00	-1.774118e+00	-1.701754e+00	-1.639239e+00	-1.586611e+00	-1.543955e+00	-1.511411e+00	-1.489171e+00	-1.477478e+00	
-3.312809e+00	-3.116538e+00	-2.933421e+00	-2.762876e+00	-2.604390e+00	-2.457510e+00	-2.321842e+00	-2.197051e+00	-2.082858e+00	-1.979039e+00	-1.885423e+00	-1.801892e+00	-1.728379e+00	-1.664871e+00	-1.611403e+00	-1.568066e+00	-1.534999e+00	-1.512397e+00	-1.500509e+00	
-3.363678e+00	-3.164386e+00	-2.978448e+00	-2.805277e+00	-2.644349e+00	-2.495204e+00	-2.357444e+00	-2.230728e+00	-2.114773e+00	-2.009350e+00	-1.914288e+00	-1.829464e+00	-1.754813e+00	-1.690320e+00	-1.636022e+00	-1.592009e+00	-1.558425e+00	-1.535467e+00	-1.523387e+00	
-3.414104e+00	-3.211818e+00	-3.023086e+00	-2.847312e+00	-2.683964e+00	-2.532576e+00	-2.392744e+00	-2.264120e+00	-2.146419e+00	-2.039409e+00	-1.942913e+00	-1.856811e+00	-1.781033e+00	-1.715566e+00	-1.660446e+00	-1.615766e+00	-1.581672e+00	-1.558363e+00	-1.546094e+00	
-3.464037e+00	-3.258787e+00	-3.067290e+00	-2.888939e+00	-2.723197e+00	-2.569589e+00	-2.427705e+00	-2.297195e+00	-2.177767e+00	-2.069186e+00	-1.971274e+00	-1.883906e+00	-1.807015e+00	-1.740585e+00	-1.684654e+00	-1.639316e+00	-1.604719e+00	-1.581064e+00	-1.568613e+00	
-3.513425e+00	-3.305244e+00	-3.111013e+00	-2.930115e+00	-2.762006e+00	-2.606204e+00	-2.462294e+00	-2.329919e+00	-2.208785e+00	-2.098652e+00	-1.999341e+00	-1.910725e+00	-1.832734e+00	-1.765354e+00	-1.708624e+00	-1.662638e+00	-1.627545e+00	-1.603552e+00	-1.590922e+00	
-3.562213e+00	-3.351138e+00	-3.154207e+00	-2.970795e+00	-2.800349e+00	-2.642382e+00	-2.496471e+00	-2.362257e+00	-2.239439e+00	-2.127776e+00	-2.027085e+00	-1.937238e+00	-1.858164e+00	-1.789849e+00	-1.732331e+00	-1.685707e+00	-1.650129e+00	-1.625805e+00	-1.613002e+00	
-3.610342e+00	-3.396414e+00	-3.196821e+00	-3.010931e+00	-2.838181e+00	-2.678080e+00	-2.530198e+00	-2.394171e+00	-2.269695e+00	-2.156525e+00	-2.054475e+00	-1.963417e+00	-1.883278e+00	-1.814043e+00	-1.755752e+00	-1.708502e+00	-1.672448e+00	-1.647801e+00	-1.634831e+00	
-3.657753e+00	-3.441016e+00	-3.238803e+00	-3.050473e+00	-2.875457e+00	-2.713255e+00	-2.563434e+00	-2.425624e+00	-2.299517e+00	-2.184865e+00	-2.081480e+00	-1.989231e+00	-1.908046e+00	-1.837908e+00	-1.778859e+00	-1.730997e+00	-1.694478e+00	-1.669516e+00	-1.656386e+00	
-3.704384e+00	-3.484887e+00	-3.280098e+00	-3.089370e+00	-2.912127e+00	-2.747863e+00	-2.596137e+00	-2.456576e+00	-2.328868e+00	-2.212762e+00	-2.108067e+00	-2.014651e+00	-1.932440e+00	-1.861418e+00	-1.801627e+00	-1.753167e+00	-1.716194e+00	-1.690928e+00	-1.677645e+00	
-3.750172e+00	-3.527965e+00	-3.320651e+00	-3.127571e+00	-2.948144e+00	-2.781856e+00	-2.628263e+00	-2.486986e+00	-2.357710e+00	-2.240179e+00	-2.134201e+00	-2.039643e+00	-1.956429e+00	-1.884543e+00	-1.824028e+00	-1.774984e+00	-1.737572e+00	-1.712011e+00	-1.698583e+00	
-3.795051e+00	-3.570192e+00	-3.360403e+00	-3.165021e+00	-2.983455e+00	-2.815188e+00	-2.659768e+00	-2.516813e+00	-2.386002e+00	-2.267079e+00	-2.159848e+00	-2.064174e+00	-1.979981e+00	-1.907254e+00	-1.846034e+00	-1.796423e+00	-1.758585e+00	-1.732741e+00	-1.719176e+00	
-3.838955e+00	-3.611503e+00	-3.399296e+00	-3.201665e+00	-3.018011e+00	-2.847810e+00	-2.690607e+00	-2.546013e+00	-2.413706e+00	-2.293425e+00	-2.184972e+00	-2.088212e+00	-2.003066e+00	-1.929520e+00	-1.867615e+00	-1.817456e+00	-1.779206e+00	-1.753091e+00	-1.739398e+00	
-3.881818e+00	-3.651836e+00	-3.437273e+00	-3.237448e+00	-3.051758e+00	-2.879674e+00	-2.720733e+00	-2.574544e+00	-2.440780e+00	-2.319178e+00	-2.209538e+00	-2.111721e+00	-2.025651e+00	-1.951311e+00	-1.888744e+00	-1.838055e+00	-1.799410e+00	-1.773036e+00	-1.759225e+00	
-3.923571e+00	-3.691129e+00	-3.474272e+00	-3.272314e+00	-3.084646e+00	-2.910730e+00	-2.750101e+00	-2.602363e+00	-2.467184e+00	-2.344300e+00	-2.233508e+00	-2.134669e+00	-2.047704e+00	-1.972596e+00	-1.909390e+00	-1.858191e+00	-1.819167e+00	-1.792549e+00	-1.778630e+00	
-3.964149e+00	-3.729318e+00	-3.510236e+00	-3.306209e+00	-3.116622e+00	-2.940930e+00	-2.778665e+00	-2.629426e+00	-2.492878e+00	-2.368754e+00	-2.256849e+00	-2.157021e+00	-2.069192e+00	-1.993345e+00	-1.929524e+00	-1.877837e+00	-1.838453e+00	-1.811604e+00	-1.797588e+00	
-4.003485e+00	-3.766342e+00	-3.545107e+00	-3.339079e+00	-3.147634e+00	-2.970227e+00	-2.806381e+00	-2.655692e+00	-2.517823e+00	-2.392502e+00	-2.279523e+00	-2.178743e+00	-2.090084e+00	-2.013527e+00	-1.949118e+00	-1.896965e+00	-1.857239e+00	-1.830175e+00	-1.816073e+00	
-4.041517e+00	-3.802142e+00	-3.578829e+00	-3.370870e+00	-3.177635e+00	-2.998574e+00	-2.833205e+00	-2.681120e+00	-2.541978e+00	-2.415507e+00	-2.301497e+00	-2.199804e+00	-2.110349e+00	-2.033114e+00	-1.968144e+00	-1.915548e+00	-1.875500e+00	-1.848236e+00	-1.834061e+00	
-4.078184e+00	-3.836661e+00	-3.611349e+00	-3.401532e+00	-3.206577e+00	-3.025926e+00	-2.859094e+00	-2.705670e+00	-2.565309e+00	-2.437735e+00	-2.322738e+00	-2.220172e+00	-2.129958e+00	-2.052076e+00	-1.986574e+00	-1.933560e+00	-1.893211e+00	-1.865764e+00	-1.851527e+00	
-4.113429e+00	-3.869846e+00	-3.642616e+00	-3.431020e+00	-3.234416e+00	-3.052243e+00	-2.884012e+00	-2.729306e+00	-2.587779e+00	-2.459152e+00	-2.343214e+00	-2.239818e+00	-2.148882e+00	-2.070388e+00	-2.004383e+00	-1.950977e+00	-1.910347e+00	-1.882735e+00	-1.868449e+00	
-4.147201e+00	-3.901648e+00	-3.672587e+00	-3.459290e+00	-3.261112e+00	-3.077487e+00	-2.907921e+00	-2.751994e+00	-2.609358e+00	-2.479731e+00	-2.362899e+00	-2.258715e+00	-2.167096e+00	-2.088025e+00	-2.021547e+00	-1.967776e+00	-1.926888e+00	-1.899127e+00	-1.884806e+00	
-4.179456e+00	-3.932026e+00	-3.701220e+00	-3.486305e+00	-3.286630e+00	-3.101624e+00	-2.930791e+00	-2.773706e+00	-2.630018e+00	-2.499443e+00	-2.381767e+00	-2.276840e+00	-2.184578e+00	-2.104965e+00	-2.038046e+00	-1.983936e+00	-1.942813e+00	-1.914923e+00	-1.900579e+00	
-4.210157e+00	-3.960946e+00	-3.728484e+00	-3.512035e+00	-3.310942e+00	-3.124629e+00	-2.952596e+00	-2.794416e+00	-2.649735e+00	-2.518268e+00	-2.399797e+00	-2.294172e+00	-2.201309e+00	-2.121190e+00	-2.053863e+00	-1.999441e+00	-1.958106e+00	-1.930104e+00	-1.915752e+00	
-4.239277e+00	-3.988380e+00	-3.754355e+00	-3.536456e+00	-3.334024e+00	-3.146479e+00	-2.973316e+00	-2.814107e+00	-2.668494e+00	-2.536189e+00	-2.416973e+00	-2.310696e+00	-2.217273e+00	-2.136686e+00	-2.068983e+00	-2.014278e+00	-1.972753e+00	-1.944658e+00	-1.930311e+00	
-4.266799e+00	-4.014316e+00	-3.778817e+00	-3.559556e+00	-3.355866e+00	-3.167164e+00	-2.992942e+00	-2.832767e+00	-2.686281e+00	-2.553194e+00	-2.433285e+00	-2.326403e+00	-2.232462e+00	-2.151443e+00	-2.083397e+00	-2.028436e+00	-1.986745e+00	-1.958575e+00	-1.944247e+00	
-4.292721e+00	-4.038749e+00	-3.801870e+00	-3.581331e+00	-3.376463e+00	-3.186679e+00	-3.011468e+00	-2.850394e+00	-2.703096e+00	-2.569282e+00	-2.448730e+00	-2.341289e+00	-2.246871e+00	-2.165458e+00	-2.097100e+00	-2.041912e+00	-2.000078e+00	-1.971851e+00	-1.957554e+00	
-4.317055e+00	-4.061690e+00	-3.823521e+00	-3.601790e+00	-3.395825e+00	-3.205033e+00	-3.028902e+00	-2.866993e+00	-2.718942e+00	-2.584456e+00	-2.463312e+00	-2.355357e+00	-2.260503e+00	-2.178733e+00	-2.110096e+00	-2.054707e+00	-2.012753e+00	-1.984487e+00	-1.970234e+00	
-4.339830e+00	-4.083167e+00	-3.843798e+00	-3.620958e+00	-3.413973e+00	-3.222246e+00	-3.045263e+00	-2.882581e+00	-2.733836e+00	-2.598731e+00	-2.477045e+00	-2.368620e+00	-2.273370e+00	-2.191278e+00	-2.122392e+00	-2.066829e+00	-2.024776e+00	-1.996488e+00	-1.982292e+00	
-4.361094e+00	-4.103226e+00	-3.862741e+00	-3.638873e+00	-3.430943e+00	-3.238352e+00	-3.060581e+00	-2.897188e+00	-2.747804e+00	-2.612133e+00	-2.489950e+00	-2.381098e+00	-2.285491e+00	-2.203110e+00	-2.134005e+00	-2.078293e+00	-2.036162e+00	-2.007868e+00	-1.993740e+00	
-4.380917e+00	-4.121929e+00	-3.880411e+00	-3.655591e+00	-3.446788e+00	-3.253399e+00	-3.074903e+00	-2.910855e+00	-2.760886e+00	-2.624697e+00	-2.502061e+00	-2.392823e+00	-2.296895e+00	-2.214257e+00	-2.144961e+00	-2.089123e+00	-2.046932e+00	-2.018647e+00	-2.004597e+00	
-4.399391e+00	-4.139365e+00	-3.896889e+00	-3.671189e+00	-3.461578e+00	-3.267453e+00	-3.088290e+00	-2.923641e+00	-2.773135e+00	-2.636472e+00	-2.513426e+00	-2.403838e+00	-2.307621e+00	-2.224756e+00	-2.155293e+00	-2.099350e+00	-2.057118e+00	-2.028854e+00	-2.014890e+00	
-4.416634e+00	-4.155644e+00	-3.912279e+00	-3.685762e+00	-3.475404e+00	-3.280599e+00	-3.100819e+00	-2.935617e+00	-2.784618e+00	-2.647523e+00	-2.524102e+00	-2.414198e+00	-2.317722e+00	-2.234655e+00	-2.165047e+00	-2.109018e+00	-2.066758e+00	-2.038527e+00	-2.024657e+00	
-4.432792e+00	-4.170901e+00	-3.926707e+00	-3.699430e+00	-3.488377e+00	-3.292940e+00	-3.112589e+00	-2.946874e+00	-2.795421e+00	-2.657927e+00	-2.534163e+00	-2.423970e+00	-2.327260e+00	-2.244013e+00	-2.174280e+00	-2.118180e+00	-2.075904e+00	-2.047713e+00	-2.033942e+00	
-4.448042e+00	-4.185303e+00	-3.940329e+00	-3.712337e+00	-3.500632e+00	-3.304601e+00	-3.123716e+00	-2.957523e+00	-2.805645e+00	-2.667780e+00	-2.543698e+00	-2.433239e+00	-2.336314e+00	-2.252904e+00	-2.183058e+00	-2.126899e+00	-2.084615e+00	-2.056471e+00	-2.042801e+00	
-4.462589e+00	-4.199042e+00	-3.953325e+00	-3.724653e+00	-3.512326e+00	-3.315732e+00	-3.134338e+00	-2.967691e+00	-2.815411e+00	-2.677195e+00	-2.552813e+00	-2.442103e+00	-2.344976e+00	-2.261413e+00	-2.191465e+00	-2.135252e+00	-2.092966e+00	-2.064870e+00	-2.051300e+00	
-4.476677e+00	-4.212345e+00	-3.965907e+00	-3.736574e+00	-3.523645e+00	-3.326504e+00	-3.144618e+00	-2.977529e+00	-2.824859e+00	-2.686303e+00	-2.561629e+00	-2.450676e+00	-2.353353e+00	-2.269643e+00	-2.199594e+00	-2.143329e+00	-2.101040e+00	-2.072990e+00	-2.059519e+00	
-4.490580e+00	-4.225471e+00	-3.978317e+00	-3.748328e+00	-3.534801e+00	-3.337116e+00	-3.154738e+00	-2.987211e+00	-2.834151e+00	-2.695255e+00	-2.570288e+00	-2.459090e+00	-2.361570e+00	-2.277708e+00	-2.207555e+00	-2.151234e+00	-2.108936e+00	-2.080927e+00	-2.067546e+00	
-4.504613e+00	-4.238713e+00	-3.990830e+00	-3.760172e+00	-3.546033e+00	-3.347792e+00	-3.164911e+00	-2.996931e+00	-2.843471e+00	-2.704222e+00	-2.578950e+00	-2.467495e+00	-2.369765e+00	-2.285741e+00	-2.215473e+00	-2.159083e+00	-2.116766e+00	-2.088786e+00	-2.075484e+00	
-4.519128e+00	-4.252400e+00	-4.003755e+00	-3.772395e+00	-3.557612e+00	-3.358784e+00	-3.175371e+00	-3.006912e+00	-2.853023e+00	-2.713395e+00	-2.587795e+00	-2.476060e+00	-2.378098e+00	-2.293890e+00	-2.223487e+00	-2.167011e+00	-2.124655e+00	-2.096688e+00	-2.083450e+00	
-4.534517e+00	-4.266901e+00	-4.017435e+00	-3.785318e+00	-3.569839e+00	-3.370374e+00	-3.186381e+00	-3.017397e+00	-2.863037e+00	-2.722991e+00	-2.597024e+00	-2.484972e+00	-2.386745e+00	-2.302321e+00	-2.231753e+00	-2.175163e+00	-2.132745e+00	-2.104767e+00	-2.091573e+00	
-4.551213e+00	-4.282621e+00	-4.032250e+00	-3.799296e+00	-3.583046e+00	-3.382873e+00	-3.198232e+00	-3.028659e+00	-2.873767e+00	-2.733246e+00	-2.606858e+00	-2.494440e+00	-2.395900e+00	-2.311218e+00	-2.240445e+00	-2.183703e+00	-2.141190e+00	-2.113172e+00	-2.099995e+00	
-4.569693e+00	-4.300005e+00	-4.048616e+00	-3.814719e+00	-3.597597e+00	-3.396620e+00	-3.211241e+00	-3.040995e+00	-2.885491e+00	-2.744419e+00	-2.617541e+00	-2.504691e+00	-2.405778e+00	-2.320780e+00	-2.249751e+00	-2.192812e+00	-2.150161e+00	-2.122067e+00	-2.108874e+00	
-4.590474e+00	-4.319540e+00	-4.066990e+00	-3.832013e+00	-3.613891e+00	-3.411989e+00	-3.225758e+00	-3.054730e+00	-2.898514e+00	-2.756796e+00	-2.629338e+00	-2.515974e+00	-2.416611e+00	-2.331229e+00	-2.259879e+00	-2.202685e+00	-2.159845e+00	-2.131628e+00	-2.118382e+00	
-4.614122e+00	-4.341753e+00	-4.087865e+00	-3.851642e+00	-3.632360e+00	-3.429384e+00	-3.242160e+00	-3.070217e+00	-2.913164e+00	-2.770685e+00	-2.642539e+00	-2.528560e+00	-2.428655e+00	-2.342802e+00	-2.271054e+00	-2.213536e+00	-2.170444e+00	-2.142051e+00	-2.128706e+00	
-4.641247e+00	-4.367217e+00	-4.111776e+00	-3.874104e+00	-3.653472e+00	-3.449241e+00	-3.260855e+00	-3.087840e+00	-2.929800e+00	-2.786420e+00	-2.657456e+00	-2.542741e+00	-2.442182e+00	-2.355758e+00	-2.283520e+00	-2.225593e+00	-2.182177e+00	-2.153545e+00	-2.140048e+00	
-4.672506e+00	-4.396547e+00	-4.139300e+00	-3.899940e+00	-3.677733e+00	-3.472034e+00	-3.282285e+00	-3.108009e+00	-2.948807e+00	-2.804360e+00	-2.674425e+00	-2.558834e+00	-2.457490e+00	-2.370374e+00	-2.297537e+00	-2.239106e+00	-2.195280e+00	-2.166335e+00	-2.152624e+00	
-4.708610e+00	-4.430409e+00	-4.171060e+00	-3.929731e+00	-3.705685e+00	-3.498271e+00	-3.306926e+00	-3.131168e+00	-2.970599e+00	-2.824894e+00	-2.693810e+00	-2.577176e+00	-2.474897e+00	-2.386950e+00	-2.313390e+00	-2.254341e+00	-2.210007e+00	-2.180665e+00	-2.166668e+00	
-4.750322e+00	-4.469516e+00	-4.207723e+00	-3.964104e+00	-3.737914e+00	-3.528497e+00	-3.335286e+00	-3.157796e+00	-2.995622e+00	-2.848439e+00	-2.716000e+00	-2.598134e+00	-2.494744e+00	-2.405808e+00	-2.331380e+00	-2.271586e+00	-2.226631e+00	-2.196793e+00	-2.182431e+00	
-4.798463e+00	-4.514638e+00	-4.250010e+00	-4.003731e+00	-3.775049e+00	-3.563303e+00	-3.367918e+00	-3.188405e+00	-3.024356e+00	-2.875442e+00	-2.741415e+00	-2.622100e+00	-2.517400e+00	-2.427293e+00	-2.351833e+00	-2.291148e+00	-2.245443e+00	-2.215002e+00	-2.200183e+00	
-4.853920e+00	-4.566605e+00	-4.298697e+00	-4.049339e+00	-3.817770e+00	-3.603321e+00	-3.405413e+00	-3.223549e+00	-3.057318e+00	-2.906388e+00	-2.770506e+00	-2.649496e+00	-2.543261e+00	-2.451777e+00	-2.375100e+00	-2.313358e+00	-2.266760e+00	-2.235590e+00	-2.220213e+00	
-4.917650e+00	-4.626314e+00	-4.354624e+00	-4.101712e+00	-3.866809e+00	-3.649238e+00	-3.448411e+00	-3.263827e+00	-3.095067e+00	-2.941797e+00	-2.803760e+00	-2.680779e+00	-2.572754e+00	-2.479662e+00	-2.401558e+00	-2.338574e+00	-2.290919e+00	-2.258881e+00	-2.242831e+00	
-4.990696e+00	-4.694740e+00	-4.418702e+00	-4.161704e+00	-3.922965e+00	-3.701799e+00	-3.497609e+00	-3.309887e+00	-3.138210e+00	-2.982237e+00	-2.841708e+00	-2.716444e+00	-2.606343e+00	-2.511383e+00	-2.431618e+00	-2.367182e+00	-2.318288e+00	-2.285227e+00	-2.268374e+00	
-5.074194e+00	-4.772946e+00	-4.491928e+00	-4.230246e+00	-3.987108e+00	-3.761816e+00	-3.553765e+00	-3.362439e+00	-3.187407e+00	-3.028324e+00	-2.884926e+00	-2.757030e+00	-2.644534e+00	-2.547414e+00	-2.465725e+00	-2.399604e+00	-2.349266e+00	-2.315008e+00	-2.297210e+00	
-5.169396e+00	-4.862105e+00	-4.575397e+00	-4.308362e+00	-4.060194e+00	-3.830183e+00	-3.617714e+00	-3.422261e+00	-3.243386e+00	-3.080738e+00	-2.934048e+00	-2.803131e+00	-2.687881e+00	-2.588274e+00	-2.504368e+00	-2.436301e+00	-2.384291e+00	-2.348641e+00	-2.329737e+00	
-5.277690e+00	-4.963515e+00	-4.670323e+00	-4.397188e+00	-4.143285e+00	-3.907892e+00	-3.690382e+00	-3.490217e+00	-3.306954e+00	-3.140231e+00	-2.989777e+00	-2.855401e+00	-2.736997e+00	-2.634540e+00	-2.548089e+00	-2.477783e+00	-2.423847e+00	-2.386588e+00	-2.366400e+00	
-5.400629e+00	-5.078631e+00	-4.778069e+00	-4.497995e+00	-4.237569e+00	-3.996052e+00	-3.772803e+00	-3.567274e+00	-3.379010e+00	-3.207644e+00	-3.052897e+00	-2.914575e+00	-2.792569e+00	-2.686855e+00	-2.597491e+00	-2.524621e+00	-2.468472e+00	-2.429361e+00	-2.407689e+00	
-5.539973e+00	-5.209099e+00	-4.900172e+00	-4.612222e+00	-4.344390e+00	-4.095917e+00	-3.866148e+00	-3.654523e+00	-3.460574e+00	-3.283927e+00	-3.124296e+00	-2.981481e+00	-2.855372e+00	-2.745943e+00	-2.653255e+00	-2.577455e+00	-2.518776e+00	-2.477540e+00	-2.454160e+00	
-5.697735e+00	-5.356803e+00	-5.038395e+00	-4.741517e+00	-4.465285e+00	-4.208924e+00	-3.971758e+00	-3.753214e+00	-3.552812e+00	-3.370167e+00	-3.204986e+00	-3.057065e+00	-2.926290e+00	-2.812634e+00	-2.716161e+00	-2.637019e+00	-2.575451e+00	-2.531785e+00	-2.506446e+00	
-5.876247e+00	-5.523924e+00	-5.194778e+00	-4.887785e+00	-4.602037e+00	-4.336734e+00	-4.091184e+00	-3.864794e+00	-3.657072e+00	-3.467623e+00	-3.296142e+00	-3.142423e+00	-3.006346e+00	-2.887886e+00	-2.787105e+00	-2.704160e+00	-2.639297e+00	-2.592857e+00	-2.565275e+00	
-6.078246e+00	-5.713024e+00	-5.371715e+00	-5.053264e+00	-4.756733e+00	-4.481298e+00	-4.226244e+00	-3.990959e+00	-3.774936e+00	-3.577767e+00	-3.399139e+00	-3.238837e+00	-3.096740e+00	-2.972819e+00	-2.867142e+00	-2.779868e+00	-2.711253e+00	-2.661647e+00	-2.631500e+00	
-6.306985e+00	-5.927146e+00	-5.572052e+00	-5.240613e+00	-4.931858e+00	-4.644934e+00	-4.379100e+00	-4.133725e+00	-3.908283e+00	-3.702352e+00	-3.515609e+00	-3.347831e+00	-3.198893e+00	-3.068767e+00	-2.957520e+00	-2.865319e+00	-2.792429e+00	-2.739211e+00	-2.706131e+00	
-6.566386e+00	-6.169959e+00	-5.799221e+00	-5.453038e+00	-5.130404e+00	-4.830433e+00	-4.552357e+00	-4.295520e+00	-4.059376e+00	-3.843488e+00	-3.647520e+00	-3.471241e+00	-3.314521e+00	-3.177331e+00	-3.059742e+00	-2.961927e+00	-2.884160e+00	-2.826818e+00	-2.790384e+00	
-6.861246e+00	-6.445950e+00	-6.057415e+00	-5.694458e+00	-5.356031e+00	-5.041212e+00	-4.749200e+00	-4.479313e+00	-4.230983e+00	-4.003753e+00	-3.797275e+00	-3.611308e+00	-3.445716e+00	-3.300470e+00	-3.175645e+00	-3.071419e+00	-2.988080e+00	-2.926019e+00	-2.885741e+00	
-7.197517e+00	-6.760690e+00	-6.351841e+00	-5.969737e+00	-5.613281e+00	-5.281508e+00	-4.973582e+00	-4.688790e+00	-4.426537e+00	-4.186348e+00	-3.967857e+00	-3.770813e+00	-3.595076e+00	-3.440614e+00	-3.307505e+00	-3.195937e+00	-3.106210e+00	-3.038735e+00	-2.994038e+00	
-7.582712e+00	-7.121204e+00	-6.689071e+00	-6.285014e+00	-5.907884e+00	-5.556668e+00	-5.230489e+00	-4.928597e+00	-4.650371e+00	-4.395308e+00	-4.163028e+00	-3.953266e+00	-3.765875e+00	-3.600823e+00	-3.458192e+00	-3.338179e+00	-3.241100e+00	-3.167386e+00	-3.117591e+00	
-8.026474e+00	-7.536516e+00	-7.077536e+00	-6.648167e+00	-6.247196e+00	-5.873556e+00	-5.526321e+00	-5.204702e+00	-4.908042e+00	-4.635814e+00	-4.387615e+00	-4.163168e+00	-3.962316e+00	-3.785027e+00	-3.631388e+00	-3.501609e+00	-3.396020e+00	-3.315078e+00	-3.259367e+00	
-8.541420e+00	-8.018427e+00	-7.528272e+00	-7.069506e+00	-6.640843e+00	-6.241152e+00	-5.869453e+00	-5.524909e+00	-5.206825e+00	-4.914642e+00	-4.647933e+00	-4.406406e+00	-4.189895e+00	-3.998366e+00	-3.831911e+00	-3.690753e+00	-3.575245e+00	-3.485869e+00	-3.423246e+00	
-9.144418e+00	-8.582716e+00	-8.056028e+00	-7.562809e+00	-7.101687e+00	-6.671458e+00	-6.271076e+00	-5.899651e+00	-5.556440e+00	-5.240848e+00	-4.952423e+00	-4.690851e+00	-4.455957e+00	-4.247705e+00	-4.066195e+00	-3.911664e+00	-3.784488e+00	-3.685184e+00	-3.614413e+00	
-9.858567e+00	-9.250993e+00	-8.681006e+00	-8.146949e+00	-7.647348e+00	-7.180912e+00	-6.746519e+00	-6.343213e+00	-5.970198e+00	-5.626837e+00	-5.312642e+00	-5.027279e+00	-4.770561e+00	-4.542449e+00	-4.343051e+00	-4.172623e+00	-4.031570e+00	-3.920447e+00	-3.839964e+00	
-1.071641e+01	-1.005370e+01	-9.431665e+00	-8.848511e+00	-8.302646e+00	-7.792672e+00	-7.317375e+00	-6.875722e+00	-6.466853e+00	-6.090077e+00	-5.744869e+00	-5.430868e+00	-5.147873e+00	-4.895841e+00	-4.674891e+00	-4.485300e+00	-4.327507e+00	-4.202115e+00	-4.109892e+00	
-1.176534e+01	-1.103517e+01	-1.034945e+01	-9.706214e+00	-9.103728e+00	-8.540461e+00	-8.015091e+00	-7.526488e+00	-7.073713e+00	-6.656013e+00	-6.272815e+00	-5.923725e+00	-5.608524e+00	-5.327167e+00	-5.079785e+00	-4.866682e+00	-4.688338e+00	-4.545414e+00	-4.438749e+00	
-1.307723e+01	-1.226264e+01	-1.149721e+01	-1.077877e+01	-1.010540e+01	-9.475415e+00	-8.887348e+00	-8.339950e+00	-7.832186e+00	-7.363221e+00	-6.932426e+00	-6.539363e+00	-6.183793e+00	-5.865668e+00	-5.585133e+00	-5.342525e+00	-5.138379e+00	-4.973424e+00	-4.848591e+00	
-1.476658e+01	-1.384322e+01	-1.297507e+01	-1.215972e+01	-1.139500e+01	-1.067902e+01	-1.001012e+01	-9.386923e+00	-8.808251e+00	-8.273172e+00	-7.780980e+00	-7.331186e+00	-6.923521e+00	-6.557935e+00	-6.234590e+00	-5.953869e+00	-5.716373e+00	-5.522922e+00	-5.374564e+00	
-1.702781e+01	-1.595877e+01	-1.495306e+01	-1.400790e+01	-1.312080e+01	-1.228960e+01	-1.151241e+01	-1.078763e+01	-1.011392e+01	-9.490220e+00	-8.915716e+00	-8.389851e+00	-7.912318e+00	-7.483060e+00	-7.102267e+00	-6.770379e+00	-6.488086e+00	-6.256334e+00	-6.076326e+00	
-2.021977e+01	-1.894498e+01	-1.774497e+01	-1.661643e+01	-1.555646e+01	-1.456248e+01	-1.363227e+01	-1.276395e+01	-1.195593e+01	-1.120697e+01	-1.051611e+01	-9.882686e+00	-9.306345e+00	-8.787022e+00	-8.324943e+00	-7.920631e+00	-7.574903e+00	-7.288878e+00	-7.063980e+00	
-2.508640e+01	-2.349778e+01	-2.200136e+01	-2.059308e+01	-1.926935e+01	-1.802700e+01	-1.686330e+01	-1.577592e+01	-1.476292e+01	-1.382275e+01	-1.295424e+01	-1.215659e+01	-1.142936e+01	-1.077246e+01	-1.018619e+01	-9.671185e+00	-9.228465e+00	-8.859411e+00	-8.565783e+00	
-3.346340e+01	-3.133437e+01	-2.932751e+01	-2.743746e+01	-2.565945e+01	-2.398930e+01	-2.242339e+01	-2.095863e+01	-1.959247e+01	-1.832285e+01	-1.714822e+01	-1.606753e+01	-1.508020e+01	-1.418612e+01	-1.338568e+01	-1.267975e+01	-1.206968e+01	-1.155729e+01	-1.114493e+01	
-5.144304e+01	-4.815374e+01	-4.505094e+01	-4.212644e+01	-3.937297e+01	-3.678416e+01	-3.435448e+01	-3.207924e+01	-2.995453e+01	-2.797724e+01	-2.614501e+01	-2.445622e+01	-2.291001e+01	-2.150624e+01	-2.024550e+01	-1.912911e+01	-1.815914e+01	-1.733842e+01	-1.667051e+01	
-1.187392e+02	-1.111062e+02	-1.039003e+02	-9.710287e+01	-9.069720e+01	-8.466871e+01	-7.900476e+01	-7.369463e+01	-6.872939e+01	-6.410192e+01	-5.980684e+01	-5.584048e+01	-5.220088e+01	-4.888773e+01	-4.590242e+01	-4.324802e+01	-4.092928e+01	-3.895267e+01	-3.732641e+01	
3.020773e+02	2.825455e+02	2.640913e+02	2.466674e+02	2.302318e+02	2.147479e+02	2.001837e+02	1.865122e+02	1.737111e+02	1.617624e+02	1.506526e+02	1.403725e+02	1.309172e+02	1.222861e+02	1.144826e+02	1.075146e+02	1.013942e+02	9.613777e+01	9.176610e+01	
6.270061e+01	5.862061e+01	5.476217e+01	5.111557e+01	4.767223e+01	4.442458e+01	4.136610e+01	3.849124e+01	3.579540e+01	3.327492e+01	3.092703e+01	2.874987e+01	2.674242e+01	2.490458e+01	2.323710e+01	2.174158e+01	2.042054e+01	1.927736e+01	1.831633e+01	
3.360888e+01	3.140637e+01	2.932136e+01	2.734872e+01	2.548388e+01	2.372284e+01	2.206216e+01	2.049889e+01	1.903062e+01	1.765539e+01	1.637176e+01	1.517875e+01	1.407583e+01	1.306295e+01	1.214051e+01	1.130940e+01	1.057094e+01	9.926937e+00	9.379689e+00	
2.217812e+01	2.071304e+01	1.932455e+01	1.800932e+01	1.676436e+01	1.558709e+01	1.447525e+01	1.342695e+01	1.244060e+01	1.151495e+01	1.064905e+01	9.842278e+00	9.094298e+00	8.405083e+00	7.774907e+00	7.204346e+00	6.694277e+00	6.245890e+00	5.860684e+00	
1.600620e+01	1.493906e+01	1.392640e+01	1.296586e+01	1.205533e+01	1.119296e+01	1.037716e+01	9.606579e+00	8.880104e+00	8.196846e+00	7.556141e+00	6.957545e+00	6.400830e+00	5.885983e+00	5.413206e+00	4.982915e+00	4.595743e+00	4.252541e+00	3.954386e+00	
1.209406e+01	1.127895e+01	1.050431e+01	9.768365e+00	9.069565e+00	8.406544e+00	7.778122e+00	7.183302e+00	6.621261e+00	6.091346e+00	5.593069e+00	5.126107e+00	4.690297e+00	4.285635e+00	3.912278e+00	3.570542e+00	3.260903e+00	2.984000e+00	2.740639e+00	
9.353329e+00	8.714609e+00	8.106513e+00	7.527711e+00	6.977027e+00	6.453433e+00	5.956041e+00	5.484102e+00	5.036998e+00	4.614239e+00	4.215464e+00	3.840432e+00	3.489027e+00	3.161253e+00	2.857233e+00	2.577215e+00	2.321564e+00	2.090772e+00	1.885455e+00	
7.292963e+00	6.786679e+00	6.303610e+00	5.842750e+00	5.403212e+00	4.984222e+00	4.585111e+00	4.205317e+00	3.844376e+00	3.501924e+00	3.177692e+00	2.871504e+00	2.583278e+00	2.313023e+00	2.060841e+00	1.826925e+00	1.611558e+00	1.415121e+00	1.238087e+00	
