-1.240874e-03	-1.208925e-03	-1.188950e-03	-1.177961e-03	-1.173634e-03	-1.174160e-03	-1.178139e-03	-1.184492e-03	-1.192396e-03	-1.201239e-03	-1.210586e-03	-1.220151e-03	-1.229789e-03	-1.239484e-03	-1.249354e-03	-1.259662e-03	-1.270835e-03	-1.283496e-03	-1.298508e-03	
-1.413638e+12	-1.374545e+12	-1.342541e+12	-1.317463e+12	-1.299180e+12	-1.287599e+12	-1.282660e+12	-1.284337e+12	-1.292639e+12	-1.307608e+12	-1.329322e+12	-1.357894e+12	-1.393469e+12	-1.436233e+12	-1.486404e+12	-1.544243e+12	-1.610048e+12	-1.684157e+12	-1.766954e+12	
-2.824816e+12	-2.746697e+12	-2.682746e+12	-2.632633e+12	-2.596100e+12	-2.572958e+12	-2.563088e+12	-2.566439e+12	-2.583029e+12	-2.612942e+12	-2.656333e+12	-2.713426e+12	-2.784515e+12	-2.869968e+12	-2.970224e+12	-3.085801e+12	-3.217296e+12	-3.365386e+12	-3.530835e+12	
-4.231079e+12	-4.114071e+12	-4.018284e+12	-3.943224e+12	-3.888505e+12	-3.853843e+12	-3.839060e+12	-3.844079e+12	-3.868927e+12	-3.913732e+12	-3.978725e+12	-4.064240e+12	-4.170720e+12	-4.298714e+12	-4.448881e+12	-4.621996e+12	-4.818952e+12	-5.040766e+12	-5.288581e+12	
-5.629987e+12	-5.474293e+12	-5.346837e+12	-5.246962e+12	-5.174151e+12	-5.128029e+12	-5.108359e+12	-5.115039e+12	-5.148103e+12	-5.207723e+12	-5.294204e+12	-5.407995e+12	-5.549680e+12	-5.719993e+12	-5.919810e+12	-6.150163e+12	-6.412239e+12	-6.707391e+12	-7.037142e+12	
-7.019117e+12	-6.825010e+12	-6.666106e+12	-6.541589e+12	-6.450814e+12	-6.393313e+12	-6.368791e+12	-6.377120e+12	-6.418344e+12	-6.492674e+12	-6.600496e+12	-6.742364e+12	-6.919010e+12	-7.131346e+12	-7.380468e+12	-7.667659e+12	-7.994401e+12	-8.362380e+12	-8.773494e+12	
-8.396075e+12	-8.163890e+12	-7.973816e+12	-7.824873e+12	-7.716292e+12	-7.647513e+12	-7.618181e+12	-7.628146e+12	-7.677458e+12	-7.766373e+12	-7.895347e+12	-8.065048e+12	-8.276350e+12	-8.530342e+12	-8.828336e+12	-9.171869e+12	-9.562712e+12	-1.000288e+13	-1.049465e+13	
-9.758495e+12	-9.488636e+12	-9.267721e+12	-9.094611e+12	-8.968413e+12	-8.888475e+12	-8.854387e+12	-8.865971e+12	-8.923287e+12	-9.026632e+12	-9.176537e+12	-9.373778e+12	-9.619370e+12	-9.914581e+12	-1.026093e+13	-1.066021e+13	-1.111448e+13	-1.162608e+13	-1.219765e+13	
-1.110405e+13	-1.079699e+13	-1.054561e+13	-1.034864e+13	-1.020504e+13	-1.011408e+13	-1.007530e+13	-1.008848e+13	-1.015370e+13	-1.027130e+13	-1.044188e+13	-1.066632e+13	-1.094578e+13	-1.128170e+13	-1.167581e+13	-1.213015e+13	-1.264706e+13	-1.322921e+13	-1.387959e+13	
-1.243047e+13	-1.208672e+13	-1.180533e+13	-1.158482e+13	-1.142408e+13	-1.132226e+13	-1.127884e+13	-1.129361e+13	-1.136662e+13	-1.149827e+13	-1.168923e+13	-1.194049e+13	-1.225333e+13	-1.262938e+13	-1.307058e+13	-1.357920e+13	-1.415786e+13	-1.480955e+13	-1.553763e+13	
-1.373550e+13	-1.335567e+13	-1.304474e+13	-1.280109e+13	-1.262347e+13	-1.251097e+13	-1.246300e+13	-1.247932e+13	-1.256001e+13	-1.270548e+13	-1.291649e+13	-1.319413e+13	-1.353983e+13	-1.395537e+13	-1.444289e+13	-1.500491e+13	-1.564433e+13	-1.636445e+13	-1.716898e+13	
-1.501699e+13	-1.460173e+13	-1.426179e+13	-1.399541e+13	-1.380123e+13	-1.367823e+13	-1.362579e+13	-1.364364e+13	-1.373186e+13	-1.389092e+13	-1.412162e+13	-1.442517e+13	-1.480313e+13	-1.525744e+13	-1.579046e+13	-1.640492e+13	-1.710401e+13	-1.789132e+13	-1.877092e+13	
-1.627280e+13	-1.582282e+13	-1.545446e+13	-1.516582e+13	-1.495540e+13	-1.482213e+13	-1.476531e+13	-1.478465e+13	-1.488026e+13	-1.505262e+13	-1.530263e+13	-1.563157e+13	-1.604114e+13	-1.653346e+13	-1.711105e+13	-1.777692e+13	-1.853447e+13	-1.938763e+13	-2.034080e+13	
-1.750090e+13	-1.701697e+13	-1.662082e+13	-1.631040e+13	-1.608411e+13	-1.594078e+13	-1.587968e+13	-1.590050e+13	-1.600333e+13	-1.618871e+13	-1.645759e+13	-1.681137e+13	-1.725186e+13	-1.778134e+13	-1.840254e+13	-1.911866e+13	-1.993340e+13	-2.085097e+13	-2.187608e+13	
-1.869932e+13	-1.818225e+13	-1.775898e+13	-1.742731e+13	-1.718553e+13	-1.703240e+13	-1.696713e+13	-1.698938e+13	-1.709926e+13	-1.729734e+13	-1.758465e+13	-1.796266e+13	-1.843333e+13	-1.899907e+13	-1.966283e+13	-2.042800e+13	-2.129855e+13	-2.227896e+13	-2.337429e+13	
-1.986614e+13	-1.931682e+13	-1.886714e+13	-1.851479e+13	-1.825793e+13	-1.809526e+13	-1.802592e+13	-1.804957e+13	-1.816632e+13	-1.837677e+13	-1.868202e+13	-1.908363e+13	-1.958368e+13	-2.018474e+13	-2.088992e+13	-2.170286e+13	-2.262775e+13	-2.366935e+13	-2.483304e+13	
-2.099955e+13	-2.041890e+13	-1.994358e+13	-1.957113e+13	-1.929964e+13	-1.912769e+13	-1.905441e+13	-1.907942e+13	-1.920284e+13	-1.942531e+13	-1.974799e+13	-2.017253e+13	-2.070112e+13	-2.133649e+13	-2.208192e+13	-2.294126e+13	-2.391893e+13	-2.501998e+13	-2.625008e+13	
-2.209782e+13	-2.148682e+13	-2.098665e+13	-2.059473e+13	-2.030905e+13	-2.012813e+13	-2.005103e+13	-2.007736e+13	-2.020725e+13	-2.044137e+13	-2.078094e+13	-2.122769e+13	-2.178395e+13	-2.245257e+13	-2.323700e+13	-2.414130e+13	-2.517012e+13	-2.632877e+13	-2.762324e+13	
-2.315930e+13	-2.251897e+13	-2.199479e+13	-2.158406e+13	-2.128467e+13	-2.109507e+13	-2.101428e+13	-2.104189e+13	-2.117803e+13	-2.142342e+13	-2.177931e+13	-2.224755e+13	-2.283054e+13	-2.353130e+13	-2.435343e+13	-2.530119e+13	-2.637946e+13	-2.759379e+13	-2.895046e+13	
-2.418246e+13	-2.351385e+13	-2.296652e+13	-2.253767e+13	-2.222507e+13	-2.202710e+13	-2.194276e+13	-2.197161e+13	-2.211379e+13	-2.237003e+13	-2.274167e+13	-2.323061e+13	-2.383938e+13	-2.457111e+13	-2.542959e+13	-2.641925e+13	-2.754517e+13	-2.881318e+13	-3.022982e+13	
-2.516583e+13	-2.447005e+13	-2.390048e+13	-2.345420e+13	-2.312891e+13	-2.292291e+13	-2.283516e+13	-2.286520e+13	-2.301317e+13	-2.327986e+13	-2.366663e+13	-2.417547e+13	-2.480902e+13	-2.557054e+13	-2.646395e+13	-2.749387e+13	-2.866562e+13	-2.998522e+13	-3.145949e+13	
-2.610807e+13	-2.538625e+13	-2.479538e+13	-2.433241e+13	-2.399495e+13	-2.378126e+13	-2.369025e+13	-2.372143e+13	-2.387497e+13	-2.415166e+13	-2.455293e+13	-2.508085e+13	-2.573814e+13	-2.652820e+13	-2.745509e+13	-2.852361e+13	-2.973925e+13	-3.110829e+13	-3.263780e+13	
-2.700792e+13	-2.626124e+13	-2.565003e+13	-2.517112e+13	-2.482205e+13	-2.460102e+13	-2.450689e+13	-2.453917e+13	-2.469802e+13	-2.498427e+13	-2.539940e+13	-2.594554e+13	-2.662552e+13	-2.744283e+13	-2.840170e+13	-2.950707e+13	-3.076465e+13	-3.218092e+13	-3.376318e+13	
-2.786425e+13	-2.709392e+13	-2.646335e+13	-2.596928e+13	-2.560916e+13	-2.538115e+13	-2.528405e+13	-2.531738e+13	-2.548129e+13	-2.577665e+13	-2.620496e+13	-2.676845e+13	-2.747001e+13	-2.831327e+13	-2.930258e+13	-3.044303e+13	-3.174052e+13	-3.320173e+13	-3.483420e+13	
-2.867601e+13	-2.788327e+13	-2.723435e+13	-2.672591e+13	-2.635533e+13	-2.612069e+13	-2.602080e+13	-2.605512e+13	-2.622384e+13	-2.652782e+13	-2.696865e+13	-2.754858e+13	-2.827062e+13	-2.913848e+13	-3.015664e+13	-3.133035e+13	-3.266568e+13	-3.416950e+13	-3.584957e+13	
-2.944230e+13	-2.862839e+13	-2.796216e+13	-2.744016e+13	-2.705970e+13	-2.681882e+13	-2.671628e+13	-2.675155e+13	-2.692481e+13	-2.723695e+13	-2.768958e+13	-2.828505e+13	-2.902641e+13	-2.991750e+13	-3.096291e+13	-3.216803e+13	-3.353908e+13	-3.508313e+13	-3.680815e+13	
-3.016229e+13	-2.932850e+13	-2.864601e+13	-2.811127e+13	-2.772154e+13	-2.747480e+13	-2.736978e+13	-2.740594e+13	-2.758346e+13	-2.790327e+13	-2.836701e+13	-2.897707e+13	-2.973660e+13	-3.064952e+13	-3.172053e+13	-3.295517e+13	-3.435979e+13	-3.594165e+13	-3.770890e+13	
-3.083528e+13	-2.998292e+13	-2.928523e+13	-2.873859e+13	-2.834019e+13	-2.808798e+13	-2.798064e+13	-2.801764e+13	-2.819916e+13	-2.852614e+13	-2.900026e+13	-2.962397e+13	-3.040049e+13	-3.133382e+13	-3.242877e+13	-3.369100e+13	-3.512702e+13	-3.674422e+13	-3.855097e+13	
-3.146069e+13	-3.059108e+13	-2.987926e+13	-2.932157e+13	-2.891512e+13	-2.865782e+13	-2.854835e+13	-2.858613e+13	-2.877137e+13	-2.910502e+13	-2.958880e+13	-3.022520e+13	-3.101751e+13	-3.196981e+13	-3.308702e+13	-3.437490e+13	-3.584009e+13	-3.749016e+13	-3.933360e+13	
-3.203804e+13	-3.115251e+13	-3.042766e+13	-2.985977e+13	-2.944590e+13	-2.918391e+13	-2.907247e+13	-2.911098e+13	-2.929966e+13	-2.963947e+13	-3.013216e+13	-3.078029e+13	-3.158718e+13	-3.255701e+13	-3.369477e+13	-3.500634e+13	-3.649848e+13	-3.817888e+13	-4.005622e+13	
-3.256699e+13	-3.166687e+13	-3.093009e+13	-3.035285e+13	-2.993219e+13	-2.966592e+13	-2.955267e+13	-2.959186e+13	-2.978369e+13	-3.012915e+13	-3.063003e+13	-3.128890e+13	-3.210916e+13	-3.309505e+13	-3.425165e+13	-3.558493e+13	-3.710176e+13	-3.880997e+13	-4.071838e+13	
-3.304727e+13	-3.213391e+13	-3.138631e+13	-3.080060e+13	-3.037377e+13	-3.010361e+13	-2.998873e+13	-3.002854e+13	-3.022325e+13	-3.057385e+13	-3.108216e+13	-3.175079e+13	-3.258320e+13	-3.358369e+13	-3.475740e+13	-3.611040e+13	-3.764967e+13	-3.938314e+13	-4.131976e+13	
-3.347877e+13	-3.255353e+13	-3.179620e+13	-3.120289e+13	-3.077052e+13	-3.049688e+13	-3.038054e+13	-3.042092e+13	-3.061821e+13	-3.097344e+13	-3.148843e+13	-3.216585e+13	-3.300918e+13	-3.402279e+13	-3.521189e+13	-3.658262e+13	-3.814205e+13	-3.989823e+13	-4.186020e+13	
-3.386147e+13	-3.292569e+13	-3.215975e+13	-3.155969e+13	-3.112243e+13	-3.084570e+13	-3.072808e+13	-3.076896e+13	-3.096856e+13	-3.132790e+13	-3.184883e+13	-3.253405e+13	-3.338708e+13	-3.441233e+13	-3.561509e+13	-3.700155e+13	-3.857888e+13	-4.035521e+13	-4.233969e+13	
-3.419545e+13	-3.325049e+13	-3.247704e+13	-3.187111e+13	-3.142958e+13	-3.115017e+13	-3.103143e+13	-3.107277e+13	-3.127438e+13	-3.163732e+13	-3.216344e+13	-3.285548e+13	-3.371698e+13	-3.475241e+13	-3.596709e+13	-3.736731e+13	-3.896027e+13	-4.075419e+13	-4.275833e+13	
-3.448093e+13	-3.352812e+13	-3.274826e+13	-3.213732e+13	-3.169215e+13	-3.141045e+13	-3.129078e+13	-3.133251e+13	-3.153586e+13	-3.190188e+13	-3.243246e+13	-3.313033e+13	-3.399909e+13	-3.504323e+13	-3.626813e+13	-3.768010e+13	-3.928644e+13	-4.109542e+13	-4.311638e+13	
-3.471820e+13	-3.375889e+13	-3.297371e+13	-3.235862e+13	-3.191043e+13	-3.162685e+13	-3.150641e+13	-3.154848e+13	-3.175329e+13	-3.212188e+13	-3.265617e+13	-3.335891e+13	-3.423371e+13	-3.528511e+13	-3.651850e+13	-3.794027e+13	-3.955775e+13	-4.137927e+13	-4.341423e+13	
-3.490770e+13	-3.394320e+13	-3.315379e+13	-3.253539e+13	-3.208481e+13	-3.179974e+13	-3.167869e+13	-3.172105e+13	-3.192703e+13	-3.229770e+13	-3.283497e+13	-3.354161e+13	-3.442126e+13	-3.547846e+13	-3.671867e+13	-3.814828e+13	-3.977467e+13	-4.160622e+13	-4.365239e+13	
-3.504994e+13	-3.408156e+13	-3.328899e+13	-3.266812e+13	-3.221576e+13	-3.192958e+13	-3.180810e+13	-3.185069e+13	-3.205758e+13	-3.242982e+13	-3.296934e+13	-3.367893e+13	-3.456224e+13	-3.562382e+13	-3.686916e+13	-3.830469e+13	-3.993779e+13	-4.177690e+13	-4.383151e+13	
-3.514554e+13	-3.417457e+13	-3.337989e+13	-3.275739e+13	-3.230386e+13	-3.201695e+13	-3.189520e+13	-3.193797e+13	-3.214548e+13	-3.251881e+13	-3.305987e+13	-3.377146e+13	-3.465726e+13	-3.572182e+13	-3.697064e+13	-3.841017e+13	-4.004782e+13	-4.189205e+13	-4.395236e+13	
-3.519521e+13	-3.422294e+13	-3.342719e+13	-3.280387e+13	-3.234975e+13	-3.206251e+13	-3.194064e+13	-3.198354e+13	-3.219141e+13	-3.256533e+13	-3.310723e+13	-3.381990e+13	-3.470703e+13	-3.577318e+13	-3.702385e+13	-3.846551e+13	-4.010557e+13	-4.195251e+13	-4.401585e+13	
-3.519978e+13	-3.422744e+13	-3.343165e+13	-3.280831e+13	-3.235420e+13	-3.206697e+13	-3.194516e+13	-3.198813e+13	-3.219610e+13	-3.257014e+13	-3.311218e+13	-3.382503e+13	-3.471235e+13	-3.577872e+13	-3.702965e+13	-3.847159e+13	-4.011197e+13	-4.195925e+13	-4.402297e+13	
-3.516014e+13	-3.418896e+13	-3.339413e+13	-3.277155e+13	-3.231802e+13	-3.203118e+13	-3.190958e+13	-3.195256e+13	-3.216037e+13	-3.253406e+13	-3.307558e+13	-3.378770e+13	-3.467411e+13	-3.573937e+13	-3.698899e+13	-3.842940e+13	-4.006803e+13	-4.191335e+13	-4.397487e+13	
-3.507729e+13	-3.410846e+13	-3.331557e+13	-3.269452e+13	-3.224212e+13	-3.195604e+13	-3.183478e+13	-3.187774e+13	-3.208513e+13	-3.245802e+13	-3.299834e+13	-3.370887e+13	-3.459328e+13	-3.565612e+13	-3.690289e+13	-3.834001e+13	-3.997490e+13	-4.181598e+13	-4.387276e+13	
-3.495229e+13	-3.398698e+13	-3.319698e+13	-3.257822e+13	-3.212750e+13	-3.184250e+13	-3.172176e+13	-3.176464e+13	-3.197137e+13	-3.234301e+13	-3.288148e+13	-3.358957e+13	-3.447092e+13	-3.553007e+13	-3.677250e+13	-3.820460e+13	-3.983378e+13	-4.166842e+13	-4.371800e+13	
-3.478630e+13	-3.382564e+13	-3.303947e+13	-3.242371e+13	-3.197521e+13	-3.169164e+13	-3.157154e+13	-3.161429e+13	-3.182012e+13	-3.219008e+13	-3.272609e+13	-3.343090e+13	-3.430815e+13	-3.536238e+13	-3.659901e+13	-3.802442e+13	-3.964598e+13	-4.147203e+13	-4.351201e+13	
-3.458054e+13	-3.362564e+13	-3.284419e+13	-3.223215e+13	-3.178637e+13	-3.150455e+13	-3.138524e+13	-3.142782e+13	-3.163251e+13	-3.200037e+13	-3.253330e+13	-3.323403e+13	-3.410620e+13	-3.515429e+13	-3.638371e+13	-3.780081e+13	-3.941289e+13	-4.122828e+13	-4.325632e+13	
-3.433631e+13	-3.338823e+13	-3.261237e+13	-3.200473e+13	-3.156217e+13	-3.128242e+13	-3.116404e+13	-3.120640e+13	-3.140973e+13	-3.177508e+13	-3.230433e+13	-3.300021e+13	-3.386632e+13	-3.490711e+13	-3.612797e+13	-3.753518e+13	-3.913600e+13	-4.093869e+13	-4.295256e+13	
-3.405497e+13	-3.311473e+13	-3.234530e+13	-3.174272e+13	-3.130387e+13	-3.102649e+13	-3.090916e+13	-3.095126e+13	-3.115301e+13	-3.151546e+13	-3.204047e+13	-3.273075e+13	-3.358986e+13	-3.462224e+13	-3.583320e+13	-3.722900e+13	-3.881683e+13	-4.060489e+13	-4.260240e+13	
-3.373793e+13	-3.280652e+13	-3.204434e+13	-3.144744e+13	-3.101276e+13	-3.073805e+13	-3.062189e+13	-3.066369e+13	-3.086365e+13	-3.122282e+13	-3.174304e+13	-3.242699e+13	-3.327821e+13	-3.430109e+13	-3.550090e+13	-3.688383e+13	-3.845702e+13	-4.022857e+13	-4.220763e+13	
-3.338667e+13	-3.246504e+13	-3.171087e+13	-3.112027e+13	-3.069020e+13	-3.041843e+13	-3.030357e+13	-3.034502e+13	-3.054300e+13	-3.089852e+13	-3.141342e+13	-3.209037e+13	-3.293283e+13	-3.394518e+13	-3.513262e+13	-3.650128e+13	-3.805822e+13	-3.981148e+13	-4.177008e+13	
-3.300272e+13	-3.209177e+13	-3.134635e+13	-3.076263e+13	-3.033759e+13	-3.006904e+13	-2.995559e+13	-2.999665e+13	-3.019245e+13	-3.054398e+13	-3.105306e+13	-3.172233e+13	-3.255522e+13	-3.355604e+13	-3.472995e+13	-3.608300e+13	-3.762218e+13	-3.935542e+13	-4.129166e+13	
-3.258763e+13	-3.168823e+13	-3.095227e+13	-3.037598e+13	-2.995637e+13	-2.969129e+13	-2.957935e+13	-2.962000e+13	-2.981343e+13	-3.016064e+13	-3.066343e+13	-3.132438e+13	-3.214692e+13	-3.313527e+13	-3.429454e+13	-3.563071e+13	-3.715068e+13	-3.886227e+13	-4.077432e+13	
-3.214303e+13	-3.125598e+13	-3.053016e+13	-2.996181e+13	-2.954802e+13	-2.928664e+13	-2.917633e+13	-2.921652e+13	-2.940741e+13	-2.974999e+13	-3.024602e+13	-3.089807e+13	-3.170951e+13	-3.268450e+13	-3.382809e+13	-3.514617e+13	-3.664554e+13	-3.833393e+13	-4.022006e+13	
-3.167055e+13	-3.079663e+13	-3.008156e+13	-2.952166e+13	-2.911405e+13	-2.885660e+13	-2.874801e+13	-2.878770e+13	-2.897589e+13	-2.931354e+13	-2.980240e+13	-3.044498e+13	-3.124460e+13	-3.220539e+13	-3.333230e+13	-3.463115e+13	-3.610863e+13	-3.777237e+13	-3.963094e+13	
-3.117185e+13	-3.031179e+13	-2.960807e+13	-2.905709e+13	-2.865598e+13	-2.840269e+13	-2.829590e+13	-2.833507e+13	-2.852040e+13	-2.885284e+13	-2.933411e+13	-2.996669e+13	-3.075385e+13	-3.169964e+13	-3.280895e+13	-3.408749e+13	-3.554186e+13	-3.717956e+13	-3.900904e+13	
-3.064865e+13	-2.980311e+13	-2.911130e+13	-2.856966e+13	-2.817538e+13	-2.792644e+13	-2.782154e+13	-2.786016e+13	-2.804248e+13	-2.836946e+13	-2.884277e+13	-2.946485e+13	-3.023892e+13	-3.116897e+13	-3.225980e+13	-3.351703e+13	-3.494714e+13	-3.655752e+13	-3.835648e+13	
-3.010264e+13	-2.927226e+13	-2.859287e+13	-2.806097e+13	-2.767382e+13	-2.742941e+13	-2.732649e+13	-2.736452e+13	-2.754371e+13	-2.786497e+13	-2.832996e+13	-2.894109e+13	-2.970150e+13	-3.061512e+13	-3.168665e+13	-3.292163e+13	-3.432643e+13	-3.590829e+13	-3.767538e+13	
-2.953555e+13	-2.872091e+13	-2.805442e+13	-2.753264e+13	-2.715288e+13	-2.691318e+13	-2.681230e+13	-2.684972e+13	-2.702564e+13	-2.734097e+13	-2.779732e+13	-2.839706e+13	-2.914328e+13	-3.003982e+13	-3.109132e+13	-3.230319e+13	-3.368169e+13	-3.523392e+13	-3.696790e+13	
-2.894912e+13	-2.815075e+13	-2.749760e+13	-2.698627e+13	-2.661415e+13	-2.637931e+13	-2.628055e+13	-2.631734e+13	-2.648988e+13	-2.679906e+13	-2.724648e+13	-2.783444e+13	-2.856597e+13	-2.944486e+13	-3.047562e+13	-3.166359e+13	-3.301488e+13	-3.453647e+13	-3.623621e+13	
-2.834508e+13	-2.756347e+13	-2.692404e+13	-2.642349e+13	-2.605924e+13	-2.582940e+13	-2.573280e+13	-2.576894e+13	-2.593799e+13	-2.624084e+13	-2.667905e+13	-2.725487e+13	-2.797128e+13	-2.883197e+13	-2.984138e+13	-3.100472e+13	-3.232798e+13	-3.381801e+13	-3.548247e+13	
-2.772515e+13	-2.696074e+13	-2.633540e+13	-2.584590e+13	-2.548972e+13	-2.526502e+13	-2.517064e+13	-2.520610e+13	-2.537158e+13	-2.566792e+13	-2.609667e+13	-2.666003e+13	-2.736091e+13	-2.820292e+13	-2.919041e+13	-3.032847e+13	-3.162296e+13	-3.308058e+13	-3.470883e+13	
-2.709107e+13	-2.634425e+13	-2.573331e+13	-2.525511e+13	-2.490718e+13	-2.468773e+13	-2.459562e+13	-2.463039e+13	-2.479220e+13	-2.508189e+13	-2.550096e+13	-2.605157e+13	-2.673656e+13	-2.755946e+13	-2.852452e+13	-2.963672e+13	-3.090178e+13	-3.232625e+13	-3.391746e+13	
-2.644455e+13	-2.571565e+13	-2.511940e+13	-2.465272e+13	-2.431320e+13	-2.409910e+13	-2.400930e+13	-2.404335e+13	-2.420142e+13	-2.448433e+13	-2.489353e+13	-2.543113e+13	-2.609992e+13	-2.690333e+13	-2.784552e+13	-2.893134e+13	-3.016639e+13	-3.155705e+13	-3.311049e+13	
-2.578727e+13	-2.507660e+13	-2.449527e+13	-2.404030e+13	-2.370933e+13	-2.350066e+13	-2.341321e+13	-2.344653e+13	-2.360080e+13	-2.387680e+13	-2.427596e+13	-2.480034e+13	-2.545265e+13	-2.623625e+13	-2.715517e+13	-2.821418e+13	-2.941871e+13	-3.077500e+13	-3.229002e+13	
-2.512092e+13	-2.442872e+13	-2.386252e+13	-2.341942e+13	-2.309711e+13	-2.289395e+13	-2.280887e+13	-2.284145e+13	-2.299185e+13	-2.326085e+13	-2.364983e+13	-2.416080e+13	-2.479640e+13	-2.555990e+13	-2.645525e+13	-2.748706e+13	-2.866065e+13	-2.998208e+13	-3.145816e+13	
-2.444714e+13	-2.377361e+13	-2.322271e+13	-2.279160e+13	-2.247805e+13	-2.228045e+13	-2.219777e+13	-2.222960e+13	-2.237609e+13	-2.263800e+13	-2.301669e+13	-2.351409e+13	-2.413279e+13	-2.487597e+13	-2.574747e+13	-2.675178e+13	-2.789407e+13	-2.918025e+13	-3.061695e+13	
-2.376753e+13	-2.311284e+13	-2.257736e+13	-2.215835e+13	-2.185363e+13	-2.166164e+13	-2.158138e+13	-2.161245e+13	-2.175499e+13	-2.200975e+13	-2.237805e+13	-2.286177e+13	-2.346342e+13	-2.418610e+13	-2.503353e+13	-2.601010e+13	-2.712082e+13	-2.837145e+13	-2.976842e+13	
-2.308369e+13	-2.244795e+13	-2.192799e+13	-2.152115e+13	-2.122531e+13	-2.103896e+13	-2.096113e+13	-2.099142e+13	-2.113000e+13	-2.137756e+13	-2.173539e+13	-2.220534e+13	-2.278983e+13	-2.349188e+13	-2.431510e+13	-2.526374e+13	-2.634270e+13	-2.755754e+13	-2.891453e+13	
-2.239716e+13	-2.178043e+13	-2.127606e+13	-2.088142e+13	-2.059450e+13	-2.041381e+13	-2.033842e+13	-2.036793e+13	-2.050251e+13	-2.074285e+13	-2.109018e+13	-2.154630e+13	-2.211356e+13	-2.279488e+13	-2.359379e+13	-2.451440e+13	-2.556145e+13	-2.674036e+13	-2.805721e+13	
-2.170943e+13	-2.111176e+13	-2.062298e+13	-2.024058e+13	-1.996258e+13	-1.978756e+13	-1.971460e+13	-1.974334e+13	-1.987392e+13	-2.010701e+13	-2.044381e+13	-2.088607e+13	-2.143607e+13	-2.209663e+13	-2.287118e+13	-2.376370e+13	-2.477880e+13	-2.592171e+13	-2.719833e+13	
-2.102196e+13	-2.044333e+13	-1.997014e+13	-1.959997e+13	-1.933089e+13	-1.916153e+13	-1.909101e+13	-1.911896e+13	-1.924553e+13	-1.947138e+13	-1.979766e+13	-2.022606e+13	-2.075880e+13	-2.139861e+13	-2.214880e+13	-2.301323e+13	-2.399638e+13	-2.510330e+13	-2.633971e+13	
-2.033616e+13	-1.977652e+13	-1.931888e+13	-1.896090e+13	-1.870072e+13	-1.853701e+13	-1.846891e+13	-1.849607e+13	-1.861865e+13	-1.883726e+13	-1.915304e+13	-1.956762e+13	-2.008313e+13	-2.070223e+13	-2.142812e+13	-2.226453e+13	-2.321580e+13	-2.428681e+13	-2.548311e+13	
-1.965338e+13	-1.911264e+13	-1.867048e+13	-1.832464e+13	-1.807331e+13	-1.791521e+13	-1.784953e+13	-1.787591e+13	-1.799450e+13	-1.820591e+13	-1.851123e+13	-1.891204e+13	-1.941039e+13	-2.000887e+13	-2.071056e+13	-2.151908e+13	-2.243860e+13	-2.347386e+13	-2.463021e+13	
-1.897491e+13	-1.845295e+13	-1.802618e+13	-1.769239e+13	-1.744986e+13	-1.729734e+13	-1.723404e+13	-1.725965e+13	-1.737427e+13	-1.757852e+13	-1.787345e+13	-1.826057e+13	-1.874188e+13	-1.931986e+13	-1.999750e+13	-2.077829e+13	-2.166626e+13	-2.266599e+13	-2.378264e+13	
-1.830200e+13	-1.779867e+13	-1.738715e+13	-1.706531e+13	-1.683150e+13	-1.668451e+13	-1.662359e+13	-1.664841e+13	-1.675911e+13	-1.695625e+13	-1.724086e+13	-1.761440e+13	-1.807880e+13	-1.863645e+13	-1.929023e+13	-2.004352e+13	-2.090020e+13	-2.186468e+13	-2.294194e+13	
-1.763583e+13	-1.715094e+13	-1.675451e+13	-1.644451e+13	-1.621933e+13	-1.607781e+13	-1.601923e+13	-1.604328e+13	-1.615008e+13	-1.634019e+13	-1.661458e+13	-1.697467e+13	-1.742233e+13	-1.795985e+13	-1.859001e+13	-1.931606e+13	-2.014175e+13	-2.107133e+13	-2.210961e+13	
-1.697753e+13	-1.651085e+13	-1.612934e+13	-1.583103e+13	-1.561437e+13	-1.547826e+13	-1.542199e+13	-1.544527e+13	-1.554822e+13	-1.573136e+13	-1.599566e+13	-1.634246e+13	-1.677356e+13	-1.729119e+13	-1.789800e+13	-1.859714e+13	-1.939220e+13	-2.028729e+13	-2.128703e+13	
-1.632815e+13	-1.587944e+13	-1.551264e+13	-1.522585e+13	-1.501760e+13	-1.488682e+13	-1.483282e+13	-1.485534e+13	-1.495448e+13	-1.513077e+13	-1.538510e+13	-1.571878e+13	-1.613355e+13	-1.663154e+13	-1.721532e+13	-1.788790e+13	-1.865275e+13	-1.951381e+13	-2.047553e+13	
-1.568869e+13	-1.525766e+13	-1.490534e+13	-1.462990e+13	-1.442993e+13	-1.430439e+13	-1.425264e+13	-1.427440e+13	-1.436979e+13	-1.453931e+13	-1.478382e+13	-1.510459e+13	-1.550328e+13	-1.598193e+13	-1.654302e+13	-1.718944e+13	-1.792453e+13	-1.875208e+13	-1.967635e+13	
-1.506006e+13	-1.464643e+13	-1.430834e+13	-1.404406e+13	-1.385222e+13	-1.373183e+13	-1.368227e+13	-1.370329e+13	-1.379499e+13	-1.395786e+13	-1.419271e+13	-1.450078e+13	-1.488365e+13	-1.534329e+13	-1.588207e+13	-1.650277e+13	-1.720860e+13	-1.800320e+13	-1.889066e+13	
-1.444315e+13	-1.404657e+13	-1.372245e+13	-1.346911e+13	-1.328524e+13	-1.316991e+13	-1.312251e+13	-1.314279e+13	-1.323087e+13	-1.338720e+13	-1.361258e+13	-1.390818e+13	-1.427552e+13	-1.471649e+13	-1.523338e+13	-1.582884e+13	-1.650595e+13	-1.726820e+13	-1.811952e+13	
-1.383873e+13	-1.345886e+13	-1.314842e+13	-1.290580e+13	-1.272975e+13	-1.261936e+13	-1.257406e+13	-1.259363e+13	-1.267815e+13	-1.282807e+13	-1.304417e+13	-1.332754e+13	-1.367966e+13	-1.410235e+13	-1.459778e+13	-1.516850e+13	-1.581747e+13	-1.654803e+13	-1.736394e+13	
-1.324754e+13	-1.288401e+13	-1.258695e+13	-1.235481e+13	-1.218639e+13	-1.208084e+13	-1.203760e+13	-1.205646e+13	-1.213750e+13	-1.228116e+13	-1.248816e+13	-1.275957e+13	-1.309681e+13	-1.350160e+13	-1.397603e+13	-1.452256e+13	-1.514399e+13	-1.584355e+13	-1.662482e+13	
-1.267023e+13	-1.232266e+13	-1.203866e+13	-1.181675e+13	-1.165579e+13	-1.155495e+13	-1.151372e+13	-1.153188e+13	-1.160952e+13	-1.174705e+13	-1.194517e+13	-1.220491e+13	-1.252760e+13	-1.291491e+13	-1.336884e+13	-1.389173e+13	-1.448628e+13	-1.515554e+13	-1.590299e+13	
-1.210741e+13	-1.177539e+13	-1.150411e+13	-1.129217e+13	-1.113848e+13	-1.104224e+13	-1.100296e+13	-1.102044e+13	-1.109476e+13	-1.122631e+13	-1.141577e+13	-1.166411e+13	-1.197262e+13	-1.234289e+13	-1.277682e+13	-1.327666e+13	-1.384499e+13	-1.448472e+13	-1.519918e+13	
-1.155957e+13	-1.124269e+13	-1.098380e+13	-1.078156e+13	-1.063494e+13	-1.054317e+13	-1.050579e+13	-1.052260e+13	-1.059368e+13	-1.071941e+13	-1.090044e+13	-1.113769e+13	-1.143239e+13	-1.178606e+13	-1.220053e+13	-1.267793e+13	-1.322072e+13	-1.383171e+13	-1.451405e+13	
-1.102720e+13	-1.072502e+13	-1.047816e+13	-1.028535e+13	-1.014559e+13	-1.005816e+13	-1.002262e+13	-1.003878e+13	-1.010672e+13	-1.022679e+13	-1.039961e+13	-1.062608e+13	-1.090735e+13	-1.124489e+13	-1.164044e+13	-1.209602e+13	-1.261401e+13	-1.319705e+13	-1.384817e+13	
-1.051067e+13	-1.022275e+13	-9.987564e+12	-9.803894e+12	-9.670795e+12	-9.587579e+12	-9.553818e+12	-9.569337e+12	-9.634217e+12	-9.748793e+12	-9.913654e+12	-1.012965e+13	-1.039790e+13	-1.071979e+13	-1.109696e+13	-1.153138e+13	-1.202528e+13	-1.258121e+13	-1.320204e+13	
-1.001031e+13	-9.736208e+12	-9.512323e+12	-9.337504e+12	-9.210851e+12	-9.131708e+12	-9.099669e+12	-9.114568e+12	-9.176482e+12	-9.285730e+12	-9.442875e+12	-9.648729e+12	-9.904353e+12	-1.021107e+13	-1.057045e+13	-1.098436e+13	-1.145492e+13	-1.198458e+13	-1.257605e+13	
-9.526389e+12	-9.265639e+12	-9.052682e+12	-8.886421e+12	-8.765998e+12	-8.690792e+12	-8.660415e+12	-8.674710e+12	-8.733751e+12	-8.837842e+12	-8.987521e+12	-9.183559e+12	-9.426968e+12	-9.719003e+12	-1.006117e+13	-1.045524e+13	-1.090323e+13	-1.140747e+13	-1.197055e+13	
-9.059096e+12	-8.811238e+12	-8.608831e+12	-8.450830e+12	-8.336420e+12	-8.265011e+12	-8.236235e+12	-8.249943e+12	-8.306205e+12	-8.405313e+12	-8.547778e+12	-8.734333e+12	-8.965942e+12	-9.243799e+12	-9.569337e+12	-9.944236e+12	-1.037043e+13	-1.085012e+13	-1.138577e+13	
-8.608571e+12	-8.373141e+12	-8.180901e+12	-8.030860e+12	-7.922244e+12	-7.854492e+12	-7.827255e+12	-7.840393e+12	-7.893974e+12	-7.988273e+12	-8.123777e+12	-8.301185e+12	-8.521413e+12	-8.785596e+12	-9.095096e+12	-9.451511e+12	-9.856679e+12	-1.031269e+13	-1.082190e+13	
-8.174894e+12	-7.951423e+12	-7.768967e+12	-7.626584e+12	-7.523542e+12	-7.459307e+12	-7.433548e+12	-7.446134e+12	-7.497128e+12	-7.586794e+12	-7.715594e+12	-7.884193e+12	-8.093460e+12	-8.344475e+12	-8.638532e+12	-8.977148e+12	-9.362071e+12	-9.795285e+12	-1.027902e+13	
-7.758088e+12	-7.546106e+12	-7.373049e+12	-7.238024e+12	-7.140334e+12	-7.079476e+12	-7.055134e+12	-7.067185e+12	-7.115689e+12	-7.200898e+12	-7.323250e+12	-7.483377e+12	-7.682105e+12	-7.920459e+12	-8.199669e+12	-8.521173e+12	-8.886632e+12	-9.297930e+12	-9.757188e+12	
-7.358117e+12	-7.157158e+12	-6.993118e+12	-6.865149e+12	-6.772592e+12	-6.714969e+12	-6.691983e+12	-6.703517e+12	-6.749628e+12	-6.830555e+12	-6.946716e+12	-7.098709e+12	-7.287319e+12	-7.513518e+12	-7.778473e+12	-8.083552e+12	-8.430327e+12	-8.820587e+12	-9.256346e+12	
-6.974898e+12	-6.784496e+12	-6.629090e+12	-6.507878e+12	-6.420235e+12	-6.365709e+12	-6.344019e+12	-6.355052e+12	-6.398866e+12	-6.475687e+12	-6.585910e+12	-6.730105e+12	-6.909016e+12	-7.123564e+12	-7.374858e+12	-7.664192e+12	-7.993060e+12	-8.363157e+12	-8.776394e+12	
-6.608293e+12	-6.427986e+12	-6.280837e+12	-6.166086e+12	-6.083140e+12	-6.031572e+12	-6.011117e+12	-6.021668e+12	-6.063280e+12	-6.136168e+12	-6.240708e+12	-6.377438e+12	-6.547064e+12	-6.750462e+12	-6.988680e+12	-7.262947e+12	-7.574677e+12	-7.925480e+12	-8.317163e+12	
-6.258118e+12	-6.087451e+12	-5.948185e+12	-5.839600e+12	-5.761138e+12	-5.712392e+12	-5.693113e+12	-5.703199e+12	-5.742704e+12	-5.811831e+12	-5.910936e+12	-6.040531e+12	-6.201285e+12	-6.394026e+12	-6.619749e+12	-6.879617e+12	-7.174973e+12	-7.507338e+12	-7.878427e+12	
-5.924145e+12	-5.762668e+12	-5.630916e+12	-5.528210e+12	-5.454019e+12	-5.407961e+12	-5.389798e+12	-5.399438e+12	-5.436928e+12	-5.502463e+12	-5.596382e+12	-5.719167e+12	-5.871453e+12	-6.054025e+12	-6.267826e+12	-6.513956e+12	-6.793688e+12	-7.108462e+12	-7.459903e+12	
-5.606103e+12	-5.453373e+12	-5.328774e+12	-5.231661e+12	-5.161534e+12	-5.118032e+12	-5.100929e+12	-5.110138e+12	-5.145706e+12	-5.207817e+12	-5.296790e+12	-5.413086e+12	-5.557303e+12	-5.730187e+12	-5.932627e+12	-6.165669e+12	-6.430516e+12	-6.728532e+12	-7.061255e+12	
-5.303680e+12	-5.159265e+12	-5.041462e+12	-4.949665e+12	-4.883399e+12	-4.842322e+12	-4.826223e+12	-4.835019e+12	-4.868754e+12	-4.927604e+12	-5.011871e+12	-5.121991e+12	-5.258531e+12	-5.422195e+12	-5.613829e+12	-5.834419e+12	-6.085105e+12	-6.367179e+12	-6.682096e+12	
-5.016530e+12	-4.880005e+12	-4.768653e+12	-4.681898e+12	-4.619294e+12	-4.580516e+12	-4.565366e+12	-4.573765e+12	-4.605757e+12	-4.661506e+12	-4.741300e+12	-4.845550e+12	-4.974795e+12	-5.129701e+12	-5.311067e+12	-5.519829e+12	-5.757062e+12	-6.023992e+12	-6.321995e+12	
-4.744271e+12	-4.615224e+12	-4.509983e+12	-4.428006e+12	-4.368869e+12	-4.332268e+12	-4.318014e+12	-4.326033e+12	-4.356366e+12	-4.409170e+12	-4.484718e+12	-4.583399e+12	-4.705722e+12	-4.852318e+12	-5.023944e+12	-5.221484e+12	-5.445957e+12	-5.698522e+12	-5.980481e+12	
-4.486492e+12	-4.364521e+12	-4.265063e+12	-4.187605e+12	-4.131748e+12	-4.097204e+12	-4.083793e+12	-4.091448e+12	-4.120207e+12	-4.170219e+12	-4.241741e+12	-4.335144e+12	-4.450908e+12	-4.589631e+12	-4.752028e+12	-4.938937e+12	-5.151322e+12	-5.390279e+12	-5.657039e+12	
-4.242753e+12	-4.127469e+12	-4.033475e+12	-3.960287e+12	-3.907527e+12	-3.874923e+12	-3.862306e+12	-3.869612e+12	-3.896878e+12	-3.944245e+12	-4.011958e+12	-4.100364e+12	-4.209922e+12	-4.341195e+12	-4.494860e+12	-4.671711e+12	-4.872660e+12	-5.098743e+12	-5.351126e+12	
-4.012591e+12	-3.903618e+12	-3.814780e+12	-3.745620e+12	-3.695780e+12	-3.665004e+12	-3.653133e+12	-3.660106e+12	-3.685958e+12	-3.730823e+12	-3.794932e+12	-3.878616e+12	-3.982307e+12	-4.106540e+12	-4.251955e+12	-4.419302e+12	-4.609445e+12	-4.823365e+12	-5.062164e+12	
-3.795521e+12	-3.692495e+12	-3.608517e+12	-3.543151e+12	-3.496062e+12	-3.467006e+12	-3.455834e+12	-3.462488e+12	-3.487002e+12	-3.529503e+12	-3.590209e+12	-3.669435e+12	-3.767588e+12	-3.885175e+12	-4.022803e+12	-4.181182e+12	-4.361127e+12	-4.563568e+12	-4.789549e+12	
-3.591038e+12	-3.493612e+12	-3.414206e+12	-3.352412e+12	-3.307910e+12	-3.280471e+12	-3.269953e+12	-3.276303e+12	-3.299552e+12	-3.339821e+12	-3.397317e+12	-3.472338e+12	-3.565270e+12	-3.676592e+12	-3.806878e+12	-3.956801e+12	-4.127135e+12	-4.318756e+12	-4.532655e+12	
-3.398623e+12	-3.306462e+12	-3.231356e+12	-3.172918e+12	-3.130847e+12	-3.104925e+12	-3.095020e+12	-3.101078e+12	-3.123133e+12	-3.161298e+12	-3.215769e+12	-3.286828e+12	-3.374841e+12	-3.480262e+12	-3.603635e+12	-3.745596e+12	-3.906878e+12	-4.088313e+12	-4.290835e+12	
-3.217745e+12	-3.130529e+12	-3.059461e+12	-3.004175e+12	-2.964385e+12	-2.939886e+12	-2.930551e+12	-2.936333e+12	-2.957261e+12	-2.993443e+12	-3.045066e+12	-3.112395e+12	-3.195780e+12	-3.295649e+12	-3.412517e+12	-3.546988e+12	-3.699755e+12	-3.871606e+12	-4.063427e+12	
-3.047860e+12	-2.965286e+12	-2.898008e+12	-2.845678e+12	-2.808027e+12	-2.784860e+12	-2.776057e+12	-2.781575e+12	-2.801440e+12	-2.835756e+12	-2.884699e+12	-2.948522e+12	-3.027554e+12	-3.122202e+12	-3.232956e+12	-3.360386e+12	-3.505150e+12	-3.667993e+12	-3.849758e+12	
-2.888422e+12	-2.810201e+12	-2.746475e+12	-2.696916e+12	-2.661268e+12	-2.639348e+12	-2.631042e+12	-2.636307e+12	-2.655171e+12	-2.687731e+12	-2.734154e+12	-2.794681e+12	-2.869624e+12	-2.959368e+12	-3.064378e+12	-3.185194e+12	-3.322441e+12	-3.476825e+12	-3.649143e+12	
-2.738878e+12	-2.664736e+12	-2.604338e+12	-2.557375e+12	-2.523602e+12	-2.502848e+12	-2.495003e+12	-2.500028e+12	-2.517949e+12	-2.548857e+12	-2.592914e+12	-2.650345e+12	-2.721447e+12	-2.806587e+12	-2.906204e+12	-3.020811e+12	-3.151001e+12	-3.297444e+12	-3.460896e+12	
-2.598674e+12	-2.528352e+12	-2.471072e+12	-2.426538e+12	-2.394521e+12	-2.374856e+12	-2.367440e+12	-2.372236e+12	-2.389268e+12	-2.418625e+12	-2.460458e+12	-2.514982e+12	-2.582479e+12	-2.663297e+12	-2.757853e+12	-2.866634e+12	-2.990202e+12	-3.129194e+12	-3.284327e+12	
-2.467257e+12	-2.400513e+12	-2.346152e+12	-2.303893e+12	-2.273517e+12	-2.254869e+12	-2.247852e+12	-2.252430e+12	-2.268626e+12	-2.296524e+12	-2.336268e+12	-2.388064e+12	-2.452177e+12	-2.528939e+12	-2.618746e+12	-2.722061e+12	-2.839417e+12	-2.971419e+12	-3.118748e+12	
-2.344079e+12	-2.280686e+12	-2.229057e+12	-2.188926e+12	-2.160086e+12	-2.142388e+12	-2.135742e+12	-2.140111e+12	-2.155520e+12	-2.182048e+12	-2.219830e+12	-2.269064e+12	-2.330001e+12	-2.402957e+12	-2.488308e+12	-2.586495e+12	-2.698023e+12	-2.823468e+12	-2.963477e+12	
-2.228597e+12	-2.168343e+12	-2.119273e+12	-2.081134e+12	-2.053731e+12	-2.036921e+12	-2.030618e+12	-2.034789e+12	-2.049456e+12	-2.074695e+12	-2.110635e+12	-2.157463e+12	-2.215419e+12	-2.284802e+12	-2.365971e+12	-2.459345e+12	-2.565404e+12	-2.684696e+12	-2.817836e+12	
-2.120278e+12	-2.062964e+12	-2.016292e+12	-1.980019e+12	-1.953960e+12	-1.937980e+12	-1.931996e+12	-1.935978e+12	-1.949946e+12	-1.973973e+12	-2.008181e+12	-2.052749e+12	-2.107904e+12	-2.173933e+12	-2.251175e+12	-2.340029e+12	-2.440954e+12	-2.554470e+12	-2.681162e+12	
-2.018599e+12	-1.964042e+12	-1.919617e+12	-1.885094e+12	-1.860294e+12	-1.845090e+12	-1.839403e+12	-1.843204e+12	-1.856513e+12	-1.879399e+12	-1.911978e+12	-1.954420e+12	-2.006943e+12	-2.069819e+12	-2.143371e+12	-2.227979e+12	-2.324079e+12	-2.432168e+12	-2.552802e+12	
-1.923047e+12	-1.871080e+12	-1.828765e+12	-1.795882e+12	-1.772263e+12	-1.757786e+12	-1.752375e+12	-1.756004e+12	-1.768691e+12	-1.790501e+12	-1.821546e+12	-1.861988e+12	-1.912034e+12	-1.971943e+12	-2.042023e+12	-2.122637e+12	-2.214199e+12	-2.317183e+12	-2.432120e+12	
-1.833129e+12	-1.783596e+12	-1.743263e+12	-1.711922e+12	-1.689412e+12	-1.675616e+12	-1.670463e+12	-1.673927e+12	-1.686026e+12	-1.706821e+12	-1.736420e+12	-1.774976e+12	-1.822688e+12	-1.879802e+12	-1.946612e+12	-2.023463e+12	-2.110751e+12	-2.208927e+12	-2.318497e+12	
-1.748363e+12	-1.701122e+12	-1.662657e+12	-1.632767e+12	-1.611300e+12	-1.598145e+12	-1.593232e+12	-1.596538e+12	-1.608080e+12	-1.627916e+12	-1.656149e+12	-1.692925e+12	-1.738434e+12	-1.792909e+12	-1.856633e+12	-1.929934e+12	-2.013190e+12	-2.106830e+12	-2.211337e+12	
-1.668287e+12	-1.623211e+12	-1.586507e+12	-1.557987e+12	-1.537503e+12	-1.524951e+12	-1.520264e+12	-1.523419e+12	-1.534432e+12	-1.553360e+12	-1.580300e+12	-1.615392e+12	-1.658817e+12	-1.710798e+12	-1.771603e+12	-1.841547e+12	-1.920990e+12	-2.010342e+12	-2.110064e+12	
-1.592460e+12	-1.549431e+12	-1.514394e+12	-1.487169e+12	-1.467615e+12	-1.455631e+12	-1.451156e+12	-1.454166e+12	-1.464677e+12	-1.482743e+12	-1.508457e+12	-1.541952e+12	-1.583401e+12	-1.633018e+12	-1.691058e+12	-1.757821e+12	-1.833650e+12	-1.918939e+12	-2.014125e+12	
-1.520459e+12	-1.479373e+12	-1.445917e+12	-1.419920e+12	-1.401248e+12	-1.389803e+12	-1.385527e+12	-1.388398e+12	-1.398430e+12	-1.415676e+12	-1.440225e+12	-1.472202e+12	-1.511773e+12	-1.559142e+12	-1.614554e+12	-1.678294e+12	-1.750691e+12	-1.832118e+12	-1.922995e+12	
-1.451884e+12	-1.412647e+12	-1.380696e+12	-1.355868e+12	-1.338034e+12	-1.327101e+12	-1.323014e+12	-1.325751e+12	-1.335327e+12	-1.351790e+12	-1.375227e+12	-1.405757e+12	-1.443538e+12	-1.488765e+12	-1.541672e+12	-1.602531e+12	-1.671656e+12	-1.749404e+12	-1.836175e+12	
-1.386357e+12	-1.348886e+12	-1.318373e+12	-1.294661e+12	-1.277626e+12	-1.267182e+12	-1.263274e+12	-1.265883e+12	-1.275021e+12	-1.290736e+12	-1.313109e+12	-1.342255e+12	-1.378324e+12	-1.421504e+12	-1.472016e+12	-1.530120e+12	-1.596118e+12	-1.670348e+12	-1.753195e+12	
-1.323525e+12	-1.287747e+12	-1.258612e+12	-1.235968e+12	-1.219700e+12	-1.209724e+12	-1.205988e+12	-1.208472e+12	-1.217190e+12	-1.232186e+12	-1.253538e+12	-1.281357e+12	-1.315784e+12	-1.356999e+12	-1.405214e+12	-1.460677e+12	-1.523674e+12	-1.594531e+12	-1.673613e+12	
-1.263058e+12	-1.228909e+12	-1.201098e+12	-1.179484e+12	-1.163953e+12	-1.154427e+12	-1.150855e+12	-1.153219e+12	-1.161532e+12	-1.175837e+12	-1.196207e+12	-1.222747e+12	-1.255594e+12	-1.294917e+12	-1.340921e+12	-1.393840e+12	-1.453950e+12	-1.521560e+12	-1.597017e+12	
-1.204650e+12	-1.172075e+12	-1.145545e+12	-1.124924e+12	-1.110105e+12	-1.101013e+12	-1.097600e+12	-1.099848e+12	-1.107770e+12	-1.121406e+12	-1.140827e+12	-1.166132e+12	-1.197452e+12	-1.234949e+12	-1.278816e+12	-1.329279e+12	-1.386599e+12	-1.451072e+12	-1.523029e+12	
-1.148023e+12	-1.116973e+12	-1.091684e+12	-1.072026e+12	-1.057899e+12	-1.049227e+12	-1.045969e+12	-1.048105e+12	-1.055648e+12	-1.068636e+12	-1.087136e+12	-1.111244e+12	-1.141084e+12	-1.176810e+12	-1.218606e+12	-1.266688e+12	-1.321303e+12	-1.382735e+12	-1.451298e+12	
-1.092922e+12	-1.063356e+12	-1.039275e+12	-1.020556e+12	-1.007100e+12	-9.988390e+11	-9.957304e+11	-9.977580e+11	-1.004932e+12	-1.017290e+12	-1.034895e+12	-1.057839e+12	-1.086239e+12	-1.120242e+12	-1.160023e+12	-1.205788e+12	-1.257773e+12	-1.316246e+12	-1.381508e+12	
-1.039117e+12	-1.011002e+12	-9.881011e+11	-9.702974e+11	-9.574987e+11	-9.496389e+11	-9.466776e+11	-9.485995e+11	-9.554144e+11	-9.671576e+11	-9.838896e+11	-1.005697e+12	-1.032691e+12	-1.065013e+12	-1.102828e+12	-1.146331e+12	-1.195748e+12	-1.251333e+12	-1.313372e+12	
-9.864051e+11	-9.597111e+11	-9.379675e+11	-9.210621e+11	-9.089077e+11	-9.014417e+11	-8.986255e+11	-9.004445e+11	-9.069083e+11	-9.180501e+11	-9.339273e+11	-9.546220e+11	-9.802408e+11	-1.010916e+12	-1.046805e+12	-1.088095e+12	-1.134996e+12	-1.187753e+12	-1.246636e+12	
-9.346074e+11	-9.093110e+11	-8.887051e+11	-8.726832e+11	-8.611629e+11	-8.540845e+11	-8.514118e+11	-8.531308e+11	-8.592504e+11	-8.698022e+11	-8.848406e+11	-9.044432e+11	-9.287112e+11	-9.577696e+11	-9.917683e+11	-1.030883e+12	-1.075315e+12	-1.125294e+12	-1.181077e+12	
-8.835698e+11	-8.596515e+11	-8.401675e+11	-8.250172e+11	-8.141226e+11	-8.074273e+11	-8.048969e+11	-8.065184e+11	-8.123000e+11	-8.222716e+11	-8.364847e+11	-8.550125e+11	-8.779507e+11	-9.054175e+11	-9.375547e+11	-9.745279e+11	-1.016528e+12	-1.063772e+12	-1.116502e+12	
-8.331627e+11	-8.106065e+11	-7.922316e+11	-7.779432e+11	-7.676676e+11	-7.613518e+11	-7.589631e+11	-7.604894e+11	-7.659384e+11	-7.753383e+11	-7.887376e+11	-8.062053e+11	-8.278316e+11	-8.537280e+11	-8.840281e+11	-9.188882e+11	-9.584881e+11	-1.003032e+12	-1.052750e+12	
-7.832800e+11	-7.620729e+11	-7.447967e+11	-7.313623e+11	-7.217005e+11	-7.157613e+11	-7.135142e+11	-7.149475e+11	-7.200687e+11	-7.289041e+11	-7.414994e+11	-7.579195e+11	-7.782491e+11	-8.025930e+11	-8.310769e+11	-8.638477e+11	-9.010743e+11	-9.429489e+11	-9.896874e+11	
-7.338384e+11	-7.139696e+11	-6.977836e+11	-6.851970e+11	-6.761447e+11	-6.705801e+11	-6.684745e+11	-6.698170e+11	-6.746146e+11	-6.828920e+11	-6.946919e+11	-7.100751e+11	-7.291211e+11	-7.519280e+11	-7.786135e+11	-8.093152e+11	-8.441916e+11	-8.834225e+11	-9.272103e+11	
-6.847770e+11	-6.662374e+11	-6.511345e+11	-6.393902e+11	-6.309441e+11	-6.257524e+11	-6.237886e+11	-6.250424e+11	-6.295202e+11	-6.372453e+11	-6.482574e+11	-6.626133e+11	-6.803872e+11	-7.016706e+11	-7.265734e+11	-7.552240e+11	-7.877702e+11	-8.243799e+11	-8.652418e+11	
-6.360557e+11	-6.188374e+11	-6.048112e+11	-5.939048e+11	-5.860618e+11	-5.812418e+11	-5.794201e+11	-5.805871e+11	-5.847488e+11	-5.919269e+11	-6.021582e+11	-6.154956e+11	-6.320078e+11	-6.517800e+11	-6.749143e+11	-7.015299e+11	-7.317641e+11	-7.657730e+11	-8.037318e+11	
-5.876547e+11	-5.717502e+11	-5.587950e+11	-5.487221e+11	-5.414796e+11	-5.370302e+11	-5.353509e+11	-5.364330e+11	-5.402822e+11	-5.469182e+11	-5.563754e+11	-5.687025e+11	-5.839630e+11	-6.022358e+11	-6.236150e+11	-6.482110e+11	-6.761505e+11	-7.075778e+11	-7.426549e+11	
-5.395733e+11	-5.249752e+11	-5.130849e+11	-5.038413e+11	-4.971966e+11	-4.931165e+11	-4.915800e+11	-4.925792e+11	-4.961192e+11	-5.022183e+11	-5.109080e+11	-5.222330e+11	-5.362518e+11	-5.530367e+11	-5.726743e+11	-5.952658e+11	-6.209278e+11	-6.497928e+11	-6.820094e+11	
-4.918285e+11	-4.785287e+11	-4.676972e+11	-4.592783e+11	-4.532283e+11	-4.495163e+11	-4.481229e+11	-4.490410e+11	-4.522754e+11	-4.578427e+11	-4.657716e+11	-4.761031e+11	-4.888904e+11	-5.041996e+11	-5.221095e+11	-5.427125e+11	-5.661149e+11	-5.924375e+11	-6.218161e+11	
-4.444538e+11	-4.324434e+11	-4.226637e+11	-4.150641e+11	-4.096056e+11	-4.062598e+11	-4.050096e+11	-4.058486e+11	-4.087810e+11	-4.138220e+11	-4.209975e+11	-4.303447e+11	-4.419116e+11	-4.557580e+11	-4.719554e+11	-4.905871e+11	-5.117494e+11	-5.355514e+11	-5.621159e+11	
-3.974981e+11	-3.867668e+11	-3.780306e+11	-3.712443e+11	-3.663730e+11	-3.633915e+11	-3.622844e+11	-3.630461e+11	-3.656805e+11	-3.702011e+11	-3.766312e+11	-3.850042e+11	-3.953630e+11	-4.077612e+11	-4.222627e+11	-4.389424e+11	-4.578862e+11	-4.791919e+11	-5.029693e+11	
-3.510241e+11	-3.415598e+11	-3.338574e+11	-3.278771e+11	-3.235881e+11	-3.209682e+11	-3.200039e+11	-3.206902e+11	-3.230308e+11	-3.270376e+11	-3.327313e+11	-3.401413e+11	-3.493059e+11	-3.602722e+11	-3.730969e+11	-3.878461e+11	-4.045959e+11	-4.234327e+11	-4.444536e+11	
-3.051069e+11	-2.968955e+11	-2.902155e+11	-2.850326e+11	-2.813198e+11	-2.790582e+11	-2.782360e+11	-2.788490e+11	-2.809004e+11	-2.844007e+11	-2.893680e+11	-2.958280e+11	-3.038138e+11	-3.133668e+11	-3.245363e+11	-3.373797e+11	-3.519634e+11	-3.683626e+11	-3.866619e+11	
-2.598329e+11	-2.528577e+11	-2.471867e+11	-2.427908e+11	-2.396472e+11	-2.377398e+11	-2.370587e+11	-2.376005e+11	-2.393678e+11	-2.423698e+11	-2.466220e+11	-2.521463e+11	-2.589712e+11	-2.671320e+11	-2.766707e+11	-2.876365e+11	-3.000860e+11	-3.140835e+11	-3.297010e+11	
-2.152977e+11	-2.095393e+11	-2.048618e+11	-2.012410e+11	-1.986582e+11	-1.971001e+11	-1.965587e+11	-1.970312e+11	-1.985201e+11	-2.010329e+11	-2.045827e+11	-2.091878e+11	-2.148719e+11	-2.216644e+11	-2.296003e+11	-2.387205e+11	-2.490720e+11	-2.607084e+11	-2.736895e+11	
