-4.634951e-03	-4.530658e-03	-4.450046e-03	-4.391470e-03	-4.353793e-03	-4.336346e-03	-4.338915e-03	-4.361745e-03	-4.405574e-03	-4.471695e-03	-4.562051e-03	-4.679373e-03	-4.827365e-03	-5.010963e-03	-5.236679e-03	-5.513063e-03	-5.851315e-03	-6.266099e-03	-6.776634e-03	
-1.224194e+12	-1.150910e+12	-1.083563e+12	-1.021804e+12	-9.653172e+11	-9.138091e+11	-8.670147e+11	-8.246925e+11	-7.866243e+11	-7.526136e+11	-7.224851e+11	-6.960832e+11	-6.732720e+11	-6.539336e+11	-6.379683e+11	-6.252938e+11	-6.158447e+11	-6.095722e+11	-6.064440e+11	
-2.446255e+12	-2.299815e+12	-2.165238e+12	-2.041829e+12	-1.928953e+12	-1.826027e+12	-1.732519e+12	-1.647949e+12	-1.571879e+12	-1.503916e+12	-1.443712e+12	-1.390954e+12	-1.345371e+12	-1.306728e+12	-1.274826e+12	-1.249499e+12	-1.230617e+12	-1.218083e+12	-1.211832e+12	
-3.664058e+12	-3.444717e+12	-3.243144e+12	-3.058300e+12	-2.889231e+12	-2.735066e+12	-2.595008e+12	-2.468336e+12	-2.354397e+12	-2.252601e+12	-2.162425e+12	-2.083404e+12	-2.015129e+12	-1.957248e+12	-1.909463e+12	-1.871528e+12	-1.843247e+12	-1.824473e+12	-1.815110e+12	
-4.875488e+12	-4.583627e+12	-4.315409e+12	-4.069450e+12	-3.844483e+12	-3.639347e+12	-3.452983e+12	-3.284430e+12	-3.132819e+12	-2.997368e+12	-2.877377e+12	-2.772229e+12	-2.681381e+12	-2.604363e+12	-2.540780e+12	-2.490302e+12	-2.452670e+12	-2.427689e+12	-2.415231e+12	
-6.078445e+12	-5.714571e+12	-5.380174e+12	-5.073530e+12	-4.793055e+12	-4.537304e+12	-4.304957e+12	-4.094817e+12	-3.905798e+12	-3.736926e+12	-3.587329e+12	-3.456237e+12	-3.342973e+12	-3.246953e+12	-3.167681e+12	-3.104749e+12	-3.057832e+12	-3.026687e+12	-3.011155e+12	
-7.270854e+12	-6.835599e+12	-6.435604e+12	-6.068804e+12	-5.733309e+12	-5.427387e+12	-5.149461e+12	-4.898097e+12	-4.671998e+12	-4.469999e+12	-4.291056e+12	-4.134248e+12	-3.998765e+12	-3.883908e+12	-3.789086e+12	-3.713808e+12	-3.657687e+12	-3.620433e+12	-3.601854e+12	
-8.450667e+12	-7.944785e+12	-7.479884e+12	-7.053565e+12	-6.663630e+12	-6.308068e+12	-5.985044e+12	-5.692892e+12	-5.430105e+12	-5.195328e+12	-4.987349e+12	-4.805096e+12	-4.647629e+12	-4.514135e+12	-4.403926e+12	-4.316433e+12	-4.251205e+12	-4.207906e+12	-4.186312e+12	
-9.615868e+12	-9.040233e+12	-8.511230e+12	-8.026130e+12	-7.582430e+12	-7.177841e+12	-6.810278e+12	-6.477843e+12	-6.178822e+12	-5.911673e+12	-5.675018e+12	-5.467635e+12	-5.288456e+12	-5.136556e+12	-5.011151e+12	-4.911594e+12	-4.837373e+12	-4.788104e+12	-4.763532e+12	
-1.076448e+13	-1.012009e+13	-9.527894e+12	-8.984848e+12	-8.488148e+12	-8.035232e+12	-7.623763e+12	-7.251619e+12	-6.916881e+12	-6.617821e+12	-6.352897e+12	-6.120743e+12	-5.920160e+12	-5.750115e+12	-5.609731e+12	-5.498282e+12	-5.415195e+12	-5.360041e+12	-5.332534e+12	
-1.189457e+13	-1.118253e+13	-1.052816e+13	-9.928106e+12	-9.379261e+12	-8.878797e+12	-8.424130e+12	-8.012918e+12	-7.643037e+12	-7.312581e+12	-7.019844e+12	-6.763318e+12	-6.541678e+12	-6.353781e+12	-6.198658e+12	-6.075510e+12	-5.983700e+12	-5.922755e+12	-5.892361e+12	
-1.300425e+13	-1.222578e+13	-1.151037e+13	-1.085433e+13	-1.025428e+13	-9.707128e+12	-9.210044e+12	-8.760468e+12	-8.356080e+12	-7.994795e+12	-7.674748e+12	-7.394289e+12	-7.151972e+12	-6.946545e+12	-6.776951e+12	-6.642313e+12	-6.541938e+12	-6.475308e+12	-6.442078e+12	
-1.409169e+13	-1.324812e+13	-1.247289e+13	-1.176199e+13	-1.111177e+13	-1.051886e+13	-9.980207e+12	-9.493037e+12	-9.054833e+12	-8.663336e+12	-8.316526e+12	-8.012615e+12	-7.750035e+12	-7.527430e+12	-7.343654e+12	-7.197758e+12	-7.088989e+12	-7.016787e+12	-6.980778e+12	
-1.515512e+13	-1.424789e+13	-1.341416e+13	-1.264961e+13	-1.195032e+13	-1.131266e+13	-1.073336e+13	-1.020943e+13	-9.738156e+12	-9.317115e+12	-8.944133e+12	-8.617287e+12	-8.334891e+12	-8.095487e+12	-7.897842e+12	-7.740936e+12	-7.623959e+12	-7.546308e+12	-7.507582e+12	
-1.619283e+13	-1.522348e+13	-1.433265e+13	-1.351576e+13	-1.276858e+13	-1.208727e+13	-1.146830e+13	-1.090849e+13	-1.040495e+13	-9.955078e+12	-9.556557e+12	-9.207331e+12	-8.905599e+12	-8.649803e+12	-8.438625e+12	-8.270975e+12	-8.145988e+12	-8.063020e+12	-8.021643e+12	
-1.720316e+13	-1.617333e+13	-1.522692e+13	-1.435906e+13	-1.356526e+13	-1.284144e+13	-1.218385e+13	-1.158911e+13	-1.105415e+13	-1.057621e+13	-1.015283e+13	-9.781813e+12	-9.461254e+12	-9.189498e+12	-8.965144e+12	-8.787033e+12	-8.654248e+12	-8.566103e+12	-8.522144e+12	
-1.818455e+13	-1.709597e+13	-1.609557e+13	-1.517820e+13	-1.433912e+13	-1.357400e+13	-1.287890e+13	-1.225024e+13	-1.168476e+13	-1.117955e+13	-1.073202e+13	-1.033984e+13	-1.000099e+13	-9.713731e+12	-9.476578e+12	-9.288307e+12	-9.147947e+12	-9.054774e+12	-9.008307e+12	
-1.913549e+13	-1.798999e+13	-1.693727e+13	-1.597193e+13	-1.508897e+13	-1.428384e+13	-1.355239e+13	-1.289085e+13	-1.229580e+13	-1.176418e+13	-1.129324e+13	-1.088055e+13	-1.052398e+13	-1.022170e+13	-9.972147e+12	-9.774030e+12	-9.626330e+12	-9.528285e+12	-9.479388e+12	
-2.005457e+13	-1.885404e+13	-1.775077e+13	-1.673906e+13	-1.581369e+13	-1.496989e+13	-1.420331e+13	-1.351000e+13	-1.288637e+13	-1.232921e+13	-1.183565e+13	-1.140314e+13	-1.102945e+13	-1.071265e+13	-1.045111e+13	-1.024348e+13	-1.008868e+13	-9.985927e+12	-9.934682e+12	
-2.094044e+13	-1.968688e+13	-1.853487e+13	-1.747847e+13	-1.651223e+13	-1.563116e+13	-1.483072e+13	-1.410677e+13	-1.345560e+13	-1.287383e+13	-1.235846e+13	-1.190685e+13	-1.151665e+13	-1.118586e+13	-1.091276e+13	-1.069596e+13	-1.053433e+13	-1.042703e+13	-1.037353e+13	
-2.179184e+13	-2.048732e+13	-1.928847e+13	-1.818912e+13	-1.718359e+13	-1.626669e+13	-1.543371e+13	-1.468033e+13	-1.400268e+13	-1.339726e+13	-1.286094e+13	-1.239096e+13	-1.198490e+13	-1.164065e+13	-1.135646e+13	-1.113084e+13	-1.096264e+13	-1.085098e+13	-1.079530e+13	
-2.260761e+13	-2.125425e+13	-2.001052e+13	-1.887002e+13	-1.782685e+13	-1.687563e+13	-1.601146e+13	-1.522988e+13	-1.452686e+13	-1.389878e+13	-1.334238e+13	-1.285481e+13	-1.243355e+13	-1.207642e+13	-1.178158e+13	-1.154752e+13	-1.137302e+13	-1.125718e+13	-1.119941e+13	
-2.338666e+13	-2.198667e+13	-2.070008e+13	-1.952027e+13	-1.844115e+13	-1.745716e+13	-1.656321e+13	-1.575470e+13	-1.502746e+13	-1.437772e+13	-1.380216e+13	-1.329778e+13	-1.286200e+13	-1.249257e+13	-1.218757e+13	-1.194544e+13	-1.176493e+13	-1.164510e+13	-1.158534e+13	
-2.412801e+13	-2.268364e+13	-2.135627e+13	-2.013906e+13	-1.902573e+13	-1.801055e+13	-1.708826e+13	-1.625412e+13	-1.550382e+13	-1.483349e+13	-1.423968e+13	-1.371932e+13	-1.326973e+13	-1.288858e+13	-1.257391e+13	-1.232411e+13	-1.213787e+13	-1.201425e+13	-1.195259e+13	
-2.483076e+13	-2.334432e+13	-2.197829e+13	-2.072563e+13	-1.957988e+13	-1.853512e+13	-1.758597e+13	-1.672754e+13	-1.595539e+13	-1.526553e+13	-1.465443e+13	-1.411891e+13	-1.365622e+13	-1.326397e+13	-1.294014e+13	-1.268306e+13	-1.249140e+13	-1.236417e+13	-1.230072e+13	
-2.549412e+13	-2.396797e+13	-2.256544e+13	-2.127932e+13	-2.010296e+13	-1.903029e+13	-1.805578e+13	-1.717442e+13	-1.638164e+13	-1.567336e+13	-1.504592e+13	-1.449610e+13	-1.402105e+13	-1.361832e+13	-1.328584e+13	-1.302189e+13	-1.282511e+13	-1.269448e+13	-1.262934e+13	
-2.611738e+13	-2.455391e+13	-2.311710e+13	-2.179954e+13	-2.059442e+13	-1.949553e+13	-1.849720e+13	-1.759428e+13	-1.678212e+13	-1.605652e+13	-1.541375e+13	-1.485049e+13	-1.436382e+13	-1.395125e+13	-1.361064e+13	-1.334024e+13	-1.313865e+13	-1.300483e+13	-1.293809e+13	
-2.669993e+13	-2.510160e+13	-2.363274e+13	-2.228578e+13	-2.105378e+13	-1.993038e+13	-1.890978e+13	-1.798673e+13	-1.715645e+13	-1.641467e+13	-1.575756e+13	-1.518173e+13	-1.468421e+13	-1.426244e+13	-1.391423e+13	-1.363780e+13	-1.343171e+13	-1.329490e+13	-1.322668e+13	
-2.724128e+13	-2.561054e+13	-2.411190e+13	-2.273763e+13	-2.148065e+13	-2.033447e+13	-1.929318e+13	-1.835141e+13	-1.750430e+13	-1.674748e+13	-1.607705e+13	-1.548954e+13	-1.498194e+13	-1.455161e+13	-1.419634e+13	-1.391430e+13	-1.370404e+13	-1.356446e+13	-1.349485e+13	
-2.774101e+13	-2.608035e+13	-2.455422e+13	-2.315474e+13	-2.187470e+13	-2.070750e+13	-1.964711e+13	-1.868806e+13	-1.782541e+13	-1.705471e+13	-1.637197e+13	-1.577369e+13	-1.525677e+13	-1.481855e+13	-1.445677e+13	-1.416956e+13	-1.395543e+13	-1.381330e+13	-1.374241e+13	
-2.819882e+13	-2.651075e+13	-2.495943e+13	-2.353686e+13	-2.223570e+13	-2.104923e+13	-1.997134e+13	-1.899647e+13	-1.811958e+13	-1.733616e+13	-1.664216e+13	-1.603400e+13	-1.550855e+13	-1.506310e+13	-1.469535e+13	-1.440340e+13	-1.418574e+13	-1.404126e+13	-1.396920e+13	
-2.861449e+13	-2.690154e+13	-2.532736e+13	-2.388382e+13	-2.256347e+13	-2.135952e+13	-2.026574e+13	-1.927649e+13	-1.838668e+13	-1.759171e+13	-1.688748e+13	-1.627036e+13	-1.573716e+13	-1.528514e+13	-1.491197e+13	-1.461571e+13	-1.439485e+13	-1.424823e+13	-1.417512e+13	
-2.898792e+13	-2.725262e+13	-2.565789e+13	-2.419551e+13	-2.285793e+13	-2.163826e+13	-2.053021e+13	-1.952806e+13	-1.862663e+13	-1.782128e+13	-1.710786e+13	-1.648269e+13	-1.594254e+13	-1.548462e+13	-1.510658e+13	-1.480645e+13	-1.458271e+13	-1.443418e+13	-1.436011e+13	
-2.931909e+13	-2.756396e+13	-2.595102e+13	-2.447193e+13	-2.311907e+13	-2.188547e+13	-2.076476e+13	-1.975115e+13	-1.883943e+13	-1.802488e+13	-1.730331e+13	-1.667100e+13	-1.612467e+13	-1.566152e+13	-1.527916e+13	-1.497561e+13	-1.474931e+13	-1.459908e+13	-1.452416e+13	
-2.960809e+13	-2.783566e+13	-2.620681e+13	-2.471315e+13	-2.334696e+13	-2.210120e+13	-2.096944e+13	-1.994584e+13	-1.902513e+13	-1.820255e+13	-1.747387e+13	-1.683532e+13	-1.628361e+13	-1.581590e+13	-1.542977e+13	-1.512322e+13	-1.489469e+13	-1.474299e+13	-1.466733e+13	
-2.985509e+13	-2.806788e+13	-2.642544e+13	-2.491932e+13	-2.354173e+13	-2.228557e+13	-2.114437e+13	-2.011224e+13	-1.918384e+13	-1.835441e+13	-1.761965e+13	-1.697577e+13	-1.641946e+13	-1.594784e+13	-1.555849e+13	-1.524939e+13	-1.501895e+13	-1.486598e+13	-1.478969e+13	
-3.006037e+13	-2.826087e+13	-2.660714e+13	-2.509066e+13	-2.370360e+13	-2.243880e+13	-2.128976e+13	-2.025052e+13	-1.931575e+13	-1.848061e+13	-1.774080e+13	-1.709249e+13	-1.653236e+13	-1.605750e+13	-1.566547e+13	-1.535424e+13	-1.512222e+13	-1.496819e+13	-1.489138e+13	
-3.022429e+13	-2.841497e+13	-2.675223e+13	-2.522748e+13	-2.383285e+13	-2.256116e+13	-2.140585e+13	-2.036095e+13	-1.942108e+13	-1.858138e+13	-1.783754e+13	-1.718570e+13	-1.662251e+13	-1.614506e+13	-1.575089e+13	-1.543797e+13	-1.520468e+13	-1.504981e+13	-1.497258e+13	
-3.034730e+13	-2.853062e+13	-2.686111e+13	-2.533015e+13	-2.392985e+13	-2.265299e+13	-2.149297e+13	-2.044382e+13	-1.950012e+13	-1.865701e+13	-1.791014e+13	-1.725564e+13	-1.669016e+13	-1.621077e+13	-1.581500e+13	-1.550080e+13	-1.526656e+13	-1.511107e+13	-1.503352e+13	
-3.042995e+13	-2.860832e+13	-2.693426e+13	-2.539914e+13	-2.399502e+13	-2.271468e+13	-2.155150e+13	-2.049950e+13	-1.955323e+13	-1.870782e+13	-1.795891e+13	-1.730264e+13	-1.673561e+13	-1.625492e+13	-1.585807e+13	-1.554301e+13	-1.530814e+13	-1.515222e+13	-1.507446e+13	
-3.047286e+13	-2.864866e+13	-2.697224e+13	-2.543495e+13	-2.402885e+13	-2.274671e+13	-2.158189e+13	-2.052840e+13	-1.958080e+13	-1.873420e+13	-1.798423e+13	-1.732703e+13	-1.675921e+13	-1.627784e+13	-1.588043e+13	-1.556493e+13	-1.532972e+13	-1.517359e+13	-1.509572e+13	
-3.047673e+13	-2.865230e+13	-2.697567e+13	-2.543818e+13	-2.403191e+13	-2.274960e+13	-2.158463e+13	-2.053101e+13	-1.958329e+13	-1.873658e+13	-1.798652e+13	-1.732924e+13	-1.676134e+13	-1.627990e+13	-1.588244e+13	-1.556691e+13	-1.533167e+13	-1.517551e+13	-1.509764e+13	
-3.044235e+13	-2.861998e+13	-2.694524e+13	-2.540948e+13	-2.400480e+13	-2.272393e+13	-2.156028e+13	-2.050785e+13	-1.956119e+13	-1.871544e+13	-1.796623e+13	-1.730969e+13	-1.674243e+13	-1.626154e+13	-1.586453e+13	-1.554935e+13	-1.531437e+13	-1.515839e+13	-1.508060e+13	
-3.037058e+13	-2.855250e+13	-2.688171e+13	-2.534958e+13	-2.394820e+13	-2.267036e+13	-2.150945e+13	-2.045950e+13	-1.951508e+13	-1.867132e+13	-1.792387e+13	-1.726888e+13	-1.670296e+13	-1.622320e+13	-1.582712e+13	-1.551269e+13	-1.527827e+13	-1.512266e+13	-1.504505e+13	
-3.026235e+13	-2.845075e+13	-2.678591e+13	-2.525924e+13	-2.386286e+13	-2.258957e+13	-2.143280e+13	-2.038659e+13	-1.944553e+13	-1.860478e+13	-1.786000e+13	-1.720734e+13	-1.664344e+13	-1.616539e+13	-1.577072e+13	-1.545741e+13	-1.522382e+13	-1.506877e+13	-1.499144e+13	
-3.011866e+13	-2.831567e+13	-2.665873e+13	-2.513931e+13	-2.374956e+13	-2.248231e+13	-2.133104e+13	-2.028979e+13	-1.935320e+13	-1.851644e+13	-1.777520e+13	-1.712564e+13	-1.656441e+13	-1.608863e+13	-1.569584e+13	-1.538401e+13	-1.515154e+13	-1.499722e+13	-1.492026e+13	
-2.994058e+13	-2.814824e+13	-2.650111e+13	-2.499067e+13	-2.360913e+13	-2.234938e+13	-2.120491e+13	-2.016982e+13	-1.923877e+13	-1.840696e+13	-1.767010e+13	-1.702438e+13	-1.646647e+13	-1.599351e+13	-1.560304e+13	-1.529305e+13	-1.506195e+13	-1.490854e+13	-1.483204e+13	
-2.972922e+13	-2.794954e+13	-2.631403e+13	-2.481425e+13	-2.344247e+13	-2.219161e+13	-2.105522e+13	-2.002744e+13	-1.910296e+13	-1.827702e+13	-1.754536e+13	-1.690420e+13	-1.635023e+13	-1.588060e+13	-1.549289e+13	-1.518509e+13	-1.495563e+13	-1.480330e+13	-1.472733e+13	
-2.948577e+13	-2.772066e+13	-2.609855e+13	-2.461105e+13	-2.325050e+13	-2.200989e+13	-2.088280e+13	-1.986344e+13	-1.894653e+13	-1.812735e+13	-1.740168e+13	-1.676577e+13	-1.621634e+13	-1.575056e+13	-1.536602e+13	-1.506075e+13	-1.483316e+13	-1.468208e+13	-1.460673e+13	
-2.921146e+13	-2.746277e+13	-2.585575e+13	-2.438209e+13	-2.303420e+13	-2.180513e+13	-2.068853e+13	-1.967865e+13	-1.877027e+13	-1.795871e+13	-1.723979e+13	-1.660980e+13	-1.606548e+13	-1.560403e+13	-1.522307e+13	-1.492063e+13	-1.469516e+13	-1.454549e+13	-1.447084e+13	
-2.890757e+13	-2.717707e+13	-2.558677e+13	-2.412844e+13	-2.279457e+13	-2.157828e+13	-2.047330e+13	-1.947392e+13	-1.857500e+13	-1.777188e+13	-1.706044e+13	-1.643700e+13	-1.589835e+13	-1.544170e+13	-1.506470e+13	-1.476541e+13	-1.454228e+13	-1.439417e+13	-1.432030e+13	
-2.857541e+13	-2.686480e+13	-2.529277e+13	-2.385120e+13	-2.253266e+13	-2.133035e+13	-2.023806e+13	-1.925017e+13	-1.836157e+13	-1.756768e+13	-1.686441e+13	-1.624814e+13	-1.571567e+13	-1.526427e+13	-1.489160e+13	-1.459575e+13	-1.437519e+13	-1.422878e+13	-1.415576e+13	
-2.821636e+13	-2.652724e+13	-2.497496e+13	-2.355151e+13	-2.224953e+13	-2.106233e+13	-1.998377e+13	-1.900828e+13	-1.813085e+13	-1.734694e+13	-1.665251e+13	-1.604398e+13	-1.551820e+13	-1.507247e+13	-1.470449e+13	-1.441236e+13	-1.419456e+13	-1.404999e+13	-1.397789e+13	
-2.783180e+13	-2.616570e+13	-2.463458e+13	-2.323052e+13	-2.194629e+13	-2.077527e+13	-1.971141e+13	-1.874922e+13	-1.788375e+13	-1.711052e+13	-1.642555e+13	-1.582531e+13	-1.530670e+13	-1.486705e+13	-1.450408e+13	-1.421593e+13	-1.400111e+13	-1.385850e+13	-1.378739e+13	
-2.742316e+13	-2.578152e+13	-2.427288e+13	-2.288944e+13	-2.162407e+13	-2.047023e+13	-1.942199e+13	-1.847393e+13	-1.762117e+13	-1.685929e+13	-1.618438e+13	-1.559296e+13	-1.508196e+13	-1.464876e+13	-1.429112e+13	-1.400720e+13	-1.379553e+13	-1.365502e+13	-1.358495e+13	
-2.699188e+13	-2.537606e+13	-2.389114e+13	-2.252946e+13	-2.128399e+13	-2.014830e+13	-1.911655e+13	-1.818340e+13	-1.734404e+13	-1.659415e+13	-1.592986e+13	-1.534773e+13	-1.484477e+13	-1.441838e+13	-1.406637e+13	-1.378691e+13	-1.357857e+13	-1.344027e+13	-1.337130e+13	
-2.653943e+13	-2.495070e+13	-2.349067e+13	-2.215181e+13	-2.092722e+13	-1.981057e+13	-1.879611e+13	-1.787860e+13	-1.705332e+13	-1.631600e+13	-1.566284e+13	-1.509047e+13	-1.459594e+13	-1.417670e+13	-1.383059e+13	-1.355581e+13	-1.335097e+13	-1.321498e+13	-1.314717e+13	
-2.606730e+13	-2.450684e+13	-2.307278e+13	-2.175774e+13	-2.055493e+13	-1.945815e+13	-1.846173e+13	-1.756055e+13	-1.674994e+13	-1.602574e+13	-1.538420e+13	-1.482201e+13	-1.433628e+13	-1.392450e+13	-1.358454e+13	-1.331466e+13	-1.311346e+13	-1.297989e+13	-1.291328e+13	
-2.557698e+13	-2.404587e+13	-2.263879e+13	-2.134848e+13	-2.016830e+13	-1.909214e+13	-1.811447e+13	-1.723024e+13	-1.643488e+13	-1.572430e+13	-1.509482e+13	-1.454321e+13	-1.406662e+13	-1.366258e+13	-1.332902e+13	-1.306421e+13	-1.286680e+13	-1.273575e+13	-1.267039e+13	
-2.506998e+13	-2.356921e+13	-2.219002e+13	-2.092530e+13	-1.976850e+13	-1.871368e+13	-1.775539e+13	-1.688869e+13	-1.610909e+13	-1.541260e+13	-1.479560e+13	-1.425493e+13	-1.378778e+13	-1.339175e+13	-1.306480e+13	-1.280525e+13	-1.261174e+13	-1.248329e+13	-1.241923e+13	
-2.454778e+13	-2.307828e+13	-2.172782e+13	-2.048943e+13	-1.935674e+13	-1.832389e+13	-1.738556e+13	-1.653690e+13	-1.577355e+13	-1.509156e+13	-1.448742e+13	-1.395800e+13	-1.350059e+13	-1.311281e+13	-1.279267e+13	-1.253852e+13	-1.234904e+13	-1.222327e+13	-1.216054e+13	
-2.401190e+13	-2.257448e+13	-2.125350e+13	-2.004215e+13	-1.893418e+13	-1.792387e+13	-1.700603e+13	-1.617590e+13	-1.542921e+13	-1.476211e+13	-1.417116e+13	-1.365330e+13	-1.320587e+13	-1.282656e+13	-1.251340e+13	-1.226480e+13	-1.207946e+13	-1.195643e+13	-1.189507e+13	
-2.346382e+13	-2.205921e+13	-2.076838e+13	-1.958468e+13	-1.850200e+13	-1.751476e+13	-1.661786e+13	-1.580668e+13	-1.507704e+13	-1.442516e+13	-1.384770e+13	-1.334166e+13	-1.290444e+13	-1.253379e+13	-1.222778e+13	-1.198486e+13	-1.180375e+13	-1.168352e+13	-1.162357e+13	
-2.290504e+13	-2.153387e+13	-2.027379e+13	-1.911827e+13	-1.806138e+13	-1.709765e+13	-1.622211e+13	-1.543025e+13	-1.471798e+13	-1.408163e+13	-1.351792e+13	-1.302393e+13	-1.259712e+13	-1.223530e+13	-1.193658e+13	-1.169944e+13	-1.152264e+13	-1.140528e+13	-1.134675e+13	
-2.233700e+13	-2.099984e+13	-1.977101e+13	-1.864415e+13	-1.761347e+13	-1.667363e+13	-1.581981e+13	-1.504759e+13	-1.435298e+13	-1.373241e+13	-1.318268e+13	-1.270094e+13	-1.228472e+13	-1.193187e+13	-1.164056e+13	-1.140930e+13	-1.123689e+13	-1.112244e+13	-1.106536e+13	
-2.176117e+13	-2.045848e+13	-1.926132e+13	-1.816352e+13	-1.715940e+13	-1.624380e+13	-1.541199e+13	-1.465967e+13	-1.398297e+13	-1.337840e+13	-1.284284e+13	-1.237352e+13	-1.196803e+13	-1.162427e+13	-1.134047e+13	-1.111517e+13	-1.094721e+13	-1.083571e+13	-1.078010e+13	
-2.117896e+13	-1.991113e+13	-1.874600e+13	-1.767756e+13	-1.670031e+13	-1.580921e+13	-1.499965e+13	-1.426746e+13	-1.360887e+13	-1.302047e+13	-1.249924e+13	-1.204248e+13	-1.164783e+13	-1.131327e+13	-1.103707e+13	-1.081779e+13	-1.065432e+13	-1.054581e+13	-1.049169e+13	
-2.059178e+13	-1.935909e+13	-1.822627e+13	-1.718745e+13	-1.623730e+13	-1.537090e+13	-1.458378e+13	-1.387190e+13	-1.323156e+13	-1.265948e+13	-1.215270e+13	-1.170860e+13	-1.132490e+13	-1.099961e+13	-1.073107e+13	-1.051787e+13	-1.035893e+13	-1.025342e+13	-1.020081e+13	
-2.000098e+13	-1.880367e+13	-1.770334e+13	-1.669433e+13	-1.577144e+13	-1.492989e+13	-1.416536e+13	-1.347390e+13	-1.285194e+13	-1.229627e+13	-1.180402e+13	-1.137267e+13	-1.099998e+13	-1.068402e+13	-1.042318e+13	-1.021611e+13	-1.006172e+13	-9.959245e+12	-9.908136e+12	
-1.940791e+13	-1.824610e+13	-1.717840e+13	-1.619931e+13	-1.530378e+13	-1.448719e+13	-1.374533e+13	-1.307437e+13	-1.247085e+13	-1.193166e+13	-1.145401e+13	-1.103545e+13	-1.067380e+13	-1.036722e+13	-1.011411e+13	-9.913176e+12	-9.763373e+12	-9.663932e+12	-9.614339e+12	
-1.881386e+13	-1.768761e+13	-1.665259e+13	-1.570347e+13	-1.483535e+13	-1.404376e+13	-1.332460e+13	-1.267418e+13	-1.208913e+13	-1.156644e+13	-1.110342e+13	-1.069766e+13	-1.034709e+13	-1.004989e+13	-9.804532e+12	-9.609746e+12	-9.464528e+12	-9.368131e+12	-9.320056e+12	
-1.822008e+13	-1.712938e+13	-1.612702e+13	-1.520786e+13	-1.436714e+13	-1.360053e+13	-1.290407e+13	-1.227418e+13	-1.170759e+13	-1.120140e+13	-1.075299e+13	-1.036004e+13	-1.002053e+13	-9.732712e+12	-9.495096e+12	-9.306457e+12	-9.165823e+12	-9.072467e+12	-9.025910e+12	
-1.762780e+13	-1.657255e+13	-1.560278e+13	-1.471349e+13	-1.390010e+13	-1.315841e+13	-1.248459e+13	-1.187518e+13	-1.132701e+13	-1.083727e+13	-1.040344e+13	-1.002326e+13	-9.694792e+12	-9.416329e+12	-9.186436e+12	-9.003930e+12	-8.867867e+12	-8.777546e+12	-8.732502e+12	
-1.703817e+13	-1.601822e+13	-1.508089e+13	-1.422135e+13	-1.343516e+13	-1.271828e+13	-1.206700e+13	-1.147797e+13	-1.094814e+13	-1.047478e+13	-1.005546e+13	-9.688000e+12	-9.370515e+12	-9.101366e+12	-8.879163e+12	-8.702761e+12	-8.571249e+12	-8.483950e+12	-8.440413e+12	
-1.645233e+13	-1.546745e+13	-1.456234e+13	-1.373236e+13	-1.297321e+13	-1.228097e+13	-1.165209e+13	-1.108331e+13	-1.057170e+13	-1.011462e+13	-9.709709e+12	-9.354886e+12	-9.048318e+12	-8.788423e+12	-8.573861e+12	-8.403524e+12	-8.276534e+12	-8.192237e+12	-8.150196e+12	
-1.587134e+13	-1.492124e+13	-1.404810e+13	-1.324742e+13	-1.251508e+13	-1.184729e+13	-1.124061e+13	-1.069192e+13	-1.019837e+13	-9.757433e+12	-9.366825e+12	-9.024532e+12	-8.728790e+12	-8.478073e+12	-8.271087e+12	-8.106766e+12	-7.984261e+12	-7.902940e+12	-7.862384e+12	
-1.529623e+13	-1.438055e+13	-1.353905e+13	-1.276739e+13	-1.206158e+13	-1.141799e+13	-1.083330e+13	-1.030448e+13	-9.828823e+12	-9.403862e+12	-9.027407e+12	-8.697518e+12	-8.412493e+12	-8.170861e+12	-7.971375e+12	-7.813008e+12	-7.694942e+12	-7.616568e+12	-7.577482e+12	
-1.472795e+13	-1.384629e+13	-1.303606e+13	-1.229306e+13	-1.161348e+13	-1.099380e+13	-1.043083e+13	-9.921659e+12	-9.463670e+12	-9.054496e+12	-8.692028e+12	-8.374394e+12	-8.099958e+12	-7.867303e+12	-7.675229e+12	-7.522745e+12	-7.409065e+12	-7.333603e+12	-7.295969e+12	
-1.416743e+13	-1.331933e+13	-1.253993e+13	-1.182521e+13	-1.117149e+13	-1.057539e+13	-1.003385e+13	-9.544057e+12	-9.103499e+12	-8.709898e+12	-8.361224e+12	-8.055679e+12	-7.791687e+12	-7.567887e+12	-7.383122e+12	-7.236442e+12	-7.127089e+12	-7.054498e+12	-7.018297e+12	
-1.361552e+13	-1.280045e+13	-1.205142e+13	-1.136454e+13	-1.073629e+13	-1.016341e+13	-9.642965e+12	-9.172256e+12	-8.748860e+12	-8.370592e+12	-8.035502e+12	-7.741860e+12	-7.488152e+12	-7.273070e+12	-7.095503e+12	-6.954537e+12	-6.849444e+12	-6.779681e+12	-6.744890e+12	
-1.307302e+13	-1.229043e+13	-1.157124e+13	-1.091173e+13	-1.030851e+13	-9.758459e+12	-9.258747e+12	-8.806794e+12	-8.400268e+12	-8.037072e+12	-7.715332e+12	-7.433391e+12	-7.189792e+12	-6.983279e+12	-6.812788e+12	-6.677438e+12	-6.576532e+12	-6.509549e+12	-6.476144e+12	
-1.254067e+13	-1.178995e+13	-1.110004e+13	-1.046739e+13	-9.888732e+12	-9.361082e+12	-8.881719e+12	-8.448170e+12	-8.058198e+12	-7.709792e+12	-7.401154e+12	-7.130693e+12	-6.897014e+12	-6.698911e+12	-6.535362e+12	-6.405524e+12	-6.308727e+12	-6.244472e+12	-6.212427e+12	
-1.201915e+13	-1.129965e+13	-1.063843e+13	-1.003209e+13	-9.477499e+12	-8.971792e+12	-8.512364e+12	-8.096844e+12	-7.723090e+12	-7.389172e+12	-7.093370e+12	-6.834156e+12	-6.610195e+12	-6.420330e+12	-6.263583e+12	-6.139144e+12	-6.046373e+12	-5.984790e+12	-5.954077e+12	
-1.150909e+13	-1.082013e+13	-1.018697e+13	-9.606360e+12	-9.075302e+12	-8.591056e+12	-8.151124e+12	-7.753238e+12	-7.395344e+12	-7.075597e+12	-6.792348e+12	-6.544135e+12	-6.329678e+12	-6.147870e+12	-5.997775e+12	-5.878617e+12	-5.789782e+12	-5.730813e+12	-5.701404e+12	
-1.101106e+13	-1.035191e+13	-9.746149e+12	-9.190664e+12	-8.682586e+12	-8.219295e+12	-7.798400e+12	-7.417732e+12	-7.075325e+12	-6.769415e+12	-6.498422e+12	-6.260950e+12	-6.055773e+12	-5.881833e+12	-5.738233e+12	-5.624231e+12	-5.539241e+12	-5.482823e+12	-5.454687e+12	
-1.052556e+13	-9.895467e+12	-9.316418e+12	-8.785426e+12	-8.299751e+12	-7.856887e+12	-7.454551e+12	-7.090667e+12	-6.763358e+12	-6.470936e+12	-6.211892e+12	-5.984890e+12	-5.788760e+12	-5.622489e+12	-5.485221e+12	-5.376246e+12	-5.295003e+12	-5.241073e+12	-5.214177e+12	
-1.005303e+13	-9.451229e+12	-8.898176e+12	-8.391021e+12	-7.927150e+12	-7.504167e+12	-7.119893e+12	-6.772345e+12	-6.459730e+12	-6.180436e+12	-5.933021e+12	-5.716210e+12	-5.528885e+12	-5.370079e+12	-5.238973e+12	-5.134890e+12	-5.057294e+12	-5.005785e+12	-4.980097e+12	
-9.593878e+12	-9.019560e+12	-8.491767e+12	-8.007776e+12	-7.565090e+12	-7.161427e+12	-6.794704e+12	-6.463030e+12	-6.164693e+12	-5.898155e+12	-5.662040e+12	-5.455132e+12	-5.276362e+12	-5.124809e+12	-4.999691e+12	-4.900362e+12	-4.826311e+12	-4.777154e+12	-4.752639e+12	
-9.148425e+12	-8.600773e+12	-8.097485e+12	-7.635966e+12	-7.213835e+12	-6.828915e+12	-6.479219e+12	-6.162944e+12	-5.878460e+12	-5.624297e+12	-5.399146e+12	-5.201845e+12	-5.031375e+12	-4.886859e+12	-4.767550e+12	-4.672834e+12	-4.602220e+12	-4.555346e+12	-4.531969e+12	
-8.716949e+12	-8.195126e+12	-7.715576e+12	-7.275824e+12	-6.873602e+12	-6.506836e+12	-6.173634e+12	-5.872276e+12	-5.601208e+12	-5.359033e+12	-5.144501e+12	-4.956505e+12	-4.794076e+12	-4.656376e+12	-4.542694e+12	-4.452444e+12	-4.385161e+12	-4.340498e+12	-4.318224e+12	
-8.299672e+12	-7.802829e+12	-7.346235e+12	-6.927534e+12	-6.544566e+12	-6.195357e+12	-5.878104e+12	-5.591173e+12	-5.333081e+12	-5.102499e+12	-4.898236e+12	-4.719239e+12	-4.564586e+12	-4.433477e+12	-4.325237e+12	-4.239308e+12	-4.175246e+12	-4.132720e+12	-4.111512e+12	
-7.896762e+12	-7.424038e+12	-6.989609e+12	-6.591234e+12	-6.226858e+12	-5.894601e+12	-5.592750e+12	-5.319747e+12	-5.074185e+12	-4.854796e+12	-4.660449e+12	-4.490142e+12	-4.342996e+12	-4.218252e+12	-4.115267e+12	-4.033509e+12	-3.972557e+12	-3.932096e+12	-3.911917e+12	
-7.508332e+12	-7.058861e+12	-6.645801e+12	-6.267021e+12	-5.920568e+12	-5.604654e+12	-5.317651e+12	-5.058077e+12	-4.824593e+12	-4.615996e+12	-4.431209e+12	-4.269279e+12	-4.129371e+12	-4.010763e+12	-3.912843e+12	-3.835107e+12	-3.777153e+12	-3.738682e+12	-3.719496e+12	
-7.134446e+12	-6.707356e+12	-6.314865e+12	-5.954947e+12	-5.625746e+12	-5.325564e+12	-5.052852e+12	-4.806204e+12	-4.584347e+12	-4.386137e+12	-4.210551e+12	-4.056685e+12	-3.923744e+12	-3.811042e+12	-3.717998e+12	-3.644133e+12	-3.589065e+12	-3.552510e+12	-3.534279e+12	
-6.775117e+12	-6.369538e+12	-5.996815e+12	-5.655024e+12	-5.342403e+12	-5.057340e+12	-4.798363e+12	-4.564137e+12	-4.353454e+12	-4.165227e+12	-3.998486e+12	-3.852369e+12	-3.726123e+12	-3.619098e+12	-3.530740e+12	-3.460595e+12	-3.408300e+12	-3.373586e+12	-3.356274e+12	
-6.430311e+12	-6.045374e+12	-5.691619e+12	-5.367224e+12	-5.070513e+12	-4.799957e+12	-4.554161e+12	-4.331855e+12	-4.131895e+12	-3.953247e+12	-3.794991e+12	-3.656310e+12	-3.536490e+12	-3.434911e+12	-3.351051e+12	-3.284475e+12	-3.234842e+12	-3.201895e+12	-3.185463e+12	
-6.099951e+12	-5.734790e+12	-5.399210e+12	-5.091480e+12	-4.810013e+12	-4.553357e+12	-4.320188e+12	-4.109304e+12	-3.919616e+12	-3.750147e+12	-3.600021e+12	-3.468466e+12	-3.354801e+12	-3.258441e+12	-3.178889e+12	-3.115734e+12	-3.068650e+12	-3.037396e+12	-3.021809e+12	
-5.783912e+12	-5.437670e+12	-5.119477e+12	-4.827690e+12	-4.560806e+12	-4.317448e+12	-4.096359e+12	-3.896401e+12	-3.716541e+12	-3.555852e+12	-3.413504e+12	-3.288764e+12	-3.180989e+12	-3.089621e+12	-3.014190e+12	-2.954308e+12	-2.909664e+12	-2.880028e+12	-2.865249e+12	
-5.482032e+12	-5.153862e+12	-4.852275e+12	-4.575718e+12	-4.322764e+12	-4.092107e+12	-3.882558e+12	-3.693036e+12	-3.522563e+12	-3.370261e+12	-3.235343e+12	-3.117114e+12	-3.014963e+12	-2.928364e+12	-2.856871e+12	-2.800113e+12	-2.757799e+12	-2.729711e+12	-2.715703e+12	
-5.194108e+12	-4.883174e+12	-4.597427e+12	-4.335395e+12	-4.095726e+12	-3.877184e+12	-3.678641e+12	-3.499073e+12	-3.337553e+12	-3.193250e+12	-3.065418e+12	-2.953399e+12	-2.856613e+12	-2.774563e+12	-2.706824e+12	-2.653047e+12	-2.612956e+12	-2.586343e+12	-2.573070e+12	
-4.919901e+12	-4.625381e+12	-4.354720e+12	-4.106521e+12	-3.879505e+12	-3.672500e+12	-3.484438e+12	-3.314350e+12	-3.161358e+12	-3.024672e+12	-2.903589e+12	-2.797483e+12	-2.705807e+12	-2.628088e+12	-2.563925e+12	-2.512988e+12	-2.475013e+12	-2.449805e+12	-2.437233e+12	
-4.659138e+12	-4.380228e+12	-4.123912e+12	-3.888869e+12	-3.673884e+12	-3.477851e+12	-3.299757e+12	-3.138684e+12	-2.993800e+12	-2.864360e+12	-2.749694e+12	-2.649212e+12	-2.562395e+12	-2.488795e+12	-2.428033e+12	-2.379795e+12	-2.343833e+12	-2.319961e+12	-2.308055e+12	
-4.411515e+12	-4.147428e+12	-3.904735e+12	-3.682183e+12	-3.478625e+12	-3.293010e+12	-3.124382e+12	-2.971869e+12	-2.834686e+12	-2.712125e+12	-2.603553e+12	-2.508411e+12	-2.426209e+12	-2.356521e+12	-2.298988e+12	-2.253314e+12	-2.219263e+12	-2.196660e+12	-2.185387e+12	
-4.176697e+12	-3.926668e+12	-3.696893e+12	-3.486187e+12	-3.293464e+12	-3.117729e+12	-2.958076e+12	-2.813682e+12	-2.683800e+12	-2.567763e+12	-2.464971e+12	-2.374893e+12	-2.297066e+12	-2.231087e+12	-2.176617e+12	-2.133374e+12	-2.101136e+12	-2.079735e+12	-2.069063e+12	
-3.954327e+12	-3.717609e+12	-3.500067e+12	-3.300580e+12	-3.118117e+12	-2.951739e+12	-2.800586e+12	-2.663879e+12	-2.540913e+12	-2.431053e+12	-2.333734e+12	-2.248452e+12	-2.174768e+12	-2.112302e+12	-2.060732e+12	-2.019791e+12	-1.989269e+12	-1.969008e+12	-1.958904e+12	
-3.744019e+12	-3.519891e+12	-3.313919e+12	-3.125041e+12	-2.952283e+12	-2.794753e+12	-2.651639e+12	-2.522203e+12	-2.405777e+12	-2.301760e+12	-2.209616e+12	-2.128870e+12	-2.059105e+12	-1.999961e+12	-1.951134e+12	-1.912371e+12	-1.883472e+12	-1.864289e+12	-1.854722e+12	
-3.545371e+12	-3.333135e+12	-3.138091e+12	-2.959235e+12	-2.795643e+12	-2.646471e+12	-2.510950e+12	-2.388381e+12	-2.278132e+12	-2.179635e+12	-2.092380e+12	-2.015918e+12	-1.949854e+12	-1.893849e+12	-1.847612e+12	-1.810905e+12	-1.783540e+12	-1.765374e+12	-1.756315e+12	
-3.357960e+12	-3.156942e+12	-2.972209e+12	-2.802807e+12	-2.647862e+12	-2.506576e+12	-2.378219e+12	-2.262129e+12	-2.157708e+12	-2.064417e+12	-1.981775e+12	-1.909355e+12	-1.846783e+12	-1.793738e+12	-1.749945e+12	-1.715179e+12	-1.689260e+12	-1.672055e+12	-1.663474e+12	
-3.181347e+12	-2.990902e+12	-2.815885e+12	-2.655392e+12	-2.508597e+12	-2.374742e+12	-2.253136e+12	-2.143152e+12	-2.044223e+12	-1.955838e+12	-1.877542e+12	-1.808931e+12	-1.749651e+12	-1.699396e+12	-1.657906e+12	-1.624969e+12	-1.600413e+12	-1.584113e+12	-1.575983e+12	
-3.015080e+12	-2.834588e+12	-2.668718e+12	-2.516614e+12	-2.377490e+12	-2.250631e+12	-2.135380e+12	-2.031144e+12	-1.937386e+12	-1.853620e+12	-1.779417e+12	-1.714391e+12	-1.658209e+12	-1.610580e+12	-1.571259e+12	-1.540043e+12	-1.516771e+12	-1.501322e+12	-1.493618e+12	
-2.858698e+12	-2.687568e+12	-2.530301e+12	-2.386086e+12	-2.254178e+12	-2.133898e+12	-2.024625e+12	-1.925796e+12	-1.836900e+12	-1.757480e+12	-1.687124e+12	-1.625472e+12	-1.572203e+12	-1.527045e+12	-1.489763e+12	-1.460166e+12	-1.438101e+12	-1.423454e+12	-1.416149e+12	
-2.711731e+12	-2.549399e+12	-2.400217e+12	-2.263416e+12	-2.138290e+12	-2.024193e+12	-1.920538e+12	-1.826790e+12	-1.742464e+12	-1.667127e+12	-1.600388e+12	-1.541905e+12	-1.491376e+12	-1.448539e+12	-1.413174e+12	-1.385098e+12	-1.364168e+12	-1.350273e+12	-1.343344e+12	
-2.573703e+12	-2.419634e+12	-2.278045e+12	-2.148207e+12	-2.029450e+12	-1.921161e+12	-1.822782e+12	-1.733806e+12	-1.653772e+12	-1.582269e+12	-1.518928e+12	-1.463422e+12	-1.415464e+12	-1.374808e+12	-1.341243e+12	-1.314596e+12	-1.294731e+12	-1.281544e+12	-1.274967e+12	
-2.444135e+12	-2.297822e+12	-2.163361e+12	-2.040060e+12	-1.927281e+12	-1.824444e+12	-1.731018e+12	-1.646521e+12	-1.570516e+12	-1.502613e+12	-1.442461e+12	-1.389749e+12	-1.344205e+12	-1.305596e+12	-1.273721e+12	-1.248416e+12	-1.229550e+12	-1.217027e+12	-1.210782e+12	
-2.322548e+12	-2.183513e+12	-2.055742e+12	-1.938574e+12	-1.831406e+12	-1.733685e+12	-1.644906e+12	-1.564612e+12	-1.492389e+12	-1.427863e+12	-1.370703e+12	-1.320614e+12	-1.277336e+12	-1.240647e+12	-1.210358e+12	-1.186311e+12	-1.168385e+12	-1.156484e+12	-1.150550e+12	
-2.208464e+12	-2.076258e+12	-1.954763e+12	-1.843351e+12	-1.741447e+12	-1.648525e+12	-1.564108e+12	-1.487758e+12	-1.419082e+12	-1.357726e+12	-1.303374e+12	-1.255745e+12	-1.214593e+12	-1.179706e+12	-1.150904e+12	-1.128039e+12	-1.110993e+12	-1.099677e+12	-1.094034e+12	
-2.101407e+12	-1.975611e+12	-1.860005e+12	-1.753993e+12	-1.657029e+12	-1.568612e+12	-1.488287e+12	-1.415638e+12	-1.350291e+12	-1.291910e+12	-1.240192e+12	-1.194872e+12	-1.155715e+12	-1.122519e+12	-1.095114e+12	-1.073357e+12	-1.057137e+12	-1.046370e+12	-1.041000e+12	
-2.000911e+12	-1.881130e+12	-1.771053e+12	-1.670111e+12	-1.577784e+12	-1.493596e+12	-1.417112e+12	-1.347937e+12	-1.285716e+12	-1.230126e+12	-1.180882e+12	-1.137729e+12	-1.100444e+12	-1.068836e+12	-1.042742e+12	-1.022025e+12	-1.006581e+12	-9.963289e+11	-9.912160e+11	
-1.906512e+12	-1.792383e+12	-1.687499e+12	-1.591319e+12	-1.503348e+12	-1.423131e+12	-1.350256e+12	-1.284345e+12	-1.225059e+12	-1.172092e+12	-1.125171e+12	-1.084053e+12	-1.048528e+12	-1.018411e+12	-9.935474e+11	-9.738086e+11	-9.590929e+11	-9.493244e+11	-9.444528e+11	
-1.817761e+12	-1.708944e+12	-1.608943e+12	-1.517241e+12	-1.433365e+12	-1.356882e+12	-1.287399e+12	-1.224556e+12	-1.168030e+12	-1.117529e+12	-1.072792e+12	-1.033589e+12	-9.997172e+11	-9.710023e+11	-9.472961e+11	-9.284762e+11	-9.144455e+11	-9.051318e+11	-9.004869e+11	
-1.734216e+12	-1.630401e+12	-1.534995e+12	-1.447508e+12	-1.367487e+12	-1.294520e+12	-1.228230e+12	-1.168275e+12	-1.114347e+12	-1.066167e+12	-1.023486e+12	-9.860849e+11	-9.537700e+11	-9.263748e+11	-9.037581e+11	-8.858032e+11	-8.724174e+11	-8.635317e+11	-8.591003e+11	
-1.655451e+12	-1.556351e+12	-1.465278e+12	-1.381764e+12	-1.305378e+12	-1.235725e+12	-1.172445e+12	-1.115214e+12	-1.063735e+12	-1.017743e+12	-9.770011e+11	-9.412985e+11	-9.104513e+11	-8.843004e+11	-8.627109e+11	-8.455714e+11	-8.327936e+11	-8.243115e+11	-8.200813e+11	
-1.581052e+12	-1.486406e+12	-1.399426e+12	-1.319665e+12	-1.246712e+12	-1.180189e+12	-1.119754e+12	-1.065094e+12	-1.015929e+12	-9.720041e+11	-9.330930e+11	-8.989949e+11	-8.695340e+11	-8.445584e+11	-8.239391e+11	-8.075700e+11	-7.953664e+11	-7.872655e+11	-7.832254e+11	
-1.510623e+12	-1.420192e+12	-1.337087e+12	-1.260880e+12	-1.191176e+12	-1.127616e+12	-1.069873e+12	-1.017649e+12	-9.706736e+11	-9.287053e+11	-8.915275e+11	-8.589483e+11	-8.307998e+11	-8.069367e+11	-7.872360e+11	-7.715960e+11	-7.599360e+11	-7.521960e+11	-7.483359e+11	
-1.443782e+12	-1.357353e+12	-1.277926e+12	-1.205090e+12	-1.138470e+12	-1.077723e+12	-1.022535e+12	-9.726211e+11	-9.277244e+11	-8.876131e+11	-8.520803e+11	-8.209427e+11	-7.940396e+11	-7.712324e+11	-7.524034e+11	-7.374554e+11	-7.263114e+11	-7.189138e+11	-7.152245e+11	
-1.380170e+12	-1.297549e+12	-1.221621e+12	-1.151994e+12	-1.088309e+12	-1.030239e+12	-9.774822e+11	-9.297677e+11	-8.868491e+11	-8.485051e+11	-8.145378e+11	-7.847721e+11	-7.590544e+11	-7.372521e+11	-7.192527e+11	-7.049633e+11	-6.943103e+11	-6.872386e+11	-6.837119e+11	
-1.319442e+12	-1.240456e+12	-1.167869e+12	-1.101306e+12	-1.040423e+12	-9.849077e+11	-9.344725e+11	-8.888575e+11	-8.478273e+11	-8.111705e+11	-7.786978e+11	-7.502418e+11	-7.256557e+11	-7.048127e+11	-6.876052e+11	-6.739446e+11	-6.637603e+11	-6.569998e+11	-6.536282e+11	
-1.261275e+12	-1.185772e+12	-1.116384e+12	-1.052756e+12	-9.945572e+11	-9.414890e+11	-8.932771e+11	-8.496730e+11	-8.104516e+11	-7.754107e+11	-7.443696e+11	-7.171680e+11	-6.936658e+11	-6.737416e+11	-6.572927e+11	-6.442343e+11	-6.344990e+11	-6.280365e+11	-6.248136e+11	
-1.205368e+12	-1.133211e+12	-1.066900e+12	-1.006091e+12	-9.504727e+11	-8.997568e+11	-8.536820e+11	-8.120106e+11	-7.745278e+11	-7.410401e+11	-7.113749e+11	-6.853790e+11	-6.629186e+11	-6.438775e+11	-6.281578e+11	-6.156782e+11	-6.063744e+11	-6.001983e+11	-5.971183e+11	
-1.151440e+12	-1.082511e+12	-1.019166e+12	-9.610787e+11	-9.079484e+11	-8.595015e+11	-8.154880e+11	-7.756811e+11	-7.398752e+11	-7.078858e+11	-6.795478e+11	-6.547150e+11	-6.332594e+11	-6.150703e+11	-6.000538e+11	-5.881326e+11	-5.792450e+11	-5.733453e+11	-5.704031e+11	
-1.099230e+12	-1.033427e+12	-9.729547e+11	-9.175008e+11	-8.667796e+11	-8.205294e+11	-7.785116e+11	-7.405096e+11	-7.063273e+11	-6.757884e+11	-6.487353e+11	-6.250285e+11	-6.045458e+11	-5.871814e+11	-5.728458e+11	-5.614651e+11	-5.529805e+11	-5.473483e+11	-5.445395e+11	
-1.048503e+12	-9.857363e+11	-9.280545e+11	-8.751597e+11	-8.267792e+11	-7.826633e+11	-7.425846e+11	-7.063364e+11	-6.737315e+11	-6.446019e+11	-6.187972e+11	-5.961845e+11	-5.766470e+11	-5.600840e+11	-5.464099e+11	-5.355544e+11	-5.274614e+11	-5.220891e+11	-5.194099e+11	
-9.990416e+11	-9.392360e+11	-8.842751e+11	-8.338756e+11	-7.877773e+11	-7.457426e+11	-7.075545e+11	-6.730162e+11	-6.419494e+11	-6.141939e+11	-5.896066e+11	-5.680605e+11	-5.494447e+11	-5.336630e+11	-5.206340e+11	-5.102906e+11	-5.025793e+11	-4.974605e+11	-4.949077e+11	
-9.506535e+11	-8.937445e+11	-8.414457e+11	-7.934872e+11	-7.496217e+11	-7.096229e+11	-6.732845e+11	-6.404190e+11	-6.108569e+11	-5.844457e+11	-5.610493e+11	-5.405468e+11	-5.228326e+11	-5.078153e+11	-4.954174e+11	-4.855749e+11	-4.782372e+11	-4.733662e+11	-4.709371e+11	
-9.031674e+11	-8.491011e+11	-7.994146e+11	-7.538517e+11	-7.121773e+11	-6.741765e+11	-6.396532e+11	-6.084294e+11	-5.803440e+11	-5.552521e+11	-5.330243e+11	-5.135460e+11	-4.967166e+11	-4.824494e+11	-4.706708e+11	-4.613200e+11	-4.543487e+11	-4.497211e+11	-4.474133e+11	
-8.564340e+11	-8.051653e+11	-7.580498e+11	-7.148445e+11	-6.753265e+11	-6.392920e+11	-6.065551e+11	-5.769469e+11	-5.503147e+11	-5.265212e+11	-5.054435e+11	-4.869731e+11	-4.710145e+11	-4.574856e+11	-4.463164e+11	-4.374495e+11	-4.308390e+11	-4.264508e+11	-4.242624e+11	
-8.103255e+11	-7.618170e+11	-7.172381e+11	-6.763589e+11	-6.389685e+11	-6.048740e+11	-5.738995e+11	-5.458854e+11	-5.206870e+11	-4.981745e+11	-4.782316e+11	-4.607556e+11	-4.456562e+11	-4.328556e+11	-4.222878e+11	-4.138982e+11	-4.076436e+11	-4.034917e+11	-4.014210e+11	
-7.647352e+11	-7.189558e+11	-6.768850e+11	-6.383057e+11	-6.030190e+11	-5.708427e+11	-5.416109e+11	-5.151729e+11	-4.913922e+11	-4.701463e+11	-4.513254e+11	-4.348326e+11	-4.205828e+11	-4.085024e+11	-3.985291e+11	-3.906115e+11	-3.847088e+11	-3.807905e+11	-3.788364e+11	
-7.195767e+11	-6.765007e+11	-6.369142e+11	-6.006131e+11	-5.674100e+11	-5.371338e+11	-5.096282e+11	-4.847514e+11	-4.623750e+11	-4.423836e+11	-4.246742e+11	-4.091553e+11	-3.957469e+11	-3.843799e+11	-3.749955e+11	-3.675455e+11	-3.619913e+11	-3.583044e+11	-3.564657e+11	
-6.747838e+11	-6.343893e+11	-5.972670e+11	-5.632256e+11	-5.320894e+11	-5.036978e+11	-4.779044e+11	-4.545761e+11	-4.335926e+11	-4.148457e+11	-3.982387e+11	-3.836858e+11	-3.711121e+11	-3.604526e+11	-3.516524e+11	-3.446662e+11	-3.394578e+11	-3.360003e+11	-3.342761e+11	
-6.303093e+11	-5.925771e+11	-5.579015e+11	-5.261037e+11	-4.970197e+11	-4.704994e+11	-4.464060e+11	-4.246153e+11	-4.050148e+11	-3.875035e+11	-3.719910e+11	-3.583973e+11	-3.466523e+11	-3.366954e+11	-3.284753e+11	-3.219495e+11	-3.170843e+11	-3.138548e+11	-3.122442e+11	
-5.861241e+11	-5.510370e+11	-5.187922e+11	-4.892235e+11	-4.621782e+11	-4.375170e+11	-4.151126e+11	-3.948494e+11	-3.766230e+11	-3.603392e+11	-3.459142e+11	-3.332734e+11	-3.223517e+11	-3.130928e+11	-3.054489e+11	-2.993806e+11	-2.948565e+11	-2.918533e+11	-2.903556e+11	
-5.422168e+11	-5.097581e+11	-4.799288e+11	-4.525751e+11	-4.275559e+11	-4.047421e+11	-3.840160e+11	-3.652708e+11	-3.484097e+11	-3.333458e+11	-3.200013e+11	-3.083075e+11	-2.982040e+11	-2.896386e+11	-2.825673e+11	-2.769536e+11	-2.727684e+11	-2.699902e+11	-2.686047e+11	
-4.985923e+11	-4.687450e+11	-4.413157e+11	-4.161628e+11	-3.931565e+11	-3.721782e+11	-3.531196e+11	-3.358826e+11	-3.203781e+11	-3.065261e+11	-2.942553e+11	-2.835023e+11	-2.742117e+11	-2.663355e+11	-2.598331e+11	-2.546710e+11	-2.508226e+11	-2.482679e+11	-2.469939e+11	
-4.552706e+11	-4.280168e+11	-4.029707e+11	-3.800033e+11	-3.589960e+11	-3.398404e+11	-3.224378e+11	-3.066985e+11	-2.925411e+11	-2.798927e+11	-2.686881e+11	-2.588694e+11	-2.503860e+11	-2.431942e+11	-2.372568e+11	-2.325432e+11	-2.290291e+11	-2.266964e+11	-2.255331e+11	
-4.122865e+11	-3.876058e+11	-3.649244e+11	-3.441254e+11	-3.251015e+11	-3.077545e+11	-2.919950e+11	-2.777417e+11	-2.649210e+11	-2.534668e+11	-2.433200e+11	-2.344284e+11	-2.267459e+11	-2.202331e+11	-2.148563e+11	-2.105877e+11	-2.074054e+11	-2.052930e+11	-2.042395e+11	
-3.696873e+11	-3.475567e+11	-3.272189e+11	-3.085689e+11	-2.915106e+11	-2.759560e+11	-2.618248e+11	-2.490442e+11	-2.375482e+11	-2.272775e+11	-2.181792e+11	-2.102062e+11	-2.033176e+11	-1.974777e+11	-1.926564e+11	-1.888289e+11	-1.859754e+11	-1.840812e+11	-1.831366e+11	
-3.275325e+11	-3.079254e+11	-2.899067e+11	-2.733834e+11	-2.582702e+11	-2.444893e+11	-2.319694e+11	-2.206462e+11	-2.104610e+11	-2.013615e+11	-1.933006e+11	-1.862368e+11	-1.801336e+11	-1.749597e+11	-1.706882e+11	-1.672971e+11	-1.647690e+11	-1.630908e+11	-1.622539e+11	
-2.858923e+11	-2.687779e+11	-2.530499e+11	-2.386273e+11	-2.254355e+11	-2.134066e+11	-2.024784e+11	-1.925947e+11	-1.837044e+11	-1.757617e+11	-1.687257e+11	-1.625599e+11	-1.572327e+11	-1.527165e+11	-1.489880e+11	-1.460281e+11	-1.438214e+11	-1.423565e+11	-1.416260e+11	
-2.448460e+11	-2.301888e+11	-2.167189e+11	-2.043670e+11	-1.930692e+11	-1.827672e+11	-1.734081e+11	-1.649434e+11	-1.573295e+11	-1.505272e+11	-1.445013e+11	-1.392208e+11	-1.346584e+11	-1.307906e+11	-1.275974e+11	-1.250625e+11	-1.231726e+11	-1.219181e+11	-1.212924e+11	
-2.044812e+11	-1.922404e+11	-1.809911e+11	-1.706755e+11	-1.612402e+11	-1.526367e+11	-1.448204e+11	-1.377512e+11	-1.313925e+11	-1.257116e+11	-1.206791e+11	-1.162692e+11	-1.124589e+11	-1.092288e+11	-1.065620e+11	-1.044450e+11	-1.028666e+11	-1.018189e+11	-1.012964e+11	
