3.250291e-09	5.343215e-09	7.342081e-09	9.258540e-09	1.112136e-08	1.296367e-08	1.481588e-08	1.670086e-08	1.862888e-08	2.059049e-08	2.254469e-08	2.439856e-08	2.597183e-08	
-1.075913e+07	-9.311729e+06	-8.080441e+06	-7.036693e+06	-6.156260e+06	-5.418707e+06	-4.806918e+06	-4.306692e+06	-3.906420e+06	-3.596813e+06	-3.370684e+06	-3.222785e+06	-3.149684e+06	
-2.149051e+07	-1.859944e+07	-1.614004e+07	-1.405524e+07	-1.229664e+07	-1.082344e+07	-9.601436e+06	-8.602275e+06	-7.802764e+06	-7.184348e+06	-6.732673e+06	-6.437257e+06	-6.291243e+06	
-3.216648e+07	-2.783919e+07	-2.415802e+07	-2.103754e+07	-1.840531e+07	-1.620026e+07	-1.437120e+07	-1.287568e+07	-1.167899e+07	-1.075336e+07	-1.007730e+07	-9.635131e+06	-9.416581e+06	
-4.275956e+07	-3.700721e+07	-3.211376e+07	-2.796563e+07	-2.446656e+07	-2.153534e+07	-1.910393e+07	-1.711590e+07	-1.552512e+07	-1.429466e+07	-1.339597e+07	-1.280818e+07	-1.251766e+07	
-5.324258e+07	-4.607997e+07	-3.998683e+07	-3.482174e+07	-3.046483e+07	-2.681498e+07	-2.378749e+07	-2.131207e+07	-1.933129e+07	-1.779917e+07	-1.668015e+07	-1.594826e+07	-1.558651e+07	
-6.358870e+07	-5.503425e+07	-4.775709e+07	-4.158832e+07	-3.638478e+07	-3.202569e+07	-2.840988e+07	-2.545344e+07	-2.308776e+07	-2.125791e+07	-1.992144e+07	-1.904733e+07	-1.861529e+07	
-7.377159e+07	-6.384725e+07	-5.540475e+07	-4.824814e+07	-4.221131e+07	-3.715418e+07	-3.295935e+07	-2.952948e+07	-2.678495e+07	-2.466208e+07	-2.311160e+07	-2.209751e+07	-2.159628e+07	
-8.376544e+07	-7.249665e+07	-6.291044e+07	-5.478432e+07	-4.792969e+07	-4.218746e+07	-3.742436e+07	-3.352984e+07	-3.041351e+07	-2.800306e+07	-2.624253e+07	-2.509106e+07	-2.452193e+07	
-9.354509e+07	-8.096066e+07	-7.025526e+07	-6.118041e+07	-5.352550e+07	-4.711286e+07	-4.179366e+07	-3.744446e+07	-3.396430e+07	-3.127243e+07	-2.930635e+07	-2.802045e+07	-2.738487e+07	
-1.030861e+08	-8.921815e+07	-7.742086e+07	-6.742043e+07	-5.898476e+07	-5.191808e+07	-4.605636e+07	-4.126356e+07	-3.742845e+07	-3.446202e+07	-3.229542e+07	-3.087836e+07	-3.017796e+07	
-1.123648e+08	-9.724864e+07	-8.438948e+07	-7.348892e+07	-6.429396e+07	-5.659120e+07	-5.020187e+07	-4.497768e+07	-4.079737e+07	-3.756393e+07	-3.520232e+07	-3.365771e+07	-3.289427e+07	
-1.213586e+08	-1.050325e+08	-9.114405e+07	-7.937100e+07	-6.944008e+07	-6.112079e+07	-5.422005e+07	-4.857771e+07	-4.406281e+07	-4.057057e+07	-3.801993e+07	-3.635169e+07	-3.552714e+07	
-1.300455e+08	-1.125508e+08	-9.766820e+07	-8.505243e+07	-7.441065e+07	-6.549586e+07	-5.810116e+07	-5.205494e+07	-4.721686e+07	-4.347464e+07	-4.074142e+07	-3.895377e+07	-3.807019e+07	
-1.384049e+08	-1.197856e+08	-1.039463e+08	-9.051963e+07	-7.919378e+07	-6.970595e+07	-6.183592e+07	-5.540104e+07	-5.025197e+07	-4.626920e+07	-4.336029e+07	-4.145773e+07	-4.051736e+07	
-1.464170e+08	-1.267198e+08	-1.099637e+08	-9.575973e+07	-8.377824e+07	-7.374117e+07	-6.541555e+07	-5.860816e+07	-5.316101e+07	-4.894768e+07	-4.587038e+07	-4.385768e+07	-4.286287e+07	
-1.540634e+08	-1.333376e+08	-1.157064e+08	-1.007606e+08	-8.815344e+07	-7.759219e+07	-6.883178e+07	-6.166889e+07	-5.593727e+07	-5.150390e+07	-4.826589e+07	-4.614808e+07	-4.510132e+07	
-1.613268e+08	-1.396239e+08	-1.211614e+08	-1.055110e+08	-9.230947e+07	-8.125031e+07	-7.207688e+07	-6.457629e+07	-5.857446e+07	-5.393208e+07	-5.054141e+07	-4.832375e+07	-4.722764e+07	
-1.681912e+08	-1.455648e+08	-1.263168e+08	-1.100005e+08	-9.623719e+07	-8.470747e+07	-7.514372e+07	-6.732398e+07	-6.106677e+07	-5.622686e+07	-5.269192e+07	-5.037990e+07	-4.923715e+07	
-1.746418e+08	-1.511476e+08	-1.311614e+08	-1.142193e+08	-9.992819e+07	-8.795626e+07	-7.802571e+07	-6.990607e+07	-6.340887e+07	-5.838333e+07	-5.471281e+07	-5.231213e+07	-5.112555e+07	
-1.806655e+08	-1.563609e+08	-1.356854e+08	-1.181589e+08	-1.033748e+08	-9.098998e+07	-8.071692e+07	-7.231721e+07	-6.559592e+07	-6.039705e+07	-5.659993e+07	-5.411644e+07	-5.288894e+07	
-1.862501e+08	-1.611943e+08	-1.398796e+08	-1.218114e+08	-1.065703e+08	-9.380263e+07	-8.321201e+07	-7.455266e+07	-6.762360e+07	-6.226402e+07	-5.834952e+07	-5.578927e+07	-5.452382e+07	
-1.913853e+08	-1.656387e+08	-1.437363e+08	-1.251699e+08	-1.095086e+08	-9.638893e+07	-8.550631e+07	-7.660820e+07	-6.948810e+07	-6.398074e+07	-5.995832e+07	-5.732747e+07	-5.602714e+07	
-1.960621e+08	-1.696863e+08	-1.472487e+08	-1.282287e+08	-1.121847e+08	-9.874434e+07	-8.759578e+07	-7.848024e+07	-7.118614e+07	-6.554421e+07	-6.142349e+07	-5.872835e+07	-5.739624e+07	
-2.002729e+08	-1.733307e+08	-1.504112e+08	-1.309826e+08	-1.145940e+08	-1.008651e+08	-8.947707e+07	-8.016575e+07	-7.271500e+07	-6.695190e+07	-6.274268e+07	-5.998966e+07	-5.862894e+07	
-2.040118e+08	-1.765665e+08	-1.532192e+08	-1.334279e+08	-1.167334e+08	-1.027481e+08	-9.114749e+07	-8.166234e+07	-7.407250e+07	-6.820180e+07	-6.391400e+07	-6.110959e+07	-5.972346e+07	
-2.072741e+08	-1.793900e+08	-1.556693e+08	-1.355615e+08	-1.186000e+08	-1.043911e+08	-9.260503e+07	-8.296820e+07	-7.525699e+07	-6.929242e+07	-6.493605e+07	-6.208679e+07	-6.067850e+07	
-2.100570e+08	-1.817985e+08	-1.577593e+08	-1.373816e+08	-1.201924e+08	-1.057927e+08	-9.384836e+07	-8.408215e+07	-7.626740e+07	-7.022275e+07	-6.580789e+07	-6.292038e+07	-6.149318e+07	
-2.123590e+08	-1.837908e+08	-1.594882e+08	-1.388872e+08	-1.215096e+08	-1.069521e+08	-9.487683e+07	-8.500360e+07	-7.710321e+07	-7.099231e+07	-6.652908e+07	-6.360992e+07	-6.216708e+07	
-2.141802e+08	-1.853670e+08	-1.608560e+08	-1.400782e+08	-1.225516e+08	-1.078693e+08	-9.569048e+07	-8.573258e+07	-7.776444e+07	-7.160113e+07	-6.709962e+07	-6.415543e+07	-6.270021e+07	
-2.155221e+08	-1.865284e+08	-1.618638e+08	-1.409559e+08	-1.233194e+08	-1.085451e+08	-9.629001e+07	-8.626971e+07	-7.825165e+07	-7.204973e+07	-6.752002e+07	-6.455738e+07	-6.309305e+07	
-2.163878e+08	-1.872776e+08	-1.625139e+08	-1.415221e+08	-1.238148e+08	-1.089811e+08	-9.667679e+07	-8.661624e+07	-7.856597e+07	-7.233914e+07	-6.779123e+07	-6.481669e+07	-6.334648e+07	
-2.167818e+08	-1.876186e+08	-1.628099e+08	-1.417798e+08	-1.240402e+08	-1.091796e+08	-9.685284e+07	-8.677397e+07	-7.870905e+07	-7.247088e+07	-6.791468e+07	-6.493473e+07	-6.346184e+07	
-2.167102e+08	-1.875566e+08	-1.627561e+08	-1.417329e+08	-1.239993e+08	-1.091435e+08	-9.682084e+07	-8.674530e+07	-7.868304e+07	-7.244693e+07	-6.789224e+07	-6.491327e+07	-6.344087e+07	
-2.161803e+08	-1.870980e+08	-1.623581e+08	-1.413864e+08	-1.236960e+08	-1.088766e+08	-9.658408e+07	-8.653318e+07	-7.849063e+07	-7.226977e+07	-6.772623e+07	-6.475454e+07	-6.328574e+07	
-2.152008e+08	-1.862503e+08	-1.616225e+08	-1.407458e+08	-1.231356e+08	-1.083833e+08	-9.614648e+07	-8.614112e+07	-7.813501e+07	-7.194234e+07	-6.741937e+07	-6.446115e+07	-6.299900e+07	
-2.137819e+08	-1.850223e+08	-1.605568e+08	-1.398178e+08	-1.223237e+08	-1.076687e+08	-9.551254e+07	-8.557315e+07	-7.761983e+07	-7.146799e+07	-6.697485e+07	-6.403613e+07	-6.258362e+07	
-2.119349e+08	-1.834237e+08	-1.591697e+08	-1.386098e+08	-1.212669e+08	-1.067385e+08	-9.468734e+07	-8.483382e+07	-7.694922e+07	-7.085052e+07	-6.639620e+07	-6.348287e+07	-6.204292e+07	
-2.096724e+08	-1.814656e+08	-1.574704e+08	-1.371300e+08	-1.199723e+08	-1.055990e+08	-9.367650e+07	-8.392818e+07	-7.612774e+07	-7.009416e+07	-6.568739e+07	-6.280516e+07	-6.138057e+07	
-2.070081e+08	-1.791598e+08	-1.554695e+08	-1.353876e+08	-1.184478e+08	-1.042572e+08	-9.248618e+07	-8.286172e+07	-7.516040e+07	-6.920349e+07	-6.485271e+07	-6.200711e+07	-6.060063e+07	
-2.039570e+08	-1.765191e+08	-1.531780e+08	-1.333921e+08	-1.167020e+08	-1.027205e+08	-9.112302e+07	-8.164042e+07	-7.405261e+07	-6.818349e+07	-6.389684e+07	-6.109318e+07	-5.970743e+07	
-2.005350e+08	-1.735574e+08	-1.506080e+08	-1.311540e+08	-1.147440e+08	-1.009970e+08	-8.959413e+07	-8.027063e+07	-7.281013e+07	-6.703949e+07	-6.282476e+07	-6.006814e+07	-5.870564e+07	
-1.967589e+08	-1.702893e+08	-1.477720e+08	-1.286844e+08	-1.125833e+08	-9.909525e+07	-8.790707e+07	-7.875914e+07	-7.143912e+07	-6.577714e+07	-6.164177e+07	-5.893706e+07	-5.760021e+07	
-1.926466e+08	-1.667303e+08	-1.446836e+08	-1.259948e+08	-1.102303e+08	-9.702415e+07	-8.606981e+07	-7.711306e+07	-6.994604e+07	-6.440239e+07	-6.035346e+07	-5.770527e+07	-5.639637e+07	
-1.882168e+08	-1.628964e+08	-1.413566e+08	-1.230977e+08	-1.076956e+08	-9.479313e+07	-8.409067e+07	-7.533988e+07	-6.833766e+07	-6.292149e+07	-5.896566e+07	-5.637836e+07	-5.509956e+07	
-1.834888e+08	-1.588045e+08	-1.378058e+08	-1.200055e+08	-1.049904e+08	-9.241195e+07	-8.197834e+07	-7.344737e+07	-6.662104e+07	-6.134092e+07	-5.748446e+07	-5.496216e+07	-5.371547e+07	
-1.784829e+08	-1.544720e+08	-1.340462e+08	-1.167315e+08	-1.021260e+08	-8.989076e+07	-7.974180e+07	-7.144357e+07	-6.480347e+07	-5.966741e+07	-5.591616e+07	-5.346267e+07	-5.225000e+07	
-1.732196e+08	-1.499167e+08	-1.300933e+08	-1.132892e+08	-9.911439e+07	-8.723996e+07	-7.739029e+07	-6.933677e+07	-6.289248e+07	-5.790787e+07	-5.426725e+07	-5.188611e+07	-5.070920e+07	
-1.677202e+08	-1.451572e+08	-1.259631e+08	-1.096925e+08	-9.596771e+07	-8.447027e+07	-7.493330e+07	-6.713546e+07	-6.089577e+07	-5.606941e+07	-5.254437e+07	-5.023883e+07	-4.909928e+07	
-1.620064e+08	-1.402120e+08	-1.216718e+08	-1.059555e+08	-9.269834e+07	-8.159259e+07	-7.238052e+07	-6.484833e+07	-5.882121e+07	-5.415927e+07	-5.075432e+07	-4.852732e+07	-4.742660e+07	
-1.561002e+08	-1.351004e+08	-1.172361e+08	-1.020928e+08	-8.931888e+07	-7.861801e+07	-6.974178e+07	-6.248419e+07	-5.667680e+07	-5.218482e+07	-4.890400e+07	-4.675819e+07	-4.569759e+07	
-1.500240e+08	-1.298415e+08	-1.126726e+08	-9.811875e+07	-8.584210e+07	-7.555776e+07	-6.702704e+07	-6.005196e+07	-5.447062e+07	-5.015350e+07	-4.700038e+07	-4.493810e+07	-4.391879e+07	
-1.438000e+08	-1.244549e+08	-1.079983e+08	-9.404819e+07	-8.228085e+07	-7.242317e+07	-6.424636e+07	-5.756064e+07	-5.221085e+07	-4.807282e+07	-4.505052e+07	-4.307379e+07	-4.209677e+07	
-1.374511e+08	-1.189601e+08	-1.032300e+08	-8.989585e+07	-7.864805e+07	-6.922560e+07	-6.140980e+07	-5.501927e+07	-4.990568e+07	-4.595035e+07	-4.306149e+07	-4.117204e+07	-4.023815e+07	
-1.309997e+08	-1.133766e+08	-9.838485e+07	-8.567651e+07	-7.495664e+07	-6.597644e+07	-5.852748e+07	-5.243690e+07	-4.756332e+07	-4.379363e+07	-4.104036e+07	-3.923959e+07	-3.834954e+07	
-1.244684e+08	-1.077240e+08	-9.347966e+07	-8.140492e+07	-7.121951e+07	-6.268704e+07	-5.560947e+07	-4.982254e+07	-4.519194e+07	-4.161021e+07	-3.899420e+07	-3.728322e+07	-3.643754e+07	
-1.178796e+08	-1.020215e+08	-8.853126e+07	-7.709571e+07	-6.744947e+07	-5.936866e+07	-5.266575e+07	-4.718515e+07	-4.279968e+07	-3.940755e+07	-3.693002e+07	-3.530961e+07	-3.450870e+07	
-1.112555e+08	-9.628851e+07	-8.355631e+07	-7.276336e+07	-6.365919e+07	-5.603248e+07	-4.970623e+07	-4.453362e+07	-4.039458e+07	-3.719307e+07	-3.485476e+07	-3.332541e+07	-3.256950e+07	
-1.046178e+08	-9.054378e+07	-7.857120e+07	-6.842218e+07	-5.986118e+07	-5.268949e+07	-4.674068e+07	-4.187667e+07	-3.798457e+07	-3.497407e+07	-3.277527e+07	-3.133716e+07	-3.062635e+07	
-9.798805e+07	-8.480592e+07	-7.359206e+07	-6.408620e+07	-5.606771e+07	-4.935050e+07	-4.377867e+07	-3.922290e+07	-3.557745e+07	-3.275772e+07	-3.069827e+07	-2.935129e+07	-2.868553e+07	
-9.138725e+07	-7.909312e+07	-6.863466e+07	-5.976914e+07	-5.229081e+07	-4.602609e+07	-4.082960e+07	-3.658072e+07	-3.318084e+07	-3.055105e+07	-2.863033e+07	-2.737409e+07	-2.675318e+07	
-8.483587e+07	-7.342308e+07	-6.371437e+07	-5.548440e+07	-4.854218e+07	-4.272657e+07	-3.790260e+07	-3.395831e+07	-3.080217e+07	-2.836091e+07	-2.657788e+07	-2.541169e+07	-2.483529e+07	
-7.835377e+07	-6.781300e+07	-5.884611e+07	-5.124498e+07	-4.483319e+07	-3.946194e+07	-3.500655e+07	-3.136364e+07	-2.844865e+07	-2.619392e+07	-2.454713e+07	-2.347005e+07	-2.293769e+07	
-7.196016e+07	-6.227951e+07	-5.404431e+07	-4.706342e+07	-4.117483e+07	-3.624187e+07	-3.215004e+07	-2.880439e+07	-2.612726e+07	-2.405651e+07	-2.254410e+07	-2.155491e+07	-2.106599e+07	
-6.567349e+07	-5.683858e+07	-4.932283e+07	-4.295181e+07	-3.757767e+07	-3.307567e+07	-2.934132e+07	-2.628795e+07	-2.384470e+07	-2.195486e+07	-2.057458e+07	-1.967181e+07	-1.922560e+07	
-5.951146e+07	-5.150551e+07	-4.469495e+07	-3.892172e+07	-3.405182e+07	-2.997223e+07	-2.658827e+07	-2.382140e+07	-2.160739e+07	-1.989487e+07	-1.864410e+07	-1.782603e+07	-1.742169e+07	
-5.349090e+07	-4.629488e+07	-4.017332e+07	-3.498415e+07	-3.060692e+07	-2.694005e+07	-2.389843e+07	-2.141147e+07	-1.942145e+07	-1.788218e+07	-1.675794e+07	-1.602264e+07	-1.565920e+07	
-4.762775e+07	-4.122049e+07	-3.576991e+07	-3.114952e+07	-2.725209e+07	-2.398714e+07	-2.127892e+07	-1.906455e+07	-1.729266e+07	-1.592211e+07	-1.492110e+07	-1.426639e+07	-1.394279e+07	
-4.193700e+07	-3.629530e+07	-3.149599e+07	-2.742766e+07	-2.399590e+07	-2.112107e+07	-1.873643e+07	-1.678665e+07	-1.522647e+07	-1.401968e+07	-1.313827e+07	-1.256179e+07	-1.227685e+07	
-3.643268e+07	-3.153147e+07	-2.736207e+07	-2.382772e+07	-2.084639e+07	-1.834888e+07	-1.627723e+07	-1.458336e+07	-1.322796e+07	-1.217956e+07	-1.141384e+07	-1.091303e+07	-1.066549e+07	
-3.112776e+07	-2.694021e+07	-2.337791e+07	-2.035820e+07	-1.781097e+07	-1.567712e+07	-1.390713e+07	-1.245990e+07	-1.130185e+07	-1.040611e+07	-9.751888e+06	-9.323995e+06	-9.112502e+06	
-2.603419e+07	-2.253187e+07	-1.955249e+07	-1.702690e+07	-1.489649e+07	-1.311181e+07	-1.163144e+07	-1.042103e+07	-9.452482e+06	-8.703316e+06	-8.156144e+06	-7.798269e+06	-7.621384e+06	
-2.116282e+07	-1.831583e+07	-1.589393e+07	-1.384092e+07	-1.210914e+07	-1.065840e+07	-9.455030e+06	-8.471105e+06	-7.683785e+06	-7.074798e+06	-6.630011e+06	-6.339099e+06	-6.195312e+06	
-1.652337e+07	-1.430052e+07	-1.240956e+07	-1.080662e+07	-9.454495e+06	-8.321797e+06	-7.382239e+06	-6.614015e+06	-5.999297e+06	-5.523816e+06	-5.176538e+06	-4.949402e+06	-4.837137e+06	
-1.212446e+07	-1.049339e+07	-9.105848e+06	-7.929648e+06	-6.937488e+06	-6.106340e+06	-5.416915e+06	-4.853210e+06	-4.402144e+06	-4.053248e+06	-3.798423e+06	-3.631756e+06	-3.549378e+06	
-7.973566e+06	-6.900899e+06	-5.988395e+06	-5.214876e+06	-4.562389e+06	-4.015791e+06	-3.562395e+06	-3.191679e+06	-2.895038e+06	-2.665589e+06	-2.498005e+06	-2.388398e+06	-2.334223e+06	
-4.076990e+06	-3.528522e+06	-3.061946e+06	-2.666436e+06	-2.332810e+06	-2.053327e+06	-1.821500e+06	-1.631948e+06	-1.480272e+06	-1.362951e+06	-1.277263e+06	-1.221220e+06	-1.193519e+06	
-4.398958e+05	-3.807176e+05	-3.303754e+05	-2.877009e+05	-2.517037e+05	-2.215482e+05	-1.965347e+05	-1.760826e+05	-1.597172e+05	-1.470586e+05	-1.378131e+05	-1.317662e+05	-1.287774e+05	
2.933717e+06	2.539050e+06	2.203312e+06	1.918711e+06	1.678641e+06	1.477531e+06	1.310713e+06	1.174315e+06	1.065172e+06	9.807510e+05	9.190919e+05	8.787640e+05	8.588314e+05	
6.040997e+06	5.228315e+06	4.536976e+06	3.950936e+06	3.456594e+06	3.042476e+06	2.698970e+06	2.418105e+06	2.193362e+06	2.019525e+06	1.892559e+06	1.809517e+06	1.768473e+06	
8.880237e+06	7.685598e+06	6.669333e+06	5.807858e+06	5.081177e+06	4.472425e+06	3.967474e+06	3.554603e+06	3.224232e+06	2.968692e+06	2.782053e+06	2.659982e+06	2.599647e+06	
1.145086e+07	9.910397e+06	8.599948e+06	7.489096e+06	6.552058e+06	5.767086e+06	5.115964e+06	4.583577e+06	4.157571e+06	3.828059e+06	3.587391e+06	3.429984e+06	3.352183e+06	
1.375338e+07	1.190317e+07	1.032922e+07	8.994995e+06	7.869538e+06	6.926726e+06	6.144676e+06	5.505238e+06	4.993571e+06	4.597801e+06	4.308740e+06	4.119681e+06	4.026236e+06	
1.578943e+07	1.366531e+07	1.185835e+07	1.032661e+07	9.034542e+06	7.952156e+06	7.054331e+06	6.320231e+06	5.732818e+06	5.278457e+06	4.946604e+06	4.729557e+06	4.622279e+06	
1.756166e+07	1.519913e+07	1.318935e+07	1.148569e+07	1.004860e+07	8.844721e+06	7.846123e+06	7.029626e+06	6.376280e+06	5.870921e+06	5.501821e+06	5.260412e+06	5.141092e+06	
1.907378e+07	1.650783e+07	1.432500e+07	1.247465e+07	1.091382e+07	9.606283e+06	8.521702e+06	7.634902e+06	6.925300e+06	6.376428e+06	5.975547e+06	5.713352e+06	5.583758e+06	
2.033048e+07	1.759546e+07	1.526882e+07	1.329655e+07	1.163288e+07	1.023920e+07	9.083163e+06	8.137935e+06	7.381581e+06	6.796546e+06	6.369252e+06	6.089782e+06	5.951650e+06	
2.133739e+07	1.846691e+07	1.602504e+07	1.395509e+07	1.220902e+07	1.074632e+07	9.533024e+06	8.540982e+06	7.747168e+06	7.133158e+06	6.684701e+06	6.391390e+06	6.246417e+06	
2.210105e+07	1.912784e+07	1.659857e+07	1.445454e+07	1.264598e+07	1.113093e+07	9.874211e+06	8.846664e+06	8.024439e+06	7.388453e+06	6.923947e+06	6.620138e+06	6.469976e+06	
2.262888e+07	1.958467e+07	1.699499e+07	1.479976e+07	1.294801e+07	1.139677e+07	1.011003e+07	9.057946e+06	8.216084e+06	7.564910e+06	7.089309e+06	6.778245e+06	6.624497e+06	
2.292911e+07	1.984450e+07	1.722047e+07	1.499611e+07	1.311979e+07	1.154797e+07	1.024417e+07	9.178121e+06	8.325090e+06	7.665276e+06	7.183365e+06	6.868174e+06	6.712386e+06	
2.301071e+07	1.991513e+07	1.728176e+07	1.504948e+07	1.316648e+07	1.158907e+07	1.028062e+07	9.210784e+06	8.354717e+06	7.692555e+06	7.208930e+06	6.892617e+06	6.736274e+06	
2.288338e+07	1.980493e+07	1.718613e+07	1.496620e+07	1.309363e+07	1.152494e+07	1.022374e+07	9.159816e+06	8.308486e+06	7.649988e+06	7.169039e+06	6.854476e+06	6.698999e+06	
2.255746e+07	1.952286e+07	1.694135e+07	1.475304e+07	1.290714e+07	1.136080e+07	1.007812e+07	9.029358e+06	8.190153e+06	7.541033e+06	7.066934e+06	6.756851e+06	6.603589e+06	
2.204390e+07	1.907838e+07	1.655565e+07	1.441716e+07	1.261328e+07	1.110214e+07	9.848676e+06	8.823786e+06	8.003687e+06	7.369346e+06	6.906041e+06	6.603018e+06	6.453244e+06	
2.135415e+07	1.848142e+07	1.603763e+07	1.396605e+07	1.221861e+07	1.075476e+07	9.540513e+06	8.547691e+06	7.753253e+06	7.138761e+06	6.689952e+06	6.396411e+06	6.251324e+06	
2.050016e+07	1.774231e+07	1.539625e+07	1.340752e+07	1.172997e+07	1.032466e+07	9.158970e+06	8.205853e+06	7.443187e+06	6.853269e+06	6.422409e+06	6.140607e+06	6.001322e+06	
1.949427e+07	1.687175e+07	1.464080e+07	1.274965e+07	1.115441e+07	9.818054e+06	8.709564e+06	7.803214e+06	7.077969e+06	6.516997e+06	6.107278e+06	5.839304e+06	5.706853e+06	
1.834918e+07	1.588070e+07	1.378080e+07	1.200074e+07	1.049920e+07	9.241342e+06	8.197965e+06	7.344854e+06	6.662210e+06	6.134189e+06	5.748537e+06	5.496303e+06	5.371633e+06	
1.707785e+07	1.478040e+07	1.282599e+07	1.116926e+07	9.771763e+06	8.601054e+06	7.629967e+06	6.835964e+06	6.200617e+06	5.709181e+06	5.350249e+06	5.115491e+06	4.999458e+06	
1.569348e+07	1.358227e+07	1.178629e+07	1.026386e+07	8.979639e+06	7.903831e+06	7.011463e+06	6.281824e+06	5.697980e+06	5.246380e+06	4.916544e+06	4.700816e+06	4.594189e+06	
1.420939e+07	1.229783e+07	1.067169e+07	9.293234e+06	8.130462e+06	7.156389e+06	6.348410e+06	5.687771e+06	5.159139e+06	4.750246e+06	4.451601e+06	4.256274e+06	4.159731e+06	
1.263902e+07	1.093872e+07	9.492296e+06	8.266179e+06	7.231912e+06	6.365491e+06	5.646806e+06	5.059179e+06	4.588969e+06	4.225266e+06	3.959626e+06	3.785886e+06	3.700012e+06	
1.099581e+07	9.516568e+06	8.258195e+06	7.191486e+06	6.291685e+06	5.537908e+06	4.912660e+06	4.401430e+06	3.992354e+06	3.675935e+06	3.444832e+06	3.293680e+06	3.218970e+06	
9.293170e+06	8.042979e+06	6.979458e+06	6.077924e+06	5.317452e+06	4.680393e+06	4.151962e+06	3.719893e+06	3.374159e+06	3.106737e+06	2.911418e+06	2.783671e+06	2.720531e+06	
7.544405e+06	6.529472e+06	5.666082e+06	4.934196e+06	4.316827e+06	3.799649e+06	3.370656e+06	3.019893e+06	2.739219e+06	2.522119e+06	2.363555e+06	2.259847e+06	2.208588e+06	
5.762662e+06	4.987423e+06	4.327938e+06	3.768899e+06	3.297333e+06	2.902295e+06	2.574617e+06	2.306693e+06	2.092304e+06	1.926477e+06	1.805360e+06	1.726145e+06	1.686991e+06	
3.960869e+06	3.428021e+06	2.974735e+06	2.590489e+06	2.266367e+06	1.994844e+06	1.769620e+06	1.585466e+06	1.438110e+06	1.324131e+06	1.240884e+06	1.186437e+06	1.159525e+06	
2.151676e+06	1.862215e+06	1.615975e+06	1.407240e+06	1.231166e+06	1.083666e+06	9.613163e+05	8.612781e+05	7.812294e+05	7.193122e+05	6.740896e+05	6.445119e+05	6.298927e+05	
3.474046e+05	3.006690e+05	2.609117e+05	2.272098e+05	1.987812e+05	1.749662e+05	1.552119e+05	1.390600e+05	1.261355e+05	1.161385e+05	1.088370e+05	1.040614e+05	1.017010e+05	
-1.440006e+06	-1.246285e+06	-1.081489e+06	-9.417935e+05	-8.239560e+05	-7.252417e+05	-6.433596e+05	-5.764092e+05	-5.228367e+05	-4.813987e+05	-4.511335e+05	-4.313387e+05	-4.215548e+05	
-3.199049e+06	-2.768687e+06	-2.402585e+06	-2.092244e+06	-1.830461e+06	-1.611162e+06	-1.429257e+06	-1.280523e+06	-1.161509e+06	-1.069452e+06	-1.002217e+06	-9.582414e+05	-9.365060e+05	
-4.918694e+06	-4.256992e+06	-3.694091e+06	-3.216927e+06	-2.814424e+06	-2.477241e+06	-2.197552e+06	-1.968867e+06	-1.785877e+06	-1.644335e+06	-1.540957e+06	-1.473343e+06	-1.439924e+06	
-6.588434e+06	-5.702106e+06	-4.948118e+06	-4.308971e+06	-3.769831e+06	-3.318185e+06	-2.943552e+06	-2.637235e+06	-2.392125e+06	-2.202535e+06	-2.064063e+06	-1.973496e+06	-1.928732e+06	
-8.198323e+06	-7.095420e+06	-6.157195e+06	-5.361872e+06	-4.690993e+06	-4.128987e+06	-3.662811e+06	-3.281645e+06	-2.976643e+06	-2.740726e+06	-2.568419e+06	-2.455722e+06	-2.400019e+06	
-9.739016e+06	-8.428847e+06	-7.314303e+06	-6.369516e+06	-5.572561e+06	-4.904938e+06	-4.351155e+06	-3.898357e+06	-3.536037e+06	-3.255785e+06	-3.051096e+06	-2.917220e+06	-2.851050e+06	
-1.120180e+07	-9.694845e+06	-8.412898e+06	-7.326207e+06	-6.409550e+06	-5.641652e+06	-5.004691e+06	-4.483884e+06	-4.067144e+06	-3.744798e+06	-3.509365e+06	-3.355381e+06	-3.279273e+06	
-1.257862e+07	-1.088645e+07	-9.446937e+06	-8.226679e+06	-7.197354e+06	-6.335073e+06	-5.619823e+06	-5.035003e+06	-4.567041e+06	-4.205075e+06	-3.940705e+06	-3.767795e+06	-3.682331e+06	
-1.386213e+07	-1.199729e+07	-1.041089e+07	-9.066119e+06	-7.931763e+06	-6.981496e+06	-6.193263e+06	-5.548769e+06	-5.033056e+06	-4.634156e+06	-4.342810e+06	-4.152256e+06	-4.058072e+06	
-1.504568e+07	-1.302161e+07	-1.129977e+07	-9.840182e+06	-8.608975e+06	-7.577574e+06	-6.722041e+06	-6.022521e+06	-5.462777e+06	-5.029819e+06	-4.713598e+06	-4.506774e+06	-4.404549e+06	
-1.612335e+07	-1.395431e+07	-1.210913e+07	-1.054500e+07	-9.225605e+06	-8.120329e+06	-7.203518e+06	-6.453893e+06	-5.854056e+06	-5.390087e+06	-5.051216e+06	-4.829579e+06	-4.720031e+06	
-1.708997e+07	-1.479089e+07	-1.283510e+07	-1.117719e+07	-9.778699e+06	-8.607159e+06	-7.635383e+06	-6.840816e+06	-6.205019e+06	-5.713233e+06	-5.354046e+06	-5.119122e+06	-5.003007e+06	
-1.794115e+07	-1.552757e+07	-1.347436e+07	-1.173388e+07	-1.026573e+07	-9.035846e+06	-8.015669e+06	-7.181529e+06	-6.514065e+06	-5.997785e+06	-5.620709e+06	-5.374084e+06	-5.252186e+06	
-1.867324e+07	-1.616117e+07	-1.402419e+07	-1.221269e+07	-1.068463e+07	-9.404555e+06	-8.342751e+06	-7.474573e+06	-6.779873e+06	-6.242526e+06	-5.850063e+06	-5.593374e+06	-5.466502e+06	
-1.928338e+07	-1.668923e+07	-1.448242e+07	-1.261173e+07	-1.103375e+07	-9.711844e+06	-8.615346e+06	-7.718801e+06	-7.001401e+06	-6.446498e+06	-6.041211e+06	-5.776135e+06	-5.645117e+06	
-1.976947e+07	-1.710993e+07	-1.484748e+07	-1.292964e+07	-1.131188e+07	-9.956656e+06	-8.832517e+06	-7.913373e+06	-7.177889e+06	-6.608998e+06	-6.193495e+06	-5.921737e+06	-5.787417e+06	
-2.013017e+07	-1.742210e+07	-1.511838e+07	-1.316555e+07	-1.151827e+07	-1.013832e+07	-8.993671e+06	-8.057756e+06	-7.308854e+06	-6.729583e+06	-6.306499e+06	-6.029782e+06	-5.893011e+06	
-2.036493e+07	-1.762528e+07	-1.529469e+07	-1.331908e+07	-1.165259e+07	-1.025655e+07	-9.098553e+06	-8.151724e+06	-7.394088e+06	-6.808061e+06	-6.380043e+06	-6.100100e+06	-5.961734e+06	
-2.047391e+07	-1.771959e+07	-1.537654e+07	-1.339035e+07	-1.171495e+07	-1.031144e+07	-9.147242e+06	-8.195346e+06	-7.433655e+06	-6.844493e+06	-6.414185e+06	-6.132743e+06	-5.993637e+06	
-2.045802e+07	-1.770585e+07	-1.536461e+07	-1.337997e+07	-1.170586e+07	-1.030344e+07	-9.140145e+06	-8.188988e+06	-7.427888e+06	-6.839183e+06	-6.409209e+06	-6.127986e+06	-5.988987e+06	
-2.031890e+07	-1.758544e+07	-1.526013e+07	-1.328898e+07	-1.162626e+07	-1.023337e+07	-9.077991e+06	-8.133301e+06	-7.377378e+06	-6.792676e+06	-6.365625e+06	-6.086314e+06	-5.948261e+06	
-2.005888e+07	-1.736040e+07	-1.506484e+07	-1.311892e+07	-1.147747e+07	-1.010241e+07	-8.961816e+06	-8.029216e+06	-7.282967e+06	-6.705747e+06	-6.284162e+06	-6.008425e+06	-5.872139e+06	
-1.968093e+07	-1.703329e+07	-1.478099e+07	-1.287173e+07	-1.126122e+07	-9.912063e+06	-8.792959e+06	-7.877931e+06	-7.145741e+06	-6.579398e+06	-6.165756e+06	-5.895215e+06	-5.761497e+06	
-1.918870e+07	-1.660728e+07	-1.441131e+07	-1.254980e+07	-1.097957e+07	-9.664156e+06	-8.573042e+06	-7.680899e+06	-6.967022e+06	-6.414844e+06	-6.011547e+06	-5.747773e+06	-5.617398e+06	
-1.858643e+07	-1.608604e+07	-1.395898e+07	-1.215591e+07	-1.063496e+07	-9.360832e+06	-8.303963e+06	-7.439822e+06	-6.748351e+06	-6.213504e+06	-5.822865e+06	-5.567370e+06	-5.441087e+06	
-1.787895e+07	-1.547373e+07	-1.342765e+07	-1.169320e+07	-1.023014e+07	-9.004519e+06	-7.987880e+06	-7.156631e+06	-6.491481e+06	-5.976992e+06	-5.601223e+06	-5.355452e+06	-5.233977e+06	
-1.707163e+07	-1.477502e+07	-1.282133e+07	-1.116520e+07	-9.768207e+06	-8.597924e+06	-7.627190e+06	-6.833476e+06	-6.198361e+06	-5.707103e+06	-5.348302e+06	-5.113629e+06	-4.997639e+06	
-1.617035e+07	-1.399499e+07	-1.214444e+07	-1.057574e+07	-9.252504e+06	-8.144005e+06	-7.224520e+06	-6.472710e+06	-5.871124e+06	-5.405802e+06	-5.065943e+06	-4.843660e+06	-4.733793e+06	
-1.518145e+07	-1.313912e+07	-1.140174e+07	-9.928982e+06	-8.686665e+06	-7.645956e+06	-6.782703e+06	-6.076870e+06	-5.512074e+06	-5.075209e+06	-4.756134e+06	-4.547445e+06	-4.444297e+06	
-1.411170e+07	-1.221328e+07	-1.059832e+07	-9.229340e+06	-8.074562e+06	-7.107186e+06	-6.304762e+06	-5.648665e+06	-5.123668e+06	-4.717586e+06	-4.420995e+06	-4.227011e+06	-4.131131e+06	
-1.296823e+07	-1.122364e+07	-9.739545e+06	-8.481491e+06	-7.420284e+06	-6.531295e+06	-5.793891e+06	-5.190957e+06	-4.708500e+06	-4.335323e+06	-4.062764e+06	-3.884498e+06	-3.796388e+06	
-1.175855e+07	-1.017670e+07	-8.831034e+06	-7.690333e+06	-6.728116e+06	-5.922052e+06	-5.253433e+06	-4.706741e+06	-4.269288e+06	-3.930921e+06	-3.683787e+06	-3.522150e+06	-3.442258e+06	
-1.049042e+07	-9.079164e+06	-7.878628e+06	-6.860948e+06	-6.002504e+06	-5.283373e+06	-4.686863e+06	-4.199130e+06	-3.808856e+06	-3.506981e+06	-3.286499e+06	-3.142294e+06	-3.071019e+06	
-9.171859e+06	-7.937988e+06	-6.888350e+06	-5.998584e+06	-5.248039e+06	-4.619297e+06	-4.097763e+06	-3.671334e+06	-3.330114e+06	-3.066182e+06	-2.873414e+06	-2.747334e+06	-2.685017e+06	
-7.811090e+06	-6.760281e+06	-5.866371e+06	-5.108613e+06	-4.469422e+06	-3.933962e+06	-3.489805e+06	-3.126642e+06	-2.836047e+06	-2.611273e+06	-2.447104e+06	-2.339730e+06	-2.286659e+06	
-6.416476e+06	-5.553281e+06	-4.818972e+06	-4.196507e+06	-3.671439e+06	-3.231581e+06	-2.866725e+06	-2.568403e+06	-2.329691e+06	-2.145049e+06	-2.010191e+06	-1.921988e+06	-1.878392e+06	
-4.996484e+06	-4.324317e+06	-3.752514e+06	-3.267803e+06	-2.858934e+06	-2.516419e+06	-2.232307e+06	-2.000005e+06	-1.814121e+06	-1.670341e+06	-1.565328e+06	-1.496644e+06	-1.462696e+06	
-3.559632e+06	-3.080762e+06	-2.673394e+06	-2.328073e+06	-2.036783e+06	-1.792766e+06	-1.590357e+06	-1.424858e+06	-1.292429e+06	-1.189997e+06	-1.115182e+06	-1.066250e+06	-1.042065e+06	
-2.114447e+06	-1.829995e+06	-1.588015e+06	-1.382892e+06	-1.209864e+06	-1.064916e+06	-9.446835e+05	-8.463762e+05	-7.677125e+05	-7.068666e+05	-6.624264e+05	-6.333605e+05	-6.189942e+05	
-6.694125e+05	-5.793579e+05	-5.027495e+05	-4.378095e+05	-3.830307e+05	-3.371416e+05	-2.990772e+05	-2.679541e+05	-2.430500e+05	-2.237868e+05	-2.097175e+05	-2.005155e+05	-1.959673e+05	
7.670760e+05	6.638829e+05	5.760979e+05	5.016835e+05	4.389127e+05	3.863286e+05	3.427109e+05	3.070471e+05	2.785096e+05	2.564360e+05	2.403141e+05	2.297696e+05	2.245578e+05	
