-4.390236e-16	-4.356294e-16	-4.323747e-16	-4.293612e-16	-4.266081e-16	-4.241010e-16	-4.218166e-16	-4.197364e-16	-4.178548e-16	-4.161867e-16	-4.147770e-16	-4.137143e-16	-4.131554e-16	-4.133646e-16	-4.147822e-16	
-3.745444e-02	-3.263875e-02	-2.833924e-02	-2.449635e-02	-2.106111e-02	-1.799402e-02	-1.526412e-02	-1.284825e-02	-1.073058e-02	-8.902165e-03	-7.360796e-03	-6.110917e-03	-5.163740e-03	-4.537505e-03	-4.257901e-03	
-7.493849e-02	-6.530327e-02	-5.670079e-02	-4.901188e-02	-4.213858e-02	-3.600185e-02	-3.053972e-02	-2.570591e-02	-2.146869e-02	-1.781021e-02	-1.472603e-02	-1.222504e-02	-1.032968e-02	-9.076438e-03	-8.516711e-03	
-1.124819e-01	-9.801943e-02	-8.510704e-02	-7.356586e-02	-6.324883e-02	-5.403731e-02	-4.583833e-02	-3.858240e-02	-3.222191e-02	-2.673005e-02	-2.210016e-02	-1.834560e-02	-1.550003e-02	-1.361823e-02	-1.277734e-02	
-1.501145e-01	-1.308133e-01	-1.135806e-01	-9.817767e-02	-8.440838e-02	-7.211437e-02	-6.117156e-02	-5.148722e-02	-4.299784e-02	-3.566762e-02	-2.948767e-02	-2.447583e-02	-2.067702e-02	-1.816433e-02	-1.704072e-02	
-1.878667e-01	-1.637112e-01	-1.421441e-01	-1.228669e-01	-1.056339e-01	-9.024712e-02	-7.655114e-02	-6.443000e-02	-5.380418e-02	-4.462893e-02	-3.689310e-02	-3.061902e-02	-2.586289e-02	-2.271620e-02	-2.130776e-02	
-2.257690e-01	-1.967398e-01	-1.708209e-01	-1.476535e-01	-1.269425e-01	-1.084498e-01	-9.198898e-02	-7.742045e-02	-6.464876e-02	-5.362007e-02	-4.432105e-02	-3.677848e-02	-3.105993e-02	-2.727530e-02	-2.557940e-02	
-2.638529e-01	-2.299263e-01	-1.996344e-01	-1.725576e-01	-1.483512e-01	-1.267371e-01	-1.074972e-01	-9.046851e-02	-7.553950e-02	-6.264726e-02	-5.177619e-02	-4.295761e-02	-3.627045e-02	-3.184316e-02	-2.985662e-02	
-3.021500e-01	-2.632985e-01	-2.286086e-01	-1.975999e-01	-1.698779e-01	-1.451238e-01	-1.230881e-01	-1.035843e-01	-8.648453e-02	-7.171683e-02	-5.926332e-02	-4.915985e-02	-4.149682e-02	-3.642129e-02	-3.414037e-02	
-3.406932e-01	-2.968849e-01	-2.577682e-01	-2.228017e-01	-1.915404e-01	-1.636251e-01	-1.387745e-01	-1.167782e-01	-9.749218e-02	-8.083527e-02	-6.678732e-02	-5.538875e-02	-4.674148e-02	-4.101128e-02	-3.843166e-02	
-3.795161e-01	-3.307147e-01	-2.871386e-01	-2.481847e-01	-2.133574e-01	-1.822567e-01	-1.545693e-01	-1.300609e-01	-1.085710e-01	-9.000925e-02	-7.435323e-02	-6.164795e-02	-5.200690e-02	-4.561474e-02	-4.273152e-02	
-4.186533e-01	-3.648181e-01	-3.167458e-01	-2.737713e-01	-2.353480e-01	-2.010348e-01	-1.704860e-01	-1.434434e-01	-1.197298e-01	-9.924568e-02	-8.196626e-02	-6.794120e-02	-5.729567e-02	-5.023333e-02	-4.704099e-02	
-4.581409e-01	-3.992265e-01	-3.466170e-01	-2.995849e-01	-2.575321e-01	-2.199761e-01	-1.865386e-01	-1.569370e-01	-1.309777e-01	-1.085517e-01	-8.963178e-02	-7.427238e-02	-6.261045e-02	-5.486878e-02	-5.136117e-02	
-4.980160e-01	-4.339721e-01	-3.767802e-01	-3.256496e-01	-2.799304e-01	-2.390980e-01	-2.027415e-01	-1.705537e-01	-1.423243e-01	-1.179346e-01	-9.735536e-02	-8.064553e-02	-6.795399e-02	-5.952286e-02	-5.569319e-02	
-5.383175e-01	-4.690889e-01	-4.072647e-01	-3.519906e-01	-3.025641e-01	-2.584185e-01	-2.191097e-01	-1.843058e-01	-1.537793e-01	-1.274022e-01	-1.051428e-01	-8.706485e-02	-7.332917e-02	-6.419745e-02	-6.003822e-02	
-5.790860e-01	-5.046121e-01	-4.381011e-01	-3.786341e-01	-3.254558e-01	-2.779566e-01	-2.356590e-01	-1.982060e-01	-1.653531e-01	-1.369626e-01	-1.130003e-01	-9.353472e-02	-7.873899e-02	-6.889447e-02	-6.439749e-02	
-6.203640e-01	-5.405789e-01	-4.693215e-01	-4.056078e-01	-3.486289e-01	-2.977322e-01	-2.524059e-01	-2.122680e-01	-1.770566e-01	-1.466241e-01	-1.209340e-01	-1.000597e-01	-8.418660e-02	-7.361596e-02	-6.877228e-02	
-6.621964e-01	-5.770280e-01	-5.009594e-01	-4.329406e-01	-3.721082e-01	-3.177659e-01	-2.693678e-01	-2.265060e-01	-1.889011e-01	-1.563957e-01	-1.289507e-01	-1.066447e-01	-8.967529e-02	-7.836405e-02	-7.316393e-02	
-7.046301e-01	-6.140006e-01	-5.330506e-01	-4.606630e-01	-3.959197e-01	-3.380798e-01	-2.865628e-01	-2.409347e-01	-2.008985e-01	-1.662866e-01	-1.370575e-01	-1.132948e-01	-9.520855e-02	-8.314098e-02	-7.757386e-02	
-7.477150e-01	-6.515400e-01	-5.656324e-01	-4.888073e-01	-4.200908e-01	-3.586971e-01	-3.040103e-01	-2.555702e-01	-2.130616e-01	-1.763068e-01	-1.452618e-01	-1.200152e-01	-1.007900e-01	-8.794912e-02	-8.200355e-02	
-7.915040e-01	-6.896923e-01	-5.987447e-01	-5.174078e-01	-4.446508e-01	-3.796424e-01	-3.217308e-01	-2.704291e-01	-2.254037e-01	-1.864667e-01	-1.535715e-01	-1.268118e-01	-1.064237e-01	-9.279098e-02	-8.645458e-02	
-8.360532e-01	-7.285062e-01	-6.324299e-01	-5.465008e-01	-4.696308e-01	-4.009419e-01	-3.397461e-01	-2.855293e-01	-2.379392e-01	-1.967775e-01	-1.619950e-01	-1.336906e-01	-1.121135e-01	-9.766922e-02	-9.092863e-02	
-8.814226e-01	-7.680339e-01	-6.667330e-01	-5.761252e-01	-4.950637e-01	-4.226235e-01	-3.580794e-01	-3.008897e-01	-2.506833e-01	-2.072511e-01	-1.705413e-01	-1.406581e-01	-1.178641e-01	-1.025867e-01	-9.542746e-02	
-9.276762e-01	-8.083313e-01	-7.017024e-01	-6.063224e-01	-5.209850e-01	-4.447169e-01	-3.767555e-01	-3.165307e-01	-2.636522e-01	-2.179001e-01	-1.792198e-01	-1.477210e-01	-1.236801e-01	-1.075464e-01	-9.995299e-02	
-9.748827e-01	-8.494579e-01	-7.373898e-01	-6.371370e-01	-5.474325e-01	-4.672543e-01	-3.958010e-01	-3.324741e-01	-2.768634e-01	-2.287381e-01	-1.880409e-01	-1.548869e-01	-1.295664e-01	-1.125516e-01	-1.045072e-01	
-1.023116e+00	-8.914782e-01	-7.738507e-01	-6.686167e-01	-5.744471e-01	-4.902699e-01	-4.152445e-01	-3.487432e-01	-2.903357e-01	-2.397798e-01	-1.970155e-01	-1.621636e-01	-1.355286e-01	-1.176057e-01	-1.090924e-01	
-1.072455e+00	-9.344614e-01	-8.111453e-01	-7.008131e-01	-6.020728e-01	-5.138008e-01	-4.351169e-01	-3.653633e-01	-3.040892e-01	-2.510409e-01	-2.061556e-01	-1.695598e-01	-1.415726e-01	-1.227126e-01	-1.137108e-01	
-1.122987e+00	-9.784824e-01	-8.493382e-01	-7.337821e-01	-6.303569e-01	-5.378872e-01	-4.554516e-01	-3.823617e-01	-3.181458e-01	-2.625385e-01	-2.154740e-01	-1.770847e-01	-1.477045e-01	-1.278763e-01	-1.183649e-01	
-1.174805e+00	-1.023622e+00	-8.885000e-01	-7.675840e-01	-6.593512e-01	-5.625725e-01	-4.762847e-01	-3.997679e-01	-3.325293e-01	-2.742911e-01	-2.249846e-01	-1.847483e-01	-1.539312e-01	-1.331011e-01	-1.230576e-01	
-1.228009e+00	-1.069970e+00	-9.287069e-01	-8.022846e-01	-6.891116e-01	-5.879039e-01	-4.976555e-01	-4.176143e-01	-3.472654e-01	-2.863187e-01	-2.347025e-01	-1.925614e-01	-1.602602e-01	-1.383919e-01	-1.277917e-01	
-1.282712e+00	-1.117621e+00	-9.700425e-01	-8.379556e-01	-7.196992e-01	-6.139331e-01	-5.196069e-01	-4.359358e-01	-3.623822e-01	-2.986433e-01	-2.446443e-01	-2.005361e-01	-1.666996e-01	-1.437538e-01	-1.325706e-01	
-1.339034e+00	-1.166681e+00	-1.012598e+00	-8.746755e-01	-7.511810e-01	-6.407164e-01	-5.421859e-01	-4.547708e-01	-3.779104e-01	-3.112888e-01	-2.548279e-01	-2.086854e-01	-1.732582e-01	-1.491925e-01	-1.373977e-01	
-1.397107e+00	-1.217267e+00	-1.056474e+00	-9.125304e-01	-7.836303e-01	-6.683156e-01	-5.654439e-01	-4.741616e-01	-3.938839e-01	-3.242816e-01	-2.652733e-01	-2.170233e-01	-1.799458e-01	-1.547142e-01	-1.422769e-01	
-1.457079e+00	-1.269504e+00	-1.101779e+00	-9.516150e-01	-8.171280e-01	-6.967991e-01	-5.894377e-01	-4.941544e-01	-4.103397e-01	-3.376506e-01	-2.760022e-01	-2.255658e-01	-1.867731e-01	-1.603258e-01	-1.472125e-01	
-1.519111e+00	-1.323534e+00	-1.148637e+00	-9.920342e-01	-8.517633e-01	-7.262420e-01	-6.142299e-01	-5.148005e-01	-4.273189e-01	-3.514278e-01	-2.870386e-01	-2.343301e-01	-1.937518e-01	-1.660348e-01	-1.522091e-01	
-1.583382e+00	-1.379514e+00	-1.197183e+00	-1.033904e+00	-8.876352e-01	-7.567278e-01	-6.398900e-01	-5.361568e-01	-4.448670e-01	-3.656486e-01	-2.984094e-01	-2.433354e-01	-2.008950e-01	-1.718497e-01	-1.572719e-01	
-1.650092e+00	-1.437615e+00	-1.247565e+00	-1.077354e+00	-9.248539e-01	-7.883493e-01	-6.664951e-01	-5.582864e-01	-4.630347e-01	-3.803525e-01	-3.101442e-01	-2.526032e-01	-2.082173e-01	-1.777796e-01	-1.624068e-01	
-1.719463e+00	-1.498034e+00	-1.299953e+00	-1.122528e+00	-9.635423e-01	-8.212104e-01	-6.941317e-01	-5.812599e-01	-4.818784e-01	-3.955837e-01	-3.222761e-01	-2.621572e-01	-2.157350e-01	-1.838351e-01	-1.676202e-01	
-1.791746e+00	-1.560986e+00	-1.354535e+00	-1.169587e+00	-1.003838e+00	-8.554273e-01	-7.228964e-01	-6.051565e-01	-5.014615e-01	-4.113913e-01	-3.348423e-01	-2.720244e-01	-2.234663e-01	-1.900276e-01	-1.729191e-01	
-1.867221e+00	-1.626717e+00	-1.411521e+00	-1.218715e+00	-1.045897e+00	-8.911309e-01	-7.528983e-01	-6.300653e-01	-5.218554e-01	-4.278312e-01	-3.478847e-01	-2.822347e-01	-2.314316e-01	-1.963705e-01	-1.783119e-01	
-1.946207e+00	-1.695503e+00	-1.471153e+00	-1.270117e+00	-1.089895e+00	-9.284695e-01	-7.842605e-01	-6.560872e-01	-5.431409e-01	-4.449662e-01	-3.614508e-01	-2.928223e-01	-2.396541e-01	-2.028783e-01	-1.838075e-01	
-2.029065e+00	-1.767660e+00	-1.533703e+00	-1.324028e+00	-1.136031e+00	-9.676114e-01	-8.171233e-01	-6.833368e-01	-5.654097e-01	-4.628678e-01	-3.755941e-01	-3.038259e-01	-2.481602e-01	-2.095680e-01	-1.894164e-01	
-2.116208e+00	-1.843546e+00	-1.599482e+00	-1.380715e+00	-1.184533e+00	-1.008749e+00	-8.516464e-01	-7.119448e-01	-5.887666e-01	-4.816177e-01	-3.903764e-01	-3.152897e-01	-2.569800e-01	-2.164588e-01	-1.951505e-01	
-2.208111e+00	-1.923575e+00	-1.668846e+00	-1.440485e+00	-1.235664e+00	-1.052103e+00	-8.880138e-01	-7.420617e-01	-6.133320e-01	-5.013097e-01	-4.058680e-01	-3.272645e-01	-2.661479e-01	-2.235726e-01	-2.010233e-01	
-2.305322e+00	-2.008224e+00	-1.742210e+00	-1.503693e+00	-1.289726e+00	-1.097928e+00	-9.264377e-01	-7.738611e-01	-6.392448e-01	-5.220521e-01	-4.221505e-01	-3.398090e-01	-2.757039e-01	-2.309349e-01	-2.070505e-01	
-2.408478e+00	-2.098047e+00	-1.820053e+00	-1.570753e+00	-1.347070e+00	-1.146522e+00	-9.671649e-01	-8.075447e-01	-6.666668e-01	-5.439708e-01	-4.393187e-01	-3.529912e-01	-2.856942e-01	-2.385753e-01	-2.132504e-01	
-2.518324e+00	-2.193693e+00	-1.902937e+00	-1.642146e+00	-1.408108e+00	-1.198231e+00	-1.010484e+00	-8.433488e-01	-6.957869e-01	-5.672131e-01	-4.574834e-01	-3.668910e-01	-2.961731e-01	-2.465283e-01	-2.196442e-01	
-2.635738e+00	-2.295927e+00	-1.991523e+00	-1.718442e+00	-1.473326e+00	-1.253464e+00	-1.056735e+00	-8.815517e-01	-7.268280e-01	-5.919527e-01	-4.767753e-01	-3.816023e-01	-3.072045e-01	-2.548347e-01	-2.262571e-01	
-2.761766e+00	-2.405656e+00	-2.086599e+00	-1.800318e+00	-1.543299e+00	-1.312708e+00	-1.106323e+00	-9.224841e-01	-7.600549e-01	-6.183959e-01	-4.973496e-01	-3.972367e-01	-3.188640e-01	-2.635427e-01	-2.331187e-01	
-2.897657e+00	-2.523971e+00	-2.189106e+00	-1.888582e+00	-1.618719e+00	-1.376544e+00	-1.159732e+00	-9.665423e-01	-7.957850e-01	-6.467899e-01	-5.193922e-01	-4.139281e-01	-3.312428e-01	-2.727102e-01	-2.402648e-01	
-3.044926e+00	-2.652188e+00	-2.300186e+00	-1.984217e+00	-1.700420e+00	-1.445678e+00	-1.217548e+00	-1.014206e+00	-8.344021e-01	-6.774339e-01	-5.431283e-01	-4.318381e-01	-3.444506e-01	-2.824074e-01	-2.477384e-01	
-3.205423e+00	-2.791919e+00	-2.421232e+00	-2.088421e+00	-1.789426e+00	-1.520971e+00	-1.280489e+00	-1.066061e+00	-8.763757e-01	-7.106935e-01	-5.688328e-01	-4.511648e-01	-3.586219e-01	-2.927198e-01	-2.555922e-01	
-3.381438e+00	-2.945156e+00	-2.553970e+00	-2.202677e+00	-1.887000e+00	-1.603489e+00	-1.349440e+00	-1.122833e+00	-9.222864e-01	-7.470211e-01	-5.968462e-01	-4.721527e-01	-3.739229e-01	-3.037532e-01	-2.638912e-01	
-3.575840e+00	-3.114396e+00	-2.700562e+00	-2.328843e+00	-1.994726e+00	-1.694568e+00	-1.425513e+00	-1.185431e+00	-9.728618e-01	-7.869836e-01	-6.275948e-01	-4.951084e-01	-3.905617e-01	-3.156402e-01	-2.727169e-01	
-3.792278e+00	-3.302815e+00	-2.863756e+00	-2.469283e+00	-2.114619e+00	-1.795905e+00	-1.510122e+00	-1.255011e+00	-1.029027e+00	-8.313016e-01	-6.616207e-01	-5.204218e-01	-4.088031e-01	-3.285493e-01	-2.821729e-01	
-4.035467e+00	-3.514518e+00	-3.047105e+00	-2.627052e+00	-2.249281e+00	-1.909697e+00	-1.605091e+00	-1.333065e+00	-1.091978e+00	-8.809069e-01	-6.996248e-01	-5.485966e-01	-4.289892e-01	-3.426983e-01	-2.923928e-01	
-4.311619e+00	-3.754910e+00	-3.255290e+00	-2.806172e+00	-2.402144e+00	-2.038836e+00	-1.712828e+00	-1.421563e+00	-1.163290e+00	-9.370266e-01	-7.425301e-01	-5.802965e-01	-4.515705e-01	-3.583738e-01	-3.035527e-01	
-4.629097e+00	-4.031270e+00	-3.494610e+00	-3.012061e+00	-2.577822e+00	-2.187214e+00	-1.836570e+00	-1.523152e+00	-1.245084e+00	-1.001312e+00	-7.915788e-01	-6.164146e-01	-4.771533e-01	-3.759617e-01	-3.158895e-01	
-4.999443e+00	-4.353643e+00	-3.773763e+00	-3.252195e+00	-2.782690e+00	-2.360204e+00	-1.980787e+00	-1.641488e+00	-1.340285e+00	-1.076044e+00	-8.484859e-01	-6.581835e-01	-5.065746e-01	-3.959943e-01	-3.297298e-01	
-5.439069e+00	-4.736316e+00	-4.105112e+00	-3.537205e+00	-3.025807e+00	-2.565447e+00	-2.151836e+00	-1.781770e+00	-1.453057e+00	-1.164464e+00	-9.156894e-01	-7.073560e-01	-5.410239e-01	-4.192285e-01	-3.455380e-01	
-5.972158e+00	-5.200334e+00	-4.506880e+00	-3.882755e+00	-3.320527e+00	-2.814201e+00	-2.359080e+00	-1.951657e+00	-1.589529e+00	-1.271348e+00	-9.967820e-01	-7.665143e-01	-5.822543e-01	-4.467792e-01	-3.639980e-01	
-6.635927e+00	-5.778090e+00	-5.007105e+00	-4.312951e+00	-3.687394e+00	-3.123789e+00	-2.616932e+00	-2.162936e+00	-1.759139e+00	-1.404046e+00	-1.097292e+00	-8.396321e-01	-6.329627e-01	-4.803618e-01	-3.861619e-01	
-7.490833e+00	-6.522203e+00	-5.651337e+00	-4.866955e+00	-4.159787e+00	-3.522357e+00	-2.948805e+00	-2.434756e+00	-1.977215e+00	-1.574500e+00	-1.226199e+00	-9.331644e-01	-6.975303e-01	-5.227624e-01	-4.137383e-01	
-8.642211e+00	-7.524352e+00	-6.518937e+00	-5.612994e+00	-4.795861e+00	-4.058939e+00	-3.395488e+00	-2.800478e+00	-2.270465e+00	-1.803512e+00	-1.399150e+00	-1.058357e+00	-7.835896e-01	-5.788348e-01	-4.497032e-01	
-1.029161e+01	-8.959954e+00	-7.761755e+00	-6.681618e+00	-5.706887e+00	-4.827357e+00	-4.035031e+00	-3.323936e+00	-2.689988e+00	-2.130889e+00	-1.646080e+00	-1.236727e+00	-9.057439e-01	-6.578648e-01	-4.997498e-01	
-1.287963e+01	-1.121249e+01	-9.711748e+00	-8.358217e+00	-7.136115e+00	-6.032716e+00	-5.038051e+00	-4.144675e+00	-3.347493e+00	-2.643644e+00	-2.032432e+00	-1.515310e+00	-1.095916e+00	-7.801506e-01	-5.763220e-01	
-1.759088e+01	-1.531298e+01	-1.326143e+01	-1.141011e+01	-9.737556e+00	-8.226469e+00	-6.863286e+00	-5.637881e+00	-4.543327e+00	-3.575733e+00	-2.734155e+00	-2.020571e+00	-1.439931e+00	-1.000265e+00	-7.128746e-01	
-2.907633e+01	-2.530943e+01	-2.191493e+01	-1.884987e+01	-1.607895e+01	-1.357369e+01	-1.131179e+01	-9.276586e+00	-7.456684e+00	-5.845687e+00	-4.442045e+00	-3.249016e+00	-2.274748e+00	-1.532459e+00	-1.040748e+00	
-1.027583e+02	-8.943880e+01	-7.742849e+01	-6.657633e+01	-5.675823e+01	-4.787408e+01	-3.984547e+01	-3.261385e+01	-2.613918e+01	-2.039898e+01	-1.538781e+01	-1.111715e+01	-7.615652e+00	-4.929802e+00	-3.125004e+00	
5.580913e+01	4.857081e+01	4.203916e+01	3.613267e+01	3.078435e+01	2.594017e+01	2.155782e+01	1.760569e+01	1.406218e+01	1.091516e+01	8.161713e+00	5.808039e+00	3.869615e+00	2.371546e+00	1.349149e+00	
2.010700e+01	1.749731e+01	1.514035e+01	1.300698e+01	1.107324e+01	9.319807e+00	7.731551e+00	6.297175e+00	5.008955e+00	3.862556e+00	2.856938e+00	1.994323e+00	1.280252e+00	7.237081e-01	3.373277e-01	
1.141905e+01	9.935680e+00	8.594545e+00	7.379244e+00	6.276295e+00	5.274828e+00	4.366328e+00	3.544438e+00	2.804814e+00	2.145020e+00	1.564473e+00	1.064426e+00	6.480005e-01	3.202570e-01	8.831021e-02	
7.431771e+00	6.465289e+00	5.590308e+00	4.796276e+00	4.074522e+00	3.418053e+00	2.821393e+00	2.280456e+00	1.792449e+00	1.355806e+00	9.701551e-01	6.363056e-01	3.562682e-01	1.333006e-01	-2.801666e-02	
5.092041e+00	4.428850e+00	3.827368e+00	3.280478e+00	2.782334e+00	2.328221e+00	1.914448e+00	1.538260e+00	1.197776e+00	8.919424e-01	6.205101e-01	3.840275e-01	1.838533e-01	2.218744e-02	-9.787814e-02	
3.512530e+00	3.054070e+00	2.637189e+00	2.257094e+00	1.909845e+00	1.592267e+00	1.301875e+00	1.036815e+00	7.958196e-01	5.781826e-01	3.837381e-01	2.128582e-01	6.646102e-02	-5.396812e-02	-1.463427e-01	
2.338683e+00	2.032360e+00	1.752643e+00	1.496465e+00	1.261308e+00	1.045140e+00	8.463729e-01	6.638226e-01	4.966811e-01	3.444979e-01	2.071700e-01	8.493816e-02	-2.160690e-02	-1.115115e-01	-1.834370e-01	
1.399036e+00	1.214485e+00	1.044543e+00	8.875278e-01	7.420565e-01	6.070167e-01	4.815381e-01	3.649730e-01	2.568806e-01	1.570167e-01	6.532811e-02	-1.804925e-02	-9.278716e-02	-1.583578e-01	-2.140216e-01	
5.982427e-01	5.174610e-01	4.410547e-01	3.685214e-01	2.994498e-01	2.335094e-01	1.704430e-01	1.100607e-01	5.223483e-02	-3.102789e-03	-5.596283e-02	-1.062988e-01	-1.540064e-01	-1.989207e-01	-2.408134e-01	
-1.237041e-01	-1.109411e-01	-1.030358e-01	-9.942549e-02	-9.964628e-02	-1.033225e-01	-1.101581e-01	-1.199300e-01	-1.324833e-01	-1.477274e-01	-1.656344e-01	-1.862387e-01	-2.096375e-01	-2.359939e-01	-2.655403e-01	
-8.098968e-01	-7.082268e-01	-6.201959e-01	-5.442283e-01	-4.790276e-01	-4.235466e-01	-3.769631e-01	-3.386612e-01	-3.082170e-01	-2.853891e-01	-2.701128e-01	-2.624992e-01	-2.628376e-01	-2.716024e-01	-2.894645e-01	
-1.496458e+00	-1.305836e+00	-1.137643e+00	-9.892895e-01	-8.586447e-01	-7.439897e-01	-6.439756e-01	-5.575933e-01	-4.841498e-01	-4.232524e-01	-3.747997e-01	-3.389796e-01	-3.162734e-01	-3.074673e-01	-3.136710e-01	
-2.219475e+00	-1.935180e+00	-1.682571e+00	-1.457991e+00	-1.258432e+00	-1.081468e+00	-9.251930e-01	-7.881854e-01	-6.694681e-01	-5.684893e-01	-4.851088e-01	-4.195953e-01	-3.726323e-01	-3.453344e-01	-3.392733e-01	
-3.021923e+00	-2.633662e+00	-2.287362e+00	-1.978180e+00	-1.702134e+00	-1.456011e+00	-1.237292e+00	-1.044093e+00	-8.751239e-01	-7.296556e-01	-6.075049e-01	-5.090300e-01	-4.351389e-01	-3.873107e-01	-3.676296e-01	
-3.963566e+00	-3.453302e+00	-2.997052e+00	-2.588584e+00	-2.222772e+00	-1.895481e+00	-1.603470e+00	-1.344316e+00	-1.116360e+00	-9.186639e-01	-7.509955e-01	-6.138175e-01	-5.083013e-01	-4.363533e-01	-4.006593e-01	
-5.139264e+00	-4.476665e+00	-3.883125e+00	-3.350675e+00	-2.872763e+00	-2.444105e+00	-2.060556e+00	-1.719021e+00	-1.417380e+00	-1.154437e+00	-9.298944e-01	-7.443479e-01	-5.992969e-01	-4.971813e-01	-4.414375e-01	
-6.719465e+00	-5.852111e+00	-5.074027e+00	-4.374912e+00	-3.746300e+00	-3.181358e+00	-2.674732e+00	-2.222421e+00	-1.821687e+00	-1.470986e+00	-1.169936e+00	-9.193077e-01	-7.210426e-01	-5.782971e-01	-4.955160e-01	
-9.056324e+00	-7.886156e+00	-6.835134e+00	-5.889511e+00	-5.037986e+00	-4.271442e+00	-3.582737e+00	-2.966530e+00	-2.419169e+00	-1.938596e+00	-1.524303e+00	-1.177321e+00	-9.002451e-01	-6.972897e-01	-5.743908e-01	
-1.303020e+01	-1.134507e+01	-9.829869e+00	-8.464991e+00	-7.234322e+00	-6.124859e+00	-5.126417e+00	-4.231383e+00	-3.434549e+00	-2.732982e+00	-2.125962e+00	-1.614964e+00	-1.203689e+00	-8.981532e-01	-7.068268e-01	
-2.166441e+01	-1.886036e+01	-1.633654e+01	-1.406063e+01	-1.200604e+01	-1.015134e+01	-8.479740e+00	-6.978680e+00	-5.639577e+00	-4.457600e+00	-3.431568e+00	-2.563914e+00	-1.860749e+00	-1.332000e+00	-9.916406e-01	
-5.692586e+01	-4.955214e+01	-4.290901e+01	-3.691221e+01	-3.149244e+01	-2.659382e+01	-2.217258e+01	-1.819599e+01	-1.464169e+01	-1.149709e+01	-8.759121e+00	-6.434135e+00	-4.538078e+00	-3.096846e+00	-2.146883e+00	
1.018742e+02	8.866821e+01	7.675966e+01	6.599890e+01	5.626290e+01	4.745243e+01	3.948976e+01	3.231680e+01	2.589384e+01	2.019855e+01	1.522547e+01	1.098594e+01	7.508287e+00	4.838517e+00	3.041379e+00	
2.732726e+01	2.378213e+01	2.058236e+01	1.768811e+01	1.506665e+01	1.269155e+01	1.054213e+01	8.602927e+00	6.863381e+00	5.317549e+00	3.963988e+00	2.805715e+00	1.850280e+00	1.109935e+00	6.019207e-01	
1.580618e+01	1.375409e+01	1.190019e+01	1.022162e+01	8.699583e+00	7.318933e+00	6.067795e+00	4.937303e+00	3.921395e+00	3.016664e+00	2.222285e+00	1.539993e+00	9.741239e-01	5.317120e-01	2.226553e-01	
1.107622e+01	9.637072e+00	8.335676e+00	7.156140e+00	6.085404e+00	5.112938e+00	4.230490e+00	3.431901e+00	2.712959e+00	2.071298e+00	1.506347e+00	1.019313e+00	6.132135e-01	2.929392e-01	6.537266e-02	
8.468822e+00	7.367550e+00	6.370693e+00	5.466207e+00	4.644194e+00	3.896673e+00	3.217391e+00	2.601679e+00	2.046347e+00	1.549602e+00	1.111013e+00	7.314975e-01	4.133438e-01	1.602620e-01	-2.252895e-02	
6.797600e+00	5.912877e+00	5.111191e+00	4.382965e+00	3.720329e+00	3.116936e+00	2.567813e+00	2.069250e+00	1.618710e+00	1.214768e+00	8.570846e-01	5.463897e-01	2.845046e-01	7.438183e-02	-7.982620e-02	
5.621701e+00	4.889335e+00	4.224955e+00	3.620721e+00	3.070189e+00	2.568163e+00	2.110573e+00	1.694383e+00	1.317515e+00	9.788061e-01	6.779769e-01	4.156280e-01	1.932516e-01	1.326673e-02	-1.209252e-01	
4.739510e+00	4.121438e+00	3.560052e+00	3.048816e+00	2.582357e+00	2.156344e+00	1.767385e+00	1.412947e+00	1.091299e+00	8.014739e-01	5.432390e-01	3.170962e-01	1.242914e-01	-3.315720e-02	-1.524119e-01	
4.045614e+00	3.517434e+00	3.037045e+00	2.598938e+00	2.198583e+00	1.832329e+00	1.497316e+00	1.191411e+00	9.131555e-01	6.617335e-01	4.369512e-01	2.392328e-01	6.962972e-02	-7.015499e-02	-1.777275e-01	
3.479431e+00	3.024592e+00	2.610282e+00	2.231827e+00	1.885388e+00	1.567868e+00	1.276844e+00	1.010507e+00	7.676206e-01	5.474947e-01	3.499657e-01	1.753944e-01	2.467376e-02	-1.007507e-01	-1.988475e-01	
3.003577e+00	2.610374e+00	2.251590e+00	1.923256e+00	1.622113e+00	1.345531e+00	1.091453e+00	8.583436e-01	6.451538e-01	4.512980e-01	2.766385e-01	1.214830e-01	-1.340896e-02	-1.268085e-01	-2.169889e-01	
2.593654e+00	2.253542e+00	1.942582e+00	1.657414e+00	1.395276e+00	1.153943e+00	9.316713e-01	7.271624e-01	5.395291e-01	3.682759e-01	2.132875e-01	7.482550e-02	-4.646548e-02	-1.495432e-01	-2.329439e-01	
2.232984e+00	1.939581e+00	1.670693e+00	1.423494e+00	1.195662e+00	9.853271e-01	7.910236e-01	6.116601e-01	4.464916e-01	2.951025e-01	1.573970e-01	3.359618e-02	-7.575650e-02	-1.697833e-01	-2.472517e-01	
1.909711e+00	1.658171e+00	1.426987e+00	1.213812e+00	1.016720e+00	8.341565e-01	6.649075e-01	5.080669e-01	3.630171e-01	2.294142e-01	1.071796e-01	-3.501460e-03	-1.021766e-01	-1.881155e-01	-2.602932e-01	
1.615100e+00	1.401709e+00	1.204882e+00	1.022708e+00	8.536219e-01	6.963594e-01	5.499330e-01	4.136066e-01	2.868787e-01	1.694708e-01	6.132033e-02	-3.742085e-02	-1.263830e-01	-2.049702e-01	-2.723467e-01	
1.342498e+00	1.164405e+00	9.993642e-01	8.458721e-01	7.026939e-01	5.688354e-01	4.435190e-01	3.261657e-01	2.163817e-01	1.139487e-01	1.881894e-02	-6.888625e-02	-1.488738e-01	-2.206723e-01	-2.836213e-01	
1.086671e+00	9.417026e-01	8.064908e-01	6.799120e-01	5.610444e-01	4.491455e-01	3.436352e-01	2.440822e-01	1.501934e-01	6.180741e-02	-2.110979e-02	-9.846562e-02	-1.700390e-01	-2.354753e-01	-2.942785e-01	
8.433584e-01	7.298938e-01	6.230508e-01	5.220678e-01	4.263200e-01	3.353047e-01	2.486298e-01	1.660041e-01	8.723060e-02	1.220179e-02	-5.910318e-02	-1.266191e-01	-1.901933e-01	-2.495823e-01	-3.044466e-01	
6.089649e-01	5.258492e-01	4.463354e-01	3.700103e-01	2.965354e-01	2.256389e-01	1.571097e-01	9.079172e-02	2.658042e-02	-3.557978e-02	-9.569706e-02	-1.537326e-01	-2.095996e-01	-2.631617e-01	-3.142302e-01	
3.803342e-01	3.268218e-01	2.739667e-01	2.216953e-01	1.699482e-01	1.186791e-01	6.785305e-02	1.744584e-02	-3.255688e-02	-8.216006e-02	-1.313596e-01	-1.801422e-01	-2.284856e-01	-2.763580e-01	-3.237172e-01	
1.545750e-01	1.302953e-01	1.037665e-01	7.525023e-02	4.496284e-02	1.308010e-02	-2.025869e-02	-5.494773e-02	-9.091239e-02	-1.281077e-01	-1.665172e-01	-2.061533e-01	-2.470570e-01	-2.892996e-01	-3.329842e-01	
-7.108610e-02	-6.614416e-02	-6.635448e-02	-7.112054e-02	-7.995081e-02	-9.244743e-02	-1.082972e-01	-1.272644e-01	-1.491856e-01	-1.739659e-01	-2.015766e-01	-2.320556e-01	-2.655073e-01	-3.021061e-01	-3.420998e-01	
-2.994386e-01	-2.649242e-01	-2.384973e-01	-2.192229e-01	-2.063311e-01	-1.991996e-01	-1.973394e-01	-2.003835e-01	-2.080784e-01	-2.202789e-01	-2.369442e-01	-2.581377e-01	-2.840279e-01	-3.148935e-01	-3.511288e-01	
-5.334246e-01	-4.686051e-01	-4.148778e-01	-3.709610e-01	-3.358000e-01	-3.085427e-01	-2.885200e-01	-2.752306e-01	-2.683292e-01	-2.676187e-01	-2.730460e-01	-2.847006e-01	-3.028170e-01	-3.277802e-01	-3.601348e-01	
-7.762918e-01	-6.800134e-01	-5.979421e-01	-5.284368e-01	-4.701474e-01	-4.219838e-01	-3.830904e-01	-3.528264e-01	-3.307512e-01	-3.166144e-01	-3.103496e-01	-3.120739e-01	-3.220898e-01	-3.408928e-01	-3.691832e-01	
-1.031781e+00	-9.024044e-01	-7.905071e-01	-6.940706e-01	-6.114345e-01	-5.412585e-01	-4.824910e-01	-4.343449e-01	-3.962796e-01	-3.679883e-01	-3.493912e-01	-3.406339e-01	-3.420907e-01	-3.543732e-01	-3.783451e-01	
-1.304372e+00	-1.139677e+00	-9.959467e-01	-8.707611e-01	-7.621293e-01	-6.684444e-01	-5.884459e-01	-5.211911e-01	-4.660325e-01	-4.226037e-01	-3.908104e-01	-3.708287e-01	-3.631092e-01	-3.683874e-01	-3.877012e-01	
-1.599627e+00	-1.396671e+00	-1.218449e+00	-1.062107e+00	-9.252953e-01	-8.061200e-01	-7.030946e-01	-6.151077e-01	-5.413967e-01	-4.815304e-01	-4.353990e-01	-4.032116e-01	-3.855015e-01	-3.831380e-01	-3.973474e-01	
-1.924689e+00	-1.679603e+00	-1.463393e+00	-1.272728e+00	-1.104866e+00	-9.575961e-01	-8.291835e-01	-7.183316e-01	-6.241513e-01	-5.461402e-01	-4.841716e-01	-4.384909e-01	-4.097220e-01	-3.988817e-01	-4.074032e-01	
-2.289038e+00	-1.996721e+00	-1.737917e+00	-1.508757e+00	-1.306063e+00	-1.127266e+00	-9.703570e-01	-8.338306e-01	-7.166563e-01	-6.182524e-01	-5.384727e-01	-4.776038e-01	-4.363710e-01	-4.159559e-01	-4.180235e-01	
-2.705689e+00	-2.359353e+00	-2.051821e+00	-1.778614e+00	-1.536051e+00	-1.321162e+00	-1.131618e+00	-9.656780e-01	-8.221504e-01	-7.003625e-01	-6.001463e-01	-5.218350e-01	-4.662699e-01	-4.348208e-01	-4.294171e-01	
-3.193171e+00	-2.783621e+00	-2.419055e+00	-2.094282e+00	-1.805034e+00	-1.547868e+00	-1.320086e+00	-1.119671e+00	-9.452428e-01	-7.960219e-01	-6.718154e-01	-5.730109e-01	-5.005854e-01	-4.561283e-01	-4.418782e-01	
-3.778961e+00	-3.293438e+00	-2.860312e+00	-2.473536e+00	-2.128141e+00	-1.820117e+00	-1.546322e+00	-1.304408e+00	-1.092768e+00	-9.104958e-01	-7.573683e-01	-6.338381e-01	-5.410452e-01	-4.808425e-01	-4.558395e-01	
-4.505829e+00	-3.926021e+00	-3.407794e+00	-2.944040e+00	-2.528921e+00	-2.157726e+00	-1.826761e+00	-1.533269e+00	-1.275362e+00	-1.051978e+00	-8.628549e-01	-7.085271e-01	-5.903358e-01	-5.104609e-01	-4.719713e-01	
-5.444407e+00	-4.742836e+00	-4.114684e+00	-3.551481e+00	-3.046265e+00	-2.593419e+00	-2.188543e+00	-1.828349e+00	-1.510589e+00	-1.233998e+00	-9.982646e-01	-8.040287e-01	-6.528912e-01	-5.474535e-01	-4.913770e-01	
-6.720567e+00	-5.853416e+00	-5.075760e+00	-4.377275e+00	-3.749475e+00	-3.185516e+00	-2.680035e+00	-2.229026e+00	-1.829749e+00	-1.480665e+00	-1.181397e+00	-9.327279e-01	-7.366106e-01	-5.962190e-01	-5.160191e-01	
-8.582922e+00	-7.474105e+00	-6.478217e+00	-5.582230e+00	-4.775438e+00	-4.049204e+00	-3.396765e+00	-2.813069e+00	-2.294659e+00	-1.839596e+00	-1.447408e+00	-1.119084e+00	-8.570922e-01	-6.654414e-01	-5.497701e-01	
-1.160122e+01	-1.010071e+01	-8.751057e+00	-7.534873e+00	-6.437852e+00	-5.448459e+00	-4.557659e+00	-3.758707e+00	-3.046988e+00	-2.419914e+00	-1.876858e+00	-1.419146e+00	-1.050079e+00	-7.750176e-01	-6.014990e-01	
-1.743333e+01	-1.517590e+01	-1.314259e+01	-1.130754e+01	-9.649520e+00	-8.151393e+00	-6.799741e+00	-5.584546e+00	-4.498959e+00	-3.539139e+00	-2.704163e+00	-1.996002e+00	-1.419572e+00	-9.828379e-01	-6.970066e-01	
-3.379990e+01	-2.941824e+01	-2.546615e+01	-2.189410e+01	-1.866136e+01	-1.573510e+01	-1.308962e+01	-1.070572e+01	-8.570287e+00	-6.675960e+00	-5.020982e+00	-3.609148e+00	-2.449888e+00	-1.558486e+00	-9.564339e-01	
-3.981503e+02	-3.464781e+02	-2.998080e+02	-2.575632e+02	-2.192697e+02	-1.845451e+02	-1.530902e+02	-1.246816e+02	-9.916665e+01	-7.645986e+01	-5.654088e+01	-3.945401e+01	-2.530921e+01	-1.428462e+01	-6.630698e+00	
4.134613e+01	3.597416e+01	3.111555e+01	2.671110e+01	2.271218e+01	1.907956e+01	1.578253e+01	1.279818e+01	1.011086e+01	7.711795e+00	5.598922e+00	3.776799e+00	2.256729e+00	1.057013e+00	2.033715e-01	
1.967989e+01	1.712001e+01	1.480153e+01	1.269661e+01	1.078239e+01	9.040425e+00	7.456277e+00	6.019180e+00	4.721778e+00	3.559957e+00	2.532749e+00	1.642308e+00	8.939564e-01	2.963081e-01	-1.385325e-01	
1.287457e+01	1.119792e+01	9.677210e+00	8.294453e+00	7.034880e+00	5.886583e+00	4.840241e+00	3.888900e+00	3.027814e+00	2.254330e+00	1.567827e+00	9.697031e-01	4.634007e-01	5.449076e-02	-2.492014e-01	
9.516854e+00	8.275962e+00	7.148805e+00	6.122271e+00	5.185586e+00	4.330070e+00	3.548924e+00	2.837081e+00	2.191082e+00	1.608995e+00	1.090372e+00	6.362363e-01	2.491035e-01	-6.695829e-02	-3.062361e-01	
7.498220e+00	6.519277e+00	5.628675e+00	4.816229e+00	4.073575e+00	3.393970e+00	2.772137e+00	2.204142e+00	1.687301e+00	1.220118e+00	8.022468e-01	4.344861e-01	1.187942e-01	-1.416651e-01	-3.424501e-01	
6.137967e+00	5.335520e+00	4.604280e+00	3.936041e+00	3.324060e+00	2.762905e+00	2.248324e+00	1.777149e+00	1.347218e+00	9.573269e-01	6.072020e-01	2.974890e-01	2.977019e-02	-1.934005e-01	-3.684387e-01	
5.149511e+00	4.475301e+00	3.859832e+00	3.296335e+00	2.779250e+00	2.304095e+00	1.867367e+00	1.466452e+00	1.099571e+00	7.657329e-01	4.647141e-01	1.970507e-01	-3.594881e-02	-2.321742e-01	-3.886649e-01	
4.391131e+00	3.815295e+00	3.288622e+00	2.805445e+00	2.361114e+00	1.951878e+00	1.574808e+00	1.227718e+00	9.091212e-01	6.181910e-01	3.547425e-01	1.192275e-01	-8.725589e-02	-2.629381e-01	-4.053380e-01	
3.784630e+00	3.287456e+00	2.831770e+00	2.412792e+00	2.026597e+00	1.670025e+00	1.340601e+00	1.036485e+00	7.564241e-01	4.997230e-01	2.662284e-01	5.632429e-02	-1.290594e-01	-2.884262e-01	-4.196787e-01	
3.283265e+00	2.851105e+00	2.454079e+00	2.088140e+00	1.749964e+00	1.436875e+00	1.146783e+00	8.781290e-01	6.298547e-01	4.013740e-01	1.925597e-01	3.739799e-03	-1.642952e-01	-3.102747e-01	-4.324190e-01	
2.857306e+00	2.480374e+00	2.133166e+00	1.812259e+00	1.514843e+00	1.238656e+00	9.819299e-01	7.433488e-01	5.220193e-01	3.174481e-01	1.295302e-01	-4.145372e-02	-1.948318e-01	-3.295258e-01	-4.440265e-01	
2.486880e+00	2.157967e+00	1.854065e+00	1.572295e+00	1.310293e+00	1.066158e+00	8.384042e-01	6.259259e-01	4.279740e-01	2.441361e-01	7.432670e-02	-8.121501e-02	-2.219204e-01	-3.468786e-01	-4.548159e-01	
2.158129e+00	1.871825e+00	1.606342e+00	1.359283e+00	1.128683e+00	9.129605e-01	7.108797e-01	5.215237e-01	3.442710e-01	1.787813e-01	2.498637e-02	-1.169113e-01	-2.464348e-01	-3.628222e-01	-4.650091e-01	
1.861029e+00	1.613226e+00	1.382449e+00	1.166740e+00	9.644933e-01	7.744167e-01	5.955028e-01	4.270040e-01	2.684149e-01	1.194603e-01	-1.991224e-02	-1.495335e-01	-2.690095e-01	-3.777129e-01	-4.747691e-01	
1.588076e+00	1.375638e+00	1.176735e+00	9.898106e-01	8.135900e-01	6.470487e-01	4.893881e-01	3.400169e-01	1.985367e-01	6.473199e-02	-6.143475e-02	-1.798250e-01	-2.901212e-01	-3.918199e-01	-4.842207e-01	
1.333463e+00	1.154010e+00	9.848278e-01	8.247385e-01	6.727759e-01	5.281649e-01	3.903025e-01	2.587434e-01	1.331890e-01	1.348010e-02	-1.004073e-01	-2.083632e-01	-3.101413e-01	-4.053540e-01	-4.934636e-01	
1.092544e+00	9.442968e-01	8.032290e-01	6.685180e-01	5.394915e-01	4.156108e-01	2.964582e-01	1.817267e-01	7.121256e-02	-3.519032e-02	-1.374930e-01	-2.356123e-01	-3.293696e-01	-4.184868e-01	-5.025807e-01	
8.614665e-01	7.431469e-01	6.290367e-01	5.186560e-01	4.116139e-01	3.075991e-01	2.063717e-01	1.077578e-01	1.164444e-02	-8.202316e-02	-1.732436e-01	-2.619596e-01	-3.480573e-01	-4.313640e-01	-5.116446e-01	
6.369080e-01	5.476688e-01	4.597492e-01	3.730027e-01	2.873124e-01	2.025880e-01	1.187630e-01	3.579270e-02	-4.634718e-02	-1.276617e-01	-2.081373e-01	-2.877419e-01	-3.664245e-01	-4.441148e-01	-5.207220e-01	
4.158792e-01	3.552609e-01	2.931149e-01	2.296231e-01	1.649389e-01	9.918951e-02	3.247927e-02	-3.510903e-02	-1.035124e-01	-1.726869e-01	-2.426069e-01	-3.132649e-01	-3.846721e-01	-4.568591e-01	-5.298769e-01	
