-4.821482e-16	-4.773816e-16	-4.731052e-16	-4.690746e-16	-4.651507e-16	-4.612434e-16	-4.572811e-16	-4.531946e-16	-4.489078e-16	-4.443315e-16	-4.393573e-16	-4.338514e-16	-4.276452e-16	-4.205228e-16	-4.122002e-16	
4.259385e-03	4.538729e-03	5.164740e-03	6.111726e-03	7.361440e-03	8.902669e-03	1.073096e-02	1.284853e-02	1.526431e-02	1.799414e-02	2.106117e-02	2.449635e-02	2.833919e-02	3.263866e-02	3.745433e-02	
8.519680e-03	9.078886e-03	1.033168e-02	1.222666e-02	1.472732e-02	1.781122e-02	2.146946e-02	2.570647e-02	3.054010e-02	3.600208e-02	4.213869e-02	4.901188e-02	5.670070e-02	6.530310e-02	7.493827e-02	
1.278180e-02	1.362191e-02	1.550304e-02	1.834803e-02	2.210210e-02	2.673156e-02	3.222306e-02	3.858324e-02	4.583891e-02	5.403767e-02	6.324899e-02	7.356586e-02	8.510691e-02	9.801918e-02	1.124815e-01	
1.704665e-02	1.816923e-02	2.068102e-02	2.447907e-02	2.949025e-02	3.566963e-02	4.299937e-02	5.148835e-02	6.117233e-02	7.211484e-02	8.440860e-02	9.817767e-02	1.135804e-01	1.308130e-01	1.501141e-01	
2.131518e-02	2.272232e-02	2.586790e-02	3.062306e-02	3.689633e-02	4.463145e-02	5.380610e-02	6.443140e-02	7.655211e-02	9.024771e-02	1.056342e-01	1.228669e-01	1.421439e-01	1.637108e-01	1.878661e-01	
2.558832e-02	2.728265e-02	3.106594e-02	3.678334e-02	4.432492e-02	5.362310e-02	6.465106e-02	7.742214e-02	9.199014e-02	1.084506e-01	1.269428e-01	1.476535e-01	1.708206e-01	1.967393e-01	2.257684e-01	
2.986702e-02	3.185173e-02	3.627746e-02	4.296327e-02	5.178071e-02	6.265079e-02	7.554219e-02	9.047048e-02	1.074985e-01	1.267380e-01	1.483516e-01	1.725576e-01	1.996341e-01	2.299258e-01	2.638521e-01	
3.415226e-02	3.643109e-02	4.150484e-02	4.916633e-02	5.926848e-02	7.172087e-02	8.648761e-02	1.035866e-01	1.230897e-01	1.451247e-01	1.698783e-01	1.976000e-01	2.286083e-01	2.632979e-01	3.021492e-01	
3.844504e-02	4.102231e-02	4.675049e-02	5.539604e-02	6.679313e-02	8.083981e-02	9.749564e-02	1.167807e-01	1.387762e-01	1.636262e-01	1.915409e-01	2.228018e-01	2.577678e-01	2.968842e-01	3.406923e-01	
4.274638e-02	4.562700e-02	5.201692e-02	6.165605e-02	7.435970e-02	9.001431e-02	1.085748e-01	1.300637e-01	1.545713e-01	1.822579e-01	2.133580e-01	2.481847e-01	2.871382e-01	3.307140e-01	3.795150e-01	
4.705735e-02	5.024682e-02	5.730670e-02	6.795011e-02	8.197337e-02	9.925124e-02	1.197340e-01	1.434465e-01	1.704882e-01	2.010362e-01	2.353487e-01	2.737714e-01	3.167454e-01	3.648173e-01	4.186522e-01	
5.137902e-02	5.488349e-02	6.262248e-02	7.428211e-02	8.963954e-02	1.085577e-01	1.309824e-01	1.569404e-01	1.865410e-01	2.199776e-01	2.575329e-01	2.995850e-01	3.466165e-01	3.992256e-01	4.581396e-01	
5.571253e-02	5.953881e-02	6.796703e-02	8.065608e-02	9.736377e-02	1.179412e-01	1.423293e-01	1.705574e-01	2.027440e-01	2.390996e-01	2.799311e-01	3.256497e-01	3.767797e-01	4.339712e-01	4.980147e-01	
6.005906e-02	6.421463e-02	7.334322e-02	8.707621e-02	1.051519e-01	1.274093e-01	1.537847e-01	1.843097e-01	2.191125e-01	2.584203e-01	3.025650e-01	3.519907e-01	4.072642e-01	4.690879e-01	5.383161e-01	
6.441983e-02	6.891289e-02	7.875405e-02	9.354690e-02	1.130100e-01	1.369702e-01	1.653589e-01	1.982103e-01	2.356620e-01	2.779585e-01	3.254567e-01	3.786343e-01	4.381006e-01	5.046111e-01	5.790846e-01	
6.879611e-02	7.363562e-02	8.420267e-02	1.000727e-01	1.209444e-01	1.466322e-01	1.770628e-01	2.122726e-01	2.524091e-01	2.977342e-01	3.486300e-01	4.056080e-01	4.693210e-01	5.405778e-01	6.203626e-01	
7.318926e-02	7.838494e-02	8.969237e-02	1.066585e-01	1.289618e-01	1.564043e-01	1.889077e-01	2.265108e-01	2.693712e-01	3.177680e-01	3.721093e-01	4.329408e-01	5.009590e-01	5.770270e-01	6.621948e-01	
7.760069e-02	8.316311e-02	9.522664e-02	1.133094e-01	1.370692e-01	1.662958e-01	2.009055e-01	2.409399e-01	2.865664e-01	3.380821e-01	3.959209e-01	4.606633e-01	5.330501e-01	6.139995e-01	7.046285e-01	
8.203188e-02	8.797249e-02	1.008091e-01	1.200307e-01	1.452742e-01	1.763165e-01	2.130690e-01	2.555757e-01	3.040142e-01	3.586996e-01	4.200921e-01	4.888076e-01	5.656319e-01	6.515390e-01	7.477134e-01	
8.648441e-02	9.281558e-02	1.064438e-01	1.268281e-01	1.535846e-01	1.864769e-01	2.254115e-01	2.704349e-01	3.217349e-01	3.796450e-01	4.446522e-01	5.174082e-01	5.987443e-01	6.896912e-01	7.915024e-01	
9.095995e-02	9.769506e-02	1.121347e-01	1.337077e-01	1.620087e-01	1.967883e-01	2.379474e-01	2.855354e-01	3.397504e-01	4.009447e-01	4.696323e-01	5.465013e-01	6.324295e-01	7.285051e-01	8.360516e-01	
9.546029e-02	1.026138e-01	1.178863e-01	1.406760e-01	1.705556e-01	2.072623e-01	2.506919e-01	3.008961e-01	3.580839e-01	4.226264e-01	4.950653e-01	5.761257e-01	6.667327e-01	7.680329e-01	8.814211e-01	
9.998731e-02	1.075747e-01	1.237032e-01	1.477398e-01	1.792348e-01	2.179119e-01	2.636613e-01	3.165374e-01	3.767602e-01	4.447200e-01	5.209867e-01	6.063230e-01	7.017021e-01	8.083302e-01	9.276747e-01	
1.045431e-01	1.125811e-01	1.295906e-01	1.549065e-01	1.880565e-01	2.287504e-01	2.768729e-01	3.324811e-01	3.958060e-01	4.672575e-01	5.474344e-01	6.371377e-01	7.373895e-01	8.494570e-01	9.748812e-01	
1.091297e-01	1.176365e-01	1.355538e-01	1.621841e-01	1.970318e-01	2.397926e-01	2.903456e-01	3.487505e-01	4.152498e-01	4.902733e-01	5.744491e-01	6.686175e-01	7.738506e-01	8.914773e-01	1.023114e+00	
1.137496e-01	1.227447e-01	1.415988e-01	1.695811e-01	2.061726e-01	2.510543e-01	3.040995e-01	3.653710e-01	4.351224e-01	5.138045e-01	6.020749e-01	7.008141e-01	8.111452e-01	9.344606e-01	1.072454e+00	
1.184052e-01	1.279096e-01	1.477317e-01	1.771067e-01	2.154917e-01	2.625525e-01	3.181566e-01	3.823697e-01	4.554574e-01	5.378911e-01	6.303592e-01	7.337831e-01	8.493383e-01	9.784817e-01	1.122986e+00	
1.230994e-01	1.331356e-01	1.539594e-01	1.847711e-01	2.250029e-01	2.743056e-01	3.325405e-01	3.997763e-01	4.762907e-01	5.625766e-01	6.593537e-01	7.675852e-01	8.885001e-01	1.023622e+00	1.174804e+00	
1.278350e-01	1.384276e-01	1.602895e-01	1.925851e-01	2.347215e-01	2.863337e-01	3.472770e-01	4.176230e-01	4.976618e-01	5.879082e-01	6.891142e-01	8.022859e-01	9.287072e-01	1.069969e+00	1.228008e+00	
1.326153e-01	1.437907e-01	1.667298e-01	2.005607e-01	2.446639e-01	2.986588e-01	3.623942e-01	4.359448e-01	5.196135e-01	6.139376e-01	7.197020e-01	8.379571e-01	9.700430e-01	1.117621e+00	1.282711e+00	
1.374439e-01	1.492306e-01	1.732895e-01	2.087107e-01	2.548483e-01	3.113049e-01	3.779229e-01	4.547802e-01	5.421927e-01	6.407211e-01	7.511840e-01	8.746772e-01	1.012599e+00	1.166681e+00	1.339033e+00	
1.423245e-01	1.547535e-01	1.799780e-01	2.170495e-01	2.652943e-01	3.242982e-01	3.938968e-01	4.741713e-01	5.654511e-01	6.683206e-01	7.836336e-01	9.125323e-01	1.056474e+00	1.217267e+00	1.397107e+00	
1.472615e-01	1.603663e-01	1.868062e-01	2.255928e-01	2.760238e-01	3.376677e-01	4.103530e-01	4.941645e-01	5.894452e-01	6.968043e-01	8.171315e-01	9.516171e-01	1.101780e+00	1.269504e+00	1.457079e+00	
1.522595e-01	1.660765e-01	1.937859e-01	2.343578e-01	2.870609e-01	3.514454e-01	4.273327e-01	5.148110e-01	6.142377e-01	7.262475e-01	8.517670e-01	9.920366e-01	1.148639e+00	1.323535e+00	1.519111e+00	
1.573238e-01	1.718925e-01	2.009301e-01	2.433640e-01	2.984324e-01	3.656668e-01	4.448812e-01	5.361676e-01	6.398981e-01	7.567336e-01	8.876392e-01	1.033907e+00	1.197184e+00	1.379515e+00	1.583383e+00	
1.624600e-01	1.778236e-01	2.082534e-01	2.526325e-01	3.101677e-01	3.803713e-01	4.630493e-01	5.582976e-01	6.665036e-01	7.883555e-01	9.248582e-01	1.077357e+00	1.247567e+00	1.437617e+00	1.650093e+00	
1.676747e-01	1.838801e-01	2.157720e-01	2.621873e-01	3.223003e-01	3.956029e-01	4.818935e-01	5.812715e-01	6.941405e-01	8.212169e-01	9.635469e-01	1.122531e+00	1.299955e+00	1.498035e+00	1.719465e+00	
1.729750e-01	1.900738e-01	2.235041e-01	2.720552e-01	3.348672e-01	4.114112e-01	5.014771e-01	6.051686e-01	7.229056e-01	8.554341e-01	1.003843e+00	1.169591e+00	1.354537e+00	1.560988e+00	1.791748e+00	
1.783689e-01	1.964176e-01	2.314703e-01	2.822663e-01	3.479102e-01	4.278516e-01	5.218714e-01	6.300778e-01	7.529078e-01	8.911381e-01	1.045903e+00	1.218719e+00	1.411525e+00	1.626719e+00	1.867224e+00	
1.838658e-01	2.029265e-01	2.396937e-01	2.928546e-01	3.614768e-01	4.449871e-01	5.431574e-01	6.561001e-01	7.842705e-01	9.284771e-01	1.089901e+00	1.270122e+00	1.471157e+00	1.695506e+00	1.946210e+00	
1.894758e-01	2.096172e-01	2.482006e-01	3.038588e-01	3.756208e-01	4.628892e-01	5.654266e-01	6.833501e-01	8.171336e-01	9.676194e-01	1.136037e+00	1.324033e+00	1.533707e+00	1.767664e+00	2.029069e+00	
1.952109e-01	2.165088e-01	2.570211e-01	3.153233e-01	3.904036e-01	4.816396e-01	5.887840e-01	7.119586e-01	8.516572e-01	1.008757e+00	1.184540e+00	1.380720e+00	1.599486e+00	1.843551e+00	2.116213e+00	
2.010847e-01	2.236235e-01	2.661898e-01	3.272987e-01	4.058958e-01	5.013321e-01	6.133498e-01	7.420760e-01	8.880251e-01	1.052112e+00	1.235671e+00	1.440491e+00	1.668852e+00	1.923581e+00	2.208117e+00	
2.071128e-01	2.309866e-01	2.757464e-01	3.398438e-01	4.221788e-01	5.220749e-01	6.392632e-01	7.738758e-01	9.264495e-01	1.097938e+00	1.289734e+00	1.503700e+00	1.742217e+00	2.008231e+00	2.305329e+00	
2.133135e-01	2.386276e-01	2.857373e-01	3.530265e-01	4.393475e-01	5.439941e-01	6.666856e-01	8.075599e-01	9.671771e-01	1.146532e+00	1.347078e+00	1.570760e+00	1.820060e+00	2.098055e+00	2.408486e+00	
2.197079e-01	2.465811e-01	2.962167e-01	3.669268e-01	4.575126e-01	5.672369e-01	6.958061e-01	8.433645e-01	1.010497e+00	1.198242e+00	1.408117e+00	1.642155e+00	1.902945e+00	2.193702e+00	2.518334e+00	
2.263212e-01	2.548879e-01	3.072484e-01	3.816384e-01	4.768049e-01	5.919769e-01	7.268477e-01	8.815679e-01	1.056749e+00	1.253476e+00	1.473336e+00	1.718452e+00	1.991533e+00	2.295937e+00	2.635750e+00	
2.331831e-01	2.635961e-01	3.189082e-01	3.972731e-01	4.973795e-01	6.184205e-01	7.600751e-01	9.225008e-01	1.106337e+00	1.312720e+00	1.543310e+00	1.800328e+00	2.086609e+00	2.405668e+00	2.761779e+00	
2.403291e-01	2.727637e-01	3.312870e-01	4.139646e-01	5.194223e-01	6.468148e-01	7.958056e-01	9.665595e-01	1.159747e+00	1.376557e+00	1.618731e+00	1.888594e+00	2.189118e+00	2.523985e+00	2.897672e+00	
2.478024e-01	2.824606e-01	3.444948e-01	4.318747e-01	5.431585e-01	6.774590e-01	8.344231e-01	1.014224e+00	1.217564e+00	1.445692e+00	1.700434e+00	1.984231e+00	2.300200e+00	2.652204e+00	3.044944e+00	
2.556554e-01	2.927725e-01	3.586657e-01	4.512012e-01	5.688631e-01	7.107188e-01	8.763971e-01	1.066080e+00	1.280505e+00	1.520986e+00	1.789441e+00	2.088436e+00	2.421248e+00	2.791937e+00	3.205444e+00	
2.639532e-01	3.038050e-01	3.739660e-01	4.721887e-01	5.968763e-01	7.470465e-01	9.223082e-01	1.122852e+00	1.349457e+00	1.603505e+00	1.887016e+00	2.202694e+00	2.553988e+00	2.945177e+00	3.381462e+00	
2.727771e-01	3.156906e-01	3.906039e-01	4.951438e-01	6.276246e-01	7.870090e-01	9.728839e-01	1.185451e+00	1.425531e+00	1.694585e+00	1.994744e+00	2.328862e+00	2.700583e+00	3.114420e+00	3.575868e+00	
2.822306e-01	3.285977e-01	4.088438e-01	5.204561e-01	6.616500e-01	8.313269e-01	1.029049e+00	1.255031e+00	1.510141e+00	1.795924e+00	2.114638e+00	2.469305e+00	2.863780e+00	3.302843e+00	3.792310e+00	
2.924471e-01	3.427440e-01	4.290279e-01	5.486296e-01	6.996532e-01	8.809318e-01	1.092001e+00	1.333086e+00	1.605112e+00	1.909718e+00	2.249303e+00	2.627076e+00	3.047132e+00	3.514549e+00	4.035504e+00	
3.036024e-01	3.584159e-01	4.516064e-01	5.803275e-01	7.425572e-01	9.370510e-01	1.163313e+00	1.421585e+00	1.712850e+00	2.038859e+00	2.402168e+00	2.806200e+00	3.255321e+00	3.754947e+00	4.311663e+00	
3.159330e-01	3.759989e-01	4.771855e-01	6.164428e-01	7.916042e-01	1.001336e+00	1.245106e+00	1.523174e+00	1.836594e+00	2.187239e+00	2.577850e+00	3.012093e+00	3.494647e+00	4.031313e+00	4.629148e+00	
3.297651e-01	3.960250e-01	5.066017e-01	6.582081e-01	8.485088e-01	1.076066e+00	1.340308e+00	1.641511e+00	1.980813e+00	2.360232e+00	2.782722e+00	3.252232e+00	3.773806e+00	4.353694e+00	4.999503e+00	
3.455624e-01	4.192505e-01	5.410444e-01	7.073756e-01	9.157090e-01	1.164484e+00	1.453078e+00	1.781794e+00	2.151863e+00	2.565479e+00	3.025844e+00	3.537248e+00	4.105163e+00	4.736376e+00	5.439140e+00	
3.640077e-01	4.467895e-01	5.822656e-01	7.665271e-01	9.967969e-01	1.271365e+00	1.589550e+00	1.951682e+00	2.359110e+00	2.814237e+00	3.320570e+00	3.882806e+00	4.506941e+00	5.200406e+00	5.972243e+00	
3.861514e-01	4.803558e-01	6.329613e-01	8.396355e-01	1.097300e+00	1.404060e+00	1.759159e+00	2.162962e+00	2.616966e+00	3.123830e+00	3.687444e+00	4.313012e+00	5.007178e+00	5.778177e+00	6.636030e+00	
4.136993e-01	5.227337e-01	6.975112e-01	9.331544e-01	1.226198e+00	1.574508e+00	1.977233e+00	2.434783e+00	2.948842e+00	3.522405e+00	4.159848e+00	4.867029e+00	5.651427e+00	6.522311e+00	7.490961e+00	
4.496227e-01	5.787727e-01	7.835445e-01	1.058327e+00	1.399135e+00	1.803512e+00	2.270478e+00	2.800506e+00	3.395531e+00	4.058997e+00	4.795936e+00	5.613087e+00	6.519050e+00	7.524488e+00	8.642373e+00	
4.996055e-01	6.577515e-01	9.056587e-01	1.236667e+00	1.646044e+00	2.130875e+00	2.689996e+00	3.323966e+00	4.035081e+00	4.827430e+00	5.706983e+00	6.681739e+00	7.761904e+00	8.960133e+00	1.029182e+01	
5.760714e-01	7.799521e-01	1.095764e+00	1.515200e+00	2.032360e+00	2.643608e+00	3.347491e+00	4.144705e+00	5.038114e+00	6.032811e+00	7.136244e+00	8.358382e+00	9.711952e+00	1.121273e+01	1.287992e+01	
7.124205e-01	9.999027e-01	1.439650e+00	2.020364e+00	2.734014e+00	3.575653e+00	4.543304e+00	5.637912e+00	6.863370e+00	8.226606e+00	9.737747e+00	1.141035e+01	1.326174e+01	1.531336e+01	1.759132e+01	
1.039778e+00	1.531683e+00	2.274143e+00	3.248563e+00	4.441728e+00	5.845495e+00	7.456607e+00	9.276618e+00	1.131193e+01	1.357393e+01	1.607929e+01	1.885032e+01	2.191549e+01	2.531012e+01	2.907715e+01	
3.120647e+00	4.926303e+00	7.612908e+00	1.111508e+01	1.538634e+01	2.039805e+01	2.613875e+01	3.261388e+01	3.984594e+01	4.787498e+01	5.675957e+01	6.657811e+01	7.743072e+01	8.944153e+01	1.027616e+02	
-1.346163e+00	-2.369143e+00	-3.867722e+00	-5.806597e+00	-8.160673e+00	-1.091448e+01	-1.406183e+01	-1.760565e+01	-2.155806e+01	-2.594070e+01	-3.078516e+01	-3.613376e+01	-4.204054e+01	-4.857249e+01	-5.581113e+01	
-3.359712e-01	-7.226142e-01	-1.279388e+00	-1.993661e+00	-2.856455e+00	-3.862235e+00	-5.008780e+00	-6.297135e+00	-7.731637e+00	-9.320014e+00	-1.107356e+01	-1.300742e+01	-1.514092e+01	-1.749800e+01	-2.010783e+01	
-8.733392e-02	-3.194685e-01	-6.473761e-01	-1.063945e+00	-1.564120e+00	-2.144781e+00	-2.804678e+00	-3.544396e+00	-4.366374e+00	-5.274957e+00	-6.276505e+00	-7.379534e+00	-8.594916e+00	-9.936136e+00	-1.141960e+01	
2.883210e-02	-1.326413e-01	-3.557449e-01	-6.359017e-01	-9.698564e-01	-1.355601e+00	-1.792328e+00	-2.280412e+00	-2.821420e+00	-3.418147e+00	-4.074680e+00	-4.796498e+00	-5.590594e+00	-6.465641e+00	-7.432193e+00	
9.861135e-02	-2.159397e-02	-1.833815e-01	-3.836622e-01	-6.202384e-01	-8.917539e-01	-1.197662e+00	-1.538214e+00	-1.914463e+00	-2.328295e+00	-2.782464e+00	-3.280662e+00	-3.827606e+00	-4.429144e+00	-5.092393e+00	
1.470318e-01	5.452636e-02	-6.601657e-02	-2.125131e-01	-3.834803e-01	-5.780020e-01	-7.957079e-01	-1.036765e+00	-1.301883e+00	-1.592328e+00	-1.909956e+00	-2.257254e+00	-2.637398e+00	-3.054328e+00	-3.512838e+00	
1.841043e-01	1.120525e-01	2.203818e-02	-8.460256e-02	-2.069182e-01	-3.443202e-01	-4.965692e-01	-6.637700e-01	-8.463742e-01	-1.045191e+00	-1.261406e+00	-1.496609e+00	-1.752831e+00	-2.032593e+00	-2.338963e+00	
2.146823e-01	1.588938e-01	9.321494e-02	1.838279e-02	-6.507703e-02	-1.568382e-01	-2.567664e-01	-3.649166e-01	-4.815341e-01	-6.070608e-01	-7.421458e-01	-8.876603e-01	-1.044718e+00	-1.214702e+00	-1.399296e+00	
2.414794e-01	1.994613e-01	1.544382e-01	1.066361e-01	5.621756e-02	3.285003e-03	-5.211678e-02	-1.099999e-01	-1.704340e-01	-2.335478e-01	-2.995323e-01	-3.686459e-01	-4.412198e-01	-5.176665e-01	-5.984892e-01	
2.662218e-01	2.365474e-01	2.100801e-01	1.865849e-01	1.658967e-01	1.479160e-01	1.326070e-01	1.199959e-01	1.101720e-01	1.032890e-01	9.956892e-02	9.930676e-02	1.028772e-01	1.107433e-01	1.234668e-01	
2.901721e-01	2.721773e-01	2.632977e-01	2.628597e-01	2.703866e-01	2.855870e-01	3.083481e-01	3.387331e-01	3.769820e-01	4.235174e-01	4.789542e-01	5.441135e-01	6.200414e-01	7.080337e-01	8.096650e-01	
3.144158e-01	3.080728e-01	3.167583e-01	3.393601e-01	3.750894e-01	4.234627e-01	4.842905e-01	5.576725e-01	6.440000e-01	7.439645e-01	8.585743e-01	9.891769e-01	1.137491e+00	1.305645e+00	1.496228e+00	
3.400691e-01	3.459816e-01	3.731510e-01	4.200028e-01	4.854198e-01	5.687161e-01	6.696212e-01	7.882736e-01	9.252236e-01	1.081446e+00	1.258364e+00	1.457879e+00	1.682418e+00	1.934988e+00	2.219245e+00	
3.684940e-01	3.880138e-01	4.357029e-01	5.094736e-01	6.078441e-01	7.299041e-01	8.752931e-01	1.044193e+00	1.237330e+00	1.455994e+00	1.702067e+00	1.978068e+00	2.287207e+00	2.633467e+00	3.021689e+00	
4.016166e-01	4.371324e-01	5.089266e-01	6.143100e-01	7.513729e-01	9.189415e-01	1.116550e+00	1.344431e+00	1.603517e+00	1.895468e+00	2.222706e+00	2.588469e+00	2.996893e+00	3.453101e+00	3.963325e+00	
4.425242e-01	4.980660e-01	6.000075e-01	7.449081e-01	9.303246e-01	1.154754e+00	1.417600e+00	1.719156e+00	2.060616e+00	2.444098e+00	2.872698e+00	3.350556e+00	3.882958e+00	4.476453e+00	5.139009e+00	
4.967913e-01	5.793356e-01	7.218773e-01	9.199665e-01	1.170443e+00	1.471362e+00	1.821949e+00	2.222585e+00	2.674808e+00	3.181358e+00	3.746233e+00	4.374786e+00	5.073846e+00	5.851881e+00	6.719189e+00	
5.759616e-01	6.985692e-01	9.012740e-01	1.178134e+00	1.524930e+00	1.939062e+00	2.419497e+00	2.966738e+00	3.582839e+00	4.271454e+00	5.037917e+00	5.889371e+00	6.834931e+00	7.885896e+00	9.056012e+00	
7.089204e-01	8.998593e-01	1.205062e+00	1.616050e+00	2.126802e+00	2.733609e+00	3.434992e+00	4.231669e+00	5.126565e+00	6.124889e+00	7.234249e+00	8.464828e+00	9.829626e+00	1.134476e+01	1.302982e+01	
9.948999e-01	1.334657e+00	1.862888e+00	2.565608e+00	3.432880e+00	4.458585e+00	5.640278e+00	6.979139e+00	8.479990e+00	1.015141e+01	1.200596e+01	1.406041e+01	1.633621e+01	1.885993e+01	2.166389e+01	
2.154971e+00	3.103441e+00	4.543392e+00	6.438350e+00	8.762393e+00	1.149956e+01	1.464346e+01	1.819717e+01	2.217324e+01	2.659406e+01	3.149230e+01	3.691175e+01	4.290829e+01	4.955119e+01	5.692473e+01	
-3.055143e+00	-4.849746e+00	-7.517342e+00	-1.099313e+01	-1.523107e+01	-2.020278e+01	-2.589691e+01	-3.231887e+01	-3.949098e+01	-4.745294e+01	-5.626280e+01	-6.599829e+01	-7.675864e+01	-8.866685e+01	-1.018726e+02	
-6.054524e-01	-1.112817e+00	-1.852606e+00	-2.807565e+00	-3.965431e+00	-5.318644e+00	-6.864181e+00	-8.603476e+00	-1.054246e+01	-1.269171e+01	-1.506666e+01	-1.768800e+01	-2.058215e+01	-2.378184e+01	-2.732692e+01	
-2.246191e-01	-5.333155e-01	-9.754191e-01	-1.541025e+00	-2.223092e+00	-3.017279e+00	-3.921848e+00	-4.937620e+00	-6.067996e+00	-7.319039e+00	-8.699611e+00	-1.022158e+01	-1.190011e+01	-1.375397e+01	-1.580604e+01	
-6.670128e-02	-2.940246e-01	-6.140910e-01	-1.020013e+00	-1.506896e+00	-2.071719e+00	-2.713272e+00	-3.432123e+00	-4.230636e+00	-5.113022e+00	-6.085439e+00	-7.156136e+00	-8.335643e+00	-9.637019e+00	-1.107615e+01	
2.154442e-02	-1.610667e-01	-4.139950e-01	-7.320180e-01	-1.111422e+00	-1.549917e+00	-2.046583e+00	-2.601850e+00	-3.217508e+00	-3.896746e+00	-4.644233e+00	-5.466219e+00	-6.370687e+00	-7.367534e+00	-8.468803e+00	
7.905771e-02	-7.501038e-02	-2.850139e-01	-5.467976e-01	-8.574066e-01	-1.215018e+00	-1.618899e+00	-2.069389e+00	-2.567911e+00	-3.117001e+00	-3.720370e+00	-4.382988e+00	-5.111203e+00	-5.912884e+00	-6.797609e+00	
1.203052e-01	-1.377419e-02	-1.936633e-01	-4.159584e-01	-6.782387e-01	-9.790103e-01	-1.317672e+00	-1.694500e+00	-2.110659e+00	-2.568224e+00	-3.070232e+00	-3.620751e+00	-4.224979e+00	-4.889358e+00	-5.621729e+00	
1.519005e-01	3.273825e-02	-1.246318e-01	-3.173701e-01	-5.434569e-01	-8.016451e-01	-1.091432e+00	-1.413048e+00	-1.767461e+00	-2.156402e+00	-2.582402e+00	-3.048852e+00	-3.560085e+00	-4.121473e+00	-4.739552e+00	
1.772991e-01	6.980374e-02	-6.991556e-02	-2.394634e-01	-4.371356e-01	-6.618794e-01	-9.132700e-01	-1.191500e+00	-1.497386e+00	-1.832384e+00	-2.198629e+00	-2.598979e+00	-3.037086e+00	-3.517478e+00	-4.045667e+00	
1.984849e-01	1.004531e-01	-2.491644e-02	-1.755908e-01	-3.501235e-01	-5.476207e-01	-7.677208e-01	-1.010587e+00	-1.276908e+00	-1.567922e+00	-1.885435e+00	-2.231872e+00	-2.610328e+00	-3.024644e+00	-3.479494e+00	
2.166800e-01	1.265545e-01	1.320142e-02	-1.216517e-01	-2.767749e-01	-4.514079e-01	-6.452426e-01	-8.584160e-01	-1.091514e+00	-1.345584e+00	-1.622161e+00	-1.923304e+00	-2.251641e+00	-2.610433e+00	-3.003648e+00	
2.326797e-01	1.493257e-01	4.628721e-02	-7.497100e-02	-2.134059e-01	-3.683724e-01	-5.396083e-01	-7.272286e-01	-9.317283e-01	-1.153994e+00	-1.395326e+00	-1.657465e+00	-1.942639e+00	-2.253607e+00	-2.593732e+00	
2.470255e-01	1.695967e-01	7.560311e-02	-3.372204e-02	-1.575003e-01	-2.951878e-01	-4.465629e-01	-6.117212e-01	-7.910780e-01	-9.853781e-01	-1.195713e+00	-1.423548e+00	-1.670754e+00	-1.939652e+00	-2.233069e+00	
2.601000e-01	1.879558e-01	1.020448e-01	3.392557e-03	-1.072699e-01	-2.294898e-01	-3.630816e-01	-5.081237e-01	-6.649598e-01	-8.342073e-01	-1.016772e+00	-1.213869e+00	-1.427052e+00	-1.658247e+00	-1.909802e+00	
2.721825e-01	2.048339e-01	1.262700e-01	3.732680e-02	-6.139923e-02	-1.695380e-01	-2.869375e-01	-4.136598e-01	-5.499836e-01	-6.964102e-01	-8.536757e-01	-1.022768e+00	-1.204950e+00	-1.401790e+00	-1.615196e+00	
2.834829e-01	2.205571e-01	1.487776e-01	6.880540e-02	-1.888776e-02	-1.140085e-01	-2.164353e-01	-3.262159e-01	-4.435683e-01	-5.688864e-01	-7.027493e-01	-8.459345e-01	-9.994366e-01	-1.164490e+00	-1.342600e+00	
2.941635e-01	2.353791e-01	1.699579e-01	9.839664e-02	2.105001e-02	-6.186065e-02	-1.502426e-01	-2.441297e-01	-3.436835e-01	-4.491969e-01	-5.611014e-01	-6.799773e-01	-8.065669e-01	-9.417928e-01	-1.086778e+00	
3.043531e-01	2.495034e-01	1.901261e-01	1.265609e-01	5.905159e-02	-1.224911e-02	-8.727586e-02	-1.660494e-01	-2.486774e-01	-3.353568e-01	-4.263789e-01	-5.221360e-01	-6.231309e-01	-7.299887e-01	-8.434716e-01	
3.141566e-01	2.630990e-01	2.095452e-01	1.536844e-01	9.565299e-02	3.553783e-02	-2.662217e-02	-9.083519e-02	-1.571569e-01	-2.256918e-01	-2.965962e-01	-3.700814e-01	-4.464194e-01	-5.259490e-01	-6.090838e-01	
3.236623e-01	2.763103e-01	2.284433e-01	1.801033e-01	1.313224e-01	8.212304e-02	3.251828e-02	-1.748772e-02	-6.790001e-02	-1.187330e-01	-1.700112e-01	-2.217696e-01	-2.740549e-01	-3.269267e-01	-3.804591e-01	
3.329471e-01	2.892663e-01	2.470260e-01	2.061232e-01	1.664866e-01	1.280752e-01	9.087663e-02	5.490716e-02	2.021169e-02	-1.313530e-02	-4.502819e-02	-7.532794e-02	-1.038590e-01	-1.304055e-01	-1.547061e-01	
3.420798e-01	3.020865e-01	2.654872e-01	2.320338e-01	2.015522e-01	1.739376e-01	1.491524e-01	1.272249e-01	1.082499e-01	9.239075e-02	7.988284e-02	7.103917e-02	6.625727e-02	6.602830e-02	7.094836e-02	
3.511255e-01	3.148873e-01	2.840183e-01	2.581240e-01	2.369257e-01	2.202547e-01	2.080476e-01	2.003448e-01	1.972916e-01	1.991412e-01	2.062602e-01	2.191375e-01	2.383950e-01	2.648022e-01	2.992938e-01	
3.601480e-01	3.277872e-01	3.028178e-01	2.846948e-01	2.730332e-01	2.675983e-01	2.683004e-01	2.751925e-01	2.884714e-01	3.084822e-01	3.357259e-01	3.708713e-01	4.147701e-01	4.684767e-01	5.332721e-01	
3.692130e-01	3.409131e-01	3.221008e-01	3.120759e-01	3.103424e-01	3.165976e-01	3.307244e-01	3.527887e-01	3.830408e-01	4.219210e-01	4.700697e-01	5.283422e-01	5.978284e-01	6.798778e-01	7.761308e-01	
3.783918e-01	3.544069e-01	3.421122e-01	3.406438e-01	3.493896e-01	3.679751e-01	3.962545e-01	4.343073e-01	4.824400e-01	5.411929e-01	6.113527e-01	6.939706e-01	7.903868e-01	9.022608e-01	1.031611e+00	
3.877652e-01	3.684349e-01	3.631414e-01	3.708465e-01	3.908144e-01	4.225940e-01	4.660090e-01	5.211533e-01	5.883932e-01	6.683755e-01	7.620428e-01	8.706551e-01	9.958189e-01	1.139524e+00	1.304191e+00	
3.974297e-01	3.832000e-01	3.855449e-01	4.032378e-01	4.354087e-01	4.815241e-01	5.413746e-01	6.150695e-01	7.030397e-01	8.060473e-01	9.252035e-01	1.061994e+00	1.218313e+00	1.396508e+00	1.599435e+00	
4.075051e-01	3.989592e-01	4.097773e-01	4.385258e-01	4.841873e-01	5.461375e-01	6.241304e-01	7.182926e-01	8.291259e-01	9.575190e-01	1.104768e+00	1.272607e+00	1.463247e+00	1.679428e+00	1.924483e+00	
4.181466e-01	4.160502e-01	4.364392e-01	4.776481e-01	5.384948e-01	6.182532e-01	7.166366e-01	8.337905e-01	9.702961e-01	1.127184e+00	1.305957e+00	1.508627e+00	1.737760e+00	1.996534e+00	2.288817e+00	
4.295640e-01	4.349338e-01	4.663524e-01	5.218897e-01	6.001753e-01	7.003671e-01	8.221317e-01	9.656362e-01	1.131553e+00	1.321073e+00	1.535937e+00	1.778473e+00	2.051650e+00	2.359150e+00	2.705449e+00	
4.420524e-01	4.562627e-01	5.006841e-01	5.730773e-01	6.718520e-01	7.960306e-01	9.452248e-01	1.119627e+00	1.320016e+00	1.547771e+00	1.804909e+00	2.094127e+00	2.418868e+00	2.783399e+00	3.192908e+00	
4.560458e-01	4.810020e-01	5.411630e-01	6.339182e-01	7.574137e-01	9.105091e-01	1.092751e+00	1.304361e+00	1.546246e+00	1.820010e+00	2.128003e+00	2.473365e+00	2.860105e+00	3.293192e+00	3.778671e+00	
4.722168e-01	5.106511e-01	5.904767e-01	7.086236e-01	8.629109e-01	1.051996e+00	1.275345e+00	1.533218e+00	1.826676e+00	2.157606e+00	2.528767e+00	2.943848e+00	3.407561e+00	3.925745e+00	4.505504e+00	
4.916724e-01	5.476827e-01	6.530614e-01	8.041460e-01	9.983338e-01	1.234022e+00	1.510572e+00	1.828292e+00	2.188446e+00	2.593282e+00	3.046088e+00	3.551261e+00	4.114418e+00	4.742520e+00	5.444036e+00	
5.163816e-01	5.965003e-01	7.368200e-01	9.328728e-01	1.181484e+00	1.480697e+00	1.829731e+00	2.228960e+00	2.679922e+00	3.185356e+00	3.749268e+00	4.377017e+00	5.075448e+00	5.853046e+00	6.720133e+00	
5.502294e-01	6.657980e-01	8.573580e-01	1.119268e+00	1.447519e+00	1.839640e+00	2.294640e+00	2.812990e+00	3.396628e+00	4.049009e+00	4.775184e+00	5.581915e+00	6.477837e+00	7.473655e+00	8.582394e+00	
6.021141e-01	7.754953e-01	1.050435e+00	1.419394e+00	1.877008e+00	2.419975e+00	3.046966e+00	3.758606e+00	4.557482e+00	5.448206e+00	6.437523e+00	7.534465e+00	8.750566e+00	1.010012e+01	1.160054e+01	
6.979212e-01	9.835482e-01	1.420102e+00	1.996372e+00	2.704388e+00	3.539232e+00	4.498930e+00	5.584402e+00	6.799486e+00	8.151028e+00	9.649045e+00	1.130695e+01	1.314188e+01	1.517506e+01	1.743235e+01	
9.581861e-01	1.559846e+00	2.450903e+00	3.609856e+00	5.021414e+00	6.676141e+00	8.570237e+00	1.070546e+01	1.308915e+01	1.573442e+01	1.866047e+01	2.189300e+01	2.546483e+01	2.941668e+01	3.379808e+01	
6.651066e+00	1.430043e+01	2.532099e+01	3.946222e+01	5.654590e+01	7.646199e+01	9.916611e+01	1.246786e+02	1.530847e+02	1.845373e+02	2.192595e+02	2.575507e+02	2.997930e+02	3.464604e+02	3.981297e+02	
-2.054557e-01	-1.058629e+00	-2.257933e+00	-3.777638e+00	-5.599434e+00	-7.712013e+00	-1.011080e+01	-1.279788e+01	-1.578198e+01	-1.907878e+01	-2.271116e+01	-2.670985e+01	-3.111404e+01	-3.597239e+01	-4.134408e+01	
1.375565e-01	-2.970640e-01	-8.945189e-01	-1.642700e+00	-2.532988e+00	-3.560058e+00	-4.721753e+00	-6.019038e+00	-7.456023e+00	-9.040062e+00	-1.078192e+01	-1.269604e+01	-1.480084e+01	-1.711920e+01	-1.967895e+01	
2.485742e-01	-5.497582e-02	-4.637611e-01	-9.699534e-01	-1.567980e+00	-2.254394e+00	-3.027797e+00	-3.888808e+00	-4.840078e+00	-5.886352e+00	-7.034581e+00	-8.294086e+00	-9.676772e+00	-1.119741e+01	-1.287397e+01	
3.057816e-01	6.660735e-02	-2.493637e-01	-6.364165e-01	-1.090481e+00	-1.609040e+00	-2.191069e+00	-2.837014e+00	-3.548806e+00	-4.329903e+00	-5.185372e+00	-6.122008e+00	-7.148492e+00	-8.275597e+00	-9.516432e+00	
3.420998e-01	1.413952e-01	-1.189938e-01	-4.346238e-01	-8.023296e-01	-1.220151e+00	-1.687290e+00	-2.204090e+00	-2.772046e+00	-3.393842e+00	-4.073410e+00	-4.816028e+00	-5.628437e+00	-6.519000e+00	-7.497901e+00	
3.681590e-01	1.931854e-01	-2.992872e-02	-2.975978e-01	-6.072668e-01	-9.573524e-01	-1.347207e+00	-1.777106e+00	-2.248251e+00	-2.762802e+00	-3.323929e+00	-3.935881e+00	-4.604091e+00	-5.335301e+00	-6.137717e+00	
3.884368e-01	2.319993e-01	3.582034e-02	-1.971384e-01	-4.647657e-01	-7.657523e-01	-1.099561e+00	-1.466416e+00	-1.867306e+00	-2.304011e+00	-2.779143e+00	-3.296206e+00	-3.859680e+00	-4.475125e+00	-5.149310e+00	
4.051496e-01	2.627941e-01	8.715067e-02	-1.192987e-01	-3.547837e-01	-6.182056e-01	-9.091118e-01	-1.227687e+00	-1.574756e+00	-1.951808e+00	-2.361025e+00	-2.805338e+00	-3.288496e+00	-3.815151e+00	-4.390967e+00	
4.195222e-01	2.883071e-01	1.289729e-01	-5.638227e-02	-2.662612e-01	-4.997336e-01	-7.564148e-01	-1.036458e+00	-1.340557e+00	-1.669965e+00	-2.026523e+00	-2.412703e+00	-2.831666e+00	-3.287337e+00	-3.784496e+00	
4.322891e-01	3.101763e-01	1.642243e-01	-3.786710e-03	-1.925855e-01	-4.013813e-01	-6.298454e-01	-8.781047e-01	-1.146745e+00	-1.436825e+00	-1.749901e+00	-2.088065e+00	-2.453993e+00	-2.851007e+00	-3.283155e+00	
4.439192e-01	3.294452e-01	1.947743e-01	4.141631e-02	-1.295500e-01	-3.174523e-01	-5.220098e-01	-7.433270e-01	-9.818969e-01	-1.238613e+00	-1.514790e+00	-1.812197e+00	-2.133095e+00	-2.480293e+00	-2.857216e+00	
4.547284e-01	3.468134e-01	2.218745e-01	8.118593e-02	-7.434115e-02	-2.441377e-01	-4.279644e-01	-6.259062e-01	-8.383754e-01	-1.066121e+00	-1.310249e+00	-1.572243e+00	-1.854006e+00	-2.157901e+00	-2.486808e+00	
4.649392e-01	3.627708e-01	2.463994e-01	1.168897e-01	-2.499602e-02	-1.787805e-01	-3.442611e-01	-5.215058e-01	-7.108547e-01	-9.129292e-01	-1.128646e+00	-1.359241e+00	-1.606295e+00	-1.871773e+00	-2.158073e+00	
4.747152e-01	3.776741e-01	2.689835e-01	1.495186e-01	1.990699e-02	-1.194572e-01	-2.684048e-01	-4.269877e-01	-5.954811e-01	-7.743903e-01	-9.644628e-01	-1.166706e+00	-1.382412e+00	-1.613186e+00	-1.860987e+00	
4.841816e-01	3.917926e-01	2.901040e-01	1.798164e-01	6.143356e-02	-6.472690e-02	-1.985262e-01	-3.400020e-01	-4.893694e-01	-6.470269e-01	-8.135656e-01	-9.897841e-01	-1.176707e+00	-1.375609e+00	-1.588046e+00	
4.934382e-01	4.053374e-01	3.101323e-01	2.083605e-01	1.004100e-01	-1.347303e-02	-1.331783e-01	-2.587297e-01	-3.902865e-01	-5.281472e-01	-6.727570e-01	-8.247190e-01	-9.848082e-01	-1.153990e+00	-1.333444e+00	
5.025684e-01	4.184805e-01	3.293683e-01	2.356152e-01	1.374992e-01	3.519927e-02	-7.120156e-02	-1.817143e-01	-2.964448e-01	-4.155970e-01	-5.394779e-01	-6.685051e-01	-8.032172e-01	-9.442869e-01	-1.092537e+00	
5.116449e-01	4.313676e-01	3.480635e-01	2.619679e-01	1.732534e-01	8.203393e-02	-1.163314e-02	-1.077464e-01	-2.063608e-01	-3.075891e-01	-4.116053e-01	-5.186494e-01	-6.290326e-01	-7.431460e-01	-8.614694e-01	
5.207344e-01	4.441279e-01	3.664379e-01	2.877553e-01	2.081505e-01	1.276743e-01	4.635877e-02	-3.578244e-02	-1.187544e-01	-2.025816e-01	-2.873086e-01	-3.730021e-01	-4.597525e-01	-5.476766e-01	-6.369211e-01	
5.299014e-01	4.568816e-01	3.846927e-01	3.132835e-01	2.426234e-01	1.727012e-01	1.035243e-01	3.511823e-02	-3.247306e-02	-9.918669e-02	-1.649399e-01	-2.296286e-01	-2.931254e-01	-3.552773e-01	-4.159023e-01	
