-7.709148e-06	-7.680946e-06	-7.654798e-06	-7.630681e-06	-7.608575e-06	-7.588460e-06	-7.570319e-06	-7.554136e-06	-7.539893e-06	-7.527577e-06	-7.517175e-06	-7.508675e-06	-7.502066e-06	-7.497339e-06	-7.494485e-06	
-2.054772e+08	-1.761205e+08	-1.467652e+08	-1.174113e+08	-8.805837e+07	-5.870621e+07	-2.935455e+07	-3.142129e+03	2.934826e+07	5.869992e+07	8.805209e+07	1.174050e+08	1.467590e+08	1.761142e+08	2.054709e+08	
-4.104636e+08	-3.518203e+08	-2.931800e+08	-2.345422e+08	-1.759064e+08	-1.172722e+08	-5.863899e+07	-6.275005e+03	5.862644e+07	1.172597e+08	1.758939e+08	2.345296e+08	2.931674e+08	3.518077e+08	4.104510e+08	
-6.144699e+08	-5.266800e+08	-4.388947e+08	-3.511131e+08	-2.633345e+08	-1.755582e+08	-8.778342e+07	-9.389405e+03	8.776464e+07	1.755394e+08	2.633157e+08	3.510943e+08	4.388759e+08	5.266612e+08	6.144511e+08	
-8.170099e+08	-7.002830e+08	-5.835621e+08	-4.668462e+08	-3.501342e+08	-2.334253e+08	-1.167184e+08	-1.247617e+04	1.166934e+08	2.334004e+08	3.501093e+08	4.668212e+08	5.835371e+08	7.002580e+08	8.169850e+08	
-1.017602e+09	-8.722163e+08	-7.268382e+08	-5.814662e+08	-4.360992e+08	-2.907359e+08	-1.453751e+08	-1.552623e+04	1.453440e+08	2.907048e+08	4.360681e+08	5.814351e+08	7.268071e+08	8.721852e+08	1.017571e+09	
-1.215770e+09	-1.042072e+09	-8.683831e+08	-6.947013e+08	-5.210255e+08	-3.473540e+08	-1.736856e+08	-1.853064e+04	1.736485e+08	3.473170e+08	5.209884e+08	6.946643e+08	8.683460e+08	1.042035e+09	1.215733e+09	
-1.411046e+09	-1.209449e+09	-1.007862e+09	-8.062841e+08	-6.047125e+08	-4.031460e+08	-2.015829e+08	-2.148062e+04	2.015399e+08	4.031030e+08	6.046695e+08	8.062411e+08	1.007819e+09	1.209406e+09	1.411003e+09	
-1.602971e+09	-1.373954e+09	-1.144948e+09	-9.159520e+08	-6.869634e+08	-4.579805e+08	-2.290015e+08	-2.436755e+04	2.289528e+08	4.579318e+08	6.869146e+08	9.159032e+08	1.144899e+09	1.373905e+09	1.602922e+09	
-1.791096e+09	-1.535201e+09	-1.279320e+09	-1.023448e+09	-7.675857e+08	-5.117294e+08	-2.558772e+08	-2.718304e+04	2.558228e+08	5.116750e+08	7.675314e+08	1.023394e+09	1.279265e+09	1.535147e+09	1.791041e+09	
-1.974983e+09	-1.692817e+09	-1.410664e+09	-1.128524e+09	-8.463921e+08	-5.642675e+08	-2.821476e+08	-2.991894e+04	2.820877e+08	5.642077e+08	8.463323e+08	1.128464e+09	1.410605e+09	1.692757e+09	1.974923e+09	
-2.154208e+09	-1.846436e+09	-1.538679e+09	-1.230935e+09	-9.232008e+08	-6.154739e+08	-3.077520e+08	-3.256735e+04	3.076868e+08	6.154087e+08	9.231356e+08	1.230870e+09	1.538614e+09	1.846371e+09	2.154142e+09	
-2.328361e+09	-1.995708e+09	-1.663072e+09	-1.330449e+09	-9.978359e+08	-6.652312e+08	-3.326318e+08	-3.512068e+04	3.325616e+08	6.651610e+08	9.977657e+08	1.330378e+09	1.663002e+09	1.995638e+09	2.328290e+09	
-2.497047e+09	-2.140295e+09	-1.783560e+09	-1.426839e+09	-1.070129e+09	-7.134269e+08	-3.567308e+08	-3.757165e+04	3.566557e+08	7.133517e+08	1.070053e+09	1.426763e+09	1.783485e+09	2.140220e+09	2.496972e+09	
-2.659889e+09	-2.279873e+09	-1.899874e+09	-1.519889e+09	-1.139917e+09	-7.599530e+08	-3.799950e+08	-3.991332e+04	3.799151e+08	7.598731e+08	1.139837e+09	1.519810e+09	1.899794e+09	2.279793e+09	2.659810e+09	
-2.816528e+09	-2.414133e+09	-2.011757e+09	-1.609395e+09	-1.207046e+09	-8.047066e+08	-4.023728e+08	-4.213913e+04	4.022886e+08	8.046223e+08	1.206962e+09	1.609311e+09	2.011672e+09	2.414049e+09	2.816443e+09	
-2.966621e+09	-2.542784e+09	-2.118965e+09	-1.695162e+09	-1.271371e+09	-8.475904e+08	-4.238158e+08	-4.424290e+04	4.237273e+08	8.475020e+08	1.271283e+09	1.695073e+09	2.118876e+09	2.542695e+09	2.966533e+09	
-3.109848e+09	-2.665549e+09	-2.221269e+09	-1.777005e+09	-1.332754e+09	-8.885127e+08	-4.442779e+08	-4.621884e+04	4.441854e+08	8.884203e+08	1.332662e+09	1.776913e+09	2.221177e+09	2.665457e+09	3.109756e+09	
-3.245909e+09	-2.782172e+09	-2.318455e+09	-1.854754e+09	-1.391066e+09	-9.273877e+08	-4.637162e+08	-4.806161e+04	4.636201e+08	9.272916e+08	1.390970e+09	1.854658e+09	2.318359e+09	2.782076e+09	3.245813e+09	
-3.374526e+09	-2.892414e+09	-2.410323e+09	-1.928248e+09	-1.446187e+09	-9.641358e+08	-4.820911e+08	-4.976630e+04	4.819916e+08	9.640362e+08	1.446088e+09	1.928149e+09	2.410224e+09	2.892315e+09	3.374426e+09	
-3.495441e+09	-2.996056e+09	-2.496691e+09	-1.997343e+09	-1.498008e+09	-9.986838e+08	-4.993659e+08	-5.132846e+04	4.992632e+08	9.985812e+08	1.497906e+09	1.997241e+09	2.496589e+09	2.995954e+09	3.495339e+09	
-3.608423e+09	-3.092898e+09	-2.577393e+09	-2.061905e+09	-1.546430e+09	-1.030965e+09	-5.155073e+08	-5.274410e+04	5.154019e+08	1.030860e+09	1.546325e+09	2.061799e+09	2.577288e+09	3.092793e+09	3.608318e+09	
-3.713263e+09	-3.182761e+09	-2.652279e+09	-2.121814e+09	-1.591362e+09	-1.060921e+09	-5.304856e+08	-5.400975e+04	5.303776e+08	1.060813e+09	1.591254e+09	2.121706e+09	2.652171e+09	3.182653e+09	3.713155e+09	
-3.809775e+09	-3.265486e+09	-2.721217e+09	-2.176965e+09	-1.632726e+09	-1.088497e+09	-5.442743e+08	-5.512239e+04	5.441641e+08	1.088387e+09	1.632616e+09	2.176855e+09	2.721107e+09	3.265376e+09	3.809665e+09	
-3.897800e+09	-3.340937e+09	-2.784094e+09	-2.227267e+09	-1.670453e+09	-1.113648e+09	-5.568506e+08	-5.607953e+04	5.567385e+08	1.113536e+09	1.670341e+09	2.227155e+09	2.783982e+09	3.340825e+09	3.897688e+09	
-3.977204e+09	-3.408999e+09	-2.840813e+09	-2.272642e+09	-1.704485e+09	-1.136337e+09	-5.681953e+08	-5.687919e+04	5.680815e+08	1.136223e+09	1.704371e+09	2.272529e+09	2.840699e+09	3.408885e+09	3.977090e+09	
-4.047878e+09	-3.469577e+09	-2.891296e+09	-2.313030e+09	-1.734776e+09	-1.156531e+09	-5.782928e+08	-5.751989e+04	5.781778e+08	1.156416e+09	1.734661e+09	2.312915e+09	2.891181e+09	3.469462e+09	4.047763e+09	
-4.109737e+09	-3.522602e+09	-2.935484e+09	-2.348381e+09	-1.761290e+09	-1.174207e+09	-5.871312e+08	-5.800069e+04	5.870152e+08	1.174091e+09	1.761174e+09	2.348265e+09	2.935368e+09	3.522486e+09	4.109621e+09	
-4.162726e+09	-3.568022e+09	-2.973335e+09	-2.378663e+09	-1.784002e+09	-1.189349e+09	-5.947023e+08	-5.832116e+04	5.945856e+08	1.189232e+09	1.783885e+09	2.378546e+09	2.973219e+09	3.567905e+09	4.162609e+09	
-4.206811e+09	-3.605812e+09	-3.004828e+09	-2.403858e+09	-1.802899e+09	-1.201947e+09	-6.010015e+08	-5.848139e+04	6.008846e+08	1.201830e+09	1.802782e+09	2.403741e+09	3.004711e+09	3.605695e+09	4.206694e+09	
-4.241989e+09	-3.635966e+09	-3.029958e+09	-2.423963e+09	-1.817978e+09	-1.212000e+09	-6.060282e+08	-5.848198e+04	6.059112e+08	1.211883e+09	1.817861e+09	2.423846e+09	3.029841e+09	3.635849e+09	4.241872e+09	
-4.268277e+09	-3.658501e+09	-3.048739e+09	-2.438989e+09	-1.829248e+09	-1.219514e+09	-6.097850e+08	-5.832406e+04	6.096683e+08	1.219397e+09	1.829131e+09	2.438872e+09	3.048622e+09	3.658384e+09	4.268161e+09	
-4.285723e+09	-3.673457e+09	-3.061204e+09	-2.448962e+09	-1.836728e+09	-1.224501e+09	-6.122785e+08	-5.800926e+04	6.121625e+08	1.224385e+09	1.836612e+09	2.448846e+09	3.061088e+09	3.673341e+09	4.285607e+09	
-4.294396e+09	-3.680894e+09	-3.067403e+09	-2.453922e+09	-1.840449e+09	-1.226982e+09	-6.135188e+08	-5.753970e+04	6.134037e+08	1.226867e+09	1.840334e+09	2.453807e+09	3.067288e+09	3.680779e+09	4.294281e+09	
-4.294392e+09	-3.680893e+09	-3.067405e+09	-2.453925e+09	-1.840452e+09	-1.226984e+09	-6.135195e+08	-5.691801e+04	6.134057e+08	1.226870e+09	1.840338e+09	2.453811e+09	3.067291e+09	3.680779e+09	4.294279e+09	
-4.285831e+09	-3.673558e+09	-3.061294e+09	-2.449037e+09	-1.836787e+09	-1.224541e+09	-6.122977e+08	-5.614729e+04	6.121854e+08	1.224428e+09	1.836674e+09	2.448925e+09	3.061182e+09	3.673446e+09	4.285719e+09	
-4.268856e+09	-3.659011e+09	-3.049174e+09	-2.439342e+09	-1.829516e+09	-1.219694e+09	-6.098738e+08	-5.523110e+04	6.097634e+08	1.219583e+09	1.829406e+09	2.439232e+09	3.049063e+09	3.658901e+09	4.268746e+09	
-4.243634e+09	-3.637395e+09	-3.031162e+09	-2.424935e+09	-1.818711e+09	-1.212490e+09	-6.062718e+08	-5.417347e+04	6.061634e+08	1.212382e+09	1.818603e+09	2.424826e+09	3.031054e+09	3.637287e+09	4.243526e+09	
-4.210354e+09	-3.608872e+09	-3.007396e+09	-2.405923e+09	-1.804452e+09	-1.202985e+09	-6.015185e+08	-5.297886e+04	6.014125e+08	1.202879e+09	1.804347e+09	2.405817e+09	3.007290e+09	3.608766e+09	4.210248e+09	
-4.169226e+09	-3.573623e+09	-2.978023e+09	-2.382426e+09	-1.786831e+09	-1.191237e+09	-5.956440e+08	-5.165214e+04	5.955407e+08	1.191134e+09	1.786727e+09	2.382323e+09	2.977920e+09	3.573520e+09	4.169122e+09	
-4.120481e+09	-3.531846e+09	-2.943211e+09	-2.354578e+09	-1.765945e+09	-1.177313e+09	-5.886815e+08	-5.019859e+04	5.885811e+08	1.177213e+09	1.765845e+09	2.354477e+09	2.943111e+09	3.531745e+09	4.120381e+09	
-4.064372e+09	-3.483755e+09	-2.903138e+09	-2.322521e+09	-1.741903e+09	-1.161285e+09	-5.806668e+08	-4.862387e+04	5.805695e+08	1.161188e+09	1.741806e+09	2.322423e+09	2.903041e+09	3.483658e+09	4.064275e+09	
-4.001169e+09	-3.429584e+09	-2.857998e+09	-2.286410e+09	-1.714820e+09	-1.143230e+09	-5.716385e+08	-4.693400e+04	5.715446e+08	1.143136e+09	1.714726e+09	2.286316e+09	2.857904e+09	3.429490e+09	4.001075e+09	
-3.931159e+09	-3.369579e+09	-2.807996e+09	-2.246409e+09	-1.684820e+09	-1.123230e+09	-5.616377e+08	-4.513533e+04	5.615475e+08	1.123139e+09	1.684730e+09	2.246319e+09	2.807906e+09	3.369489e+09	3.931069e+09	
-3.854648e+09	-3.304001e+09	-2.753350e+09	-2.202694e+09	-1.652034e+09	-1.101372e+09	-5.507081e+08	-4.323453e+04	5.506217e+08	1.101286e+09	1.651948e+09	2.202607e+09	2.753263e+09	3.303915e+09	3.854561e+09	
-3.771956e+09	-3.233126e+09	-2.694289e+09	-2.155447e+09	-1.616599e+09	-1.077749e+09	-5.388955e+08	-4.123855e+04	5.388130e+08	1.077666e+09	1.616517e+09	2.155364e+09	2.694207e+09	3.233043e+09	3.771873e+09	
-3.683418e+09	-3.157240e+09	-2.631053e+09	-2.104859e+09	-1.578659e+09	-1.052455e+09	-5.262476e+08	-3.915462e+04	5.261693e+08	1.052376e+09	1.578581e+09	2.104780e+09	2.630974e+09	3.157161e+09	3.683340e+09	
-3.589383e+09	-3.076641e+09	-2.563890e+09	-2.051129e+09	-1.538362e+09	-1.025590e+09	-5.128143e+08	-3.699018e+04	5.127404e+08	1.025516e+09	1.538288e+09	2.051055e+09	2.563816e+09	3.076567e+09	3.589309e+09	
-3.490211e+09	-2.991640e+09	-2.493057e+09	-1.994464e+09	-1.495864e+09	-9.972575e+08	-4.986471e+08	-3.475290e+04	4.985776e+08	9.971880e+08	1.495794e+09	1.994395e+09	2.492988e+09	2.991570e+09	3.490141e+09	
-3.386273e+09	-2.902553e+09	-2.418820e+09	-1.935076e+09	-1.451323e+09	-9.675631e+08	-4.837989e+08	-3.245061e+04	4.837340e+08	9.674982e+08	1.451258e+09	1.935011e+09	2.418755e+09	2.902489e+09	3.386208e+09	
-3.277950e+09	-2.809708e+09	-2.341451e+09	-1.873181e+09	-1.404902e+09	-9.366156e+08	-4.683241e+08	-3.009132e+04	4.682639e+08	9.365555e+08	1.404842e+09	1.873121e+09	2.341391e+09	2.809648e+09	3.277890e+09	
-3.165630e+09	-2.713436e+09	-2.261226e+09	-1.809003e+09	-1.356768e+09	-9.045260e+08	-4.522782e+08	-2.768312e+04	4.522228e+08	9.044706e+08	1.356713e+09	1.808947e+09	2.261171e+09	2.713381e+09	3.165575e+09	
-3.049709e+09	-2.614078e+09	-2.178429e+09	-1.742766e+09	-1.307091e+09	-8.714071e+08	-4.357176e+08	-2.523424e+04	4.356672e+08	8.713566e+08	1.307040e+09	1.742715e+09	2.178378e+09	2.614027e+09	3.049658e+09	
-2.930586e+09	-2.511975e+09	-2.093345e+09	-1.674699e+09	-1.256041e+09	-8.373733e+08	-4.186996e+08	-2.275295e+04	4.186541e+08	8.373278e+08	1.255995e+09	1.674653e+09	2.093299e+09	2.511929e+09	2.930541e+09	
-2.808667e+09	-2.407474e+09	-2.006262e+09	-1.605034e+09	-1.203792e+09	-8.025403e+08	-4.012819e+08	-2.024756e+04	4.012414e+08	8.024998e+08	1.203751e+09	1.604993e+09	2.006222e+09	2.407434e+09	2.808626e+09	
-2.684357e+09	-2.300925e+09	-1.917473e+09	-1.534003e+09	-1.150519e+09	-7.670241e+08	-3.835227e+08	-1.772638e+04	3.834872e+08	7.669887e+08	1.150483e+09	1.533967e+09	1.917437e+09	2.300890e+09	2.684322e+09	
-2.558066e+09	-2.192677e+09	-1.827267e+09	-1.461838e+09	-1.096395e+09	-7.309414e+08	-3.654801e+08	-1.519771e+04	3.654497e+08	7.309110e+08	1.096365e+09	1.461808e+09	1.827237e+09	2.192647e+09	2.558035e+09	
-2.430200e+09	-2.083080e+09	-1.735937e+09	-1.388775e+09	-1.041597e+09	-6.944088e+08	-3.472126e+08	-1.266977e+04	3.471873e+08	6.943834e+08	1.041572e+09	1.388749e+09	1.735911e+09	2.083054e+09	2.430175e+09	
-2.301167e+09	-1.972481e+09	-1.643772e+09	-1.315043e+09	-9.862984e+08	-6.575422e+08	-3.287781e+08	-1.015074e+04	3.287578e+08	6.575219e+08	9.862781e+08	1.315023e+09	1.643752e+09	1.972461e+09	2.301147e+09	
-2.171369e+09	-1.861227e+09	-1.551060e+09	-1.240874e+09	-9.306714e+08	-6.204569e+08	-3.102343e+08	-7.648642e+03	3.102190e+08	6.204416e+08	9.306561e+08	1.240859e+09	1.551045e+09	1.861212e+09	2.171354e+09	
-2.041206e+09	-1.749659e+09	-1.458087e+09	-1.166496e+09	-8.748874e+08	-5.832668e+08	-2.916380e+08	-5.171401e+03	2.916277e+08	5.832565e+08	8.748770e+08	1.166485e+09	1.458077e+09	1.749649e+09	2.041196e+09	
-1.911070e+09	-1.638115e+09	-1.365134e+09	-1.092133e+09	-8.191148e+08	-5.460844e+08	-2.730456e+08	-2.726756e+03	2.730402e+08	5.460789e+08	8.191093e+08	1.092127e+09	1.365129e+09	1.638109e+09	1.911065e+09	
-1.781349e+09	-1.526925e+09	-1.272476e+09	-1.018006e+09	-7.635194e+08	-5.090200e+08	-2.545123e+08	-3.222584e+02	2.545116e+08	5.090194e+08	7.635187e+08	1.018005e+09	1.272475e+09	1.526924e+09	1.781348e+09	
-1.652420e+09	-1.416415e+09	-1.180384e+09	-9.443320e+08	-7.082633e+08	-4.721819e+08	-2.360921e+08	2.034755e+03	2.360961e+08	4.721860e+08	7.082674e+08	9.443361e+08	1.180388e+09	1.416419e+09	1.652424e+09	
-1.524653e+09	-1.306900e+09	-1.089121e+09	-8.713214e+08	-6.535048e+08	-4.356755e+08	-2.178377e+08	4.337192e+03	2.178463e+08	4.356841e+08	6.535135e+08	8.713301e+08	1.089130e+09	1.306909e+09	1.524662e+09	
-1.398407e+09	-1.198688e+09	-9.989442e+08	-7.991792e+08	-5.993975e+08	-3.996032e+08	-1.998004e+08	6.578222e+03	1.998135e+08	3.996163e+08	5.994107e+08	7.991924e+08	9.989573e+08	1.198701e+09	1.398420e+09	
-1.274028e+09	-1.092077e+09	-9.101008e+08	-7.281038e+08	-5.460903e+08	-3.640642e+08	-1.820298e+08	8.751304e+03	1.820473e+08	3.640817e+08	5.461078e+08	7.281214e+08	9.101183e+08	1.092095e+09	1.274046e+09	
-1.151852e+09	-9.873532e+08	-8.228300e+08	-6.582864e+08	-4.937265e+08	-3.291542e+08	-1.645737e+08	1.085020e+04	1.645954e+08	3.291759e+08	4.937482e+08	6.583081e+08	8.228518e+08	9.873749e+08	1.151874e+09	
-1.032199e+09	-8.847918e+08	-7.373611e+08	-5.899104e+08	-4.424436e+08	-2.949648e+08	-1.474780e+08	1.286902e+04	1.475037e+08	2.949906e+08	4.424694e+08	5.899361e+08	7.373869e+08	8.848176e+08	1.032224e+09	
-9.153748e+08	-7.846555e+08	-6.539129e+08	-5.231508e+08	-3.923731e+08	-2.615836e+08	-1.307864e+08	1.480220e+04	1.308160e+08	2.616132e+08	3.924027e+08	5.231804e+08	6.539425e+08	7.846851e+08	9.154044e+08	
-8.016715e+08	-6.871936e+08	-5.726932e+08	-4.581739e+08	-3.436395e+08	-2.290938e+08	-1.145404e+08	1.664454e+04	1.145737e+08	2.291270e+08	3.436728e+08	4.582072e+08	5.727265e+08	6.872269e+08	8.017048e+08	
-6.913634e+08	-5.926417e+08	-4.938983e+08	-3.951367e+08	-2.963607e+08	-1.975737e+08	-9.877948e+07	1.839123e+04	9.881626e+07	1.976105e+08	2.963975e+08	3.951735e+08	4.939351e+08	5.926785e+08	6.914002e+08	
-5.847081e+08	-5.012205e+08	-4.177122e+08	-3.341865e+08	-2.506470e+08	-1.670971e+08	-8.354029e+07	2.003787e+04	8.358036e+07	1.671372e+08	2.506871e+08	3.342266e+08	4.177523e+08	5.012606e+08	5.847482e+08	
-4.819458e+08	-4.131359e+08	-3.443064e+08	-2.754605e+08	-2.066015e+08	-1.377326e+08	-6.885717e+07	2.158044e+04	6.890033e+07	1.377758e+08	2.066447e+08	2.755037e+08	3.443496e+08	4.131791e+08	4.819890e+08	
-3.832982e+08	-3.285780e+08	-2.738394e+08	-2.190855e+08	-1.643192e+08	-1.095436e+08	-5.476183e+07	2.301535e+04	5.480786e+07	1.095896e+08	1.643652e+08	2.191315e+08	2.738855e+08	3.286241e+08	3.833442e+08	
-2.889682e+08	-2.477207e+08	-2.064562e+08	-1.651773e+08	-1.238869e+08	-8.258796e+07	-4.128325e+07	2.433944e+04	4.133193e+07	8.263664e+07	1.239356e+08	1.652260e+08	2.065049e+08	2.477694e+08	2.890169e+08	
-1.991394e+08	-1.707215e+08	-1.422878e+08	-1.138410e+08	-8.538359e+07	-5.691828e+07	-2.844769e+07	2.554998e+04	2.849879e+07	5.696938e+07	8.543469e+07	1.138921e+08	1.423389e+08	1.707726e+08	1.991905e+08	
-1.139759e+08	-9.772087e+07	-8.145153e+07	-6.517026e+07	-4.887942e+07	-3.258139e+07	-1.627857e+07	2.664471e+04	1.633186e+07	3.263468e+07	4.893271e+07	6.522355e+07	8.150483e+07	9.777417e+07	1.140292e+08	
-3.362161e+07	-2.884228e+07	-2.405020e+07	-1.924745e+07	-1.443617e+07	-9.618472e+06	-4.796495e+06	2.762176e+04	4.851739e+06	9.673716e+06	1.449141e+07	1.930270e+07	2.410545e+07	2.889754e+07	3.367687e+07	
4.179968e+07	3.580814e+07	2.982776e+07	2.385669e+07	1.789309e+07	1.193510e+07	5.980855e+06	2.847978e+04	-5.923895e+06	-1.187814e+07	-1.783613e+07	-2.379973e+07	-2.977079e+07	-3.575118e+07	-4.174271e+07	
1.121846e+08	9.614176e+07	8.010844e+07	6.408305e+07	4.806402e+07	3.204976e+07	1.603869e+07	2.921781e+04	-1.598026e+07	-3.199133e+07	-4.800558e+07	-6.402461e+07	-8.005000e+07	-9.608332e+07	-1.121261e+08	
1.774501e+08	1.520875e+08	1.267326e+08	1.013842e+08	7.604103e+07	5.070179e+07	2.536516e+07	2.983539e+04	-2.530549e+07	-5.064212e+07	-7.598136e+07	-1.013245e+08	-1.266729e+08	-1.520278e+08	-1.773904e+08	
2.375338e+08	2.035916e+08	1.696555e+08	1.357244e+08	1.017973e+08	6.787330e+07	3.395131e+07	3.033246e+04	-3.389064e+07	-6.781263e+07	-1.017367e+08	-1.356637e+08	-1.695948e+08	-2.035310e+08	-2.374732e+08	
2.923936e+08	2.506182e+08	2.088471e+08	1.670795e+08	1.253148e+08	8.355224e+07	4.179112e+07	3.070945e+04	-4.172970e+07	-8.349082e+07	-1.252534e+08	-1.670181e+08	-2.087857e+08	-2.505568e+08	-2.923322e+08	
3.420075e+08	2.931484e+08	2.442917e+08	1.954370e+08	1.465841e+08	9.773234e+07	4.888144e+07	3.096720e+04	-4.881951e+07	-9.767040e+07	-1.465221e+08	-1.953751e+08	-2.442297e+08	-2.930864e+08	-3.419456e+08	
3.863737e+08	3.311805e+08	2.759879e+08	2.207959e+08	1.656043e+08	1.104130e+08	5.522201e+07	3.110698e+04	-5.515979e+07	-1.103508e+08	-1.655421e+08	-2.207336e+08	-2.759257e+08	-3.311183e+08	-3.863115e+08	
4.255101e+08	3.647298e+08	3.039485e+08	2.431661e+08	1.823830e+08	1.215994e+08	6.081535e+07	3.113051e+04	-6.075309e+07	-1.215371e+08	-1.823208e+08	-2.431039e+08	-3.038862e+08	-3.646676e+08	-4.254478e+08	
4.594537e+08	3.938283e+08	3.281999e+08	2.625691e+08	1.969363e+08	1.313020e+08	6.566676e+07	3.103988e+04	-6.560468e+07	-1.312399e+08	-1.968742e+08	-2.625070e+08	-3.281378e+08	-3.937662e+08	-4.593917e+08	
4.882608e+08	4.185239e+08	3.487822e+08	2.790366e+08	2.092879e+08	1.395369e+08	6.978425e+07	3.083763e+04	-6.972257e+07	-1.394752e+08	-2.092263e+08	-2.789750e+08	-3.487205e+08	-4.184622e+08	-4.881991e+08	
5.120057e+08	4.388804e+08	3.657486e+08	2.926114e+08	2.194699e+08	1.463253e+08	7.317843e+07	3.052664e+04	-7.311738e+07	-1.462642e+08	-2.194089e+08	-2.925504e+08	-3.656875e+08	-4.388193e+08	-5.119447e+08	
5.307807e+08	4.549769e+08	3.791649e+08	3.033461e+08	2.275218e+08	1.516935e+08	7.586249e+07	3.011020e+04	-7.580227e+07	-1.516333e+08	-2.274616e+08	-3.032858e+08	-3.791047e+08	-4.549167e+08	-5.307205e+08	
5.446954e+08	4.669072e+08	3.891093e+08	3.113031e+08	2.334905e+08	1.556729e+08	7.785206e+07	2.959192e+04	-7.779287e+07	-1.556137e+08	-2.334313e+08	-3.112439e+08	-3.890501e+08	-4.668481e+08	-5.446363e+08	
5.538758e+08	4.747794e+08	3.956717e+08	3.165546e+08	2.374298e+08	1.582993e+08	7.916511e+07	2.897578e+04	-7.910716e+07	-1.582414e+08	-2.373718e+08	-3.164966e+08	-3.956138e+08	-4.747215e+08	-5.538178e+08	
5.584635e+08	4.787149e+08	3.989535e+08	3.191813e+08	2.394006e+08	1.596134e+08	7.982190e+07	2.826606e+04	-7.976537e+07	-1.595569e+08	-2.393440e+08	-3.191248e+08	-3.988970e+08	-4.786584e+08	-5.584070e+08	
5.586152e+08	4.788479e+08	3.990664e+08	3.192729e+08	2.394699e+08	1.596597e+08	7.984479e+07	2.746734e+04	-7.978986e+07	-1.596048e+08	-2.394150e+08	-3.192180e+08	-3.990115e+08	-4.787930e+08	-5.585603e+08	
5.545018e+08	4.753249e+08	3.961324e+08	3.169269e+08	2.377110e+08	1.584872e+08	7.925818e+07	2.658451e+04	-7.920502e+07	-1.584340e+08	-2.376578e+08	-3.168737e+08	-3.960793e+08	-4.752718e+08	-5.544487e+08	
5.463073e+08	4.683036e+08	3.902830e+08	3.122484e+08	2.342026e+08	1.561483e+08	7.808835e+07	2.562268e+04	-7.803711e+07	-1.560970e+08	-2.341513e+08	-3.121972e+08	-3.902318e+08	-4.682524e+08	-5.462561e+08	
5.342278e+08	4.579521e+08	3.816583e+08	3.053495e+08	2.290288e+08	1.526991e+08	7.636333e+07	2.458721e+04	-7.631415e+07	-1.526499e+08	-2.289796e+08	-3.053004e+08	-3.816091e+08	-4.579029e+08	-5.341787e+08	
5.184711e+08	4.444483e+08	3.704065e+08	2.963489e+08	2.222786e+08	1.481989e+08	7.411276e+07	2.348368e+04	-7.406579e+07	-1.481519e+08	-2.222317e+08	-2.963019e+08	-3.703595e+08	-4.444013e+08	-5.184242e+08	
4.992548e+08	4.279789e+08	3.566832e+08	2.853709e+08	2.140454e+08	1.427099e+08	7.136775e+07	2.231785e+04	-7.132312e+07	-1.426652e+08	-2.140007e+08	-2.853263e+08	-3.566386e+08	-4.279343e+08	-4.992103e+08	
4.768062e+08	4.087387e+08	3.406506e+08	2.725453e+08	2.044263e+08	1.362970e+08	6.816075e+07	2.109565e+04	-6.811856e+07	-1.362548e+08	-2.043841e+08	-2.725031e+08	-3.406084e+08	-4.086965e+08	-4.767641e+08	
4.513604e+08	3.869292e+08	3.224767e+08	2.580066e+08	1.935223e+08	1.290274e+08	6.452537e+07	1.982313e+04	-6.448572e+07	-1.289877e+08	-1.934827e+08	-2.579670e+08	-3.224371e+08	-3.868896e+08	-4.513208e+08	
4.231599e+08	3.627581e+08	3.023347e+08	2.418932e+08	1.814372e+08	1.209703e+08	6.049622e+07	1.850649e+04	-6.045921e+07	-1.209333e+08	-1.814002e+08	-2.418562e+08	-3.022977e+08	-3.627212e+08	-4.231230e+08	
3.924530e+08	3.364384e+08	2.804019e+08	2.243470e+08	1.682774e+08	1.121967e+08	5.610879e+07	1.715199e+04	-5.607448e+07	-1.121624e+08	-1.682431e+08	-2.243127e+08	-2.803676e+08	-3.364042e+08	-3.924188e+08	
3.594930e+08	3.081872e+08	2.568592e+08	2.055127e+08	1.541514e+08	1.027790e+08	5.139925e+07	1.576596e+04	-5.136772e+07	-1.027475e+08	-1.541199e+08	-2.054812e+08	-2.568277e+08	-3.081557e+08	-3.594615e+08	
3.245369e+08	2.782246e+08	2.318902e+08	1.855372e+08	1.391695e+08	9.279061e+07	4.640434e+07	1.435477e+04	-4.637563e+07	-9.276190e+07	-1.391408e+08	-1.855085e+08	-2.318615e+08	-2.781960e+08	-3.245083e+08	
2.878444e+08	2.467734e+08	2.056804e+08	1.645690e+08	1.234428e+08	8.230566e+07	4.116113e+07	1.292479e+04	-4.113529e+07	-8.227982e+07	-1.234170e+08	-1.645431e+08	-2.056545e+08	-2.467476e+08	-2.878186e+08	
2.496768e+08	2.140574e+08	1.784163e+08	1.427571e+08	1.070834e+08	7.139883e+07	3.570697e+07	1.148239e+04	-3.568401e+07	-7.137587e+07	-1.070605e+08	-1.427342e+08	-1.783934e+08	-2.140345e+08	-2.496538e+08	
2.102955e+08	1.803008e+08	1.502849e+08	1.202512e+08	9.020338e+07	6.014486e+07	3.007922e+07	1.003390e+04	-3.005916e+07	-6.012479e+07	-9.018332e+07	-1.202312e+08	-1.502649e+08	-1.802808e+08	-2.102755e+08	
1.699616e+08	1.457274e+08	1.214725e+08	9.720042e+07	7.291454e+07	4.861831e+07	2.431517e+07	8.585570e+03	-2.429800e+07	-4.860114e+07	-7.289738e+07	-9.718327e+07	-1.214554e+08	-1.457103e+08	-1.699445e+08	
1.289343e+08	1.105592e+08	9.216428e+07	7.375276e+07	5.532798e+07	3.689324e+07	1.845185e+07	7.143574e+03	-1.843757e+07	-3.687895e+07	-5.531370e+07	-7.373849e+07	-9.215002e+07	-1.105450e+08	-1.289201e+08	
8.746982e+07	7.501602e+07	6.254328e+07	5.005474e+07	3.755356e+07	2.504289e+07	1.252589e+07	5.713967e+03	-1.251446e+07	-2.503147e+07	-3.754214e+07	-5.004333e+07	-6.253187e+07	-7.500462e+07	-8.745844e+07	
4.582065e+07	3.931417e+07	3.278984e+07	2.625062e+07	1.969949e+07	1.313940e+07	6.573344e+06	4.302669e+03	-6.564739e+06	-1.313080e+07	-1.969089e+07	-2.624203e+07	-3.278126e+07	-3.930560e+07	-4.581209e+07	
4.234302e+06	3.665851e+06	3.080789e+06	2.481867e+06	1.871849e+06	1.253501e+06	6.295980e+05	2.915437e+03	-6.237681e+05	-1.247674e+06	-1.866027e+06	-2.476052e+06	-3.074982e+06	-3.660055e+06	-4.228518e+06	
-3.704757e+07	-3.172180e+07	-2.641126e+07	-2.111343e+07	-1.582577e+07	-1.054575e+07	-5.270820e+06	1.557849e+03	5.273935e+06	1.054886e+07	1.582887e+07	2.111653e+07	2.641435e+07	3.172488e+07	3.705064e+07	
-7.779018e+07	-6.664752e+07	-5.551857e+07	-4.440106e+07	-3.329271e+07	-2.219124e+07	-1.109436e+07	2.352784e+02	1.109483e+07	2.219171e+07	3.329318e+07	4.440152e+07	5.551902e+07	6.664795e+07	7.779060e+07	
-1.177665e+08	-1.009167e+08	-8.407894e+07	-6.725127e+07	-5.043166e+07	-3.361810e+07	-1.680856e+07	-1.047122e+03	1.680647e+07	3.361600e+07	5.042956e+07	6.724917e+07	8.407683e+07	1.009145e+08	1.177643e+08	
-1.567580e+08	-1.343420e+08	-1.119363e+08	-8.953922e+07	-6.714897e+07	-4.476388e+07	-2.238222e+07	-2.284444e+03	2.237765e+07	4.475931e+07	6.714440e+07	8.953464e+07	1.119317e+08	1.343374e+08	1.567534e+08	
-1.945558e+08	-1.667444e+08	-1.389414e+08	-1.111455e+08	-8.335505e+07	-5.556886e+07	-2.778546e+07	-3.472038e+03	2.777852e+07	5.556191e+07	8.334810e+07	1.111385e+08	1.389345e+08	1.667375e+08	1.945488e+08	
-2.309611e+08	-1.979535e+08	-1.649523e+08	-1.319564e+08	-9.896469e+07	-6.597622e+07	-3.298988e+07	-4.605531e+03	3.298067e+07	6.596701e+07	9.895548e+07	1.319471e+08	1.649430e+08	1.979443e+08	2.309519e+08	
-2.657861e+08	-2.278082e+08	-1.898346e+08	-1.518646e+08	-1.138974e+08	-7.593228e+07	-3.796863e+07	-5.680843e+03	3.795726e+07	7.592092e+07	1.138860e+08	1.518532e+08	1.898233e+08	2.277969e+08	2.657747e+08	
-2.988546e+08	-2.561576e+08	-2.134626e+08	-1.707694e+08	-1.280775e+08	-8.538667e+07	-4.269651e+07	-6.694198e+03	4.268312e+07	8.537328e+07	1.280641e+08	1.707560e+08	2.134492e+08	2.561442e+08	2.988412e+08	
-3.300026e+08	-2.828610e+08	-2.357191e+08	-1.885771e+08	-1.414348e+08	-9.429251e+07	-4.715009e+07	-7.642141e+03	4.713481e+07	9.427722e+07	1.414196e+08	1.885618e+08	2.357038e+08	2.828457e+08	3.299873e+08	
-3.590790e+08	-3.077888e+08	-2.564960e+08	-2.052011e+08	-1.539045e+08	-1.026066e+08	-5.130776e+07	-8.521549e+03	5.129072e+07	1.025895e+08	1.538875e+08	2.051841e+08	2.564790e+08	3.077717e+08	3.590619e+08	
-3.859457e+08	-3.308228e+08	-2.756949e+08	-2.205628e+08	-1.654274e+08	-1.102894e+08	-5.514979e+07	-9.329636e+03	5.513113e+07	1.102707e+08	1.654087e+08	2.205441e+08	2.756762e+08	3.308041e+08	3.859271e+08	
-4.104787e+08	-3.518565e+08	-2.932269e+08	-2.345910e+08	-1.759501e+08	-1.173055e+08	-5.865842e+07	-1.006397e+04	5.863829e+07	1.172854e+08	1.759300e+08	2.345709e+08	2.932067e+08	3.518364e+08	4.104586e+08	
-4.325678e+08	-3.707955e+08	-3.090133e+08	-2.472228e+08	-1.854256e+08	-1.236234e+08	-6.181790e+07	-1.072246e+04	6.179646e+07	1.236020e+08	1.854041e+08	2.472013e+08	3.089919e+08	3.707741e+08	4.325464e+08	
-4.521173e+08	-3.875577e+08	-3.229858e+08	-2.584034e+08	-1.938127e+08	-1.292157e+08	-6.461454e+07	-1.130341e+04	6.459194e+07	1.291931e+08	1.937901e+08	2.583808e+08	3.229632e+08	3.875351e+08	4.520947e+08	
-4.690460e+08	-4.020736e+08	-3.350863e+08	-2.680864e+08	-2.010766e+08	-1.340592e+08	-6.703674e+07	-1.180545e+04	6.701313e+07	1.340355e+08	2.010529e+08	2.680628e+08	3.350627e+08	4.020500e+08	4.690224e+08	
-4.832876e+08	-4.142863e+08	-3.452674e+08	-2.762340e+08	-2.071888e+08	-1.381348e+08	-6.907499e+07	-1.222761e+04	6.905054e+07	1.381104e+08	2.071643e+08	2.762095e+08	3.452430e+08	4.142618e+08	4.832632e+08	
-4.947908e+08	-4.241517e+08	-3.534925e+08	-2.828166e+08	-2.121273e+08	-1.414280e+08	-7.072195e+07	-1.256926e+04	7.069681e+07	1.414028e+08	2.121022e+08	2.827914e+08	3.534673e+08	4.241265e+08	4.947657e+08	
-5.035191e+08	-4.316384e+08	-3.597353e+08	-2.878134e+08	-2.158764e+08	-1.439282e+08	-7.197238e+07	-1.283016e+04	7.194672e+07	1.439025e+08	2.158507e+08	2.877877e+08	3.597096e+08	4.316128e+08	5.034935e+08	
-5.094510e+08	-4.367282e+08	-3.639805e+08	-2.912120e+08	-2.184268e+08	-1.456292e+08	-7.282318e+07	-1.301043e+04	7.279716e+07	1.456032e+08	2.184008e+08	2.911860e+08	3.639545e+08	4.367022e+08	5.094250e+08	
-5.125797e+08	-4.394151e+08	-3.662232e+08	-2.930086e+08	-2.197757e+08	-1.465291e+08	-7.327340e+07	-1.311056e+04	7.324717e+07	1.465029e+08	2.197495e+08	2.929824e+08	3.661970e+08	4.393889e+08	5.125535e+08	
-5.129133e+08	-4.397060e+08	-3.664692e+08	-2.932076e+08	-2.199263e+08	-1.466302e+08	-7.332414e+07	-1.313137e+04	7.329788e+07	1.466039e+08	2.199001e+08	2.931814e+08	3.664429e+08	4.396798e+08	5.128871e+08	
-5.104742e+08	-4.376201e+08	-3.647343e+08	-2.918220e+08	-2.188884e+08	-1.459388e+08	-7.297860e+07	-1.307406e+04	7.295245e+07	1.459127e+08	2.188622e+08	2.917958e+08	3.647082e+08	4.375940e+08	5.104481e+08	
-5.052991e+08	-4.331888e+08	-3.610448e+08	-2.888724e+08	-2.166774e+08	-1.444654e+08	-7.224200e+07	-1.294015e+04	7.221612e+07	1.444395e+08	2.166515e+08	2.888465e+08	3.610189e+08	4.331630e+08	5.052732e+08	
-4.974383e+08	-4.264554e+08	-3.554366e+08	-2.843878e+08	-2.133151e+08	-1.422243e+08	-7.112154e+07	-1.273152e+04	7.109607e+07	1.421989e+08	2.132896e+08	2.843624e+08	3.554111e+08	4.264299e+08	4.974129e+08	
-4.869559e+08	-4.174745e+08	-3.479553e+08	-2.784047e+08	-2.088287e+08	-1.392339e+08	-6.962632e+07	-1.245034e+04	6.960142e+07	1.392090e+08	2.088039e+08	2.783798e+08	3.479304e+08	4.174496e+08	4.869310e+08	
-4.739288e+08	-4.063121e+08	-3.386560e+08	-2.709668e+08	-2.032513e+08	-1.355159e+08	-6.776733e+07	-1.209910e+04	6.774314e+07	1.354918e+08	2.032271e+08	2.709427e+08	3.386318e+08	4.062879e+08	4.739046e+08	
-4.584463e+08	-3.930448e+08	-3.276023e+08	-2.621254e+08	-1.966211e+08	-1.310961e+08	-6.555733e+07	-1.168060e+04	6.553397e+07	1.310727e+08	1.965977e+08	2.621021e+08	3.275789e+08	3.930215e+08	4.584229e+08	
-4.406098e+08	-3.777594e+08	-3.148666e+08	-2.519382e+08	-1.889814e+08	-1.260032e+08	-6.301078e+07	-1.119791e+04	6.298838e+07	1.259808e+08	1.889590e+08	2.519158e+08	3.148442e+08	3.777371e+08	4.405874e+08	
-4.205319e+08	-3.605525e+08	-3.005293e+08	-2.404696e+08	-1.803806e+08	-1.202695e+08	-6.014375e+07	-1.065436e+04	6.012244e+07	1.202482e+08	1.803592e+08	2.404483e+08	3.005080e+08	3.605312e+08	4.205106e+08	
-3.983358e+08	-3.415296e+08	-2.846785e+08	-2.277900e+08	-1.708713e+08	-1.139301e+08	-5.697385e+07	-1.005353e+04	5.695375e+07	1.139100e+08	1.708512e+08	2.277699e+08	2.846585e+08	3.415096e+08	3.983158e+08	
-3.741549e+08	-3.208050e+08	-2.674094e+08	-2.139754e+08	-1.605108e+08	-1.070231e+08	-5.352011e+07	-9.399235e+03	5.350132e+07	1.070043e+08	1.604920e+08	2.139566e+08	2.673906e+08	3.207863e+08	3.741362e+08	
-3.481316e+08	-2.985008e+08	-2.488235e+08	-1.991073e+08	-1.493600e+08	-9.958924e+07	-4.980287e+07	-8.695508e+03	4.978548e+07	9.957185e+07	1.493426e+08	1.990900e+08	2.488061e+08	2.984835e+08	3.481143e+08	
-3.204168e+08	-2.747463e+08	-2.290288e+08	-1.832719e+08	-1.374836e+08	-9.167153e+07	-4.584369e+07	-7.946562e+03	4.582780e+07	9.165564e+07	1.374677e+08	1.832561e+08	2.290129e+08	2.747305e+08	3.204009e+08	
-2.911689e+08	-2.496774e+08	-2.081384e+08	-1.665598e+08	-1.249495e+08	-8.331528e+07	-4.166520e+07	-7.156787e+03	4.165089e+07	8.330097e+07	1.249351e+08	1.665455e+08	2.081241e+08	2.496631e+08	2.911547e+08	
-2.605534e+08	-2.234357e+08	-1.862703e+08	-1.490653e+08	-1.118285e+08	-7.456774e+07	-3.729103e+07	-6.330725e+03	3.727836e+07	7.455508e+07	1.118158e+08	1.490527e+08	1.862577e+08	2.234230e+08	2.605408e+08	
-2.287415e+08	-1.961680e+08	-1.635470e+08	-1.308864e+08	-9.819406e+07	-6.547781e+07	-3.274563e+07	-5.473047e+03	3.273468e+07	6.546687e+07	9.818313e+07	1.308755e+08	1.635361e+08	1.961571e+08	2.287306e+08	
-1.959095e+08	-1.680255e+08	-1.400944e+08	-1.121239e+08	-8.412174e+07	-5.609589e+07	-2.805420e+07	-4.588529e+03	2.804502e+07	5.608671e+07	8.411257e+07	1.121147e+08	1.400852e+08	1.680164e+08	1.959004e+08	
