3.453450e-08	7.991025e-08	1.224799e-07	1.625022e-07	2.006463e-07	2.377132e-07	2.744972e-07	3.117129e-07	3.499432e-07	3.895821e-07	4.307443e-07	4.731124e-07	5.156713e-07	5.562472e-07	5.907031e-07	
-2.366907e+08	-2.041397e+08	-1.763265e+08	-1.526057e+08	-1.324266e+08	-1.153211e+08	-1.008921e+08	-8.880471e+07	-7.877837e+07	-7.058040e+07	-6.402053e+07	-5.894652e+07	-5.524059e+07	-5.281675e+07	-5.161873e+07	
-4.727732e+08	-4.077547e+08	-3.521998e+08	-3.048191e+08	-2.645130e+08	-2.303459e+08	-2.015250e+08	-1.773812e+08	-1.573543e+08	-1.409794e+08	-1.278765e+08	-1.177415e+08	-1.103392e+08	-1.054978e+08	-1.031048e+08	
-7.076411e+08	-6.103222e+08	-5.271683e+08	-4.562495e+08	-3.959197e+08	-3.447789e+08	-3.016401e+08	-2.655020e+08	-2.355260e+08	-2.110162e+08	-1.914040e+08	-1.762341e+08	-1.651544e+08	-1.579077e+08	-1.543260e+08	
-9.406923e+08	-8.113229e+08	-7.007835e+08	-6.065086e+08	-5.263101e+08	-4.583268e+08	-4.009808e+08	-3.529412e+08	-3.130930e+08	-2.805114e+08	-2.544401e+08	-2.342742e+08	-2.195456e+08	-2.099123e+08	-2.051510e+08	
-1.171331e+09	-1.010243e+09	-8.726013e+08	-7.552121e+08	-6.553506e+08	-5.706992e+08	-4.992931e+08	-4.394752e+08	-3.898570e+08	-3.492870e+08	-3.168237e+08	-2.917135e+08	-2.733736e+08	-2.613786e+08	-2.554498e+08	
-1.398969e+09	-1.206575e+09	-1.042184e+09	-9.019811e+08	-7.827124e+08	-6.816097e+08	-5.963265e+08	-5.248834e+08	-4.656224e+08	-4.171680e+08	-3.783956e+08	-3.484055e+08	-3.265015e+08	-3.121753e+08	-3.050943e+08	
-1.623029e+09	-1.399821e+09	-1.209101e+09	-1.046443e+09	-9.080723e+08	-7.907769e+08	-6.918346e+08	-6.089492e+08	-5.401968e+08	-4.839819e+08	-4.389998e+08	-4.042064e+08	-3.787942e+08	-3.621735e+08	-3.539585e+08	
-1.842945e+09	-1.589493e+09	-1.372931e+09	-1.188234e+09	-1.031114e+09	-8.979252e+08	-7.855765e+08	-6.914603e+08	-6.133921e+08	-5.495603e+08	-4.984831e+08	-4.589753e+08	-4.301199e+08	-4.112471e+08	-4.019190e+08	
-2.058167e+09	-1.775116e+09	-1.533263e+09	-1.326997e+09	-1.151528e+09	-1.002786e+09	-8.773169e+08	-7.722097e+08	-6.850247e+08	-6.137385e+08	-5.566965e+08	-5.125749e+08	-4.803497e+08	-4.592730e+08	-4.488555e+08	
-2.268157e+09	-1.956227e+09	-1.689699e+09	-1.462387e+09	-1.269016e+09	-1.105098e+09	-9.668276e+08	-8.509965e+08	-7.549162e+08	-6.763568e+08	-6.134950e+08	-5.648718e+08	-5.293587e+08	-5.061315e+08	-4.946512e+08	
-2.472398e+09	-2.132379e+09	-1.841851e+09	-1.594071e+09	-1.383287e+09	-1.204609e+09	-1.053888e+09	-9.276262e+08	-8.228942e+08	-7.372608e+08	-6.687384e+08	-6.157369e+08	-5.770259e+08	-5.517072e+08	-5.391931e+08	
-2.670390e+09	-2.303143e+09	-1.989349e+09	-1.721726e+09	-1.494063e+09	-1.301075e+09	-1.138284e+09	-1.001912e+09	-8.887927e+08	-7.963016e+08	-7.222919e+08	-6.650459e+08	-6.232349e+08	-5.958886e+08	-5.823723e+08	
-2.861657e+09	-2.468106e+09	-2.131836e+09	-1.845045e+09	-1.601075e+09	-1.394265e+09	-1.219814e+09	-1.073674e+09	-9.524526e+08	-8.533368e+08	-7.740261e+08	-7.126799e+08	-6.678742e+08	-6.385692e+08	-6.240848e+08	
-3.045743e+09	-2.626875e+09	-2.268974e+09	-1.963734e+09	-1.704070e+09	-1.483956e+09	-1.298283e+09	-1.142742e+09	-1.013722e+09	-9.082306e+08	-8.238180e+08	-7.585254e+08	-7.108375e+08	-6.796474e+08	-6.642312e+08	
-3.222216e+09	-2.779079e+09	-2.400441e+09	-2.077514e+09	-1.802805e+09	-1.569937e+09	-1.373506e+09	-1.208953e+09	-1.072458e+09	-9.608543e+08	-8.715508e+08	-8.024751e+08	-7.520241e+08	-7.190268e+08	-7.027174e+08	
-3.390671e+09	-2.924367e+09	-2.525934e+09	-2.186125e+09	-1.897054e+09	-1.652013e+09	-1.445312e+09	-1.272156e+09	-1.128526e+09	-1.011087e+09	-9.171147e+08	-8.444278e+08	-7.913393e+08	-7.566169e+08	-7.394549e+08	
-3.550728e+09	-3.062412e+09	-2.645171e+09	-2.289321e+09	-1.986605e+09	-1.729996e+09	-1.513538e+09	-1.332208e+09	-1.181798e+09	-1.058815e+09	-9.604072e+08	-8.842891e+08	-8.286945e+08	-7.923331e+08	-7.743609e+08	
-3.702036e+09	-3.192911e+09	-2.757890e+09	-2.386877e+09	-2.071261e+09	-1.803717e+09	-1.578035e+09	-1.388978e+09	-1.232158e+09	-1.103935e+09	-1.001333e+09	-9.219715e+08	-8.640078e+08	-8.260969e+08	-8.073589e+08	
-3.844272e+09	-3.315586e+09	-2.863851e+09	-2.478583e+09	-2.150841e+09	-1.873017e+09	-1.638665e+09	-1.442344e+09	-1.279499e+09	-1.146349e+09	-1.039805e+09	-9.573946e+08	-8.972039e+08	-8.578364e+08	-8.383784e+08	
-3.977144e+09	-3.430184e+09	-2.962835e+09	-2.564251e+09	-2.225181e+09	-1.937755e+09	-1.695303e+09	-1.492196e+09	-1.323723e+09	-1.185971e+09	-1.075745e+09	-9.904855e+08	-9.282144e+08	-8.874862e+08	-8.673558e+08	
-4.100389e+09	-3.536480e+09	-3.054649e+09	-2.643713e+09	-2.294136e+09	-1.997803e+09	-1.747837e+09	-1.538437e+09	-1.364743e+09	-1.222722e+09	-1.109080e+09	-1.021179e+09	-9.569783e+08	-9.149880e+08	-8.942337e+08	
-4.213777e+09	-3.634275e+09	-3.139120e+09	-2.716820e+09	-2.357576e+09	-2.053049e+09	-1.796171e+09	-1.580980e+09	-1.402482e+09	-1.256535e+09	-1.139750e+09	-1.049418e+09	-9.834417e+08	-9.402903e+08	-9.189621e+08	
-4.317111e+09	-3.723397e+09	-3.216099e+09	-2.783444e+09	-2.415390e+09	-2.103395e+09	-1.840218e+09	-1.619750e+09	-1.436875e+09	-1.287348e+09	-1.167700e+09	-1.075153e+09	-1.007558e+09	-9.633488e+08	-9.414976e+08	
-4.410224e+09	-3.803705e+09	-3.285465e+09	-2.843479e+09	-2.467486e+09	-2.148762e+09	-1.879908e+09	-1.654685e+09	-1.467866e+09	-1.315114e+09	-1.192885e+09	-1.098342e+09	-1.029290e+09	-9.841266e+08	-9.618041e+08	
-4.492983e+09	-3.875082e+09	-3.347118e+09	-2.896838e+09	-2.513790e+09	-2.189084e+09	-1.915185e+09	-1.685736e+09	-1.495411e+09	-1.339793e+09	-1.215270e+09	-1.118953e+09	-1.048605e+09	-1.002594e+09	-9.798527e+08	
-4.565290e+09	-3.937445e+09	-3.400984e+09	-2.943457e+09	-2.554244e+09	-2.224313e+09	-1.946007e+09	-1.712865e+09	-1.519477e+09	-1.361354e+09	-1.234828e+09	-1.136960e+09	-1.065480e+09	-1.018729e+09	-9.956217e+08	
-4.627077e+09	-3.990735e+09	-3.447013e+09	-2.983294e+09	-2.588814e+09	-2.254418e+09	-1.972344e+09	-1.736047e+09	-1.540042e+09	-1.379779e+09	-1.251540e+09	-1.152348e+09	-1.079901e+09	-1.032517e+09	-1.009097e+09	
-4.678312e+09	-4.034924e+09	-3.485182e+09	-3.016328e+09	-2.617480e+09	-2.279381e+09	-1.994184e+09	-1.755270e+09	-1.557094e+09	-1.395057e+09	-1.265398e+09	-1.165108e+09	-1.091858e+09	-1.043950e+09	-1.020270e+09	
-4.718996e+09	-4.070013e+09	-3.515490e+09	-3.042559e+09	-2.640242e+09	-2.299203e+09	-2.011526e+09	-1.770534e+09	-1.570635e+09	-1.407189e+09	-1.276402e+09	-1.175240e+09	-1.101353e+09	-1.053028e+09	-1.029143e+09	
-4.749162e+09	-4.096030e+09	-3.537963e+09	-3.062008e+09	-2.657119e+09	-2.313900e+09	-2.024384e+09	-1.781852e+09	-1.580675e+09	-1.416184e+09	-1.284562e+09	-1.182752e+09	-1.108394e+09	-1.059760e+09	-1.035721e+09	
-4.768876e+09	-4.113032e+09	-3.552649e+09	-3.074718e+09	-2.668149e+09	-2.323505e+09	-2.032787e+09	-1.789249e+09	-1.587237e+09	-1.422063e+09	-1.289894e+09	-1.187662e+09	-1.112995e+09	-1.064159e+09	-1.040021e+09	
-4.778236e+09	-4.121105e+09	-3.559621e+09	-3.080753e+09	-2.673386e+09	-2.328066e+09	-2.036777e+09	-1.792761e+09	-1.590352e+09	-1.424854e+09	-1.292426e+09	-1.189993e+09	-1.115179e+09	-1.066247e+09	-1.042062e+09	
-4.777372e+09	-4.120360e+09	-3.558978e+09	-3.080196e+09	-2.672903e+09	-2.327645e+09	-2.036409e+09	-1.792436e+09	-1.590064e+09	-1.424596e+09	-1.292192e+09	-1.189778e+09	-1.114977e+09	-1.066054e+09	-1.041874e+09	
-4.766444e+09	-4.110935e+09	-3.550837e+09	-3.073151e+09	-2.666789e+09	-2.322320e+09	-2.031751e+09	-1.788336e+09	-1.586427e+09	-1.421338e+09	-1.289236e+09	-1.187056e+09	-1.112427e+09	-1.063616e+09	-1.039490e+09	
-4.745644e+09	-4.092996e+09	-3.535342e+09	-3.059740e+09	-2.655151e+09	-2.312186e+09	-2.022885e+09	-1.780532e+09	-1.579504e+09	-1.415135e+09	-1.283610e+09	-1.181876e+09	-1.107573e+09	-1.058974e+09	-1.034954e+09	
-4.715190e+09	-4.066730e+09	-3.512655e+09	-3.040105e+09	-2.638113e+09	-2.297349e+09	-2.009904e+09	-1.769106e+09	-1.569369e+09	-1.406054e+09	-1.275373e+09	-1.174292e+09	-1.100465e+09	-1.052179e+09	-1.028313e+09	
-4.675332e+09	-4.032353e+09	-3.482962e+09	-3.014406e+09	-2.615812e+09	-2.277928e+09	-1.992913e+09	-1.754152e+09	-1.556102e+09	-1.394169e+09	-1.264592e+09	-1.164365e+09	-1.091163e+09	-1.043285e+09	-1.019620e+09	
-4.626343e+09	-3.990101e+09	-3.446466e+09	-2.982820e+09	-2.588403e+09	-2.254060e+09	-1.972031e+09	-1.735771e+09	-1.539797e+09	-1.379560e+09	-1.251341e+09	-1.152165e+09	-1.079729e+09	-1.032353e+09	-1.008936e+09	
-4.568523e+09	-3.940233e+09	-3.403393e+09	-2.945542e+09	-2.556053e+09	-2.225889e+09	-1.947385e+09	-1.714078e+09	-1.520553e+09	-1.362319e+09	-1.235702e+09	-1.137765e+09	-1.066235e+09	-1.019451e+09	-9.963268e+08	
-4.502198e+09	-3.883030e+09	-3.353983e+09	-2.902779e+09	-2.518945e+09	-2.193574e+09	-1.919113e+09	-1.689193e+09	-1.498478e+09	-1.342541e+09	-1.217762e+09	-1.121247e+09	-1.050755e+09	-1.004650e+09	-9.818623e+08	
-4.427716e+09	-3.818791e+09	-3.298496e+09	-2.854756e+09	-2.477273e+09	-2.157284e+09	-1.887364e+09	-1.661248e+09	-1.473688e+09	-1.320330e+09	-1.197616e+09	-1.102698e+09	-1.033372e+09	-9.880299e+08	-9.656188e+08	
-4.345445e+09	-3.747834e+09	-3.237207e+09	-2.801712e+09	-2.431243e+09	-2.117200e+09	-1.852295e+09	-1.630380e+09	-1.446305e+09	-1.295797e+09	-1.175364e+09	-1.082209e+09	-1.014171e+09	-9.696714e+08	-9.476768e+08	
-4.255775e+09	-3.670496e+09	-3.170406e+09	-2.743898e+09	-2.381073e+09	-2.073511e+09	-1.814072e+09	-1.596737e+09	-1.416460e+09	-1.269058e+09	-1.151110e+09	-1.059877e+09	-9.932434e+08	-9.496619e+08	-9.281211e+08	
-4.159114e+09	-3.587129e+09	-3.098397e+09	-2.681576e+09	-2.326992e+09	-2.026415e+09	-1.772870e+09	-1.560470e+09	-1.384288e+09	-1.240234e+09	-1.124964e+09	-1.035804e+09	-9.706839e+08	-9.280923e+08	-9.070407e+08	
-4.055886e+09	-3.498097e+09	-3.021496e+09	-2.615020e+09	-2.269237e+09	-1.976120e+09	-1.728867e+09	-1.521740e+09	-1.349931e+09	-1.209452e+09	-1.097043e+09	-1.010096e+09	-9.465918e+08	-9.050573e+08	-8.845283e+08	
-3.946531e+09	-3.403781e+09	-2.940030e+09	-2.544514e+09	-2.208053e+09	-1.922840e+09	-1.682254e+09	-1.480711e+09	-1.313534e+09	-1.176842e+09	-1.067465e+09	-9.828615e+08	-9.210697e+08	-8.806550e+08	-8.606795e+08	
-3.831501e+09	-3.304571e+09	-2.854336e+09	-2.470349e+09	-2.143695e+09	-1.866795e+09	-1.633221e+09	-1.437552e+09	-1.275248e+09	-1.142541e+09	-1.036351e+09	-9.542139e+08	-8.942232e+08	-8.549865e+08	-8.355932e+08	
-3.711260e+09	-3.200866e+09	-2.764761e+09	-2.392824e+09	-2.076422e+09	-1.808211e+09	-1.581967e+09	-1.392439e+09	-1.235228e+09	-1.106686e+09	-1.003828e+09	-9.242687e+08	-8.661606e+08	-8.281553e+08	-8.093706e+08	
-3.586283e+09	-3.093077e+09	-2.671658e+09	-2.312246e+09	-2.006498e+09	-1.747319e+09	-1.528694e+09	-1.345548e+09	-1.193632e+09	-1.069418e+09	-9.700243e+08	-8.931440e+08	-8.369927e+08	-8.002671e+08	-7.821150e+08	
-3.457052e+09	-2.981618e+09	-2.575385e+09	-2.228924e+09	-1.934194e+09	-1.684355e+09	-1.473608e+09	-1.297062e+09	-1.150619e+09	-1.030882e+09	-9.350695e+08	-8.609596e+08	-8.068317e+08	-7.714295e+08	-7.539315e+08	
-3.324054e+09	-2.866911e+09	-2.476306e+09	-2.143174e+09	-1.859782e+09	-1.619555e+09	-1.416916e+09	-1.247162e+09	-1.106353e+09	-9.912218e+08	-8.990959e+08	-8.278371e+08	-7.757916e+08	-7.417514e+08	-7.249266e+08	
-3.187780e+09	-2.749378e+09	-2.374787e+09	-2.055312e+09	-1.783539e+09	-1.553159e+09	-1.358828e+09	-1.196033e+09	-1.060997e+09	-9.505856e+08	-8.622364e+08	-7.938990e+08	-7.439871e+08	-7.113425e+08	-6.952074e+08	
-3.048726e+09	-2.629448e+09	-2.271196e+09	-1.965657e+09	-1.705739e+09	-1.485409e+09	-1.299554e+09	-1.143861e+09	-1.014715e+09	-9.091201e+08	-8.246248e+08	-7.592683e+08	-7.115337e+08	-6.803130e+08	-6.648817e+08	
-2.907386e+09	-2.507545e+09	-2.165903e+09	-1.874528e+09	-1.626660e+09	-1.416545e+09	-1.239306e+09	-1.090831e+09	-9.676725e+08	-8.669729e+08	-7.863949e+08	-7.240683e+08	-6.785467e+08	-6.487734e+08	-6.340576e+08	
-2.764253e+09	-2.384097e+09	-2.059274e+09	-1.782244e+09	-1.546578e+09	-1.346807e+09	-1.178294e+09	-1.037128e+09	-9.200332e+08	-8.242911e+08	-7.476800e+08	-6.884218e+08	-6.451413e+08	-6.168338e+08	-6.028424e+08	
-2.619817e+09	-2.259525e+09	-1.951674e+09	-1.689119e+09	-1.465768e+09	-1.276435e+09	-1.116727e+09	-9.829372e+08	-8.719604e+08	-7.812209e+08	-7.086128e+08	-6.524510e+08	-6.114318e+08	-5.846035e+08	-5.713431e+08	
-2.474564e+09	-2.134248e+09	-1.843466e+09	-1.595468e+09	-1.384500e+09	-1.205664e+09	-1.054811e+09	-9.284393e+08	-8.236155e+08	-7.379070e+08	-6.693246e+08	-6.162765e+08	-5.775317e+08	-5.521907e+08	-5.396656e+08	
-2.328973e+09	-2.008679e+09	-1.735005e+09	-1.501598e+09	-1.303042e+09	-1.134729e+09	-9.927511e+08	-8.738142e+08	-7.751578e+08	-6.944920e+08	-6.299446e+08	-5.800177e+08	-5.435524e+08	-5.197024e+08	-5.079142e+08	
-2.183512e+09	-1.883223e+09	-1.626642e+09	-1.407813e+09	-1.221658e+09	-1.063857e+09	-9.307469e+08	-8.192385e+08	-7.267438e+08	-6.511162e+08	-5.906003e+08	-5.437916e+08	-5.096038e+08	-4.872434e+08	-4.761915e+08	
-2.038644e+09	-1.758278e+09	-1.518719e+09	-1.314409e+09	-1.140605e+09	-9.932737e+08	-8.689950e+08	-7.648848e+08	-6.785268e+08	-6.079168e+08	-5.514159e+08	-5.077129e+08	-4.757933e+08	-4.549165e+08	-4.445978e+08	
-1.894815e+09	-1.634229e+09	-1.411572e+09	-1.221676e+09	-1.060134e+09	-9.231973e+08	-8.076865e+08	-7.109214e+08	-6.306561e+08	-5.650276e+08	-5.125130e+08	-4.718932e+08	-4.422256e+08	-4.228216e+08	-4.132310e+08	
-1.752463e+09	-1.511454e+09	-1.305525e+09	-1.129895e+09	-9.804894e+08	-8.538399e+08	-7.470072e+08	-6.575117e+08	-5.832765e+08	-5.225786e+08	-4.740092e+08	-4.364411e+08	-4.090024e+08	-3.910562e+08	-3.821860e+08	
-1.612007e+09	-1.390315e+09	-1.200890e+09	-1.039337e+09	-9.019056e+08	-7.854068e+08	-6.871364e+08	-6.048138e+08	-5.365284e+08	-4.806952e+08	-4.360186e+08	-4.014614e+08	-3.762219e+08	-3.597140e+08	-3.515548e+08	
-1.473854e+09	-1.271161e+09	-1.097971e+09	-9.502629e+08	-8.246099e+08	-7.180953e+08	-6.282470e+08	-5.529797e+08	-4.905465e+08	-4.394984e+08	-3.986506e+08	-3.670551e+08	-3.439786e+08	-3.288856e+08	-3.214256e+08	
-1.338391e+09	-1.154328e+09	-9.970553e+08	-8.629235e+08	-7.488194e+08	-6.520946e+08	-5.705043e+08	-5.021549e+08	-4.454600e+08	-3.991038e+08	-3.620103e+08	-3.333188e+08	-3.123633e+08	-2.986574e+08	-2.918831e+08	
-1.205988e+09	-1.040133e+09	-8.984194e+08	-7.775569e+08	-6.747408e+08	-5.875847e+08	-5.140659e+08	-4.524781e+08	-4.013919e+08	-3.596215e+08	-3.261977e+08	-3.003445e+08	-2.814621e+08	-2.691121e+08	-2.630079e+08	
-1.076994e+09	-9.288798e+08	-8.023238e+08	-6.943888e+08	-6.025700e+08	-5.247362e+08	-4.590811e+08	-4.040807e+08	-3.584587e+08	-3.211561e+08	-2.913073e+08	-2.682194e+08	-2.513567e+08	-2.403277e+08	-2.348764e+08	
-9.517404e+08	-8.208516e+08	-7.090139e+08	-6.136318e+08	-5.324914e+08	-4.637097e+08	-4.056902e+08	-3.570863e+08	-3.167701e+08	-2.838059e+08	-2.574284e+08	-2.370257e+08	-2.221240e+08	-2.123777e+08	-2.075604e+08	
-8.305341e+08	-7.163142e+08	-6.187194e+08	-5.354844e+08	-4.646774e+08	-4.046552e+08	-3.540246e+08	-3.116106e+08	-2.764287e+08	-2.476625e+08	-2.246443e+08	-2.068399e+08	-1.938360e+08	-1.853309e+08	-1.811271e+08	
-7.136610e+08	-6.155143e+08	-5.316530e+08	-4.601308e+08	-3.992879e+08	-3.477120e+08	-3.042061e+08	-2.677606e+08	-2.375296e+08	-2.128114e+08	-1.930323e+08	-1.777333e+08	-1.665593e+08	-1.592511e+08	-1.556388e+08	
-6.013840e+08	-5.186782e+08	-4.480105e+08	-3.877406e+08	-3.364697e+08	-2.930080e+08	-2.563468e+08	-2.256351e+08	-2.001601e+08	-1.793307e+08	-1.626634e+08	-1.497714e+08	-1.403553e+08	-1.341968e+08	-1.311529e+08	
-4.939421e+08	-4.260123e+08	-3.679699e+08	-3.184677e+08	-2.763568e+08	-2.406599e+08	-2.105484e+08	-1.853236e+08	-1.644000e+08	-1.472919e+08	-1.336023e+08	-1.230135e+08	-1.152798e+08	-1.102215e+08	-1.077214e+08	
-3.915500e+08	-3.377018e+08	-2.916913e+08	-2.524507e+08	-2.190692e+08	-1.907721e+08	-1.669026e+08	-1.469068e+08	-1.303206e+08	-1.167589e+08	-1.059071e+08	-9.751335e+07	-9.138276e+07	-8.737307e+07	-8.539122e+07	
-2.943980e+08	-2.539107e+08	-2.193164e+08	-1.898122e+08	-1.647134e+08	-1.434374e+08	-1.254905e+08	-1.104561e+08	-9.798521e+07	-8.778851e+07	-7.962928e+07	-7.331818e+07	-6.870872e+07	-6.569392e+07	-6.420381e+07	
-2.026512e+08	-1.747815e+08	-1.509682e+08	-1.306588e+08	-1.133818e+08	-9.873632e+07	-8.638240e+07	-7.603333e+07	-6.744892e+07	-6.042993e+07	-5.481347e+07	-5.046917e+07	-4.729621e+07	-4.522095e+07	-4.419522e+07	
-1.164499e+08	-1.004350e+08	-8.675117e+07	-7.508071e+07	-6.515281e+07	-5.673705e+07	-4.963809e+07	-4.369118e+07	-3.875831e+07	-3.472497e+07	-3.149757e+07	-2.900120e+07	-2.717791e+07	-2.598540e+07	-2.539598e+07	
-3.590869e+07	-3.097032e+07	-2.675074e+07	-2.315202e+07	-2.009064e+07	-1.749553e+07	-1.530649e+07	-1.347269e+07	-1.195158e+07	-1.070785e+07	-9.712646e+06	-8.942860e+06	-8.380629e+06	-8.012904e+06	-7.831150e+06	
3.888280e+07	3.353541e+07	2.896635e+07	2.506957e+07	2.175463e+07	1.894459e+07	1.657423e+07	1.458855e+07	1.294146e+07	1.159472e+07	1.051709e+07	9.683545e+06	9.074747e+06	8.676566e+06	8.479759e+06	
1.078602e+08	9.302665e+07	8.035215e+07	6.954254e+07	6.034695e+07	5.255195e+07	4.597664e+07	4.046839e+07	3.589938e+07	3.216356e+07	2.917422e+07	2.686198e+07	2.517319e+07	2.406864e+07	2.352270e+07	
1.709841e+08	1.474694e+08	1.273773e+08	1.102415e+08	9.566428e+07	8.330736e+07	7.288391e+07	6.415204e+07	5.690906e+07	5.098689e+07	4.624808e+07	4.258264e+07	3.990550e+07	3.815453e+07	3.728908e+07	
2.282397e+08	1.968509e+08	1.700307e+08	1.471569e+08	1.276983e+08	1.112036e+08	9.728976e+07	8.563393e+07	7.596559e+07	6.806032e+07	6.173467e+07	5.684183e+07	5.326822e+07	5.093092e+07	4.977568e+07	
2.796364e+08	2.411792e+08	2.083195e+08	1.802948e+08	1.564544e+08	1.362453e+08	1.191982e+08	1.049176e+08	9.307209e+07	8.338667e+07	7.563656e+07	6.964190e+07	6.526357e+07	6.239993e+07	6.098454e+07	
3.252075e+08	2.804831e+08	2.422684e+08	2.096766e+08	1.819511e+08	1.584485e+08	1.386234e+08	1.220156e+08	1.082396e+08	9.697581e+07	8.796271e+07	8.099113e+07	7.589927e+07	7.256897e+07	7.092292e+07	
3.650093e+08	3.148111e+08	2.719194e+08	2.353386e+08	2.042199e+08	1.778409e+08	1.555894e+08	1.369489e+08	1.214869e+08	1.088446e+08	9.872835e+07	9.090353e+07	8.518849e+07	8.145059e+07	7.960308e+07	
3.991204e+08	3.442311e+08	2.973310e+08	2.573317e+08	2.233048e+08	1.944606e+08	1.701296e+08	1.497472e+08	1.328402e+08	1.190164e+08	1.079548e+08	9.939872e+07	9.314960e+07	8.906238e+07	8.704222e+07	
4.276414e+08	3.688297e+08	3.185782e+08	2.757205e+08	2.392621e+08	2.083567e+08	1.822870e+08	1.604481e+08	1.423330e+08	1.275213e+08	1.156692e+08	1.065017e+08	9.980603e+07	9.542675e+07	9.326222e+07	
4.506935e+08	3.887116e+08	3.357512e+08	2.905833e+08	2.521596e+08	2.195882e+08	1.921132e+08	1.690971e+08	1.500055e+08	1.343953e+08	1.219044e+08	1.122427e+08	1.051861e+08	1.005707e+08	9.828954e+07	
4.684179e+08	4.039984e+08	3.489553e+08	3.020111e+08	2.620762e+08	2.282239e+08	1.996685e+08	1.757471e+08	1.559047e+08	1.396807e+08	1.266985e+08	1.166569e+08	1.093227e+08	1.045259e+08	1.021550e+08	
4.809747e+08	4.148282e+08	3.583096e+08	3.101070e+08	2.691016e+08	2.343418e+08	2.050209e+08	1.804583e+08	1.600840e+08	1.434251e+08	1.300949e+08	1.197841e+08	1.122533e+08	1.073279e+08	1.048934e+08	
4.885416e+08	4.213546e+08	3.639467e+08	3.149857e+08	2.733353e+08	2.380286e+08	2.082464e+08	1.832974e+08	1.626025e+08	1.456815e+08	1.321416e+08	1.216686e+08	1.140194e+08	1.090164e+08	1.065436e+08	
4.913134e+08	4.237452e+08	3.660116e+08	3.167728e+08	2.748861e+08	2.393791e+08	2.094279e+08	1.843374e+08	1.635251e+08	1.465080e+08	1.328913e+08	1.223589e+08	1.146663e+08	1.096349e+08	1.071481e+08	
4.895002e+08	4.221813e+08	3.646608e+08	3.156038e+08	2.738716e+08	2.384957e+08	2.086550e+08	1.836570e+08	1.629216e+08	1.459673e+08	1.324009e+08	1.219073e+08	1.142431e+08	1.092303e+08	1.067527e+08	
4.833263e+08	4.168565e+08	3.600615e+08	3.116232e+08	2.704173e+08	2.354876e+08	2.060233e+08	1.813406e+08	1.608667e+08	1.441263e+08	1.307309e+08	1.203697e+08	1.128022e+08	1.078526e+08	1.054063e+08	
4.730292e+08	4.079755e+08	3.523905e+08	3.049841e+08	2.646562e+08	2.304706e+08	2.016341e+08	1.774772e+08	1.574395e+08	1.410557e+08	1.279458e+08	1.178053e+08	1.103990e+08	1.055549e+08	1.031606e+08	
4.588580e+08	3.957532e+08	3.418335e+08	2.958473e+08	2.567275e+08	2.235661e+08	1.955934e+08	1.721603e+08	1.527229e+08	1.368299e+08	1.241127e+08	1.142760e+08	1.070916e+08	1.023926e+08	1.000701e+08	
4.410723e+08	3.804135e+08	3.285837e+08	2.843800e+08	2.467765e+08	2.149005e+08	1.880121e+08	1.654872e+08	1.468032e+08	1.315263e+08	1.193020e+08	1.098466e+08	1.029406e+08	9.842380e+07	9.619129e+07	
4.199404e+08	3.621878e+08	3.128412e+08	2.707553e+08	2.349534e+08	2.046046e+08	1.790044e+08	1.575587e+08	1.397698e+08	1.252249e+08	1.135862e+08	1.045838e+08	9.800872e+07	9.370830e+07	9.158275e+07	
3.957386e+08	3.413143e+08	2.948117e+08	2.551513e+08	2.214127e+08	1.928129e+08	1.686881e+08	1.484783e+08	1.317147e+08	1.180079e+08	1.070401e+08	9.855650e+07	9.236032e+07	8.830774e+07	8.630469e+07	
3.687490e+08	3.180365e+08	2.747054e+08	2.377498e+08	2.063122e+08	1.796629e+08	1.571835e+08	1.383521e+08	1.227317e+08	1.099597e+08	9.973989e+07	9.183489e+07	8.606130e+07	8.228511e+07	8.041867e+07	
3.392588e+08	2.926020e+08	2.527362e+08	2.187361e+08	1.898127e+08	1.652946e+08	1.446129e+08	1.272875e+08	1.129164e+08	1.011659e+08	9.176332e+07	8.449052e+07	7.917866e+07	7.570446e+07	7.398729e+07	
3.075584e+08	2.652612e+08	2.291205e+08	1.982974e+08	1.720766e+08	1.498495e+08	1.311003e+08	1.153938e+08	1.023654e+08	9.171291e+07	8.318895e+07	7.659572e+07	7.178020e+07	6.863063e+07	6.707391e+07	
2.739404e+08	2.362665e+08	2.040762e+08	1.766222e+08	1.532675e+08	1.334700e+08	1.167702e+08	1.027805e+08	9.117625e+07	8.168811e+07	7.409587e+07	6.822332e+07	6.393417e+07	6.112887e+07	5.974231e+07	
2.386977e+08	2.058706e+08	1.778216e+08	1.538996e+08	1.335495e+08	1.162989e+08	1.017476e+08	8.955769e+07	7.944633e+07	7.117885e+07	6.456336e+07	5.944632e+07	5.570898e+07	5.326458e+07	5.205640e+07	
2.021226e+08	1.743255e+08	1.505744e+08	1.303179e+08	1.130860e+08	9.847876e+07	8.615706e+07	7.583499e+07	6.727297e+07	6.027230e+07	5.467048e+07	5.033751e+07	4.717283e+07	4.510298e+07	4.407993e+07	
1.645055e+08	1.418817e+08	1.225509e+08	1.060644e+08	9.203953e+07	8.015082e+07	7.012232e+07	6.172129e+07	5.475276e+07	4.905498e+07	4.449573e+07	4.096917e+07	3.839347e+07	3.670884e+07	3.587619e+07	
1.261330e+08	1.087864e+08	9.396472e+07	8.132385e+07	7.057042e+07	6.145486e+07	5.376561e+07	4.732420e+07	4.198115e+07	3.761243e+07	3.411666e+07	3.141271e+07	2.943782e+07	2.814615e+07	2.750772e+07	
8.728721e+07	7.528297e+07	6.502598e+07	5.627817e+07	4.883652e+07	4.252833e+07	3.720717e+07	3.274955e+07	2.905202e+07	2.602876e+07	2.360960e+07	2.173840e+07	2.037172e+07	1.947785e+07	1.903604e+07	
4.824440e+07	4.160955e+07	3.594042e+07	3.110543e+07	2.699237e+07	2.350577e+07	2.056472e+07	1.810096e+07	1.605730e+07	1.438632e+07	1.304923e+07	1.201500e+07	1.125963e+07	1.076558e+07	1.052138e+07	
9.273567e+06	7.998213e+06	6.908489e+06	5.979105e+06	5.188489e+06	4.518294e+06	3.952963e+06	3.479378e+06	3.086544e+06	2.765347e+06	2.508331e+06	2.309530e+06	2.164332e+06	2.069365e+06	2.022427e+06	
-2.936448e+07	-2.532610e+07	-2.187553e+07	-1.893266e+07	-1.642920e+07	-1.430704e+07	-1.251694e+07	-1.101735e+07	-9.773452e+06	-8.756390e+06	-7.942555e+06	-7.313060e+06	-6.853293e+06	-6.552584e+06	-6.403955e+06	
-6.741825e+07	-5.814650e+07	-5.022428e+07	-4.346772e+07	-3.771999e+07	-3.284771e+07	-2.873780e+07	-2.529486e+07	-2.243898e+07	-2.010390e+07	-1.823541e+07	-1.679014e+07	-1.573456e+07	-1.504416e+07	-1.470292e+07	
-1.046466e+08	-9.025502e+07	-7.795814e+07	-6.747060e+07	-5.854898e+07	-5.098623e+07	-4.460681e+07	-3.926268e+07	-3.482980e+07	-3.120528e+07	-2.830500e+07	-2.606166e+07	-2.442318e+07	-2.335154e+07	-2.282187e+07	
-1.408198e+08	-1.214534e+08	-1.049059e+08	-9.079312e+07	-7.878757e+07	-6.861061e+07	-6.002603e+07	-5.283459e+07	-4.686939e+07	-4.199199e+07	-3.808918e+07	-3.507038e+07	-3.286553e+07	-3.142346e+07	-3.071069e+07	
-1.757200e+08	-1.515540e+08	-1.309054e+08	-1.132950e+08	-9.831401e+07	-8.561482e+07	-7.490266e+07	-6.592893e+07	-5.848534e+07	-5.239914e+07	-4.752907e+07	-4.376210e+07	-4.101081e+07	-3.921134e+07	-3.832192e+07	
-2.091428e+08	-1.803803e+08	-1.558042e+08	-1.348442e+08	-1.170138e+08	-1.018991e+08	-8.914949e+07	-7.846891e+07	-6.960952e+07	-6.236569e+07	-5.656931e+07	-5.208585e+07	-4.881125e+07	-4.666951e+07	-4.561093e+07	
-2.408972e+08	-2.077676e+08	-1.794601e+08	-1.553177e+08	-1.347801e+08	-1.173706e+08	-1.026852e+08	-9.038293e+07	-8.017840e+07	-7.183474e+07	-6.515829e+07	-5.999410e+07	-5.622231e+07	-5.375539e+07	-5.253608e+07	
-2.708066e+08	-2.335637e+08	-2.017416e+08	-1.746018e+08	-1.515142e+08	-1.319432e+08	-1.154344e+08	-1.016048e+08	-9.013325e+07	-8.075364e+07	-7.324825e+07	-6.744289e+07	-6.320280e+07	-6.042959e+07	-5.905889e+07	
-2.987097e+08	-2.576294e+08	-2.225285e+08	-1.925922e+08	-1.671258e+08	-1.455382e+08	-1.273284e+08	-1.120738e+08	-9.942030e+07	-8.907426e+07	-8.079553e+07	-7.439200e+07	-6.971503e+07	-6.665607e+07	-6.514414e+07	
-3.244605e+08	-2.798388e+08	-2.417119e+08	-2.091949e+08	-1.815331e+08	-1.580846e+08	-1.383050e+08	-1.217353e+08	-1.079910e+08	-9.675304e+07	-8.776064e+07	-8.080508e+07	-7.572492e+07	-7.240227e+07	-7.076000e+07	
-3.479288e+08	-3.000796e+08	-2.591950e+08	-2.243261e+08	-1.946635e+08	-1.695189e+08	-1.483086e+08	-1.305405e+08	-1.158020e+08	-1.037512e+08	-9.410840e+07	-8.664974e+07	-8.120213e+07	-7.763914e+07	-7.587809e+07	
-3.690009e+08	-3.182538e+08	-2.748930e+08	-2.379122e+08	-2.064532e+08	-1.797857e+08	-1.572908e+08	-1.384466e+08	-1.228155e+08	-1.100349e+08	-9.980802e+07	-9.189763e+07	-8.612009e+07	-8.234131e+07	-8.047360e+07	
-3.875795e+08	-3.342774e+08	-2.887334e+08	-2.498907e+08	-2.168478e+08	-1.888376e+08	-1.652102e+08	-1.454171e+08	-1.289991e+08	-1.155749e+08	-1.048332e+08	-9.652452e+07	-9.045610e+07	-8.648707e+07	-8.452532e+07	
-4.035840e+08	-3.480808e+08	-3.006562e+08	-2.602096e+08	-2.258022e+08	-1.966354e+08	-1.720323e+08	-1.514219e+08	-1.343259e+08	-1.203474e+08	-1.091621e+08	-1.005104e+08	-9.419135e+07	-9.005842e+07	-8.801566e+07	
-4.169506e+08	-3.596092e+08	-3.106139e+08	-2.688277e+08	-2.332807e+08	-2.031479e+08	-1.777299e+08	-1.564370e+08	-1.387747e+08	-1.243333e+08	-1.127775e+08	-1.038392e+08	-9.731094e+07	-9.304113e+07	-9.093072e+07	
-4.276323e+08	-3.688218e+08	-3.185714e+08	-2.757146e+08	-2.392570e+08	-2.083522e+08	-1.822831e+08	-1.604446e+08	-1.423299e+08	-1.275185e+08	-1.156667e+08	-1.064994e+08	-9.980390e+07	-9.542471e+07	-9.326023e+07	
-4.355987e+08	-3.756927e+08	-3.245061e+08	-2.808510e+08	-2.437141e+08	-2.122336e+08	-1.856789e+08	-1.634336e+08	-1.449814e+08	-1.298941e+08	-1.178215e+08	-1.084834e+08	-1.016632e+08	-9.720238e+07	-9.499758e+07	
-4.408360e+08	-3.802097e+08	-3.284077e+08	-2.842277e+08	-2.466444e+08	-2.147854e+08	-1.879114e+08	-1.653986e+08	-1.467246e+08	-1.314559e+08	-1.192381e+08	-1.097878e+08	-1.028855e+08	-9.837108e+07	-9.613977e+07	
-4.433469e+08	-3.823753e+08	-3.302782e+08	-2.858466e+08	-2.480492e+08	-2.160087e+08	-1.889817e+08	-1.663407e+08	-1.475603e+08	-1.322046e+08	-1.199172e+08	-1.104131e+08	-1.034715e+08	-9.893137e+07	-9.668735e+07	
-4.431498e+08	-3.822052e+08	-3.301313e+08	-2.857195e+08	-2.479389e+08	-2.159127e+08	-1.888976e+08	-1.662667e+08	-1.474946e+08	-1.321458e+08	-1.198639e+08	-1.103640e+08	-1.034255e+08	-9.888738e+07	-9.664436e+07	
-4.402788e+08	-3.797291e+08	-3.279926e+08	-2.838684e+08	-2.463326e+08	-2.145139e+08	-1.876738e+08	-1.651895e+08	-1.465391e+08	-1.312897e+08	-1.190874e+08	-1.096490e+08	-1.027554e+08	-9.824673e+07	-9.601824e+07	
-4.347832e+08	-3.749893e+08	-3.238986e+08	-2.803252e+08	-2.432579e+08	-2.118363e+08	-1.853313e+08	-1.631276e+08	-1.447100e+08	-1.296509e+08	-1.176009e+08	-1.082803e+08	-1.014728e+08	-9.702041e+07	-9.481974e+07	
-4.267270e+08	-3.680410e+08	-3.178969e+08	-2.751309e+08	-2.387504e+08	-2.079111e+08	-1.818972e+08	-1.601050e+08	-1.420286e+08	-1.272486e+08	-1.154219e+08	-1.062740e+08	-9.959261e+07	-9.522269e+07	-9.306279e+07	
-4.161880e+08	-3.589514e+08	-3.100457e+08	-2.683359e+08	-2.328540e+08	-2.027763e+08	-1.774048e+08	-1.561508e+08	-1.385209e+08	-1.241059e+08	-1.125713e+08	-1.036493e+08	-9.713294e+07	-9.287094e+07	-9.076439e+07	
-4.032574e+08	-3.477992e+08	-3.004129e+08	-2.599990e+08	-2.256194e+08	-1.964762e+08	-1.718931e+08	-1.512994e+08	-1.342172e+08	-1.202500e+08	-1.090738e+08	-1.004290e+08	-9.411512e+07	-8.998554e+07	-8.794444e+07	
-3.880393e+08	-3.346739e+08	-2.890760e+08	-2.501872e+08	-2.171050e+08	-1.890616e+08	-1.654062e+08	-1.455896e+08	-1.291521e+08	-1.157121e+08	-1.049576e+08	-9.663904e+07	-9.056342e+07	-8.658968e+07	-8.462560e+07	
-3.706495e+08	-3.196756e+08	-2.761211e+08	-2.389751e+08	-2.073755e+08	-1.805889e+08	-1.579935e+08	-1.390651e+08	-1.233642e+08	-1.105264e+08	-1.002539e+08	-9.230819e+07	-8.650484e+07	-8.270918e+07	-8.083312e+07	
-3.512146e+08	-3.029136e+08	-2.616428e+08	-2.264446e+08	-1.965019e+08	-1.711198e+08	-1.497092e+08	-1.317733e+08	-1.168956e+08	-1.047310e+08	-9.499715e+07	-8.746805e+07	-8.196900e+07	-7.837236e+07	-7.659468e+07	
-3.298719e+08	-2.845060e+08	-2.457432e+08	-2.126839e+08	-1.845608e+08	-1.607211e+08	-1.406116e+08	-1.237656e+08	-1.097921e+08	-9.836671e+07	-8.922433e+07	-8.215276e+07	-7.698788e+07	-7.360980e+07	-7.194014e+07	
-3.067676e+08	-2.645791e+08	-2.285313e+08	-1.977875e+08	-1.716341e+08	-1.494642e+08	-1.307632e+08	-1.150970e+08	-1.021022e+08	-9.147708e+07	-8.297503e+07	-7.639876e+07	-7.159562e+07	-6.845415e+07	-6.690143e+07	
-2.820563e+08	-2.432663e+08	-2.101223e+08	-1.818550e+08	-1.578083e+08	-1.374243e+08	-1.202297e+08	-1.058256e+08	-9.387751e+07	-8.410827e+07	-7.629109e+07	-7.024456e+07	-6.582834e+07	-6.293992e+07	-6.151228e+07	
-2.559002e+08	-2.207074e+08	-1.906369e+08	-1.649909e+08	-1.431742e+08	-1.246804e+08	-1.090804e+08	-9.601198e+07	-8.517191e+07	-7.630861e+07	-6.921635e+07	-6.373053e+07	-5.972384e+07	-5.710328e+07	-5.580803e+07	
-2.284677e+08	-1.970475e+08	-1.702006e+08	-1.473039e+08	-1.278259e+08	-1.113147e+08	-9.738696e+07	-8.571949e+07	-7.604148e+07	-6.812832e+07	-6.179635e+07	-5.689862e+07	-5.332144e+07	-5.098180e+07	-4.982541e+07	
-1.999326e+08	-1.724367e+08	-1.489429e+08	-1.289059e+08	-1.118607e+08	-9.741172e+07	-8.522353e+07	-7.501330e+07	-6.654406e+07	-5.961923e+07	-5.407812e+07	-4.979210e+07	-4.666170e+07	-4.461428e+07	-4.360232e+07	
-1.704729e+08	-1.470285e+08	-1.269965e+08	-1.099119e+08	-9.537830e+07	-8.305831e+07	-7.266603e+07	-6.396025e+07	-5.673893e+07	-5.083447e+07	-4.610982e+07	-4.245534e+07	-3.978620e+07	-3.804046e+07	-3.717761e+07	
-1.402703e+08	-1.209795e+08	-1.044965e+08	-9.043883e+07	-7.848013e+07	-6.834287e+07	-5.979179e+07	-5.262842e+07	-4.668650e+07	-4.182813e+07	-3.794055e+07	-3.493353e+07	-3.273728e+07	-3.130084e+07	-3.059085e+07	
-1.095082e+08	-9.444801e+07	-8.157986e+07	-7.060509e+07	-6.126900e+07	-5.335490e+07	-4.667912e+07	-4.108671e+07	-3.644789e+07	-3.265499e+07	-2.961997e+07	-2.727241e+07	-2.555781e+07	-2.443639e+07	-2.388211e+07	
-7.837171e+07	-6.759358e+07	-5.838423e+07	-5.052992e+07	-4.384837e+07	-3.818449e+07	-3.340683e+07	-2.940452e+07	-2.608465e+07	-2.337018e+07	-2.119812e+07	-1.951804e+07	-1.829095e+07	-1.748838e+07	-1.709170e+07	
-4.704582e+07	-4.057581e+07	-3.504752e+07	-3.033265e+07	-2.632177e+07	-2.292180e+07	-2.005382e+07	-1.765126e+07	-1.565838e+07	-1.402891e+07	-1.272504e+07	-1.171650e+07	-1.097989e+07	-1.049812e+07	-1.025999e+07	
-1.571479e+07	-1.355360e+07	-1.170698e+07	-1.013206e+07	-8.792302e+06	-7.656603e+06	-6.698606e+06	-5.896078e+06	-5.230392e+06	-4.686097e+06	-4.250563e+06	-3.913680e+06	-3.667630e+06	-3.506702e+06	-3.427161e+06	
1.543903e+07	1.331576e+07	1.150154e+07	9.954265e+06	8.638016e+06	7.522246e+06	6.581060e+06	5.792614e+06	5.138609e+06	4.603866e+06	4.175975e+06	3.845003e+06	3.603271e+06	3.445167e+06	3.367021e+06	
