-6.265636e-16	-6.233374e-16	-6.203594e-16	-6.176273e-16	-6.151389e-16	-6.128925e-16	-6.108861e-16	-6.091182e-16	-6.075875e-16	-6.062926e-16	-6.052326e-16	-6.044066e-16	-6.038138e-16	
-2.302354e-02	-1.918576e-02	-1.534827e-02	-1.151100e-02	-7.673905e-03	-3.836924e-03	-6.986552e-16	3.836924e-03	7.673905e-03	1.151100e-02	1.534827e-02	1.918576e-02	2.302354e-02	
-4.608626e-02	-3.840417e-02	-3.072266e-02	-2.304159e-02	-1.536087e-02	-7.680379e-03	-1.050294e-15	7.680379e-03	1.536087e-02	2.304159e-02	3.072266e-02	3.840417e-02	4.608626e-02	
-6.922764e-02	-5.768813e-02	-4.614948e-02	-3.461151e-02	-2.307406e-02	-1.153694e-02	-1.234140e-15	1.153694e-02	2.307406e-02	3.461151e-02	4.614948e-02	5.768813e-02	6.922764e-02	
-9.248769e-02	-7.707099e-02	-6.165543e-02	-4.624077e-02	-3.082680e-02	-1.541329e-02	-1.332407e-15	1.541329e-02	3.082680e-02	4.624077e-02	6.165543e-02	7.707099e-02	9.248769e-02	
-1.159073e-01	-9.658681e-02	-7.726774e-02	-5.794981e-02	-3.863274e-02	-1.931623e-02	-1.618787e-15	1.931623e-02	3.863274e-02	5.794981e-02	7.726774e-02	9.658681e-02	1.159073e-01	
-1.395285e-01	-1.162706e-01	-9.301445e-02	-6.975965e-02	-4.650586e-02	-2.325276e-02	-1.527091e-15	2.325276e-02	4.650586e-02	6.975965e-02	9.301445e-02	1.162706e-01	1.395285e-01	
-1.633947e-01	-1.361587e-01	-1.089246e-01	-8.169203e-02	-5.446070e-02	-2.723015e-02	-1.989146e-15	2.723015e-02	5.446070e-02	8.169203e-02	1.089246e-01	1.361587e-01	1.633947e-01	
-1.875515e-01	-1.562888e-01	-1.250283e-01	-9.376964e-02	-6.251234e-02	-3.125595e-02	-1.892448e-15	3.125595e-02	6.251234e-02	9.376964e-02	1.250283e-01	1.562888e-01	1.875515e-01	
-2.120462e-01	-1.767005e-01	-1.413574e-01	-1.060163e-01	-7.067666e-02	-3.533808e-02	-2.350587e-15	3.533808e-02	7.067666e-02	1.060163e-01	1.413574e-01	1.767005e-01	2.120462e-01	
-2.369290e-01	-1.974357e-01	-1.579452e-01	-1.184570e-01	-7.897037e-02	-3.948490e-02	-2.812293e-15	3.948490e-02	7.897037e-02	1.184570e-01	1.579452e-01	1.974357e-01	2.369290e-01	
-2.622533e-01	-2.185388e-01	-1.748274e-01	-1.311184e-01	-8.741123e-02	-4.370531e-02	-2.385124e-15	4.370531e-02	8.741123e-02	1.311184e-01	1.748274e-01	2.185388e-01	2.622533e-01	
-2.880759e-01	-2.400572e-01	-1.920418e-01	-1.440290e-01	-9.601821e-02	-4.800877e-02	-1.896160e-15	4.800877e-02	9.601821e-02	1.440290e-01	1.920418e-01	2.400572e-01	2.880759e-01	
-3.144580e-01	-2.620418e-01	-2.096291e-01	-1.572193e-01	-1.048117e-01	-5.240548e-02	-2.241898e-15	5.240548e-02	1.048117e-01	1.572193e-01	2.096291e-01	2.620418e-01	3.144580e-01	
-3.414655e-01	-2.845476e-01	-2.276334e-01	-1.707224e-01	-1.138136e-01	-5.690643e-02	-3.762172e-15	5.690643e-02	1.138136e-01	1.707224e-01	2.276334e-01	2.845476e-01	3.414655e-01	
-3.691701e-01	-3.076343e-01	-2.461025e-01	-1.845740e-01	-1.230480e-01	-6.152358e-02	-4.197315e-15	6.152358e-02	1.230480e-01	1.845740e-01	2.461025e-01	3.076343e-01	3.691701e-01	
-3.976501e-01	-3.313671e-01	-2.650885e-01	-1.988133e-01	-1.325408e-01	-6.626995e-02	-4.465413e-15	6.626995e-02	1.325408e-01	1.988133e-01	2.650885e-01	3.313671e-01	3.976501e-01	
-4.269913e-01	-3.558177e-01	-2.846486e-01	-2.134833e-01	-1.423207e-01	-7.115987e-02	-2.348004e-15	7.115987e-02	1.423207e-01	2.134833e-01	2.846486e-01	3.558177e-01	4.269913e-01	
-4.572884e-01	-3.810649e-01	-3.048461e-01	-2.286312e-01	-1.524192e-01	-7.620913e-02	-3.897581e-15	7.620913e-02	1.524192e-01	2.286312e-01	3.048461e-01	3.810649e-01	4.572884e-01	
-4.886466e-01	-4.071963e-01	-3.257510e-01	-2.443098e-01	-1.628715e-01	-8.143524e-02	-4.044945e-15	8.143524e-02	1.628715e-01	2.443098e-01	3.257510e-01	4.071963e-01	4.886466e-01	
-5.211831e-01	-4.343096e-01	-3.474414e-01	-2.605774e-01	-1.737165e-01	-8.685774e-02	-5.319133e-15	8.685774e-02	1.737165e-01	2.605774e-01	3.474414e-01	4.343096e-01	5.211831e-01	
-5.550291e-01	-4.625143e-01	-3.700049e-01	-2.774999e-01	-1.849981e-01	-9.249850e-02	-2.878474e-15	9.249850e-02	1.849981e-01	2.774999e-01	3.700049e-01	4.625143e-01	5.550291e-01	
-5.903325e-01	-4.919335e-01	-3.935400e-01	-2.951511e-01	-1.967655e-01	-9.838220e-02	-5.667991e-15	9.838220e-02	1.967655e-01	2.951511e-01	3.935400e-01	4.919335e-01	5.903325e-01	
-6.272612e-01	-5.227071e-01	-4.181587e-01	-3.136150e-01	-2.090747e-01	-1.045368e-01	-3.477038e-15	1.045368e-01	2.090747e-01	3.136150e-01	4.181587e-01	5.227071e-01	6.272612e-01	
-6.660063e-01	-5.549943e-01	-4.439883e-01	-3.329870e-01	-2.219894e-01	-1.109941e-01	-3.368624e-15	1.109941e-01	2.219894e-01	3.329870e-01	4.439883e-01	5.549943e-01	6.660063e-01	
-7.067867e-01	-5.889778e-01	-4.711749e-01	-3.533769e-01	-2.355826e-01	-1.177907e-01	-4.075811e-15	1.177907e-01	2.355826e-01	3.533769e-01	4.711749e-01	5.889778e-01	7.067867e-01	
-7.498554e-01	-6.248681e-01	-4.998870e-01	-3.749109e-01	-2.499385e-01	-1.249686e-01	-5.319440e-15	1.249686e-01	2.499385e-01	3.749109e-01	4.998870e-01	6.248681e-01	7.498554e-01	
-7.955060e-01	-6.629101e-01	-5.303205e-01	-3.977359e-01	-2.651552e-01	-1.325770e-01	-4.717340e-15	1.325770e-01	2.651552e-01	3.977359e-01	5.303205e-01	6.629101e-01	7.955060e-01	
-8.440818e-01	-7.033898e-01	-5.627042e-01	-4.220236e-01	-2.813470e-01	-1.406728e-01	-5.608049e-16	1.406728e-01	2.813470e-01	4.220236e-01	5.627042e-01	7.033898e-01	8.440818e-01	
-8.959874e-01	-7.466444e-01	-5.973078e-01	-4.479763e-01	-2.986487e-01	-1.493237e-01	-9.509399e-15	1.493237e-01	2.986487e-01	4.479763e-01	5.973078e-01	7.466444e-01	8.959874e-01	
-9.517034e-01	-7.930744e-01	-6.344517e-01	-4.758343e-01	-3.172207e-01	-1.586097e-01	-9.098272e-15	1.586097e-01	3.172207e-01	4.758343e-01	6.344517e-01	7.930744e-01	9.517034e-01	
-1.011806e+00	-8.431595e-01	-6.745199e-01	-5.058854e-01	-3.372548e-01	-1.686268e-01	-4.854650e-15	1.686268e-01	3.372548e-01	5.058854e-01	6.745199e-01	8.431595e-01	1.011806e+00	
-1.076990e+00	-8.974803e-01	-7.179766e-01	-5.384780e-01	-3.589832e-01	-1.794910e-01	-5.117477e-15	1.794910e-01	3.589832e-01	5.384780e-01	7.179766e-01	8.974803e-01	1.076990e+00	
-1.148109e+00	-9.567457e-01	-7.653890e-01	-5.740374e-01	-3.826895e-01	-1.913441e-01	-6.346471e-15	1.913441e-01	3.826895e-01	5.740374e-01	7.653890e-01	9.567457e-01	1.148109e+00	
-1.226212e+00	-1.021832e+00	-8.174586e-01	-6.130897e-01	-4.087244e-01	-2.043616e-01	-6.816219e-15	2.043616e-01	4.087244e-01	6.130897e-01	8.174586e-01	1.021832e+00	1.226212e+00	
-1.312617e+00	-1.093837e+00	-8.750628e-01	-6.562930e-01	-4.375267e-01	-2.187628e-01	-2.226652e-15	2.187628e-01	4.375267e-01	6.562930e-01	8.750628e-01	1.093837e+00	1.312617e+00	
-1.408995e+00	-1.174153e+00	-9.393156e-01	-7.044829e-01	-4.696535e-01	-2.348262e-01	-7.976417e-15	2.348262e-01	4.696535e-01	7.044829e-01	9.393156e-01	1.174153e+00	1.408995e+00	
-1.517500e+00	-1.264575e+00	-1.011654e+00	-7.587368e-01	-5.058229e-01	-2.529109e-01	-9.338707e-15	2.529109e-01	5.058229e-01	7.587368e-01	1.011654e+00	1.264575e+00	1.517500e+00	
-1.640962e+00	-1.367460e+00	-1.093963e+00	-8.204691e-01	-5.469779e-01	-2.734885e-01	-6.746841e-15	2.734885e-01	5.469779e-01	8.204691e-01	1.093963e+00	1.367460e+00	1.640962e+00	
-1.783170e+00	-1.485968e+00	-1.188770e+00	-8.915753e-01	-5.943823e-01	-2.971908e-01	-9.301816e-15	2.971908e-01	5.943823e-01	8.915753e-01	1.188770e+00	1.485968e+00	1.783170e+00	
-1.949327e+00	-1.624435e+00	-1.299545e+00	-9.746567e-01	-6.497702e-01	-3.248849e-01	-9.184847e-15	3.248849e-01	6.497702e-01	9.746567e-01	1.299545e+00	1.624435e+00	1.949327e+00	
-2.146775e+00	-1.788977e+00	-1.431180e+00	-1.073384e+00	-7.155891e-01	-3.577944e-01	-5.476805e-15	3.577944e-01	7.155891e-01	1.073384e+00	1.431180e+00	1.788977e+00	2.146775e+00	
-2.386226e+00	-1.988522e+00	-1.590818e+00	-1.193114e+00	-7.954094e-01	-3.977048e-01	-5.687315e-15	3.977048e-01	7.954094e-01	1.193114e+00	1.590818e+00	1.988522e+00	2.386226e+00	
-2.683949e+00	-2.236629e+00	-1.789306e+00	-1.341982e+00	-8.946553e-01	-4.473279e-01	-1.138902e-14	4.473279e-01	8.946553e-01	1.341982e+00	1.789306e+00	2.236629e+00	2.683949e+00	
-3.065930e+00	-2.554952e+00	-2.043969e+00	-1.532981e+00	-1.021989e+00	-5.109951e-01	-9.162156e-15	5.109951e-01	1.021989e+00	1.532981e+00	2.043969e+00	2.554952e+00	3.065930e+00	
-3.576405e+00	-2.980355e+00	-2.384296e+00	-1.788229e+00	-1.192156e+00	-5.960791e-01	-9.569190e-15	5.960791e-01	1.192156e+00	1.788229e+00	2.384296e+00	2.980355e+00	3.576405e+00	
-4.297313e+00	-3.581124e+00	-2.864918e+00	-2.148700e+00	-1.432472e+00	-7.162378e-01	-2.171822e-14	7.162378e-01	1.432472e+00	2.148700e+00	2.864918e+00	3.581124e+00	4.297313e+00	
-5.399401e+00	-4.499549e+00	-3.599670e+00	-2.699771e+00	-1.799856e+00	-8.999307e-01	-1.187445e-14	8.999307e-01	1.799856e+00	2.699771e+00	3.599670e+00	4.499549e+00	5.399401e+00	
-7.307328e+00	-6.089521e+00	-4.871669e+00	-3.653783e+00	-2.435870e+00	-1.217939e+00	-5.503755e-14	1.217939e+00	2.435870e+00	3.653783e+00	4.871669e+00	6.089521e+00	7.307328e+00	
-1.145122e+01	-9.542835e+00	-7.634367e+00	-5.725833e+00	-3.817250e+00	-1.908633e+00	-2.688658e-14	1.908633e+00	3.817250e+00	5.725833e+00	7.634367e+00	9.542835e+00	1.145122e+01	
-2.756069e+01	-2.296767e+01	-1.837442e+01	-1.378098e+01	-9.187400e+00	-4.593724e+00	-9.524831e-14	4.593724e+00	9.187400e+00	1.378098e+01	1.837442e+01	2.296767e+01	2.756069e+01	
5.986841e+01	4.989144e+01	3.991388e+01	2.993583e+01	1.995742e+01	9.978770e+00	-1.500799e-13	-9.978770e+00	-1.995742e+01	-2.993583e+01	-3.991388e+01	-4.989144e+01	-5.986841e+01	
1.386140e+01	1.155146e+01	9.241361e+00	6.931133e+00	4.620810e+00	2.310421e+00	7.322417e-14	-2.310421e+00	-4.620810e+00	-6.931133e+00	-9.241361e+00	-1.155146e+01	-1.386140e+01	
7.653427e+00	6.378044e+00	5.102559e+00	3.826991e+00	2.551361e+00	1.275691e+00	9.371113e-15	-1.275691e+00	-2.551361e+00	-3.826991e+00	-5.102559e+00	-6.378044e+00	-7.653427e+00	
5.180302e+00	4.317064e+00	3.453747e+00	2.590366e+00	1.726937e+00	8.634766e-01	-9.666770e-15	-8.634766e-01	-1.726937e+00	-2.590366e+00	-3.453747e+00	-4.317064e+00	-5.180302e+00	
3.842051e+00	3.201833e+00	2.561548e+00	1.921208e+00	1.280828e+00	6.404207e-01	-2.796978e-14	-6.404207e-01	-1.280828e+00	-1.921208e+00	-2.561548e+00	-3.201833e+00	-3.842051e+00	
2.996892e+00	2.497521e+00	1.998089e+00	1.498609e+00	9.990925e-01	4.995523e-01	-9.886042e-15	-4.995523e-01	-9.990925e-01	-1.498609e+00	-1.998089e+00	-2.497521e+00	-2.996892e+00	
2.409751e+00	2.008227e+00	1.606648e+00	1.205025e+00	8.033682e-01	4.016896e-01	-4.310806e-14	-4.016896e-01	-8.033682e-01	-1.205025e+00	-1.606648e+00	-2.008227e+00	-2.409751e+00	
1.974093e+00	1.645172e+00	1.316200e+00	9.871865e-01	6.581416e-01	3.290760e-01	4.478884e-15	-3.290760e-01	-6.581416e-01	-9.871865e-01	-1.316200e+00	-1.645172e+00	-1.974093e+00	
1.634582e+00	1.362242e+00	1.089853e+00	8.174241e-01	5.449658e-01	2.724879e-01	-1.135086e-14	-2.724879e-01	-5.449658e-01	-8.174241e-01	-1.089853e+00	-1.362242e+00	-1.634582e+00	
1.359569e+00	1.133061e+00	9.065060e-01	6.799128e-01	4.532910e-01	2.266503e-01	-8.459811e-15	-2.266503e-01	-4.532910e-01	-6.799128e-01	-9.065060e-01	-1.133061e+00	-1.359569e+00	
1.129596e+00	9.414148e-01	7.531871e-01	5.649226e-01	3.766304e-01	1.883198e-01	-2.709123e-14	-1.883198e-01	-3.766304e-01	-5.649226e-01	-7.531871e-01	-9.414148e-01	-1.129596e+00	
9.319891e-01	7.767400e-01	6.214460e-01	4.661160e-01	3.107590e-01	1.553840e-01	-1.720862e-14	-1.553840e-01	-3.107590e-01	-4.661160e-01	-6.214460e-01	-7.767400e-01	-9.319891e-01	
7.580841e-01	6.318176e-01	5.055071e-01	3.791612e-01	2.527889e-01	1.263989e-01	-7.710208e-15	-1.263989e-01	-2.527889e-01	-3.791612e-01	-5.055071e-01	-6.318176e-01	-7.580841e-01	
6.017021e-01	5.014981e-01	4.012507e-01	3.009685e-01	2.006602e-01	1.003344e-01	-2.181941e-14	-1.003344e-01	-2.006602e-01	-3.009685e-01	-4.012507e-01	-5.014981e-01	-6.017021e-01	
4.582558e-01	3.819586e-01	3.056185e-01	2.292440e-01	1.528437e-01	7.642614e-02	-2.445242e-14	-7.642614e-02	-1.528437e-01	-2.292440e-01	-3.056185e-01	-3.819586e-01	-4.582558e-01	
3.242002e-01	2.702449e-01	2.162470e-01	1.622151e-01	1.081576e-01	5.408309e-02	-3.052528e-14	-5.408309e-02	-1.081576e-01	-1.622151e-01	-2.162470e-01	-2.702449e-01	-3.242002e-01	
1.966781e-01	1.639760e-01	1.312316e-01	9.845335e-02	6.564969e-02	3.282909e-02	-1.778278e-14	-3.282909e-02	-6.564969e-02	-9.845335e-02	-1.312316e-01	-1.639760e-01	-1.966781e-01	
7.327805e-02	6.114223e-02	4.896434e-02	3.675276e-02	2.451590e-02	1.226217e-02	-1.503005e-14	-1.226217e-02	-2.451590e-02	-3.675276e-02	-4.896434e-02	-6.114223e-02	-7.327805e-02	
-4.814238e-02	-4.004173e-02	-3.198300e-02	-2.395784e-02	-1.595789e-02	-7.974739e-03	-2.546187e-14	7.974739e-03	1.595789e-02	2.395784e-02	3.198300e-02	4.004173e-02	4.814238e-02	
-1.695956e-01	-1.412529e-01	-1.129520e-01	-8.468469e-02	-5.644248e-02	-2.821705e-02	-2.779289e-14	2.821705e-02	5.644248e-02	8.468469e-02	1.129520e-01	1.412529e-01	1.695956e-01	
-2.930861e-01	-2.441618e-01	-1.952792e-01	-1.464301e-01	-9.760612e-02	-4.879887e-02	-2.863567e-14	4.879887e-02	9.760612e-02	1.464301e-01	1.952792e-01	2.441618e-01	2.930861e-01	
-4.207322e-01	-3.505336e-01	-2.803767e-01	-2.102532e-01	-1.401549e-01	-7.007325e-02	-2.878228e-14	7.007325e-02	1.401549e-01	2.102532e-01	2.803767e-01	3.505336e-01	4.207322e-01	
-5.549015e-01	-4.623414e-01	-3.698229e-01	-2.773379e-01	-1.848780e-01	-9.243481e-02	-4.172499e-14	9.243481e-02	1.848780e-01	2.773379e-01	3.698229e-01	4.623414e-01	5.549015e-01	
-6.983816e-01	-5.819081e-01	-4.654763e-01	-3.490779e-01	-2.327047e-01	-1.163482e-01	-2.759302e-14	1.163482e-01	2.327047e-01	3.490779e-01	4.654763e-01	5.819081e-01	6.983816e-01	
-8.546112e-01	-7.120995e-01	-5.696294e-01	-4.271928e-01	-2.847812e-01	-1.423864e-01	-2.062043e-14	1.423864e-01	2.847812e-01	4.271928e-01	5.696294e-01	7.120995e-01	8.546112e-01	
-1.028018e+00	-8.566051e-01	-6.852340e-01	-5.138962e-01	-3.425835e-01	-1.712876e-01	-1.744593e-14	1.712876e-01	3.425835e-01	5.138962e-01	6.852340e-01	8.566051e-01	1.028018e+00	
-1.224536e+00	-1.020371e+00	-8.162464e-01	-6.121555e-01	-4.080898e-01	-2.040407e-01	-1.385075e-14	2.040407e-01	4.080898e-01	6.121555e-01	8.162464e-01	1.020371e+00	1.224536e+00	
-1.452446e+00	-1.210296e+00	-9.681865e-01	-7.261107e-01	-4.840599e-01	-2.420258e-01	-4.413272e-14	2.420258e-01	4.840599e-01	7.261107e-01	9.681865e-01	1.210296e+00	1.452446e+00	
-1.723799e+00	-1.436423e+00	-1.149089e+00	-8.617873e-01	-5.745110e-01	-2.872514e-01	1.378171e-14	2.872514e-01	5.745110e-01	8.617873e-01	1.149089e+00	1.436423e+00	1.723799e+00	
-2.056990e+00	-1.714082e+00	-1.371216e+00	-1.028383e+00	-6.855752e-01	-3.427835e-01	-2.938306e-14	3.427835e-01	6.855752e-01	1.028383e+00	1.371216e+00	1.714082e+00	2.056990e+00	
-2.481732e+00	-2.068035e+00	-1.654379e+00	-1.240756e+00	-8.271568e-01	-4.135743e-01	-4.181766e-14	4.135743e-01	8.271568e-01	1.240756e+00	1.654379e+00	2.068035e+00	2.481732e+00	
-3.049531e+00	-2.541203e+00	-2.032914e+00	-1.524658e+00	-1.016425e+00	-5.082085e-01	-6.597589e-14	5.082085e-01	1.016425e+00	1.524658e+00	2.032914e+00	2.541203e+00	3.049531e+00	
-3.858398e+00	-3.215260e+00	-2.572162e+00	-1.929094e+00	-1.286050e+00	-6.430209e-01	-4.628023e-14	6.430209e-01	1.286050e+00	1.929094e+00	2.572162e+00	3.215260e+00	3.858398e+00	
-5.120964e+00	-4.267403e+00	-3.413878e+00	-2.560383e+00	-1.706910e+00	-8.534511e-01	-7.875783e-14	8.534511e-01	1.706910e+00	2.560383e+00	3.413878e+00	4.267403e+00	5.120964e+00	
-7.401888e+00	-6.168180e+00	-4.934505e+00	-3.700856e+00	-2.467226e+00	-1.233610e+00	-1.385646e-13	1.233610e+00	2.467226e+00	3.700856e+00	4.934505e+00	6.168180e+00	7.401888e+00	
-1.286226e+01	-1.071851e+01	-8.574779e+00	-6.431069e+00	-4.287372e+00	-2.143684e+00	-0.000000e+00	2.143684e+00	4.287372e+00	6.431069e+00	8.574779e+00	1.071851e+01	1.286226e+01	
-4.451842e+01	-3.709876e+01	-2.967906e+01	-2.225932e+01	-1.483956e+01	-7.419786e+00	-0.000000e+00	7.419786e+00	1.483956e+01	2.225932e+01	2.967906e+01	3.709876e+01	4.451842e+01	
3.184649e+01	2.653896e+01	2.123130e+01	1.592356e+01	1.061574e+01	5.307883e+00	4.511857e-13	-5.307883e+00	-1.061574e+01	-1.592356e+01	-2.123130e+01	-2.653896e+01	-3.184649e+01	
1.184489e+01	9.870876e+00	7.896790e+00	5.922644e+00	3.948454e+00	1.974234e+00	-6.749223e-14	-1.974234e+00	-3.948454e+00	-5.922644e+00	-7.896790e+00	-9.870876e+00	-1.184489e+01	
7.291107e+00	6.076042e+00	4.860912e+00	3.645730e+00	2.430508e+00	1.215261e+00	-8.398577e-14	-1.215261e+00	-2.430508e+00	-3.645730e+00	-4.860912e+00	-6.076042e+00	-7.291107e+00	
5.259871e+00	4.383339e+00	3.506745e+00	2.630102e+00	1.753422e+00	8.767170e-01	-1.539129e-14	-8.767170e-01	-1.753422e+00	-2.630102e+00	-3.506745e+00	-4.383339e+00	-5.259871e+00	
4.100646e+00	3.417314e+00	2.733923e+00	2.050484e+00	1.367009e+00	6.835106e-01	2.451561e-14	-6.835106e-01	-1.367009e+00	-2.050484e+00	-2.733923e+00	-3.417314e+00	-4.100646e+00	
3.344825e+00	2.787462e+00	2.230040e+00	1.672571e+00	1.115067e+00	5.575393e-01	6.161851e-14	-5.575393e-01	-1.115067e+00	-1.672571e+00	-2.230040e+00	-2.787462e+00	-3.344825e+00	
2.808359e+00	2.340406e+00	1.872394e+00	1.404336e+00	9.362436e-01	4.681276e-01	1.781327e-14	-4.681276e-01	-9.362436e-01	-1.404336e+00	-1.872394e+00	-2.340406e+00	-2.808359e+00	
2.404186e+00	2.003594e+00	1.602945e+00	1.202249e+00	8.015187e-01	4.007652e-01	1.584526e-14	-4.007652e-01	-8.015187e-01	-1.202249e+00	-1.602945e+00	-2.003594e+00	-2.404186e+00	
2.085744e+00	1.738226e+00	1.390650e+00	1.043028e+00	6.953712e-01	3.476914e-01	-2.515318e-14	-3.476914e-01	-6.953712e-01	-1.043028e+00	-1.390650e+00	-1.738226e+00	-2.085744e+00	
1.825839e+00	1.521638e+00	1.217380e+00	9.130752e-01	6.087361e-01	3.043738e-01	-3.311211e-15	-3.043738e-01	-6.087361e-01	-9.130752e-01	-1.217380e+00	-1.521638e+00	-1.825839e+00	
1.607489e+00	1.339680e+00	1.071813e+00	8.039004e-01	5.359529e-01	2.679822e-01	-6.182831e-15	-2.679822e-01	-5.359529e-01	-8.039004e-01	-1.071813e+00	-1.339680e+00	-1.607489e+00	
1.419511e+00	1.183032e+00	9.464950e-01	7.099119e-01	4.732939e-01	2.366528e-01	-5.253452e-14	-2.366528e-01	-4.732939e-01	-7.099119e-01	-9.464950e-01	-1.183032e+00	-1.419511e+00	
1.254207e+00	1.045279e+00	8.362931e-01	6.272606e-01	4.181931e-01	2.091024e-01	5.564743e-15	-2.091024e-01	-4.181931e-01	-6.272606e-01	-8.362931e-01	-1.045279e+00	-1.254207e+00	
1.106073e+00	9.218342e-01	7.375375e-01	5.531940e-01	3.688155e-01	1.844136e-01	-1.337803e-14	-1.844136e-01	-3.688155e-01	-5.531940e-01	-7.375375e-01	-9.218342e-01	-1.106073e+00	
9.710320e-01	8.093008e-01	6.475110e-01	4.856743e-01	3.238025e-01	1.619071e-01	-3.889839e-14	-1.619071e-01	-3.238025e-01	-4.856743e-01	-6.475110e-01	-8.093008e-01	-9.710320e-01	
8.459664e-01	7.050799e-01	5.641346e-01	4.231422e-01	2.821144e-01	1.410631e-01	-6.329082e-14	-1.410631e-01	-2.821144e-01	-4.231422e-01	-5.641346e-01	-7.050799e-01	-8.459664e-01	
7.284092e-01	6.071160e-01	4.857638e-01	3.643643e-01	2.429293e-01	1.214705e-01	-4.976550e-15	-1.214705e-01	-2.429293e-01	-3.643643e-01	-4.857638e-01	-6.071160e-01	-7.284092e-01	
6.163414e-01	5.137267e-01	4.110526e-01	3.083311e-01	2.055739e-01	1.027929e-01	-3.692089e-14	-1.027929e-01	-2.055739e-01	-3.083311e-01	-4.110526e-01	-5.137267e-01	-6.163414e-01	
5.080474e-01	4.234821e-01	3.388573e-01	2.541847e-01	1.694764e-01	8.474415e-02	-3.919756e-14	-8.474415e-02	-1.694764e-01	-2.541847e-01	-3.388573e-01	-4.234821e-01	-5.080474e-01	
4.020091e-01	3.351173e-01	2.681656e-01	2.011661e-01	1.341307e-01	6.707135e-02	-3.924831e-14	-6.707135e-02	-1.341307e-01	-2.011661e-01	-2.681656e-01	-3.351173e-01	-4.020091e-01	
2.968221e-01	2.474618e-01	1.980415e-01	1.485731e-01	9.906878e-02	4.954040e-02	-5.435651e-14	-4.954040e-02	-9.906878e-02	-1.485731e-01	-1.980415e-01	-2.474618e-01	-2.968221e-01	
1.911249e-01	1.593810e-01	1.275770e-01	9.572493e-02	6.383669e-02	3.192437e-02	-5.006642e-14	-3.192437e-02	-6.383669e-02	-9.572493e-02	-1.275770e-01	-1.593810e-01	-1.911249e-01	
8.353245e-02	6.972081e-02	5.584897e-02	4.192894e-02	2.797273e-02	1.399240e-02	-3.061759e-14	-1.399240e-02	-2.797273e-02	-4.192894e-02	-5.584897e-02	-6.972081e-02	-8.353245e-02	
-2.743283e-02	-2.275021e-02	-1.812781e-02	-1.355363e-02	-9.015634e-03	-4.501781e-03	-4.709550e-14	4.501781e-03	9.015634e-03	1.355363e-02	1.812781e-02	2.275021e-02	2.743283e-02	
-1.434195e-01	-1.194059e-01	-9.545243e-02	-7.154713e-02	-4.767799e-02	-2.383296e-02	-4.049987e-14	2.383296e-02	4.767799e-02	7.154713e-02	9.545243e-02	1.194059e-01	1.434195e-01	
-2.663452e-01	-2.218442e-01	-1.774033e-01	-1.330104e-01	-8.865354e-02	-4.432076e-02	-1.121892e-13	4.432076e-02	8.865354e-02	1.330104e-01	1.774033e-01	2.218442e-01	2.663452e-01	
-3.985260e-01	-3.319954e-01	-2.655246e-01	-1.991016e-01	-1.327144e-01	-6.635123e-02	-7.041871e-14	6.635123e-02	1.327144e-01	1.991016e-01	2.655246e-01	3.319954e-01	3.985260e-01	
-5.428590e-01	-4.522738e-01	-3.617479e-01	-2.712693e-01	-1.808264e-01	-9.040728e-02	-1.855723e-14	9.040728e-02	1.808264e-01	2.712693e-01	3.617479e-01	4.522738e-01	5.428590e-01	
-7.030894e-01	-5.858004e-01	-4.685699e-01	-3.513863e-01	-2.342380e-01	-1.171131e-01	-1.216372e-13	1.171131e-01	2.342380e-01	3.513863e-01	4.685699e-01	5.858004e-01	7.030894e-01	
-8.842175e-01	-7.367422e-01	-5.893245e-01	-4.419530e-01	-2.946161e-01	-1.473023e-01	-4.585071e-14	1.473023e-01	2.946161e-01	4.419530e-01	5.893245e-01	7.367422e-01	8.842175e-01	
-1.093148e+00	-9.108532e-01	-7.286149e-01	-5.464217e-01	-3.642623e-01	-1.821255e-01	-6.883355e-14	1.821255e-01	3.642623e-01	5.464217e-01	7.286149e-01	9.108532e-01	1.093148e+00	
-1.339767e+00	-1.116373e+00	-8.930327e-01	-6.697363e-01	-4.464727e-01	-2.232309e-01	-1.511066e-13	2.232309e-01	4.464727e-01	6.697363e-01	8.930327e-01	1.116373e+00	1.339767e+00	
-1.638832e+00	-1.365598e+00	-1.092416e+00	-8.192756e-01	-5.461664e-01	-2.730780e-01	-1.075248e-13	2.730780e-01	5.461664e-01	8.192756e-01	1.092416e+00	1.365598e+00	1.638832e+00	
-2.013479e+00	-1.677810e+00	-1.342190e+00	-1.006609e+00	-6.710563e-01	-3.355233e-01	-1.855401e-13	3.355233e-01	6.710563e-01	1.006609e+00	1.342190e+00	1.677810e+00	2.013479e+00	
-2.502263e+00	-2.085139e+00	-1.668059e+00	-1.251014e+00	-8.339950e-01	-4.169932e-01	-1.291505e-13	4.169932e-01	8.339950e-01	1.251014e+00	1.668059e+00	2.085139e+00	2.502263e+00	
-3.174696e+00	-2.645514e+00	-2.116368e+00	-1.587251e+00	-1.058156e+00	-5.290742e-01	-2.427371e-13	5.290742e-01	1.058156e+00	1.587251e+00	2.116368e+00	2.645514e+00	3.174696e+00	
-4.170308e+00	-3.475213e+00	-2.780142e+00	-2.085090e+00	-1.390052e+00	-6.950236e-01	-2.756266e-13	6.950236e-01	1.390052e+00	2.085090e+00	2.780142e+00	3.475213e+00	4.170308e+00	
-5.816753e+00	-4.847289e+00	-3.877827e+00	-2.908368e+00	-1.938911e+00	-9.694553e-01	-4.911578e-13	9.694553e-01	1.938911e+00	2.908368e+00	3.877827e+00	4.847289e+00	5.816753e+00	
-9.108627e+00	-7.590596e+00	-6.072525e+00	-4.554422e+00	-3.036295e+00	-1.518151e+00	-2.411872e-13	1.518151e+00	3.036295e+00	4.554422e+00	6.072525e+00	7.590596e+00	9.108627e+00	
-1.916497e+01	-1.597113e+01	-1.277712e+01	-9.582960e+00	-6.388699e+00	-3.194367e+00	-1.459463e-12	3.194367e+00	6.388699e+00	9.582960e+00	1.277712e+01	1.597113e+01	1.916497e+01	
5.356384e+02	4.463789e+02	3.571120e+02	2.678392e+02	1.785619e+02	8.928170e+01	4.191968e-11	-8.928170e+01	-1.785619e+02	-2.678392e+02	-3.571120e+02	-4.463789e+02	-5.356384e+02	
1.882171e+01	1.568540e+01	1.254873e+01	9.411791e+00	6.274643e+00	3.137356e+00	1.411468e-12	-3.137356e+00	-6.274643e+00	-9.411791e+00	-1.254873e+01	-1.568540e+01	-1.882171e+01	
9.778855e+00	8.149457e+00	6.519835e+00	4.890033e+00	3.260097e+00	1.630071e+00	7.885738e-13	-1.630071e+00	-3.260097e+00	-4.890033e+00	-6.519835e+00	-8.149457e+00	-9.778855e+00	
6.674666e+00	5.562558e+00	4.450267e+00	3.337829e+00	2.225281e+00	1.112659e+00	3.915299e-13	-1.112659e+00	-2.225281e+00	-3.337829e+00	-4.450267e+00	-5.562558e+00	-6.674666e+00	
5.094150e+00	4.245426e+00	3.396538e+00	2.547518e+00	1.698400e+00	8.492165e-01	4.544562e-13	-8.492165e-01	-1.698400e+00	-2.547518e+00	-3.396538e+00	-4.245426e+00	-5.094150e+00	
4.129333e+00	3.441391e+00	2.753296e+00	2.065079e+00	1.376771e+00	6.884007e-01	2.694436e-13	-6.884007e-01	-1.376771e+00	-2.065079e+00	-2.753296e+00	-3.441391e+00	-4.129333e+00	
3.473934e+00	2.895213e+00	2.316345e+00	1.737361e+00	1.158290e+00	5.791594e-01	2.481115e-13	-5.791594e-01	-1.158290e+00	-1.737361e+00	-2.316345e+00	-2.895213e+00	-3.473934e+00	
2.995749e+00	2.496716e+00	1.997543e+00	1.498256e+00	9.988848e-01	4.994566e-01	2.310584e-13	-4.994566e-01	-9.988848e-01	-1.498256e+00	-1.997543e+00	-2.496716e+00	-2.995749e+00	
2.628327e+00	2.190526e+00	1.752587e+00	1.314537e+00	8.764045e-01	4.382162e-01	1.350968e-13	-4.382162e-01	-8.764045e-01	-1.314537e+00	-1.752587e+00	-2.190526e+00	-2.628327e+00	
2.334582e+00	1.945736e+00	1.556753e+00	1.167660e+00	7.784858e-01	3.892566e-01	1.251858e-13	-3.892566e-01	-7.784858e-01	-1.167660e+00	-1.556753e+00	-1.945736e+00	-2.334582e+00	
2.092157e+00	1.743712e+00	1.395133e+00	1.046445e+00	6.976750e-01	3.488511e-01	2.331487e-13	-3.488511e-01	-6.976750e-01	-1.046445e+00	-1.395133e+00	-1.743712e+00	-2.092157e+00	
1.886741e+00	1.572532e+00	1.258188e+00	9.437355e-01	6.292021e-01	3.146146e-01	1.438271e-13	-3.146146e-01	-6.292021e-01	-9.437355e-01	-1.258188e+00	-1.572532e+00	-1.886741e+00	
1.708724e+00	1.424184e+00	1.139509e+00	8.547267e-01	5.698629e-01	2.849450e-01	1.696607e-13	-2.849450e-01	-5.698629e-01	-8.547267e-01	-1.139509e+00	-1.424184e+00	-1.708724e+00	
1.551381e+00	1.293066e+00	1.034615e+00	7.760564e-01	5.174161e-01	2.587216e-01	1.059273e-13	-2.587216e-01	-5.174161e-01	-7.760564e-01	-1.034615e+00	-1.293066e+00	-1.551381e+00	
1.409840e+00	1.175116e+00	9.402563e-01	7.052876e-01	4.702371e-01	2.351322e-01	9.654613e-14	-2.351322e-01	-4.702371e-01	-7.052876e-01	-9.402563e-01	-1.175116e+00	-1.409840e+00	
1.280451e+00	1.067293e+00	8.539993e-01	6.405954e-01	4.271094e-01	2.135684e-01	1.000803e-13	-2.135684e-01	-4.271094e-01	-6.405954e-01	-8.539993e-01	-1.067293e+00	-1.280451e+00	
1.160394e+00	9.672482e-01	7.739645e-01	5.805702e-01	3.870929e-01	1.935603e-01	8.368979e-14	-1.935603e-01	-3.870929e-01	-5.805702e-01	-7.739645e-01	-9.672482e-01	-1.160394e+00	
1.047422e+00	8.731073e-01	6.986534e-01	5.240879e-01	3.494385e-01	1.747333e-01	9.880051e-14	-1.747333e-01	-3.494385e-01	-5.240879e-01	-6.986534e-01	-8.731073e-01	-1.047422e+00	
9.396818e-01	7.833270e-01	6.268312e-01	4.702224e-01	3.135288e-01	1.567785e-01	1.037794e-13	-1.567785e-01	-3.135288e-01	-4.702224e-01	-6.268312e-01	-7.833270e-01	-9.396818e-01	
8.355927e-01	6.965895e-01	5.574434e-01	4.181829e-01	2.788364e-01	1.394325e-01	1.084806e-13	-1.394325e-01	-2.788364e-01	-4.181829e-01	-5.574434e-01	-6.965895e-01	-8.355927e-01	
7.337498e-01	6.117242e-01	4.895537e-01	3.672671e-01	2.448932e-01	1.224612e-01	8.883405e-14	-1.224612e-01	-2.448932e-01	-3.672671e-01	-4.895537e-01	-6.117242e-01	-7.337498e-01	
6.328518e-01	5.276468e-01	4.222946e-01	3.168243e-01	2.112655e-01	1.056475e-01	8.764685e-14	-1.056475e-01	-2.112655e-01	-3.168243e-01	-4.222946e-01	-5.276468e-01	-6.328518e-01	
5.316367e-01	4.433057e-01	3.548247e-01	2.662238e-01	1.775327e-01	8.878137e-02	7.588186e-14	-8.878137e-02	-1.775327e-01	-2.662238e-01	-3.548247e-01	-4.433057e-01	-5.316367e-01	
