4.995098e-11	2.949732e-11	1.967422e-11	1.523172e-11	1.320073e-11	1.224710e-11	1.180320e-11	1.163893e-11	1.169107e-11	1.203249e-11	1.300077e-11	1.587983e-11	2.659605e-11	
-1.268738e+04	-7.953786e+03	-5.066190e+03	-3.354407e+03	-2.421149e+03	-2.049816e+03	-2.154226e+03	-2.758610e+03	-4.003240e+03	-6.176984e+03	-9.784344e+03	-1.566256e+04	-2.517589e+04	
-2.533702e+04	-1.588391e+04	-1.011731e+04	-6.698836e+03	-4.835097e+03	-4.093535e+03	-4.302044e+03	-5.509014e+03	-7.994573e+03	-1.233559e+04	-1.953959e+04	-3.127852e+04	-5.027690e+04	
-3.791131e+04	-2.376681e+04	-1.513835e+04	-1.002335e+04	-7.234667e+03	-6.125082e+03	-6.437070e+03	-8.243038e+03	-1.196213e+04	-1.845752e+04	-2.923673e+04	-4.680148e+04	-7.522841e+04	
-5.037295e+04	-3.157908e+04	-2.011440e+04	-1.331807e+04	-9.612738e+03	-8.138427e+03	-8.552966e+03	-1.095256e+04	-1.589415e+04	-2.452460e+04	-3.884698e+04	-6.218536e+04	-9.995636e+04	
-6.268501e+04	-3.929758e+04	-2.503072e+04	-1.657325e+04	-1.196227e+04	-1.012761e+04	-1.064347e+04	-1.362957e+04	-1.977896e+04	-3.051886e+04	-4.834189e+04	-7.738459e+04	-1.243875e+05	
-7.481114e+04	-4.689951e+04	-2.987280e+04	-1.977927e+04	-1.427631e+04	-1.208675e+04	-1.270240e+04	-1.626615e+04	-2.360511e+04	-3.642260e+04	-5.769341e+04	-9.235429e+04	-1.484497e+05	
-8.671566e+04	-5.436252e+04	-3.462638e+04	-2.292669e+04	-1.654807e+04	-1.401008e+04	-1.472370e+04	-1.885454e+04	-2.736134e+04	-4.221844e+04	-6.687402e+04	-1.070504e+05	-1.720721e+05	
-9.836369e+04	-6.166473e+04	-3.927755e+04	-2.600631e+04	-1.877087e+04	-1.589198e+04	-1.670145e+04	-2.138717e+04	-3.103664e+04	-4.788940e+04	-7.585683e+04	-1.214299e+05	-1.951856e+05	
-1.097213e+05	-6.878489e+04	-4.381276e+04	-2.900914e+04	-2.093827e+04	-1.772695e+04	-1.862989e+04	-2.385665e+04	-3.462030e+04	-5.341898e+04	-8.461569e+04	-1.354509e+05	-2.177229e+05	
-1.207557e+05	-7.570238e+04	-4.821888e+04	-3.192651e+04	-2.304396e+04	-1.950970e+04	-2.050345e+04	-2.625584e+04	-3.810196e+04	-5.879117e+04	-9.312523e+04	-1.490728e+05	-2.396186e+05	
-1.314350e+05	-8.239734e+04	-5.248326e+04	-3.475002e+04	-2.508193e+04	-2.123510e+04	-2.231673e+04	-2.857785e+04	-4.147162e+04	-6.399054e+04	-1.013610e+05	-1.622564e+05	-2.608100e+05	
-1.417291e+05	-8.885073e+04	-5.659376e+04	-3.747165e+04	-2.704635e+04	-2.289824e+04	-2.406458e+04	-3.081608e+04	-4.471969e+04	-6.900230e+04	-1.092997e+05	-1.749644e+05	-2.812367e+05	
-1.516088e+05	-9.504436e+04	-6.053882e+04	-4.008374e+04	-2.893170e+04	-2.449443e+04	-2.574208e+04	-3.296422e+04	-4.783702e+04	-7.381233e+04	-1.169188e+05	-1.871609e+05	-3.008412e+05	
-1.610466e+05	-1.009610e+05	-6.430745e+04	-4.257901e+04	-3.073275e+04	-2.601925e+04	-2.734457e+04	-3.501629e+04	-5.081495e+04	-7.840726e+04	-1.241971e+05	-1.988119e+05	-3.195690e+05	
-1.700168e+05	-1.065845e+05	-6.788933e+04	-4.495063e+04	-3.244454e+04	-2.746850e+04	-2.886764e+04	-3.696667e+04	-5.364531e+04	-8.277449e+04	-1.311148e+05	-2.098856e+05	-3.373688e+05	
-1.784951e+05	-1.118996e+05	-7.127480e+04	-4.719221e+04	-3.406247e+04	-2.883829e+04	-3.030720e+04	-3.881011e+04	-5.632046e+04	-8.690225e+04	-1.376532e+05	-2.203521e+05	-3.541926e+05	
-1.864592e+05	-1.168923e+05	-7.445492e+04	-4.929782e+04	-3.558226e+04	-3.012499e+04	-3.165944e+04	-4.054173e+04	-5.883336e+04	-9.077963e+04	-1.437950e+05	-2.301837e+05	-3.699958e+05	
-1.938884e+05	-1.215497e+05	-7.742149e+04	-5.126203e+04	-3.699999e+04	-3.132528e+04	-3.292087e+04	-4.215706e+04	-6.117750e+04	-9.439663e+04	-1.495243e+05	-2.393551e+05	-3.847379e+05	
-2.007642e+05	-1.258602e+05	-8.016706e+04	-5.307992e+04	-3.831211e+04	-3.243616e+04	-3.408833e+04	-4.365207e+04	-6.334702e+04	-9.774419e+04	-1.548268e+05	-2.478433e+05	-3.983817e+05	
-2.070700e+05	-1.298133e+05	-8.268501e+04	-5.474709e+04	-3.951544e+04	-3.345494e+04	-3.515900e+04	-4.502312e+04	-6.533667e+04	-1.008142e+05	-1.596898e+05	-2.556277e+05	-4.108944e+05	
-2.127911e+05	-1.333999e+05	-8.496950e+04	-5.625969e+04	-4.060721e+04	-3.437926e+04	-3.613041e+04	-4.626706e+04	-6.714185e+04	-1.035996e+05	-1.641018e+05	-2.626904e+05	-4.222469e+05	
-2.179151e+05	-1.366121e+05	-8.701555e+04	-5.761441e+04	-4.158502e+04	-3.520711e+04	-3.700042e+04	-4.738116e+04	-6.875861e+04	-1.060943e+05	-1.680533e+05	-2.690159e+05	-4.324145e+05	
-2.224315e+05	-1.394435e+05	-8.881900e+04	-5.880851e+04	-4.244690e+04	-3.593680e+04	-3.776728e+04	-4.836317e+04	-7.018367e+04	-1.082931e+05	-1.715364e+05	-2.745915e+05	-4.413766e+05	
-2.263322e+05	-1.418889e+05	-9.037658e+04	-5.983981e+04	-4.319127e+04	-3.656701e+04	-3.842958e+04	-4.921129e+04	-7.141446e+04	-1.101922e+05	-1.745445e+05	-2.794069e+05	-4.491168e+05	
-2.296111e+05	-1.439444e+05	-9.168587e+04	-6.070671e+04	-4.381699e+04	-3.709675e+04	-3.898632e+04	-4.992422e+04	-7.244904e+04	-1.117886e+05	-1.770731e+05	-2.834547e+05	-4.556232e+05	
-2.322643e+05	-1.456077e+05	-9.274533e+04	-6.140820e+04	-4.432330e+04	-3.752542e+04	-3.943681e+04	-5.050111e+04	-7.328621e+04	-1.130803e+05	-1.791193e+05	-2.867301e+05	-4.608881e+05	
-2.342902e+05	-1.468778e+05	-9.355428e+04	-6.194382e+04	-4.470991e+04	-3.785273e+04	-3.978079e+04	-5.094159e+04	-7.392543e+04	-1.140666e+05	-1.806816e+05	-2.892310e+05	-4.649081e+05	
-2.356892e+05	-1.477548e+05	-9.411293e+04	-6.231371e+04	-4.497689e+04	-3.807876e+04	-4.001834e+04	-5.124578e+04	-7.436687e+04	-1.147478e+05	-1.817605e+05	-2.909581e+05	-4.676842e+05	
-2.364641e+05	-1.482406e+05	-9.442235e+04	-6.251858e+04	-4.512476e+04	-3.820395e+04	-4.014991e+04	-5.141427e+04	-7.461137e+04	-1.151250e+05	-1.823581e+05	-2.919147e+05	-4.692218e+05	
-2.366196e+05	-1.483381e+05	-9.448446e+04	-6.255970e+04	-4.515444e+04	-3.822908e+04	-4.017632e+04	-5.144808e+04	-7.466045e+04	-1.152008e+05	-1.824781e+05	-2.921067e+05	-4.695305e+05	
-2.361628e+05	-1.480517e+05	-9.430203e+04	-6.243891e+04	-4.506726e+04	-3.815527e+04	-4.009875e+04	-5.134875e+04	-7.451629e+04	-1.149783e+05	-1.821257e+05	-2.915427e+05	-4.686239e+05	
-2.351025e+05	-1.473870e+05	-9.387866e+04	-6.215859e+04	-4.486493e+04	-3.798397e+04	-3.991872e+04	-5.111822e+04	-7.418175e+04	-1.144621e+05	-1.813081e+05	-2.902338e+05	-4.665200e+05	
-2.334499e+05	-1.463510e+05	-9.321877e+04	-6.172167e+04	-4.454956e+04	-3.771697e+04	-3.963813e+04	-5.075890e+04	-7.366031e+04	-1.136576e+05	-1.800336e+05	-2.881937e+05	-4.632408e+05	
-2.312180e+05	-1.449518e+05	-9.232754e+04	-6.113157e+04	-4.412364e+04	-3.735638e+04	-3.925916e+04	-5.027362e+04	-7.295608e+04	-1.125709e+05	-1.783124e+05	-2.854384e+05	-4.588119e+05	
-2.284217e+05	-1.431988e+05	-9.121096e+04	-6.039226e+04	-4.359002e+04	-3.690460e+04	-3.878437e+04	-4.966562e+04	-7.207377e+04	-1.112095e+05	-1.761559e+05	-2.819864e+05	-4.532632e+05	
-2.250778e+05	-1.411025e+05	-8.987570e+04	-5.950817e+04	-4.295190e+04	-3.636435e+04	-3.821660e+04	-4.893856e+04	-7.101867e+04	-1.095815e+05	-1.735772e+05	-2.778584e+05	-4.466278e+05	
-2.212049e+05	-1.386745e+05	-8.832919e+04	-5.848420e+04	-4.221282e+04	-3.573862e+04	-3.755900e+04	-4.809646e+04	-6.979663e+04	-1.076959e+05	-1.705904e+05	-2.730772e+05	-4.389425e+05	
-2.168231e+05	-1.359275e+05	-8.657950e+04	-5.732570e+04	-4.137663e+04	-3.503068e+04	-3.681500e+04	-4.714373e+04	-6.841405e+04	-1.055626e+05	-1.672112e+05	-2.676679e+05	-4.302476e+05	
-2.119542e+05	-1.328753e+05	-8.463533e+04	-5.603844e+04	-4.044751e+04	-3.424406e+04	-3.598831e+04	-4.608510e+04	-6.687779e+04	-1.031922e+05	-1.634564e+05	-2.616573e+05	-4.205863e+05	
-2.066217e+05	-1.295323e+05	-8.250602e+04	-5.462858e+04	-3.942990e+04	-3.338252e+04	-3.508289e+04	-4.492566e+04	-6.519523e+04	-1.005960e+05	-1.593441e+05	-2.550744e+05	-4.100049e+05	
-2.008503e+05	-1.259141e+05	-8.020142e+04	-5.310267e+04	-3.832853e+04	-3.245006e+04	-3.410294e+04	-4.367077e+04	-6.337417e+04	-9.778608e+04	-1.548932e+05	-2.479495e+05	-3.985524e+05	
-1.946659e+05	-1.220371e+05	-7.773192e+04	-5.146757e+04	-3.714835e+04	-3.145089e+04	-3.305287e+04	-4.232610e+04	-6.142280e+04	-9.477513e+04	-1.501238e+05	-2.403148e+05	-3.862805e+05	
-1.880957e+05	-1.179182e+05	-7.510839e+04	-4.973049e+04	-3.589455e+04	-3.038939e+04	-3.193730e+04	-4.089755e+04	-5.934972e+04	-9.157638e+04	-1.450570e+05	-2.322040e+05	-3.732432e+05	
-1.811681e+05	-1.135752e+05	-7.234212e+04	-4.789890e+04	-3.457254e+04	-2.927014e+04	-3.076104e+04	-3.939128e+04	-5.716385e+04	-8.820359e+04	-1.397145e+05	-2.236518e+05	-3.594965e+05	
-1.739122e+05	-1.090265e+05	-6.944478e+04	-4.598052e+04	-3.318789e+04	-2.809785e+04	-2.952904e+04	-3.781363e+04	-5.487440e+04	-8.467098e+04	-1.341189e+05	-2.146944e+05	-3.450984e+05	
-1.663581e+05	-1.042908e+05	-6.642835e+04	-4.398330e+04	-3.174633e+04	-2.687738e+04	-2.824641e+04	-3.617115e+04	-5.249086e+04	-8.099319e+04	-1.282932e+05	-2.053689e+05	-3.301087e+05	
-1.585365e+05	-9.938742e+04	-6.330514e+04	-4.191537e+04	-3.025374e+04	-2.561371e+04	-2.691837e+04	-3.447052e+04	-5.002294e+04	-7.718519e+04	-1.222614e+05	-1.957132e+05	-3.145882e+05	
-1.504789e+05	-9.433605e+04	-6.008765e+04	-3.978502e+04	-2.871609e+04	-2.431189e+04	-2.555024e+04	-3.271855e+04	-4.748052e+04	-7.326225e+04	-1.160474e+05	-1.857661e+05	-2.985992e+05	
-1.422170e+05	-8.915660e+04	-5.678859e+04	-3.760065e+04	-2.713946e+04	-2.297707e+04	-2.414743e+04	-3.092217e+04	-4.487364e+04	-6.923985e+04	-1.096759e+05	-1.755667e+05	-2.822049e+05	
-1.337829e+05	-8.386923e+04	-5.342078e+04	-3.537077e+04	-2.552997e+04	-2.161443e+04	-2.271538e+04	-2.908835e+04	-4.221244e+04	-6.513362e+04	-1.031717e+05	-1.651549e+05	-2.654689e+05	
-1.252090e+05	-7.849419e+04	-4.999713e+04	-3.310392e+04	-2.389380e+04	-2.022919e+04	-2.125959e+04	-2.722413e+04	-3.950711e+04	-6.095932e+04	-9.655958e+04	-1.545704e+05	-2.484554e+05	
-1.165276e+05	-7.305181e+04	-4.653059e+04	-3.080866e+04	-2.223712e+04	-1.882661e+04	-1.978556e+04	-2.533654e+04	-3.676789e+04	-5.673271e+04	-8.986463e+04	-1.438533e+05	-2.312288e+05	
-1.077712e+05	-6.756235e+04	-4.303406e+04	-2.849355e+04	-2.056612e+04	-1.741189e+04	-1.829878e+04	-2.343264e+04	-3.400498e+04	-5.246955e+04	-8.311178e+04	-1.330434e+05	-2.138532e+05	
-9.897185e+04	-6.204599e+04	-3.952040e+04	-2.616710e+04	-1.888693e+04	-1.599023e+04	-1.680471e+04	-2.151940e+04	-3.122853e+04	-4.818549e+04	-7.632584e+04	-1.221807e+05	-1.963924e+05	
-9.016145e+04	-5.652270e+04	-3.600232e+04	-2.383772e+04	-1.720563e+04	-1.456679e+04	-1.530877e+04	-1.960376e+04	-2.844859e+04	-4.389606e+04	-6.953137e+04	-1.113042e+05	-1.789097e+05	
-8.137143e+04	-5.101219e+04	-3.249238e+04	-2.151374e+04	-1.552822e+04	-1.314665e+04	-1.381629e+04	-1.769255e+04	-2.567508e+04	-3.961654e+04	-6.275262e+04	-1.004530e+05	-1.614674e+05	
-7.263268e+04	-4.553382e+04	-2.900292e+04	-1.920330e+04	-1.386059e+04	-1.173479e+04	-1.233251e+04	-1.579249e+04	-2.291774e+04	-3.536199e+04	-5.601340e+04	-8.966498e+04	-1.441269e+05	
-6.397542e+04	-4.010654e+04	-2.554599e+04	-1.691442e+04	-1.220851e+04	-1.033609e+04	-1.086257e+04	-1.391014e+04	-2.018613e+04	-3.114711e+04	-4.933703e+04	-7.897760e+04	-1.269481e+05	
-5.542910e+04	-3.474880e+04	-2.213337e+04	-1.465486e+04	-1.057761e+04	-8.955316e+03	-9.411465e+03	-1.205192e+04	-1.748951e+04	-2.698624e+04	-4.274622e+04	-6.842718e+04	-1.099894e+05	
-4.702229e+04	-2.947853e+04	-1.877644e+04	-1.243219e+04	-8.973326e+03	-7.597083e+03	-7.984048e+03	-1.022403e+04	-1.483691e+04	-2.289330e+04	-3.626299e+04	-5.804897e+04	-9.330755e+04	
-3.878255e+04	-2.431299e+04	-1.548624e+04	-1.025369e+04	-7.400927e+03	-6.265843e+03	-6.585000e+03	-8.432471e+03	-1.223704e+04	-1.888170e+04	-2.990861e+04	-4.787703e+04	-7.695723e+04	
-3.073639e+04	-1.926881e+04	-1.227333e+04	-8.126373e+03	-5.865466e+03	-4.965877e+03	-5.218819e+03	-6.682997e+03	-9.698234e+03	-1.496434e+04	-2.370351e+04	-3.794404e+04	-6.099101e+04	
-2.290909e+04	-1.436183e+04	-9.147818e+03	-6.056920e+03	-4.371773e+03	-3.701272e+03	-3.889800e+03	-4.981112e+03	-7.228492e+03	-1.115353e+04	-1.766720e+04	-2.828125e+04	-4.545911e+04	
-1.532471e+04	-9.607143e+03	-6.119301e+03	-4.051689e+03	-2.924435e+03	-2.475913e+03	-2.602026e+03	-3.332043e+03	-4.835396e+03	-7.460996e+03	-1.181822e+04	-1.891834e+04	-3.040922e+04	
-8.005917e+03	-5.018953e+03	-3.196839e+03	-2.116679e+03	-1.527780e+03	-1.293464e+03	-1.359347e+03	-1.740722e+03	-2.526102e+03	-3.897765e+03	-6.174062e+03	-9.883298e+03	-1.588635e+04	
-9.739789e+02	-6.105926e+02	-3.889190e+02	-2.575096e+02	-1.858657e+02	-1.573594e+02	-1.653746e+02	-2.117717e+02	-3.073190e+02	-4.741919e+02	-7.511202e+02	-1.202376e+03	-1.932692e+03	
5.751345e+03	3.605549e+03	2.296566e+03	1.520594e+03	1.097537e+03	9.292071e+02	9.765372e+02	1.250512e+03	1.814718e+03	2.800103e+03	4.435364e+03	7.100030e+03	1.141254e+04	
1.215185e+04	7.618061e+03	4.852349e+03	3.212819e+03	2.318954e+03	1.963295e+03	2.063297e+03	2.642171e+03	3.834266e+03	5.916257e+03	9.371353e+03	1.500145e+04	2.411323e+04	
1.821095e+04	1.141654e+04	7.271803e+03	4.814780e+03	3.475219e+03	2.942223e+03	3.092088e+03	3.959597e+03	5.746089e+03	8.866192e+03	1.404405e+04	2.248140e+04	3.613645e+04	
2.391370e+04	1.499163e+04	9.548968e+03	6.322528e+03	4.563484e+03	3.863580e+03	4.060376e+03	5.199544e+03	7.545476e+03	1.164264e+04	1.844194e+04	2.952145e+04	4.745258e+04	
2.924689e+04	1.833504e+04	1.167856e+04	7.732566e+03	5.581224e+03	4.725229e+03	4.965913e+03	6.359137e+03	9.228255e+03	1.423916e+04	2.255483e+04	3.610526e+04	5.803537e+04	
3.419902e+04	2.143955e+04	1.365599e+04	9.041857e+03	6.526246e+03	5.525312e+03	5.806749e+03	7.435876e+03	1.079080e+04	1.665016e+04	2.637385e+04	4.221866e+04	6.786201e+04	
3.876036e+04	2.429908e+04	1.547738e+04	1.024783e+04	7.396691e+03	6.262257e+03	6.581232e+03	8.427645e+03	1.223003e+04	1.887089e+04	2.989150e+04	4.784963e+04	7.691319e+04	
4.292294e+04	2.690863e+04	1.713954e+04	1.134837e+04	8.191043e+03	6.934779e+03	7.288008e+03	9.332714e+03	1.354345e+04	2.089749e+04	3.310163e+04	5.298834e+04	8.517311e+04	
4.668061e+04	2.926433e+04	1.864001e+04	1.234185e+04	8.908122e+03	7.541879e+03	7.926033e+03	1.014974e+04	1.472910e+04	2.272695e+04	3.599949e+04	5.762717e+04	9.262954e+04	
5.002896e+04	3.136343e+04	1.997704e+04	1.322712e+04	9.547094e+03	8.082852e+03	8.494560e+03	1.087777e+04	1.578561e+04	2.435713e+04	3.858170e+04	6.176071e+04	9.927377e+04	
5.296542e+04	3.320431e+04	2.114959e+04	1.400349e+04	1.010746e+04	8.557276e+03	8.993149e+03	1.151624e+04	1.671215e+04	2.578678e+04	4.084626e+04	6.538577e+04	1.051007e+05	
5.548915e+04	3.478645e+04	2.215734e+04	1.467074e+04	1.058907e+04	8.965018e+03	9.421661e+03	1.206498e+04	1.750846e+04	2.701548e+04	4.279253e+04	6.850131e+04	1.101086e+05	
5.760108e+04	3.611043e+04	2.300065e+04	1.522911e+04	1.099209e+04	9.306228e+03	9.780250e+03	1.252417e+04	1.817483e+04	2.804369e+04	4.442122e+04	7.110848e+04	1.142993e+05	
5.930384e+04	3.717790e+04	2.368058e+04	1.567930e+04	1.131703e+04	9.581333e+03	1.006937e+04	1.289440e+04	1.871210e+04	2.887270e+04	4.573437e+04	7.321054e+04	1.176782e+05	
6.060178e+04	3.799158e+04	2.419886e+04	1.602246e+04	1.156472e+04	9.791032e+03	1.028975e+04	1.317661e+04	1.912164e+04	2.950462e+04	4.673532e+04	7.481284e+04	1.202537e+05	
6.150087e+04	3.855523e+04	2.455788e+04	1.626017e+04	1.173629e+04	9.936292e+03	1.044241e+04	1.337210e+04	1.940533e+04	2.994235e+04	4.742869e+04	7.592276e+04	1.220378e+05	
6.200868e+04	3.887358e+04	2.476065e+04	1.639443e+04	1.183320e+04	1.001834e+04	1.052863e+04	1.348252e+04	1.956556e+04	3.018958e+04	4.782031e+04	7.654966e+04	1.230454e+05	
6.213433e+04	3.895235e+04	2.481083e+04	1.642765e+04	1.185718e+04	1.003864e+04	1.054997e+04	1.350984e+04	1.960521e+04	3.025076e+04	4.791721e+04	7.670478e+04	1.232948e+05	
6.188843e+04	3.879819e+04	2.471264e+04	1.636264e+04	1.181025e+04	9.998908e+03	1.050821e+04	1.345637e+04	1.952762e+04	3.013104e+04	4.772757e+04	7.640121e+04	1.228068e+05	
6.128298e+04	3.841864e+04	2.447088e+04	1.620257e+04	1.169471e+04	9.901090e+03	1.040541e+04	1.332473e+04	1.933658e+04	2.983627e+04	4.726066e+04	7.565379e+04	1.216054e+05	
6.033135e+04	3.782205e+04	2.409088e+04	1.595096e+04	1.151311e+04	9.747340e+03	1.024383e+04	1.311781e+04	1.903631e+04	2.937295e+04	4.652677e+04	7.447899e+04	1.197171e+05	
5.904814e+04	3.701760e+04	2.357848e+04	1.561170e+04	1.126824e+04	9.540020e+03	1.002595e+04	1.283881e+04	1.863142e+04	2.874821e+04	4.553718e+04	7.289487e+04	1.171708e+05	
5.744916e+04	3.601519e+04	2.293999e+04	1.518894e+04	1.096310e+04	9.281684e+03	9.754456e+03	1.249114e+04	1.812690e+04	2.796973e+04	4.430406e+04	7.092094e+04	1.139979e+05	
5.555131e+04	3.482542e+04	2.218216e+04	1.468717e+04	1.060093e+04	8.975061e+03	9.432215e+03	1.207849e+04	1.752807e+04	2.704574e+04	4.284047e+04	6.857804e+04	1.102319e+05	
5.337250e+04	3.345951e+04	2.131214e+04	1.411112e+04	1.018515e+04	8.623045e+03	9.062268e+03	1.160476e+04	1.684059e+04	2.598497e+04	4.116020e+04	6.588830e+04	1.059084e+05	
5.093154e+04	3.192926e+04	2.033745e+04	1.346575e+04	9.719334e+03	8.228675e+03	8.647810e+03	1.107402e+04	1.607040e+04	2.479656e+04	3.927776e+04	6.287494e+04	1.010648e+05	
4.824806e+04	3.024697e+04	1.926591e+04	1.275627e+04	9.207242e+03	7.795123e+03	8.192175e+03	1.049055e+04	1.522368e+04	2.349008e+04	3.720829e+04	5.956219e+04	9.573988e+04	
4.534242e+04	2.842541e+04	1.810566e+04	1.198805e+04	8.652754e+03	7.325677e+03	7.698817e+03	9.858778e+03	1.430686e+04	2.207543e+04	3.496750e+04	5.597517e+04	8.997413e+04	
4.223556e+04	2.647770e+04	1.686506e+04	1.116663e+04	8.059869e+03	6.823723e+03	7.171296e+03	9.183257e+03	1.332656e+04	2.056283e+04	3.257153e+04	5.213977e+04	8.380913e+04	
3.894898e+04	2.441733e+04	1.555270e+04	1.029770e+04	7.432687e+03	6.292732e+03	6.613258e+03	8.468658e+03	1.228955e+04	1.896272e+04	3.003696e+04	4.808248e+04	7.728748e+04	
3.550455e+04	2.225800e+04	1.417730e+04	9.387025e+03	6.775381e+03	5.736238e+03	6.028419e+03	7.719737e+03	1.120273e+04	1.728577e+04	2.738066e+04	4.383034e+04	7.045261e+04	
3.192446e+04	2.001362e+04	1.274774e+04	8.440486e+03	6.092187e+03	5.157825e+03	5.420544e+03	6.941318e+03	1.007310e+04	1.554276e+04	2.461974e+04	3.941071e+04	6.334853e+04	
2.823108e+04	1.769822e+04	1.127294e+04	7.463995e+03	5.387374e+03	4.561110e+03	4.793435e+03	6.138269e+03	8.907735e+03	1.374460e+04	2.177145e+04	3.485124e+04	5.601966e+04	
2.444689e+04	1.532589e+04	9.761874e+03	6.463496e+03	4.665232e+03	3.949723e+03	4.150907e+03	5.315474e+03	7.713712e+03	1.190223e+04	1.885313e+04	3.017966e+04	4.851060e+04	
2.059435e+04	1.291071e+04	8.223519e+03	5.444926e+03	3.930047e+03	3.327294e+03	3.496773e+03	4.477819e+03	6.498123e+03	1.002658e+04	1.588210e+04	2.542371e+04	4.086590e+04	
1.669581e+04	1.046669e+04	6.666795e+03	4.414194e+03	3.186084e+03	2.697433e+03	2.834829e+03	3.630162e+03	5.268019e+03	8.128532e+03	1.287560e+04	2.061096e+04	3.312993e+04	
1.277340e+04	8.007715e+03	5.100540e+03	3.377151e+03	2.437565e+03	2.063715e+03	2.168832e+03	2.777314e+03	4.030384e+03	6.218865e+03	9.850685e+03	1.576875e+04	2.534659e+04	
8.848938e+03	5.547447e+03	3.533465e+03	2.339565e+03	1.688655e+03	1.429665e+03	1.502486e+03	1.924020e+03	2.792100e+03	4.308199e+03	6.824189e+03	1.092401e+04	1.755918e+04	
4.943826e+03	3.099312e+03	1.974117e+03	1.307095e+03	9.434370e+02	7.987416e+02	8.394263e+02	1.074934e+03	1.559923e+03	2.406954e+03	3.812616e+03	6.103149e+03	9.810163e+03	
1.078965e+03	6.764089e+02	4.308409e+02	2.852668e+02	2.059003e+02	1.743213e+02	1.832005e+02	2.345988e+02	3.404451e+02	5.253054e+02	8.320840e+02	1.331981e+03	2.141018e+03	
-2.725342e+03	-1.708532e+03	-1.088255e+03	-7.205514e+02	-5.200807e+02	-4.403157e+02	-4.627436e+02	-5.925698e+02	-8.599257e+02	-1.326862e+03	-2.101750e+03	-3.364433e+03	-5.407968e+03	
-6.449474e+03	-4.043210e+03	-2.575336e+03	-1.705172e+03	-1.230762e+03	-1.041999e+03	-1.095074e+03	-1.402306e+03	-2.034999e+03	-3.139995e+03	-4.973753e+03	-7.961870e+03	-1.279786e+04	
-1.007457e+04	-6.315804e+03	-4.022872e+03	-2.663609e+03	-1.922544e+03	-1.627683e+03	-1.710590e+03	-2.190509e+03	-3.178824e+03	-4.904912e+03	-7.769383e+03	-1.243705e+04	-1.999124e+04	
-1.358262e+04	-8.515021e+03	-5.423670e+03	-3.591101e+03	-2.591990e+03	-2.194455e+03	-2.306232e+03	-2.953263e+03	-4.285717e+03	-6.612844e+03	-1.047475e+04	-1.676774e+04	-2.695235e+04	
-1.695653e+04	-1.063014e+04	-6.770903e+03	-4.483125e+03	-3.235837e+03	-2.739555e+03	-2.879097e+03	-3.686849e+03	-5.350283e+03	-8.255465e+03	-1.307666e+04	-2.093282e+04	-3.364728e+04	
-2.018017e+04	-1.265106e+04	-8.058134e+03	-5.335422e+03	-3.851010e+03	-3.260378e+03	-3.426449e+03	-4.387765e+03	-6.367438e+03	-9.824931e+03	-1.556269e+04	-2.491241e+04	-4.004404e+04	
-2.323849e+04	-1.456834e+04	-9.279349e+03	-6.144009e+03	-4.434632e+03	-3.754491e+03	-3.945729e+03	-5.052733e+03	-7.332427e+03	-1.131390e+04	-1.792123e+04	-2.868790e+04	-4.611274e+04	
-2.611752e+04	-1.637321e+04	-1.042897e+04	-6.905192e+03	-4.984040e+03	-4.219636e+03	-4.434567e+03	-5.678718e+03	-8.240844e+03	-1.271559e+04	-2.014150e+04	-3.224205e+04	-5.182567e+04	
-2.880444e+04	-1.805766e+04	-1.150189e+04	-7.615587e+03	-5.496790e+03	-4.653745e+03	-4.890788e+03	-6.262935e+03	-9.088648e+03	-1.402375e+04	-2.221362e+04	-3.555906e+04	-5.715740e+04	
-3.128766e+04	-1.961440e+04	-1.249346e+04	-8.272123e+03	-5.970666e+03	-5.054942e+03	-5.312421e+03	-6.802860e+03	-9.872177e+03	-1.523273e+04	-2.412865e+04	-3.862459e+04	-6.208492e+04	
-3.355681e+04	-2.103695e+04	-1.339955e+04	-8.872062e+03	-6.403691e+03	-5.421554e+03	-5.697706e+03	-7.296240e+03	-1.058816e+04	-1.633749e+04	-2.587859e+04	-4.142585e+04	-6.658765e+04	
-3.560279e+04	-2.231958e+04	-1.421653e+04	-9.412998e+03	-6.794128e+03	-5.752110e+03	-6.045099e+03	-7.741097e+03	-1.123373e+04	-1.733360e+04	-2.745642e+04	-4.395161e+04	-7.064755e+04	
-3.741782e+04	-2.345743e+04	-1.494129e+04	-9.892871e+03	-7.140492e+03	-6.045351e+03	-6.353277e+03	-8.135737e+03	-1.180642e+04	-1.821726e+04	-2.885615e+04	-4.619226e+04	-7.424915e+04	
-3.899542e+04	-2.444644e+04	-1.557124e+04	-1.030997e+04	-7.441547e+03	-6.300234e+03	-6.621142e+03	-8.478753e+03	-1.230420e+04	-1.898533e+04	-3.007277e+04	-4.813981e+04	-7.737962e+04	
-4.033045e+04	-2.528338e+04	-1.610433e+04	-1.066294e+04	-7.696313e+03	-6.515926e+03	-6.847821e+03	-8.769029e+03	-1.272544e+04	-1.963530e+04	-3.110233e+04	-4.978790e+04	-8.002876e+04	
-4.141912e+04	-2.596587e+04	-1.653905e+04	-1.095077e+04	-7.904066e+03	-6.691815e+03	-7.032670e+03	-9.005738e+03	-1.306895e+04	-2.016534e+04	-3.194190e+04	-5.113187e+04	-8.218904e+04	
-4.225898e+04	-2.649238e+04	-1.687441e+04	-1.117282e+04	-8.064337e+03	-6.827506e+03	-7.175272e+03	-9.188348e+03	-1.333395e+04	-2.057423e+04	-3.258959e+04	-5.216867e+04	-8.385559e+04	
-4.284891e+04	-2.686221e+04	-1.710997e+04	-1.132879e+04	-8.176914e+03	-6.922817e+03	-7.275437e+03	-9.316616e+03	-1.352009e+04	-2.086144e+04	-3.304453e+04	-5.289694e+04	-8.502620e+04	
-4.318911e+04	-2.707549e+04	-1.724582e+04	-1.141874e+04	-8.241836e+03	-6.977782e+03	-7.333202e+03	-9.390587e+03	-1.362743e+04	-2.102708e+04	-3.330690e+04	-5.331692e+04	-8.570128e+04	
-4.328112e+04	-2.713317e+04	-1.728256e+04	-1.144307e+04	-8.259394e+03	-6.992646e+03	-7.348824e+03	-9.410591e+03	-1.365646e+04	-2.107187e+04	-3.337785e+04	-5.343050e+04	-8.588385e+04	
-4.312772e+04	-2.703700e+04	-1.722131e+04	-1.140251e+04	-8.230120e+03	-6.967862e+03	-7.322777e+03	-9.377237e+03	-1.360806e+04	-2.099718e+04	-3.325955e+04	-5.324113e+04	-8.557945e+04	
-4.273296e+04	-2.678952e+04	-1.706368e+04	-1.129814e+04	-8.154788e+03	-6.904084e+03	-7.255750e+03	-9.291406e+03	-1.348350e+04	-2.080499e+04	-3.295512e+04	-5.275380e+04	-8.479612e+04	
-4.210212e+04	-2.639405e+04	-1.681177e+04	-1.113135e+04	-8.034403e+03	-6.802163e+03	-7.148638e+03	-9.154242e+03	-1.328446e+04	-2.049786e+04	-3.246862e+04	-5.197502e+04	-8.354432e+04	
-4.124163e+04	-2.585460e+04	-1.646817e+04	-1.090385e+04	-7.870195e+03	-6.663140e+03	-7.002533e+03	-8.967146e+03	-1.301295e+04	-2.007892e+04	-3.180502e+04	-5.091275e+04	-8.183684e+04	
-4.015907e+04	-2.517594e+04	-1.603590e+04	-1.061763e+04	-7.663609e+03	-6.488237e+03	-6.818722e+03	-8.731766e+03	-1.267137e+04	-1.955187e+04	-3.097016e+04	-4.957633e+04	-7.968868e+04	
-3.886308e+04	-2.436348e+04	-1.551840e+04	-1.027498e+04	-7.416294e+03	-6.278853e+03	-6.598673e+03	-8.449980e+03	-1.226244e+04	-1.892090e+04	-2.997072e+04	-4.797644e+04	-7.711702e+04	
-3.736334e+04	-2.342328e+04	-1.491953e+04	-9.878467e+03	-7.130096e+03	-6.036549e+03	-6.344027e+03	-8.123891e+03	-1.178923e+04	-1.819074e+04	-2.881413e+04	-4.612501e+04	-7.414104e+04	
-3.567046e+04	-2.236201e+04	-1.424355e+04	-9.430889e+03	-6.807042e+03	-5.763043e+03	-6.056589e+03	-7.755810e+03	-1.125508e+04	-1.736654e+04	-2.750861e+04	-4.403515e+04	-7.078183e+04	
-3.379598e+04	-2.118688e+04	-1.349505e+04	-8.935296e+03	-6.449332e+03	-5.460195e+03	-5.738315e+03	-7.348242e+03	-1.066362e+04	-1.645393e+04	-2.606303e+04	-4.172110e+04	-6.706224e+04	
-3.175223e+04	-1.990565e+04	-1.267897e+04	-8.394951e+03	-6.059321e+03	-5.130000e+03	-5.391301e+03	-6.903871e+03	-1.001876e+04	-1.545891e+04	-2.448692e+04	-3.919810e+04	-6.300678e+04	
-2.955232e+04	-1.852651e+04	-1.180052e+04	-7.813318e+03	-5.639509e+03	-4.774575e+03	-5.017773e+03	-6.425546e+03	-9.324626e+03	-1.438786e+04	-2.279038e+04	-3.648232e+04	-5.864144e+04	
-2.721003e+04	-1.705812e+04	-1.086522e+04	-7.194042e+03	-5.192527e+03	-4.396146e+03	-4.620069e+03	-5.916263e+03	-8.585565e+03	-1.324749e+04	-2.098403e+04	-3.359076e+04	-5.399357e+04	
-2.473974e+04	-1.550948e+04	-9.878811e+03	-6.540922e+03	-4.721117e+03	-3.997037e+03	-4.200630e+03	-5.379149e+03	-7.806114e+03	-1.204480e+04	-1.907897e+04	-3.054118e+04	-4.909171e+04	
-2.215634e+04	-1.388993e+04	-8.847237e+03	-5.857900e+03	-4.228124e+03	-3.579655e+03	-3.761988e+03	-4.817442e+03	-6.990977e+03	-1.078705e+04	-1.708669e+04	-2.735198e+04	-4.396540e+04	
-1.947518e+04	-1.220910e+04	-7.776624e+03	-5.149030e+03	-3.716475e+03	-3.146477e+03	-3.306746e+03	-4.234479e+03	-6.144992e+03	-9.481698e+03	-1.501901e+04	-2.404209e+04	-3.864511e+04	
-1.671195e+04	-1.047682e+04	-6.673242e+03	-4.418462e+03	-3.189165e+03	-2.700041e+03	-2.837570e+03	-3.633672e+03	-5.273113e+03	-8.136392e+03	-1.288805e+04	-2.063089e+04	-3.316197e+04	
-1.388263e+04	-8.703094e+03	-5.543464e+03	-3.670418e+03	-2.649240e+03	-2.242925e+03	-2.357171e+03	-3.018492e+03	-4.380377e+03	-6.758904e+03	-1.070611e+04	-1.713809e+04	-2.754766e+04	
-1.100335e+04	-6.898061e+03	-4.393742e+03	-2.909169e+03	-2.099784e+03	-1.777739e+03	-1.868290e+03	-2.392453e+03	-3.471881e+03	-5.357098e+03	-8.485645e+03	-1.358363e+04	-2.183424e+04	
-8.090384e+03	-5.071906e+03	-3.230567e+03	-2.139011e+03	-1.543899e+03	-1.307110e+03	-1.373689e+03	-1.759088e+03	-2.552754e+03	-3.938889e+03	-6.239202e+03	-9.987572e+03	-1.605396e+04	
-5.159997e+03	-3.234830e+03	-2.060436e+03	-1.364248e+03	-9.846891e+02	-8.336669e+02	-8.761305e+02	-1.121935e+03	-1.628131e+03	-2.512199e+03	-3.979324e+03	-6.370011e+03	-1.023912e+04	
-2.228395e+03	-1.396993e+03	-8.898194e+02	-5.891640e+02	-4.252477e+02	-3.600272e+02	-3.783656e+02	-4.845189e+02	-7.031243e+02	-1.084918e+03	-1.718510e+03	-2.750952e+03	-4.421863e+03	
6.883648e+02	4.315396e+02	2.748706e+02	1.819963e+02	1.313616e+02	1.112146e+02	1.168794e+02	1.496708e+02	2.171993e+02	3.351377e+02	5.308582e+02	8.497857e+02	1.365940e+03	
3.574460e+03	2.240849e+03	1.427316e+03	9.450491e+02	6.821190e+02	5.775021e+02	6.069178e+02	7.771931e+02	1.127847e+03	1.740264e+03	2.756578e+03	4.412668e+03	7.092895e+03	
6.414379e+03	4.021209e+03	2.561322e+03	1.695893e+03	1.224064e+03	1.036329e+03	1.089116e+03	1.394675e+03	2.023925e+03	3.122908e+03	4.946688e+03	7.918545e+03	1.272822e+04	
