-2.724214e-07	-2.686840e-07	-2.665912e-07	-2.661152e-07	-2.672766e-07	-2.701486e-07	-2.748632e-07	-2.816225e-07	-2.907144e-07	-3.025348e-07	-3.176174e-07	-3.366744e-07	-3.606510e-07	
-6.550062e+07	-6.230330e+07	-5.942734e+07	-5.685793e+07	-5.458180e+07	-5.258721e+07	-5.086388e+07	-4.940292e+07	-4.819678e+07	-4.723926e+07	-4.652540e+07	-4.605154e+07	-4.581521e+07	
-1.309002e+08	-1.245105e+08	-1.187630e+08	-1.136282e+08	-1.090794e+08	-1.050933e+08	-1.016493e+08	-9.872964e+07	-9.631924e+07	-9.440566e+07	-9.297906e+07	-9.203205e+07	-9.155977e+07	
-1.960980e+08	-1.865258e+08	-1.779156e+08	-1.702232e+08	-1.634089e+08	-1.574374e+08	-1.522781e+08	-1.479042e+08	-1.442932e+08	-1.414265e+08	-1.392894e+08	-1.378707e+08	-1.371632e+08	
-2.609938e+08	-2.482537e+08	-2.367942e+08	-2.265561e+08	-2.174866e+08	-2.095390e+08	-2.026722e+08	-1.968509e+08	-1.920449e+08	-1.882295e+08	-1.853851e+08	-1.834969e+08	-1.825553e+08	
-3.254878e+08	-3.095996e+08	-2.953083e+08	-2.825403e+08	-2.712297e+08	-2.613181e+08	-2.527545e+08	-2.454946e+08	-2.395010e+08	-2.347429e+08	-2.311956e+08	-2.288408e+08	-2.276665e+08	
-3.894817e+08	-3.704696e+08	-3.533685e+08	-3.380902e+08	-3.245558e+08	-3.126956e+08	-3.024483e+08	-2.937610e+08	-2.865891e+08	-2.808954e+08	-2.766507e+08	-2.738329e+08	-2.724277e+08	
-4.528778e+08	-4.307712e+08	-4.108866e+08	-3.931214e+08	-3.773840e+08	-3.635932e+08	-3.516779e+08	-3.415767e+08	-3.332374e+08	-3.266169e+08	-3.216813e+08	-3.184049e+08	-3.167709e+08	
-5.155803e+08	-4.904130e+08	-4.677752e+08	-4.475504e+08	-4.296341e+08	-4.139340e+08	-4.003690e+08	-3.888692e+08	-3.793752e+08	-3.718382e+08	-3.662192e+08	-3.624892e+08	-3.606290e+08	
-5.774949e+08	-5.493052e+08	-5.239490e+08	-5.012954e+08	-4.812276e+08	-4.636421e+08	-4.484481e+08	-4.355674e+08	-4.249333e+08	-4.164912e+08	-4.101974e+08	-4.060195e+08	-4.039359e+08	
-6.385291e+08	-6.073601e+08	-5.793241e+08	-5.542763e+08	-5.320875e+08	-5.126434e+08	-4.958436e+08	-4.816015e+08	-4.698436e+08	-4.605092e+08	-4.535502e+08	-4.489308e+08	-4.466270e+08	
-6.985925e+08	-6.644916e+08	-6.338184e+08	-6.064144e+08	-5.821385e+08	-5.608654e+08	-5.424853e+08	-5.269035e+08	-5.140396e+08	-5.038272e+08	-4.962136e+08	-4.911596e+08	-4.886391e+08	
-7.575972e+08	-7.206161e+08	-6.873520e+08	-6.576335e+08	-6.313072e+08	-6.082373e+08	-5.883048e+08	-5.714069e+08	-5.574565e+08	-5.463815e+08	-5.381249e+08	-5.326440e+08	-5.299106e+08	
-8.154575e+08	-7.756520e+08	-7.398475e+08	-7.078593e+08	-6.795224e+08	-6.546905e+08	-6.332357e+08	-6.150473e+08	-6.000314e+08	-5.881106e+08	-5.792234e+08	-5.733239e+08	-5.703818e+08	
-8.720908e+08	-8.295208e+08	-7.912297e+08	-7.570199e+08	-7.267149e+08	-7.001586e+08	-6.772137e+08	-6.577621e+08	-6.417034e+08	-6.289547e+08	-6.194502e+08	-6.131410e+08	-6.099946e+08	
-9.274169e+08	-8.821463e+08	-8.414259e+08	-8.050458e+08	-7.728183e+08	-7.445772e+08	-7.201767e+08	-6.994911e+08	-6.824136e+08	-6.688561e+08	-6.587487e+08	-6.520392e+08	-6.486931e+08	
-9.813591e+08	-9.334554e+08	-8.903666e+08	-8.518705e+08	-8.177685e+08	-7.878847e+08	-7.620651e+08	-7.401762e+08	-7.221054e+08	-7.077594e+08	-6.970641e+08	-6.899644e+08	-6.864237e+08	
-1.033844e+09	-9.833781e+08	-9.379848e+08	-8.974299e+08	-8.615041e+08	-8.300221e+08	-8.028215e+08	-7.797621e+08	-7.607248e+08	-7.456115e+08	-7.343442e+08	-7.268648e+08	-7.231347e+08	
-1.084801e+09	-1.031848e+09	-9.842169e+08	-9.416631e+08	-9.039665e+08	-8.709328e+08	-8.423916e+08	-8.181956e+08	-7.982200e+08	-7.823617e+08	-7.705391e+08	-7.626910e+08	-7.587771e+08	
-1.134163e+09	-1.078800e+09	-1.029002e+09	-9.845122e+08	-9.451003e+08	-9.105635e+08	-8.807235e+08	-8.554264e+08	-8.345419e+08	-8.179620e+08	-8.056014e+08	-7.973963e+08	-7.933042e+08	
-1.181868e+09	-1.124177e+09	-1.072284e+09	-1.025923e+09	-9.848529e+08	-9.488634e+08	-9.177683e+08	-8.914072e+08	-8.696442e+08	-8.523670e+08	-8.394865e+08	-8.309362e+08	-8.266720e+08	
-1.227856e+09	-1.167920e+09	-1.114008e+09	-1.065843e+09	-1.023175e+09	-9.857851e+08	-9.534800e+08	-9.260932e+08	-9.034833e+08	-8.855338e+08	-8.721521e+08	-8.632691e+08	-8.588391e+08	
-1.272073e+09	-1.209978e+09	-1.154125e+09	-1.104225e+09	-1.060021e+09	-1.021284e+09	-9.878158e+08	-9.594427e+08	-9.360187e+08	-9.174228e+08	-9.035592e+08	-8.943563e+08	-8.897667e+08	
-1.314466e+09	-1.250302e+09	-1.192587e+09	-1.141024e+09	-1.095347e+09	-1.055320e+09	-1.020736e+09	-9.914172e+08	-9.672125e+08	-9.479969e+08	-9.336713e+08	-9.241617e+08	-9.194191e+08	
-1.354989e+09	-1.288847e+09	-1.229353e+09	-1.176200e+09	-1.129115e+09	-1.087853e+09	-1.052203e+09	-1.021981e+09	-9.970301e+08	-9.772221e+08	-9.624549e+08	-9.526521e+08	-9.477634e+08	
-1.393598e+09	-1.325572e+09	-1.264383e+09	-1.209715e+09	-1.161288e+09	-1.118851e+09	-1.082185e+09	-1.051102e+09	-1.025440e+09	-1.005068e+09	-9.898796e+08	-9.797975e+08	-9.747694e+08	
-1.430256e+09	-1.360440e+09	-1.297642e+09	-1.241536e+09	-1.191835e+09	-1.148282e+09	-1.110652e+09	-1.078751e+09	-1.052414e+09	-1.031505e+09	-1.015918e+09	-1.005571e+09	-1.000410e+09	
-1.464928e+09	-1.393420e+09	-1.329099e+09	-1.271634e+09	-1.220728e+09	-1.176118e+09	-1.137576e+09	-1.104901e+09	-1.077926e+09	-1.056511e+09	-1.040546e+09	-1.029947e+09	-1.024662e+09	
-1.497584e+09	-1.424482e+09	-1.358727e+09	-1.299981e+09	-1.247940e+09	-1.202336e+09	-1.162935e+09	-1.129532e+09	-1.101955e+09	-1.080063e+09	-1.063741e+09	-1.052907e+09	-1.047504e+09	
-1.528199e+09	-1.453602e+09	-1.386503e+09	-1.326555e+09	-1.273451e+09	-1.226915e+09	-1.186708e+09	-1.152622e+09	-1.124482e+09	-1.102142e+09	-1.085487e+09	-1.074431e+09	-1.068917e+09	
-1.556750e+09	-1.480760e+09	-1.412407e+09	-1.351340e+09	-1.297243e+09	-1.249838e+09	-1.208880e+09	-1.174157e+09	-1.145491e+09	-1.122733e+09	-1.105767e+09	-1.094505e+09	-1.088888e+09	
-1.583223e+09	-1.505940e+09	-1.436425e+09	-1.374319e+09	-1.319303e+09	-1.271092e+09	-1.229437e+09	-1.194124e+09	-1.164970e+09	-1.141826e+09	-1.124571e+09	-1.113117e+09	-1.107405e+09	
-1.607604e+09	-1.529131e+09	-1.458546e+09	-1.395483e+09	-1.339620e+09	-1.290666e+09	-1.248370e+09	-1.212513e+09	-1.182910e+09	-1.159409e+09	-1.141889e+09	-1.130259e+09	-1.124458e+09	
-1.629886e+09	-1.550325e+09	-1.478761e+09	-1.414825e+09	-1.358187e+09	-1.308555e+09	-1.265672e+09	-1.229318e+09	-1.199305e+09	-1.175479e+09	-1.157716e+09	-1.145924e+09	-1.140044e+09	
-1.650065e+09	-1.569519e+09	-1.497069e+09	-1.432341e+09	-1.375002e+09	-1.324755e+09	-1.281342e+09	-1.244538e+09	-1.214153e+09	-1.190032e+09	-1.172049e+09	-1.160111e+09	-1.154158e+09	
-1.668141e+09	-1.586713e+09	-1.513470e+09	-1.448033e+09	-1.390066e+09	-1.339268e+09	-1.295379e+09	-1.258172e+09	-1.227455e+09	-1.203069e+09	-1.184889e+09	-1.172821e+09	-1.166802e+09	
-1.684121e+09	-1.601913e+09	-1.527968e+09	-1.461904e+09	-1.403382e+09	-1.352098e+09	-1.307788e+09	-1.270225e+09	-1.239213e+09	-1.214594e+09	-1.196239e+09	-1.184056e+09	-1.177979e+09	
-1.698014e+09	-1.615128e+09	-1.540572e+09	-1.473964e+09	-1.414958e+09	-1.363251e+09	-1.318576e+09	-1.280703e+09	-1.249436e+09	-1.224613e+09	-1.206107e+09	-1.193823e+09	-1.187697e+09	
-1.709832e+09	-1.626369e+09	-1.551295e+09	-1.484223e+09	-1.424806e+09	-1.372740e+09	-1.327754e+09	-1.289617e+09	-1.258132e+09	-1.233136e+09	-1.214502e+09	-1.202132e+09	-1.195963e+09	
-1.719594e+09	-1.635654e+09	-1.560151e+09	-1.492696e+09	-1.432941e+09	-1.380577e+09	-1.335334e+09	-1.296979e+09	-1.265315e+09	-1.240177e+09	-1.221436e+09	-1.208995e+09	-1.202791e+09	
-1.727320e+09	-1.643003e+09	-1.567162e+09	-1.499403e+09	-1.439379e+09	-1.386780e+09	-1.341334e+09	-1.302807e+09	-1.271000e+09	-1.245749e+09	-1.226924e+09	-1.214427e+09	-1.208195e+09	
-1.733037e+09	-1.648441e+09	-1.572348e+09	-1.504366e+09	-1.444143e+09	-1.391370e+09	-1.345773e+09	-1.307118e+09	-1.275206e+09	-1.249872e+09	-1.230984e+09	-1.218447e+09	-1.212194e+09	
-1.736772e+09	-1.651994e+09	-1.575737e+09	-1.507608e+09	-1.447256e+09	-1.394369e+09	-1.348674e+09	-1.309936e+09	-1.277955e+09	-1.252566e+09	-1.233638e+09	-1.221073e+09	-1.214807e+09	
-1.738559e+09	-1.653694e+09	-1.577358e+09	-1.509159e+09	-1.448745e+09	-1.395803e+09	-1.350062e+09	-1.311284e+09	-1.279270e+09	-1.253855e+09	-1.234907e+09	-1.222329e+09	-1.216057e+09	
-1.738434e+09	-1.653575e+09	-1.577245e+09	-1.509051e+09	-1.448640e+09	-1.395703e+09	-1.349964e+09	-1.311189e+09	-1.279178e+09	-1.253764e+09	-1.234818e+09	-1.222241e+09	-1.215969e+09	
-1.736435e+09	-1.651674e+09	-1.575431e+09	-1.507316e+09	-1.446975e+09	-1.394098e+09	-1.348412e+09	-1.309682e+09	-1.277707e+09	-1.252323e+09	-1.233398e+09	-1.220836e+09	-1.214571e+09	
-1.732606e+09	-1.648031e+09	-1.571957e+09	-1.503992e+09	-1.443784e+09	-1.391024e+09	-1.345439e+09	-1.306794e+09	-1.274889e+09	-1.249561e+09	-1.230678e+09	-1.218144e+09	-1.211893e+09	
-1.726992e+09	-1.642691e+09	-1.566863e+09	-1.499118e+09	-1.439105e+09	-1.386516e+09	-1.341079e+09	-1.302559e+09	-1.270758e+09	-1.245512e+09	-1.226690e+09	-1.214196e+09	-1.207965e+09	
-1.719640e+09	-1.635698e+09	-1.560193e+09	-1.492736e+09	-1.432979e+09	-1.380614e+09	-1.335370e+09	-1.297014e+09	-1.265349e+09	-1.240210e+09	-1.221468e+09	-1.209028e+09	-1.202823e+09	
-1.710602e+09	-1.627101e+09	-1.551994e+09	-1.484891e+09	-1.425448e+09	-1.373358e+09	-1.328352e+09	-1.290198e+09	-1.258698e+09	-1.233692e+09	-1.215049e+09	-1.202673e+09	-1.196502e+09	
-1.699932e+09	-1.616952e+09	-1.542313e+09	-1.475629e+09	-1.416557e+09	-1.364791e+09	-1.320066e+09	-1.282150e+09	-1.250847e+09	-1.225996e+09	-1.207470e+09	-1.195171e+09	-1.189038e+09	
-1.687684e+09	-1.605302e+09	-1.531201e+09	-1.464997e+09	-1.406351e+09	-1.354958e+09	-1.310555e+09	-1.272912e+09	-1.241835e+09	-1.217163e+09	-1.198770e+09	-1.186561e+09	-1.180472e+09	
-1.673918e+09	-1.592208e+09	-1.518711e+09	-1.453047e+09	-1.394879e+09	-1.343906e+09	-1.299865e+09	-1.262529e+09	-1.231705e+09	-1.207235e+09	-1.188992e+09	-1.176882e+09	-1.170842e+09	
-1.658692e+09	-1.577725e+09	-1.504896e+09	-1.439830e+09	-1.382191e+09	-1.331682e+09	-1.288041e+09	-1.251045e+09	-1.220501e+09	-1.196254e+09	-1.178177e+09	-1.166177e+09	-1.160192e+09	
-1.642068e+09	-1.561912e+09	-1.489814e+09	-1.425400e+09	-1.368338e+09	-1.318335e+09	-1.275132e+09	-1.238506e+09	-1.208269e+09	-1.184264e+09	-1.166369e+09	-1.154489e+09	-1.148564e+09	
-1.624109e+09	-1.544830e+09	-1.473520e+09	-1.409810e+09	-1.353373e+09	-1.303917e+09	-1.261186e+09	-1.224961e+09	-1.195055e+09	-1.171312e+09	-1.153612e+09	-1.141862e+09	-1.136003e+09	
-1.604879e+09	-1.526539e+09	-1.456073e+09	-1.393118e+09	-1.337349e+09	-1.288478e+09	-1.246254e+09	-1.210457e+09	-1.180905e+09	-1.157444e+09	-1.139953e+09	-1.128343e+09	-1.122552e+09	
-1.584445e+09	-1.507102e+09	-1.437534e+09	-1.375380e+09	-1.320321e+09	-1.272072e+09	-1.230385e+09	-1.195045e+09	-1.165869e+09	-1.142707e+09	-1.125439e+09	-1.113976e+09	-1.108259e+09	
-1.562872e+09	-1.486582e+09	-1.417961e+09	-1.356653e+09	-1.302344e+09	-1.254752e+09	-1.213633e+09	-1.178774e+09	-1.149995e+09	-1.127148e+09	-1.110115e+09	-1.098809e+09	-1.093170e+09	
-1.540228e+09	-1.465043e+09	-1.397416e+09	-1.336997e+09	-1.283475e+09	-1.236573e+09	-1.196049e+09	-1.161695e+09	-1.133333e+09	-1.110817e+09	-1.094031e+09	-1.082888e+09	-1.077331e+09	
-1.516580e+09	-1.442550e+09	-1.375961e+09	-1.316470e+09	-1.263769e+09	-1.217587e+09	-1.177686e+09	-1.143859e+09	-1.115933e+09	-1.093762e+09	-1.077234e+09	-1.066262e+09	-1.060790e+09	
-1.491997e+09	-1.419167e+09	-1.353658e+09	-1.295131e+09	-1.243284e+09	-1.197851e+09	-1.158596e+09	-1.125318e+09	-1.097844e+09	-1.076033e+09	-1.059773e+09	-1.048979e+09	-1.043596e+09	
-1.466548e+09	-1.394961e+09	-1.330568e+09	-1.273040e+09	-1.222077e+09	-1.177419e+09	-1.138834e+09	-1.106123e+09	-1.079118e+09	-1.057679e+09	-1.041696e+09	-1.031086e+09	-1.025795e+09	
-1.440301e+09	-1.369994e+09	-1.306755e+09	-1.250256e+09	-1.200206e+09	-1.156346e+09	-1.118452e+09	-1.086327e+09	-1.059805e+09	-1.038750e+09	-1.023053e+09	-1.012633e+09	-1.007436e+09	
-1.413324e+09	-1.344334e+09	-1.282279e+09	-1.226838e+09	-1.177725e+09	-1.134688e+09	-1.097503e+09	-1.065979e+09	-1.039954e+09	-1.019294e+09	-1.003891e+09	-9.936658e+08	-9.885666e+08	
-1.385685e+09	-1.318044e+09	-1.257203e+09	-1.202846e+09	-1.154694e+09	-1.112498e+09	-1.076040e+09	-1.045133e+09	-1.019617e+09	-9.993603e+08	-9.842585e+08	-9.742337e+08	-9.692342e+08	
-1.357452e+09	-1.291189e+09	-1.231587e+09	-1.178338e+09	-1.131167e+09	-1.089831e+09	-1.054116e+09	-1.023839e+09	-9.988425e+08	-9.789985e+08	-9.642044e+08	-9.543838e+08	-9.494862e+08	
-1.328691e+09	-1.263833e+09	-1.205493e+09	-1.153372e+09	-1.107201e+09	-1.066740e+09	-1.031782e+09	-1.002146e+09	-9.776797e+08	-9.582562e+08	-9.437755e+08	-9.341630e+08	-9.293692e+08	
-1.299469e+09	-1.236037e+09	-1.178981e+09	-1.128006e+09	-1.082850e+09	-1.043279e+09	-1.009090e+09	-9.801059e+08	-9.561774e+08	-9.371811e+08	-9.230189e+08	-9.136178e+08	-9.089294e+08	
-1.269850e+09	-1.207864e+09	-1.152108e+09	-1.102296e+09	-1.058169e+09	-1.019500e+09	-9.860900e+08	-9.577665e+08	-9.343834e+08	-9.158200e+08	-9.019806e+08	-8.927938e+08	-8.882122e+08	
-1.239899e+09	-1.179375e+09	-1.124934e+09	-1.076296e+09	-1.033210e+09	-9.954535e+08	-9.628316e+08	-9.351761e+08	-9.123445e+08	-8.942190e+08	-8.807060e+08	-8.717359e+08	-8.672624e+08	
-1.209677e+09	-1.150629e+09	-1.097515e+09	-1.050063e+09	-1.008027e+09	-9.711902e+08	-9.393634e+08	-9.123821e+08	-8.901070e+08	-8.724232e+08	-8.592396e+08	-8.504882e+08	-8.461237e+08	
-1.179247e+09	-1.121684e+09	-1.069906e+09	-1.023648e+09	-9.826690e+08	-9.467592e+08	-9.157331e+08	-8.894305e+08	-8.677157e+08	-8.504768e+08	-8.376249e+08	-8.290935e+08	-8.248389e+08	
-1.148668e+09	-1.092597e+09	-1.042162e+09	-9.971029e+08	-9.571870e+08	-9.222084e+08	-8.919868e+08	-8.663663e+08	-8.452146e+08	-8.284228e+08	-8.159041e+08	-8.075940e+08	-8.034496e+08	
-1.117997e+09	-1.063423e+09	-1.014335e+09	-9.704790e+08	-9.316289e+08	-8.975843e+08	-8.681697e+08	-8.432332e+08	-8.226463e+08	-8.063028e+08	-7.941184e+08	-7.860302e+08	-7.819965e+08	
-1.087291e+09	-1.034216e+09	-9.864762e+08	-9.438246e+08	-9.060416e+08	-8.729320e+08	-8.443253e+08	-8.200737e+08	-8.000522e+08	-7.841576e+08	-7.723078e+08	-7.644418e+08	-7.605189e+08	
-1.056604e+09	-1.005027e+09	-9.586348e+08	-9.171870e+08	-8.804703e+08	-8.482952e+08	-8.204958e+08	-7.969287e+08	-7.774723e+08	-7.620263e+08	-7.505109e+08	-7.428669e+08	-7.390547e+08	
-1.025989e+09	-9.759067e+08	-9.308583e+08	-8.906115e+08	-8.549586e+08	-8.237158e+08	-7.967219e+08	-7.738377e+08	-7.549450e+08	-7.399465e+08	-7.287649e+08	-7.213423e+08	-7.176405e+08	
-9.954958e+08	-9.469020e+08	-9.031925e+08	-8.641418e+08	-8.295486e+08	-7.992344e+08	-7.730427e+08	-7.508386e+08	-7.325075e+08	-7.179547e+08	-7.071054e+08	-6.999034e+08	-6.963117e+08	
-9.651727e+08	-9.180591e+08	-8.756810e+08	-8.378198e+08	-8.042803e+08	-7.748894e+08	-7.494956e+08	-7.279678e+08	-7.101951e+08	-6.960856e+08	-6.855668e+08	-6.785842e+08	-6.751019e+08	
-9.350657e+08	-8.894217e+08	-8.483655e+08	-8.116854e+08	-7.791921e+08	-7.507180e+08	-7.261163e+08	-7.052601e+08	-6.880417e+08	-6.743724e+08	-6.641816e+08	-6.574168e+08	-6.540432e+08	
-9.052186e+08	-8.610315e+08	-8.212858e+08	-7.857765e+08	-7.543204e+08	-7.267552e+08	-7.029388e+08	-6.827483e+08	-6.660795e+08	-6.528465e+08	-6.429811e+08	-6.364322e+08	-6.331662e+08	
-8.756727e+08	-8.329279e+08	-7.944795e+08	-7.601292e+08	-7.296998e+08	-7.030343e+08	-6.799953e+08	-6.604638e+08	-6.443390e+08	-6.315380e+08	-6.219945e+08	-6.156594e+08	-6.125000e+08	
-8.464672e+08	-8.051481e+08	-7.679820e+08	-7.347773e+08	-7.053628e+08	-6.795867e+08	-6.573160e+08	-6.384359e+08	-6.228490e+08	-6.104749e+08	-6.012497e+08	-5.951259e+08	-5.920719e+08	
-8.176389e+08	-7.777269e+08	-7.418266e+08	-7.097528e+08	-6.813401e+08	-6.564418e+08	-6.349296e+08	-6.166925e+08	-6.016365e+08	-5.896838e+08	-5.807728e+08	-5.748575e+08	-5.719075e+08	
-7.892219e+08	-7.506971e+08	-7.160445e+08	-6.850854e+08	-6.576602e+08	-6.336273e+08	-6.128627e+08	-5.952595e+08	-5.807267e+08	-5.691894e+08	-5.605881e+08	-5.548784e+08	-5.520309e+08	
-7.612483e+08	-7.240890e+08	-6.906646e+08	-6.608029e+08	-6.343497e+08	-6.111686e+08	-5.911401e+08	-5.741607e+08	-5.601431e+08	-5.490147e+08	-5.407183e+08	-5.352110e+08	-5.324644e+08	
-7.337475e+08	-6.979305e+08	-6.657137e+08	-6.369307e+08	-6.114332e+08	-5.890896e+08	-5.697846e+08	-5.534186e+08	-5.399074e+08	-5.291810e+08	-5.211843e+08	-5.158760e+08	-5.132286e+08	
-7.067465e+08	-6.722476e+08	-6.412163e+08	-6.134925e+08	-5.889332e+08	-5.674118e+08	-5.488172e+08	-5.330535e+08	-5.200395e+08	-5.097078e+08	-5.020054e+08	-4.968924e+08	-4.943425e+08	
-6.802700e+08	-6.470636e+08	-6.171948e+08	-5.905096e+08	-5.668704e+08	-5.461552e+08	-5.282572e+08	-5.130840e+08	-5.005575e+08	-4.906129e+08	-4.831990e+08	-4.782776e+08	-4.758232e+08	
-6.543404e+08	-6.223996e+08	-5.936693e+08	-5.680013e+08	-5.452631e+08	-5.253375e+08	-5.081217e+08	-4.935269e+08	-4.814779e+08	-4.719124e+08	-4.647811e+08	-4.600472e+08	-4.576864e+08	
-6.289773e+08	-5.982746e+08	-5.706580e+08	-5.459848e+08	-5.241280e+08	-5.049748e+08	-4.884263e+08	-4.743972e+08	-4.628152e+08	-4.536205e+08	-4.467656e+08	-4.422152e+08	-4.399459e+08	
-6.041985e+08	-5.747054e+08	-5.481766e+08	-5.244756e+08	-5.034798e+08	-4.850811e+08	-4.691846e+08	-4.557082e+08	-4.445824e+08	-4.357499e+08	-4.291651e+08	-4.247940e+08	-4.226140e+08	
-5.800192e+08	-5.517063e+08	-5.262392e+08	-5.034866e+08	-4.833311e+08	-4.656687e+08	-4.504083e+08	-4.374712e+08	-4.267907e+08	-4.183117e+08	-4.119904e+08	-4.077942e+08	-4.057015e+08	
-5.564523e+08	-5.292898e+08	-5.048575e+08	-4.830294e+08	-4.636928e+08	-4.467480e+08	-4.321077e+08	-4.196963e+08	-4.094497e+08	-4.013152e+08	-3.952507e+08	-3.912250e+08	-3.892174e+08	
-5.335087e+08	-5.074662e+08	-4.840413e+08	-4.631131e+08	-4.445738e+08	-4.283278e+08	-4.142911e+08	-4.023914e+08	-3.925673e+08	-3.847682e+08	-3.789538e+08	-3.750941e+08	-3.731692e+08	
-5.111970e+08	-4.862436e+08	-4.637984e+08	-4.437455e+08	-4.259815e+08	-4.104148e+08	-3.969652e+08	-3.855631e+08	-3.761499e+08	-3.686769e+08	-3.631057e+08	-3.594074e+08	-3.575630e+08	
-4.895240e+08	-4.656285e+08	-4.441348e+08	-4.249321e+08	-4.079213e+08	-3.930146e+08	-3.801351e+08	-3.692165e+08	-3.602024e+08	-3.530462e+08	-3.477112e+08	-3.441697e+08	-3.424035e+08	
-4.684940e+08	-4.456251e+08	-4.250548e+08	-4.066770e+08	-3.903970e+08	-3.761307e+08	-3.638045e+08	-3.533550e+08	-3.447281e+08	-3.378794e+08	-3.327735e+08	-3.293842e+08	-3.276939e+08	
-4.481098e+08	-4.262359e+08	-4.065607e+08	-3.889825e+08	-3.734108e+08	-3.597652e+08	-3.479754e+08	-3.379805e+08	-3.297290e+08	-3.231782e+08	-3.182945e+08	-3.150527e+08	-3.134359e+08	
-4.283722e+08	-4.074618e+08	-3.886532e+08	-3.718492e+08	-3.569634e+08	-3.439189e+08	-3.326484e+08	-3.230937e+08	-3.152056e+08	-3.089434e+08	-3.042748e+08	-3.011758e+08	-2.996302e+08	
-4.092803e+08	-3.893018e+08	-3.713314e+08	-3.552764e+08	-3.410540e+08	-3.285909e+08	-3.178227e+08	-3.086938e+08	-3.011573e+08	-2.951742e+08	-2.907137e+08	-2.877528e+08	-2.862761e+08	
-3.908312e+08	-3.717533e+08	-3.545930e+08	-3.392617e+08	-3.256804e+08	-3.137791e+08	-3.034963e+08	-2.947789e+08	-2.875821e+08	-2.818687e+08	-2.776093e+08	-2.747818e+08	-2.733717e+08	
-3.730209e+08	-3.548124e+08	-3.384341e+08	-3.238014e+08	-3.108391e+08	-2.994800e+08	-2.896658e+08	-2.813457e+08	-2.744769e+08	-2.690239e+08	-2.649585e+08	-2.622599e+08	-2.609140e+08	
-3.558435e+08	-3.384735e+08	-3.228494e+08	-3.088906e+08	-2.965251e+08	-2.856892e+08	-2.763269e+08	-2.683899e+08	-2.618374e+08	-2.566355e+08	-2.527573e+08	-2.501830e+08	-2.488991e+08	
-3.392918e+08	-3.227298e+08	-3.078324e+08	-2.945229e+08	-2.827326e+08	-2.724006e+08	-2.634738e+08	-2.559061e+08	-2.496583e+08	-2.446984e+08	-2.410006e+08	-2.385460e+08	-2.373218e+08	
-3.233574e+08	-3.075732e+08	-2.933754e+08	-2.806910e+08	-2.694544e+08	-2.596077e+08	-2.511001e+08	-2.438878e+08	-2.379334e+08	-2.332064e+08	-2.296823e+08	-2.273430e+08	-2.261763e+08	
-3.080305e+08	-2.929944e+08	-2.794696e+08	-2.673864e+08	-2.566824e+08	-2.473025e+08	-2.391982e+08	-2.323277e+08	-2.266556e+08	-2.221526e+08	-2.187956e+08	-2.165671e+08	-2.154557e+08	
-2.933003e+08	-2.789832e+08	-2.661052e+08	-2.545998e+08	-2.444077e+08	-2.354763e+08	-2.277595e+08	-2.212176e+08	-2.158168e+08	-2.115291e+08	-2.083326e+08	-2.062107e+08	-2.051525e+08	
-2.791549e+08	-2.655283e+08	-2.532714e+08	-2.423209e+08	-2.326203e+08	-2.241197e+08	-2.167751e+08	-2.105486e+08	-2.054082e+08	-2.013274e+08	-1.982850e+08	-1.962655e+08	-1.952583e+08	
-2.655815e+08	-2.526174e+08	-2.409565e+08	-2.305384e+08	-2.213096e+08	-2.132222e+08	-2.062347e+08	-2.003111e+08	-1.954206e+08	-1.915382e+08	-1.886438e+08	-1.867224e+08	-1.857642e+08	
-2.525664e+08	-2.402377e+08	-2.291482e+08	-2.192407e+08	-2.104641e+08	-2.027731e+08	-1.961280e+08	-1.904946e+08	-1.858438e+08	-1.821517e+08	-1.793991e+08	-1.775719e+08	-1.766606e+08	
-2.400953e+08	-2.283753e+08	-2.178334e+08	-2.084151e+08	-2.000719e+08	-1.927606e+08	-1.864437e+08	-1.810885e+08	-1.766673e+08	-1.731575e+08	-1.705408e+08	-1.688038e+08	-1.679376e+08	
-2.281532e+08	-2.170162e+08	-2.069986e+08	-1.980487e+08	-1.901205e+08	-1.831729e+08	-1.771701e+08	-1.720813e+08	-1.678801e+08	-1.645448e+08	-1.620583e+08	-1.604077e+08	-1.595845e+08	
-2.167244e+08	-2.061453e+08	-1.966295e+08	-1.881280e+08	-1.805969e+08	-1.739973e+08	-1.682953e+08	-1.634613e+08	-1.594706e+08	-1.563024e+08	-1.539404e+08	-1.523725e+08	-1.515906e+08	
-2.057931e+08	-1.957476e+08	-1.867118e+08	-1.786391e+08	-1.714878e+08	-1.652211e+08	-1.598067e+08	-1.552165e+08	-1.514270e+08	-1.484186e+08	-1.461758e+08	-1.446870e+08	-1.439445e+08	
-1.953428e+08	-1.858074e+08	-1.772304e+08	-1.695676e+08	-1.627795e+08	-1.568311e+08	-1.516916e+08	-1.473345e+08	-1.437375e+08	-1.408818e+08	-1.387529e+08	-1.373397e+08	-1.366349e+08	
-1.853568e+08	-1.763089e+08	-1.681703e+08	-1.608993e+08	-1.544582e+08	-1.488138e+08	-1.439371e+08	-1.398027e+08	-1.363896e+08	-1.336799e+08	-1.316598e+08	-1.303188e+08	-1.296501e+08	
-1.758183e+08	-1.672360e+08	-1.595163e+08	-1.526194e+08	-1.465098e+08	-1.411559e+08	-1.365301e+08	-1.326085e+08	-1.293710e+08	-1.268008e+08	-1.248846e+08	-1.236126e+08	-1.229783e+08	
-1.667104e+08	-1.585727e+08	-1.512529e+08	-1.447133e+08	-1.389201e+08	-1.338436e+08	-1.294574e+08	-1.257390e+08	-1.226692e+08	-1.202321e+08	-1.184152e+08	-1.172091e+08	-1.166077e+08	
-1.580161e+08	-1.503027e+08	-1.433647e+08	-1.371661e+08	-1.316751e+08	-1.268633e+08	-1.227059e+08	-1.191814e+08	-1.162717e+08	-1.139617e+08	-1.122396e+08	-1.110964e+08	-1.105263e+08	
-1.497183e+08	-1.424100e+08	-1.358363e+08	-1.299633e+08	-1.247606e+08	-1.202014e+08	-1.162623e+08	-1.129229e+08	-1.101660e+08	-1.079773e+08	-1.063456e+08	-1.052625e+08	-1.047223e+08	
-1.418003e+08	-1.348786e+08	-1.286525e+08	-1.230900e+08	-1.181625e+08	-1.138445e+08	-1.101137e+08	-1.069509e+08	-1.043398e+08	-1.022669e+08	-1.007215e+08	-9.969560e+07	-9.918399e+07	
-1.342455e+08	-1.276925e+08	-1.217981e+08	-1.165320e+08	-1.118670e+08	-1.077791e+08	-1.042470e+08	-1.012527e+08	-9.878074e+07	-9.681827e+07	-9.535520e+07	-9.438399e+07	-9.389964e+07	
-1.270373e+08	-1.208361e+08	-1.152583e+08	-1.102749e+08	-1.058604e+08	-1.019920e+08	-9.864959e+07	-9.581608e+07	-9.347680e+07	-9.161970e+07	-9.023519e+07	-8.931614e+07	-8.885779e+07	
-1.201597e+08	-1.142943e+08	-1.090184e+08	-1.043048e+08	-1.001293e+08	-9.647027e+07	-9.330886e+07	-9.062874e+07	-8.841611e+07	-8.665955e+07	-8.535000e+07	-8.448070e+07	-8.404717e+07	
-1.135969e+08	-1.080518e+08	-1.030641e+08	-9.860799e+07	-9.466052e+07	-9.120134e+07	-8.821259e+07	-8.567886e+07	-8.358707e+07	-8.192645e+07	-8.068842e+07	-7.986660e+07	-7.945674e+07	
-1.073336e+08	-1.020942e+08	-9.738150e+07	-9.317109e+07	-8.944128e+07	-8.617282e+07	-8.334886e+07	-8.095483e+07	-7.897838e+07	-7.740932e+07	-7.623955e+07	-7.546304e+07	-7.507578e+07	
-1.013548e+08	-9.640729e+07	-9.195708e+07	-8.798120e+07	-8.445915e+07	-8.137275e+07	-7.870609e+07	-7.644542e+07	-7.457906e+07	-7.309740e+07	-7.199279e+07	-7.125954e+07	-7.089385e+07	
-9.564614e+07	-9.097730e+07	-8.677774e+07	-8.302580e+07	-7.970212e+07	-7.678956e+07	-7.427310e+07	-7.213975e+07	-7.037851e+07	-6.898030e+07	-6.793791e+07	-6.724595e+07	-6.690086e+07	
-9.019373e+07	-8.579104e+07	-8.183088e+07	-7.829282e+07	-7.515861e+07	-7.241208e+07	-7.003907e+07	-6.802734e+07	-6.636651e+07	-6.504800e+07	-6.406503e+07	-6.341252e+07	-6.308711e+07	
-8.498420e+07	-8.083581e+07	-7.710439e+07	-7.377068e+07	-7.081750e+07	-6.822962e+07	-6.599367e+07	-6.409813e+07	-6.253323e+07	-6.129088e+07	-6.036468e+07	-5.974986e+07	-5.944324e+07	
-8.000482e+07	-7.609949e+07	-7.258670e+07	-6.944832e+07	-6.666817e+07	-6.423191e+07	-6.212698e+07	-6.034250e+07	-5.886929e+07	-5.769973e+07	-5.682780e+07	-5.624900e+07	-5.596035e+07	
-7.524341e+07	-7.157051e+07	-6.826677e+07	-6.531517e+07	-6.270049e+07	-6.040922e+07	-5.842955e+07	-5.675128e+07	-5.536574e+07	-5.426579e+07	-5.344575e+07	-5.290140e+07	-5.262993e+07	
-7.068846e+07	-6.723789e+07	-6.413416e+07	-6.136124e+07	-5.890483e+07	-5.675227e+07	-5.489245e+07	-5.331577e+07	-5.201411e+07	-5.098074e+07	-5.021035e+07	-4.969895e+07	-4.944391e+07	
-6.632905e+07	-6.309129e+07	-6.017896e+07	-5.757705e+07	-5.527213e+07	-5.325232e+07	-5.150719e+07	-5.002775e+07	-4.880636e+07	-4.783672e+07	-4.711384e+07	-4.663398e+07	-4.639467e+07	
-6.215493e+07	-5.912092e+07	-5.639187e+07	-5.395370e+07	-5.179383e+07	-4.990112e+07	-4.826582e+07	-4.687948e+07	-4.573495e+07	-4.482634e+07	-4.414894e+07	-4.369928e+07	-4.347503e+07	
-5.815649e+07	-5.531766e+07	-5.276417e+07	-5.048284e+07	-4.846192e+07	-4.669097e+07	-4.516087e+07	-4.386371e+07	-4.279281e+07	-4.194265e+07	-4.130883e+07	-4.088810e+07	-4.067827e+07	
-5.432477e+07	-5.167297e+07	-4.928772e+07	-4.715671e+07	-4.526893e+07	-4.361467e+07	-4.218538e+07	-4.097369e+07	-3.997335e+07	-3.917920e+07	-3.858714e+07	-3.819412e+07	-3.799812e+07	
-5.065143e+07	-4.817895e+07	-4.595498e+07	-4.396806e+07	-4.220794e+07	-4.066553e+07	-3.933288e+07	-3.820312e+07	-3.727042e+07	-3.652997e+07	-3.597795e+07	-3.561151e+07	-3.542876e+07	
-4.712879e+07	-4.482826e+07	-4.275897e+07	-4.091023e+07	-3.927252e+07	-3.783738e+07	-3.659741e+07	-3.554623e+07	-3.467839e+07	-3.398944e+07	-3.347581e+07	-3.313485e+07	-3.296481e+07	
-4.374980e+07	-4.161421e+07	-3.969327e+07	-3.797709e+07	-3.645679e+07	-3.512455e+07	-3.397349e+07	-3.299767e+07	-3.219205e+07	-3.155249e+07	-3.107569e+07	-3.075918e+07	-3.060133e+07	
-4.050799e+07	-3.853064e+07	-3.675205e+07	-3.516303e+07	-3.375538e+07	-3.252186e+07	-3.145609e+07	-3.055257e+07	-2.980666e+07	-2.921449e+07	-2.877301e+07	-2.847996e+07	-2.833381e+07	
-3.739749e+07	-3.557199e+07	-3.392996e+07	-3.246296e+07	-3.116341e+07	-3.002460e+07	-2.904067e+07	-2.820653e+07	-2.751789e+07	-2.697119e+07	-2.656362e+07	-2.629306e+07	-2.615814e+07	
-3.441304e+07	-3.273321e+07	-3.122223e+07	-2.987230e+07	-2.867645e+07	-2.762853e+07	-2.672311e+07	-2.595555e+07	-2.532186e+07	-2.481879e+07	-2.444374e+07	-2.419478e+07	-2.407062e+07	
-3.154987e+07	-3.000980e+07	-2.862453e+07	-2.738692e+07	-2.629057e+07	-2.532983e+07	-2.449975e+07	-2.379604e+07	-2.321508e+07	-2.275387e+07	-2.241002e+07	-2.218177e+07	-2.206794e+07	
-2.880377e+07	-2.739775e+07	-2.613306e+07	-2.500316e+07	-2.400224e+07	-2.312512e+07	-2.236729e+07	-2.172483e+07	-2.119444e+07	-2.077337e+07	-2.045945e+07	-2.025107e+07	-2.014715e+07	
-2.617101e+07	-2.489351e+07	-2.374441e+07	-2.271779e+07	-2.180836e+07	-2.101141e+07	-2.032285e+07	-1.973912e+07	-1.925720e+07	-1.887462e+07	-1.858940e+07	-1.840006e+07	-1.830564e+07	
-2.364835e+07	-2.249398e+07	-2.145565e+07	-2.052799e+07	-1.970621e+07	-1.898609e+07	-1.836390e+07	-1.783643e+07	-1.740097e+07	-1.705526e+07	-1.679753e+07	-1.662645e+07	-1.654112e+07	
-2.123294e+07	-2.019648e+07	-1.926420e+07	-1.843129e+07	-1.769345e+07	-1.704687e+07	-1.648823e+07	-1.601464e+07	-1.562366e+07	-1.531326e+07	-1.508186e+07	-1.492824e+07	-1.485164e+07	
-1.892236e+07	-1.799869e+07	-1.716786e+07	-1.642559e+07	-1.576804e+07	-1.519183e+07	-1.469398e+07	-1.427192e+07	-1.392348e+07	-1.364687e+07	-1.344064e+07	-1.330375e+07	-1.323548e+07	
