5.834747e-10	3.445008e-10	2.296290e-10	1.775880e-10	1.536843e-10	1.422875e-10	1.366720e-10	1.339483e-10	1.329083e-10	1.331922e-10	1.351044e-10	1.400089e-10	1.521634e-10	1.869057e-10	3.144034e-10	
-1.432893e+05	-8.926720e+04	-5.596315e+04	-3.564759e+04	-2.360550e+04	-1.704200e+04	-1.443379e+04	-1.517553e+04	-1.943935e+04	-2.821486e+04	-4.353875e+04	-6.896757e+04	-1.104031e+05	-1.774621e+05	-2.857083e+05	
-2.861573e+05	-1.782720e+05	-1.117618e+05	-7.119038e+04	-4.714159e+04	-3.403391e+04	-2.882515e+04	-3.030644e+04	-3.882155e+04	-5.634676e+04	-8.694950e+04	-1.377324e+05	-2.204816e+05	-3.544024e+05	-5.705765e+05	
-4.281843e+05	-2.667528e+05	-1.672319e+05	-1.065239e+05	-7.053914e+04	-5.092578e+04	-4.313180e+04	-4.534828e+04	-5.808965e+04	-8.431306e+04	-1.301047e+05	-2.060924e+05	-3.299121e+05	-5.303011e+05	-8.537679e+05	
-5.689537e+05	-3.544501e+05	-2.222109e+05	-1.415446e+05	-9.372950e+04	-6.766808e+04	-5.731175e+04	-6.025692e+04	-7.718713e+04	-1.120317e+05	-1.728778e+05	-2.738470e+05	-4.383735e+05	-7.046423e+05	-1.134452e+06	
-7.080533e+05	-4.411072e+05	-2.765377e+05	-1.761499e+05	-1.166448e+05	-8.421178e+04	-7.132351e+04	-7.498872e+04	-9.605808e+04	-1.394216e+05	-2.151435e+05	-3.407980e+05	-5.455485e+05	-8.769154e+05	-1.411806e+06	
-8.450771e+05	-5.264711e+05	-3.300538e+05	-2.102388e+05	-1.392181e+05	-1.005086e+05	-8.512617e+04	-8.950068e+04	-1.146474e+05	-1.664027e+05	-2.567784e+05	-4.067499e+05	-6.511241e+05	-1.046618e+06	-1.685021e+06	
-9.796268e+05	-6.102936e+05	-3.826036e+05	-2.437121e+05	-1.613838e+05	-1.165112e+05	-9.867961e+04	-1.037506e+05	-1.329011e+05	-1.928967e+05	-2.976616e+05	-4.715110e+05	-7.547934e+05	-1.213256e+06	-1.953303e+06	
-1.111313e+06	-6.923322e+05	-4.340350e+05	-2.764731e+05	-1.830778e+05	-1.321732e+05	-1.119446e+05	-1.176973e+05	-1.507663e+05	-2.188267e+05	-3.376747e+05	-5.348937e+05	-8.562563e+05	-1.376348e+06	-2.215876e+06	
-1.239756e+06	-7.723506e+05	-4.841999e+05	-3.084273e+05	-2.042376e+05	-1.474495e+05	-1.248829e+05	-1.313005e+05	-1.681916e+05	-2.441183e+05	-3.767025e+05	-5.967157e+05	-9.552208e+05	-1.535423e+06	-2.471982e+06	
-1.364590e+06	-8.501202e+05	-5.329550e+05	-3.394835e+05	-2.248027e+05	-1.622965e+05	-1.374577e+05	-1.445214e+05	-1.851272e+05	-2.686991e+05	-4.146335e+05	-6.568003e+05	-1.051404e+06	-1.690028e+06	-2.720891e+06	
-1.485460e+06	-9.254204e+05	-5.801620e+05	-3.695535e+05	-2.447148e+05	-1.766720e+05	-1.496331e+05	-1.573225e+05	-2.015250e+05	-2.924994e+05	-4.513600e+05	-7.149769e+05	-1.144533e+06	-1.839724e+06	-2.961897e+06	
-1.602026e+06	-9.980394e+05	-6.256881e+05	-3.985529e+05	-2.639179e+05	-1.905357e+05	-1.613750e+05	-1.696678e+05	-2.173389e+05	-3.154522e+05	-4.867789e+05	-7.710822e+05	-1.234346e+06	-1.984090e+06	-3.194321e+06	
-1.713964e+06	-1.067775e+06	-6.694068e+05	-4.264010e+05	-2.823587e+05	-2.038490e+05	-1.726508e+05	-1.815230e+05	-2.325250e+05	-3.374938e+05	-5.207916e+05	-8.249600e+05	-1.320593e+06	-2.122724e+06	-3.417518e+06	
-1.820967e+06	-1.134437e+06	-7.111980e+05	-4.530213e+05	-2.999864e+05	-2.165754e+05	-1.834294e+05	-1.928555e+05	-2.470416e+05	-3.585636e+05	-5.533047e+05	-8.764623e+05	-1.403038e+06	-2.255246e+06	-3.630874e+06	
-1.922745e+06	-1.197843e+06	-7.509485e+05	-4.783417e+05	-3.167533e+05	-2.286803e+05	-1.936817e+05	-2.036347e+05	-2.608493e+05	-3.786046e+05	-5.842302e+05	-9.254499e+05	-1.481457e+06	-2.381297e+06	-3.833812e+06	
-2.019028e+06	-1.257826e+06	-7.885527e+05	-5.022949e+05	-3.326149e+05	-2.401316e+05	-2.033804e+05	-2.138318e+05	-2.739115e+05	-3.975634e+05	-6.134858e+05	-9.717923e+05	-1.555642e+06	-2.500542e+06	-4.025792e+06	
-2.109564e+06	-1.314228e+06	-8.239124e+05	-5.248185e+05	-3.475298e+05	-2.508994e+05	-2.125002e+05	-2.234203e+05	-2.861941e+05	-4.153907e+05	-6.409953e+05	-1.015369e+06	-1.625399e+06	-2.612669e+06	-4.206314e+06	
-2.194122e+06	-1.366907e+06	-8.569377e+05	-5.458550e+05	-3.614600e+05	-2.609563e+05	-2.210180e+05	-2.323758e+05	-2.976657e+05	-4.320410e+05	-6.666887e+05	-1.056068e+06	-1.690551e+06	-2.717394e+06	-4.374918e+06	
-2.272495e+06	-1.415732e+06	-8.875469e+05	-5.653526e+05	-3.743711e+05	-2.702775e+05	-2.289126e+05	-2.406761e+05	-3.082981e+05	-4.474732e+05	-6.905023e+05	-1.093790e+06	-1.750936e+06	-2.814457e+06	-4.531187e+06	
-2.344494e+06	-1.460587e+06	-9.156670e+05	-5.832646e+05	-3.862323e+05	-2.788407e+05	-2.361652e+05	-2.483014e+05	-3.180659e+05	-4.616504e+05	-7.123795e+05	-1.128445e+06	-1.806411e+06	-2.903628e+06	-4.674748e+06	
-2.409956e+06	-1.501368e+06	-9.412338e+05	-5.995502e+05	-3.970165e+05	-2.866263e+05	-2.427593e+05	-2.552344e+05	-3.269468e+05	-4.745404e+05	-7.322702e+05	-1.159953e+06	-1.856849e+06	-2.984701e+06	-4.805274e+06	
-2.468739e+06	-1.537989e+06	-9.641921e+05	-6.141743e+05	-4.067004e+05	-2.936176e+05	-2.486806e+05	-2.614600e+05	-3.349216e+05	-4.861153e+05	-7.501315e+05	-1.188246e+06	-1.902141e+06	-3.057504e+06	-4.922483e+06	
-2.520726e+06	-1.570377e+06	-9.844962e+05	-6.271077e+05	-4.152647e+05	-2.998006e+05	-2.539174e+05	-2.669658e+05	-3.419744e+05	-4.963519e+05	-7.659279e+05	-1.213268e+06	-1.942196e+06	-3.121889e+06	-5.026141e+06	
-2.565823e+06	-1.598471e+06	-1.002109e+06	-6.383269e+05	-4.226940e+05	-3.051642e+05	-2.584601e+05	-2.717420e+05	-3.480925e+05	-5.052319e+05	-7.796307e+05	-1.234974e+06	-1.976943e+06	-3.177741e+06	-5.116061e+06	
-2.603961e+06	-1.622231e+06	-1.017004e+06	-6.478148e+05	-4.289768e+05	-3.097001e+05	-2.623017e+05	-2.757811e+05	-3.532665e+05	-5.127415e+05	-7.912189e+05	-1.253330e+06	-2.006328e+06	-3.224974e+06	-5.192105e+06	
-2.635094e+06	-1.641626e+06	-1.029164e+06	-6.555602e+05	-4.341057e+05	-3.134029e+05	-2.654378e+05	-2.790783e+05	-3.574901e+05	-5.188719e+05	-8.006787e+05	-1.268315e+06	-2.030315e+06	-3.263532e+06	-5.254182e+06	
-2.659201e+06	-1.656645e+06	-1.038579e+06	-6.615577e+05	-4.380772e+05	-3.162701e+05	-2.678663e+05	-2.816315e+05	-3.607607e+05	-5.236189e+05	-8.080039e+05	-1.279919e+06	-2.048890e+06	-3.293389e+06	-5.302251e+06	
-2.676287e+06	-1.667289e+06	-1.045252e+06	-6.658083e+05	-4.408919e+05	-3.183022e+05	-2.695873e+05	-2.834410e+05	-3.630786e+05	-5.269832e+05	-8.131954e+05	-1.288142e+06	-2.062054e+06	-3.314549e+06	-5.336318e+06	
-2.686378e+06	-1.673576e+06	-1.049193e+06	-6.683187e+05	-4.425543e+05	-3.195024e+05	-2.706038e+05	-2.845098e+05	-3.644476e+05	-5.289702e+05	-8.162616e+05	-1.292999e+06	-2.069830e+06	-3.327047e+06	-5.356439e+06	
-2.689526e+06	-1.675537e+06	-1.050423e+06	-6.691019e+05	-4.430729e+05	-3.198768e+05	-2.709209e+05	-2.848432e+05	-3.648747e+05	-5.295901e+05	-8.172182e+05	-1.294515e+06	-2.072255e+06	-3.330946e+06	-5.362716e+06	
-2.685806e+06	-1.673219e+06	-1.048970e+06	-6.681764e+05	-4.424600e+05	-3.194343e+05	-2.705462e+05	-2.844492e+05	-3.643700e+05	-5.288576e+05	-8.160878e+05	-1.292724e+06	-2.069389e+06	-3.326338e+06	-5.355298e+06	
-2.675316e+06	-1.666684e+06	-1.044873e+06	-6.655666e+05	-4.407318e+05	-3.181867e+05	-2.694895e+05	-2.833381e+05	-3.629468e+05	-5.267919e+05	-8.129003e+05	-1.287675e+06	-2.061306e+06	-3.313346e+06	-5.334381e+06	
-2.658176e+06	-1.656006e+06	-1.038179e+06	-6.613025e+05	-4.379082e+05	-3.161481e+05	-2.677629e+05	-2.815229e+05	-3.606216e+05	-5.234169e+05	-8.076923e+05	-1.279425e+06	-2.048100e+06	-3.292119e+06	-5.300206e+06	
-2.634529e+06	-1.641274e+06	-1.028943e+06	-6.554197e+05	-4.340127e+05	-3.133357e+05	-2.653810e+05	-2.790185e+05	-3.574135e+05	-5.187607e+05	-8.005072e+05	-1.268044e+06	-2.029880e+06	-3.262832e+06	-5.253056e+06	
-2.604540e+06	-1.622591e+06	-1.017230e+06	-6.479588e+05	-4.290722e+05	-3.097689e+05	-2.623601e+05	-2.758424e+05	-3.533450e+05	-5.128555e+05	-7.913948e+05	-1.253609e+06	-2.006774e+06	-3.225691e+06	-5.193259e+06	
-2.568392e+06	-1.600072e+06	-1.003112e+06	-6.389659e+05	-4.231172e+05	-3.054697e+05	-2.587188e+05	-2.720140e+05	-3.484410e+05	-5.057377e+05	-7.804111e+05	-1.236210e+06	-1.978922e+06	-3.180922e+06	-5.121183e+06	
-2.526289e+06	-1.573843e+06	-9.866690e+05	-6.284917e+05	-4.161812e+05	-3.004623e+05	-2.544778e+05	-2.675550e+05	-3.427292e+05	-4.974474e+05	-7.676183e+05	-1.215946e+06	-1.946483e+06	-3.128779e+06	-5.037234e+06	
-2.478456e+06	-1.544043e+06	-9.679872e+05	-6.165918e+05	-4.083012e+05	-2.947733e+05	-2.496594e+05	-2.624891e+05	-3.362399e+05	-4.880286e+05	-7.530841e+05	-1.192923e+06	-1.909628e+06	-3.069538e+06	-4.941858e+06	
-2.425133e+06	-1.510823e+06	-9.471611e+05	-6.033259e+05	-3.995167e+05	-2.884313e+05	-2.442881e+05	-2.568417e+05	-3.290057e+05	-4.775288e+05	-7.368816e+05	-1.167257e+06	-1.868542e+06	-3.003497e+06	-4.835535e+06	
-2.366576e+06	-1.474343e+06	-9.242914e+05	-5.887582e+05	-3.898701e+05	-2.814670e+05	-2.383896e+05	-2.506401e+05	-3.210617e+05	-4.659986e+05	-7.190891e+05	-1.139073e+06	-1.823425e+06	-2.930976e+06	-4.718778e+06	
-2.303060e+06	-1.434774e+06	-8.994846e+05	-5.729567e+05	-3.794065e+05	-2.739128e+05	-2.319915e+05	-2.439132e+05	-3.124448e+05	-4.534918e+05	-6.997897e+05	-1.108502e+06	-1.774487e+06	-2.852312e+06	-4.592132e+06	
-2.234873e+06	-1.392294e+06	-8.728532e+05	-5.559929e+05	-3.681732e+05	-2.658029e+05	-2.251228e+05	-2.366916e+05	-3.031941e+05	-4.400650e+05	-6.790707e+05	-1.075682e+06	-1.721949e+06	-2.767863e+06	-4.456171e+06	
-2.162314e+06	-1.347091e+06	-8.445147e+05	-5.379418e+05	-3.562199e+05	-2.571732e+05	-2.178139e+05	-2.290070e+05	-2.933505e+05	-4.257777e+05	-6.570237e+05	-1.040758e+06	-1.666043e+06	-2.678000e+06	-4.311495e+06	
-2.085698e+06	-1.299360e+06	-8.145914e+05	-5.188811e+05	-3.435981e+05	-2.480609e+05	-2.100962e+05	-2.208927e+05	-2.829563e+05	-4.106913e+05	-6.337437e+05	-1.003882e+06	-1.607011e+06	-2.583112e+06	-4.158727e+06	
-2.005347e+06	-1.249303e+06	-7.832096e+05	-4.988915e+05	-3.303612e+05	-2.385045e+05	-2.020023e+05	-2.123830e+05	-2.720556e+05	-3.948696e+05	-6.093290e+05	-9.652077e+05	-1.545102e+06	-2.483599e+06	-3.998514e+06	
-1.921596e+06	-1.197127e+06	-7.504996e+05	-4.780558e+05	-3.165640e+05	-2.285436e+05	-1.935659e+05	-2.035130e+05	-2.606934e+05	-3.783782e+05	-5.838810e+05	-9.248967e+05	-1.480572e+06	-2.379873e+06	-3.831520e+06	
-1.834785e+06	-1.143045e+06	-7.165945e+05	-4.564588e+05	-3.022626e+05	-2.182187e+05	-1.848212e+05	-1.943189e+05	-2.489161e+05	-3.612843e+05	-5.575031e+05	-8.831129e+05	-1.413684e+06	-2.272358e+06	-3.658424e+06	
-1.745261e+06	-1.087273e+06	-6.816300e+05	-4.341870e+05	-2.875145e+05	-2.075713e+05	-1.758033e+05	-1.848376e+05	-2.367709e+05	-3.436564e+05	-5.303011e+05	-8.400236e+05	-1.344707e+06	-2.161484e+06	-3.479921e+06	
-1.653378e+06	-1.030031e+06	-6.457442e+05	-4.113283e+05	-2.723777e+05	-1.966432e+05	-1.665478e+05	-1.751064e+05	-2.243056e+05	-3.255639e+05	-5.023823e+05	-7.957988e+05	-1.273912e+06	-2.047688e+06	-3.296713e+06	
-1.559492e+06	-9.715416e+05	-6.090762e+05	-3.879714e+05	-2.569110e+05	-1.854770e+05	-1.570905e+05	-1.651632e+05	-2.115686e+05	-3.070770e+05	-4.738550e+05	-7.506101e+05	-1.201574e+06	-1.931412e+06	-3.109512e+06	
-1.463963e+06	-9.120285e+05	-5.717664e+05	-3.642057e+05	-2.411735e+05	-1.741154e+05	-1.474677e+05	-1.550459e+05	-1.986087e+05	-2.882666e+05	-4.448284e+05	-7.046304e+05	-1.127970e+06	-1.813101e+06	-2.919035e+06	
-1.367151e+06	-8.517159e+05	-5.339554e+05	-3.401207e+05	-2.252247e+05	-1.626011e+05	-1.377157e+05	-1.447927e+05	-1.854747e+05	-2.692035e+05	-4.154118e+05	-6.580331e+05	-1.053377e+06	-1.693200e+06	-2.725999e+06	
-1.269416e+06	-7.908281e+05	-4.957838e+05	-3.158060e+05	-2.091237e+05	-1.509770e+05	-1.278706e+05	-1.344417e+05	-1.722154e+05	-2.499585e+05	-3.857146e+05	-6.109913e+05	-9.780731e+05	-1.572156e+06	-2.531121e+06	
-1.171115e+06	-7.295878e+05	-4.573912e+05	-2.913506e+05	-1.929296e+05	-1.392856e+05	-1.179685e+05	-1.240308e+05	-1.588793e+05	-2.306022e+05	-3.558456e+05	-5.636773e+05	-9.023330e+05	-1.450411e+06	-2.335116e+06	
-1.072603e+06	-6.682162e+05	-4.189162e+05	-2.668427e+05	-1.767007e+05	-1.275692e+05	-1.080452e+05	-1.135975e+05	-1.455147e+05	-2.112044e+05	-3.259125e+05	-5.162618e+05	-8.264303e+05	-1.328405e+06	-2.138690e+06	
-9.742296e+05	-6.069313e+05	-3.804957e+05	-2.423694e+05	-1.604947e+05	-1.158693e+05	-9.813594e+04	-1.031790e+05	-1.321689e+05	-1.918339e+05	-2.960217e+05	-4.689132e+05	-7.506349e+05	-1.206572e+06	-1.942542e+06	
-8.763402e+05	-5.459475e+05	-3.422639e+05	-2.180164e+05	-1.443684e+05	-1.042269e+05	-8.827536e+04	-9.281170e+04	-1.188887e+05	-1.725587e+05	-2.662778e+05	-4.217974e+05	-6.752120e+05	-1.085337e+06	-1.747357e+06	
-7.792712e+05	-4.854749e+05	-3.043526e+05	-1.938675e+05	-1.283772e+05	-9.268203e+04	-7.849742e+04	-8.253129e+04	-1.057199e+05	-1.534450e+05	-2.367832e+05	-3.750764e+05	-6.004212e+05	-9.651179e+05	-1.553809e+06	
-6.833514e+05	-4.257182e+05	-2.668901e+05	-1.700045e+05	-1.125754e+05	-8.127388e+04	-6.883524e+04	-7.237258e+04	-9.270690e+04	-1.345576e+05	-2.076377e+05	-3.289086e+05	-5.265159e+05	-8.463224e+05	-1.362552e+06	
-5.888997e+05	-3.668761e+05	-2.300010e+05	-1.465068e+05	-9.701540e+04	-7.004034e+04	-5.932095e+04	-6.236936e+04	-7.989310e+04	-1.159592e+05	-1.789384e+05	-2.834474e+05	-4.537417e+05	-7.293451e+05	-1.174222e+06	
-4.962243e+05	-3.091407e+05	-1.938056e+05	-1.234510e+05	-8.174805e+04	-5.901806e+04	-4.998559e+04	-5.255427e+04	-6.732029e+04	-9.771069e+04	-1.507788e+05	-2.388412e+05	-3.823362e+05	-6.145678e+05	-9.894345e+05	
-4.056216e+05	-2.526965e+05	-1.584198e+05	-1.009108e+05	-6.682215e+04	-4.824230e+04	-4.085901e+04	-4.295870e+04	-5.502867e+04	-7.987027e+04	-1.232490e+05	-1.952325e+05	-3.125277e+05	-5.023574e+05	-8.087794e+05	
-3.173749e+05	-1.977201e+05	-1.239541e+05	-7.895672e+04	-5.228439e+04	-3.774675e+04	-3.196976e+04	-3.361264e+04	-4.305669e+04	-6.249377e+04	-9.643504e+04	-1.527579e+05	-2.445345e+05	-3.930650e+05	-6.328221e+05	
-2.317538e+05	-1.443793e+05	-9.051390e+04	-5.765585e+04	-3.817915e+04	-2.756346e+04	-2.334499e+04	-2.454465e+04	-3.144089e+04	-4.563425e+04	-7.041888e+04	-1.115470e+05	-1.785642e+05	-2.870243e+05	-4.620999e+05	
-1.490128e+05	-9.283289e+04	-5.819854e+04	-3.707150e+04	-2.454840e+04	-1.772273e+04	-1.501034e+04	-1.578170e+04	-2.021584e+04	-2.934187e+04	-4.527786e+04	-7.172241e+04	-1.148130e+05	-1.845506e+05	-2.971206e+05	
-6.939102e+04	-4.322962e+04	-2.710140e+04	-1.726314e+04	-1.143149e+04	-8.252969e+03	-6.989885e+03	-7.349085e+03	-9.413936e+03	-1.366367e+04	-2.108461e+04	-3.339907e+04	-5.346514e+04	-8.593994e+04	-1.383606e+05	
6.889136e+03	4.291834e+03	2.690625e+03	1.713883e+03	1.134917e+03	8.193543e+02	6.939554e+02	7.296168e+02	9.346150e+02	1.356528e+03	2.093279e+03	3.315858e+03	5.308016e+03	8.532112e+03	1.373643e+04	
7.962224e+04	4.960353e+04	3.109731e+04	1.980847e+04	1.311698e+04	9.469811e+03	8.020495e+03	8.432656e+03	1.080195e+04	1.567828e+04	2.419338e+04	3.832353e+04	6.134820e+04	9.861118e+04	1.587608e+05	
1.486207e+05	9.258856e+04	5.804537e+04	3.697393e+04	2.448379e+04	1.767609e+04	1.497083e+04	1.574016e+04	2.016263e+04	2.926464e+04	4.515870e+04	7.153364e+04	1.145108e+05	1.840649e+05	2.963386e+05	
2.137150e+05	1.331414e+05	8.346867e+04	5.316815e+04	3.520744e+04	2.541804e+04	2.152791e+04	2.263420e+04	2.899366e+04	4.208227e+04	6.493776e+04	1.028647e+05	1.646655e+05	2.646835e+05	4.261320e+05	
2.747548e+05	1.711684e+05	1.073084e+05	6.835367e+04	4.526315e+04	3.267776e+04	2.767656e+04	2.909882e+04	3.727463e+04	5.410151e+04	8.348483e+04	1.322442e+05	2.116961e+05	3.402805e+05	5.478408e+05	
3.316086e+05	2.065874e+05	1.295132e+05	8.249777e+04	5.462924e+04	3.943961e+04	3.340354e+04	3.512010e+04	4.498769e+04	6.529649e+04	1.007600e+05	1.596088e+05	2.555013e+05	4.106932e+05	6.612029e+05	
3.841642e+05	2.393288e+05	1.500394e+05	9.557259e+04	6.328726e+04	4.569028e+04	3.869756e+04	4.068618e+04	5.211765e+04	7.564512e+04	1.167291e+05	1.849047e+05	2.959949e+05	4.757827e+05	7.659949e+05	
4.323292e+05	2.693350e+05	1.688508e+05	1.075551e+05	7.122198e+04	5.141875e+04	4.354932e+04	4.578726e+04	5.865197e+04	8.512923e+04	1.313641e+05	2.080874e+05	3.331057e+05	5.354345e+05	8.620325e+05	
4.760311e+05	2.965606e+05	1.859190e+05	1.184273e+05	7.842142e+04	5.661640e+04	4.795149e+04	5.041565e+04	6.458078e+04	9.373448e+04	1.446430e+05	2.291218e+05	3.667776e+05	5.895587e+05	9.491708e+05	
5.152168e+05	3.209728e+05	2.012234e+05	1.281759e+05	8.487688e+04	6.127692e+04	5.189873e+04	5.456574e+04	6.989691e+04	1.014505e+05	1.565497e+05	2.479826e+05	3.969698e+05	6.380898e+05	1.027304e+06	
5.498531e+05	3.425507e+05	2.147510e+05	1.367928e+05	9.058288e+04	6.539637e+04	5.538772e+04	5.823401e+04	7.459585e+04	1.082707e+05	1.670740e+05	2.646536e+05	4.236568e+05	6.809865e+05	1.096366e+06	
5.799265e+05	3.612860e+05	2.264964e+05	1.442745e+05	9.553717e+04	6.897313e+04	5.841707e+04	6.141904e+04	7.867576e+04	1.141924e+05	1.762119e+05	2.791285e+05	4.468280e+05	7.182320e+05	1.156331e+06	
6.054427e+05	3.771822e+05	2.364621e+05	1.506224e+05	9.974071e+04	7.200788e+04	6.098736e+04	6.412141e+04	8.213742e+04	1.192167e+05	1.839650e+05	2.914098e+05	4.664880e+05	7.498335e+05	1.207208e+06	
6.264266e+05	3.902549e+05	2.446575e+05	1.558428e+05	1.031976e+05	7.450357e+04	6.310110e+04	6.634378e+04	8.498419e+04	1.233486e+05	1.903410e+05	3.015097e+05	4.826559e+05	7.758217e+05	1.249048e+06	
6.429216e+05	4.005310e+05	2.510998e+05	1.599464e+05	1.059150e+05	7.646540e+04	6.476268e+04	6.809074e+04	8.722199e+04	1.265966e+05	1.953531e+05	3.094491e+05	4.953651e+05	7.962506e+05	1.281938e+06	
6.549896e+05	4.080492e+05	2.558131e+05	1.629487e+05	1.079031e+05	7.790070e+04	6.597831e+04	6.936884e+04	8.885920e+04	1.289729e+05	1.990200e+05	3.152576e+05	5.046634e+05	8.111967e+05	1.306001e+06	
6.627101e+05	4.128590e+05	2.588284e+05	1.648694e+05	1.091749e+05	7.881893e+04	6.675601e+04	7.018650e+04	8.990660e+04	1.304931e+05	2.013659e+05	3.189736e+05	5.106120e+05	8.207585e+05	1.321395e+06	
6.661798e+05	4.150205e+05	2.601835e+05	1.657326e+05	1.097465e+05	7.923159e+04	6.710551e+04	7.055397e+04	9.037731e+04	1.311763e+05	2.024201e+05	3.206436e+05	5.132853e+05	8.250556e+05	1.328313e+06	
6.655117e+05	4.146043e+05	2.599226e+05	1.655664e+05	1.096365e+05	7.915213e+04	6.703821e+04	7.048321e+04	9.028667e+04	1.310448e+05	2.022171e+05	3.203220e+05	5.127706e+05	8.242281e+05	1.326981e+06	
6.608347e+05	4.116906e+05	2.580960e+05	1.644028e+05	1.088660e+05	7.859587e+04	6.656709e+04	6.998788e+04	8.965217e+04	1.301238e+05	2.007960e+05	3.180709e+05	5.091670e+05	8.184357e+05	1.317655e+06	
6.522926e+05	4.063690e+05	2.547598e+05	1.622777e+05	1.074588e+05	7.757993e+04	6.570663e+04	6.908320e+04	8.849330e+04	1.284418e+05	1.982005e+05	3.139595e+05	5.025854e+05	8.078565e+05	1.300623e+06	
6.400433e+05	3.987379e+05	2.499757e+05	1.592303e+05	1.054408e+05	7.612306e+04	6.447274e+04	6.778590e+04	8.683150e+04	1.260298e+05	1.944785e+05	3.080637e+05	4.931474e+05	7.926859e+05	1.276199e+06	
6.242579e+05	3.889038e+05	2.438105e+05	1.553032e+05	1.028403e+05	7.424564e+04	6.288265e+04	6.611410e+04	8.468998e+04	1.229216e+05	1.896821e+05	3.004659e+05	4.809849e+05	7.731358e+05	1.244724e+06	
6.051198e+05	3.769811e+05	2.363359e+05	1.505421e+05	9.968751e+04	7.196947e+04	6.095483e+04	6.408721e+04	8.209361e+04	1.191531e+05	1.838669e+05	2.912544e+05	4.662392e+05	7.494335e+05	1.206564e+06	
5.828236e+05	3.630908e+05	2.276279e+05	1.449952e+05	9.601444e+04	6.931769e+04	5.870889e+04	6.172586e+04	7.906879e+04	1.147628e+05	1.770922e+05	2.805229e+05	4.490602e+05	7.218200e+05	1.162107e+06	
5.575742e+05	3.473608e+05	2.177665e+05	1.387136e+05	9.185485e+04	6.631467e+04	5.616548e+04	5.905174e+04	7.564333e+04	1.097910e+05	1.694201e+05	2.683699e+05	4.296058e+05	6.905489e+05	1.111762e+06	
5.295857e+05	3.299244e+05	2.068353e+05	1.317506e+05	8.724402e+04	6.298588e+04	5.334614e+04	5.608752e+04	7.184627e+04	1.042798e+05	1.609157e+05	2.548986e+05	4.080409e+05	6.558855e+05	1.055955e+06	
4.990802e+05	3.109199e+05	1.949210e+05	1.241615e+05	8.221853e+04	5.935773e+04	5.027326e+04	5.285674e+04	6.770774e+04	9.827304e+04	1.516466e+05	2.402157e+05	3.845367e+05	6.181048e+05	9.951289e+05	
4.662868e+05	2.904901e+05	1.821132e+05	1.160031e+05	7.681615e+04	5.545747e+04	4.696993e+04	4.938365e+04	6.325882e+04	9.181575e+04	1.416822e+05	2.244317e+05	3.592697e+05	5.774906e+05	9.297414e+05	
4.314405e+05	2.687813e+05	1.685037e+05	1.073340e+05	7.107557e+04	5.131306e+04	4.345980e+04	4.569314e+04	5.853140e+04	8.495423e+04	1.310941e+05	2.076596e+05	3.324209e+05	5.343339e+05	8.602605e+05	
3.947811e+05	2.459430e+05	1.541859e+05	9.821386e+04	6.503628e+04	4.695299e+04	3.976702e+04	4.181059e+04	5.355799e+04	7.773568e+04	1.199550e+05	1.900148e+05	3.041752e+05	4.889316e+05	7.871642e+05	
3.565516e+05	2.221266e+05	1.392550e+05	8.870310e+04	5.873835e+04	4.240619e+04	3.591610e+04	3.776177e+04	4.837159e+04	7.020797e+04	1.083389e+05	1.716143e+05	2.747197e+05	4.415848e+05	7.109374e+05	
3.169977e+05	1.974850e+05	1.238068e+05	7.886286e+04	5.222223e+04	3.770188e+04	3.193176e+04	3.357268e+04	4.300550e+04	6.241948e+04	9.632040e+04	1.525763e+05	2.442438e+05	3.925978e+05	6.320699e+05	
2.763662e+05	1.721722e+05	1.079377e+05	6.875454e+04	4.552860e+04	3.286940e+04	2.783887e+04	2.926947e+04	3.749323e+04	5.441880e+04	8.397444e+04	1.330197e+05	2.129376e+05	3.422762e+05	5.510537e+05	
2.349040e+05	1.463419e+05	9.174424e+04	5.843956e+04	3.869812e+04	2.793813e+04	2.366231e+04	2.487829e+04	3.186826e+04	4.625455e+04	7.137607e+04	1.130633e+05	1.809914e+05	2.909258e+05	4.683812e+05	
1.928570e+05	1.201472e+05	7.532236e+04	4.797909e+04	3.177129e+04	2.293731e+04	1.942684e+04	2.042516e+04	2.616396e+04	3.797516e+04	5.860002e+04	9.282536e+04	1.485946e+05	2.388511e+05	3.845427e+05	
1.504690e+05	9.374003e+04	5.876724e+04	3.743376e+04	2.478828e+04	1.789591e+04	1.515702e+04	1.593591e+04	2.041338e+04	2.962859e+04	4.572031e+04	7.242326e+04	1.159349e+05	1.863540e+05	3.000240e+05	
1.079802e+05	6.727015e+04	4.217281e+04	2.686338e+04	1.778867e+04	1.284255e+04	1.087705e+04	1.143600e+04	1.464914e+04	2.126220e+04	3.281001e+04	5.197271e+04	8.319776e+04	1.337322e+05	2.153046e+05	
6.562690e+04	4.088463e+04	2.563128e+04	1.632670e+04	1.081138e+04	7.805286e+03	6.610718e+03	6.950434e+03	8.903277e+03	1.292248e+04	1.994087e+04	3.158734e+04	5.056492e+04	8.127812e+04	1.308552e+05	
2.363977e+04	1.472724e+04	9.232760e+03	5.881114e+03	3.894418e+03	2.811578e+03	2.381277e+03	2.503647e+03	3.207090e+03	4.654867e+03	7.182992e+03	1.137822e+04	1.821422e+04	2.927756e+04	4.713594e+04	
-1.775680e+04	-1.106224e+04	-6.935107e+03	-4.417548e+03	-2.925258e+03	-2.111892e+03	-1.788675e+03	-1.880593e+03	-2.408978e+03	-3.496462e+03	-5.395442e+03	-8.546650e+03	-1.368145e+04	-2.199159e+04	-3.540575e+04	
-5.834574e+04	-3.634857e+04	-2.278754e+04	-1.451529e+04	-9.611884e+03	-6.939306e+03	-5.877273e+03	-6.179298e+03	-7.915477e+03	-1.148876e+04	-1.772847e+04	-2.808279e+04	-4.495485e+04	-7.226049e+04	-1.163371e+05	
-9.791819e+04	-6.100165e+04	-3.824299e+04	-2.436015e+04	-1.613106e+04	-1.164583e+04	-9.863480e+03	-1.037035e+04	-1.328408e+04	-1.928091e+04	-2.975265e+04	-4.712969e+04	-7.544506e+04	-1.212705e+05	-1.952416e+05	
-1.362744e+05	-8.489704e+04	-5.322342e+04	-3.390243e+04	-2.244987e+04	-1.620770e+04	-1.372717e+04	-1.443259e+04	-1.848768e+04	-2.683357e+04	-4.140727e+04	-6.559120e+04	-1.049982e+05	-1.687742e+05	-2.717211e+05	
-1.732246e+05	-1.079165e+05	-6.765471e+04	-4.309492e+04	-2.853705e+04	-2.060234e+04	-1.744924e+04	-1.834593e+04	-2.350053e+04	-3.410937e+04	-5.263467e+04	-8.337595e+04	-1.334680e+05	-2.145366e+05	-3.453971e+05	
-2.085896e+05	-1.299484e+05	-8.146687e+04	-5.189304e+04	-3.436308e+04	-2.480845e+04	-2.101161e+04	-2.209137e+04	-2.829832e+04	-4.107303e+04	-6.338039e+04	-1.003977e+05	-1.607164e+05	-2.583357e+05	-4.159122e+05	
-2.422016e+05	-1.508881e+05	-9.459438e+04	-6.025504e+04	-3.990032e+04	-2.880606e+04	-2.439741e+04	-2.565116e+04	-3.285829e+04	-4.769150e+04	-7.359345e+04	-1.165757e+05	-1.866141e+05	-2.999637e+05	-4.829320e+05	
-2.739047e+05	-1.706387e+05	-1.069764e+05	-6.814217e+04	-4.512309e+04	-3.257665e+04	-2.759092e+04	-2.900878e+04	-3.715929e+04	-5.393411e+04	-8.322651e+04	-1.318350e+05	-2.110410e+05	-3.392276e+05	-5.461457e+05	
-3.035558e+05	-1.891109e+05	-1.185569e+05	-7.551878e+04	-5.000781e+04	-3.610318e+04	-3.057773e+04	-3.214908e+04	-4.118191e+04	-5.977265e+04	-9.223605e+04	-1.461065e+05	-2.338869e+05	-3.759501e+05	-6.052677e+05	
-3.310246e+05	-2.062237e+05	-1.292852e+05	-8.235250e+04	-5.453304e+04	-3.937017e+04	-3.334472e+04	-3.505826e+04	-4.490847e+04	-6.518151e+04	-1.005825e+05	-1.593278e+05	-2.550514e+05	-4.099700e+05	-6.600386e+05	
-3.561947e+05	-2.219043e+05	-1.391156e+05	-8.861433e+04	-5.867957e+04	-4.236375e+04	-3.588015e+04	-3.772398e+04	-4.832318e+04	-7.013771e+04	-1.082305e+05	-1.714426e+05	-2.744447e+05	-4.411429e+05	-7.102259e+05	
-3.789633e+05	-2.360888e+05	-1.480081e+05	-9.427871e+04	-6.243046e+04	-4.507172e+04	-3.817367e+04	-4.013536e+04	-5.141208e+04	-7.462103e+04	-1.151488e+05	-1.824015e+05	-2.919877e+05	-4.693415e+05	-7.556248e+05	
-3.992419e+05	-2.487220e+05	-1.559281e+05	-9.932363e+04	-6.577116e+04	-4.748353e+04	-4.021637e+04	-4.228303e+04	-5.416317e+04	-7.861405e+04	-1.213105e+05	-1.921619e+05	-3.076122e+05	-4.944562e+05	-7.960587e+05	
-4.169564e+05	-2.597579e+05	-1.628467e+05	-1.037306e+05	-6.868945e+04	-4.959039e+04	-4.200078e+04	-4.415914e+04	-5.656641e+04	-8.210218e+04	-1.266931e+05	-2.006882e+05	-3.212610e+05	-5.163954e+05	-8.313801e+05	
-4.320473e+05	-2.691594e+05	-1.687406e+05	-1.074850e+05	-7.117553e+04	-5.138522e+04	-4.352092e+04	-4.575740e+04	-5.861372e+04	-8.507371e+04	-1.312785e+05	-2.079517e+05	-3.328885e+05	-5.350854e+05	-8.614704e+05	
-4.444699e+05	-2.768985e+05	-1.735924e+05	-1.105755e+05	-7.322204e+04	-5.286270e+04	-4.477228e+04	-4.707306e+04	-6.029904e+04	-8.751983e+04	-1.350531e+05	-2.139309e+05	-3.424600e+05	-5.504707e+05	-8.862402e+05	
-4.541942e+05	-2.829565e+05	-1.773903e+05	-1.129947e+05	-7.482401e+04	-5.401924e+04	-4.575182e+04	-4.810294e+04	-6.161828e+04	-8.943461e+04	-1.380079e+05	-2.186114e+05	-3.499524e+05	-5.625140e+05	-9.056296e+05	
-4.612046e+05	-2.873239e+05	-1.801283e+05	-1.147388e+05	-7.597891e+04	-5.485302e+04	-4.645799e+04	-4.884540e+04	-6.256935e+04	-9.081503e+04	-1.401380e+05	-2.219856e+05	-3.553539e+05	-5.711963e+05	-9.196079e+05	
-4.655004e+05	-2.900001e+05	-1.818061e+05	-1.158075e+05	-7.668659e+04	-5.536394e+04	-4.689071e+04	-4.930036e+04	-6.315213e+04	-9.166090e+04	-1.414433e+05	-2.240532e+05	-3.586637e+05	-5.765166e+05	-9.281733e+05	
-4.670949e+05	-2.909935e+05	-1.824289e+05	-1.162042e+05	-7.694928e+04	-5.555359e+04	-4.705133e+04	-4.946923e+04	-6.336846e+04	-9.197488e+04	-1.419278e+05	-2.248207e+05	-3.598923e+05	-5.784914e+05	-9.313527e+05	
-4.660159e+05	-2.903213e+05	-1.820074e+05	-1.159357e+05	-7.677151e+04	-5.542525e+04	-4.694263e+04	-4.935495e+04	-6.322206e+04	-9.176240e+04	-1.415999e+05	-2.243013e+05	-3.590609e+05	-5.771550e+05	-9.292011e+05	
-4.623045e+05	-2.880091e+05	-1.805579e+05	-1.150124e+05	-7.616010e+04	-5.498383e+04	-4.656878e+04	-4.896188e+04	-6.271856e+04	-9.103160e+04	-1.404722e+05	-2.225150e+05	-3.562013e+05	-5.725585e+05	-9.218009e+05	
-4.560155e+05	-2.840912e+05	-1.781017e+05	-1.134478e+05	-7.512405e+04	-5.423586e+04	-4.593528e+04	-4.829583e+04	-6.186536e+04	-8.979324e+04	-1.385613e+05	-2.194880e+05	-3.513557e+05	-5.647696e+05	-9.092611e+05	
-4.472165e+05	-2.786096e+05	-1.746651e+05	-1.112588e+05	-7.367451e+04	-5.318936e+04	-4.504894e+04	-4.736394e+04	-6.067165e+04	-8.806066e+04	-1.358877e+05	-2.152529e+05	-3.445762e+05	-5.538723e+05	-8.917166e+05	
-4.359877e+05	-2.716142e+05	-1.702796e+05	-1.084653e+05	-7.182467e+04	-5.185387e+04	-4.391784e+04	-4.617472e+04	-5.914830e+04	-8.584961e+04	-1.324758e+05	-2.098483e+05	-3.359245e+05	-5.399655e+05	-8.693272e+05	
-4.224210e+05	-2.631623e+05	-1.649810e+05	-1.050901e+05	-6.958969e+04	-5.024032e+04	-4.255124e+04	-4.473789e+04	-5.730777e+04	-8.317821e+04	-1.283535e+05	-2.033184e+05	-3.254715e+05	-5.231633e+05	-8.422762e+05	
-4.066196e+05	-2.533182e+05	-1.588096e+05	-1.011591e+05	-6.698656e+04	-4.836099e+04	-4.095954e+04	-4.306439e+04	-5.516407e+04	-8.006678e+04	-1.235522e+05	-1.957129e+05	-3.132966e+05	-5.035934e+05	-8.107693e+05	
-3.886973e+05	-2.421529e+05	-1.518098e+05	-9.670034e+04	-6.403404e+04	-4.622942e+04	-3.915419e+04	-4.116627e+04	-5.273264e+04	-7.653773e+04	-1.181065e+05	-1.870866e+05	-2.994877e+05	-4.813969e+05	-7.750336e+05	
-3.687779e+05	-2.297434e+05	-1.440301e+05	-9.174477e+04	-6.075251e+04	-4.386032e+04	-3.714767e+04	-3.905664e+04	-5.003027e+04	-7.261543e+04	-1.120539e+05	-1.774990e+05	-2.841399e+05	-4.567269e+05	-7.353158e+05	
-3.469941e+05	-2.161724e+05	-1.355222e+05	-8.632540e+04	-5.716386e+04	-4.126949e+04	-3.495336e+04	-3.674956e+04	-4.707498e+04	-6.832603e+04	-1.054349e+05	-1.670142e+05	-2.673558e+05	-4.297480e+05	-6.918806e+05	
-3.234874e+05	-2.015280e+05	-1.263414e+05	-8.047737e+04	-5.329135e+04	-3.847372e+04	-3.258548e+04	-3.426000e+04	-4.388593e+04	-6.369735e+04	-9.829231e+04	-1.556999e+05	-2.492440e+05	-4.006352e+05	-6.450098e+05	
-2.984063e+05	-1.859029e+05	-1.165457e+05	-7.423769e+04	-4.915949e+04	-3.549073e+04	-3.005901e+04	-3.160370e+04	-4.048330e+04	-5.875868e+04	-9.067137e+04	-1.436280e+05	-2.299193e+05	-3.695726e+05	-5.950000e+05	
-2.719064e+05	-1.693938e+05	-1.061959e+05	-6.764504e+04	-4.479390e+04	-3.233899e+04	-2.738963e+04	-2.879715e+04	-3.688820e+04	-5.354064e+04	-8.261933e+04	-1.308732e+05	-2.095014e+05	-3.367528e+05	-5.421613e+05	
-2.441491e+05	-1.521014e+05	-9.535499e+04	-6.073954e+04	-4.022115e+04	-2.903768e+04	-2.459358e+04	-2.585741e+04	-3.312249e+04	-4.807498e+04	-7.418520e+04	-1.175131e+05	-1.881146e+05	-3.023756e+05	-4.868151e+05	
-2.153004e+05	-1.341291e+05	-8.408785e+04	-5.356256e+04	-3.546862e+04	-2.560659e+04	-2.168761e+04	-2.280210e+04	-2.920874e+04	-4.239445e+04	-6.541948e+04	-1.036277e+05	-1.658870e+05	-2.666470e+05	-4.292931e+05	
-1.855308e+05	-1.155831e+05	-7.246101e+04	-4.615646e+04	-3.056437e+04	-2.206597e+04	-1.868886e+04	-1.964925e+04	-2.517005e+04	-3.653256e+04	-5.637392e+04	-8.929912e+04	-1.429498e+05	-2.297777e+05	-3.699347e+05	
-1.550135e+05	-9.657124e+04	-6.054218e+04	-3.856436e+04	-2.553695e+04	-1.843642e+04	-1.561480e+04	-1.641722e+04	-2.102992e+04	-3.052346e+04	-4.710119e+04	-7.461065e+04	-1.194365e+05	-1.919824e+05	-3.090855e+05	
-1.239242e+05	-7.720304e+04	-4.839992e+04	-3.082994e+04	-2.041529e+04	-1.473883e+04	-1.248312e+04	-1.312460e+04	-1.681219e+04	-2.440171e+04	-3.765463e+04	-5.964683e+04	-9.548247e+04	-1.534787e+05	-2.470957e+05	
-9.243962e+04	-5.758857e+04	-3.610327e+04	-2.299718e+04	-1.522852e+04	-1.099424e+04	-9.311613e+03	-9.790124e+03	-1.254083e+04	-1.820213e+04	-2.808797e+04	-4.449276e+04	-7.122387e+04	-1.144854e+05	-1.843178e+05	
-6.073686e+04	-3.783820e+04	-2.372142e+04	-1.511015e+04	-1.000580e+04	-7.223693e+03	-6.118136e+03	-6.432538e+03	-8.239869e+03	-1.195959e+04	-1.845502e+04	-2.923368e+04	-4.679719e+04	-7.522187e+04	-1.211048e+05	
-2.899247e+04	-1.806190e+04	-1.132331e+04	-7.212763e+03	-4.776223e+03	-3.448197e+03	-2.920465e+03	-3.070543e+03	-3.933265e+03	-5.708858e+03	-8.809422e+03	-1.395457e+04	-2.233843e+04	-3.590682e+04	-5.780884e+04	
2.618545e+03	1.631316e+03	1.022700e+03	6.514430e+02	4.313794e+02	3.114346e+02	2.637708e+02	2.773256e+02	3.552450e+02	5.156132e+02	7.956502e+02	1.260350e+03	2.017564e+03	3.243036e+03	5.221184e+03	
3.392356e+04	2.113390e+04	1.324921e+04	8.439524e+03	5.588572e+03	4.034674e+03	3.417183e+03	3.592787e+03	4.602242e+03	6.679832e+03	1.030775e+04	1.632799e+04	2.613779e+04	4.201392e+04	6.764108e+04	
6.475325e+04	4.034036e+04	2.529007e+04	1.610935e+04	1.066746e+04	7.701379e+03	6.522714e+03	6.857907e+03	8.784753e+03	1.275045e+04	1.967541e+04	3.116684e+04	4.989178e+04	8.019612e+04	1.291132e+05	
