1.968537e-17	1.162214e-17	7.737160e-18	5.971294e-18	5.155668e-18	4.762274e-18	4.562510e-18	4.456128e-18	4.397545e-18	4.365108e-18	4.348213e-18	4.341828e-18	4.344243e-18	4.356441e-18	4.382758e-18	4.433435e-18	4.531526e-18	4.732511e-18	5.190697e-18	6.445105e-18	1.094305e-17	
-4.433096e-03	-2.751402e-03	-1.708282e-03	-1.061637e-03	-6.613877e-04	-4.146400e-04	-2.641262e-04	-1.749134e-04	-1.262964e-04	-1.069915e-04	-1.125183e-04	-1.441595e-04	-2.092587e-04	-3.229249e-04	-5.115387e-04	-8.188756e-04	-1.316266e-03	-2.119148e-03	-3.413864e-03	-5.500904e-03	-8.864649e-03	
-8.871281e-03	-5.505963e-03	-3.418525e-03	-2.124493e-03	-1.323535e-03	-8.297560e-04	-5.285556e-04	-3.500277e-04	-2.527378e-04	-2.141059e-04	-2.251658e-04	-2.884846e-04	-4.187577e-04	-6.462205e-04	-1.023665e-03	-1.638691e-03	-2.634042e-03	-4.240728e-03	-6.831646e-03	-1.100812e-02	-1.773948e-02	
-1.331967e-02	-8.266859e-03	-5.132701e-03	-3.189793e-03	-1.987205e-03	-1.245827e-03	-7.935931e-04	-5.255447e-04	-3.794700e-04	-3.214666e-04	-3.380724e-04	-4.331415e-04	-6.287385e-04	-9.702596e-04	-1.536968e-03	-2.460393e-03	-3.954850e-03	-6.367189e-03	-1.025729e-02	-1.652801e-02	-2.663471e-02	
-1.778345e-02	-1.103730e-02	-6.852806e-03	-4.258778e-03	-2.653170e-03	-1.663336e-03	-1.059547e-03	-7.016687e-04	-5.066405e-04	-4.291986e-04	-4.513695e-04	-5.782988e-04	-8.394455e-04	-1.295419e-03	-2.052047e-03	-3.284936e-03	-5.280225e-03	-8.501003e-03	-1.369478e-02	-2.206698e-02	-3.556071e-02	
-2.226788e-02	-1.382056e-02	-8.580869e-03	-5.332708e-03	-3.322216e-03	-2.082778e-03	-1.326732e-03	-8.786075e-04	-6.343993e-04	-5.374290e-04	-5.651906e-04	-7.241275e-04	-1.051127e-03	-1.622083e-03	-2.569509e-03	-4.113293e-03	-6.611732e-03	-1.064469e-02	-1.714817e-02	-2.763158e-02	-4.452801e-02	
-2.677834e-02	-1.661999e-02	-1.031896e-02	-6.412873e-03	-3.995146e-03	-2.504654e-03	-1.595468e-03	-1.056574e-03	-7.628999e-04	-6.462878e-04	-6.796727e-04	-8.708030e-04	-1.264038e-03	-1.950644e-03	-3.089976e-03	-4.946460e-03	-7.950969e-03	-1.280082e-02	-2.062162e-02	-3.322849e-02	-5.354737e-02	
-3.132039e-02	-1.943901e-02	-1.206923e-02	-7.500600e-03	-4.672788e-03	-2.929484e-03	-1.866085e-03	-1.235786e-03	-8.923001e-04	-7.559086e-04	-7.949562e-04	-1.018505e-03	-1.478440e-03	-2.281505e-03	-3.614086e-03	-5.785460e-03	-9.299583e-03	-1.497205e-02	-2.411938e-02	-3.886458e-02	-6.262987e-02	
-3.589973e-02	-2.228118e-02	-1.383387e-02	-8.597261e-03	-5.355995e-03	-3.357803e-03	-2.138925e-03	-1.416470e-03	-1.022763e-03	-8.664299e-04	-9.111866e-04	-1.167421e-03	-1.694602e-03	-2.615083e-03	-4.142500e-03	-6.631351e-03	-1.065927e-02	-1.716111e-02	-2.764587e-02	-4.454696e-02	-7.178697e-02	
-4.052234e-02	-2.515020e-02	-1.561518e-02	-9.704283e-03	-6.045657e-03	-3.790169e-03	-2.414342e-03	-1.598860e-03	-1.154459e-03	-9.779953e-04	-1.028515e-03	-1.317743e-03	-1.912806e-03	-2.951813e-03	-4.675907e-03	-7.485233e-03	-1.203181e-02	-1.937085e-02	-3.120567e-02	-5.028303e-02	-8.103058e-02	
-4.519443e-02	-2.804994e-02	-1.741556e-02	-1.082315e-02	-6.742701e-03	-4.227163e-03	-2.692708e-03	-1.783204e-03	-1.287564e-03	-1.090755e-03	-1.147099e-03	-1.469675e-03	-2.133347e-03	-3.292148e-03	-5.215024e-03	-8.348256e-03	-1.341904e-02	-2.160424e-02	-3.480358e-02	-5.608050e-02	-9.037314e-02	
-4.992255e-02	-3.098444e-02	-1.923752e-02	-1.195544e-02	-7.448104e-03	-4.669397e-03	-2.974411e-03	-1.969758e-03	-1.422265e-03	-1.204867e-03	-1.267106e-03	-1.623428e-03	-2.356531e-03	-3.636563e-03	-5.760605e-03	-9.221627e-03	-1.482290e-02	-2.386442e-02	-3.844464e-02	-6.194748e-02	-9.982772e-02	
-5.471358e-02	-3.395800e-02	-2.108373e-02	-1.310280e-02	-8.162893e-03	-5.117516e-03	-3.259864e-03	-2.158794e-03	-1.558759e-03	-1.320497e-03	-1.388709e-03	-1.779227e-03	-2.582686e-03	-3.985561e-03	-6.313446e-03	-1.010662e-02	-1.624544e-02	-2.615467e-02	-4.213414e-02	-6.789253e-02	-1.094081e-01	
-5.957484e-02	-3.697514e-02	-2.295701e-02	-1.426697e-02	-8.888160e-03	-5.572203e-03	-3.549500e-03	-2.350601e-03	-1.697254e-03	-1.437822e-03	-1.512095e-03	-1.937310e-03	-2.812156e-03	-4.339675e-03	-6.874391e-03	-1.100459e-02	-1.768884e-02	-2.847849e-02	-4.587773e-02	-7.392474e-02	-1.191290e-01	
-6.451414e-02	-4.004071e-02	-2.486035e-02	-1.544983e-02	-9.625069e-03	-6.034189e-03	-3.843786e-03	-2.545487e-03	-1.837971e-03	-1.557030e-03	-1.637461e-03	-2.097930e-03	-3.045309e-03	-4.699474e-03	-7.444340e-03	-1.191697e-02	-1.915540e-02	-3.083962e-02	-4.968141e-02	-8.005377e-02	-1.290058e-01	
-6.953980e-02	-4.315989e-02	-2.679698e-02	-1.665338e-02	-1.037486e-02	-6.504254e-03	-4.143217e-03	-2.743781e-03	-1.981150e-03	-1.678323e-03	-1.765020e-03	-2.261360e-03	-3.282539e-03	-5.065563e-03	-8.024256e-03	-1.284530e-02	-2.064761e-02	-3.324203e-02	-5.355160e-02	-8.628997e-02	-1.390554e-01	
-7.466080e-02	-4.633824e-02	-2.877034e-02	-1.787975e-02	-1.113888e-02	-6.983235e-03	-4.448329e-03	-2.945837e-03	-2.127044e-03	-1.801917e-03	-1.894998e-03	-2.427889e-03	-3.524269e-03	-5.438598e-03	-8.615172e-03	-1.379124e-02	-2.216813e-02	-3.569002e-02	-5.749521e-02	-9.264447e-02	-1.492956e-01	
-7.988683e-02	-4.958178e-02	-3.078418e-02	-1.913128e-02	-1.191857e-02	-7.472041e-03	-4.759699e-03	-3.152036e-03	-2.275931e-03	-1.928046e-03	-2.027642e-03	-2.597834e-03	-3.770958e-03	-5.819284e-03	-9.218208e-03	-1.475659e-02	-2.371983e-02	-3.818821e-02	-6.151970e-02	-9.912931e-02	-1.597459e-01	
-8.522840e-02	-5.289703e-02	-3.284254e-02	-2.041048e-02	-1.271550e-02	-7.971653e-03	-5.077952e-03	-3.362795e-03	-2.428109e-03	-2.056963e-03	-2.163219e-03	-2.771536e-03	-4.023100e-03	-6.208385e-03	-9.834577e-03	-1.574328e-02	-2.530584e-02	-4.074163e-02	-6.563316e-02	-1.057575e-01	-1.704271e-01	
-9.069696e-02	-5.629109e-02	-3.494983e-02	-2.172009e-02	-1.353137e-02	-8.483143e-03	-5.403772e-03	-3.578564e-03	-2.583905e-03	-2.188945e-03	-2.302019e-03	-2.949368e-03	-4.281236e-03	-6.606738e-03	-1.046560e-02	-1.675342e-02	-2.692955e-02	-4.335576e-02	-6.984442e-02	-1.125433e-01	-1.813623e-01	
-9.630503e-02	-5.977174e-02	-3.711089e-02	-2.306311e-02	-1.436805e-02	-9.007681e-03	-5.737904e-03	-3.799837e-03	-2.743676e-03	-2.324295e-03	-2.444359e-03	-3.131736e-03	-4.545958e-03	-7.015252e-03	-1.111272e-02	-1.778934e-02	-2.859469e-02	-4.603658e-02	-7.416312e-02	-1.195022e-01	-1.925765e-01	
-1.020664e-01	-6.334753e-02	-3.933101e-02	-2.444284e-02	-1.522761e-02	-9.546557e-03	-6.081168e-03	-4.027159e-03	-2.907814e-03	-2.463343e-03	-2.590591e-03	-3.319089e-03	-4.817916e-03	-7.434933e-03	-1.177753e-02	-1.885357e-02	-3.030534e-02	-4.879068e-02	-7.859986e-02	-1.266513e-01	-2.040972e-01	
-1.079962e-01	-6.702789e-02	-4.161606e-02	-2.586292e-02	-1.611230e-02	-1.010119e-02	-6.434471e-03	-4.261128e-03	-3.076751e-03	-2.606458e-03	-2.741099e-03	-3.511921e-03	-5.097826e-03	-7.866887e-03	-1.246178e-02	-1.994892e-02	-3.206601e-02	-5.162531e-02	-8.316634e-02	-1.340095e-01	-2.159549e-01	
-1.141114e-01	-7.082327e-02	-4.397253e-02	-2.732738e-02	-1.702464e-02	-1.067316e-02	-6.798816e-03	-4.502410e-03	-3.250969e-03	-2.754046e-03	-2.896311e-03	-3.710780e-03	-5.386485e-03	-8.312341e-03	-1.316741e-02	-2.107851e-02	-3.388172e-02	-5.454854e-02	-8.787555e-02	-1.415976e-01	-2.281831e-01	
-1.204307e-01	-7.474532e-02	-4.640764e-02	-2.884071e-02	-1.796743e-02	-1.126422e-02	-7.175322e-03	-4.751745e-03	-3.431002e-03	-2.906560e-03	-3.056703e-03	-3.916276e-03	-5.684779e-03	-8.772663e-03	-1.389660e-02	-2.224579e-02	-3.575802e-02	-5.756933e-02	-9.274192e-02	-1.494390e-01	-2.408194e-01	
-1.269750e-01	-7.880708e-02	-4.892949e-02	-3.040796e-02	-1.894381e-02	-1.187633e-02	-7.565238e-03	-5.009961e-03	-3.617447e-03	-3.064506e-03	-3.222808e-03	-4.129092e-03	-5.993697e-03	-9.249381e-03	-1.465175e-02	-2.345466e-02	-3.770116e-02	-6.069773e-02	-9.778164e-02	-1.575597e-01	-2.539059e-01	
-1.337681e-01	-8.302320e-02	-5.154718e-02	-3.203476e-02	-1.995729e-02	-1.251171e-02	-7.969972e-03	-5.277990e-03	-3.810977e-03	-3.228455e-03	-3.395226e-03	-4.349995e-03	-6.314355e-03	-9.744215e-03	-1.543561e-02	-2.470946e-02	-3.971814e-02	-6.394500e-02	-1.030129e-01	-1.659890e-01	-2.674896e-01	
-1.408365e-01	-8.741022e-02	-5.427098e-02	-3.372750e-02	-2.101185e-02	-1.317284e-02	-8.391113e-03	-5.556884e-03	-4.012353e-03	-3.399050e-03	-3.574632e-03	-4.579852e-03	-6.648011e-03	-1.025911e-02	-1.625124e-02	-2.601513e-02	-4.181688e-02	-6.732392e-02	-1.084562e-01	-1.747601e-01	-2.816240e-01	
-1.482106e-01	-9.198695e-02	-5.711257e-02	-3.549345e-02	-2.211201e-02	-1.386256e-02	-8.830465e-03	-5.847838e-03	-4.222436e-03	-3.577021e-03	-3.761797e-03	-4.819650e-03	-6.996096e-03	-1.079627e-02	-1.710215e-02	-2.737727e-02	-4.400638e-02	-7.084895e-02	-1.141349e-01	-1.839103e-01	-2.963696e-01	
-1.559249e-01	-9.677485e-02	-6.008526e-02	-3.734087e-02	-2.326294e-02	-1.458410e-02	-9.290089e-03	-6.152216e-03	-4.442213e-03	-3.763204e-03	-3.957598e-03	-5.070511e-03	-7.360241e-03	-1.135821e-02	-1.799231e-02	-2.880225e-02	-4.629690e-02	-7.453662e-02	-1.200755e-01	-1.934828e-01	-3.117956e-01	
-1.640192e-01	-1.017986e-01	-6.320437e-02	-3.927929e-02	-2.447055e-02	-1.534118e-02	-9.772350e-03	-6.471587e-03	-4.672815e-03	-3.958557e-03	-4.163042e-03	-5.333729e-03	-7.742321e-03	-1.194783e-02	-1.892631e-02	-3.029741e-02	-4.870024e-02	-7.840592e-02	-1.263088e-01	-2.035268e-01	-3.279813e-01	
-1.725393e-01	-1.070866e-01	-6.648758e-02	-4.131969e-02	-2.574169e-02	-1.613809e-02	-1.027998e-02	-6.807758e-03	-4.915548e-03	-4.164188e-03	-4.379295e-03	-5.610794e-03	-8.144503e-03	-1.256847e-02	-1.990946e-02	-3.187124e-02	-5.123001e-02	-8.247878e-02	-1.328701e-01	-2.140992e-01	-3.450186e-01	
-1.815386e-01	-1.126720e-01	-6.995543e-02	-4.347484e-02	-2.708432e-02	-1.697982e-02	-1.081617e-02	-7.162837e-03	-5.171933e-03	-4.381383e-03	-4.607710e-03	-5.903441e-03	-8.569303e-03	-1.322402e-02	-2.094789e-02	-3.353357e-02	-5.390207e-02	-8.678070e-02	-1.398003e-01	-2.252661e-01	-3.630141e-01	
-1.910795e-01	-1.185936e-01	-7.363200e-02	-4.575969e-02	-2.850777e-02	-1.787221e-02	-1.138462e-02	-7.539286e-03	-5.443748e-03	-4.611651e-03	-4.849872e-03	-6.213702e-03	-9.019671e-03	-1.391902e-02	-2.204883e-02	-3.529596e-02	-5.673494e-02	-9.134154e-02	-1.471476e-01	-2.371052e-01	-3.820926e-01	
-2.012358e-01	-1.248970e-01	-7.754567e-02	-4.819190e-02	-3.002300e-02	-1.882215e-02	-1.198973e-02	-7.940013e-03	-5.733093e-03	-4.856768e-03	-5.107652e-03	-6.543971e-03	-9.499082e-03	-1.465884e-02	-2.322076e-02	-3.717200e-02	-5.975050e-02	-9.619650e-02	-1.549688e-01	-2.497078e-01	-4.024015e-01	
-2.120948e-01	-1.316367e-01	-8.173018e-02	-5.079243e-02	-3.164310e-02	-1.983783e-02	-1.263672e-02	-8.368471e-03	-6.042462e-03	-5.118849e-03	-5.383270e-03	-6.897096e-03	-1.001167e-02	-1.544985e-02	-2.447380e-02	-3.917787e-02	-6.297475e-02	-1.013874e-01	-1.633312e-01	-2.631825e-01	-4.241158e-01	
-2.237617e-01	-1.388778e-01	-8.622599e-02	-5.358642e-02	-3.338372e-02	-2.092907e-02	-1.333184e-02	-8.828803e-03	-6.374845e-03	-5.400426e-03	-5.679393e-03	-7.276491e-03	-1.056239e-02	-1.629972e-02	-2.582005e-02	-4.133297e-02	-6.643886e-02	-1.069646e-01	-1.723157e-01	-2.776596e-01	-4.474456e-01	
-2.363636e-01	-1.466991e-01	-9.108208e-02	-5.660430e-02	-3.526383e-02	-2.210775e-02	-1.408266e-02	-9.326025e-03	-6.733865e-03	-5.704568e-03	-5.999246e-03	-7.686290e-03	-1.115725e-02	-1.721769e-02	-2.727419e-02	-4.366076e-02	-7.018057e-02	-1.129886e-01	-1.820202e-01	-2.932969e-01	-4.726449e-01	
-2.500558e-01	-1.551972e-01	-9.635835e-02	-5.988332e-02	-3.730662e-02	-2.338843e-02	-1.489846e-02	-9.866270e-03	-7.123949e-03	-6.035026e-03	-6.346774e-03	-8.131547e-03	-1.180357e-02	-1.821509e-02	-2.885415e-02	-4.618998e-02	-7.424605e-02	-1.195339e-01	-1.925644e-01	-3.102872e-01	-5.000246e-01	
-2.650308e-01	-1.644914e-01	-1.021289e-01	-6.346952e-02	-3.954078e-02	-2.478908e-02	-1.579067e-02	-1.045713e-02	-7.550577e-03	-6.396443e-03	-6.726860e-03	-8.618516e-03	-1.251044e-02	-1.930593e-02	-3.058212e-02	-4.895613e-02	-7.869238e-02	-1.266924e-01	-2.040964e-01	-3.288692e-01	-5.299693e-01	
-2.815294e-01	-1.747313e-01	-1.084866e-01	-6.742060e-02	-4.200226e-02	-2.633224e-02	-1.677367e-02	-1.110810e-02	-8.020613e-03	-6.794632e-03	-7.145618e-03	-9.155033e-03	-1.328924e-02	-2.050775e-02	-3.248591e-02	-5.200373e-02	-8.359111e-02	-1.345792e-01	-2.168017e-01	-3.493418e-01	-5.629608e-01	
-2.998579e-01	-1.861069e-01	-1.155494e-01	-7.180991e-02	-4.473675e-02	-2.804655e-02	-1.786569e-02	-1.183127e-02	-8.542781e-03	-7.236985e-03	-7.610822e-03	-9.751056e-03	-1.415441e-02	-2.184287e-02	-3.460085e-02	-5.538935e-02	-8.903316e-02	-1.433407e-01	-2.309162e-01	-3.720851e-01	-5.996114e-01	
-3.204116e-01	-1.988636e-01	-1.234698e-01	-7.673212e-02	-4.780323e-02	-2.996901e-02	-1.909029e-02	-1.264225e-02	-9.128347e-03	-7.733045e-03	-8.132506e-03	-1.041944e-02	-1.512463e-02	-2.334010e-02	-3.697257e-02	-5.918601e-02	-9.513595e-02	-1.531660e-01	-2.467444e-01	-3.975897e-01	-6.407118e-01	
-3.437107e-01	-2.133241e-01	-1.324480e-01	-8.231178e-02	-5.127929e-02	-3.214823e-02	-2.047846e-02	-1.356154e-02	-9.792124e-03	-8.295361e-03	-8.723870e-03	-1.117710e-02	-1.622443e-02	-2.503729e-02	-3.966107e-02	-6.348978e-02	-1.020539e-01	-1.643036e-01	-2.646867e-01	-4.265009e-01	-6.873018e-01	
-3.704532e-01	-2.299219e-01	-1.427532e-01	-8.871607e-02	-5.526909e-02	-3.464954e-02	-2.207179e-02	-1.461670e-02	-1.055400e-02	-8.940783e-03	-9.402633e-03	-1.204674e-02	-1.748678e-02	-2.698533e-02	-4.274691e-02	-6.842962e-02	-1.099942e-01	-1.770873e-01	-2.852807e-01	-4.596849e-01	-7.407775e-01	
-4.015996e-01	-2.492529e-01	-1.547553e-01	-9.617499e-02	-5.991592e-02	-3.756274e-02	-2.392751e-02	-1.584562e-02	-1.144134e-02	-9.692492e-03	-1.019317e-02	-1.305959e-02	-1.895700e-02	-2.925416e-02	-4.634091e-02	-7.418294e-02	-1.192421e-01	-1.919762e-01	-3.092661e-01	-4.983335e-01	-8.030594e-01	
-4.385090e-01	-2.721607e-01	-1.689783e-01	-1.050141e-01	-6.542256e-02	-4.101499e-02	-2.612660e-02	-1.730193e-02	-1.249287e-02	-1.058329e-02	-1.112999e-02	-1.425984e-02	-2.069927e-02	-3.194279e-02	-5.059992e-02	-8.100080e-02	-1.302012e-01	-2.096200e-01	-3.376895e-01	-5.441334e-01	-8.768654e-01	
-4.831717e-01	-2.998806e-01	-1.861889e-01	-1.157099e-01	-7.208592e-02	-4.519241e-02	-2.878762e-02	-1.906415e-02	-1.376529e-02	-1.166121e-02	-1.226359e-02	-1.571222e-02	-2.280751e-02	-3.519620e-02	-5.575358e-02	-8.925082e-02	-1.434623e-01	-2.309700e-01	-3.720835e-01	-5.995540e-01	-9.661751e-01	
-5.386238e-01	-3.342970e-01	-2.075573e-01	-1.289895e-01	-8.035900e-02	-5.037901e-02	-3.209149e-02	-2.125209e-02	-1.534509e-02	-1.299953e-02	-1.367104e-02	-1.751547e-02	-2.542506e-02	-3.923557e-02	-6.215226e-02	-9.949388e-02	-1.599271e-01	-2.574777e-01	-4.147865e-01	-6.683631e-01	-1.077060e+00	
-6.097422e-01	-3.784366e-01	-2.349625e-01	-1.460209e-01	-9.096937e-02	-5.703091e-02	-3.632876e-02	-2.405815e-02	-1.737121e-02	-1.471595e-02	-1.547613e-02	-1.982816e-02	-2.878211e-02	-4.441611e-02	-7.035866e-02	-1.126308e-01	-1.810434e-01	-2.914743e-01	-4.695537e-01	-7.566118e-01	-1.219272e+00	
-7.048897e-01	-4.374900e-01	-2.716274e-01	-1.688069e-01	-1.051647e-01	-6.593032e-02	-4.199769e-02	-2.781232e-02	-2.008191e-02	-1.701231e-02	-1.789111e-02	-2.292226e-02	-3.327343e-02	-5.134705e-02	-8.133781e-02	-1.302063e-01	-2.092944e-01	-3.369576e-01	-5.428254e-01	-8.746777e-01	-1.409534e+00	
-8.397158e-01	-5.211698e-01	-3.235823e-01	-2.010950e-01	-1.252799e-01	-7.854099e-02	-5.003070e-02	-3.313205e-02	-2.392303e-02	-2.026630e-02	-2.131319e-02	-2.730666e-02	-3.963773e-02	-6.116834e-02	-9.689551e-02	-1.551112e-01	-2.493266e-01	-4.014084e-01	-6.466531e-01	-1.041980e+00	-1.679139e+00	
-1.047312e+00	-6.500142e-01	-4.035788e-01	-2.508100e-01	-1.562518e-01	-9.795801e-02	-6.239937e-02	-4.132301e-02	-2.983732e-02	-2.527657e-02	-2.658227e-02	-3.405745e-02	-4.943703e-02	-7.629046e-02	-1.208502e-01	-1.934580e-01	-3.109656e-01	-5.006452e-01	-8.065196e-01	-1.299579e+00	-2.094259e+00	
-1.411919e+00	-8.763081e-01	-5.440794e-01	-3.381262e-01	-2.106487e-01	-1.320608e-01	-8.412289e-02	-5.570907e-02	-4.022478e-02	-3.407627e-02	-3.583653e-02	-4.591410e-02	-6.664788e-02	-1.028500e-01	-1.629226e-01	-2.608079e-01	-4.192241e-01	-6.749382e-01	-1.087299e+00	-1.752011e+00	-2.823347e+00	
-2.230088e+00	-1.384105e+00	-8.593585e-01	-5.340611e-01	-3.327139e-01	-2.085864e-01	-1.328698e-01	-8.799096e-02	-6.353395e-02	-5.382254e-02	-5.660283e-02	-7.252007e-02	-1.052685e-01	-1.624487e-01	-2.573317e-01	-4.119389e-01	-6.621530e-01	-1.066046e+00	-1.717359e+00	-2.767253e+00	-4.459400e+00	
-5.819164e+00	-3.611666e+00	-2.242399e+00	-1.393572e+00	-8.681796e-01	-5.442828e-01	-3.467088e-01	-2.296025e-01	-1.657847e-01	-1.404439e-01	-1.476987e-01	-1.892330e-01	-2.746863e-01	-4.238917e-01	-6.714782e-01	-1.074908e+00	-1.727814e+00	-2.781728e+00	-4.481254e+00	-7.220836e+00	-1.163630e+01	
7.945761e+00	4.931538e+00	3.061878e+00	1.902849e+00	1.185453e+00	7.431894e-01	4.734126e-01	3.135101e-01	2.263702e-01	1.917687e-01	2.016748e-01	2.583876e-01	3.750697e-01	5.788017e-01	9.168680e-01	1.467730e+00	2.359239e+00	3.798303e+00	6.118916e+00	9.859670e+00	1.588876e+01	
2.220041e+00	1.377869e+00	8.554869e-01	5.316550e-01	3.312150e-01	2.076467e-01	1.322712e-01	8.759453e-02	6.324771e-02	5.358006e-02	5.634782e-02	7.219335e-02	1.047942e-01	1.617169e-01	2.561724e-01	4.100830e-01	6.591699e-01	1.061244e+00	1.709622e+00	2.754786e+00	4.439309e+00	
1.235145e+00	7.665932e-01	4.759600e-01	2.957924e-01	1.842753e-01	1.155266e-01	7.359060e-02	4.873423e-02	3.518859e-02	2.980988e-02	3.134976e-02	4.016560e-02	5.830348e-02	8.997304e-02	1.425245e-01	2.281544e-01	3.667367e-01	5.904351e-01	9.511676e-01	1.532657e+00	2.469861e+00	
8.237421e-01	5.112558e-01	3.174269e-01	1.972696e-01	1.228967e-01	7.704693e-02	4.907898e-02	3.250179e-02	2.346795e-02	1.988078e-02	2.090775e-02	2.678721e-02	3.888371e-02	6.000475e-02	9.505229e-02	1.521605e-01	2.445838e-01	3.937725e-01	6.343520e-01	1.022158e+00	1.647198e+00	
5.957738e-01	3.697672e-01	2.295799e-01	1.426758e-01	8.888539e-02	5.572440e-02	3.549651e-02	2.350701e-02	1.697326e-02	1.437883e-02	1.512159e-02	1.937392e-02	2.812275e-02	4.339860e-02	6.874684e-02	1.100505e-01	1.768959e-01	2.847971e-01	4.587968e-01	7.392788e-01	1.191340e+00	
4.493965e-01	2.789181e-01	1.731738e-01	1.076214e-01	6.704689e-02	4.203332e-02	2.677528e-02	1.773151e-02	1.280305e-02	1.084606e-02	1.140633e-02	1.461389e-02	2.121320e-02	3.273588e-02	5.185624e-02	8.301192e-02	1.334339e-01	2.148245e-01	3.460738e-01	5.576434e-01	8.986366e-01	
3.462674e-01	2.149110e-01	1.334332e-01	8.292405e-02	5.166073e-02	3.238737e-02	2.063079e-02	1.366242e-02	9.864962e-03	8.357066e-03	8.788762e-03	1.126024e-02	1.634512e-02	2.522353e-02	3.995609e-02	6.396205e-02	1.028130e-01	1.655258e-01	2.666555e-01	4.296734e-01	6.924143e-01	
2.687103e-01	1.667751e-01	1.035468e-01	6.435068e-02	4.008974e-02	2.513323e-02	1.600990e-02	1.060230e-02	7.655403e-03	6.485246e-03	6.820251e-03	8.738169e-03	1.268413e-02	1.957395e-02	3.100670e-02	4.963580e-02	7.978488e-02	1.284513e-01	2.069299e-01	3.334350e-01	5.373270e-01	
2.074290e-01	1.287409e-01	7.993223e-02	4.967507e-02	3.094700e-02	1.940142e-02	1.235873e-02	8.184376e-03	5.909536e-03	5.006241e-03	5.264846e-03	6.745370e-03	9.791428e-03	1.510998e-02	2.393541e-02	3.831602e-02	6.158939e-02	9.915706e-02	1.597381e-01	2.573928e-01	4.147859e-01	
1.570521e-01	9.747441e-02	6.051960e-02	3.761080e-02	2.343110e-02	1.468952e-02	9.357244e-03	6.196689e-03	4.474325e-03	3.790407e-03	3.986207e-03	5.107165e-03	7.413446e-03	1.144032e-02	1.812237e-02	2.901045e-02	4.663157e-02	7.507542e-02	1.209435e-01	1.948815e-01	3.140495e-01	
1.142427e-01	7.090475e-02	4.402312e-02	2.735882e-02	1.704423e-02	1.068544e-02	6.806638e-03	4.507590e-03	3.254709e-03	2.757215e-03	2.899643e-03	3.715049e-03	5.392682e-03	8.321904e-03	1.318256e-02	2.110276e-02	3.392070e-02	5.461130e-02	8.797664e-02	1.417605e-01	2.284456e-01	
7.680172e-02	4.766700e-02	2.959534e-02	1.839246e-02	1.145829e-02	7.183481e-03	4.575886e-03	3.030309e-03	2.188037e-03	1.853588e-03	1.949337e-03	2.497509e-03	3.625329e-03	5.594551e-03	8.862214e-03	1.418671e-02	2.280380e-02	3.671344e-02	5.914390e-02	9.530108e-02	1.535767e-01	
4.320244e-02	2.681361e-02	1.664795e-02	1.034611e-02	6.445510e-03	4.040847e-03	2.574024e-03	1.704607e-03	1.230813e-03	1.042679e-03	1.096540e-03	1.404897e-03	2.039317e-03	3.147043e-03	4.985166e-03	7.980298e-03	1.282758e-02	2.065201e-02	3.326958e-02	5.360869e-02	8.638985e-02	
1.233146e-02	7.653526e-03	4.751897e-03	2.953136e-03	1.839770e-03	1.153397e-03	7.347150e-04	4.865535e-04	3.513164e-04	2.976164e-04	3.129902e-04	4.010059e-04	5.820912e-04	8.982742e-04	1.422938e-03	2.277851e-03	3.661432e-03	5.894795e-03	9.496282e-03	1.530176e-02	2.465863e-02	
-1.666499e-02	-1.034313e-02	-6.421811e-03	-3.990929e-03	-2.486303e-03	-1.558724e-03	-9.929089e-04	-6.575384e-04	-4.747762e-04	-4.022049e-04	-4.229814e-04	-5.419277e-04	-7.866501e-04	-1.213946e-03	-1.922987e-03	-3.078335e-03	-4.948134e-03	-7.966347e-03	-1.283347e-02	-2.067912e-02	-3.332418e-02	
-4.447818e-02	-2.760540e-02	-1.713955e-02	-1.065163e-02	-6.635842e-03	-4.160170e-03	-2.650033e-03	-1.754943e-03	-1.267158e-03	-1.073468e-03	-1.128920e-03	-1.446383e-03	-2.099537e-03	-3.239973e-03	-5.132375e-03	-8.215951e-03	-1.320637e-02	-2.126185e-02	-3.425201e-02	-5.519172e-02	-8.894089e-02	
-7.170282e-02	-4.450237e-02	-2.763049e-02	-1.717138e-02	-1.069757e-02	-6.706567e-03	-4.272091e-03	-2.829126e-03	-2.042773e-03	-1.730527e-03	-1.819920e-03	-2.331699e-03	-3.384642e-03	-5.223127e-03	-8.273849e-03	-1.324485e-02	-2.128985e-02	-3.427602e-02	-5.521731e-02	-8.897400e-02	-1.433807e-01	
-9.888621e-02	-6.137375e-02	-3.810554e-02	-2.368125e-02	-1.475315e-02	-9.249107e-03	-5.891692e-03	-3.901681e-03	-2.817212e-03	-2.386591e-03	-2.509874e-03	-3.215673e-03	-4.667800e-03	-7.203276e-03	-1.141056e-02	-1.826613e-02	-2.936109e-02	-4.727046e-02	-7.615085e-02	-1.227051e-01	-1.977380e-01	
-1.265696e-01	-7.855546e-02	-4.877327e-02	-3.031087e-02	-1.888332e-02	-1.183841e-02	-7.541083e-03	-4.993965e-03	-3.605897e-03	-3.054722e-03	-3.212518e-03	-4.115908e-03	-5.974560e-03	-9.219848e-03	-1.460497e-02	-2.337977e-02	-3.758078e-02	-6.050392e-02	-9.746944e-02	-1.570566e-01	-2.530952e-01	
-1.553286e-01	-9.640474e-02	-5.985547e-02	-3.719807e-02	-2.317397e-02	-1.452832e-02	-9.254559e-03	-6.128688e-03	-4.425224e-03	-3.748812e-03	-3.942462e-03	-5.051120e-03	-7.332092e-03	-1.131477e-02	-1.792350e-02	-2.869209e-02	-4.611984e-02	-7.425156e-02	-1.196163e-01	-1.927429e-01	-3.106032e-01	
-1.858190e-01	-1.153286e-01	-7.160487e-02	-4.449991e-02	-2.772293e-02	-1.738018e-02	-1.107119e-02	-7.331726e-03	-5.293879e-03	-4.484690e-03	-4.716353e-03	-6.042636e-03	-8.771355e-03	-1.353582e-02	-2.144181e-02	-3.432424e-02	-5.517300e-02	-8.882686e-02	-1.430966e-01	-2.305776e-01	-3.715734e-01	
-2.188365e-01	-1.358209e-01	-8.432805e-02	-5.240692e-02	-3.264891e-02	-2.046839e-02	-1.303839e-02	-8.634471e-03	-6.234527e-03	-5.281556e-03	-5.554383e-03	-7.116327e-03	-1.032990e-02	-1.594094e-02	-2.525172e-02	-4.042318e-02	-6.497646e-02	-1.046101e-01	-1.685228e-01	-2.715480e-01	-4.375968e-01	
-2.554016e-01	-1.585151e-01	-9.841834e-02	-6.116353e-02	-3.810418e-02	-2.388844e-02	-1.521696e-02	-1.007720e-02	-7.276248e-03	-6.164046e-03	-6.482459e-03	-8.305387e-03	-1.205591e-02	-1.860450e-02	-2.947101e-02	-4.717745e-02	-7.583331e-02	-1.220893e-01	-1.966811e-01	-3.169207e-01	-5.107144e-01	
-2.968927e-01	-1.842665e-01	-1.144068e-01	-7.109981e-02	-4.429437e-02	-2.776921e-02	-1.768902e-02	-1.171428e-02	-8.458305e-03	-7.165421e-03	-7.535562e-03	-9.654632e-03	-1.401445e-02	-2.162688e-02	-3.425870e-02	-5.484162e-02	-8.815275e-02	-1.419233e-01	-2.286328e-01	-3.684057e-01	-5.936821e-01	
-3.452641e-01	-2.142882e-01	-1.330466e-01	-8.268378e-02	-5.151105e-02	-3.229353e-02	-2.057101e-02	-1.362283e-02	-9.836379e-03	-8.332851e-03	-8.763297e-03	-1.122762e-02	-1.629776e-02	-2.515045e-02	-3.984031e-02	-6.377672e-02	-1.025151e-01	-1.650462e-01	-2.658829e-01	-4.284284e-01	-6.904080e-01	
-4.034313e-01	-2.503898e-01	-1.554612e-01	-9.661366e-02	-6.018920e-02	-3.773407e-02	-2.403665e-02	-1.591790e-02	-1.149353e-02	-9.736701e-03	-1.023966e-02	-1.311915e-02	-1.904347e-02	-2.938759e-02	-4.655228e-02	-7.452130e-02	-1.197860e-01	-1.928518e-01	-3.106767e-01	-5.006065e-01	-8.067223e-01	
-4.759964e-01	-2.954273e-01	-1.834239e-01	-1.139915e-01	-7.101541e-02	-4.452128e-02	-2.836011e-02	-1.878104e-02	-1.356087e-02	-1.148804e-02	-1.208147e-02	-1.547889e-02	-2.246881e-02	-3.467352e-02	-5.492562e-02	-8.792542e-02	-1.413318e-01	-2.275400e-01	-3.665580e-01	-5.906504e-01	-9.518271e-01	
-5.707300e-01	-3.542237e-01	-2.199293e-01	-1.366783e-01	-8.514903e-02	-5.338199e-02	-3.400439e-02	-2.251888e-02	-1.625978e-02	-1.377441e-02	-1.448594e-02	-1.855953e-02	-2.694059e-02	-4.157431e-02	-6.585701e-02	-1.054245e-01	-1.694600e-01	-2.728254e-01	-4.395110e-01	-7.082027e-01	-1.141261e+00	
-7.019349e-01	-4.356561e-01	-2.704888e-01	-1.680992e-01	-1.047239e-01	-6.565396e-02	-4.182165e-02	-2.769573e-02	-1.999773e-02	-1.694100e-02	-1.781611e-02	-2.282617e-02	-3.313396e-02	-5.113181e-02	-8.099686e-02	-1.296605e-01	-2.084170e-01	-3.355451e-01	-5.405500e-01	-8.710112e-01	-1.403626e+00	
-8.992236e-01	-5.581033e-01	-3.465134e-01	-2.153459e-01	-1.341580e-01	-8.410692e-02	-5.357621e-02	-3.548001e-02	-2.561837e-02	-2.170251e-02	-2.282358e-02	-2.924178e-02	-4.244672e-02	-6.550312e-02	-1.037622e-01	-1.661034e-01	-2.669956e-01	-4.298548e-01	-6.924791e-01	-1.115821e+00	-1.798134e+00	
-1.235626e+00	-7.668914e-01	-4.761451e-01	-2.959074e-01	-1.843469e-01	-1.155716e-01	-7.361922e-02	-4.875318e-02	-3.520228e-02	-2.982148e-02	-3.136195e-02	-4.018122e-02	-5.832616e-02	-9.000803e-02	-1.425799e-01	-2.282431e-01	-3.668794e-01	-5.906647e-01	-9.515375e-01	-1.533253e+00	-2.470821e+00	
-1.953492e+00	-1.212435e+00	-7.527729e-01	-4.678219e-01	-2.914477e-01	-1.827156e-01	-1.163901e-01	-7.707750e-02	-5.565388e-02	-4.714697e-02	-4.958242e-02	-6.352546e-02	-9.221213e-02	-1.423003e-01	-2.254151e-01	-3.608464e-01	-5.800267e-01	-9.338255e-01	-1.504356e+00	-2.424033e+00	-3.906304e+00	
-4.633236e+00	-2.875619e+00	-1.785405e+00	-1.109566e+00	-6.912472e-01	-4.333596e-01	-2.760506e-01	-1.828102e-01	-1.319983e-01	-1.118218e-01	-1.175981e-01	-1.506678e-01	-2.187061e-01	-3.375038e-01	-5.346329e-01	-8.558451e-01	-1.375691e+00	-2.214820e+00	-3.567988e+00	-5.749251e+00	-9.264859e+00	
1.208102e+01	7.498089e+00	4.655390e+00	2.893161e+00	1.802406e+00	1.129972e+00	7.197936e-01	4.766721e-01	3.441815e-01	2.915721e-01	3.066336e-01	3.928619e-01	5.702695e-01	8.800311e-01	1.394039e+00	2.231590e+00	3.587072e+00	5.775077e+00	9.303421e+00	1.499100e+01	2.415784e+01	
2.578433e+00	1.600305e+00	9.935923e-01	6.174826e-01	3.846846e-01	2.411681e-01	1.536244e-01	1.017353e-01	7.345809e-02	6.222975e-02	6.544432e-02	8.384787e-02	1.217117e-01	1.878236e-01	2.975275e-01	4.762847e-01	7.655828e-01	1.232565e+00	1.985614e+00	3.199504e+00	5.155968e+00	
1.421403e+00	8.821944e-01	5.477341e-01	3.403974e-01	2.120637e-01	1.329479e-01	8.468795e-02	5.608328e-02	4.049498e-02	3.430517e-02	3.607725e-02	4.622251e-02	6.709557e-02	1.035408e-01	1.640169e-01	2.625597e-01	4.220401e-01	6.794718e-01	1.094602e+00	1.763779e+00	2.842312e+00	
9.665836e-01	5.999104e-01	3.724704e-01	2.314773e-01	1.442077e-01	9.040730e-02	5.758955e-02	3.813778e-02	2.753742e-02	2.332822e-02	2.453328e-02	3.143226e-02	4.562637e-02	7.040991e-02	1.115349e-01	1.785460e-01	2.869960e-01	4.620549e-01	7.443521e-01	1.199406e+00	1.932831e+00	
7.212490e-01	4.476434e-01	2.779314e-01	1.727246e-01	1.076054e-01	6.746046e-02	4.297239e-02	2.845780e-02	2.054798e-02	1.740714e-02	1.830633e-02	2.345425e-02	3.404566e-02	5.253873e-02	8.322553e-02	1.332282e-01	2.141517e-01	3.447779e-01	5.554235e-01	8.949775e-01	1.442247e+00	
5.662441e-01	3.514396e-01	2.182007e-01	1.356040e-01	8.447976e-02	5.296241e-02	3.373712e-02	2.234188e-02	1.613198e-02	1.366614e-02	1.437209e-02	1.841365e-02	2.672884e-02	4.124754e-02	6.533939e-02	1.045959e-01	1.681280e-01	2.706810e-01	4.360565e-01	7.026363e-01	1.132291e+00	
4.583465e-01	2.844729e-01	1.766226e-01	1.097647e-01	6.838217e-02	4.287044e-02	2.730852e-02	1.808464e-02	1.305803e-02	1.106206e-02	1.163349e-02	1.490494e-02	2.163567e-02	3.338783e-02	5.288899e-02	8.466515e-02	1.360913e-01	2.191028e-01	3.529660e-01	5.687492e-01	9.165334e-01	
3.780830e-01	2.346573e-01	1.456933e-01	9.054324e-02	5.640740e-02	3.536317e-02	2.252638e-02	1.491774e-02	1.077137e-02	9.124926e-03	9.596287e-03	1.229485e-02	1.784693e-02	2.754111e-02	4.362731e-02	6.983898e-02	1.122596e-01	1.807346e-01	2.911563e-01	4.691525e-01	7.560344e-01	
3.153800e-01	1.957407e-01	1.215309e-01	7.552715e-02	4.705255e-02	2.949839e-02	1.879051e-02	1.244372e-02	8.984999e-03	7.611608e-03	8.004797e-03	1.025582e-02	1.488712e-02	2.297357e-02	3.639197e-02	5.825658e-02	9.364198e-02	1.507608e-01	2.428696e-01	3.913462e-01	6.306503e-01	
2.644959e-01	1.641594e-01	1.019228e-01	6.334142e-02	3.946098e-02	2.473905e-02	1.575880e-02	1.043602e-02	7.535338e-03	6.383533e-03	6.713284e-03	8.601122e-03	1.248520e-02	1.926696e-02	3.052040e-02	4.885733e-02	7.853356e-02	1.264367e-01	2.036845e-01	3.282054e-01	5.288997e-01	
2.219115e-01	1.377294e-01	8.551302e-02	5.314333e-02	3.310769e-02	2.075601e-02	1.322160e-02	8.755801e-03	6.322134e-03	5.355772e-03	5.632432e-03	7.216325e-03	1.047506e-02	1.616494e-02	2.560656e-02	4.099120e-02	6.588950e-02	1.060801e-01	1.708909e-01	2.753637e-01	4.437458e-01	
1.853438e-01	1.150337e-01	7.142176e-02	4.438611e-02	2.765204e-02	1.733573e-02	1.104288e-02	7.312976e-03	5.280341e-03	4.473221e-03	4.704292e-03	6.027182e-03	8.748923e-03	1.350120e-02	2.138698e-02	3.423647e-02	5.503190e-02	8.859970e-02	1.427306e-01	2.299879e-01	3.706232e-01	
1.532405e-01	9.510877e-02	5.905083e-02	3.669801e-02	2.286244e-02	1.433302e-02	9.130150e-03	6.046299e-03	4.365736e-03	3.698417e-03	3.889464e-03	4.983217e-03	7.233526e-03	1.116267e-02	1.768255e-02	2.830638e-02	4.549985e-02	7.325339e-02	1.180083e-01	1.901518e-01	3.064277e-01	
1.245031e-01	7.727286e-02	4.797693e-02	2.981597e-02	1.857501e-02	1.164512e-02	7.417958e-03	4.912427e-03	3.547022e-03	3.004846e-03	3.160066e-03	4.048706e-03	5.877012e-03	9.069313e-03	1.436651e-02	2.299804e-02	3.696719e-02	5.951606e-02	9.587803e-02	1.544923e-01	2.489628e-01	
9.832568e-02	6.102586e-02	3.788954e-02	2.354702e-02	1.466952e-02	9.196679e-03	5.858295e-03	3.879565e-03	2.801243e-03	2.373063e-03	2.495647e-03	3.197446e-03	4.641341e-03	7.162445e-03	1.134588e-02	1.816259e-02	2.919465e-02	4.700251e-02	7.571919e-02	1.220096e-01	1.966171e-01	
7.409688e-02	4.598825e-02	2.855304e-02	1.774471e-02	1.105475e-02	6.930491e-03	4.414731e-03	2.923587e-03	2.110978e-03	1.788307e-03	1.880685e-03	2.409551e-03	3.497651e-03	5.397520e-03	8.550102e-03	1.368708e-02	2.200069e-02	3.542045e-02	5.706094e-02	9.194473e-02	1.481680e-01	
5.133686e-02	3.186223e-02	1.978252e-02	1.229414e-02	7.659109e-03	4.801681e-03	3.058677e-03	2.025561e-03	1.462558e-03	1.239001e-03	1.303003e-03	1.669420e-03	2.423292e-03	3.739587e-03	5.923803e-03	9.482876e-03	1.524283e-02	2.454050e-02	3.953378e-02	6.370246e-02	1.026559e-01	
2.965574e-02	1.840584e-02	1.142776e-02	7.101950e-03	4.424434e-03	2.773785e-03	1.766904e-03	1.170105e-03	8.448752e-04	7.157328e-04	7.527050e-04	9.643727e-04	1.399862e-03	2.160245e-03	3.422000e-03	5.477968e-03	8.805319e-03	1.417630e-02	2.283746e-02	3.679896e-02	5.930115e-02	
8.724618e-03	5.414937e-03	3.362009e-03	2.089370e-03	1.301654e-03	8.160382e-04	5.198173e-04	3.442409e-04	2.485594e-04	2.105662e-04	2.214433e-04	2.837152e-04	4.118347e-04	6.355369e-04	1.006741e-03	1.611600e-03	2.590495e-03	4.170619e-03	6.718703e-03	1.082613e-02	1.744620e-02	
-1.174558e-02	-7.289900e-03	-4.526130e-03	-2.812830e-03	-1.752361e-03	-1.098598e-03	-6.998081e-04	-4.634370e-04	-3.346251e-04	-2.834764e-04	-2.981198e-04	-3.819538e-04	-5.544356e-04	-8.555965e-04	-1.355333e-03	-2.169629e-03	-3.487474e-03	-5.614728e-03	-9.045106e-03	-1.457476e-02	-2.348708e-02	
-3.202061e-02	-1.987360e-02	-1.233906e-02	-7.668290e-03	-4.777257e-03	-2.994978e-03	-1.907805e-03	-1.263414e-03	-9.122491e-04	-7.728084e-04	-8.127289e-04	-1.041276e-03	-1.511493e-03	-2.332512e-03	-3.694885e-03	-5.914805e-03	-9.507492e-03	-1.530678e-02	-2.465861e-02	-3.973347e-02	-6.403008e-02	
-5.235670e-02	-3.249520e-02	-2.017552e-02	-1.253837e-02	-7.811263e-03	-4.897070e-03	-3.119440e-03	-2.065800e-03	-1.491613e-03	-1.263614e-03	-1.328888e-03	-1.702584e-03	-2.471432e-03	-3.813876e-03	-6.041484e-03	-9.671260e-03	-1.554564e-02	-2.502801e-02	-4.031914e-02	-6.496795e-02	-1.046952e-01	
-7.301343e-02	-4.531581e-02	-2.813553e-02	-1.748524e-02	-1.089311e-02	-6.829153e-03	-4.350178e-03	-2.880838e-03	-2.080111e-03	-1.762159e-03	-1.853185e-03	-2.374319e-03	-3.446508e-03	-5.318597e-03	-8.425081e-03	-1.348694e-02	-2.167899e-02	-3.490253e-02	-5.622660e-02	-9.060030e-02	-1.460015e-01	
-9.426692e-02	-5.850679e-02	-3.632551e-02	-2.257502e-02	-1.406398e-02	-8.817051e-03	-5.616472e-03	-3.719421e-03	-2.685611e-03	-2.275105e-03	-2.392629e-03	-3.065459e-03	-4.449752e-03	-6.866788e-03	-1.087754e-02	-1.741286e-02	-2.798953e-02	-4.506231e-02	-7.259360e-02	-1.169732e-01	-1.885010e-01	
-1.164248e-01	-7.225910e-02	-4.486400e-02	-2.788140e-02	-1.736979e-02	-1.088954e-02	-6.936652e-03	-4.593690e-03	-3.316878e-03	-2.809880e-03	-2.955029e-03	-3.786011e-03	-5.495688e-03	-8.480861e-03	-1.343436e-02	-2.150584e-02	-3.456862e-02	-5.565443e-02	-8.965709e-02	-1.444683e-01	-2.328091e-01	
-1.398451e-01	-8.679487e-02	-5.388893e-02	-3.349007e-02	-2.086393e-02	-1.308010e-02	-8.332042e-03	-5.517765e-03	-3.984107e-03	-3.375121e-03	-3.549468e-03	-4.547611e-03	-6.601211e-03	-1.018689e-02	-1.613684e-02	-2.583199e-02	-4.152250e-02	-6.684997e-02	-1.076927e-01	-1.735298e-01	-2.796415e-01	
-1.649606e-01	-1.023828e-01	-6.356713e-02	-3.950474e-02	-2.461100e-02	-1.542923e-02	-9.828439e-03	-6.508730e-03	-4.699634e-03	-3.981278e-03	-4.186936e-03	-5.364342e-03	-7.786759e-03	-1.201641e-02	-1.903494e-02	-3.047130e-02	-4.897976e-02	-7.885593e-02	-1.270338e-01	-2.046949e-01	-3.298638e-01	
-1.923145e-01	-1.193601e-01	-7.410790e-02	-4.605545e-02	-2.869202e-02	-1.798772e-02	-1.145820e-02	-7.588015e-03	-5.478933e-03	-4.641457e-03	-4.881218e-03	-6.253862e-03	-9.077967e-03	-1.400898e-02	-2.219134e-02	-3.552409e-02	-5.710163e-02	-9.193190e-02	-1.480987e-01	-2.386377e-01	-3.845621e-01	
-2.226117e-01	-1.381640e-01	-8.578282e-02	-5.331100e-02	-3.321214e-02	-2.082150e-02	-1.326332e-02	-8.783426e-03	-6.342080e-03	-5.372670e-03	-5.650203e-03	-7.239092e-03	-1.050810e-02	-1.621594e-02	-2.568735e-02	-4.112053e-02	-6.609739e-02	-1.064148e-01	-1.714300e-01	-2.762325e-01	-4.451458e-01	
-2.567979e-01	-1.593817e-01	-9.895638e-02	-6.149790e-02	-3.831249e-02	-2.401903e-02	-1.530015e-02	-1.013229e-02	-7.316026e-03	-6.197744e-03	-6.517897e-03	-8.350791e-03	-1.212182e-02	-1.870621e-02	-2.963212e-02	-4.743536e-02	-7.624788e-02	-1.227568e-01	-1.977563e-01	-3.186532e-01	-5.135063e-01	
-2.961875e-01	-1.838288e-01	-1.141351e-01	-7.093093e-02	-4.418915e-02	-2.770325e-02	-1.764701e-02	-1.168645e-02	-8.438214e-03	-7.148401e-03	-7.517663e-03	-9.631699e-03	-1.398116e-02	-2.157551e-02	-3.417732e-02	-5.471136e-02	-8.794337e-02	-1.415862e-01	-2.280897e-01	-3.675307e-01	-5.922719e-01	
-3.426774e-01	-2.126828e-01	-1.320498e-01	-8.206433e-02	-5.112514e-02	-3.205159e-02	-2.041690e-02	-1.352077e-02	-9.762686e-03	-8.270423e-03	-8.697644e-03	-1.114350e-02	-1.617566e-02	-2.496203e-02	-3.954184e-02	-6.329892e-02	-1.017471e-01	-1.638097e-01	-2.638910e-01	-4.252187e-01	-6.852356e-01	
-3.991263e-01	-2.477179e-01	-1.538023e-01	-9.558270e-02	-5.954693e-02	-3.733141e-02	-2.378015e-02	-1.574804e-02	-1.137088e-02	-9.632801e-03	-1.013040e-02	-1.297916e-02	-1.884026e-02	-2.907400e-02	-4.605552e-02	-7.372609e-02	-1.185078e-01	-1.907939e-01	-3.073614e-01	-4.952646e-01	-7.981138e-01	
-4.700709e-01	-2.917496e-01	-1.811406e-01	-1.125725e-01	-7.013137e-02	-4.396706e-02	-2.800707e-02	-1.854724e-02	-1.339205e-02	-1.134503e-02	-1.193107e-02	-1.528620e-02	-2.218911e-02	-3.424189e-02	-5.424187e-02	-8.683087e-02	-1.395725e-01	-2.247074e-01	-3.619948e-01	-5.832977e-01	-9.399782e-01	
-5.631903e-01	-3.495442e-01	-2.170239e-01	-1.348727e-01	-8.402415e-02	-5.267678e-02	-3.355517e-02	-2.222139e-02	-1.604497e-02	-1.359244e-02	-1.429458e-02	-1.831434e-02	-2.658469e-02	-4.102509e-02	-6.498700e-02	-1.040318e-01	-1.672213e-01	-2.692212e-01	-4.337048e-01	-6.988469e-01	-1.126185e+00	
-6.926243e-01	-4.298774e-01	-2.669009e-01	-1.658695e-01	-1.033348e-01	-6.478311e-02	-4.126691e-02	-2.732837e-02	-1.973247e-02	-1.671629e-02	-1.757980e-02	-2.252340e-02	-3.269446e-02	-5.045359e-02	-7.992250e-02	-1.279406e-01	-2.056525e-01	-3.310944e-01	-5.333800e-01	-8.594579e-01	-1.385007e+00	
-8.876139e-01	-5.508978e-01	-3.420397e-01	-2.125656e-01	-1.324259e-01	-8.302104e-02	-5.288450e-02	-3.502193e-02	-2.528762e-02	-2.142231e-02	-2.252891e-02	-2.886425e-02	-4.189870e-02	-6.465743e-02	-1.024225e-01	-1.639589e-01	-2.635485e-01	-4.243051e-01	-6.835387e-01	-1.101415e+00	-1.774919e+00	
-1.220069e+00	-7.572360e-01	-4.701503e-01	-2.921818e-01	-1.820259e-01	-1.141165e-01	-7.269233e-02	-4.813936e-02	-3.475907e-02	-2.944602e-02	-3.096709e-02	-3.967533e-02	-5.759182e-02	-8.887480e-02	-1.407848e-01	-2.253695e-01	-3.622603e-01	-5.832281e-01	-9.395574e-01	-1.513949e+00	-2.439713e+00	
-1.927228e+00	-1.196134e+00	-7.426522e-01	-4.615322e-01	-2.875293e-01	-1.802591e-01	-1.148252e-01	-7.604122e-02	-5.490563e-02	-4.651310e-02	-4.891580e-02	-6.267138e-02	-9.097237e-02	-1.403872e-01	-2.223844e-01	-3.559950e-01	-5.722284e-01	-9.212705e-01	-1.484130e+00	-2.391442e+00	-3.853785e+00	
-4.529765e+00	-2.811400e+00	-1.745533e+00	-1.084787e+00	-6.758100e-01	-4.236817e-01	-2.698858e-01	-1.787276e-01	-1.290504e-01	-1.093246e-01	-1.149719e-01	-1.473031e-01	-2.138219e-01	-3.299666e-01	-5.226934e-01	-8.367322e-01	-1.344968e+00	-2.165358e+00	-3.488307e+00	-5.620857e+00	-9.057953e+00	
1.278641e+01	7.935888e+00	4.927209e+00	3.062087e+00	1.907645e+00	1.195949e+00	7.618208e-01	5.045040e-01	3.642775e-01	3.085963e-01	3.245373e-01	4.158003e-01	6.035664e-01	9.314143e-01	1.475434e+00	2.361888e+00	3.796513e+00	6.112272e+00	9.846629e+00	1.586629e+01	2.556837e+01	
2.620952e+00	1.626694e+00	1.009977e+00	6.276651e-01	3.910282e-01	2.451450e-01	1.561577e-01	1.034130e-01	7.466944e-02	6.325593e-02	6.652351e-02	8.523054e-02	1.237188e-01	1.909209e-01	3.024338e-01	4.841388e-01	7.782075e-01	1.252891e+00	2.018357e+00	3.252265e+00	5.240992e+00	
1.443112e+00	8.956676e-01	5.560992e-01	3.455961e-01	2.153024e-01	1.349783e-01	8.598134e-02	5.693980e-02	4.111343e-02	3.482909e-02	3.662824e-02	4.692844e-02	6.812027e-02	1.051222e-01	1.665219e-01	2.665697e-01	4.284857e-01	6.898490e-01	1.111319e+00	1.790716e+00	2.885721e+00	
9.837403e-01	6.105586e-01	3.790817e-01	2.355859e-01	1.467673e-01	9.201201e-02	5.861176e-02	3.881472e-02	2.802620e-02	2.374229e-02	2.496874e-02	3.199018e-02	4.643623e-02	7.165967e-02	1.135146e-01	1.817152e-01	2.920901e-01	4.702562e-01	7.575642e-01	1.220695e+00	1.967138e+00	
7.369149e-01	4.573664e-01	2.839682e-01	1.764762e-01	1.099427e-01	6.892573e-02	4.390577e-02	2.907591e-02	2.099429e-02	1.778523e-02	1.870395e-02	2.396368e-02	3.478514e-02	5.367989e-02	8.503322e-02	1.361219e-01	2.188032e-01	3.522666e-01	5.674875e-01	9.144168e-01	1.473573e+00	
5.813825e-01	3.608352e-01	2.240342e-01	1.392294e-01	8.673830e-02	5.437835e-02	3.463907e-02	2.293918e-02	1.656326e-02	1.403150e-02	1.475632e-02	1.890593e-02	2.744343e-02	4.235028e-02	6.708621e-02	1.073922e-01	1.726229e-01	2.779176e-01	4.477143e-01	7.214211e-01	1.162563e+00	
4.733479e-01	2.937835e-01	1.824034e-01	1.133573e-01	7.062028e-02	4.427357e-02	2.820232e-02	1.867654e-02	1.348541e-02	1.142412e-02	1.201425e-02	1.539277e-02	2.234380e-02	3.448060e-02	5.462001e-02	8.743620e-02	1.405455e-01	2.262740e-01	3.645184e-01	5.873640e-01	9.465311e-01	
3.931324e-01	2.439977e-01	1.514925e-01	9.414727e-02	5.865267e-02	3.677078e-02	2.342303e-02	1.551154e-02	1.120012e-02	9.488138e-03	9.978262e-03	1.278424e-02	1.855732e-02	2.863737e-02	4.536387e-02	7.261889e-02	1.167280e-01	1.879286e-01	3.027456e-01	4.878268e-01	7.861279e-01	
3.305753e-01	2.051717e-01	1.273863e-01	7.916612e-02	4.931958e-02	3.091964e-02	1.969585e-02	1.304327e-02	9.417904e-03	7.978342e-03	8.390475e-03	1.074995e-02	1.560439e-02	2.408046e-02	3.814536e-02	6.106343e-02	9.815373e-02	1.580245e-01	2.545713e-01	4.102016e-01	6.610356e-01	
2.798946e-01	1.737167e-01	1.078566e-01	6.702910e-02	4.175836e-02	2.617933e-02	1.667627e-02	1.104360e-02	7.974039e-03	6.755177e-03	7.104125e-03	9.101872e-03	1.321207e-02	2.038867e-02	3.229727e-02	5.170176e-02	8.310571e-02	1.337977e-01	2.155428e-01	3.473133e-01	5.596918e-01	
2.375516e-01	1.474364e-01	9.153987e-02	5.688880e-02	3.544107e-02	2.221887e-02	1.415345e-02	9.372899e-03	6.767710e-03	5.733240e-03	6.029399e-03	7.724922e-03	1.121332e-02	1.730423e-02	2.741127e-02	4.388021e-02	7.053331e-02	1.135565e-01	1.829350e-01	2.947710e-01	4.750204e-01	
2.012538e-01	1.249082e-01	7.755262e-02	4.819622e-02	3.002569e-02	1.882384e-02	1.199081e-02	7.940724e-03	5.733607e-03	4.857203e-03	5.108109e-03	6.544557e-03	9.499933e-03	1.466015e-02	2.322284e-02	3.717533e-02	5.975585e-02	9.620512e-02	1.549826e-01	2.497301e-01	4.024375e-01	
1.694453e-01	1.051663e-01	6.529531e-02	4.057874e-02	2.528009e-02	1.584870e-02	1.009564e-02	6.685681e-03	4.827402e-03	4.089515e-03	4.300765e-03	5.510181e-03	7.998455e-03	1.234309e-02	1.955244e-02	3.129972e-02	5.031135e-02	8.099976e-02	1.304874e-01	2.102599e-01	3.388317e-01	
1.410275e-01	8.752874e-02	5.434456e-02	3.377323e-02	2.104034e-02	1.319070e-02	8.402490e-03	5.564418e-03	4.017793e-03	3.403658e-03	3.579479e-03	4.586062e-03	6.657025e-03	1.027302e-02	1.627328e-02	2.605041e-02	4.187358e-02	6.741520e-02	1.086032e-01	1.749970e-01	2.820059e-01	
1.151964e-01	7.149669e-02	4.439064e-02	2.758722e-02	1.718652e-02	1.077465e-02	6.863463e-03	4.545222e-03	3.281881e-03	2.780233e-03	2.923850e-03	3.746064e-03	5.437703e-03	8.391380e-03	1.329261e-02	2.127893e-02	3.420388e-02	5.506722e-02	8.871111e-02	1.429440e-01	2.303528e-01	
9.134462e-02	5.669306e-02	3.519941e-02	2.187519e-02	1.362799e-02	8.543720e-03	5.442360e-03	3.604118e-03	2.602357e-03	2.204577e-03	2.318457e-03	2.970429e-03	4.311808e-03	6.653916e-03	1.054033e-02	1.687306e-02	2.712185e-02	4.366536e-02	7.034318e-02	1.133470e-01	1.826574e-01	
6.899769e-02	4.282343e-02	2.658808e-02	1.652355e-02	1.029398e-02	6.453548e-03	4.110918e-03	2.722391e-03	1.965705e-03	1.665240e-03	1.751260e-03	2.243731e-03	3.256949e-03	5.026074e-03	7.961701e-03	1.274516e-02	2.048665e-02	3.298288e-02	5.313413e-02	8.561728e-02	1.379714e-01	
4.777289e-02	2.965025e-02	1.840916e-02	1.144064e-02	7.127389e-03	4.468333e-03	2.846333e-03	1.884940e-03	1.361023e-03	1.152985e-03	1.212544e-03	1.553523e-03	2.255059e-03	3.479973e-03	5.512553e-03	8.824544e-03	1.418462e-02	2.283682e-02	3.678921e-02	5.928002e-02	9.552915e-02	
2.735032e-02	1.697498e-02	1.053937e-02	6.549848e-03	4.080481e-03	2.558152e-03	1.629546e-03	1.079141e-03	7.791950e-04	6.600921e-04	6.941901e-04	8.894029e-04	1.291037e-03	1.992309e-03	3.155976e-03	5.052114e-03	8.120798e-03	1.307424e-02	2.106208e-02	3.393823e-02	5.469111e-02	
7.452143e-03	4.625174e-03	2.871664e-03	1.784638e-03	1.111809e-03	6.970200e-04	4.440026e-04	2.940338e-04	2.123073e-04	1.798554e-04	1.891461e-04	2.423357e-04	3.517691e-04	5.428446e-04	8.599090e-04	1.376550e-03	2.212675e-03	3.562339e-03	5.738788e-03	9.247153e-03	1.490169e-02	
-1.217325e-02	-7.555331e-03	-4.690930e-03	-2.915248e-03	-1.816166e-03	-1.138599e-03	-7.252886e-04	-4.803111e-04	-3.468090e-04	-2.937980e-04	-3.089745e-04	-3.958610e-04	-5.746230e-04	-8.867494e-04	-1.404682e-03	-2.248627e-03	-3.614456e-03	-5.819165e-03	-9.374445e-03	-1.510544e-02	-2.434226e-02	
-3.176427e-02	-1.971450e-02	-1.224028e-02	-7.606901e-03	-4.739012e-03	-2.971002e-03	-1.892532e-03	-1.253300e-03	-9.049460e-04	-7.666216e-04	-8.062226e-04	-1.032940e-03	-1.499392e-03	-2.313839e-03	-3.665306e-03	-5.867453e-03	-9.431380e-03	-1.518424e-02	-2.446121e-02	-3.941538e-02	-6.351748e-02	
