-3.249304e-05	-3.233016e-05	-3.217849e-05	-3.203792e-05	-3.190832e-05	-3.178958e-05	-3.168159e-05	-3.158426e-05	-3.149749e-05	-3.142122e-05	-3.135536e-05	-3.129984e-05	-3.125461e-05	-3.121962e-05	-3.119481e-05	-3.118017e-05	-3.117564e-05	-3.118123e-05	-3.119690e-05	-3.122266e-05	-3.125850e-05	
-1.673805e+09	-1.506365e+09	-1.338944e+09	-1.171540e+09	-1.004150e+09	-8.367723e+08	-6.694053e+08	-5.020467e+08	-3.346943e+08	-1.673461e+08	-2.938509e-05	1.673461e+08	3.346943e+08	5.020467e+08	6.694053e+08	8.367723e+08	1.004150e+09	1.171540e+09	1.338944e+09	1.506365e+09	1.673805e+09	
-3.343264e+09	-3.008820e+09	-2.674412e+09	-2.340038e+09	-2.005693e+09	-1.671372e+09	-1.337073e+09	-1.002790e+09	-6.685197e+08	-3.342578e+08	-2.527237e-05	3.342578e+08	6.685197e+08	1.002790e+09	1.337073e+09	1.671372e+09	2.005693e+09	2.340038e+09	2.674412e+09	3.008820e+09	3.343264e+09	
-5.004045e+09	-4.503464e+09	-4.002938e+09	-3.502462e+09	-3.002030e+09	-2.501634e+09	-2.001270e+09	-1.500931e+09	-1.000610e+09	-5.003020e+08	-2.646446e-05	5.003020e+08	1.000610e+09	1.500931e+09	2.001270e+09	2.501634e+09	3.002030e+09	3.502462e+09	4.002938e+09	4.503464e+09	5.004045e+09	
-6.651843e+09	-5.986425e+09	-5.321080e+09	-4.655801e+09	-3.990579e+09	-3.325407e+09	-2.660276e+09	-1.995178e+09	-1.330105e+09	-6.650484e+08	-3.075600e-05	6.650484e+08	1.330105e+09	1.995178e+09	2.660276e+09	3.325407e+09	3.990579e+09	4.655801e+09	5.321080e+09	5.986425e+09	6.651843e+09	
-8.282396e+09	-7.453866e+09	-6.625428e+09	-5.797071e+09	-4.968785e+09	-4.140560e+09	-3.312387e+09	-2.484254e+09	-1.656153e+09	-8.280712e+08	-1.621246e-05	8.280712e+08	1.656153e+09	2.484254e+09	3.312387e+09	4.140560e+09	4.968785e+09	5.797071e+09	6.625428e+09	7.453866e+09	8.282396e+09	
-9.891497e+09	-8.902003e+09	-7.912617e+09	-6.923327e+09	-5.934123e+09	-4.944991e+09	-3.955920e+09	-2.966898e+09	-1.977911e+09	-9.889496e+08	-1.049042e-05	9.889496e+08	1.977911e+09	2.966898e+09	3.955920e+09	4.944991e+09	5.934123e+09	6.923327e+09	7.912617e+09	8.902003e+09	9.891497e+09	
-1.147501e+10	-1.032711e+10	-9.179337e+09	-8.031675e+09	-6.884111e+09	-5.736631e+09	-4.589221e+09	-3.441867e+09	-2.294554e+09	-1.147270e+09	-2.050400e-05	1.147270e+09	2.294554e+09	3.441867e+09	4.589221e+09	5.736631e+09	6.884111e+09	8.031675e+09	9.179337e+09	1.032711e+10	1.147501e+10	
-1.302887e+10	-1.172554e+10	-1.042235e+10	-9.119276e+09	-7.816318e+09	-6.513454e+09	-5.210668e+09	-3.907946e+09	-2.605271e+09	-1.302628e+09	-3.528595e-05	1.302628e+09	2.605271e+09	3.907946e+09	5.210668e+09	6.513454e+09	7.816318e+09	9.119276e+09	1.042235e+10	1.172554e+10	1.302887e+10	
-1.454914e+10	-1.309373e+10	-1.163847e+10	-1.018336e+10	-8.728367e+09	-7.273479e+09	-5.818678e+09	-4.363948e+09	-2.909269e+09	-1.454626e+09	-2.050400e-05	1.454626e+09	2.909269e+09	4.363948e+09	5.818678e+09	7.273479e+09	8.728367e+09	1.018336e+10	1.163847e+10	1.309373e+10	1.454914e+10	
-1.603194e+10	-1.442820e+10	-1.282464e+10	-1.122123e+10	-9.617947e+09	-8.014781e+09	-6.411711e+09	-4.808716e+09	-3.205779e+09	-1.602880e+09	-1.144409e-05	1.602880e+09	3.205779e+09	4.808716e+09	6.411711e+09	8.014781e+09	9.617947e+09	1.122123e+10	1.282464e+10	1.442820e+10	1.603194e+10	
-1.747355e+10	-1.572562e+10	-1.397786e+10	-1.223027e+10	-1.048282e+10	-8.735496e+09	-6.988273e+09	-5.241133e+09	-3.494054e+09	-1.747017e+09	-2.002716e-05	1.747017e+09	3.494054e+09	5.241133e+09	6.988273e+09	8.735496e+09	1.048282e+10	1.223027e+10	1.397786e+10	1.572562e+10	1.747355e+10	
-1.887038e+10	-1.698272e+10	-1.509526e+10	-1.320797e+10	-1.132083e+10	-9.433823e+09	-7.546927e+09	-5.660118e+09	-3.773376e+09	-1.886677e+09	-2.861023e-06	1.886677e+09	3.773376e+09	5.660118e+09	7.546927e+09	9.433823e+09	1.132083e+10	1.320797e+10	1.509526e+10	1.698272e+10	1.887038e+10	
-2.021896e+10	-1.819641e+10	-1.617406e+10	-1.415190e+10	-1.212990e+10	-1.010804e+10	-8.086289e+09	-6.064636e+09	-4.043052e+09	-2.021514e+09	3.814697e-06	2.021514e+09	4.043052e+09	6.064636e+09	8.086289e+09	1.010804e+10	1.212990e+10	1.415190e+10	1.617406e+10	1.819641e+10	2.021896e+10	
-2.151600e+10	-1.936371e+10	-1.721163e+10	-1.505976e+10	-1.290805e+10	-1.075648e+10	-8.605040e+09	-6.453695e+09	-4.302423e+09	-2.151199e+09	-3.242493e-05	2.151199e+09	4.302423e+09	6.453695e+09	8.605040e+09	1.075648e+10	1.290805e+10	1.505976e+10	1.721163e+10	1.936371e+10	2.151600e+10	
-2.275835e+10	-2.048179e+10	-1.820547e+10	-1.592934e+10	-1.365339e+10	-1.137760e+10	-9.101924e+09	-6.826355e+09	-4.550861e+09	-2.275418e+09	-2.479553e-05	2.275418e+09	4.550861e+09	6.826355e+09	9.101924e+09	1.137760e+10	1.365339e+10	1.592934e+10	1.820547e+10	2.048179e+10	2.275835e+10	
-2.394305e+10	-2.154800e+10	-1.915319e+10	-1.675858e+10	-1.436416e+10	-1.196989e+10	-9.575758e+09	-7.181727e+09	-4.787774e+09	-2.393874e+09	-2.098083e-05	2.393874e+09	4.787774e+09	7.181727e+09	9.575758e+09	1.196989e+10	1.436416e+10	1.675858e+10	1.915319e+10	2.154800e+10	2.394305e+10	
-2.506732e+10	-2.255983e+10	-2.005258e+10	-1.754553e+10	-1.503868e+10	-1.253199e+10	-1.002543e+10	-7.518978e+09	-5.012607e+09	-2.506290e+09	-9.536743e-07	2.506290e+09	5.012607e+09	7.518978e+09	1.002543e+10	1.253199e+10	1.503868e+10	1.754553e+10	2.005258e+10	2.255983e+10	2.506732e+10	
-2.612859e+10	-2.351495e+10	-2.090156e+10	-1.828839e+10	-1.567540e+10	-1.306258e+10	-1.044990e+10	-7.837331e+09	-5.224842e+09	-2.612407e+09	-2.384186e-05	2.612407e+09	5.224842e+09	7.837331e+09	1.044990e+10	1.306258e+10	1.567540e+10	1.828839e+10	2.090156e+10	2.351495e+10	2.612859e+10	
-2.712445e+10	-2.441121e+10	-2.169823e+10	-1.898546e+10	-1.627289e+10	-1.356049e+10	-1.084823e+10	-8.136072e+09	-5.424001e+09	-2.711987e+09	-1.239777e-05	2.711987e+09	5.424001e+09	8.136072e+09	1.084823e+10	1.356049e+10	1.627289e+10	1.898546e+10	2.169823e+10	2.441121e+10	2.712445e+10	
-2.805273e+10	-2.524666e+10	-2.244084e+10	-1.963525e+10	-1.682985e+10	-1.402461e+10	-1.121952e+10	-8.414544e+09	-5.609649e+09	-2.804811e+09	-5.340576e-05	2.804811e+09	5.609649e+09	8.414544e+09	1.121952e+10	1.402461e+10	1.682985e+10	1.963525e+10	2.244084e+10	2.524666e+10	2.805273e+10	
-2.891146e+10	-2.601952e+10	-2.312782e+10	-2.023635e+10	-1.734508e+10	-1.445398e+10	-1.156301e+10	-8.672160e+09	-5.781393e+09	-2.890682e+09	3.051758e-05	2.890682e+09	5.781393e+09	8.672160e+09	1.156301e+10	1.445398e+10	1.734508e+10	2.023635e+10	2.312782e+10	2.601952e+10	2.891146e+10	
-2.969890e+10	-2.672821e+10	-2.375777e+10	-2.078756e+10	-1.781755e+10	-1.484770e+10	-1.187799e+10	-8.908393e+09	-5.938882e+09	-2.969427e+09	-4.577637e-05	2.969427e+09	5.938882e+09	8.908393e+09	1.187799e+10	1.484770e+10	1.781755e+10	2.078756e+10	2.375777e+10	2.672821e+10	2.969890e+10	
-3.041351e+10	-2.737137e+10	-2.432948e+10	-2.128780e+10	-1.824633e+10	-1.520502e+10	-1.216385e+10	-9.122788e+09	-6.081812e+09	-3.040892e+09	1.430511e-05	3.040892e+09	6.081812e+09	9.122788e+09	1.216385e+10	1.520502e+10	1.824633e+10	2.128780e+10	2.432948e+10	2.737137e+10	3.041351e+10	
-3.105401e+10	-2.794783e+10	-2.484189e+10	-2.173618e+10	-1.863065e+10	-1.552529e+10	-1.242007e+10	-9.314955e+09	-6.209924e+09	-3.104948e+09	-4.768372e-06	3.104948e+09	6.209924e+09	9.314955e+09	1.242007e+10	1.552529e+10	1.863065e+10	2.173618e+10	2.484189e+10	2.794783e+10	3.105401e+10	
-3.161932e+10	-2.845663e+10	-2.529417e+10	-2.213193e+10	-1.896987e+10	-1.580798e+10	-1.264622e+10	-9.484574e+09	-6.323004e+09	-3.161489e+09	2.479553e-05	3.161489e+09	6.323004e+09	9.484574e+09	1.264622e+10	1.580798e+10	1.896987e+10	2.213193e+10	2.529417e+10	2.845663e+10	3.161932e+10	
-3.210862e+10	-2.889702e+10	-2.568564e+10	-2.247448e+10	-1.926350e+10	-1.605268e+10	-1.284198e+10	-9.631396e+09	-6.420887e+09	-3.210430e+09	-1.049042e-05	3.210430e+09	6.420887e+09	9.631396e+09	1.284198e+10	1.605268e+10	1.926350e+10	2.247448e+10	2.568564e+10	2.889702e+10	3.210862e+10	
-3.252132e+10	-2.926846e+10	-2.601584e+10	-2.276342e+10	-1.951117e+10	-1.625908e+10	-1.300711e+10	-9.755242e+09	-6.503453e+09	-3.251714e+09	1.239777e-05	3.251714e+09	6.503453e+09	9.755242e+09	1.300711e+10	1.625908e+10	1.951117e+10	2.276342e+10	2.601584e+10	2.926846e+10	3.252132e+10	
-3.285704e+10	-2.957064e+10	-2.628447e+10	-2.299848e+10	-1.971267e+10	-1.642700e+10	-1.314145e+10	-9.856005e+09	-6.570629e+09	-3.285302e+09	6.675720e-05	3.285302e+09	6.570629e+09	9.856005e+09	1.314145e+10	1.642700e+10	1.971267e+10	2.299848e+10	2.628447e+10	2.957064e+10	3.285704e+10	
-3.311567e+10	-2.980345e+10	-2.649143e+10	-2.317959e+10	-1.986792e+10	-1.655639e+10	-1.324497e+10	-9.933646e+09	-6.622392e+09	-3.311184e+09	-1.335144e-05	3.311184e+09	6.622392e+09	9.933646e+09	1.324497e+10	1.655639e+10	1.986792e+10	2.317959e+10	2.649143e+10	2.980345e+10	3.311567e+10	
-3.329733e+10	-2.996697e+10	-2.663681e+10	-2.330683e+10	-1.997699e+10	-1.664729e+10	-1.331770e+10	-9.988200e+09	-6.658764e+09	-3.329371e+09	-2.765656e-05	3.329371e+09	6.658764e+09	9.988200e+09	1.331770e+10	1.664729e+10	1.997699e+10	2.330683e+10	2.663681e+10	2.996697e+10	3.329733e+10	
-3.340235e+10	-3.006153e+10	-2.672089e+10	-2.338042e+10	-2.004010e+10	-1.669989e+10	-1.335979e+10	-1.001977e+10	-6.679813e+09	-3.339896e+09	1.049042e-05	3.339896e+09	6.679813e+09	1.001977e+10	1.335979e+10	1.669989e+10	2.004010e+10	2.338042e+10	2.672089e+10	3.006153e+10	3.340235e+10	
-3.343131e+10	-3.008764e+10	-2.674414e+10	-2.340079e+10	-2.005757e+10	-1.671447e+10	-1.337146e+10	-1.002853e+10	-6.685655e+09	-3.342818e+09	1.525879e-05	3.342818e+09	6.685655e+09	1.002853e+10	1.337146e+10	1.671447e+10	2.005757e+10	2.340079e+10	2.674414e+10	3.008764e+10	3.343131e+10	
-3.338503e+10	-3.004604e+10	-2.670720e+10	-2.336849e+10	-2.002991e+10	-1.669143e+10	-1.335304e+10	-1.001472e+10	-6.676451e+09	-3.338217e+09	-1.716614e-05	3.338217e+09	6.676451e+09	1.001472e+10	1.335304e+10	1.669143e+10	2.002991e+10	2.336849e+10	2.670720e+10	3.004604e+10	3.338503e+10	
-3.326454e+10	-2.993764e+10	-2.661088e+10	-2.328425e+10	-1.995772e+10	-1.663129e+10	-1.330494e+10	-9.978651e+09	-6.652408e+09	-3.326196e+09	7.629395e-05	3.326196e+09	6.652408e+09	9.978651e+09	1.330494e+10	1.663129e+10	1.995772e+10	2.328425e+10	2.661088e+10	2.993764e+10	3.326454e+10	
-3.307108e+10	-2.976358e+10	-2.645620e+10	-2.314894e+10	-1.984177e+10	-1.653468e+10	-1.322766e+10	-9.920697e+09	-6.613775e+09	-3.306881e+09	6.961823e-05	3.306881e+09	6.613775e+09	9.920697e+09	1.322766e+10	1.653468e+10	1.984177e+10	2.314894e+10	2.645620e+10	2.976358e+10	3.307108e+10	
-3.280611e+10	-2.952517e+10	-2.624433e+10	-2.296358e+10	-1.968291e+10	-1.640232e+10	-1.312178e+10	-9.841297e+09	-6.560845e+09	-3.280417e+09	2.861023e-05	3.280417e+09	6.560845e+09	9.841297e+09	1.312178e+10	1.640232e+10	1.968291e+10	2.296358e+10	2.624433e+10	2.952517e+10	3.280611e+10	
-3.247133e+10	-2.922392e+10	-2.597659e+10	-2.272935e+10	-1.948217e+10	-1.623505e+10	-1.298798e+10	-9.740953e+09	-6.493952e+09	-3.246971e+09	8.296967e-05	3.246971e+09	6.493952e+09	9.740953e+09	1.298798e+10	1.623505e+10	1.948217e+10	2.272935e+10	2.597659e+10	2.922392e+10	3.247133e+10	
-3.206859e+10	-2.886151e+10	-2.565451e+10	-2.244756e+10	-1.924066e+10	-1.603382e+10	-1.282701e+10	-9.620227e+09	-6.413472e+09	-3.206732e+09	4.482269e-05	3.206732e+09	6.413472e+09	9.620227e+09	1.282701e+10	1.603382e+10	1.924066e+10	2.244756e+10	2.565451e+10	2.886151e+10	3.206859e+10	
-3.159998e+10	-2.843982e+10	-2.527971e+10	-2.211965e+10	-1.895963e+10	-1.579964e+10	-1.263968e+10	-9.479740e+09	-6.319817e+09	-3.159906e+09	7.629395e-06	3.159906e+09	6.319817e+09	9.479740e+09	1.263968e+10	1.579964e+10	1.895963e+10	2.211965e+10	2.527971e+10	2.843982e+10	3.159998e+10	
-3.106773e+10	-2.796086e+10	-2.485402e+10	-2.174721e+10	-1.864042e+10	-1.553366e+10	-1.242690e+10	-9.320166e+09	-6.213439e+09	-3.106718e+09	2.193451e-05	3.106718e+09	6.213439e+09	9.320166e+09	1.242690e+10	1.553366e+10	1.864042e+10	2.174721e+10	2.485402e+10	2.796086e+10	3.106773e+10	
-3.047429e+10	-2.742683e+10	-2.437938e+10	-2.133194e+10	-1.828450e+10	-1.523708e+10	-1.218965e+10	-9.142236e+09	-6.094822e+09	-3.047411e+09	7.247925e-05	3.047411e+09	6.094822e+09	9.142236e+09	1.218965e+10	1.523708e+10	1.828450e+10	2.133194e+10	2.437938e+10	2.742683e+10	3.047429e+10	
-2.982226e+10	-2.684006e+10	-2.385786e+10	-2.087565e+10	-1.789343e+10	-1.491120e+10	-1.192897e+10	-8.946729e+09	-5.964488e+09	-2.982244e+09	7.629395e-06	2.982244e+09	5.964488e+09	8.946729e+09	1.192897e+10	1.491120e+10	1.789343e+10	2.087565e+10	2.385786e+10	2.684006e+10	2.982226e+10	
-2.911439e+10	-2.620304e+10	-2.329167e+10	-2.038027e+10	-1.746885e+10	-1.455740e+10	-1.164594e+10	-8.734470e+09	-5.822986e+09	-2.911494e+09	5.483627e-05	2.911494e+09	5.822986e+09	8.734470e+09	1.164594e+10	1.455740e+10	1.746885e+10	2.038027e+10	2.329167e+10	2.620304e+10	2.911439e+10	
-2.835358e+10	-2.551838e+10	-2.268313e+10	-1.984784e+10	-1.701251e+10	-1.417714e+10	-1.134175e+10	-8.506331e+09	-5.670896e+09	-2.835451e+09	1.955032e-05	2.835451e+09	5.670896e+09	8.506331e+09	1.134175e+10	1.417714e+10	1.701251e+10	1.984784e+10	2.268313e+10	2.551838e+10	2.835358e+10	
-2.754288e+10	-2.478881e+10	-2.203468e+10	-1.928048e+10	-1.652623e+10	-1.377193e+10	-1.101759e+10	-8.263222e+09	-5.508828e+09	-2.754418e+09	1.277924e-04	2.754418e+09	5.508828e+09	8.263222e+09	1.101759e+10	1.377193e+10	1.652623e+10	1.928048e+10	2.203468e+10	2.478881e+10	2.754288e+10	
-2.668544e+10	-2.401719e+10	-2.134884e+10	-1.868041e+10	-1.601191e+10	-1.334336e+10	-1.067475e+10	-8.006094e+09	-5.337413e+09	-2.668712e+09	9.775162e-06	2.668712e+09	5.337413e+09	8.006094e+09	1.067475e+10	1.334336e+10	1.601191e+10	1.868041e+10	2.134884e+10	2.401719e+10	2.668544e+10	
-2.578456e+10	-2.320646e+10	-2.062824e+10	-1.804993e+10	-1.547153e+10	-1.289305e+10	-1.031452e+10	-7.735930e+09	-5.157307e+09	-2.578660e+09	-2.074242e-05	2.578660e+09	5.157307e+09	7.735930e+09	1.031452e+10	1.289305e+10	1.547153e+10	1.804993e+10	2.062824e+10	2.320646e+10	2.578456e+10	
-2.484361e+10	-2.235966e+10	-1.987558e+10	-1.739139e+10	-1.490709e+10	-1.242271e+10	-9.938254e+09	-7.453742e+09	-4.969185e+09	-2.484600e+09	5.668402e-05	2.484600e+09	4.969185e+09	7.453742e+09	9.938254e+09	1.242271e+10	1.490709e+10	1.739139e+10	1.987558e+10	2.235966e+10	2.484361e+10	
-2.386605e+10	-2.147992e+10	-1.909364e+10	-1.670722e+10	-1.432069e+10	-1.193406e+10	-9.547350e+09	-7.160571e+09	-4.773742e+09	-2.386879e+09	5.376339e-05	2.386879e+09	4.773742e+09	7.160571e+09	9.547350e+09	1.193406e+10	1.432069e+10	1.670722e+10	1.909364e+10	2.147992e+10	2.386605e+10	
-2.285545e+10	-2.057043e+10	-1.828525e+10	-1.599992e+10	-1.371446e+10	-1.142889e+10	-9.143220e+09	-6.857480e+09	-4.571685e+09	-2.285852e+09	-1.573563e-05	2.285852e+09	4.571685e+09	6.857480e+09	9.143220e+09	1.142889e+10	1.371446e+10	1.599992e+10	1.828525e+10	2.057043e+10	2.285545e+10	
-2.181539e+10	-1.963444e+10	-1.745330e+10	-1.527200e+10	-1.309055e+10	-1.090898e+10	-8.727307e+09	-6.545552e+09	-4.363736e+09	-2.181878e+09	6.079674e-05	2.181878e+09	4.363736e+09	6.545552e+09	8.727307e+09	1.090898e+10	1.309055e+10	1.527200e+10	1.745330e+10	1.963444e+10	2.181539e+10	
-2.074955e+10	-1.867524e+10	-1.660072e+10	-1.452602e+10	-1.245116e+10	-1.037618e+10	-8.301075e+09	-6.225885e+09	-4.150627e+09	-2.075325e+09	-4.768372e-05	2.075325e+09	4.150627e+09	6.225885e+09	8.301075e+09	1.037618e+10	1.245116e+10	1.452602e+10	1.660072e+10	1.867524e+10	2.074955e+10	
-1.966163e+10	-1.769615e+10	-1.573046e+10	-1.376457e+10	-1.179852e+10	-9.832322e+09	-7.866003e+09	-5.899587e+09	-3.933098e+09	-1.966561e+09	0.000000e+00	1.966561e+09	3.933098e+09	5.899587e+09	7.866003e+09	9.832322e+09	1.179852e+10	1.376457e+10	1.573046e+10	1.769615e+10	1.966163e+10	
-1.855534e+10	-1.670054e+10	-1.484551e+10	-1.299027e+10	-1.113485e+10	-9.279281e+09	-7.423580e+09	-5.567775e+09	-3.711893e+09	-1.855960e+09	9.250641e-05	1.855960e+09	3.711893e+09	5.567775e+09	7.423580e+09	9.279281e+09	1.113485e+10	1.299027e+10	1.484551e+10	1.670054e+10	1.855534e+10	
-1.743443e+10	-1.569176e+10	-1.394885e+10	-1.220572e+10	-1.046240e+10	-8.718919e+09	-6.975299e+09	-5.231570e+09	-3.487759e+09	-1.743893e+09	5.245209e-05	1.743893e+09	3.487759e+09	5.231570e+09	6.975299e+09	8.718919e+09	1.046240e+10	1.220572e+10	1.394885e+10	1.569176e+10	1.743443e+10	
-1.630262e+10	-1.467318e+10	-1.304347e+10	-1.141354e+10	-9.783407e+09	-8.153102e+09	-6.522654e+09	-4.892091e+09	-3.261442e+09	-1.630735e+09	-5.149841e-05	1.630735e+09	3.261442e+09	4.892091e+09	6.522654e+09	8.153102e+09	9.783407e+09	1.141354e+10	1.304347e+10	1.467318e+10	1.630262e+10	
-1.516365e+10	-1.364813e+10	-1.213235e+10	-1.061633e+10	-9.100100e+09	-7.583691e+09	-6.067133e+09	-4.550455e+09	-3.033686e+09	-1.516858e+09	3.814697e-05	1.516858e+09	3.033686e+09	4.550455e+09	6.067133e+09	7.583691e+09	9.100100e+09	1.061633e+10	1.213235e+10	1.364813e+10	1.516365e+10	
-1.402119e+10	-1.261995e+10	-1.121844e+10	-9.816675e+09	-8.414696e+09	-7.012532e+09	-5.610212e+09	-4.207768e+09	-2.805230e+09	-1.402631e+09	-1.525879e-05	1.402631e+09	2.805230e+09	4.207768e+09	5.610212e+09	7.012532e+09	8.414696e+09	9.816675e+09	1.121844e+10	1.261995e+10	1.402119e+10	
-1.287891e+10	-1.159193e+10	-1.030466e+10	-9.017135e+09	-7.729388e+09	-6.441450e+09	-5.153353e+09	-3.865127e+09	-2.576805e+09	-1.288418e+09	4.005432e-05	1.288418e+09	2.576805e+09	3.865127e+09	5.153353e+09	6.441450e+09	7.729388e+09	9.017135e+09	1.030466e+10	1.159193e+10	1.287891e+10	
-1.174040e+10	-1.056729e+10	-9.393893e+09	-8.220229e+09	-7.046337e+09	-5.872248e+09	-4.697996e+09	-3.523612e+09	-2.349129e+09	-1.174581e+09	-3.814697e-06	1.174581e+09	2.349129e+09	3.523612e+09	4.697996e+09	5.872248e+09	7.046337e+09	8.220229e+09	9.393893e+09	1.056729e+10	1.174040e+10	
-1.060922e+10	-9.549244e+09	-8.488973e+09	-7.428436e+09	-6.367665e+09	-5.306694e+09	-4.245556e+09	-3.184284e+09	-2.122912e+09	-1.061473e+09	2.670288e-05	1.061473e+09	2.122912e+09	3.184284e+09	4.245556e+09	5.306694e+09	6.367665e+09	7.428436e+09	8.488973e+09	9.549244e+09	1.060922e+10	
-9.488808e+09	-8.540890e+09	-7.592668e+09	-6.644177e+09	-5.695450e+09	-4.746519e+09	-3.797419e+09	-2.848183e+09	-1.898845e+09	-9.494396e+08	3.814697e-06	9.494396e+08	1.898845e+09	2.848183e+09	3.797419e+09	4.746519e+09	5.695450e+09	6.644177e+09	7.592668e+09	8.540890e+09	9.488808e+09	
-8.382553e+09	-7.545269e+09	-6.707679e+09	-5.869817e+09	-5.031716e+09	-4.193410e+09	-3.354934e+09	-2.516320e+09	-1.677604e+09	-8.388191e+08	-7.629395e-06	8.388191e+08	1.677604e+09	2.516320e+09	3.354934e+09	4.193410e+09	5.031716e+09	5.869817e+09	6.707679e+09	7.545269e+09	8.382553e+09	
-7.293730e+09	-6.565331e+09	-5.836626e+09	-5.107648e+09	-4.378430e+09	-3.649006e+09	-2.919411e+09	-2.189679e+09	-1.459843e+09	-7.299388e+08	1.335144e-05	7.299388e+08	1.459843e+09	2.189679e+09	2.919411e+09	3.649006e+09	4.378430e+09	5.107648e+09	5.836626e+09	6.565331e+09	7.293730e+09	
-6.225506e+09	-5.603929e+09	-4.982045e+09	-4.359889e+09	-3.737493e+09	-3.114892e+09	-2.492119e+09	-1.869210e+09	-1.246197e+09	-6.231157e+08	-1.716614e-05	6.231157e+08	1.246197e+09	1.869210e+09	2.492119e+09	3.114892e+09	3.737493e+09	4.359889e+09	4.982045e+09	5.603929e+09	6.225506e+09	
-5.180932e+09	-4.663806e+09	-4.146375e+09	-3.628674e+09	-3.110734e+09	-2.592591e+09	-2.074277e+09	-1.555827e+09	-1.037275e+09	-5.186547e+08	7.629395e-05	5.186547e+08	1.037275e+09	1.555827e+09	2.074277e+09	2.592591e+09	3.110734e+09	3.628674e+09	4.146375e+09	4.663806e+09	5.180932e+09	
-4.162928e+09	-3.747591e+09	-3.331953e+09	-2.916047e+09	-2.499907e+09	-2.083564e+09	-1.667054e+09	-1.250408e+09	-8.336618e+08	-4.168478e+08	3.433228e-05	4.168478e+08	8.336618e+08	1.250408e+09	1.667054e+09	2.083564e+09	2.499907e+09	2.916047e+09	3.331953e+09	3.747591e+09	4.162928e+09	
-3.174278e+09	-2.857790e+09	-2.541006e+09	-2.223959e+09	-1.906680e+09	-1.589204e+09	-1.271562e+09	-9.537875e+08	-6.359137e+08	-3.179734e+08	-1.907349e-05	3.179734e+08	6.359137e+08	9.537875e+08	1.271562e+09	1.589204e+09	1.906680e+09	2.223959e+09	2.541006e+09	2.857790e+09	3.174278e+09	
-2.217618e+09	-1.996775e+09	-1.775643e+09	-1.554253e+09	-1.332638e+09	-1.110828e+09	-8.888570e+08	-6.667562e+08	-4.445582e+08	-2.222953e+08	6.103516e-05	2.222953e+08	4.445582e+08	6.667562e+08	8.888570e+08	1.110828e+09	1.332638e+09	1.554253e+09	1.775643e+09	1.996775e+09	2.217618e+09	
-1.295432e+09	-1.166782e+09	-1.037851e+09	-9.086693e+08	-7.792683e+08	-6.496789e+08	-5.199321e+08	-3.900594e+08	-2.600922e+08	-1.300619e+08	-1.907349e-05	1.300619e+08	2.600922e+08	3.900594e+08	5.199321e+08	6.496789e+08	7.792683e+08	9.086693e+08	1.037851e+09	1.166782e+09	1.295432e+09	
-4.100418e+08	-3.699005e+08	-3.294876e+08	-2.888329e+08	-2.479661e+08	-2.069172e+08	-1.657164e+08	-1.243939e+08	-8.298009e+07	-4.150529e+07	5.722046e-05	4.150529e+07	8.298009e+07	1.243939e+08	1.657164e+08	2.069172e+08	2.479661e+08	2.888329e+08	3.294876e+08	3.699005e+08	4.100418e+08	
4.363991e+08	3.919312e+08	3.477237e+08	3.037484e+08	2.599766e+08	2.163796e+08	1.729284e+08	1.295939e+08	8.634721e+07	4.315897e+07	4.196167e-05	-4.315897e+07	-8.634721e+07	-1.295939e+08	-1.729284e+08	-2.163796e+08	-2.599766e+08	-3.037484e+08	-3.477237e+08	-3.919312e+08	-4.363991e+08	
1.241911e+09	1.116931e+09	9.921990e+08	8.676884e+08	7.433716e+08	6.192213e+08	4.952100e+08	3.713100e+08	2.474935e+08	1.237328e+08	7.247925e-05	-1.237328e+08	-2.474935e+08	-3.713100e+08	-4.952100e+08	-6.192213e+08	-7.433716e+08	-8.676884e+08	-9.921990e+08	-1.116931e+09	-1.241911e+09	
2.004693e+09	1.803478e+09	1.602498e+09	1.401726e+09	1.201138e+09	1.000707e+09	8.004079e+08	6.002137e+08	4.000986e+08	2.000361e+08	-1.144409e-05	-2.000361e+08	-4.000986e+08	-6.002137e+08	-8.004079e+08	-1.000707e+09	-1.201138e+09	-1.401726e+09	-1.602498e+09	-1.803478e+09	-2.004693e+09	
2.723128e+09	2.450117e+09	2.177325e+09	1.904729e+09	1.632305e+09	1.360029e+09	1.087875e+09	8.158198e+08	5.438387e+08	2.719070e+08	-3.051758e-05	-2.719070e+08	-5.438387e+08	-8.158198e+08	-1.087875e+09	-1.360029e+09	-1.632305e+09	-1.904729e+09	-2.177325e+09	-2.450117e+09	-2.723128e+09	
3.395788e+09	3.055561e+09	2.715539e+09	2.375697e+09	2.036015e+09	1.696470e+09	1.357039e+09	1.017699e+09	6.784278e+08	3.392024e+08	-1.907349e-05	-3.392024e+08	-6.784278e+08	-1.017699e+09	-1.357039e+09	-1.696470e+09	-2.036015e+09	-2.375697e+09	-2.715539e+09	-3.055561e+09	-3.395788e+09	
4.021433e+09	3.618696e+09	3.216146e+09	2.813762e+09	2.411524e+09	2.009412e+09	1.607404e+09	1.205479e+09	8.036179e+08	4.017984e+08	-8.773804e-05	-4.017984e+08	-8.036179e+08	-1.205479e+09	-1.607404e+09	-2.009412e+09	-2.411524e+09	-2.813762e+09	-3.216146e+09	-3.618696e+09	-4.021433e+09	
4.599018e+09	4.138580e+09	3.678311e+09	3.218192e+09	2.758205e+09	2.298330e+09	1.838551e+09	1.378847e+09	9.191995e+08	4.595903e+08	1.525879e-05	-4.595903e+08	-9.191995e+08	-1.378847e+09	-1.838551e+09	-2.298330e+09	-2.758205e+09	-3.218192e+09	-3.678311e+09	-4.138580e+09	-4.599018e+09	
5.127693e+09	4.614448e+09	4.101352e+09	3.588390e+09	3.075545e+09	2.562800e+09	2.050139e+09	1.537546e+09	1.025002e+09	5.124927e+08	-1.258850e-04	-5.124927e+08	-1.025002e+09	-1.537546e+09	-2.050139e+09	-2.562800e+09	-3.075545e+09	-3.588390e+09	-4.101352e+09	-4.614448e+09	-5.127693e+09	
5.606802e+09	5.045709e+09	4.484746e+09	3.923898e+09	3.363152e+09	2.802493e+09	2.241907e+09	1.681379e+09	1.120895e+09	5.604401e+08	-9.918213e-05	-5.604401e+08	-1.120895e+09	-1.681379e+09	-2.241907e+09	-2.802493e+09	-3.363152e+09	-3.923898e+09	-4.484746e+09	-5.045709e+09	-5.606802e+09	
6.035886e+09	5.431950e+09	4.828123e+09	4.224393e+09	3.620749e+09	3.017178e+09	2.413668e+09	1.810208e+09	1.206785e+09	6.033863e+08	-2.288818e-05	-6.033863e+08	-1.206785e+09	-1.810208e+09	-2.413668e+09	-3.017178e+09	-3.620749e+09	-4.224393e+09	-4.828123e+09	-5.431950e+09	-6.035886e+09	
6.414681e+09	5.772932e+09	5.131271e+09	4.489689e+09	3.848176e+09	3.206722e+09	2.565318e+09	1.923954e+09	1.282619e+09	6.413046e+08	-1.220703e-04	-6.413046e+08	-1.282619e+09	-1.923954e+09	-2.565318e+09	-3.206722e+09	-3.848176e+09	-4.489689e+09	-5.131271e+09	-5.772932e+09	-6.414681e+09	
6.743116e+09	6.068592e+09	5.394134e+09	4.719737e+09	4.045391e+09	3.371090e+09	2.696827e+09	2.022594e+09	1.348383e+09	6.741878e+08	-4.577637e-05	-6.741878e+08	-1.348383e+09	-2.022594e+09	-2.696827e+09	-3.371090e+09	-4.045391e+09	-4.719737e+09	-5.394134e+09	-6.068592e+09	-6.743116e+09	
7.021312e+09	6.319038e+09	5.616809e+09	4.914620e+09	4.212465e+09	3.510341e+09	2.808242e+09	2.106164e+09	1.404101e+09	7.020478e+08	-2.288818e-05	-7.020478e+08	-1.404101e+09	-2.106164e+09	-2.808242e+09	-3.510341e+09	-4.212465e+09	-4.914620e+09	-5.616809e+09	-6.319038e+09	-7.021312e+09	
7.249581e+09	6.524550e+09	5.799542e+09	5.074555e+09	4.349585e+09	3.624630e+09	2.899688e+09	2.174757e+09	1.449834e+09	7.249155e+08	-7.629395e-06	-7.249155e+08	-1.449834e+09	-2.174757e+09	-2.899688e+09	-3.624630e+09	-4.349585e+09	-5.074555e+09	-5.799542e+09	-6.524550e+09	-7.249581e+09	
7.428417e+09	6.685574e+09	5.942730e+09	5.199888e+09	4.457045e+09	3.714203e+09	2.971362e+09	2.228521e+09	1.485681e+09	7.428402e+08	-9.918213e-05	-7.428402e+08	-1.485681e+09	-2.228521e+09	-2.971362e+09	-3.714203e+09	-4.457045e+09	-5.199888e+09	-5.942730e+09	-6.685574e+09	-7.428417e+09	
7.558498e+09	6.802717e+09	6.046914e+09	5.291092e+09	4.535253e+09	3.779399e+09	3.023534e+09	2.267659e+09	1.511776e+09	7.558893e+08	-1.144409e-04	-7.558893e+08	-1.511776e+09	-2.267659e+09	-3.023534e+09	-3.779399e+09	-4.535253e+09	-5.291092e+09	-6.046914e+09	-6.802717e+09	-7.558498e+09	
7.640677e+09	6.876749e+09	6.112776e+09	5.348765e+09	4.584719e+09	3.820644e+09	3.056544e+09	2.292425e+09	1.528291e+09	7.641481e+08	-9.918213e-05	-7.641481e+08	-1.528291e+09	-2.292425e+09	-3.056544e+09	-3.820644e+09	-4.584719e+09	-5.348765e+09	-6.112776e+09	-6.876749e+09	-7.640677e+09	
7.675979e+09	6.908590e+09	6.141135e+09	5.373622e+09	4.606057e+09	3.838448e+09	3.070802e+09	2.303127e+09	1.535430e+09	7.677187e+08	-1.144409e-04	-7.677187e+08	-1.535430e+09	-2.303127e+09	-3.070802e+09	-3.838448e+09	-4.606057e+09	-5.373622e+09	-6.141135e+09	-6.908590e+09	-7.675979e+09	
7.665595e+09	6.899313e+09	6.132943e+09	5.366495e+09	4.599980e+09	3.833405e+09	3.066783e+09	2.300121e+09	1.533430e+09	7.667199e+08	-1.525879e-04	-7.667199e+08	-1.533430e+09	-2.300121e+09	-3.066783e+09	-3.833405e+09	-4.599980e+09	-5.366495e+09	-6.132943e+09	-6.899313e+09	-7.665595e+09	
7.610871e+09	6.850128e+09	6.089277e+09	5.328328e+09	4.567296e+09	3.806190e+09	3.045025e+09	2.283811e+09	1.522561e+09	7.612864e+08	-1.983643e-04	-7.612864e+08	-1.522561e+09	-2.283811e+09	-3.045025e+09	-3.806190e+09	-4.567296e+09	-5.328328e+09	-6.089277e+09	-6.850128e+09	-7.610871e+09	
7.513308e+09	6.762386e+09	6.011335e+09	5.260170e+09	4.508903e+09	3.757551e+09	3.006127e+09	2.254646e+09	1.503121e+09	7.515677e+08	-1.220703e-04	-7.515677e+08	-1.503121e+09	-2.254646e+09	-3.006127e+09	-3.757551e+09	-4.508903e+09	-5.260170e+09	-6.011335e+09	-6.762386e+09	-7.513308e+09	
7.374548e+09	6.637565e+09	5.900433e+09	5.163168e+09	4.425788e+09	3.688309e+09	2.950746e+09	2.213118e+09	1.475439e+09	7.377279e+08	-4.577637e-05	-7.377279e+08	-1.475439e+09	-2.213118e+09	-2.950746e+09	-3.688309e+09	-4.425788e+09	-5.163168e+09	-5.900433e+09	-6.637565e+09	-7.374548e+09	
7.196369e+09	6.477264e+09	5.757990e+09	5.038568e+09	4.319015e+09	3.599350e+09	2.879592e+09	2.159760e+09	1.439871e+09	7.199448e+08	-1.068115e-04	-7.199448e+08	-1.439871e+09	-2.159760e+09	-2.879592e+09	-3.599350e+09	-4.319015e+09	-5.038568e+09	-5.757990e+09	-6.477264e+09	-7.196369e+09	
6.980677e+09	6.283197e+09	5.585532e+09	4.887702e+09	4.189727e+09	3.491629e+09	2.793427e+09	2.095143e+09	1.396796e+09	6.984084e+08	-1.373291e-04	-6.984084e+08	-1.396796e+09	-2.095143e+09	-2.793427e+09	-3.491629e+09	-4.189727e+09	-4.887702e+09	-5.585532e+09	-6.283197e+09	-6.980677e+09	
6.729492e+09	6.057184e+09	5.384674e+09	4.711984e+09	4.039136e+09	3.366153e+09	2.693058e+09	2.019872e+09	1.346619e+09	6.733208e+08	-1.525879e-04	-6.733208e+08	-1.346619e+09	-2.019872e+09	-2.693058e+09	-3.366153e+09	-4.039136e+09	-4.711984e+09	-5.384674e+09	-6.057184e+09	-6.729492e+09	
6.444945e+09	5.801141e+09	5.157120e+09	4.512904e+09	3.868519e+09	3.223989e+09	2.579337e+09	1.934587e+09	1.289765e+09	6.448949e+08	-9.155273e-05	-6.448949e+08	-1.289765e+09	-1.934587e+09	-2.579337e+09	-3.223989e+09	-3.868519e+09	-4.512904e+09	-5.157120e+09	-5.801141e+09	-6.444945e+09	
6.129265e+09	5.517074e+09	4.904652e+09	4.292023e+09	3.679213e+09	3.066248e+09	2.453154e+09	1.839956e+09	1.226680e+09	6.133532e+08	-1.296997e-04	-6.133532e+08	-1.226680e+09	-1.839956e+09	-2.453154e+09	-3.066248e+09	-3.679213e+09	-4.292023e+09	-4.904652e+09	-5.517074e+09	-6.129265e+09	
5.784767e+09	5.207067e+09	4.629122e+09	4.050960e+09	3.472606e+09	2.894089e+09	2.315435e+09	1.736672e+09	1.157827e+09	5.789272e+08	-2.136230e-04	-5.789272e+08	-1.157827e+09	-1.736672e+09	-2.315435e+09	-2.894089e+09	-3.472606e+09	-4.050960e+09	-4.629122e+09	-5.207067e+09	-5.784767e+09	
5.413845e+09	4.873274e+09	4.332446e+09	3.791391e+09	3.250135e+09	2.708708e+09	2.167138e+09	1.625454e+09	1.083684e+09	5.418561e+08	-1.373291e-04	-5.418561e+08	-1.083684e+09	-1.625454e+09	-2.167138e+09	-2.708708e+09	-3.250135e+09	-3.791391e+09	-4.332446e+09	-4.873274e+09	-5.413845e+09	
5.018961e+09	4.517910e+09	4.016592e+09	3.515037e+09	3.013275e+09	2.511335e+09	2.009246e+09	1.507039e+09	1.004742e+09	5.023859e+08	-1.850128e-04	-5.023859e+08	-1.004742e+09	-1.507039e+09	-2.009246e+09	-2.511335e+09	-3.013275e+09	-3.515037e+09	-4.016592e+09	-4.517910e+09	-5.018961e+09	
4.602632e+09	4.143239e+09	3.683573e+09	3.223661e+09	2.763536e+09	2.303228e+09	1.842766e+09	1.382182e+09	9.215057e+08	4.607682e+08	-1.678467e-04	-4.607682e+08	-9.215057e+08	-1.382182e+09	-1.842766e+09	-2.303228e+09	-2.763536e+09	-3.223661e+09	-3.683573e+09	-4.143239e+09	-4.602632e+09	
4.167420e+09	3.751569e+09	3.335438e+09	2.919056e+09	2.502456e+09	2.085668e+09	1.668722e+09	1.251652e+09	8.344868e+08	4.172591e+08	-2.212524e-04	-4.172591e+08	-8.344868e+08	-1.251652e+09	-1.668722e+09	-2.085668e+09	-2.502456e+09	-2.919056e+09	-3.335438e+09	-3.751569e+09	-4.167420e+09	
3.715922e+09	3.345236e+09	2.974265e+09	2.603040e+09	2.231592e+09	1.859952e+09	1.488153e+09	1.116227e+09	7.442044e+08	3.721182e+08	-1.449585e-04	-3.721182e+08	-7.442044e+08	-1.116227e+09	-1.488153e+09	-1.859952e+09	-2.231592e+09	-2.603040e+09	-2.974265e+09	-3.345236e+09	-3.715922e+09	
3.250759e+09	2.926599e+09	2.602151e+09	2.277446e+09	1.952515e+09	1.627392e+09	1.302107e+09	9.766931e+08	6.511826e+08	3.256074e+08	-2.441406e-04	-3.256074e+08	-6.511826e+08	-9.766931e+08	-1.302107e+09	-1.627392e+09	-1.952515e+09	-2.277446e+09	-2.602151e+09	-2.926599e+09	-3.250759e+09	
2.774563e+09	2.498027e+09	2.221201e+09	1.944116e+09	1.666806e+09	1.389302e+09	1.111636e+09	8.338404e+08	5.559476e+08	2.779900e+08	-1.831055e-04	-2.779900e+08	-5.559476e+08	-8.338404e+08	-1.111636e+09	-1.389302e+09	-1.666806e+09	-1.944116e+09	-2.221201e+09	-2.498027e+09	-2.774563e+09	
2.289969e+09	2.061890e+09	1.833521e+09	1.604896e+09	1.376044e+09	1.147000e+09	9.177937e+08	6.884585e+08	4.590262e+08	2.295293e+08	-1.907349e-04	-2.295293e+08	-4.590262e+08	-6.884585e+08	-9.177937e+08	-1.147000e+09	-1.376044e+09	-1.604896e+09	-1.833521e+09	-2.061890e+09	-2.289969e+09	
1.799600e+09	1.620550e+09	1.441212e+09	1.261620e+09	1.081805e+09	9.017973e+08	7.216300e+08	5.413347e+08	3.609432e+08	1.804876e+08	-2.822876e-04	-1.804876e+08	-3.609432e+08	-5.413347e+08	-7.216300e+08	-9.017973e+08	-1.081805e+09	-1.261620e+09	-1.441212e+09	-1.620550e+09	-1.799600e+09	
1.306062e+09	1.176350e+09	1.046357e+09	9.161131e+08	7.856491e+08	6.549964e+08	5.241863e+08	3.932502e+08	2.622194e+08	1.311255e+08	-2.746582e-04	-1.311255e+08	-2.622194e+08	-3.932502e+08	-5.241863e+08	-6.549964e+08	-7.856491e+08	-9.161131e+08	-1.046357e+09	-1.176350e+09	-1.306062e+09	
8.119259e+08	7.316077e+08	6.510141e+08	5.701754e+08	4.891218e+08	4.078837e+08	3.264919e+08	2.449768e+08	1.633693e+08	8.170005e+07	-1.754761e-04	-8.170005e+07	-1.633693e+08	-2.449768e+08	-3.264919e+08	-4.078837e+08	-4.891218e+08	-5.701754e+08	-6.510141e+08	-7.316077e+08	-8.119259e+08	
3.197250e+08	2.886003e+08	2.572087e+08	2.255794e+08	1.937417e+08	1.617251e+08	1.295594e+08	9.727419e+07	6.489930e+07	3.246461e+07	-2.212524e-04	-3.246461e+07	-6.489930e+07	-9.727419e+07	-1.295594e+08	-1.617251e+08	-1.937417e+08	-2.255794e+08	-2.572087e+08	-2.886003e+08	-3.197250e+08	
-1.680609e+08	-1.504394e+08	-1.330747e+08	-1.159386e+08	-9.900282e+07	-8.223907e+07	-6.561882e+07	-4.911347e+07	-3.269437e+07	-1.633280e+07	-2.059937e-04	1.633280e+07	3.269437e+07	4.911347e+07	6.561882e+07	8.223907e+07	9.900282e+07	1.159386e+08	1.330747e+08	1.504394e+08	1.680609e+08	
-6.490125e+08	-5.833343e+08	-5.179007e+08	-4.526849e+08	-3.876601e+08	-3.227992e+08	-2.580750e+08	-1.934603e+08	-1.289279e+08	-6.445022e+07	-3.662109e-04	6.445022e+07	1.289279e+08	1.934603e+08	2.580750e+08	3.227992e+08	3.876601e+08	4.526849e+08	5.179007e+08	5.833343e+08	6.490125e+08	
-1.120782e+09	-1.007971e+09	-8.953904e+08	-7.830156e+08	-6.708209e+08	-5.587807e+08	-4.468696e+08	-3.350617e+08	-2.233314e+08	-1.116527e+08	-2.593994e-04	1.116527e+08	2.233314e+08	3.350617e+08	4.468696e+08	5.587807e+08	6.708209e+08	7.830156e+08	8.953904e+08	1.007971e+09	1.120782e+09	
-1.581100e+09	-1.422307e+09	-1.263729e+09	-1.105342e+09	-9.471238e+08	-7.890492e+08	-6.310948e+08	-4.732368e+08	-3.154510e+08	-1.577134e+08	-2.212524e-04	1.577134e+08	3.154510e+08	4.732368e+08	6.310948e+08	7.890492e+08	9.471238e+08	1.105342e+09	1.263729e+09	1.422307e+09	1.581100e+09	
-2.027788e+09	-1.824381e+09	-1.621172e+09	-1.418139e+09	-1.215261e+09	-1.012514e+09	-8.098786e+08	-6.073314e+08	-4.048507e+08	-2.024143e+08	-1.678467e-04	2.024143e+08	4.048507e+08	6.073314e+08	8.098786e+08	1.012514e+09	1.215261e+09	1.418139e+09	1.621172e+09	1.824381e+09	2.027788e+09	
-2.458762e+09	-2.212318e+09	-1.966053e+09	-1.719947e+09	-1.473981e+09	-1.228134e+09	-9.823872e+08	-7.367203e+08	-4.911135e+08	-2.455467e+08	-1.525879e-04	2.455467e+08	4.911135e+08	7.367203e+08	9.823872e+08	1.228134e+09	1.473981e+09	1.719947e+09	1.966053e+09	2.212318e+09	2.458762e+09	
-2.872044e+09	-2.584338e+09	-2.296789e+09	-2.009382e+09	-1.722097e+09	-1.434919e+09	-1.147829e+09	-8.608097e+08	-5.738436e+08	-2.869129e+08	-2.441406e-04	2.869129e+08	5.738436e+08	8.608097e+08	1.147829e+09	1.434919e+09	1.722097e+09	2.009382e+09	2.296789e+09	2.584338e+09	2.872044e+09	
-3.265768e+09	-2.938760e+09	-2.611887e+09	-2.285135e+09	-1.958490e+09	-1.631935e+09	-1.305457e+09	-9.790392e+08	-6.526674e+08	-3.263261e+08	-1.525879e-04	3.263261e+08	6.526674e+08	9.790392e+08	1.305457e+09	1.631935e+09	1.958490e+09	2.285135e+09	2.611887e+09	2.938760e+09	3.265768e+09	
-3.638187e+09	-3.274011e+09	-2.909948e+09	-2.545984e+09	-2.182109e+09	-1.818309e+09	-1.454571e+09	-1.090884e+09	-7.272351e+08	-3.636112e+08	-2.517700e-04	3.636112e+08	7.272351e+08	1.090884e+09	1.454571e+09	1.818309e+09	2.182109e+09	2.545984e+09	2.909948e+09	3.274011e+09	3.638187e+09	
-3.987678e+09	-3.588632e+09	-3.189673e+09	-2.790793e+09	-2.391980e+09	-1.993227e+09	-1.594523e+09	-1.195857e+09	-7.972219e+08	-3.986060e+08	-2.212524e-04	3.986060e+08	7.972219e+08	1.195857e+09	1.594523e+09	1.993227e+09	2.391980e+09	2.790793e+09	3.189673e+09	3.588632e+09	3.987678e+09	
-4.312750e+09	-3.881279e+09	-3.449870e+09	-3.018515e+09	-2.587209e+09	-2.155944e+09	-1.724714e+09	-1.293511e+09	-8.623291e+08	-4.311611e+08	-1.602173e-04	4.311611e+08	8.623291e+08	1.293511e+09	1.724714e+09	2.155944e+09	2.587209e+09	3.018515e+09	3.449870e+09	3.881279e+09	4.312750e+09	
-4.612047e+09	-4.150732e+09	-3.689452e+09	-3.228202e+09	-2.766980e+09	-2.305781e+09	-1.844601e+09	-1.383437e+09	-9.222849e+08	-4.611405e+08	-1.983643e-04	4.611405e+08	9.222849e+08	1.383437e+09	1.844601e+09	2.305781e+09	2.766980e+09	3.228202e+09	3.689452e+09	4.150732e+09	4.612047e+09	
-4.884353e+09	-4.395897e+09	-3.907446e+09	-3.419002e+09	-2.930563e+09	-2.442129e+09	-1.953698e+09	-1.465271e+09	-9.768460e+08	-4.884226e+08	-2.746582e-04	4.884226e+08	9.768460e+08	1.465271e+09	1.953698e+09	2.442129e+09	2.930563e+09	3.419002e+09	3.907446e+09	4.395897e+09	4.884353e+09	
-5.128597e+09	-4.615807e+09	-4.102995e+09	-3.590164e+09	-3.077315e+09	-2.564451e+09	-2.051576e+09	-1.538690e+09	-1.025798e+09	-5.129000e+08	-1.754761e-04	5.129000e+08	1.025798e+09	1.538690e+09	2.051576e+09	2.564451e+09	3.077315e+09	3.590164e+09	4.102995e+09	4.615807e+09	5.128597e+09	
-5.343855e+09	-4.809633e+09	-4.275359e+09	-3.741039e+09	-3.206679e+09	-2.672285e+09	-2.137862e+09	-1.603417e+09	-1.068954e+09	-5.344799e+08	-2.212524e-04	5.344799e+08	1.068954e+09	1.603417e+09	2.137862e+09	2.672285e+09	3.206679e+09	3.741039e+09	4.275359e+09	4.809633e+09	5.343855e+09	
-5.529352e+09	-4.976675e+09	-4.423916e+09	-3.871085e+09	-3.318191e+09	-2.765242e+09	-2.212248e+09	-1.659218e+09	-1.106160e+09	-5.530847e+08	-2.059937e-04	5.530847e+08	1.106160e+09	1.659218e+09	2.212248e+09	2.765242e+09	3.318191e+09	3.871085e+09	4.423916e+09	4.976675e+09	5.529352e+09	
-5.684465e+09	-5.116373e+09	-4.548169e+09	-3.979865e+09	-3.411475e+09	-2.843010e+09	-2.274483e+09	-1.705906e+09	-1.137291e+09	-5.686519e+08	-2.593994e-04	5.686519e+08	1.137291e+09	1.705906e+09	2.274483e+09	2.843010e+09	3.411475e+09	3.979865e+09	4.548169e+09	5.116373e+09	5.684465e+09	
-5.808725e+09	-5.228304e+09	-4.647740e+09	-4.067050e+09	-3.486249e+09	-2.905353e+09	-2.324378e+09	-1.743339e+09	-1.162252e+09	-5.811341e+08	-2.288818e-04	5.811341e+08	1.162252e+09	1.743339e+09	2.324378e+09	2.905353e+09	3.486249e+09	4.067050e+09	4.647740e+09	5.228304e+09	5.808725e+09	
-5.901816e+09	-5.312183e+09	-4.722376e+09	-4.132416e+09	-3.542322e+09	-2.952112e+09	-2.361805e+09	-1.771421e+09	-1.180980e+09	-5.904996e+08	-1.449585e-04	5.904996e+08	1.180980e+09	1.771421e+09	2.361805e+09	2.952112e+09	3.542322e+09	4.132416e+09	4.722376e+09	5.312183e+09	5.901816e+09	
-5.963575e+09	-5.367862e+09	-4.771946e+09	-4.175850e+09	-3.579594e+09	-2.983203e+09	-2.386699e+09	-1.790104e+09	-1.193440e+09	-5.967316e+08	-2.288818e-04	5.967316e+08	1.193440e+09	1.790104e+09	2.386699e+09	2.983203e+09	3.579594e+09	4.175850e+09	4.771946e+09	5.367862e+09	5.963575e+09	
-5.993993e+09	-5.395333e+09	-4.796441e+09	-4.197342e+09	-3.598060e+09	-2.998623e+09	-2.399055e+09	-1.799382e+09	-1.199632e+09	-5.998290e+08	-2.670288e-04	5.998290e+08	1.199632e+09	1.799382e+09	2.399055e+09	2.998623e+09	3.598060e+09	4.197342e+09	4.796441e+09	5.395333e+09	5.993993e+09	
-5.993209e+09	-5.394723e+09	-4.795974e+09	-4.196991e+09	-3.597803e+09	-2.998439e+09	-2.398928e+09	-1.799299e+09	-1.199582e+09	-5.998055e+08	-2.288818e-04	5.998055e+08	1.199582e+09	1.799299e+09	2.398928e+09	2.998439e+09	3.597803e+09	4.196991e+09	4.795974e+09	5.394723e+09	5.993209e+09	
-5.961516e+09	-5.366291e+09	-4.770775e+09	-4.174999e+09	-3.578995e+09	-2.982796e+09	-2.386433e+09	-1.789939e+09	-1.193347e+09	-5.966900e+08	-2.746582e-04	5.966900e+08	1.193347e+09	1.789939e+09	2.386433e+09	2.982796e+09	3.578995e+09	4.174999e+09	4.770775e+09	5.366291e+09	5.961516e+09	
-5.899349e+09	-5.310432e+09	-4.721194e+09	-4.131672e+09	-3.541899e+09	-2.951911e+09	-2.361744e+09	-1.771434e+09	-1.181016e+09	-5.905259e+08	-2.708435e-04	5.905259e+08	1.181016e+09	1.771434e+09	2.361744e+09	2.951911e+09	3.541899e+09	4.131672e+09	4.721194e+09	5.310432e+09	5.899349e+09	
-5.807291e+09	-5.227667e+09	-4.647695e+09	-4.067414e+09	-3.486861e+09	-2.906074e+09	-2.325093e+09	-1.743957e+09	-1.162703e+09	-5.813709e+08	-1.945496e-04	5.813709e+08	1.162703e+09	1.743957e+09	2.325093e+09	2.906074e+09	3.486861e+09	4.067414e+09	4.647695e+09	5.227667e+09	5.807291e+09	
-5.686061e+09	-5.118644e+09	-4.550853e+09	-3.982728e+09	-3.414312e+09	-2.845644e+09	-2.276767e+09	-1.707722e+09	-1.138552e+09	-5.692968e+08	-1.411438e-04	5.692968e+08	1.138552e+09	1.707722e+09	2.276767e+09	2.845644e+09	3.414312e+09	3.982728e+09	4.550853e+09	5.118644e+09	5.686061e+09	
-5.536514e+09	-4.984132e+09	-4.431350e+09	-3.878213e+09	-3.324764e+09	-2.771047e+09	-2.217107e+09	-1.662987e+09	-1.108733e+09	-5.543888e+08	-2.136230e-04	5.543888e+08	1.108733e+09	1.662987e+09	2.217107e+09	2.771047e+09	3.324764e+09	3.878213e+09	4.431350e+09	4.984132e+09	5.536514e+09	
-5.359634e+09	-4.825016e+09	-4.289975e+09	-3.754557e+09	-3.218808e+09	-2.682775e+09	-2.146505e+09	-1.610045e+09	-1.073443e+09	-5.367451e+08	-2.174377e-04	5.367451e+08	1.073443e+09	1.610045e+09	2.146505e+09	2.682775e+09	3.218808e+09	3.754557e+09	4.289975e+09	4.825016e+09	5.359634e+09	
-5.156533e+09	-4.642296e+09	-4.127614e+09	-3.612535e+09	-3.097107e+09	-2.581381e+09	-2.065405e+09	-1.549229e+09	-1.032903e+09	-5.164764e+08	-3.051758e-04	5.164764e+08	1.032903e+09	1.549229e+09	2.065405e+09	2.581381e+09	3.097107e+09	3.612535e+09	4.127614e+09	4.642296e+09	5.156533e+09	
-4.928437e+09	-4.437076e+09	-3.945249e+09	-3.453006e+09	-2.960399e+09	-2.467478e+09	-1.974297e+09	-1.480906e+09	-9.873581e+08	-4.937053e+08	-1.296997e-04	4.937053e+08	9.873581e+08	1.480906e+09	1.974297e+09	2.467478e+09	2.960399e+09	3.453006e+09	3.945249e+09	4.437076e+09	4.928437e+09	
-4.676687e+09	-4.210561e+09	-3.743950e+09	-3.276907e+09	-2.809485e+09	-2.341736e+09	-1.873716e+09	-1.405478e+09	-9.370763e+08	-4.685654e+08	-1.983643e-04	4.685654e+08	9.370763e+08	1.405478e+09	1.873716e+09	2.341736e+09	2.809485e+09	3.276907e+09	3.743950e+09	4.210561e+09	4.676687e+09	
-4.402726e+09	-3.964051e+09	-3.524874e+09	-3.085249e+09	-2.645231e+09	-2.204876e+09	-1.764240e+09	-1.323377e+09	-8.823457e+08	-4.412011e+08	-1.831055e-04	4.412011e+08	8.823457e+08	1.323377e+09	1.764240e+09	2.204876e+09	2.645231e+09	3.085249e+09	3.524874e+09	3.964051e+09	4.402726e+09	
-4.108097e+09	-3.698933e+09	-3.289252e+09	-2.879110e+09	-2.468562e+09	-2.057668e+09	-1.646483e+09	-1.235066e+09	-8.234744e+08	-4.117663e+08	-1.716614e-04	4.117663e+08	8.234744e+08	1.235066e+09	1.646483e+09	2.057668e+09	2.468562e+09	2.879110e+09	3.289252e+09	3.698933e+09	4.108097e+09	
-3.794432e+09	-3.416676e+09	-3.038390e+09	-2.659631e+09	-2.280457e+09	-1.900927e+09	-1.521099e+09	-1.141033e+09	-7.607883e+08	-3.804240e+08	-1.869202e-04	3.804240e+08	7.607883e+08	1.141033e+09	1.521099e+09	1.900927e+09	2.280457e+09	2.659631e+09	3.038390e+09	3.416676e+09	3.794432e+09	
-3.463444e+09	-3.118821e+09	-2.773657e+09	-2.428011e+09	-2.081942e+09	-1.735509e+09	-1.388772e+09	-1.041792e+09	-6.946297e+08	-3.473454e+08	-1.258850e-04	3.473454e+08	6.946297e+08	1.041792e+09	1.388772e+09	1.735509e+09	2.081942e+09	2.428011e+09	2.773657e+09	3.118821e+09	3.463444e+09	
-3.116918e+09	-2.806975e+09	-2.496483e+09	-2.185500e+09	-1.874088e+09	-1.562306e+09	-1.250216e+09	-9.378785e+08	-6.253556e+08	-3.127088e+08	-1.525879e-04	3.127088e+08	6.253556e+08	9.378785e+08	1.250216e+09	1.562306e+09	1.874088e+09	2.185500e+09	2.496483e+09	2.806975e+09	3.116918e+09	
-2.756705e+09	-2.482804e+09	-2.208346e+09	-1.933393e+09	-1.658005e+09	-1.382244e+09	-1.106170e+09	-8.298468e+08	-5.533356e+08	-2.766991e+08	-1.144409e-04	2.766991e+08	5.533356e+08	8.298468e+08	1.106170e+09	1.382244e+09	1.658005e+09	1.933393e+09	2.208346e+09	2.482804e+09	2.756705e+09	
-2.384712e+09	-2.148021e+09	-1.910772e+09	-1.673023e+09	-1.434837e+09	-1.196274e+09	-9.573970e+08	-7.182684e+08	-4.789507e+08	-2.395069e+08	-1.869202e-04	2.395069e+08	4.789507e+08	7.182684e+08	9.573970e+08	1.196274e+09	1.434837e+09	1.673023e+09	1.910772e+09	2.148021e+09	2.384712e+09	
-2.002889e+09	-1.804385e+09	-1.605321e+09	-1.405756e+09	-1.205753e+09	-1.005372e+09	-8.046766e+08	-6.037287e+08	-4.025912e+08	-2.013272e+08	-1.583099e-04	2.013272e+08	4.025912e+08	6.037287e+08	8.046766e+08	1.005372e+09	1.205753e+09	1.405756e+09	1.605321e+09	1.804385e+09	2.002889e+09	
