-4.445035e-16	-4.475990e-16	-4.503558e-16	-4.529078e-16	-4.553666e-16	-4.578285e-16	-4.603807e-16	-4.631036e-16	-4.660739e-16	-4.693651e-16	-4.730473e-16	-4.771861e-16	-4.818381e-16	-4.870430e-16	-4.928094e-16	-4.990874e-16	-5.057215e-16	
-4.364215e-03	-4.244133e-03	-3.944098e-03	-3.496930e-03	-2.932033e-03	-2.276075e-03	-1.553612e-03	-7.876525e-04	-1.962595e-07	7.872563e-04	1.553205e-03	2.275650e-03	2.931580e-03	3.496442e-03	3.943565e-03	4.243544e-03	4.363559e-03	
-8.733964e-03	-8.493410e-03	-7.892822e-03	-6.997865e-03	-5.867365e-03	-4.554680e-03	-3.108936e-03	-1.576169e-03	-3.925920e-07	1.575376e-03	3.108122e-03	4.553828e-03	5.866460e-03	6.996889e-03	7.891756e-03	8.492232e-03	8.732652e-03	
-1.311480e-02	-1.275299e-02	-1.185082e-02	-1.050682e-02	-8.809309e-03	-6.838353e-03	-4.667690e-03	-2.366415e-03	-5.890705e-07	2.365226e-03	4.666468e-03	6.837075e-03	8.807950e-03	1.050536e-02	1.184922e-02	1.275123e-02	1.311283e-02	
-1.751231e-02	-1.702808e-02	-1.582276e-02	-1.402785e-02	-1.176120e-02	-9.129649e-03	-6.231604e-03	-3.159265e-03	-7.857680e-07	3.157679e-03	6.229974e-03	9.127944e-03	1.175938e-02	1.402590e-02	1.582062e-02	1.702572e-02	1.750969e-02	
-2.193215e-02	-2.132393e-02	-1.981337e-02	-1.756505e-02	-1.472640e-02	-1.143115e-02	-7.802426e-03	-3.955600e-03	-9.827576e-07	3.953616e-03	7.800387e-03	1.142902e-02	1.472413e-02	1.756260e-02	1.981070e-02	2.132098e-02	2.192887e-02	
-2.638005e-02	-2.564585e-02	-2.382743e-02	-2.112254e-02	-1.770833e-02	-1.374548e-02	-9.381929e-03	-4.756313e-03	-1.180113e-06	4.753931e-03	9.379480e-03	1.374292e-02	1.770561e-02	2.111961e-02	2.382423e-02	2.564231e-02	2.637611e-02	
-3.086184e-02	-2.999928e-02	-2.786984e-02	-2.470457e-02	-2.071047e-02	-1.607530e-02	-1.097191e-02	-5.562316e-03	-1.377906e-06	5.559534e-03	1.096906e-02	1.607231e-02	2.070729e-02	2.470114e-02	2.786609e-02	2.999515e-02	3.085723e-02	
-3.538346e-02	-3.438974e-02	-3.194555e-02	-2.831542e-02	-2.373636e-02	-1.842332e-02	-1.257422e-02	-6.374535e-03	-1.576211e-06	6.371354e-03	1.257095e-02	1.841990e-02	2.373272e-02	2.831150e-02	3.194126e-02	3.438501e-02	3.537819e-02	
-3.995101e-02	-3.882290e-02	-3.605966e-02	-3.195951e-02	-2.678963e-02	-2.079234e-02	-1.419074e-02	-7.193923e-03	-1.775102e-06	7.190340e-03	1.418706e-02	2.078849e-02	2.678554e-02	3.195510e-02	3.605484e-02	3.881757e-02	3.994508e-02	
-4.457076e-02	-4.330457e-02	-4.021741e-02	-3.564138e-02	-2.987403e-02	-2.318521e-02	-1.582341e-02	-8.021456e-03	-1.974651e-06	8.017470e-03	1.581931e-02	2.318093e-02	2.986947e-02	3.563647e-02	4.021204e-02	4.329865e-02	4.456416e-02	
-4.924915e-02	-4.784076e-02	-4.442419e-02	-3.936569e-02	-3.299339e-02	-2.560489e-02	-1.747422e-02	-8.858142e-03	-2.174933e-06	8.853752e-03	1.746970e-02	2.560017e-02	3.298837e-02	3.936028e-02	4.441828e-02	4.783424e-02	4.924188e-02	
-5.399286e-02	-5.243768e-02	-4.868559e-02	-4.313728e-02	-3.615170e-02	-2.805442e-02	-1.914523e-02	-9.705022e-03	-2.376020e-06	9.700226e-03	1.914030e-02	2.804927e-02	3.614622e-02	4.313137e-02	4.867914e-02	5.243055e-02	5.398492e-02	
-5.880883e-02	-5.710175e-02	-5.300739e-02	-4.696115e-02	-3.935308e-02	-3.053698e-02	-2.083859e-02	-1.056318e-02	-2.577986e-06	1.055797e-02	2.083325e-02	3.053138e-02	3.934713e-02	4.695474e-02	5.300039e-02	5.709402e-02	5.880021e-02	
-6.370424e-02	-6.183968e-02	-5.739562e-02	-5.084252e-02	-4.260183e-02	-3.305584e-02	-2.255653e-02	-1.143373e-02	-2.780905e-06	1.142812e-02	2.255076e-02	3.304981e-02	4.259541e-02	5.083560e-02	5.738807e-02	6.183134e-02	6.369495e-02	
-6.868663e-02	-6.665846e-02	-6.185657e-02	-5.478682e-02	-4.590243e-02	-3.561446e-02	-2.430138e-02	-1.231785e-02	-2.984849e-06	1.231183e-02	2.429518e-02	3.560798e-02	4.589555e-02	5.477940e-02	6.184846e-02	6.664951e-02	6.867665e-02	
-7.376386e-02	-7.156540e-02	-6.639680e-02	-5.879976e-02	-4.925957e-02	-3.821641e-02	-2.607555e-02	-1.321678e-02	-3.189891e-06	1.321034e-02	2.606894e-02	3.820949e-02	4.925221e-02	5.879182e-02	6.638813e-02	7.155583e-02	7.375320e-02	
-7.894419e-02	-7.656817e-02	-7.102323e-02	-6.288730e-02	-5.267818e-02	-4.086548e-02	-2.788162e-02	-1.413179e-02	-3.396102e-06	1.412493e-02	2.787457e-02	4.085811e-02	5.267034e-02	6.287886e-02	7.101400e-02	7.655798e-02	7.893284e-02	
-8.423632e-02	-8.167486e-02	-7.574312e-02	-6.705574e-02	-5.616343e-02	-4.356564e-02	-2.972226e-02	-1.506424e-02	-3.603555e-06	1.505697e-02	2.971479e-02	4.355782e-02	5.615512e-02	6.704678e-02	7.573333e-02	8.166406e-02	8.422428e-02	
-8.964943e-02	-8.689401e-02	-8.056414e-02	-7.131172e-02	-5.972079e-02	-4.632108e-02	-3.160032e-02	-1.601557e-02	-3.812320e-06	1.600787e-02	3.159241e-02	4.631281e-02	5.971200e-02	7.130224e-02	8.055378e-02	8.688257e-02	8.963668e-02	
-9.519323e-02	-9.223463e-02	-8.549442e-02	-7.566227e-02	-6.335606e-02	-4.913624e-02	-3.351880e-02	-1.698729e-02	-4.022465e-06	1.697917e-02	3.351045e-02	4.912751e-02	6.334678e-02	7.565226e-02	8.548349e-02	9.222256e-02	9.517978e-02	
-1.008780e-01	-9.770632e-02	-9.054256e-02	-8.011483e-02	-6.707538e-02	-5.201582e-02	-3.548088e-02	-1.798100e-02	-4.234057e-06	1.797246e-02	3.547210e-02	5.200663e-02	6.706561e-02	8.010430e-02	9.053106e-02	9.769361e-02	1.008639e-01	
-1.067148e-01	-1.033193e-01	-9.571775e-02	-8.467735e-02	-7.088528e-02	-5.496485e-02	-3.748996e-02	-1.899843e-02	-4.447162e-06	1.898945e-02	3.748073e-02	5.495519e-02	7.087502e-02	8.466629e-02	9.570567e-02	1.033059e-01	1.066999e-01	
-1.127153e-01	-1.090843e-01	-1.010298e-01	-8.935830e-02	-7.479274e-02	-5.798865e-02	-3.954965e-02	-2.004139e-02	-4.661842e-06	2.003198e-02	3.953998e-02	5.797853e-02	7.478198e-02	8.934671e-02	1.010171e-01	1.090704e-01	1.126997e-01	
-1.188920e-01	-1.150132e-01	-1.064891e-01	-9.416674e-02	-7.880522e-02	-6.109296e-02	-4.166383e-02	-2.111183e-02	-4.878155e-06	2.110198e-02	4.165371e-02	6.108238e-02	7.879397e-02	9.415461e-02	1.064758e-01	1.149986e-01	1.188756e-01	
-1.252583e-01	-1.211184e-01	-1.121069e-01	-9.911238e-02	-8.293073e-02	-6.428392e-02	-4.383665e-02	-2.221186e-02	-5.096158e-06	2.220157e-02	4.382608e-02	6.427286e-02	8.291898e-02	9.909971e-02	1.120931e-01	1.211031e-01	1.252412e-01	
-1.318287e-01	-1.274132e-01	-1.178953e-01	-1.042057e-01	-8.717789e-02	-6.756811e-02	-4.607258e-02	-2.334372e-02	-5.315898e-06	2.333299e-02	4.606155e-02	6.755658e-02	8.716562e-02	1.041925e-01	1.178809e-01	1.273973e-01	1.318109e-01	
-1.386189e-01	-1.339122e-01	-1.238674e-01	-1.094579e-01	-9.155597e-02	-7.095267e-02	-4.837643e-02	-2.450985e-02	-5.537420e-06	2.449867e-02	4.836494e-02	7.094065e-02	9.154319e-02	1.094441e-01	1.238524e-01	1.338956e-01	1.386004e-01	
-1.456456e-01	-1.406312e-01	-1.300372e-01	-1.148813e-01	-9.607502e-02	-7.444528e-02	-5.075342e-02	-2.571286e-02	-5.760759e-06	2.570124e-02	5.074146e-02	7.443278e-02	9.606173e-02	1.148670e-01	1.300216e-01	1.406139e-01	1.456263e-01	
-1.529271e-01	-1.475869e-01	-1.364200e-01	-1.204890e-01	-1.007459e-01	-7.805430e-02	-5.320919e-02	-2.695563e-02	-5.985942e-06	2.694354e-02	5.319677e-02	7.804131e-02	1.007321e-01	1.204741e-01	1.364037e-01	1.475690e-01	1.529071e-01	
-1.604834e-01	-1.547980e-01	-1.430324e-01	-1.262954e-01	-1.055805e-01	-8.178881e-02	-5.574988e-02	-2.824123e-02	-6.212984e-06	2.822869e-02	5.573699e-02	8.177532e-02	1.055662e-01	1.262800e-01	1.430155e-01	1.547794e-01	1.604627e-01	
-1.683362e-01	-1.622846e-01	-1.498926e-01	-1.323163e-01	-1.105918e-01	-8.565870e-02	-5.838221e-02	-2.957306e-02	-6.441886e-06	2.956006e-02	5.836884e-02	8.564472e-02	1.105769e-01	1.323003e-01	1.498750e-01	1.622653e-01	1.683146e-01	
-1.765091e-01	-1.700688e-01	-1.570203e-01	-1.385687e-01	-1.157938e-01	-8.967481e-02	-6.111349e-02	-3.095481e-02	-6.672633e-06	3.094134e-02	6.109964e-02	8.966033e-02	1.157784e-01	1.385521e-01	1.570021e-01	1.700487e-01	1.764868e-01	
-1.850282e-01	-1.781746e-01	-1.644373e-01	-1.450715e-01	-1.212020e-01	-9.384902e-02	-6.395177e-02	-3.239053e-02	-6.905191e-06	3.237659e-02	6.393744e-02	9.383403e-02	1.211861e-01	1.450543e-01	1.644185e-01	1.781539e-01	1.850051e-01	
-1.939222e-01	-1.866289e-01	-1.721676e-01	-1.518454e-01	-1.268336e-01	-9.819441e-02	-6.690591e-02	-3.388470e-02	-7.139499e-06	3.387029e-02	6.689109e-02	9.817891e-02	1.268171e-01	1.518277e-01	1.721482e-01	1.866075e-01	1.938983e-01	
-2.032227e-01	-1.954609e-01	-1.802376e-01	-1.589133e-01	-1.327074e-01	-1.027254e-01	-6.998567e-02	-3.544224e-02	-7.375470e-06	3.542735e-02	6.997037e-02	1.027094e-01	1.326903e-01	1.588950e-01	1.802175e-01	1.954388e-01	2.031980e-01	
-2.129647e-01	-2.047033e-01	-1.886766e-01	-1.663006e-01	-1.388442e-01	-1.074581e-01	-7.320190e-02	-3.706861e-02	-7.612979e-06	3.705324e-02	7.318610e-02	1.074415e-01	1.388266e-01	1.662817e-01	1.886559e-01	2.046804e-01	2.129392e-01	
-2.231874e-01	-2.143923e-01	-1.975171e-01	-1.740354e-01	-1.452672e-01	-1.124101e-01	-7.656662e-02	-3.876990e-02	-7.851859e-06	3.875405e-02	7.655033e-02	1.123931e-01	1.452491e-01	1.740158e-01	1.974958e-01	2.143687e-01	2.231611e-01	
-2.339342e-01	-2.245683e-01	-2.067956e-01	-1.821492e-01	-1.520025e-01	-1.176015e-01	-8.009330e-02	-4.055288e-02	-8.091892e-06	4.053655e-02	8.007651e-02	1.175839e-01	1.519838e-01	1.821290e-01	2.067736e-01	2.245440e-01	2.339071e-01	
-2.452539e-01	-2.352768e-01	-2.165528e-01	-1.906772e-01	-1.590790e-01	-1.230544e-01	-8.379699e-02	-4.242515e-02	-8.332795e-06	4.240833e-02	8.377970e-02	1.230363e-01	1.590598e-01	1.906565e-01	2.165302e-01	2.352517e-01	2.452260e-01	
-2.572014e-01	-2.465685e-01	-2.268346e-01	-1.996592e-01	-1.665294e-01	-1.287940e-01	-8.769464e-02	-4.439527e-02	-8.574207e-06	4.437796e-02	8.767684e-02	1.287753e-01	1.665097e-01	1.996379e-01	2.268113e-01	2.465428e-01	2.571727e-01	
-2.698388e-01	-2.585013e-01	-2.376927e-01	-2.091400e-01	-1.743907e-01	-1.348484e-01	-9.180540e-02	-4.647289e-02	-8.815673e-06	4.645509e-02	9.178711e-02	1.348292e-01	1.743704e-01	2.091181e-01	2.376687e-01	2.584748e-01	2.698092e-01	
-2.832364e-01	-2.711406e-01	-2.491860e-01	-2.191705e-01	-1.827048e-01	-1.412499e-01	-9.615104e-02	-4.866898e-02	-9.056621e-06	4.865070e-02	9.613224e-02	1.412302e-01	1.826838e-01	2.191479e-01	2.491613e-01	2.711133e-01	2.832060e-01	
-2.974747e-01	-2.845609e-01	-2.613816e-01	-2.298087e-01	-1.915194e-01	-1.480350e-01	-1.007563e-01	-5.099606e-02	-9.296336e-06	5.097729e-02	1.007371e-01	1.480148e-01	1.914979e-01	2.297855e-01	2.613563e-01	2.845330e-01	2.974435e-01	
-3.126458e-01	-2.988481e-01	-2.743566e-01	-2.411213e-01	-2.008896e-01	-1.552460e-01	-1.056498e-01	-5.346849e-02	-9.533923e-06	5.344925e-02	1.056300e-01	1.552253e-01	2.008675e-01	2.410976e-01	2.743306e-01	2.988194e-01	3.126138e-01	
-3.288562e-01	-3.141008e-01	-2.881997e-01	-2.531853e-01	-2.108785e-01	-1.629312e-01	-1.108642e-01	-5.610284e-02	-9.768269e-06	5.608312e-02	1.108440e-01	1.629100e-01	2.108560e-01	2.531609e-01	2.881731e-01	3.140714e-01	3.288234e-01	
-3.462292e-01	-3.304338e-01	-3.030141e-01	-2.660897e-01	-2.215598e-01	-1.711471e-01	-1.164378e-01	-5.891832e-02	-9.997980e-06	5.889813e-02	1.164170e-01	1.711254e-01	2.215367e-01	2.660647e-01	3.029868e-01	3.304037e-01	3.461956e-01	
-3.649091e-01	-3.479811e-01	-3.189202e-01	-2.799388e-01	-2.330192e-01	-1.799594e-01	-1.224149e-01	-6.193739e-02	-1.022131e-05	6.191676e-02	1.223937e-01	1.799372e-01	2.329956e-01	2.799133e-01	3.188923e-01	3.479503e-01	3.648747e-01	
-3.850657e-01	-3.669003e-01	-3.360598e-01	-2.948553e-01	-2.453577e-01	-1.894455e-01	-1.288481e-01	-6.518650e-02	-1.043609e-05	6.516543e-02	1.288264e-01	1.894228e-01	2.453336e-01	2.948293e-01	3.360313e-01	3.668689e-01	3.850306e-01	
-4.069002e-01	-3.873786e-01	-3.546010e-01	-3.109847e-01	-2.586953e-01	-1.996973e-01	-1.357995e-01	-6.869697e-02	-1.063956e-05	6.867549e-02	1.357774e-01	1.996742e-01	2.586707e-01	3.109582e-01	3.545720e-01	3.873465e-01	4.068644e-01	
-4.306535e-01	-4.096395e-01	-3.747450e-01	-3.285010e-01	-2.731752e-01	-2.108246e-01	-1.433433e-01	-7.250631e-02	-1.082825e-05	7.248445e-02	1.433208e-01	2.108010e-01	2.731501e-01	3.284739e-01	3.747154e-01	4.096068e-01	4.306170e-01	
-4.566162e-01	-4.339531e-01	-3.967344e-01	-3.476141e-01	-2.889703e-01	-2.229600e-01	-1.515693e-01	-7.665977e-02	-1.099774e-05	7.663756e-02	1.515465e-01	2.229361e-01	2.889449e-01	3.475867e-01	3.967044e-01	4.339199e-01	4.565791e-01	
-4.851428e-01	-4.606488e-01	-4.208654e-01	-3.685804e-01	-3.062918e-01	-2.362652e-01	-1.605871e-01	-8.121255e-02	-1.114237e-05	8.119005e-02	1.605639e-01	2.362410e-01	3.062660e-01	3.685526e-01	4.208349e-01	4.606151e-01	4.851052e-01	
-5.166710e-01	-4.901330e-01	-4.475033e-01	-3.917160e-01	-3.253999e-01	-2.509398e-01	-1.705315e-01	-8.623276e-02	-1.125485e-05	8.621003e-02	1.705081e-01	2.509153e-01	3.253738e-01	3.916878e-01	4.474725e-01	4.900989e-01	5.166329e-01	
-5.517472e-01	-5.229135e-01	-4.771046e-01	-4.174157e-01	-3.466200e-01	-2.672331e-01	-1.815713e-01	-9.180550e-02	-1.132564e-05	9.178263e-02	1.815478e-01	2.672084e-01	3.465937e-01	4.173873e-01	4.770736e-01	5.228791e-01	5.517088e-01	
-5.910642e-01	-5.596338e-01	-5.102478e-01	-4.461802e-01	-3.703643e-01	-2.854610e-01	-1.939203e-01	-9.803862e-02	-1.134219e-05	9.801572e-02	1.938968e-01	2.854363e-01	3.703380e-01	4.461518e-01	5.102167e-01	5.595993e-01	5.910257e-01	
-6.355144e-01	-6.011229e-01	-5.476782e-01	-4.786543e-01	-3.971639e-01	-3.060305e-01	-2.078541e-01	-1.050710e-01	-1.128774e-05	1.050483e-01	2.078306e-01	3.060060e-01	3.971378e-01	4.786260e-01	5.476472e-01	6.010885e-01	6.354760e-01	
-6.862685e-01	-6.484682e-01	-5.903733e-01	-5.156839e-01	-4.277155e-01	-3.294757e-01	-2.237337e-01	-1.130850e-01	-1.113954e-05	1.130625e-01	2.237106e-01	3.294514e-01	4.276897e-01	5.156559e-01	5.903426e-01	6.484342e-01	6.862305e-01	
-7.448950e-01	-7.031269e-01	-6.396429e-01	-5.584022e-01	-4.629525e-01	-3.565118e-01	-2.420435e-01	-1.223247e-01	-1.086617e-05	1.223028e-01	2.420209e-01	3.564881e-01	4.629272e-01	5.583748e-01	6.396129e-01	7.030937e-01	7.448578e-01	
-8.135475e-01	-7.670996e-01	-6.972855e-01	-6.083654e-01	-5.041564e-01	-3.881211e-01	-2.634480e-01	-1.331254e-01	-1.042330e-05	1.331043e-01	2.634263e-01	3.880983e-01	5.041321e-01	6.083391e-01	6.972566e-01	7.670675e-01	8.135116e-01	
-8.952696e-01	-8.432134e-01	-7.658426e-01	-6.677725e-01	-5.531383e-01	-4.256915e-01	-2.888866e-01	-1.459608e-01	-9.746688e-06	1.459411e-01	2.888663e-01	4.256702e-01	5.531155e-01	6.677477e-01	7.658154e-01	8.431832e-01	8.952357e-01	
-9.945129e-01	-9.356038e-01	-8.490317e-01	-7.398399e-01	-6.125474e-01	-4.712535e-01	-3.197330e-01	-1.615239e-01	-8.740362e-06	1.615062e-01	3.197148e-01	4.712343e-01	6.125269e-01	7.398176e-01	8.490071e-01	9.355764e-01	9.944821e-01	
-1.118067e+00	-1.050578e+00	-9.525224e-01	-8.294734e-01	-6.864239e-01	-5.279034e-01	-3.580829e-01	-1.808716e-01	-7.255179e-06	1.808569e-01	3.580677e-01	5.278874e-01	6.864067e-01	8.294546e-01	9.525017e-01	1.050555e+00	1.118041e+00	
-1.276841e+00	-1.198269e+00	-1.085424e+00	-9.445547e-01	-7.812591e-01	-6.006162e-01	-4.073027e-01	-2.057019e-01	-5.047755e-06	2.056917e-01	4.072921e-01	6.006049e-01	7.812469e-01	9.445413e-01	1.085409e+00	1.198252e+00	1.276822e+00	
-1.489569e+00	-1.396080e+00	-1.263381e+00	-1.098620e+00	-9.082012e-01	-6.979358e-01	-4.731742e-01	-2.389311e-01	-1.694793e-06	2.389277e-01	4.731705e-01	6.979317e-01	9.081965e-01	1.098614e+00	1.263375e+00	1.396073e+00	1.489561e+00	
-1.791409e+00	-1.676670e+00	-1.515751e+00	-1.317070e+00	-1.088170e+00	-8.358953e-01	-5.665471e-01	-2.860316e-01	3.605874e-06	2.860388e-01	5.665543e-01	8.359026e-01	1.088177e+00	1.317077e+00	1.515758e+00	1.676678e+00	1.791417e+00	
-2.257075e+00	-2.109443e+00	-1.904923e+00	-1.653887e+00	-1.365625e+00	-1.048568e+00	-7.104792e-01	-3.586332e-01	1.257116e-05	3.586585e-01	7.105050e-01	1.048595e+00	1.365653e+00	1.653916e+00	1.904954e+00	2.109476e+00	2.257112e+00	
-3.078487e+00	-2.872676e+00	-2.591158e+00	-2.247733e+00	-1.854767e+00	-1.423478e+00	-9.641979e-01	-4.866090e-01	2.963188e-05	4.866687e-01	9.642589e-01	1.423541e+00	1.854833e+00	2.247803e+00	2.591234e+00	2.872758e+00	3.078577e+00	
-4.943630e+00	-4.605454e+00	-4.148948e+00	-3.595680e+00	-2.964977e+00	-2.274375e+00	-1.540020e+00	-7.770475e-01	7.071351e-05	7.771901e-01	1.540166e+00	2.274526e+00	2.965137e+00	3.595850e+00	4.149131e+00	4.605654e+00	4.943851e+00	
-1.357476e+01	-1.262330e+01	-1.135658e+01	-9.832067e+00	-8.101250e+00	-6.210844e+00	-4.203868e+00	-2.120645e+00	2.684219e-04	2.121186e+00	4.204422e+00	6.211420e+00	8.101858e+00	9.832717e+00	1.135728e+01	1.262406e+01	1.357561e+01	
1.577840e+01	1.464324e+01	1.315402e+01	1.137526e+01	9.364801e+00	7.175095e+00	4.854462e+00	2.448191e+00	-4.144959e-04	-2.449026e+00	-4.855319e+00	-7.175986e+00	-9.365743e+00	-1.137627e+01	-1.315511e+01	-1.464444e+01	-1.577972e+01	
4.711935e+00	4.363161e+00	3.912789e+00	3.379334e+00	2.779387e+00	2.128005e+00	1.439050e+00	7.255190e-01	-1.608278e-04	-7.258434e-01	-1.439382e+00	-2.128351e+00	-2.779753e+00	-3.379726e+00	-3.913215e+00	-4.363627e+00	-4.712450e+00	
2.646282e+00	2.444117e+00	2.187554e+00	1.886504e+00	1.549850e+00	1.185654e+00	8.013398e-01	4.038648e-01	-1.160866e-04	-4.040990e-01	-8.015799e-01	-1.185905e+00	-1.550115e+00	-1.886787e+00	-2.187862e+00	-2.444455e+00	-2.646656e+00	
1.760080e+00	1.620687e+00	1.447198e+00	1.245824e+00	1.022134e+00	7.811785e-01	5.276121e-01	2.657958e-01	-9.904368e-05	-2.659956e-01	-5.278170e-01	-7.813921e-01	-1.022359e+00	-1.246066e+00	-1.447461e+00	-1.620976e+00	-1.760400e+00	
1.256432e+00	1.152615e+00	1.026282e+00	8.815337e-01	7.220469e-01	5.511576e-01	3.719387e-01	1.872708e-01	-9.129793e-05	-1.874550e-01	-3.721276e-01	-5.513545e-01	-7.222553e-01	-8.817574e-01	-1.026525e+00	-1.152882e+00	-1.256728e+00	
9.224200e-01	8.421172e-01	7.470112e-01	6.397976e-01	5.228932e-01	3.984909e-01	2.686110e-01	1.351476e-01	-8.800273e-05	-1.353251e-01	-2.687931e-01	-3.986808e-01	-5.230942e-01	-6.400135e-01	-7.472458e-01	-8.423750e-01	-9.227058e-01	
6.764867e-01	6.134323e-01	5.412813e-01	4.616895e-01	3.761412e-01	2.859838e-01	1.924590e-01	9.673078e-02	-8.738237e-05	-9.690706e-02	-1.926399e-01	-2.861725e-01	-3.763409e-01	-4.619040e-01	-5.415146e-01	-6.136886e-01	-6.767710e-01	
4.801069e-01	4.307721e-01	3.769202e-01	3.193720e-01	2.588641e-01	1.960652e-01	1.315921e-01	6.602297e-02	-8.869515e-05	-6.620191e-02	-1.317757e-01	-1.962568e-01	-2.590669e-01	-3.195899e-01	-3.771571e-01	-4.310326e-01	-4.803959e-01	
3.120519e-01	2.744154e-01	2.361986e-01	1.975046e-01	1.584271e-01	1.190514e-01	7.945703e-02	3.971870e-02	-9.165285e-05	-3.990361e-02	-7.964679e-02	-1.192494e-01	-1.586368e-01	-1.977299e-01	-2.364436e-01	-2.746849e-01	-3.123510e-01	
1.588459e-01	1.318418e-01	1.078598e-01	8.634660e-02	6.680719e-02	4.879321e-02	3.189240e-02	1.571882e-02	-9.622460e-05	-1.591296e-02	-3.209164e-02	-4.900109e-02	-6.702744e-02	-8.658326e-02	-1.081173e-01	-1.321249e-01	-1.591602e-01	
1.047243e-02	-6.256569e-03	-1.646538e-02	-2.134498e-02	-2.196177e-02	-1.928249e-02	-1.419677e-02	-7.537952e-03	-1.025782e-04	7.330990e-03	1.398435e-02	1.906083e-02	2.172689e-02	2.109257e-02	1.619074e-02	5.954476e-03	-1.080784e-02	
-1.420464e-01	-1.482242e-01	-1.442815e-01	-1.320655e-01	-1.132307e-01	-8.927748e-02	-6.158671e-02	-3.145230e-02	-1.110939e-04	3.122815e-02	6.135664e-02	8.903738e-02	1.129763e-01	1.317920e-01	1.439839e-01	1.478968e-01	1.416828e-01	
-3.085753e-01	-3.032323e-01	-2.838379e-01	-2.529560e-01	-2.128831e-01	-1.657021e-01	-1.133304e-01	-5.756467e-02	-1.224454e-04	5.731761e-02	1.130768e-01	1.654375e-01	2.126026e-01	2.526544e-01	2.835097e-01	3.028712e-01	3.081742e-01	
-5.022237e-01	-4.834705e-01	-4.461006e-01	-3.935100e-01	-3.287413e-01	-2.545536e-01	-1.734876e-01	-8.792363e-02	-1.377871e-04	8.764561e-02	1.732022e-01	2.542558e-01	3.284255e-01	3.931706e-01	4.457311e-01	4.830639e-01	5.017720e-01	
-7.434582e-01	-7.079718e-01	-6.481931e-01	-5.685532e-01	-4.730214e-01	-3.651982e-01	-2.483985e-01	-1.257288e-01	-1.591656e-04	1.254076e-01	2.480688e-01	3.648540e-01	4.726566e-01	5.681609e-01	6.477661e-01	7.075018e-01	7.429361e-01	
-1.069163e+00	-1.011038e+00	-9.209778e-01	-8.048065e-01	-6.677421e-01	-5.145179e-01	-3.494917e-01	-1.767476e-01	-1.904923e-04	1.763632e-01	3.490971e-01	5.141059e-01	6.673054e-01	8.043369e-01	9.204665e-01	1.010475e+00	1.068538e+00	
-1.556871e+00	-1.464777e+00	-1.329332e+00	-1.158443e+00	-9.591918e-01	-7.380031e-01	-5.007927e-01	-2.531047e-01	-2.402002e-04	2.526201e-01	5.002951e-01	7.374836e-01	9.586410e-01	1.157851e+00	1.328687e+00	1.464066e+00	1.556082e+00	
-2.407063e+00	-2.255641e+00	-2.041018e+00	-1.774717e+00	-1.467064e+00	-1.127426e+00	-7.644280e-01	-3.861531e-01	-3.303104e-04	3.854866e-01	7.637437e-01	1.126711e+00	1.466306e+00	1.773902e+00	2.040130e+00	2.254664e+00	2.405977e+00	
-4.356683e+00	-4.069013e+00	-3.672704e+00	-3.187564e+00	-2.631340e+00	-2.020133e+00	-1.368769e+00	-6.911434e-01	-5.420356e-04	6.900496e-01	1.367646e+00	2.018960e+00	2.630096e+00	3.186226e+00	3.671248e+00	4.067409e+00	4.354900e+00	
-1.416308e+01	-1.318946e+01	-1.187892e+01	-1.029289e+01	-8.486408e+00	-6.509404e+00	-4.407857e+00	-2.224861e+00	-1.620656e-03	2.221591e+00	4.404499e+00	6.505897e+00	8.482689e+00	1.028889e+01	1.187456e+01	1.318466e+01	1.415774e+01	
1.433485e+01	1.331443e+01	1.196780e+01	1.035444e+01	8.527636e+00	6.535724e+00	4.423223e+00	2.231858e+00	1.525462e-03	-2.228779e+00	-4.420062e+00	-6.532423e+00	-8.524135e+00	-1.035068e+01	-1.196370e+01	-1.330991e+01	-1.432983e+01	
5.076321e+00	4.703515e+00	4.220036e+00	3.646058e+00	2.999660e+00	2.297242e+00	1.553910e+00	7.838193e-01	5.068246e-04	-7.827966e-01	-1.552860e+00	-2.296146e+00	-2.998496e+00	-3.644806e+00	-4.218672e+00	-4.702013e+00	-5.074651e+00	
3.176705e+00	2.936643e+00	2.630184e+00	2.269431e+00	1.865229e+00	1.427418e+00	9.650588e-01	4.866456e-01	2.997060e-04	-4.860408e-01	-9.644377e-01	-1.426769e+00	-1.864541e+00	-2.268690e+00	-2.629377e+00	-2.935754e+00	-3.175717e+00	
2.348466e+00	2.166188e+00	1.936857e+00	1.669049e+00	1.370449e+00	1.048032e+00	7.082171e-01	3.570248e-01	2.106159e-04	-3.565998e-01	-7.077806e-01	-1.047576e+00	-1.369966e+00	-1.668528e+00	-1.936289e+00	-2.165563e+00	-2.347771e+00	
1.879521e+00	1.729887e+00	1.544184e+00	1.328985e+00	1.090181e+00	8.331175e-01	5.627170e-01	2.835940e-01	1.610346e-04	-2.832690e-01	-5.623833e-01	-8.327689e-01	-1.089811e+00	-1.328587e+00	-1.543750e+00	-1.729409e+00	-1.878989e+00	
1.574543e+00	1.446083e+00	1.288721e+00	1.107722e+00	9.078085e-01	6.932627e-01	4.680294e-01	2.358063e-01	1.294377e-04	-2.355451e-01	-4.677611e-01	-6.929824e-01	-9.075111e-01	-1.107402e+00	-1.288372e+00	-1.445699e+00	-1.574115e+00	
1.358129e+00	1.244647e+00	1.107367e+00	9.506267e-01	7.783121e-01	5.939496e-01	4.007871e-01	2.018693e-01	1.075259e-04	-2.016523e-01	-4.005642e-01	-5.937167e-01	-7.780649e-01	-9.503606e-01	-1.107077e+00	-1.244327e+00	-1.357774e+00	
1.194969e+00	1.092738e+00	9.705765e-01	8.321159e-01	6.806109e-01	5.190149e-01	3.500482e-01	1.762608e-01	9.142043e-05	-1.760763e-01	-3.498586e-01	-5.188168e-01	-6.804007e-01	-8.318896e-01	-9.703297e-01	-1.092466e+00	-1.194666e+00	
1.066294e+00	9.729035e-01	8.626455e-01	7.385932e-01	6.035009e-01	4.598682e-01	3.099972e-01	1.560462e-01	7.906569e-05	-1.558866e-01	-3.098333e-01	-4.596969e-01	-6.033191e-01	-7.383973e-01	-8.624319e-01	-9.726680e-01	-1.066032e+00	
9.611877e-01	8.749893e-01	7.744379e-01	6.621483e-01	5.404640e-01	4.115119e-01	2.772510e-01	1.395180e-01	6.927078e-05	-1.393782e-01	-2.771074e-01	-4.113618e-01	-5.403046e-01	-6.619766e-01	-7.742506e-01	-8.747827e-01	-9.609578e-01	
8.728461e-01	7.926684e-01	7.002614e-01	5.978527e-01	4.874389e-01	3.708321e-01	2.497016e-01	1.256124e-01	6.129792e-05	-1.254887e-01	-2.495745e-01	-3.706992e-01	-4.872978e-01	-5.977007e-01	-7.000956e-01	-7.924854e-01	-8.726424e-01	
7.967930e-01	7.217781e-01	6.363708e-01	5.424637e-01	4.417536e-01	3.357803e-01	2.259623e-01	1.136297e-01	5.466551e-05	-1.135194e-01	-2.258489e-01	-3.356618e-01	-4.416277e-01	-5.423281e-01	-6.362227e-01	-7.216147e-01	-7.966111e-01	
7.299476e-01	6.594532e-01	5.801883e-01	4.937498e-01	4.015694e-01	3.049466e-01	2.050786e-01	1.030882e-01	4.904561e-05	-1.029892e-01	-2.049769e-01	-3.048402e-01	-4.014564e-01	-4.936280e-01	-5.800554e-01	-6.593065e-01	-7.297841e-01	
6.701049e-01	6.036436e-01	5.298696e-01	4.501140e-01	3.655703e-01	2.773221e-01	1.863677e-01	9.364325e-02	4.420694e-05	-9.355402e-02	-1.862760e-01	-2.772262e-01	-3.654684e-01	-4.500041e-01	-5.297496e-01	-6.035111e-01	-6.699572e-01	
6.156304e-01	5.528296e-01	4.840476e-01	4.103729e-01	3.327815e-01	2.521595e-01	1.693235e-01	8.503950e-02	3.998148e-05	-8.495879e-02	-1.692406e-01	-2.520727e-01	-3.326892e-01	-4.102734e-01	-4.839390e-01	-5.527096e-01	-6.154966e-01	
5.652719e-01	5.058468e-01	4.416751e-01	3.736199e-01	3.024558e-01	2.288860e-01	1.535585e-01	7.708136e-02	3.624388e-05	-7.700819e-02	-1.534833e-01	-2.288073e-01	-3.023722e-01	-3.735297e-01	-4.415764e-01	-5.057378e-01	-5.651503e-01	
5.180372e-01	4.617733e-01	4.019227e-01	3.391374e-01	2.740021e-01	2.070483e-01	1.387657e-01	6.961402e-02	3.289841e-05	-6.954760e-02	-1.386975e-01	-2.069768e-01	-2.739261e-01	-3.390553e-01	-4.018330e-01	-4.616741e-01	-5.179265e-01	
4.731133e-01	4.198534e-01	3.641111e-01	3.063372e-01	2.469360e-01	1.862753e-01	1.246940e-01	6.251066e-02	2.987031e-05	-6.245035e-02	-1.246320e-01	-1.862103e-01	-2.468669e-01	-3.062626e-01	-3.640295e-01	-4.197631e-01	-4.730125e-01	
4.298088e-01	3.794447e-01	3.276629e-01	2.747197e-01	2.208459e-01	1.662514e-01	1.111298e-01	5.566359e-02	2.709993e-05	-5.560887e-02	-1.110735e-01	-1.661924e-01	-2.207832e-01	-2.746519e-01	-3.275886e-01	-3.793626e-01	-4.297170e-01	
3.875118e-01	3.399792e-01	2.920672e-01	2.438432e-01	1.953681e-01	1.466978e-01	9.788453e-02	4.897760e-02	2.453855e-05	-4.892805e-02	-9.783353e-02	-1.466444e-01	-1.953112e-01	-2.437817e-01	-2.919998e-01	-3.399045e-01	-3.874283e-01	
3.456569e-01	3.009319e-01	2.568528e-01	2.132999e-01	1.701667e-01	1.273573e-01	8.478398e-02	4.236488e-02	2.214546e-05	-4.232015e-02	-8.473794e-02	-1.273091e-01	-1.701153e-01	-2.132442e-01	-2.567917e-01	-3.008642e-01	-3.455812e-01	
3.036974e-01	2.617955e-01	2.215638e-01	1.826957e-01	1.449175e-01	1.079814e-01	7.166007e-02	3.574060e-02	1.988566e-05	-3.570043e-02	-7.161870e-02	-1.079380e-01	-1.448712e-01	-1.826455e-01	-2.215087e-01	-2.617344e-01	-3.036289e-01	
2.610786e-01	2.220559e-01	1.857386e-01	1.516316e-01	1.192919e-01	8.831852e-02	5.834259e-02	2.901892e-02	1.772813e-05	-2.898310e-02	-5.830569e-02	-8.827977e-02	-1.192505e-01	-1.515866e-01	-1.856892e-01	-2.220011e-01	-2.610171e-01	
2.172118e-01	1.811671e-01	1.488873e-01	1.196841e-01	9.294164e-02	6.810175e-02	4.465104e-02	2.210879e-02	1.564434e-05	-2.207717e-02	-4.461844e-02	-6.806747e-02	-9.290497e-02	-1.196443e-01	-1.488434e-01	-1.811183e-01	-2.171569e-01	
1.714432e-01	1.385234e-01	1.104663e-01	8.638374e-02	6.548032e-02	4.703524e-02	3.038528e-02	1.490928e-02	1.360689e-05	-1.488177e-02	-3.035689e-02	-4.700535e-02	-6.544828e-02	-8.634885e-02	-1.104278e-01	-1.384804e-01	-1.713948e-01	
1.230165e-01	9.342424e-02	6.984745e-02	5.118773e-02	3.646150e-02	2.477714e-02	1.531410e-02	7.303796e-03	1.158819e-05	-7.280359e-03	-1.528988e-02	-2.475158e-02	-3.643403e-02	-5.115773e-02	-6.981424e-02	-9.338706e-02	-1.229745e-01	
7.102365e-02	4.502872e-02	2.627640e-02	1.344461e-02	5.349361e-03	9.171703e-04	-8.399563e-04	-8.475839e-04	9.558994e-06	8.669303e-04	8.599931e-04	-8.959650e-04	-5.326482e-03	-1.341952e-02	-2.624849e-02	-4.499733e-02	-7.098805e-02	
1.433537e-02	-7.708650e-03	-2.118425e-02	-2.765516e-02	-2.852191e-02	-2.505442e-02	-1.842163e-02	-9.718693e-03	7.486516e-06	9.733862e-03	1.843739e-02	2.507118e-02	2.854011e-02	2.767527e-02	2.120677e-02	7.734151e-03	-1.430624e-02	
-4.849895e-02	-6.613071e-02	-7.373848e-02	-7.315125e-02	-6.600728e-02	-5.379219e-02	-3.787356e-02	-1.953273e-02	5.332013e-06	1.954356e-02	3.788487e-02	5.380434e-02	6.602063e-02	7.316618e-02	7.375542e-02	6.615013e-02	4.852138e-02	
-1.194035e-01	-1.320185e-01	-1.329830e-01	-1.244224e-01	-1.082405e-01	-8.616411e-02	-5.978269e-02	-3.058566e-02	3.047221e-06	3.059188e-02	5.978930e-02	8.617138e-02	1.082487e-01	1.244318e-01	1.329940e-01	1.320315e-01	1.194189e-01	
-2.010162e-01	-2.078135e-01	-2.011064e-01	-1.833583e-01	-1.567756e-01	-1.233598e-01	-8.495345e-02	-4.328309e-02	5.689027e-07	4.328432e-02	8.495495e-02	1.233618e-01	1.567782e-01	1.833618e-01	2.011111e-01	2.078196e-01	2.010239e-01	
-2.970837e-01	-2.969833e-01	-2.812172e-01	-2.526428e-01	-2.138194e-01	-1.670687e-01	-1.145283e-01	-5.820106e-02	-2.189997e-06	5.819673e-02	1.145241e-01	1.670648e-01	2.138158e-01	2.526397e-01	2.812149e-01	2.969817e-01	2.970831e-01	
-4.131460e-01	-4.046546e-01	-3.779111e-01	-3.362437e-01	-2.826346e-01	-2.197885e-01	-1.501961e-01	-7.619117e-02	-5.355545e-06	7.618046e-02	1.501854e-01	2.197779e-01	2.826240e-01	3.362332e-01	3.779006e-01	4.046443e-01	4.131358e-01	
-5.577899e-01	-5.387743e-01	-4.983112e-01	-4.403112e-01	-3.682781e-01	-2.853904e-01	-1.945746e-01	-9.857331e-02	-9.120578e-06	9.855502e-02	1.945561e-01	2.853717e-01	3.682591e-01	4.402918e-01	4.982912e-01	5.387536e-01	5.577683e-01	
-7.451204e-01	-7.123953e-01	-6.541180e-01	-5.749470e-01	-4.790565e-01	-3.702331e-01	-2.519634e-01	-1.275155e-01	-1.379928e-05	1.274878e-01	2.519354e-01	3.702045e-01	4.790271e-01	5.749166e-01	6.540862e-01	7.123618e-01	7.450849e-01	
-1.000093e+00	-9.486115e-01	-8.660321e-01	-7.580234e-01	-6.296653e-01	-4.855662e-01	-3.299697e-01	-1.668533e-01	-1.994490e-05	1.668132e-01	3.299291e-01	4.855246e-01	6.296223e-01	7.579785e-01	8.659848e-01	9.485613e-01	1.000039e+00	
-1.371497e+00	-1.292574e+00	-1.174526e+00	-1.024483e+00	-8.488363e-01	-6.533843e-01	-4.434660e-01	-2.240857e-01	-2.863629e-05	2.240281e-01	4.434075e-01	6.533242e-01	8.487740e-01	1.024417e+00	1.174457e+00	1.292501e+00	1.371418e+00	
-1.969451e+00	-1.846187e+00	-1.670940e+00	-1.453186e+00	-1.201414e+00	-9.233265e-01	-6.260179e-01	-3.161371e-01	-4.230509e-05	3.160520e-01	6.259313e-01	9.232375e-01	1.201321e+00	1.453089e+00	1.670837e+00	1.846076e+00	1.969331e+00	
-3.106097e+00	-2.898308e+00	-2.614199e+00	-2.267678e+00	-1.871210e+00	-1.436103e+00	-9.727726e-01	-4.909823e-01	-6.784014e-05	4.908458e-01	9.726336e-01	1.435960e+00	1.871061e+00	2.267521e+00	2.614032e+00	2.898129e+00	3.105902e+00	
-6.152101e+00	-5.717363e+00	-5.141269e+00	-4.449575e+00	-3.665367e+00	-2.809590e+00	-1.901535e+00	-9.592856e-01	-1.354847e-04	9.590130e-01	1.901257e+00	2.809303e+00	3.665068e+00	4.449260e+00	5.140933e+00	5.717001e+00	6.151708e+00	
-4.304034e+01	-3.985426e+01	-3.574044e+01	-3.086791e+01	-2.538817e+01	-1.943867e+01	-1.314603e+01	-6.628960e+00	-9.497873e-04	6.627048e+00	1.314409e+01	1.943666e+01	2.538607e+01	3.086570e+01	3.573808e+01	3.985171e+01	4.303756e+01	
9.950194e+00	9.183293e+00	8.214749e+00	7.081294e+00	5.815855e+00	4.448308e+00	3.006175e+00	1.515254e+00	2.189536e-04	-1.514813e+00	-3.005725e+00	-4.447844e+00	-5.815370e+00	-7.080782e+00	-8.214201e+00	-9.182702e+00	-9.949550e+00	
4.717443e+00	4.340607e+00	3.873774e+00	3.333337e+00	2.733990e+00	2.089067e+00	1.410851e+00	7.108592e-01	1.031055e-04	-7.106516e-01	-1.410640e+00	-2.088848e+00	-2.733761e+00	-3.333095e+00	-3.873515e+00	-4.340327e+00	-4.717138e+00	
3.187599e+00	2.924617e+00	2.604357e+00	2.237252e+00	1.832651e+00	1.399042e+00	9.442425e-01	4.755814e-01	6.896795e-05	-4.754425e-01	-9.441008e-01	-1.398896e+00	-1.832498e+00	-2.237090e+00	-2.604184e+00	-2.924429e+00	-3.187394e+00	
2.453012e+00	2.244562e+00	1.994605e+00	1.710696e+00	1.399614e+00	1.067507e+00	7.200418e-01	3.625300e-01	5.238728e-05	-3.624245e-01	-7.199342e-01	-1.067396e+00	-1.399497e+00	-1.710573e+00	-1.994472e+00	-2.244420e+00	-2.452856e+00	
2.018680e+00	1.842366e+00	1.633912e+00	1.399171e+00	1.143386e+00	8.713219e-01	5.873639e-01	2.956259e-01	4.244107e-05	-2.955404e-01	-5.872767e-01	-8.712317e-01	-1.143292e+00	-1.399070e+00	-1.633805e+00	-1.842250e+00	-2.018553e+00	
1.729745e+00	1.574720e+00	1.393825e+00	1.191770e+00	9.727771e-01	7.406781e-01	4.990046e-01	2.510680e-01	3.571165e-05	-2.509961e-01	-4.989312e-01	-7.406021e-01	-9.726976e-01	-1.191686e+00	-1.393735e+00	-1.574622e+00	-1.729638e+00	
1.522140e+00	1.382336e+00	1.221200e+00	1.042614e+00	8.500587e-01	6.466951e-01	4.354351e-01	2.190096e-01	3.078456e-05	-2.189476e-01	-4.353719e-01	-6.466296e-01	-8.499901e-01	-1.042541e+00	-1.221122e+00	-1.382252e+00	-1.522048e+00	
1.364542e+00	1.236228e+00	1.090053e+00	9.292675e-01	7.567854e-01	5.752526e-01	3.871073e-01	1.946362e-01	2.696785e-05	-1.945819e-01	-3.870518e-01	-5.751952e-01	-7.567253e-01	-9.292037e-01	-1.089985e+00	-1.236153e+00	-1.364461e+00	
1.239807e+00	1.120530e+00	9.861639e-01	8.394542e-01	6.828620e-01	5.186223e-01	3.487953e-01	1.753130e-01	2.388242e-05	-1.752649e-01	-3.487462e-01	-5.185715e-01	-6.828087e-01	-8.393977e-01	-9.861034e-01	-1.120464e+00	-1.239735e+00	
1.137750e+00	1.025817e+00	9.010842e-01	7.658795e-01	6.222904e-01	4.722128e-01	3.173944e-01	1.594744e-01	2.130276e-05	-1.594315e-01	-3.173506e-01	-4.721675e-01	-6.222429e-01	-7.658291e-01	-9.010301e-01	-1.025758e+00	-1.137686e+00	
1.051927e+00	9.461249e-01	8.294673e-01	7.039272e-01	5.712750e-01	4.331184e-01	2.909398e-01	1.461298e-01	1.908585e-05	-1.460914e-01	-2.909005e-01	-4.330778e-01	-5.712324e-01	-7.038821e-01	-8.294189e-01	-9.460725e-01	-1.051870e+00	
9.780476e-01	8.774836e-01	7.677542e-01	6.505247e-01	5.272890e-01	3.994048e-01	2.681235e-01	1.346197e-01	1.713625e-05	-1.345852e-01	-2.680883e-01	-3.993683e-01	-5.272508e-01	-6.504841e-01	-7.677107e-01	-8.774364e-01	-9.779961e-01	
9.131323e-01	8.171352e-01	7.134730e-01	6.035375e-01	4.885775e-01	3.697284e-01	2.480370e-01	1.244859e-01	1.538739e-05	-1.244549e-01	-2.480054e-01	-3.696957e-01	-4.885432e-01	-6.035011e-01	-7.134340e-01	-8.170929e-01	-9.130860e-01	
8.550338e-01	7.630925e-01	6.648422e-01	5.614273e-01	4.538755e-01	3.431210e-01	2.300255e-01	1.153983e-01	1.379107e-05	-1.153705e-01	-2.299972e-01	-3.430916e-01	-4.538448e-01	-5.613947e-01	-6.648072e-01	-7.630546e-01	-8.549924e-01	
8.021516e-01	7.138739e-01	6.205333e-01	5.230472e-01	4.222397e-01	3.188602e-01	2.136007e-01	1.071107e-01	1.231109e-05	-1.070859e-01	-2.135754e-01	-3.188341e-01	-4.222123e-01	-5.230181e-01	-6.205021e-01	-7.138400e-01	-8.021146e-01	
7.532527e-01	6.683379e-01	5.795230e-01	4.875134e-01	3.929433e-01	2.963899e-01	1.983862e-01	9.943323e-02	1.091934e-05	-9.941124e-02	-1.983637e-01	-2.963666e-01	-3.929190e-01	-4.874876e-01	-5.794954e-01	-6.683079e-01	-7.532200e-01	
7.073561e-01	6.255761e-01	5.409967e-01	4.541224e-01	3.654077e-01	2.752667e-01	1.840824e-01	9.221491e-02	9.593152e-06	-9.219560e-02	-1.840627e-01	-2.752463e-01	-3.653864e-01	-4.540997e-01	-5.409724e-01	-6.255498e-01	-7.073273e-01	
6.636530e-01	5.848397e-01	5.042826e-01	4.222939e-01	3.391557e-01	2.551255e-01	1.704423e-01	8.533112e-02	8.313603e-06	-8.531438e-02	-1.704252e-01	-2.551078e-01	-3.391372e-01	-4.222743e-01	-5.042616e-01	-5.848170e-01	-6.636282e-01	
6.214516e-01	5.454876e-01	4.688057e-01	3.915313e-01	3.137786e-01	2.356532e-01	1.572541e-01	7.867509e-02	7.064197e-06	-7.866087e-02	-1.572395e-01	-2.356382e-01	-3.137629e-01	-3.915147e-01	-4.687879e-01	-5.454683e-01	-6.214306e-01	
5.801347e-01	5.069478e-01	4.340528e-01	3.613909e-01	2.889114e-01	2.165704e-01	1.443288e-01	7.215150e-02	5.829925e-06	-7.213977e-02	-1.443168e-01	-2.165580e-01	-2.888985e-01	-3.613772e-01	-4.340382e-01	-5.069320e-01	-5.801175e-01	
