7.288248e-19	5.195099e-18	9.322657e-18	1.313379e-17	1.669441e-17	2.008546e-17	2.338925e-17	2.668332e-17	3.003737e-17	3.351120e-17	3.715182e-17	4.098847e-17	4.502366e-17	4.921731e-17	5.345945e-17	5.752267e-17	6.097958e-17	
-2.366895e-02	-2.037466e-02	-1.755324e-02	-1.513922e-02	-1.307656e-02	-1.131740e-02	-9.820904e-03	-8.552341e-03	-7.482270e-03	-6.585854e-03	-5.842290e-03	-5.234319e-03	-4.747832e-03	-4.371538e-03	-4.096702e-03	-3.916947e-03	-3.828101e-03	
-4.735468e-02	-4.076376e-02	-3.511892e-02	-3.028917e-02	-2.616239e-02	-2.264282e-02	-1.964877e-02	-1.711074e-02	-1.496984e-02	-1.317637e-02	-1.168872e-02	-1.047235e-02	-9.499029e-03	-8.746173e-03	-8.196307e-03	-7.836670e-03	-7.658914e-03	
-7.107400e-02	-6.118178e-02	-5.270952e-02	-4.546061e-02	-3.926679e-02	-3.398431e-02	-2.949057e-02	-2.568128e-02	-2.246803e-02	-1.977624e-02	-1.754344e-02	-1.571781e-02	-1.425697e-02	-1.312701e-02	-1.230173e-02	-1.176195e-02	-1.149516e-02	
-9.484387e-02	-8.164331e-02	-7.033761e-02	-6.066438e-02	-5.239910e-02	-4.534996e-02	-3.935335e-02	-3.427009e-02	-2.998221e-02	-2.639018e-02	-2.341064e-02	-2.097444e-02	-1.902504e-02	-1.751719e-02	-1.641590e-02	-1.569560e-02	-1.533958e-02	
-1.186814e-01	-1.021631e-01	-8.801588e-02	-7.591143e-02	-6.556881e-02	-5.674797e-02	-4.924420e-02	-4.288335e-02	-3.751777e-02	-3.302294e-02	-2.929454e-02	-2.624604e-02	-2.380669e-02	-2.191986e-02	-2.054178e-02	-1.964045e-02	-1.919495e-02	
-1.426040e-01	-1.227561e-01	-1.057572e-01	-9.121286e-02	-7.878548e-02	-6.818664e-02	-5.917034e-02	-5.152732e-02	-4.508021e-02	-3.967936e-02	-3.519943e-02	-3.153645e-02	-2.860539e-02	-2.633824e-02	-2.468238e-02	-2.359936e-02	-2.306407e-02	
-1.666292e-01	-1.434374e-01	-1.235747e-01	-1.065800e-01	-9.205888e-02	-7.967440e-02	-6.913907e-02	-6.020840e-02	-5.267511e-02	-4.636435e-02	-4.112966e-02	-3.684956e-02	-3.342469e-02	-3.077558e-02	-2.884075e-02	-2.757527e-02	-2.694979e-02	
-1.907751e-01	-1.642227e-01	-1.414816e-01	-1.220243e-01	-1.053990e-01	-9.121987e-02	-7.915789e-02	-6.893309e-02	-6.030816e-02	-5.308292e-02	-4.708969e-02	-4.218936e-02	-3.826821e-02	-3.523522e-02	-3.302001e-02	-3.157115e-02	-3.085504e-02	
-2.150602e-01	-1.851277e-01	-1.594918e-01	-1.375576e-01	-1.188159e-01	-1.028319e-01	-8.923445e-02	-7.770806e-02	-6.798520e-02	-5.984022e-02	-5.308406e-02	-4.755994e-02	-4.313963e-02	-3.972055e-02	-3.722335e-02	-3.559006e-02	-3.478279e-02	
-2.395034e-01	-2.061688e-01	-1.776193e-01	-1.531920e-01	-1.323202e-01	-1.145195e-01	-9.937660e-02	-8.654016e-02	-7.571223e-02	-6.664150e-02	-5.911746e-02	-5.296547e-02	-4.804277e-02	-4.423509e-02	-4.145406e-02	-3.963514e-02	-3.873611e-02	
-2.641242e-01	-2.273629e-01	-1.958784e-01	-1.689401e-01	-1.459227e-01	-1.262920e-01	-1.095925e-01	-9.543644e-02	-8.349540e-02	-7.349221e-02	-6.519470e-02	-5.841030e-02	-5.298154e-02	-4.878243e-02	-4.571552e-02	-4.370961e-02	-4.271816e-02	
-2.889429e-01	-2.487272e-01	-2.142843e-01	-1.848147e-01	-1.596344e-01	-1.381592e-01	-1.198904e-01	-1.044042e-01	-9.134112e-02	-8.039797e-02	-7.132078e-02	-6.389887e-02	-5.796000e-02	-5.336631e-02	-5.001121e-02	-4.781682e-02	-4.673221e-02	
-3.139803e-01	-2.702799e-01	-2.328524e-01	-2.008292e-01	-1.734671e-01	-1.501309e-01	-1.302791e-01	-1.134510e-01	-9.925600e-02	-8.736460e-02	-7.750085e-02	-6.943583e-02	-6.298234e-02	-5.799060e-02	-5.434478e-02	-5.196024e-02	-5.078165e-02	
-3.392583e-01	-2.920397e-01	-2.515990e-01	-2.169976e-01	-1.874326e-01	-1.622177e-01	-1.407677e-01	-1.225848e-01	-1.072469e-01	-9.439817e-02	-8.374031e-02	-7.502598e-02	-6.805293e-02	-6.265932e-02	-5.871998e-02	-5.614346e-02	-5.486998e-02	
-3.647996e-01	-3.140260e-01	-2.705407e-01	-2.333344e-01	-2.015436e-01	-1.744303e-01	-1.513655e-01	-1.318136e-01	-1.153211e-01	-1.015050e-01	-9.004475e-02	-8.067435e-02	-7.317633e-02	-6.737667e-02	-6.314074e-02	-6.037026e-02	-5.900090e-02	
-3.906279e-01	-3.362595e-01	-2.896954e-01	-2.498548e-01	-2.158131e-01	-1.867802e-01	-1.620823e-01	-1.411462e-01	-1.234860e-01	-1.086917e-01	-9.642004e-02	-8.638621e-02	-7.835732e-02	-7.214703e-02	-6.761120e-02	-6.464455e-02	-6.317825e-02	
-4.167682e-01	-3.587616e-01	-3.090814e-01	-2.665748e-01	-2.302551e-01	-1.992793e-01	-1.729287e-01	-1.505915e-01	-1.317495e-01	-1.159652e-01	-1.028723e-01	-9.216706e-02	-8.360089e-02	-7.697501e-02	-7.213565e-02	-6.897048e-02	-6.740606e-02	
-4.432468e-01	-3.815548e-01	-3.287183e-01	-2.835111e-01	-2.448839e-01	-2.119402e-01	-1.839154e-01	-1.601591e-01	-1.401199e-01	-1.233328e-01	-1.094081e-01	-9.802272e-02	-8.891231e-02	-8.186547e-02	-7.671865e-02	-7.335239e-02	-7.168857e-02	
-4.700913e-01	-4.046630e-01	-3.486266e-01	-3.006815e-01	-2.597148e-01	-2.247760e-01	-1.950539e-01	-1.698588e-01	-1.486061e-01	-1.308023e-01	-1.160343e-01	-1.039593e-01	-9.429714e-02	-8.682352e-02	-8.136499e-02	-7.779485e-02	-7.603027e-02	
-4.973310e-01	-4.281115e-01	-3.688280e-01	-3.181046e-01	-2.747642e-01	-2.378007e-01	-2.063564e-01	-1.797014e-01	-1.572171e-01	-1.383817e-01	-1.227579e-01	-1.099833e-01	-9.976125e-02	-9.185456e-02	-8.607973e-02	-8.230273e-02	-8.043589e-02	
-5.249971e-01	-4.519270e-01	-3.893456e-01	-3.358005e-01	-2.900491e-01	-2.510294e-01	-2.178358e-01	-1.896981e-01	-1.659630e-01	-1.460797e-01	-1.295869e-01	-1.161016e-01	-1.053109e-01	-9.696435e-02	-9.086827e-02	-8.688116e-02	-8.491047e-02	
-5.531226e-01	-4.761379e-01	-4.102039e-01	-3.537903e-01	-3.055878e-01	-2.644777e-01	-2.295059e-01	-1.998607e-01	-1.748541e-01	-1.539056e-01	-1.365292e-01	-1.223214e-01	-1.109527e-01	-1.021590e-01	-9.573633e-02	-9.153561e-02	-8.945935e-02	
-5.817428e-01	-5.007747e-01	-4.314290e-01	-3.720964e-01	-3.213998e-01	-2.781626e-01	-2.413812e-01	-2.102021e-01	-1.839015e-01	-1.618692e-01	-1.435936e-01	-1.286507e-01	-1.166937e-01	-1.074450e-01	-1.006900e-01	-9.627194e-02	-9.408824e-02	
-6.108955e-01	-5.258698e-01	-4.530490e-01	-3.907431e-01	-3.375060e-01	-2.921020e-01	-2.534775e-01	-2.207358e-01	-1.931173e-01	-1.699808e-01	-1.507894e-01	-1.350977e-01	-1.225415e-01	-1.128293e-01	-1.057358e-01	-1.010964e-01	-9.880325e-02	
-6.406210e-01	-5.514581e-01	-4.750939e-01	-4.097563e-01	-3.539287e-01	-3.063154e-01	-2.658114e-01	-2.314766e-01	-2.025142e-01	-1.782519e-01	-1.581267e-01	-1.416714e-01	-1.285042e-01	-1.183195e-01	-1.108808e-01	-1.060156e-01	-1.036109e-01	
-6.709629e-01	-5.775770e-01	-4.975960e-01	-4.291637e-01	-3.706919e-01	-3.208235e-01	-2.784011e-01	-2.424401e-01	-2.121059e-01	-1.866945e-01	-1.656161e-01	-1.483815e-01	-1.345906e-01	-1.239235e-01	-1.161325e-01	-1.110369e-01	-1.085183e-01	
-7.019682e-01	-6.042668e-01	-5.205899e-01	-4.489954e-01	-3.878216e-01	-3.356488e-01	-2.912661e-01	-2.536433e-01	-2.219074e-01	-1.953217e-01	-1.732692e-01	-1.552382e-01	-1.408101e-01	-1.296500e-01	-1.214990e-01	-1.161679e-01	-1.135329e-01	
-7.336875e-01	-6.315714e-01	-5.441135e-01	-4.692838e-01	-4.053458e-01	-3.508155e-01	-3.044273e-01	-2.651045e-01	-2.319345e-01	-2.041476e-01	-1.810986e-01	-1.622528e-01	-1.471728e-01	-1.355084e-01	-1.269891e-01	-1.214171e-01	-1.186630e-01	
-7.661759e-01	-6.595380e-01	-5.682073e-01	-4.900642e-01	-4.232949e-01	-3.663500e-01	-3.179076e-01	-2.768436e-01	-2.422048e-01	-2.131874e-01	-1.891179e-01	-1.694375e-01	-1.536897e-01	-1.415089e-01	-1.326123e-01	-1.267936e-01	-1.239175e-01	
-7.994931e-01	-6.882180e-01	-5.929158e-01	-5.113746e-01	-4.417019e-01	-3.822807e-01	-3.317318e-01	-2.888821e-01	-2.527371e-01	-2.224579e-01	-1.973417e-01	-1.768055e-01	-1.603729e-01	-1.476624e-01	-1.383790e-01	-1.323072e-01	-1.293061e-01	
-8.337043e-01	-7.176677e-01	-6.182874e-01	-5.332569e-01	-4.606029e-01	-3.986389e-01	-3.459270e-01	-3.012437e-01	-2.635520e-01	-2.319771e-01	-2.057861e-01	-1.843713e-01	-1.672355e-01	-1.539810e-01	-1.443004e-01	-1.379688e-01	-1.348393e-01	
-8.688809e-01	-7.479483e-01	-6.443748e-01	-5.557567e-01	-4.800371e-01	-4.154587e-01	-3.605228e-01	-3.139541e-01	-2.746721e-01	-2.417649e-01	-2.144689e-01	-1.921505e-01	-1.742916e-01	-1.604780e-01	-1.503888e-01	-1.437901e-01	-1.405286e-01	
-9.051010e-01	-7.791272e-01	-6.712362e-01	-5.789239e-01	-5.000479e-01	-4.327775e-01	-3.755515e-01	-3.270416e-01	-2.861221e-01	-2.518431e-01	-2.234092e-01	-2.001604e-01	-1.815572e-01	-1.671676e-01	-1.566579e-01	-1.497841e-01	-1.463866e-01	
-9.424507e-01	-8.112785e-01	-6.989353e-01	-6.028137e-01	-5.206828e-01	-4.506364e-01	-3.910489e-01	-3.405372e-01	-2.979291e-01	-2.622356e-01	-2.326284e-01	-2.084202e-01	-1.890493e-01	-1.740660e-01	-1.631226e-01	-1.559651e-01	-1.524274e-01	
-9.810251e-01	-8.444840e-01	-7.275426e-01	-6.274868e-01	-5.419943e-01	-4.690809e-01	-4.070545e-01	-3.544754e-01	-3.101233e-01	-2.729689e-01	-2.421498e-01	-2.169508e-01	-1.967870e-01	-1.811904e-01	-1.697991e-01	-1.623487e-01	-1.586662e-01	
-1.020929e+00	-8.788343e-01	-7.571362e-01	-6.530105e-01	-5.640405e-01	-4.881613e-01	-4.236119e-01	-3.688941e-01	-3.227379e-01	-2.840722e-01	-2.519995e-01	-2.257755e-01	-2.047915e-01	-1.885606e-01	-1.767059e-01	-1.689524e-01	-1.651201e-01	
-1.062281e+00	-9.144302e-01	-7.878029e-01	-6.794597e-01	-5.868861e-01	-5.079336e-01	-4.407697e-01	-3.838356e-01	-3.358099e-01	-2.955781e-01	-2.622064e-01	-2.349202e-01	-2.130863e-01	-1.961979e-01	-1.838631e-01	-1.757956e-01	-1.718081e-01	
-1.105209e+00	-9.513841e-01	-8.196396e-01	-7.069180e-01	-6.106033e-01	-5.284601e-01	-4.585820e-01	-3.993471e-01	-3.493807e-01	-3.075230e-01	-2.728027e-01	-2.444138e-01	-2.216976e-01	-2.041267e-01	-1.912934e-01	-1.828998e-01	-1.787512e-01	
-1.149862e+00	-9.898220e-01	-8.527547e-01	-7.354790e-01	-6.352730e-01	-5.498110e-01	-4.771097e-01	-4.154816e-01	-3.634964e-01	-3.199476e-01	-2.838245e-01	-2.542886e-01	-2.306546e-01	-2.123738e-01	-1.990220e-01	-1.902893e-01	-1.859731e-01	
-1.196403e+00	-1.029886e+00	-8.872704e-01	-7.652479e-01	-6.609860e-01	-5.720649e-01	-4.964209e-01	-4.322984e-01	-3.782091e-01	-3.328976e-01	-2.953124e-01	-2.645811e-01	-2.399905e-01	-2.209698e-01	-2.070776e-01	-1.979914e-01	-1.935005e-01	
-1.245019e+00	-1.071735e+00	-9.233246e-01	-7.963437e-01	-6.878451e-01	-5.953108e-01	-5.165930e-01	-4.498649e-01	-3.935776e-01	-3.464249e-01	-3.073124e-01	-2.753324e-01	-2.497425e-01	-2.299489e-01	-2.154921e-01	-2.060368e-01	-2.013633e-01	
-1.295921e+00	-1.115552e+00	-9.610740e-01	-8.289016e-01	-7.159671e-01	-6.196496e-01	-5.377135e-01	-4.682572e-01	-4.096687e-01	-3.605882e-01	-3.198767e-01	-2.865891e-01	-2.599530e-01	-2.393501e-01	-2.243024e-01	-2.144604e-01	-2.095959e-01	
-1.349349e+00	-1.161544e+00	-1.000697e+00	-8.630756e-01	-7.454851e-01	-6.451965e-01	-5.598824e-01	-4.875625e-01	-4.265586e-01	-3.754546e-01	-3.330645e-01	-2.984046e-01	-2.706703e-01	-2.492181e-01	-2.335499e-01	-2.233022e-01	-2.182371e-01	
-1.405580e+00	-1.209949e+00	-1.042399e+00	-8.990424e-01	-7.765516e-01	-6.720837e-01	-5.832143e-01	-5.078807e-01	-4.443345e-01	-3.911009e-01	-3.469443e-01	-3.108400e-01	-2.819500e-01	-2.596037e-01	-2.432826e-01	-2.326079e-01	-2.273317e-01	
-1.464933e+00	-1.261041e+00	-1.086416e+00	-9.370059e-01	-8.093427e-01	-7.004636e-01	-6.078415e-01	-5.293268e-01	-4.630972e-01	-4.076157e-01	-3.615946e-01	-3.239657e-01	-2.938558e-01	-2.705659e-01	-2.535556e-01	-2.424301e-01	-2.369312e-01	
-1.527778e+00	-1.315139e+00	-1.133023e+00	-9.772028e-01	-8.440629e-01	-7.305129e-01	-6.339174e-01	-5.520345e-01	-4.829638e-01	-4.251021e-01	-3.771067e-01	-3.378636e-01	-3.064619e-01	-2.821730e-01	-2.644330e-01	-2.528302e-01	-2.470953e-01	
-1.594546e+00	-1.372614e+00	-1.182539e+00	-1.019909e+00	-8.809509e-01	-7.624384e-01	-6.616214e-01	-5.761600e-01	-5.040706e-01	-4.436803e-01	-3.935874e-01	-3.526292e-01	-3.198552e-01	-2.945047e-01	-2.759894e-01	-2.638796e-01	-2.578941e-01	
-1.665747e+00	-1.433905e+00	-1.235342e+00	-1.065451e+00	-9.202874e-01	-7.964831e-01	-6.911644e-01	-6.018869e-01	-5.265786e-01	-4.634917e-01	-4.111620e-01	-3.683749e-01	-3.341375e-01	-3.076551e-01	-2.883130e-01	-2.756624e-01	-2.694097e-01	
-1.741982e+00	-1.499529e+00	-1.291879e+00	-1.114213e+00	-9.624057e-01	-8.329353e-01	-7.227965e-01	-6.294331e-01	-5.506783e-01	-4.847041e-01	-4.299794e-01	-3.852342e-01	-3.494298e-01	-3.217354e-01	-3.015081e-01	-2.882785e-01	-2.817396e-01	
-1.823973e+00	-1.570109e+00	-1.352685e+00	-1.166656e+00	-1.007704e+00	-8.721398e-01	-7.568170e-01	-6.590592e-01	-5.765975e-01	-5.075180e-01	-4.502176e-01	-4.033663e-01	-3.658767e-01	-3.368787e-01	-3.156994e-01	-3.018472e-01	-2.950005e-01	
-1.912591e+00	-1.646392e+00	-1.418405e+00	-1.223338e+00	-1.056663e+00	-9.145126e-01	-7.935869e-01	-6.910795e-01	-6.046114e-01	-5.321758e-01	-4.720914e-01	-4.229638e-01	-3.836528e-01	-3.532460e-01	-3.310377e-01	-3.165124e-01	-3.093331e-01	
-2.008896e+00	-1.729294e+00	-1.489827e+00	-1.284937e+00	-1.109870e+00	-9.605614e-01	-8.335466e-01	-7.258777e-01	-6.350556e-01	-5.589726e-01	-4.958628e-01	-4.442614e-01	-4.029710e-01	-3.710331e-01	-3.477065e-01	-3.324499e-01	-3.249090e-01	
-2.114199e+00	-1.819940e+00	-1.567921e+00	-1.352291e+00	-1.168047e+00	-1.010912e+00	-8.772396e-01	-7.639268e-01	-6.683441e-01	-5.882729e-01	-5.218550e-01	-4.675488e-01	-4.240940e-01	-3.904820e-01	-3.659326e-01	-3.498763e-01	-3.419402e-01	
-2.230134e+00	-1.919740e+00	-1.653900e+00	-1.426447e+00	-1.232099e+00	-1.066347e+00	-9.253445e-01	-8.058181e-01	-7.049939e-01	-6.205319e-01	-5.504718e-01	-4.931877e-01	-4.473499e-01	-4.118947e-01	-3.859992e-01	-3.690623e-01	-3.606910e-01	
-2.358777e+00	-2.030477e+00	-1.749303e+00	-1.508729e+00	-1.303171e+00	-1.127858e+00	-9.787218e-01	-8.523006e-01	-7.456605e-01	-6.563264e-01	-5.822250e-01	-5.216365e-01	-4.731547e-01	-4.356543e-01	-4.082650e-01	-3.903512e-01	-3.814970e-01	
-2.502796e+00	-2.154452e+00	-1.856110e+00	-1.600847e+00	-1.382738e+00	-1.196721e+00	-1.038479e+00	-9.043393e-01	-7.911880e-01	-6.963995e-01	-6.177738e-01	-5.534859e-01	-5.020439e-01	-4.622539e-01	-4.331923e-01	-4.141847e-01	-4.047900e-01	
-2.665694e+00	-2.294678e+00	-1.976918e+00	-1.705041e+00	-1.472736e+00	-1.274612e+00	-1.106070e+00	-9.631997e-01	-8.426838e-01	-7.417258e-01	-6.579826e-01	-5.895105e-01	-5.347203e-01	-4.923405e-01	-4.613874e-01	-4.411426e-01	-4.311364e-01	
-2.852165e+00	-2.455195e+00	-2.115208e+00	-1.824312e+00	-1.575757e+00	-1.363774e+00	-1.183442e+00	-1.030577e+00	-9.016313e-01	-7.936111e-01	-7.040098e-01	-6.307479e-01	-5.721251e-01	-5.267807e-01	-4.936624e-01	-4.720015e-01	-4.612953e-01	
-3.068651e+00	-2.641550e+00	-2.275757e+00	-1.962781e+00	-1.695360e+00	-1.467287e+00	-1.273268e+00	-1.108801e+00	-9.700671e-01	-8.538479e-01	-7.574457e-01	-6.786231e-01	-6.155506e-01	-5.667645e-01	-5.311324e-01	-5.078274e-01	-4.963086e-01	
-3.324256e+00	-2.861579e+00	-2.465317e+00	-2.126272e+00	-1.836576e+00	-1.589506e+00	-1.379326e+00	-1.201159e+00	-1.050869e+00	-9.249696e-01	-8.205375e-01	-7.351493e-01	-6.668232e-01	-6.139734e-01	-5.753734e-01	-5.501272e-01	-5.376489e-01	
-3.632295e+00	-3.126745e+00	-2.693763e+00	-2.323302e+00	-2.006761e+00	-1.736796e+00	-1.507140e+00	-1.312463e+00	-1.148247e+00	-1.010681e+00	-8.965720e-01	-8.032713e-01	-7.286139e-01	-6.708668e-01	-6.286899e-01	-6.011042e-01	-5.874696e-01	
-4.013077e+00	-3.454529e+00	-2.976157e+00	-2.566858e+00	-2.217135e+00	-1.918868e+00	-1.665137e+00	-1.450052e+00	-1.268621e+00	-1.116633e+00	-9.905616e-01	-8.874801e-01	-8.049961e-01	-7.411953e-01	-6.945969e-01	-6.641194e-01	-6.490554e-01	
-4.499227e+00	-3.873015e+00	-3.336693e+00	-2.877811e+00	-2.485721e+00	-2.151323e+00	-1.866854e+00	-1.625713e+00	-1.422303e+00	-1.251904e+00	-1.110560e+00	-9.949907e-01	-9.025145e-01	-8.309847e-01	-7.787413e-01	-7.445717e-01	-7.276829e-01	
-5.146773e+00	-4.430435e+00	-3.816923e+00	-3.291998e+00	-2.843476e+00	-2.460950e+00	-2.135539e+00	-1.859692e+00	-1.627007e+00	-1.432083e+00	-1.270396e+00	-1.138194e+00	-1.032408e+00	-9.505834e-01	-8.908209e-01	-8.517335e-01	-8.324140e-01	
-6.060856e+00	-5.217294e+00	-4.494820e+00	-3.876666e+00	-3.348486e+00	-2.898022e+00	-2.514817e+00	-2.189979e+00	-1.915968e+00	-1.686425e+00	-1.496022e+00	-1.340340e+00	-1.215767e+00	-1.119410e+00	-1.049033e+00	-1.003004e+00	-9.802532e-01	
-7.464910e+00	-6.425929e+00	-5.536087e+00	-4.774732e+00	-4.124195e+00	-3.569375e+00	-3.097398e+00	-2.697308e+00	-2.359820e+00	-2.077101e+00	-1.842590e+00	-1.650843e+00	-1.497411e+00	-1.378732e+00	-1.292052e+00	-1.235359e+00	-1.207338e+00	
-9.932854e+00	-8.550380e+00	-7.366351e+00	-6.353288e+00	-5.487678e+00	-4.749433e+00	-4.121417e+00	-3.589054e+00	-3.139991e+00	-2.763803e+00	-2.451761e+00	-2.196622e+00	-1.992464e+00	-1.834549e+00	-1.719212e+00	-1.643776e+00	-1.606491e+00	
-1.552205e+01	-1.336166e+01	-1.151138e+01	-9.928268e+00	-8.575582e+00	-7.421927e+00	-6.440528e+00	-5.608607e+00	-4.906856e+00	-4.318989e+00	-3.831361e+00	-3.432655e+00	-3.113618e+00	-2.866845e+00	-2.686608e+00	-2.568726e+00	-2.510460e+00	
-4.134429e+01	-3.558990e+01	-3.066153e+01	-2.644478e+01	-2.284179e+01	-1.976893e+01	-1.715489e+01	-1.493900e+01	-1.306983e+01	-1.150399e+01	-1.020515e+01	-9.143167e+00	-8.293385e+00	-7.636084e+00	-7.156009e+00	-6.842017e+00	-6.686823e+00	
4.642129e+01	3.996028e+01	3.442671e+01	2.969215e+01	2.564672e+01	2.219652e+01	1.926148e+01	1.677348e+01	1.467478e+01	1.291666e+01	1.145833e+01	1.026593e+01	9.311797e+00	8.573781e+00	8.034754e+00	7.682205e+00	7.507953e+00	
1.331620e+01	1.146283e+01	9.875493e+00	8.517358e+00	7.356903e+00	6.367194e+00	5.525262e+00	4.811566e+00	4.209541e+00	3.705216e+00	3.286885e+00	2.944839e+00	2.671141e+00	2.459437e+00	2.304814e+00	2.203683e+00	2.153698e+00	
7.126935e+00	6.134994e+00	5.285440e+00	4.558556e+00	3.937471e+00	3.407772e+00	2.957163e+00	2.575187e+00	2.252979e+00	1.983060e+00	1.759166e+00	1.576101e+00	1.429615e+00	1.316309e+00	1.233554e+00	1.179428e+00	1.152676e+00	
4.464517e+00	3.843136e+00	3.310951e+00	2.855610e+00	2.466545e+00	2.134726e+00	1.852452e+00	1.613171e+00	1.411331e+00	1.242246e+00	1.101992e+00	9.873147e-01	8.955519e-01	8.245740e-01	7.727336e-01	7.388277e-01	7.220691e-01	
2.945880e+00	2.535866e+00	2.184708e+00	1.884254e+00	1.627532e+00	1.408584e+00	1.222327e+00	1.064440e+00	9.312566e-01	8.196871e-01	7.271418e-01	6.514727e-01	5.909236e-01	5.440894e-01	5.098829e-01	4.875102e-01	4.764522e-01	
1.934273e+00	1.665057e+00	1.434485e+00	1.237207e+00	1.068642e+00	9.248802e-01	8.025836e-01	6.989141e-01	6.114657e-01	5.382089e-01	4.774434e-01	4.277588e-01	3.880022e-01	3.572506e-01	3.347905e-01	3.201006e-01	3.128399e-01	
1.185757e+00	1.020721e+00	8.793745e-01	7.584378e-01	6.551038e-01	5.669741e-01	4.920032e-01	4.284513e-01	3.748434e-01	3.299352e-01	2.926844e-01	2.622266e-01	2.378548e-01	2.190033e-01	2.052347e-01	1.962295e-01	1.917785e-01	
5.850506e-01	5.036221e-01	4.338822e-01	3.742122e-01	3.232273e-01	2.797442e-01	2.427537e-01	2.113973e-01	1.849472e-01	1.627895e-01	1.444101e-01	1.293822e-01	1.173572e-01	1.080559e-01	1.012625e-01	9.681935e-02	9.462323e-02	
6.857661e-02	5.903198e-02	5.085742e-02	4.386322e-02	3.788703e-02	3.279017e-02	2.845433e-02	2.477890e-02	2.167855e-02	1.908135e-02	1.692700e-02	1.516552e-02	1.375600e-02	1.266576e-02	1.186947e-02	1.134866e-02	1.109125e-02	
-4.040992e-01	-3.478559e-01	-2.996859e-01	-2.584714e-01	-2.232557e-01	-1.932216e-01	-1.676720e-01	-1.460138e-01	-1.277445e-01	-1.124401e-01	-9.974522e-02	-8.936536e-02	-8.105958e-02	-7.463512e-02	-6.994286e-02	-6.687391e-02	-6.535704e-02	
-8.631222e-01	-7.429911e-01	-6.401041e-01	-5.520733e-01	-4.768556e-01	-4.127052e-01	-3.581333e-01	-3.118734e-01	-2.728517e-01	-2.401626e-01	-2.130475e-01	-1.908769e-01	-1.731365e-01	-1.594144e-01	-1.493921e-01	-1.428371e-01	-1.395972e-01	
-1.335623e+00	-1.149728e+00	-9.905177e-01	-8.542960e-01	-7.379017e-01	-6.386333e-01	-5.541870e-01	-4.826029e-01	-4.222194e-01	-3.716353e-01	-3.296765e-01	-2.953691e-01	-2.679170e-01	-2.466829e-01	-2.311742e-01	-2.210307e-01	-2.160172e-01	
-1.851537e+00	-1.593836e+00	-1.373127e+00	-1.184287e+00	-1.022932e+00	-8.853194e-01	-7.682539e-01	-6.690188e-01	-5.853109e-01	-5.151876e-01	-4.570212e-01	-4.094619e-01	-3.714058e-01	-3.419696e-01	-3.204702e-01	-3.064086e-01	-2.994585e-01	
-2.450770e+00	-2.109667e+00	-1.817527e+00	-1.567570e+00	-1.353995e+00	-1.171845e+00	-1.016892e+00	-8.855406e-01	-7.747414e-01	-6.819233e-01	-6.049320e-01	-5.419805e-01	-4.916078e-01	-4.526449e-01	-4.241875e-01	-4.055750e-01	-3.963755e-01	
-3.195744e+00	-2.750954e+00	-2.370011e+00	-2.044073e+00	-1.765577e+00	-1.528057e+00	-1.326003e+00	-1.154723e+00	-1.010244e+00	-8.892114e-01	-7.888166e-01	-7.067294e-01	-6.410447e-01	-5.902380e-01	-5.531302e-01	-5.288599e-01	-5.168640e-01	
-4.199063e+00	-3.614629e+00	-3.114087e+00	-2.685819e+00	-2.319888e+00	-2.007798e+00	-1.742307e+00	-1.517254e+00	-1.327415e+00	-1.168384e+00	-1.036469e+00	-9.286104e-01	-8.423036e-01	-7.755460e-01	-7.267879e-01	-6.948980e-01	-6.791359e-01	
-5.697531e+00	-4.904537e+00	-4.225373e+00	-3.644275e+00	-3.147758e+00	-2.724296e+00	-2.364063e+00	-2.058698e+00	-1.801113e+00	-1.585330e+00	-1.406341e+00	-1.259992e+00	-1.142886e+00	-1.052306e+00	-9.861479e-01	-9.428777e-01	-9.214908e-01	
-8.303575e+00	-7.147867e+00	-6.158054e+00	-5.311163e+00	-4.587538e+00	-3.970387e+00	-3.445384e+00	-3.000344e+00	-2.624940e+00	-2.310459e+00	-2.049600e+00	-1.836311e+00	-1.665641e+00	-1.533629e+00	-1.437211e+00	-1.374149e+00	-1.342980e+00	
-1.426853e+01	-1.228261e+01	-1.058175e+01	-9.126491e+00	-7.883044e+00	-6.822555e+00	-5.920410e+00	-5.155673e+00	-4.510593e+00	-3.970200e+00	-3.521952e+00	-3.155444e+00	-2.862172e+00	-2.635327e+00	-2.469646e+00	-2.361283e+00	-2.307723e+00	
-4.423620e+01	-3.807931e+01	-3.280621e+01	-2.829451e+01	-2.443950e+01	-2.115171e+01	-1.835482e+01	-1.598394e+01	-1.398402e+01	-1.230866e+01	-1.091897e+01	-9.782705e+00	-8.873482e+00	-8.170205e+00	-7.656550e+00	-7.320596e+00	-7.154546e+00	
4.281646e+01	3.685718e+01	3.175332e+01	2.738642e+01	2.365513e+01	2.047286e+01	1.776574e+01	1.547094e+01	1.353521e+01	1.191362e+01	1.056854e+01	9.468735e+00	8.588694e+00	7.907988e+00	7.410818e+00	7.085647e+00	6.924926e+00	
1.452239e+01	1.250114e+01	1.077002e+01	9.288866e+00	8.023296e+00	6.943939e+00	6.025744e+00	5.247400e+00	4.590844e+00	4.040836e+00	3.584613e+00	3.211585e+00	2.913094e+00	2.682214e+00	2.513585e+00	2.403294e+00	2.348781e+00	
8.709896e+00	7.497635e+00	6.459387e+00	5.571055e+00	4.812021e+00	4.164670e+00	3.613977e+00	3.147161e+00	2.753387e+00	2.423517e+00	2.149894e+00	1.926168e+00	1.747146e+00	1.608674e+00	1.507538e+00	1.441390e+00	1.408696e+00	
6.170449e+00	5.311634e+00	4.576096e+00	3.946765e+00	3.409034e+00	2.950424e+00	2.560290e+00	2.229578e+00	1.950613e+00	1.716919e+00	1.523073e+00	1.364577e+00	1.237750e+00	1.139651e+00	1.068002e+00	1.021140e+00	9.979783e-01	
4.728641e+00	4.070499e+00	3.506829e+00	3.024550e+00	2.612468e+00	2.261018e+00	1.962044e+00	1.708607e+00	1.494826e+00	1.315738e+00	1.167187e+00	1.045725e+00	9.485334e-01	8.733564e-01	8.184491e-01	7.825372e-01	7.647873e-01	
3.787765e+00	3.260576e+00	2.809062e+00	2.422744e+00	2.092655e+00	1.811134e+00	1.571649e+00	1.368639e+00	1.197395e+00	1.053940e+00	9.349472e-01	8.376531e-01	7.598001e-01	6.995813e-01	6.555992e-01	6.268328e-01	6.126146e-01	
3.117473e+00	2.683577e+00	2.311964e+00	1.994009e+00	1.722334e+00	1.490632e+00	1.293526e+00	1.126442e+00	9.855009e-01	8.674326e-01	7.694967e-01	6.894200e-01	6.253441e-01	5.757817e-01	5.395828e-01	5.159070e-01	5.042049e-01	
2.609906e+00	2.246654e+00	1.935545e+00	1.669358e+00	1.441914e+00	1.247937e+00	1.082922e+00	9.430417e-01	8.250480e-01	7.262029e-01	6.442122e-01	5.771731e-01	5.235296e-01	4.820367e-01	4.517314e-01	4.319103e-01	4.221135e-01	
2.207747e+00	1.900468e+00	1.637298e+00	1.412127e+00	1.219730e+00	1.055643e+00	9.160553e-01	7.977288e-01	6.979167e-01	6.143026e-01	5.449458e-01	4.882367e-01	4.428591e-01	4.077598e-01	3.821243e-01	3.653574e-01	3.570702e-01	
1.877655e+00	1.616319e+00	1.392496e+00	1.200992e+00	1.037362e+00	8.978078e-01	7.790909e-01	6.784560e-01	5.935674e-01	5.224548e-01	4.634680e-01	4.152378e-01	3.766448e-01	3.467934e-01	3.249908e-01	3.107309e-01	3.036827e-01	
1.598862e+00	1.376329e+00	1.185739e+00	1.022670e+00	8.833352e-01	7.645020e-01	6.634121e-01	5.777194e-01	5.054349e-01	4.448812e-01	3.946526e-01	3.535836e-01	3.207209e-01	2.953018e-01	2.767364e-01	2.645938e-01	2.585921e-01	
1.357712e+00	1.168742e+00	1.006899e+00	8.684243e-01	7.501050e-01	6.491950e-01	5.633521e-01	4.905841e-01	4.292021e-01	3.777814e-01	3.351286e-01	3.002539e-01	2.723478e-01	2.507626e-01	2.349973e-01	2.246861e-01	2.195896e-01	
1.144810e+00	9.854729e-01	8.490078e-01	7.322474e-01	6.324817e-01	5.473953e-01	4.750133e-01	4.136560e-01	3.618992e-01	3.185418e-01	2.825774e-01	2.531713e-01	2.296411e-01	2.114407e-01	1.981476e-01	1.894532e-01	1.851560e-01	
9.534420e-01	8.207400e-01	7.070866e-01	6.098440e-01	5.267552e-01	4.558920e-01	3.956095e-01	3.445088e-01	3.014037e-01	2.652940e-01	2.353414e-01	2.108509e-01	1.912540e-01	1.760960e-01	1.650250e-01	1.577840e-01	1.542051e-01	
7.786385e-01	6.702660e-01	5.774498e-01	4.980356e-01	4.301803e-01	3.723090e-01	3.230787e-01	2.813467e-01	2.461445e-01	2.166551e-01	1.921940e-01	1.721936e-01	1.561896e-01	1.438107e-01	1.347694e-01	1.288560e-01	1.259332e-01	
6.165999e-01	5.307803e-01	4.572795e-01	3.943918e-01	3.406576e-01	2.948296e-01	2.558444e-01	2.227970e-01	1.949206e-01	1.715681e-01	1.521975e-01	1.363592e-01	1.236858e-01	1.138829e-01	1.067232e-01	1.020404e-01	9.972585e-02	
4.643261e-01	3.997002e-01	3.443510e-01	2.969939e-01	2.565297e-01	2.220193e-01	1.926617e-01	1.677757e-01	1.467835e-01	1.291981e-01	1.146112e-01	1.026843e-01	9.314067e-02	8.575871e-02	8.036712e-02	7.684078e-02	7.509783e-02	
3.193682e-01	2.749179e-01	2.368482e-01	2.042755e-01	1.764438e-01	1.527072e-01	1.325147e-01	1.153978e-01	1.009592e-01	8.886378e-02	7.883077e-02	7.062735e-02	6.406312e-02	5.898573e-02	5.527734e-02	5.285188e-02	5.165306e-02	
1.796553e-01	1.546505e-01	1.332350e-01	1.149118e-01	9.925552e-02	8.590288e-02	7.454397e-02	6.491515e-02	5.679295e-02	4.998885e-02	4.434495e-02	3.973025e-02	3.603765e-02	3.318144e-02	3.109535e-02	2.973095e-02	2.905657e-02	
4.336652e-02	3.733068e-02	3.216125e-02	2.773825e-02	2.395903e-02	2.073587e-02	1.799397e-02	1.566970e-02	1.370910e-02	1.206668e-02	1.070431e-02	9.590379e-03	8.699032e-03	8.009581e-03	7.506024e-03	7.176675e-03	7.013889e-03	
-9.116763e-02	-7.847873e-02	-6.761125e-02	-5.831296e-02	-5.036806e-02	-4.359215e-02	-3.782798e-02	-3.294175e-02	-2.882007e-02	-2.536727e-02	-2.250322e-02	-2.016145e-02	-1.828761e-02	-1.683821e-02	-1.577960e-02	-1.508722e-02	-1.474501e-02	
-2.255485e-01	-1.941562e-01	-1.672701e-01	-1.442661e-01	-1.246105e-01	-1.078469e-01	-9.358632e-02	-8.149781e-02	-7.130077e-02	-6.275856e-02	-5.567292e-02	-4.987939e-02	-4.524351e-02	-4.165768e-02	-3.903870e-02	-3.732576e-02	-3.647911e-02	
-3.613857e-01	-3.110873e-01	-2.680090e-01	-2.311508e-01	-1.996575e-01	-1.727980e-01	-1.499490e-01	-1.305801e-01	-1.142419e-01	-1.005551e-01	-8.920210e-02	-7.991939e-02	-7.249154e-02	-6.674615e-02	-6.254986e-02	-5.980530e-02	-5.844876e-02	
-5.003749e-01	-4.307317e-01	-3.710854e-01	-3.200516e-01	-2.764459e-01	-2.392562e-01	-2.076194e-01	-1.808013e-01	-1.581794e-01	-1.392286e-01	-1.235093e-01	-1.106564e-01	-1.003718e-01	-9.241676e-02	-8.660658e-02	-8.280646e-02	-8.092820e-02	
-6.443845e-01	-5.546978e-01	-4.778850e-01	-4.121635e-01	-3.560079e-01	-3.081149e-01	-2.673730e-01	-2.328365e-01	-2.037039e-01	-1.792991e-01	-1.590557e-01	-1.425037e-01	-1.292592e-01	-1.190146e-01	-1.115322e-01	-1.066384e-01	-1.042196e-01	
-7.955623e-01	-6.848343e-01	-5.900007e-01	-5.088604e-01	-4.395303e-01	-3.804012e-01	-3.301008e-01	-2.874618e-01	-2.514945e-01	-2.213641e-01	-1.963714e-01	-1.759363e-01	-1.595844e-01	-1.469364e-01	-1.376986e-01	-1.316567e-01	-1.286704e-01	
-9.564750e-01	-8.233509e-01	-7.093359e-01	-6.117840e-01	-5.284309e-01	-4.573422e-01	-3.968680e-01	-3.456047e-01	-3.023625e-01	-2.661379e-01	-2.360900e-01	-2.115216e-01	-1.918624e-01	-1.766562e-01	-1.655499e-01	-1.582859e-01	-1.546956e-01	
-1.130302e+00	-9.729839e-01	-8.382483e-01	-7.229675e-01	-6.244662e-01	-5.404581e-01	-4.689934e-01	-4.084137e-01	-3.573129e-01	-3.145049e-01	-2.789963e-01	-2.499629e-01	-2.267309e-01	-2.087611e-01	-1.956364e-01	-1.870523e-01	-1.828095e-01	
-1.321114e+00	-1.137239e+00	-9.797579e-01	-8.450159e-01	-7.298860e-01	-6.316960e-01	-5.481670e-01	-4.773604e-01	-4.176329e-01	-3.675983e-01	-3.260953e-01	-2.921606e-01	-2.650066e-01	-2.440033e-01	-2.286629e-01	-2.186297e-01	-2.136706e-01	
-1.534305e+00	-1.320757e+00	-1.137863e+00	-9.813774e-01	-8.476687e-01	-7.336337e-01	-6.366255e-01	-5.543928e-01	-4.850270e-01	-4.269182e-01	-3.787177e-01	-3.393069e-01	-3.077711e-01	-2.833784e-01	-2.655626e-01	-2.539103e-01	-2.481509e-01	
-1.777252e+00	-1.529890e+00	-1.318036e+00	-1.136772e+00	-9.818917e-01	-8.497999e-01	-7.374311e-01	-6.421773e-01	-5.618279e-01	-4.945179e-01	-4.386853e-01	-3.930340e-01	-3.565047e-01	-3.282496e-01	-3.076128e-01	-2.941153e-01	-2.874440e-01	
-2.060429e+00	-1.773654e+00	-1.528044e+00	-1.317899e+00	-1.138341e+00	-9.852021e-01	-8.549291e-01	-7.444982e-01	-6.513463e-01	-5.733116e-01	-5.085828e-01	-4.556578e-01	-4.133082e-01	-3.805510e-01	-3.566260e-01	-3.409780e-01	-3.332437e-01	
-2.399310e+00	-2.065369e+00	-1.779363e+00	-1.534655e+00	-1.325565e+00	-1.147239e+00	-9.955401e-01	-8.669465e-01	-7.584738e-01	-6.676047e-01	-5.922299e-01	-5.306003e-01	-4.812853e-01	-4.431405e-01	-4.152806e-01	-3.970589e-01	-3.880526e-01	
-2.817869e+00	-2.425673e+00	-2.089773e+00	-1.802376e+00	-1.556809e+00	-1.347375e+00	-1.169212e+00	-1.018185e+00	-8.907897e-01	-7.840684e-01	-6.955445e-01	-6.231635e-01	-5.652456e-01	-5.204465e-01	-4.877264e-01	-4.663259e-01	-4.557484e-01	
-3.355481e+00	-2.888458e+00	-2.488474e+00	-2.146245e+00	-1.853828e+00	-1.604436e+00	-1.392282e+00	-1.212441e+00	-1.060740e+00	-9.336580e-01	-8.282450e-01	-7.420547e-01	-6.730868e-01	-6.197406e-01	-5.807780e-01	-5.552946e-01	-5.426991e-01	
-4.081792e+00	-3.513680e+00	-3.027117e+00	-2.610811e+00	-2.255098e+00	-1.951725e+00	-1.693649e+00	-1.474881e+00	-1.290343e+00	-1.135753e+00	-1.007523e+00	-9.026764e-01	-8.187800e-01	-7.538867e-01	-7.064904e-01	-6.754910e-01	-6.601692e-01	
-5.132964e+00	-4.418548e+00	-3.806682e+00	-3.283165e+00	-2.835847e+00	-2.454347e+00	-2.129809e+00	-1.854702e+00	-1.622641e+00	-1.428240e+00	-1.266987e+00	-1.135140e+00	-1.029638e+00	-9.480329e-01	-8.884308e-01	-8.494482e-01	-8.301805e-01	
-6.816284e+00	-5.867580e+00	-5.055057e+00	-4.359856e+00	-3.765843e+00	-3.259233e+00	-2.828265e+00	-2.462939e+00	-2.154775e+00	-1.896622e+00	-1.682487e+00	-1.507401e+00	-1.367301e+00	-1.258934e+00	-1.179785e+00	-1.128019e+00	-1.102432e+00	
-1.000279e+01	-8.610581e+00	-7.418216e+00	-6.398020e+00	-5.526316e+00	-4.782873e+00	-4.150435e+00	-3.614324e+00	-3.162099e+00	-2.783263e+00	-2.469023e+00	-2.212088e+00	-2.006492e+00	-1.847465e+00	-1.731317e+00	-1.655350e+00	-1.617802e+00	
-1.851730e+01	-1.594003e+01	-1.373271e+01	-1.184410e+01	-1.023039e+01	-8.854120e+00	-7.683343e+00	-6.690888e+00	-5.853722e+00	-5.152415e+00	-4.570690e+00	-4.095047e+00	-3.714446e+00	-3.420054e+00	-3.205038e+00	-3.064407e+00	-2.994898e+00	
-1.214678e+02	-1.045617e+02	-9.008230e+01	-7.769367e+01	-6.710822e+01	-5.808030e+01	-5.040035e+01	-4.389016e+01	-3.839861e+01	-3.379825e+01	-2.998232e+01	-2.686225e+01	-2.436562e+01	-2.243450e+01	-2.102406e+01	-2.010156e+01	-1.964561e+01	
2.638637e+01	2.271386e+01	1.956852e+01	1.687734e+01	1.457787e+01	1.261674e+01	1.094843e+01	9.534228e+00	8.341303e+00	7.341970e+00	6.513038e+00	5.835267e+00	5.292927e+00	4.873430e+00	4.567041e+00	4.366649e+00	4.267602e+00	
1.176977e+01	1.013163e+01	8.728632e+00	7.528220e+00	6.502531e+00	5.627759e+00	4.883602e+00	4.252789e+00	3.720679e+00	3.274922e+00	2.905172e+00	2.602849e+00	2.360936e+00	2.173817e+00	2.037151e+00	1.947765e+00	1.903585e+00	
7.486024e+00	6.444104e+00	5.551746e+00	4.788237e+00	4.135860e+00	3.579471e+00	3.106159e+00	2.704937e+00	2.366495e+00	2.082976e+00	1.847801e+00	1.655512e+00	1.501646e+00	1.382631e+00	1.295706e+00	1.238853e+00	1.210753e+00	
5.421395e+00	4.666834e+00	4.020586e+00	3.467652e+00	2.995199e+00	2.592261e+00	2.249487e+00	1.958922e+00	1.713821e+00	1.508496e+00	1.338182e+00	1.198926e+00	1.087495e+00	1.001305e+00	9.383534e-01	8.971803e-01	8.768300e-01	
4.194581e+00	3.610771e+00	3.110763e+00	2.682953e+00	2.317411e+00	2.005655e+00	1.740448e+00	1.515635e+00	1.325998e+00	1.167136e+00	1.035363e+00	9.276192e-01	8.414046e-01	7.747182e-01	7.260122e-01	6.941563e-01	6.784110e-01	
3.373442e+00	2.903919e+00	2.501794e+00	2.157733e+00	1.863751e+00	1.613024e+00	1.399735e+00	1.218931e+00	1.066418e+00	9.386556e-01	8.326784e-01	7.460268e-01	6.766897e-01	6.230579e-01	5.838867e-01	5.582670e-01	5.456040e-01	
2.779192e+00	2.392378e+00	2.061089e+00	1.777636e+00	1.535441e+00	1.328881e+00	1.153164e+00	1.004210e+00	8.785628e-01	7.733063e-01	6.859975e-01	6.146100e-01	5.574871e-01	5.133028e-01	4.810319e-01	4.599252e-01	4.494929e-01	
2.324412e+00	2.000895e+00	1.723818e+00	1.486749e+00	1.284185e+00	1.111426e+00	9.644628e-01	8.398835e-01	7.347970e-01	6.467644e-01	5.737426e-01	5.140368e-01	4.662613e-01	4.293073e-01	4.023170e-01	3.846642e-01	3.759390e-01	
1.961253e+00	1.688282e+00	1.454494e+00	1.254464e+00	1.083548e+00	9.377808e-01	8.137783e-01	7.086628e-01	6.199947e-01	5.457160e-01	4.841029e-01	4.337254e-01	3.934142e-01	3.622337e-01	3.394603e-01	3.245655e-01	3.172035e-01	
1.661283e+00	1.430062e+00	1.232032e+00	1.062596e+00	9.178213e-01	7.943488e-01	6.893122e-01	6.002740e-01	5.251675e-01	4.622497e-01	4.100602e-01	3.673878e-01	3.332421e-01	3.068306e-01	2.875404e-01	2.749237e-01	2.686878e-01	
1.406502e+00	1.210742e+00	1.043083e+00	8.996320e-01	7.770608e-01	6.725244e-01	5.835967e-01	5.082137e-01	4.446259e-01	3.913573e-01	3.471718e-01	3.110438e-01	2.821348e-01	2.597739e-01	2.434421e-01	2.327604e-01	2.274808e-01	
1.184925e+00	1.020005e+00	8.787576e-01	7.579058e-01	6.546442e-01	5.665763e-01	4.916581e-01	4.281508e-01	3.745804e-01	3.297037e-01	2.924791e-01	2.620426e-01	2.376879e-01	2.188497e-01	2.050908e-01	1.960918e-01	1.916439e-01	
9.882192e-01	8.506768e-01	7.328779e-01	6.320883e-01	5.459688e-01	4.725208e-01	4.100395e-01	3.570748e-01	3.123975e-01	2.749706e-01	2.439256e-01	2.185418e-01	1.982301e-01	1.825192e-01	1.710443e-01	1.635392e-01	1.598297e-01	
8.103744e-01	6.975849e-01	6.009856e-01	5.183346e-01	4.477136e-01	3.874837e-01	3.362468e-01	2.928139e-01	2.561769e-01	2.254856e-01	2.000275e-01	1.792119e-01	1.625556e-01	1.496721e-01	1.402623e-01	1.341079e-01	1.310660e-01	
6.469016e-01	5.568646e-01	4.797518e-01	4.137735e-01	3.573986e-01	3.093185e-01	2.684174e-01	2.337460e-01	2.044996e-01	1.799995e-01	1.596770e-01	1.430604e-01	1.297641e-01	1.194795e-01	1.119679e-01	1.070550e-01	1.046267e-01	
4.943351e-01	4.255326e-01	3.666062e-01	3.161884e-01	2.731090e-01	2.363682e-01	2.051133e-01	1.786189e-01	1.562701e-01	1.375481e-01	1.220185e-01	1.093208e-01	9.916029e-02	9.130124e-02	8.556119e-02	8.180694e-02	7.995135e-02	
3.499073e-01	3.012065e-01	2.594964e-01	2.238089e-01	1.933159e-01	1.673095e-01	1.451862e-01	1.264326e-01	1.106133e-01	9.736122e-02	8.636882e-02	7.738096e-02	7.018903e-02	6.462613e-02	6.056313e-02	5.790574e-02	5.659229e-02	
2.113271e-01	1.819142e-01	1.567233e-01	1.351698e-01	1.167535e-01	1.010469e-01	8.768546e-02	7.635916e-02	6.680508e-02	5.880148e-02	5.216260e-02	4.673436e-02	4.239079e-02	3.903106e-02	3.657721e-02	3.497227e-02	3.417901e-02	
7.662288e-02	6.595836e-02	5.682466e-02	4.900980e-02	4.233242e-02	3.663753e-02	3.179296e-02	2.768627e-02	2.422216e-02	2.132021e-02	1.891309e-02	1.694493e-02	1.537003e-02	1.415187e-02	1.326215e-02	1.268023e-02	1.239261e-02	
-5.597642e-02	-4.818551e-02	-4.151294e-02	-3.580384e-02	-3.092571e-02	-2.676534e-02	-2.322617e-02	-2.022605e-02	-1.769536e-02	-1.557536e-02	-1.381685e-02	-1.237902e-02	-1.122849e-02	-1.033857e-02	-9.688588e-03	-9.263473e-03	-9.053353e-03	
