-1.752725e-04	-1.746568e-04	-1.740870e-04	-1.735626e-04	-1.730832e-04	-1.726483e-04	-1.722576e-04	-1.719106e-04	-1.716070e-04	-1.713464e-04	-1.711287e-04	-1.709535e-04	-1.708206e-04	-1.707299e-04	-1.706810e-04	-1.706738e-04	-1.707083e-04	
-5.236904e+09	-4.582196e+09	-3.927527e+09	-3.272891e+09	-2.618283e+09	-1.963696e+09	-1.309127e+09	-6.545680e+08	-1.488937e+04	6.545383e+08	1.309097e+09	1.963667e+09	2.618253e+09	3.272861e+09	3.927497e+09	4.582167e+09	5.236874e+09	
-1.046137e+10	-9.153513e+09	-7.845730e+09	-6.538012e+09	-5.230349e+09	-3.922731e+09	-2.615145e+09	-1.307582e+09	-2.973511e+04	1.307523e+09	2.615086e+09	3.922671e+09	5.230290e+09	6.537953e+09	7.845670e+09	9.153454e+09	1.046131e+10	
-1.566101e+10	-1.370311e+10	-1.174531e+10	-9.787616e+09	-7.830003e+09	-5.872456e+09	-3.914958e+09	-1.957493e+09	-4.449375e+04	1.957404e+09	3.914869e+09	5.872367e+09	7.829914e+09	9.787527e+09	1.174522e+10	1.370302e+10	1.566092e+10	
-2.082350e+10	-1.822019e+10	-1.561703e+10	-1.301400e+10	-1.041108e+10	-7.808252e+09	-5.205485e+09	-2.602761e+09	-5.912209e+04	2.602643e+09	5.205367e+09	7.808134e+09	1.041097e+10	1.301389e+10	1.561692e+10	1.822007e+10	2.082339e+10	
-2.593664e+10	-2.269410e+10	-1.945174e+10	-1.620955e+10	-1.296749e+10	-9.725544e+09	-6.483675e+09	-3.241861e+09	-7.357738e+04	3.241714e+09	6.483528e+09	9.725397e+09	1.296735e+10	1.620940e+10	1.945160e+10	2.269395e+10	2.593649e+10	
-3.098837e+10	-2.711427e+10	-2.324040e+10	-1.936672e+10	-1.549320e+10	-1.161981e+10	-7.746517e+09	-3.873286e+09	-8.781746e+04	3.873111e+09	7.746341e+09	1.161964e+10	1.549303e+10	1.936655e+10	2.324023e+10	2.711410e+10	3.098819e+10	
-3.596682e+10	-3.147034e+10	-2.697411e+10	-2.247810e+10	-1.798228e+10	-1.348661e+10	-8.991043e+09	-4.495554e+09	-1.018009e+05	4.495351e+09	8.990840e+09	1.348640e+10	1.798208e+10	2.247790e+10	2.697391e+10	3.147013e+10	3.596662e+10	
-4.086037e+10	-3.575211e+10	-3.064414e+10	-2.553642e+10	-2.042891e+10	-1.532157e+10	-1.021435e+10	-5.107210e+09	-1.154870e+05	5.106979e+09	1.021412e+10	1.532133e+10	2.042868e+10	2.553619e+10	3.064391e+10	3.575188e+10	4.086013e+10	
-4.565762e+10	-3.994963e+10	-3.424196e+10	-2.853456e+10	-2.282740e+10	-1.712042e+10	-1.141358e+10	-5.706831e+09	-1.288363e+05	5.706574e+09	1.141332e+10	1.712016e+10	2.282714e+10	2.853431e+10	3.424170e+10	3.994937e+10	4.565736e+10	
-5.034749e+10	-4.405320e+10	-3.775925e+10	-3.146561e+10	-2.517221e+10	-1.887902e+10	-1.258598e+10	-6.293034e+09	-1.418103e+05	6.292750e+09	1.258569e+10	1.887873e+10	2.517193e+10	3.146532e+10	3.775897e+10	4.405291e+10	5.034721e+10	
-5.491924e+10	-4.805341e+10	-4.118796e+10	-3.432283e+10	-2.745797e+10	-2.059332e+10	-1.372884e+10	-6.864472e+09	-1.543718e+05	6.864163e+09	1.372854e+10	2.059302e+10	2.745766e+10	3.432252e+10	4.118765e+10	4.805310e+10	5.491893e+10	
-5.936246e+10	-5.194117e+10	-4.452027e+10	-3.709973e+10	-2.967947e+10	-2.225944e+10	-1.483959e+10	-7.419848e+09	-1.664849e+05	7.419515e+09	1.483925e+10	2.225911e+10	2.967914e+10	3.709940e+10	4.451994e+10	5.194083e+10	5.936213e+10	
-6.366716e+10	-5.570772e+10	-4.774871e+10	-3.979006e+10	-3.183172e+10	-2.387362e+10	-1.591570e+10	-7.957911e+09	-1.781153e+05	7.957555e+09	1.591535e+10	2.387326e+10	3.183136e+10	3.978971e+10	4.774835e+10	5.570737e+10	6.366680e+10	
-6.782375e+10	-5.934469e+10	-5.086608e+10	-4.238784e+10	-3.390993e+10	-2.543227e+10	-1.695480e+10	-8.477464e+09	-1.892303e+05	8.477086e+09	1.695443e+10	2.543189e+10	3.390955e+10	4.238747e+10	5.086570e+10	5.934431e+10	6.782337e+10	
-7.182312e+10	-6.284409e+10	-5.386553e+10	-4.488737e+10	-3.590953e+10	-2.693197e+10	-1.795460e+10	-8.977367e+09	-1.997988e+05	8.976968e+09	1.795420e+10	2.693157e+10	3.590914e+10	4.488697e+10	5.386513e+10	6.284369e+10	7.182272e+10	
-7.565660e+10	-6.619835e+10	-5.674058e+10	-4.728323e+10	-3.782621e+10	-2.836947e+10	-1.891294e+10	-9.456539e+09	-2.097917e+05	9.456119e+09	1.891252e+10	2.836905e+10	3.782579e+10	4.728281e+10	5.674016e+10	6.619793e+10	7.565618e+10	
-7.931605e+10	-6.940034e+10	-5.948513e+10	-4.957033e+10	-3.965589e+10	-2.974172e+10	-1.982777e+10	-9.913960e+09	-2.191817e+05	9.913521e+09	1.982733e+10	2.974128e+10	3.965545e+10	4.956989e+10	5.948469e+10	6.939990e+10	7.931561e+10	
-8.279385e+10	-7.244340e+10	-6.209344e+10	-5.174392e+10	-4.139475e+10	-3.104587e+10	-2.069720e+10	-1.034868e+10	-2.279436e+05	1.034822e+10	2.069675e+10	3.104541e+10	4.139429e+10	5.174346e+10	6.209299e+10	7.244294e+10	8.279340e+10	
-8.608294e+10	-7.532133e+10	-6.456023e+10	-5.379957e+10	-4.303926e+10	-3.227925e+10	-2.151946e+10	-1.075981e+10	-2.360541e+05	1.075934e+10	2.151899e+10	3.227878e+10	4.303879e+10	5.379909e+10	6.455976e+10	7.532086e+10	8.608246e+10	
-8.917679e+10	-7.802845e+10	-6.688061e+10	-5.573321e+10	-4.458618e+10	-3.343944e+10	-2.229292e+10	-1.114654e+10	-2.434921e+05	1.114606e+10	2.229243e+10	3.343895e+10	4.458569e+10	5.573273e+10	6.688012e+10	7.802796e+10	8.917631e+10	
-9.206951e+10	-8.055957e+10	-6.905015e+10	-5.754116e+10	-4.603254e+10	-3.452421e+10	-2.301610e+10	-1.150814e+10	-2.502389e+05	1.150764e+10	2.301560e+10	3.452371e+10	4.603204e+10	5.754066e+10	6.904965e+10	8.055907e+10	9.206901e+10	
-9.475577e+10	-8.291005e+10	-7.106485e+10	-5.922008e+10	-4.737568e+10	-3.553157e+10	-2.368768e+10	-1.184393e+10	-2.562780e+05	1.184342e+10	2.368716e+10	3.553106e+10	4.737517e+10	5.921957e+10	7.106434e+10	8.290954e+10	9.475525e+10	
-9.723087e+10	-8.507578e+10	-7.292120e+10	-6.076705e+10	-4.861326e+10	-3.645976e+10	-2.430647e+10	-1.215333e+10	-2.615950e+05	1.215281e+10	2.430595e+10	3.645923e+10	4.861273e+10	6.076652e+10	7.292067e+10	8.507526e+10	9.723034e+10	
-9.949074e+10	-8.705319e+10	-7.461613e+10	-6.217951e+10	-4.974323e+10	-3.730724e+10	-2.487146e+10	-1.243583e+10	-2.661782e+05	1.243530e+10	2.487093e+10	3.730671e+10	4.974270e+10	6.217897e+10	7.461560e+10	8.705266e+10	9.949020e+10	
-1.015319e+11	-8.883927e+10	-7.614708e+10	-6.345531e+10	-5.076389e+10	-3.807274e+10	-2.538180e+10	-1.269100e+10	-2.700181e+05	1.269046e+10	2.538126e+10	3.807220e+10	5.076335e+10	6.345477e+10	7.614654e+10	8.883873e+10	1.015314e+11	
-1.033517e+11	-9.043159e+10	-7.751195e+10	-6.459272e+10	-5.167383e+10	-3.875520e+10	-2.583678e+10	-1.291849e+10	-2.731077e+05	1.291795e+10	2.583623e+10	3.875466e+10	5.167328e+10	6.459218e+10	7.751141e+10	9.043104e+10	1.033511e+11	
-1.049478e+11	-9.182827e+10	-7.870914e+10	-6.559040e+10	-5.247198e+10	-3.935383e+10	-2.623587e+10	-1.311804e+10	-2.754425e+05	1.311749e+10	2.623532e+10	3.935328e+10	5.247143e+10	6.558985e+10	7.870859e+10	9.182772e+10	1.049473e+11	
-1.063189e+11	-9.302801e+10	-7.973753e+10	-6.644741e+10	-5.315761e+10	-3.986806e+10	-2.657870e+10	-1.328946e+10	-2.770202e+05	1.328890e+10	2.657814e+10	3.986751e+10	5.315706e+10	6.644686e+10	7.973697e+10	9.302745e+10	1.063184e+11	
-1.074641e+11	-9.403008e+10	-8.059649e+10	-6.716325e+10	-5.373030e+10	-4.029759e+10	-2.686505e+10	-1.343264e+10	-2.778412e+05	1.343208e+10	2.686450e+10	4.029703e+10	5.372974e+10	6.716269e+10	8.059593e+10	9.402953e+10	1.074635e+11	
-1.083832e+11	-9.483433e+10	-8.128589e+10	-6.773778e+10	-5.418995e+10	-4.064234e+10	-2.709489e+10	-1.354756e+10	-2.779082e+05	1.354700e+10	2.709434e+10	4.064178e+10	5.418939e+10	6.773723e+10	8.128534e+10	9.483378e+10	1.083826e+11	
-1.090766e+11	-9.544117e+10	-8.180609e+10	-6.817132e+10	-5.453680e+10	-4.090249e+10	-2.726833e+10	-1.363428e+10	-2.772265e+05	1.363372e+10	2.726778e+10	4.090193e+10	5.453624e+10	6.817076e+10	8.180554e+10	9.544062e+10	1.090761e+11	
-1.095456e+11	-9.585158e+10	-8.215792e+10	-6.846455e+10	-5.477141e+10	-4.107846e+10	-2.738565e+10	-1.369294e+10	-2.758036e+05	1.369239e+10	2.738510e+10	4.107791e+10	5.477086e+10	6.846399e+10	8.215737e+10	9.585103e+10	1.095450e+11	
-1.097918e+11	-9.606708e+10	-8.234269e+10	-6.861856e+10	-5.489465e+10	-4.117090e+10	-2.744729e+10	-1.372376e+10	-2.736494e+05	1.372321e+10	2.744674e+10	4.117036e+10	5.489410e+10	6.861802e+10	8.234214e+10	9.606653e+10	1.097912e+11	
-1.098176e+11	-9.608975e+10	-8.236219e+10	-6.863486e+10	-5.490771e+10	-4.118072e+10	-2.745384e+10	-1.372704e+10	-2.707761e+05	1.372649e+10	2.745330e+10	4.118018e+10	5.490717e+10	6.863431e+10	8.236165e+10	9.608921e+10	1.098170e+11	
-1.096260e+11	-9.592223e+10	-8.221866e+10	-6.851529e+10	-5.481209e+10	-4.110902e+10	-2.740605e+10	-1.370314e+10	-2.671982e+05	1.370261e+10	2.740551e+10	4.110848e+10	5.481156e+10	6.851476e+10	8.221813e+10	9.592169e+10	1.096255e+11	
-1.092207e+11	-9.556764e+10	-8.191480e+10	-6.826212e+10	-5.460958e+10	-4.095716e+10	-2.730481e+10	-1.365252e+10	-2.629325e+05	1.365200e+10	2.730429e+10	4.095663e+10	5.460906e+10	6.826159e+10	8.191427e+10	9.556711e+10	1.092201e+11	
-1.086057e+11	-9.502965e+10	-8.145373e+10	-6.787795e+10	-5.430228e+10	-4.072669e+10	-2.715118e+10	-1.357571e+10	-2.579976e+05	1.357519e+10	2.715066e+10	4.072618e+10	5.430176e+10	6.787743e+10	8.145321e+10	9.502913e+10	1.086052e+11	
-1.077859e+11	-9.431240e+10	-8.083902e+10	-6.736574e+10	-5.389255e+10	-4.041941e+10	-2.694633e+10	-1.347328e+10	-2.524146e+05	1.347278e+10	2.694583e+10	4.041891e+10	5.389204e+10	6.736524e+10	8.083852e+10	9.431190e+10	1.077854e+11	
-1.067665e+11	-9.342054e+10	-8.007464e+10	-6.672881e+10	-5.338304e+10	-4.003730e+10	-2.669160e+10	-1.334592e+10	-2.462063e+05	1.334542e+10	2.669111e+10	4.003681e+10	5.338254e+10	6.672832e+10	8.007415e+10	9.342005e+10	1.067660e+11	
-1.055534e+11	-9.235915e+10	-7.916496e+10	-6.597080e+10	-5.277666e+10	-3.958253e+10	-2.638843e+10	-1.319433e+10	-2.393974e+05	1.319385e+10	2.638795e+10	3.958206e+10	5.277618e+10	6.597032e+10	7.916448e+10	9.235867e+10	1.055529e+11	
-1.041528e+11	-9.113377e+10	-7.811471e+10	-6.509564e+10	-5.207657e+10	-3.905749e+10	-2.603840e+10	-1.301932e+10	-2.320145e+05	1.301885e+10	2.603794e+10	3.905702e+10	5.207610e+10	6.509518e+10	7.811425e+10	9.113331e+10	1.041524e+11	
-1.025717e+11	-8.975036e+10	-7.692900e+10	-6.410761e+10	-5.128617e+10	-3.846471e+10	-2.564323e+10	-1.282173e+10	-2.240858e+05	1.282128e+10	2.564278e+10	3.846426e+10	5.128572e+10	6.410716e+10	7.692855e+10	8.974991e+10	1.025712e+11	
-1.008171e+11	-8.821525e+10	-7.561327e+10	-6.301122e+10	-5.040910e+10	-3.780692e+10	-2.520471e+10	-1.260247e+10	-2.156412e+05	1.260204e+10	2.520428e+10	3.780649e+10	5.040867e+10	6.301079e+10	7.561284e+10	8.821482e+10	1.008167e+11	
-9.889693e+10	-8.653518e+10	-7.417329e+10	-6.181129e+10	-4.944919e+10	-3.708701e+10	-2.472477e+10	-1.236250e+10	-2.067118e+05	1.236209e+10	2.472436e+10	3.708660e+10	4.944877e+10	6.181087e+10	7.417288e+10	8.653477e+10	9.889652e+10	
-9.681914e+10	-8.471721e+10	-7.261511e+10	-6.051286e+10	-4.841048e+10	-3.630799e+10	-2.420544e+10	-1.210283e+10	-1.973304e+05	1.210244e+10	2.420504e+10	3.630760e+10	4.841008e+10	6.051246e+10	7.261472e+10	8.471682e+10	9.681875e+10	
-9.459220e+10	-8.276875e+10	-7.094507e+10	-5.912121e+10	-4.729719e+10	-3.547305e+10	-2.364881e+10	-1.182452e+10	-1.875310e+05	1.182414e+10	2.364844e+10	3.547267e+10	4.729682e+10	5.912083e+10	7.094469e+10	8.276837e+10	9.459183e+10	
-9.222491e+10	-8.069746e+10	-6.916976e+10	-5.764183e+10	-4.611372e+10	-3.458547e+10	-2.305710e+10	-1.152866e+10	-1.773484e+05	1.152830e+10	2.305674e+10	3.458511e+10	4.611337e+10	5.764148e+10	6.916940e+10	8.069711e+10	9.222455e+10	
-8.972634e+10	-7.851131e+10	-6.729599e+10	-5.608041e+10	-4.486462e+10	-3.364865e+10	-2.243256e+10	-1.121639e+10	-1.668187e+05	1.121605e+10	2.243223e+10	3.364832e+10	4.486428e+10	5.608007e+10	6.729565e+10	7.851098e+10	8.972601e+10	
-8.710587e+10	-7.621850e+10	-6.533079e+10	-5.444279e+10	-4.355455e+10	-3.266612e+10	-2.177754e+10	-1.088887e+10	-1.559788e+05	1.088856e+10	2.177723e+10	3.266581e+10	4.355424e+10	5.444248e+10	6.533047e+10	7.621818e+10	8.710556e+10	
-8.437310e+10	-7.382741e+10	-6.328135e+10	-5.273497e+10	-4.218832e+10	-3.164147e+10	-2.109445e+10	-1.054732e+10	-1.448662e+05	1.054703e+10	2.109416e+10	3.164118e+10	4.218804e+10	5.273468e+10	6.328106e+10	7.382712e+10	8.437281e+10	
-8.153783e+10	-7.134663e+10	-6.115503e+10	-5.096308e+10	-4.077084e+10	-3.057837e+10	-2.038572e+10	-1.019296e+10	-1.335190e+05	1.019269e+10	2.038546e+10	3.057810e+10	4.077058e+10	5.096282e+10	6.115477e+10	7.134637e+10	8.153756e+10	
-7.861004e+10	-6.878490e+10	-5.895932e+10	-4.913337e+10	-3.930710e+10	-2.948057e+10	-1.965386e+10	-9.827023e+09	-1.219760e+05	9.826779e+09	1.965362e+10	2.948033e+10	3.930685e+10	4.913312e+10	5.895908e+10	6.878466e+10	7.860980e+10	
-7.559985e+10	-6.615106e+10	-5.670180e+10	-4.725214e+10	-3.780214e+10	-2.835187e+10	-1.890139e+10	-9.450786e+09	-1.102760e+05	9.450565e+09	1.890117e+10	2.835165e+10	3.780192e+10	4.725192e+10	5.670158e+10	6.615084e+10	7.559963e+10	
-7.251746e+10	-6.345404e+10	-5.439012e+10	-4.532578e+10	-3.626107e+10	-2.719608e+10	-1.813087e+10	-9.065521e+09	-9.845803e+04	9.065324e+09	1.813067e+10	2.719588e+10	3.626087e+10	4.532558e+10	5.438993e+10	6.345385e+10	7.251727e+10	
-6.937317e+10	-6.070285e+10	-5.203201e+10	-4.336071e+10	-3.468904e+10	-2.601707e+10	-1.734486e+10	-8.672513e+09	-8.656132e+04	8.672340e+09	1.734469e+10	2.601689e+10	3.468887e+10	4.336054e+10	5.203183e+10	6.070268e+10	6.937300e+10	
-6.617728e+10	-5.790651e+10	-4.963518e+10	-4.136339e+10	-3.309120e+10	-2.481869e+10	-1.654595e+10	-8.273053e+09	-7.462486e+04	8.272904e+09	1.654580e+10	2.481854e+10	3.309105e+10	4.136324e+10	4.963503e+10	5.790636e+10	6.617713e+10	
-6.294010e+10	-5.507403e+10	-4.720738e+10	-3.934024e+10	-3.147270e+10	-2.360483e+10	-1.573671e+10	-7.868427e+09	-6.268742e+04	7.868302e+09	1.573658e+10	2.360470e+10	3.147257e+10	3.934012e+10	4.720726e+10	5.507390e+10	6.293998e+10	
-5.967191e+10	-5.221440e+10	-4.475630e+10	-3.729770e+10	-2.983868e+10	-2.237932e+10	-1.491970e+10	-7.459920e+09	-5.078743e+04	7.459818e+09	1.491960e+10	2.237922e+10	2.983858e+10	3.729760e+10	4.475620e+10	5.221430e+10	5.967180e+10	
-5.638289e+10	-4.933655e+10	-4.228960e+10	-3.524214e+10	-2.819424e+10	-2.114599e+10	-1.409749e+10	-7.048806e+09	-3.896277e+04	7.048728e+09	1.409741e+10	2.114591e+10	2.819416e+10	3.524206e+10	4.228952e+10	4.933647e+10	5.638281e+10	
-5.308315e+10	-4.644930e+10	-3.981484e+10	-3.317985e+10	-2.654442e+10	-1.990863e+10	-1.327258e+10	-6.636346e+09	-2.725070e+04	6.636292e+09	1.327252e+10	1.990857e+10	2.654436e+10	3.317979e+10	3.981479e+10	4.644925e+10	5.308309e+10	
-4.978263e+10	-4.356137e+10	-3.733949e+10	-3.111707e+10	-2.489419e+10	-1.867096e+10	-1.244747e+10	-6.223785e+09	-1.568772e+04	6.223754e+09	1.244743e+10	1.867093e+10	2.489416e+10	3.111703e+10	3.733946e+10	4.356134e+10	4.978260e+10	
-4.649112e+10	-4.068132e+10	-3.487088e+10	-2.905990e+10	-2.324846e+10	-1.743667e+10	-1.162460e+10	-5.812346e+09	-4.309435e+03	5.812338e+09	1.162459e+10	1.743666e+10	2.324845e+10	2.905989e+10	3.487087e+10	4.068131e+10	4.649111e+10	
-4.321820e+10	-3.781752e+10	-3.241620e+10	-2.701433e+10	-2.161201e+10	-1.620933e+10	-1.080637e+10	-5.403226e+09	6.849575e+03	5.403240e+09	1.080638e+10	1.620934e+10	2.161203e+10	2.701435e+10	3.241621e+10	3.781753e+10	4.321822e+10	
-3.997323e+10	-3.497816e+10	-2.998246e+10	-2.498622e+10	-1.998952e+10	-1.499245e+10	-9.995115e+09	-4.997594e+09	1.775584e+04	4.997630e+09	9.995151e+09	1.499249e+10	1.998955e+10	2.498625e+10	2.998250e+10	3.497820e+10	3.997326e+10	
-3.676528e+10	-3.217120e+10	-2.757649e+10	-2.298123e+10	-1.838552e+10	-1.378945e+10	-9.193110e+09	-4.596586e+09	2.837713e+04	4.596643e+09	9.193167e+09	1.378951e+10	1.838558e+10	2.298129e+10	2.757654e+10	3.217126e+10	3.676534e+10	
-3.360316e+10	-2.940433e+10	-2.520487e+10	-2.100487e+10	-1.680443e+10	-1.260362e+10	-8.402553e+09	-4.201302e+09	3.868256e+04	4.201379e+09	8.402630e+09	1.260370e+10	1.680450e+10	2.100495e+10	2.520494e+10	2.940440e+10	3.360324e+10	
-3.049535e+10	-2.668496e+10	-2.287396e+10	-1.906244e+10	-1.525047e+10	-1.143815e+10	-7.625564e+09	-3.812802e+09	4.864269e+04	3.812899e+09	7.625661e+09	1.143825e+10	1.525057e+10	1.906253e+10	2.287406e+10	2.668506e+10	3.049545e+10	
-2.744999e+10	-2.402024e+10	-2.058989e+10	-1.715902e+10	-1.372772e+10	-1.029608e+10	-6.864178e+09	-3.432103e+09	5.822962e+04	3.432220e+09	6.864295e+09	1.029620e+10	1.372784e+10	1.715914e+10	2.059000e+10	2.402036e+10	2.745010e+10	
-2.447485e+10	-2.141696e+10	-1.835847e+10	-1.529948e+10	-1.224008e+10	-9.180335e+09	-6.120341e+09	-3.060179e+09	6.741706e+04	3.060314e+09	6.120476e+09	9.180470e+09	1.224021e+10	1.529962e+10	1.835861e+10	2.141709e+10	2.447499e+10	
-2.157734e+10	-1.888158e+10	-1.618525e+10	-1.348844e+10	-1.079123e+10	-8.093685e+09	-5.395900e+09	-2.697953e+09	7.618044e+04	2.698105e+09	5.396052e+09	8.093837e+09	1.079138e+10	1.348859e+10	1.618541e+10	1.888173e+10	2.157749e+10	
-1.876442e+10	-1.642022e+10	-1.407547e+10	-1.173026e+10	-9.384659e+09	-7.038747e+09	-4.692600e+09	-2.346297e+09	8.449698e+04	2.346466e+09	4.692769e+09	7.038916e+09	9.384829e+09	1.173043e+10	1.407564e+10	1.642039e+10	1.876459e+10	
-1.604265e+10	-1.403861e+10	-1.203404e+10	-1.002904e+10	-8.023657e+09	-6.017980e+09	-4.012080e+09	-2.006031e+09	9.234573e+04	2.006216e+09	4.012265e+09	6.018165e+09	8.023841e+09	1.002922e+10	1.203423e+10	1.403879e+10	1.604284e+10	
-1.341815e+10	-1.174210e+10	-1.006555e+10	-8.388588e+09	-6.711273e+09	-5.033676e+09	-3.355868e+09	-1.677919e+09	9.970766e+04	1.678119e+09	3.356068e+09	5.033875e+09	6.711472e+09	8.388788e+09	1.006575e+10	1.174230e+10	1.341835e+10	
-1.089656e+10	-9.535626e+09	-8.174235e+09	-6.812449e+09	-5.450333e+09	-4.087954e+09	-2.725378e+09	-1.362669e+09	1.065657e+05	1.362882e+09	2.725591e+09	4.088168e+09	5.450547e+09	6.812662e+09	8.174448e+09	9.535839e+09	1.089677e+10	
-8.483057e+09	-7.423729e+09	-6.363975e+09	-5.303854e+09	-4.243428e+09	-3.182757e+09	-2.121903e+09	-1.060926e+09	1.129048e+05	1.061151e+09	2.122129e+09	3.182983e+09	4.243654e+09	5.304080e+09	6.364200e+09	7.423955e+09	8.483283e+09	
-6.182338e+09	-5.410510e+09	-4.638292e+09	-3.865738e+09	-3.092904e+09	-2.319845e+09	-1.546617e+09	-7.732775e+08	1.187119e+05	7.735149e+08	1.546855e+09	2.320082e+09	3.093141e+09	3.865975e+09	4.638529e+09	5.410748e+09	6.182575e+09	
-3.998596e+09	-3.499642e+09	-3.000335e+09	-2.500724e+09	-2.000859e+09	-1.500791e+09	-1.000571e+09	-5.002490e+08	1.239762e+05	5.004969e+08	1.000819e+09	1.501039e+09	2.001107e+09	2.500972e+09	3.000583e+09	3.499890e+09	3.998844e+09	
-1.935527e+09	-1.694358e+09	-1.452875e+09	-1.211121e+09	-9.691423e+08	-7.269829e+08	-4.846878e+08	-2.423022e+08	1.286887e+05	2.425596e+08	4.849452e+08	7.272403e+08	9.693997e+08	1.211379e+09	1.453132e+09	1.694615e+09	1.935785e+09	
3.684009e+06	2.554867e+06	1.698966e+06	1.077882e+06	6.529120e+05	3.851170e+05	2.353695e+05	1.643996e+05	1.328427e+05	1.012866e+05	3.031898e+04	-1.194248e+05	-3.872144e+05	-8.121776e+05	-1.433253e+06	-2.289145e+06	-3.418275e+06	
1.816366e+09	1.588758e+09	1.361381e+09	1.134203e+09	9.071898e+08	6.803099e+08	4.535299e+08	2.268165e+08	1.364336e+05	-2.265436e+08	-4.532570e+08	-6.800371e+08	-9.069169e+08	-1.133930e+09	-1.361108e+09	-1.588485e+09	-1.816093e+09	
3.500362e+09	3.062364e+09	2.624553e+09	2.186904e+09	1.749389e+09	1.311982e+09	8.746560e+08	4.373842e+08	1.394590e+05	-4.371052e+08	-8.743770e+08	-1.311703e+09	-1.749110e+09	-2.186625e+09	-2.624274e+09	-3.062085e+09	-3.500083e+09	
5.054030e+09	4.421935e+09	3.789983e+09	3.158154e+09	2.526428e+09	1.894784e+09	1.263202e+09	6.316618e+08	1.419183e+05	-6.313780e+08	-1.262919e+09	-1.894501e+09	-2.526144e+09	-3.157871e+09	-3.789700e+09	-4.421651e+09	-5.053746e+09	
6.476242e+09	5.666485e+09	4.856825e+09	4.047249e+09	3.237743e+09	2.428294e+09	1.618887e+09	8.095081e+08	1.438134e+05	-8.092205e+08	-1.618599e+09	-2.428006e+09	-3.237455e+09	-4.046961e+09	-4.856537e+09	-5.666197e+09	-6.475955e+09	
7.766382e+09	6.795471e+09	5.824613e+09	4.853799e+09	3.883023e+09	2.912277e+09	1.941553e+09	9.708455e+08	1.451479e+05	-9.705552e+08	-1.941263e+09	-2.911986e+09	-3.882732e+09	-4.853509e+09	-5.824322e+09	-6.795181e+09	-7.766091e+09	
8.924334e+09	7.808794e+09	6.693261e+09	5.577733e+09	4.462210e+09	3.346690e+09	2.231174e+09	1.115659e+09	1.459276e+05	-1.115367e+09	-2.230882e+09	-3.346398e+09	-4.461918e+09	-5.577441e+09	-6.692969e+09	-7.808503e+09	-8.924042e+09	
9.950482e+09	8.706789e+09	7.463056e+09	6.219289e+09	4.975494e+09	3.731677e+09	2.487843e+09	1.243997e+09	1.461603e+05	-1.243705e+09	-2.487550e+09	-3.731384e+09	-4.975202e+09	-6.218997e+09	-7.462764e+09	-8.706497e+09	-9.950190e+09	
1.084570e+10	9.490218e+09	8.134651e+09	6.779012e+09	5.423311e+09	4.067562e+09	2.711777e+09	1.355967e+09	1.458557e+05	-1.355676e+09	-2.711485e+09	-4.067271e+09	-5.423020e+09	-6.778720e+09	-8.134360e+09	-9.489926e+09	-1.084541e+10	
1.161133e+10	1.016026e+10	8.709056e+09	7.257741e+09	5.806333e+09	4.354851e+09	2.903313e+09	1.451739e+09	1.450253e+05	-1.451448e+09	-2.903023e+09	-4.354561e+09	-5.806043e+09	-7.257451e+09	-8.708766e+09	-1.015997e+10	-1.161104e+10	
1.224919e+10	1.071850e+10	9.187629e+09	7.656610e+09	6.125466e+09	4.594222e+09	3.062904e+09	1.531536e+09	1.436825e+05	-1.531249e+09	-3.062617e+09	-4.593935e+09	-6.125178e+09	-7.656322e+09	-9.187342e+09	-1.071821e+10	-1.224891e+10	
1.276155e+10	1.116692e+10	9.572066e+09	7.977030e+09	6.381839e+09	4.786523e+09	3.191114e+09	1.595644e+09	1.418426e+05	-1.595360e+09	-3.190831e+09	-4.786239e+09	-6.381555e+09	-7.976746e+09	-9.571782e+09	-1.116663e+10	-1.276126e+10	
1.315109e+10	1.150787e+10	9.864388e+09	8.220686e+09	6.576799e+09	4.932764e+09	3.288617e+09	1.644397e+09	1.395222e+05	-1.644118e+09	-3.288338e+09	-4.932485e+09	-6.576520e+09	-8.220407e+09	-9.864109e+09	-1.150759e+10	-1.315081e+10	
1.342093e+10	1.174408e+10	1.006693e+10	8.389524e+09	6.711903e+09	5.034111e+09	3.356191e+09	1.678185e+09	1.367399e+05	-1.677912e+09	-3.355918e+09	-5.033838e+09	-6.711630e+09	-8.389251e+09	-1.006666e+10	-1.174381e+10	-1.342066e+10	
1.357459e+10	1.187863e+10	1.018233e+10	8.485737e+09	6.788906e+09	5.091881e+09	3.394713e+09	1.697447e+09	1.335154e+05	-1.697180e+09	-3.394445e+09	-5.091614e+09	-6.788639e+09	-8.485470e+09	-1.018206e+10	-1.187836e+10	-1.357433e+10	
1.361596e+10	1.191491e+10	1.021349e+10	8.511755e+09	6.809750e+09	5.107532e+09	3.405154e+09	1.702669e+09	1.298703e+05	-1.702409e+09	-3.404894e+09	-5.107272e+09	-6.809491e+09	-8.511495e+09	-1.021323e+10	-1.191465e+10	-1.361570e+10	
1.354927e+10	1.185665e+10	1.016361e+10	8.470232e+09	6.776560e+09	5.082655e+09	3.388576e+09	1.694380e+09	1.258271e+05	-1.694128e+09	-3.388324e+09	-5.082404e+09	-6.776308e+09	-8.469980e+09	-1.016336e+10	-1.185639e+10	-1.354902e+10	
1.337912e+10	1.170784e+10	1.003612e+10	8.364030e+09	6.691624e+09	5.018968e+09	3.346124e+09	1.673154e+09	1.214096e+05	-1.672911e+09	-3.345881e+09	-5.018725e+09	-6.691381e+09	-8.363787e+09	-1.003588e+10	-1.170760e+10	-1.337888e+10	
1.311039e+10	1.147277e+10	9.834690e+09	8.196206e+09	6.557388e+09	4.918304e+09	3.279019e+09	1.639601e+09	1.166430e+05	-1.639368e+09	-3.278786e+09	-4.918071e+09	-6.557155e+09	-8.195972e+09	-9.834457e+09	-1.147254e+10	-1.311016e+10	
1.274827e+10	1.115598e+10	9.563198e+09	7.969995e+09	6.376440e+09	4.782604e+09	3.188557e+09	1.594370e+09	1.115531e+05	-1.594147e+09	-3.188334e+09	-4.782381e+09	-6.376217e+09	-7.969772e+09	-9.562975e+09	-1.115576e+10	-1.274805e+10	
1.229819e+10	1.076222e+10	9.225726e+09	7.688797e+09	6.151500e+09	4.613909e+09	3.076097e+09	1.538138e+09	1.061669e+05	-1.537926e+09	-3.075885e+09	-4.613696e+09	-6.151287e+09	-7.688584e+09	-9.225514e+09	-1.076200e+10	-1.229798e+10	
1.176583e+10	1.029645e+10	8.826530e+09	7.356157e+09	5.885403e+09	4.414344e+09	2.943057e+09	1.471617e+09	1.005121e+05	-1.471416e+09	-2.942856e+09	-4.414143e+09	-5.885202e+09	-7.355956e+09	-8.826330e+09	-1.029625e+10	-1.176563e+10	
1.115707e+10	9.763822e+09	8.370022e+09	6.975752e+09	5.581091e+09	4.186116e+09	2.790907e+09	1.395540e+09	9.461690e+04	-1.395351e+09	-2.790717e+09	-4.185927e+09	-5.580902e+09	-6.975563e+09	-8.369833e+09	-9.763633e+09	-1.115689e+10	
1.047798e+10	9.169645e+09	7.860748e+09	6.551372e+09	5.241596e+09	3.931499e+09	2.621163e+09	1.310666e+09	8.851023e+04	-1.310489e+09	-2.620986e+09	-3.931322e+09	-5.241419e+09	-6.551195e+09	-7.860571e+09	-9.169468e+09	-1.047781e+10	
9.734776e+09	8.519358e+09	7.303373e+09	6.086902e+09	4.870025e+09	3.652824e+09	2.435379e+09	1.217771e+09	8.222139e+04	-1.217607e+09	-2.435214e+09	-3.652659e+09	-4.869861e+09	-6.086737e+09	-7.303209e+09	-8.519194e+09	-9.734612e+09	
8.933796e+09	7.818510e+09	6.702653e+09	5.586306e+09	4.469551e+09	3.352468e+09	2.235141e+09	1.117649e+09	7.577999e+04	-1.117498e+09	-2.234989e+09	-3.352317e+09	-4.469399e+09	-5.586154e+09	-6.702501e+09	-7.818359e+09	-8.933645e+09	
8.081485e+09	7.072737e+09	6.063418e+09	5.053610e+09	4.043392e+09	3.032848e+09	2.022058e+09	1.011105e+09	6.921579e+04	-1.010966e+09	-2.021920e+09	-3.032710e+09	-4.043254e+09	-5.053471e+09	-6.063280e+09	-7.072599e+09	-8.081347e+09	
7.184353e+09	6.287736e+09	5.390552e+09	4.492881e+09	3.594805e+09	2.696404e+09	1.797759e+09	8.989515e+08	6.255865e+04	-8.988264e+08	-1.797634e+09	-2.696279e+09	-3.594680e+09	-4.492756e+09	-5.390427e+09	-6.287611e+09	-7.184228e+09	
6.248951e+09	5.469238e+09	4.688967e+09	3.908216e+09	3.127065e+09	2.345593e+09	1.563881e+09	7.820086e+08	5.583835e+04	-7.818969e+08	-1.563769e+09	-2.345482e+09	-3.126953e+09	-3.908104e+09	-4.688856e+09	-5.469127e+09	-6.248839e+09	
5.281843e+09	4.622989e+09	3.963587e+09	3.303716e+09	2.643453e+09	1.982877e+09	1.322065e+09	6.610963e+08	4.908451e+04	-6.609982e+08	-1.321967e+09	-1.982779e+09	-2.643355e+09	-3.303618e+09	-3.963489e+09	-4.622891e+09	-5.281746e+09	
4.289581e+09	3.754718e+09	3.219325e+09	2.683475e+09	2.147246e+09	1.610711e+09	1.073949e+09	5.370336e+08	4.232645e+04	-5.369490e+08	-1.073864e+09	-1.610627e+09	-2.147161e+09	-2.683391e+09	-3.219240e+09	-3.754634e+09	-4.289496e+09	
3.278671e+09	2.870121e+09	2.461061e+09	2.051561e+09	1.641696e+09	1.231538e+09	8.211591e+08	4.106341e+08	3.559306e+04	-4.105629e+08	-8.210880e+08	-1.231466e+09	-1.641625e+09	-2.051490e+09	-2.460990e+09	-2.870050e+09	-3.278600e+09	
2.255553e+09	1.974833e+09	1.693625e+09	1.411999e+09	1.130024e+09	8.477701e+08	5.653063e+08	2.827026e+08	2.891275e+04	-2.826448e+08	-5.652485e+08	-8.477124e+08	-1.129967e+09	-1.411941e+09	-1.693567e+09	-1.974775e+09	-2.255495e+09	
1.226571e+09	1.074403e+09	9.217758e+08	7.687539e+08	6.154030e+08	4.617886e+08	3.079764e+08	1.540324e+08	2.231326e+04	-1.539877e+08	-3.079318e+08	-4.617440e+08	-6.153584e+08	-7.687094e+08	-9.217313e+08	-1.074359e+09	-1.226527e+09	
1.979491e+08	1.742792e+08	1.501813e+08	1.257160e+08	1.009442e+08	7.592708e+07	5.072572e+07	2.540150e+07	1.582160e+04	-2.536986e+07	-5.069409e+07	-7.589547e+07	-1.009127e+08	-1.256845e+08	-1.501498e+08	-1.742478e+08	-1.979178e+08	
-8.242354e+08	-7.202212e+08	-6.165998e+08	-5.133155e+08	-4.103125e+08	-3.075347e+08	-2.049260e+08	-1.024301e+08	9.463960e+03	1.024490e+08	2.049449e+08	3.075536e+08	4.103313e+08	5.133343e+08	6.166185e+08	7.202399e+08	8.242541e+08	
-1.834074e+09	-1.603928e+09	-1.374135e+09	-1.144647e+09	-9.154122e+08	-6.863805e+08	-4.575012e+08	-2.287236e+08	3.265565e+03	2.287301e+08	4.575077e+08	6.863870e+08	9.154187e+08	1.144653e+09	1.374142e+09	1.603934e+09	1.834080e+09	
-2.825850e+09	-2.471838e+09	-2.118138e+09	-1.764705e+09	-1.411496e+09	-1.058466e+09	-7.055704e+08	-3.527642e+08	-2.749382e+03	3.527587e+08	7.055649e+08	1.058461e+09	1.411491e+09	1.764700e+09	2.118132e+09	2.471832e+09	2.825844e+09	
-3.794063e+09	-3.319138e+09	-2.844480e+09	-2.370051e+09	-1.895813e+09	-1.421728e+09	-9.477577e+08	-4.738640e+08	-8.557808e+03	4.738468e+08	9.477405e+08	1.421711e+09	1.895796e+09	2.370034e+09	2.844463e+09	3.319121e+09	3.794045e+09	
-4.733444e+09	-4.141219e+09	-3.549211e+09	-2.957391e+09	-2.365728e+09	-1.774190e+09	-1.182746e+09	-5.913642e+08	-1.413784e+04	5.913359e+08	1.182717e+09	1.774162e+09	2.365700e+09	2.957363e+09	3.549183e+09	4.141190e+09	4.733416e+09	
-5.638984e+09	-4.933694e+09	-4.228572e+09	-3.523593e+09	-2.818734e+09	-2.113972e+09	-1.409281e+09	-7.046381e+08	-1.946890e+04	7.045992e+08	1.409242e+09	2.113933e+09	2.818695e+09	3.523554e+09	4.228533e+09	4.933655e+09	5.638945e+09	
-6.505941e+09	-5.692417e+09	-4.879006e+09	-4.065693e+09	-3.252461e+09	-2.439295e+09	-1.626178e+09	-8.130929e+08	-2.453177e+04	8.130439e+08	1.626129e+09	2.439246e+09	3.252412e+09	4.065644e+09	4.878957e+09	5.692368e+09	6.505892e+09	
-7.329868e+09	-6.413493e+09	-5.497176e+09	-4.580909e+09	-3.664683e+09	-2.748491e+09	-1.832323e+09	-9.161721e+08	-2.930865e+04	9.161134e+08	1.832264e+09	2.748432e+09	3.664625e+09	4.580850e+09	5.497117e+09	6.413434e+09	7.329809e+09	
-8.106620e+09	-7.093296e+09	-6.079973e+09	-5.066650e+09	-4.053327e+09	-3.040004e+09	-2.026680e+09	-1.013357e+09	-3.378323e+04	1.013290e+09	2.026613e+09	3.039936e+09	4.053259e+09	5.066582e+09	6.079905e+09	7.093229e+09	8.106552e+09	
-8.832372e+09	-7.728479e+09	-6.624527e+09	-5.520524e+09	-4.416478e+09	-3.312398e+09	-2.208293e+09	-1.104170e+09	-3.794075e+04	1.104094e+09	2.208217e+09	3.312323e+09	4.416403e+09	5.520448e+09	6.624451e+09	7.728403e+09	8.832296e+09	
-9.503631e+09	-8.315985e+09	-7.128218e+09	-5.940347e+09	-4.752390e+09	-3.564364e+09	-2.376286e+09	-1.188172e+09	-4.176801e+04	1.188089e+09	2.376202e+09	3.564280e+09	4.752307e+09	5.940264e+09	7.128134e+09	8.315901e+09	9.503548e+09	
-1.011725e+10	-8.853056e+09	-7.588681e+09	-6.324149e+09	-5.059486e+09	-3.794718e+09	-2.529871e+09	-1.264971e+09	-4.525347e+04	1.264881e+09	2.529780e+09	3.794628e+09	5.059396e+09	6.324059e+09	7.588591e+09	8.852966e+09	1.011716e+10	
-1.067043e+10	-9.337244e+09	-8.003818e+09	-6.670180e+09	-5.336366e+09	-4.002410e+09	-2.668348e+09	-1.334216e+09	-4.838724e+04	1.334119e+09	2.668252e+09	4.002313e+09	5.336269e+09	6.670083e+09	8.003721e+09	9.337148e+09	1.067033e+10	
-1.116072e+10	-9.766416e+09	-8.371798e+09	-6.976914e+09	-5.581808e+09	-4.186525e+09	-2.791108e+09	-1.395602e+09	-5.116111e+04	1.395499e+09	2.791005e+09	4.186422e+09	5.581706e+09	6.976811e+09	8.371695e+09	9.766313e+09	1.116062e+10	
-1.158607e+10	-1.013876e+10	-8.691066e+09	-7.243055e+09	-5.794776e+09	-4.346283e+09	-2.897630e+09	-1.448868e+09	-5.356857e+04	1.448761e+09	2.897523e+09	4.346176e+09	5.794669e+09	7.242948e+09	8.690959e+09	1.013865e+10	1.158597e+10	
-1.194477e+10	-1.045278e+10	-8.960345e+09	-7.467538e+09	-5.974418e+09	-4.481047e+09	-2.987488e+09	-1.493803e+09	-5.560486e+04	1.493692e+09	2.987377e+09	4.480936e+09	5.974307e+09	7.467427e+09	8.960234e+09	1.045267e+10	1.194466e+10	
-1.223549e+10	-1.070731e+10	-9.178638e+09	-7.649532e+09	-6.120068e+09	-4.590317e+09	-3.060350e+09	-1.530240e+09	-5.726690e+04	1.530125e+09	3.060236e+09	4.590202e+09	6.119954e+09	7.649418e+09	9.178523e+09	1.070720e+10	1.223538e+10	
-1.245728e+10	-1.090153e+10	-9.345228e+09	-7.788439e+09	-6.231248e+09	-4.673733e+09	-3.115976e+09	-1.558058e+09	-5.855336e+04	1.557941e+09	3.115859e+09	4.673616e+09	6.231131e+09	7.788322e+09	9.345111e+09	1.090142e+10	1.245716e+10	
-1.260955e+10	-1.103493e+10	-9.459680e+09	-7.883896e+09	-6.307666e+09	-4.731078e+09	-3.154221e+09	-1.577185e+09	-5.946461e+04	1.577066e+09	3.154102e+09	4.730959e+09	6.307547e+09	7.883777e+09	9.459561e+09	1.103481e+10	1.260944e+10	
-1.269211e+10	-1.110731e+10	-9.521835e+09	-7.935771e+09	-6.349217e+09	-4.762271e+09	-3.175031e+09	-1.587595e+09	-6.000271e+04	1.587475e+09	3.174911e+09	4.762151e+09	6.349097e+09	7.935651e+09	9.521715e+09	1.110719e+10	1.269199e+10	
-1.270511e+10	-1.111883e+10	-9.531814e+09	-7.944162e+09	-6.355980e+09	-4.767372e+09	-3.178446e+09	-1.589306e+09	-6.017139e+04	1.589186e+09	3.178325e+09	4.767252e+09	6.355859e+09	7.944042e+09	9.531694e+09	1.111871e+10	1.270499e+10	
-1.264907e+10	-1.106994e+10	-9.490007e+09	-7.909396e+09	-6.328214e+09	-4.746576e+09	-3.164595e+09	-1.582385e+09	-5.997601e+04	1.582265e+09	3.164475e+09	4.746456e+09	6.328094e+09	7.909276e+09	9.489887e+09	1.106982e+10	1.264895e+10	
-1.252487e+10	-1.096140e+10	-9.397072e+09	-7.832019e+09	-6.266359e+09	-4.700211e+09	-3.133697e+09	-1.566939e+09	-5.942354e+04	1.566821e+09	3.133578e+09	4.700092e+09	6.266240e+09	7.831900e+09	9.396953e+09	1.096128e+10	1.252475e+10	
-1.233375e+10	-1.079429e+10	-9.253927e+09	-7.712798e+09	-6.171024e+09	-4.628735e+09	-3.086058e+09	-1.543123e+09	-5.852249e+04	1.543006e+09	3.085941e+09	4.628618e+09	6.170907e+09	7.712681e+09	9.253810e+09	1.079417e+10	1.233363e+10	
-1.207725e+10	-1.056997e+10	-9.061744e+09	-7.552707e+09	-6.042992e+09	-4.532734e+09	-3.022068e+09	-1.511131e+09	-5.728290e+04	1.511016e+09	3.021954e+09	4.532619e+09	6.042877e+09	7.552592e+09	9.061630e+09	1.056986e+10	1.207714e+10	
-1.175728e+10	-1.029010e+10	-8.821939e+09	-7.352926e+09	-5.883204e+09	-4.412915e+09	-2.942199e+09	-1.471199e+09	-5.571623e+04	1.471087e+09	2.942088e+09	4.412803e+09	5.883093e+09	7.352815e+09	8.821828e+09	1.028999e+10	1.175717e+10	
-1.137604e+10	-9.956613e+09	-8.536163e+09	-7.114831e+09	-5.692763e+09	-4.270103e+09	-2.847000e+09	-1.423601e+09	-5.383533e+04	1.423493e+09	2.846892e+09	4.269995e+09	5.692655e+09	7.114724e+09	8.536056e+09	9.956505e+09	1.137593e+10	
-1.093602e+10	-9.571687e+09	-8.206293e+09	-6.839986e+09	-5.472916e+09	-4.105236e+09	-2.737096e+09	-1.368651e+09	-5.165438e+04	1.368547e+09	2.736993e+09	4.105133e+09	5.472813e+09	6.839883e+09	8.206190e+09	9.571583e+09	1.093591e+10	
-1.044002e+10	-9.137763e+09	-7.834416e+09	-6.530130e+09	-5.225058e+09	-3.919357e+09	-2.613184e+09	-1.306696e+09	-4.918879e+04	1.306597e+09	2.613086e+09	3.919259e+09	5.224960e+09	6.530031e+09	7.834318e+09	9.137664e+09	1.043992e+10	
-9.891082e+09	-8.657513e+09	-7.422824e+09	-6.187171e+09	-4.950714e+09	-3.713612e+09	-2.476026e+09	-1.238117e+09	-4.645513e+04	1.238024e+09	2.475933e+09	3.713519e+09	4.950621e+09	6.187078e+09	7.422731e+09	8.657420e+09	9.890989e+09	
-9.292523e+09	-8.133829e+09	-6.973993e+09	-5.813174e+09	-4.651535e+09	-3.489239e+09	-2.326448e+09	-1.163328e+09	-4.347106e+04	1.163241e+09	2.326361e+09	3.489152e+09	4.651448e+09	5.813087e+09	6.973906e+09	8.133742e+09	9.292436e+09	
-8.647874e+09	-7.569805e+09	-6.490576e+09	-5.410349e+09	-4.329290e+09	-3.247563e+09	-2.165334e+09	-1.082771e+09	-4.025523e+04	1.082690e+09	2.165254e+09	3.247482e+09	4.329209e+09	5.410269e+09	6.490495e+09	7.569725e+09	8.647794e+09	
-7.960885e+09	-6.968720e+09	-5.975383e+09	-4.981038e+09	-3.985851e+09	-2.989989e+09	-1.993620e+09	-9.969131e+08	-3.682720e+04	9.968395e+08	1.993546e+09	2.989915e+09	3.985777e+09	4.980964e+09	5.975309e+09	6.968647e+09	7.960812e+09	
-7.235498e+09	-6.334024e+09	-5.431371e+09	-4.527703e+09	-3.623189e+09	-2.717995e+09	-1.812292e+09	-9.062476e+08	-3.320732e+04	9.061812e+08	1.812225e+09	2.717929e+09	3.623122e+09	4.527637e+09	5.431304e+09	6.333958e+09	7.235432e+09	
-6.475824e+09	-5.669314e+09	-4.861623e+09	-4.052916e+09	-3.243360e+09	-2.433124e+09	-1.622377e+09	-8.112883e+08	-2.941667e+04	8.112295e+08	1.622318e+09	2.433065e+09	3.243301e+09	4.052857e+09	4.861564e+09	5.669255e+09	6.475765e+09	
-5.686126e+09	-4.978320e+09	-4.269335e+09	-3.559338e+09	-2.848494e+09	-2.136972e+09	-1.424940e+09	-7.125679e+08	-2.547692e+04	7.125169e+08	1.424889e+09	2.136921e+09	2.848443e+09	3.559287e+09	4.269285e+09	4.978269e+09	5.686076e+09	
-4.870795e+09	-4.264883e+09	-3.657802e+09	-3.049715e+09	-2.440787e+09	-1.831187e+09	-1.221080e+09	-6.106351e+08	-2.141028e+04	6.105923e+08	1.221037e+09	1.831144e+09	2.440745e+09	3.049672e+09	3.657759e+09	4.264840e+09	4.870752e+09	
