-4.479568e-16	-4.448937e-16	-4.419687e-16	-4.392876e-16	-4.368697e-16	-4.346969e-16	-4.327378e-16	-4.309597e-16	-4.293341e-16	-4.278392e-16	-4.264620e-16	-4.252000e-16	-4.240647e-16	-4.230867e-16	-4.223250e-16	-4.218809e-16	-4.219233e-16	-4.227293e-16	-4.247544e-16	
-3.835022e-02	-3.363150e-02	-2.937965e-02	-2.553519e-02	-2.204812e-02	-1.887671e-02	-1.598659e-02	-1.334986e-02	-1.094456e-02	-8.754065e-03	-6.766740e-03	-4.975673e-03	-3.378503e-03	-1.977371e-03	-7.789666e-04	2.053115e-04	9.590945e-04	1.460662e-03	1.682438e-03	
-7.672911e-02	-6.728818e-02	-5.878130e-02	-5.108948e-02	-4.411268e-02	-3.776742e-02	-3.198491e-02	-2.670938e-02	-2.189685e-02	-1.751407e-02	-1.353778e-02	-9.954140e-03	-6.758422e-03	-3.954912e-03	-1.556997e-03	4.125203e-04	1.920891e-03	2.924658e-03	3.368652e-03	
-1.151655e-01	-1.009953e-01	-8.822703e-02	-7.668203e-02	-6.621017e-02	-5.668616e-02	-4.800675e-02	-4.008824e-02	-3.286462e-02	-2.628600e-02	-2.031745e-02	-1.493820e-02	-1.014118e-02	-5.932795e-03	-2.333152e-03	6.235301e-04	2.888099e-03	4.395335e-03	5.062432e-03	
-1.536882e-01	-1.347783e-01	-1.177391e-01	-1.023321e-01	-8.835720e-02	-7.564707e-02	-6.406395e-02	-5.349618e-02	-4.385567e-02	-3.507583e-02	-2.711007e-02	-1.993068e-02	-1.352819e-02	-7.911191e-03	-3.106485e-03	8.402574e-04	3.863449e-03	5.876058e-03	6.767592e-03	
-1.923267e-01	-1.686629e-01	-1.473398e-01	-1.280593e-01	-1.105705e-01	-9.466441e-02	-8.016849e-02	-6.694306e-02	-5.487788e-02	-4.388965e-02	-3.392005e-02	-2.493442e-02	-1.692092e-02	-9.890275e-03	-3.876041e-03	1.064638e-03	4.849695e-03	7.370231e-03	8.487986e-03	
-2.311105e-01	-2.026751e-01	-1.770521e-01	-1.538832e-01	-1.328672e-01	-1.137527e-01	-9.633250e-02	-8.043885e-02	-6.593924e-02	-5.273359e-02	-4.075183e-02	-2.995231e-02	-2.032081e-02	-1.187022e-02	-4.640852e-03	1.298634e-03	5.849632e-03	8.881300e-03	1.022752e-02	
-2.700696e-01	-2.368414e-01	-2.068990e-01	-1.798240e-01	-1.552644e-01	-1.329265e-01	-1.125683e-01	-9.399368e-02	-7.704786e-02	-6.161389e-02	-4.760993e-02	-3.498728e-02	-2.372935e-02	-1.385120e-02	-5.399933e-03	1.544240e-03	6.866100e-03	1.041277e-02	1.199015e-02	
-3.092350e-01	-2.711886e-01	-2.369040e-01	-2.059020e-01	-1.777797e-01	-1.522009e-01	-1.288885e-01	-1.076179e-01	-8.821201e-02	-7.053693e-02	-5.449894e-02	-4.004233e-02	-2.714807e-02	-1.583341e-02	-6.152277e-03	1.803490e-03	7.901993e-03	1.196821e-02	1.377995e-02	
-3.486379e-01	-3.057445e-01	-2.670913e-01	-2.321383e-01	-2.004312e-01	-1.715912e-01	-1.453059e-01	-1.213221e-01	-9.944016e-02	-7.950922e-02	-6.142360e-02	-4.512050e-02	-3.057849e-02	-1.781702e-02	-6.896857e-03	2.078467e-03	8.960277e-03	1.355129e-02	1.560104e-02	
-3.883106e-01	-3.405373e-01	-2.974856e-01	-2.585543e-01	-2.232374e-01	-1.911132e-01	-1.618337e-01	-1.351171e-01	-1.107410e-01	-8.853743e-02	-6.838872e-02	-5.022494e-02	-3.402222e-02	-1.980222e-02	-7.632617e-03	2.371308e-03	1.004399e-02	1.516575e-02	1.745768e-02	
-4.282863e-01	-3.755961e-01	-3.281123e-01	-2.851720e-01	-2.462173e-01	-2.107830e-01	-1.784855e-01	-1.490140e-01	-1.221234e-01	-9.762844e-02	-7.539928e-02	-5.535887e-02	-3.748088e-02	-2.178921e-02	-8.358466e-03	2.684214e-03	1.115627e-02	1.681547e-02	1.935425e-02	
-4.685993e-01	-4.109510e-01	-3.589978e-01	-3.120143e-01	-2.693904e-01	-2.306173e-01	-1.952753e-01	-1.630245e-01	-1.335967e-01	-1.067893e-01	-8.246042e-02	-6.052563e-02	-4.095617e-02	-2.377817e-02	-9.073282e-03	3.019459e-03	1.230035e-02	1.850443e-02	2.129526e-02	
-5.092849e-01	-4.466332e-01	-3.901692e-01	-3.391049e-01	-2.927772e-01	-2.506334e-01	-2.122176e-01	-1.771604e-01	-1.451704e-01	-1.160275e-01	-8.957746e-02	-6.572865e-02	-4.444982e-02	-2.576933e-02	-9.775899e-03	3.379396e-03	1.347958e-02	2.023676e-02	2.328541e-02	
-5.503800e-01	-4.826750e-01	-4.216548e-01	-3.664681e-01	-3.163987e-01	-2.708493e-01	-2.293275e-01	-1.914341e-01	-1.568544e-01	-1.253505e-01	-9.675590e-02	-7.097153e-02	-4.796363e-02	-2.776288e-02	-1.046510e-02	3.766473e-03	1.469744e-02	2.201676e-02	2.532954e-02	
-5.919229e-01	-5.191099e-01	-4.534840e-01	-3.941296e-01	-3.402769e-01	-2.912838e-01	-2.466206e-01	-2.058585e-01	-1.686590e-01	-1.347664e-01	-1.040015e-01	-7.625799e-02	-5.149951e-02	-2.975905e-02	-1.113964e-02	4.183239e-03	1.595756e-02	2.384891e-02	2.743274e-02	
-6.339537e-01	-5.559733e-01	-4.856874e-01	-4.221160e-01	-3.644348e-01	-3.119562e-01	-2.641134e-01	-2.204471e-01	-1.805951e-01	-1.442833e-01	-1.113203e-01	-8.159191e-02	-5.505940e-02	-3.175805e-02	-1.179817e-02	4.632357e-03	1.726371e-02	2.573787e-02	2.960029e-02	
-6.765143e-01	-5.933019e-01	-5.182973e-01	-4.504552e-01	-3.888963e-01	-3.328871e-01	-2.818230e-01	-2.352141e-01	-1.926738e-01	-1.539101e-01	-1.187184e-01	-8.697737e-02	-5.864538e-02	-3.376014e-02	-1.243933e-02	5.116618e-03	1.861988e-02	2.768855e-02	3.183774e-02	
-7.196486e-01	-6.311343e-01	-5.513475e-01	-4.791766e-01	-4.136867e-01	-3.540979e-01	-2.997674e-01	-2.501741e-01	-2.049070e-01	-1.636557e-01	-1.262026e-01	-9.241864e-02	-6.225958e-02	-3.576554e-02	-1.306166e-02	5.638954e-03	2.003023e-02	2.970608e-02	3.415090e-02	
-7.634030e-01	-6.695111e-01	-5.848733e-01	-5.083109e-01	-4.388325e-01	-3.756113e-01	-3.179655e-01	-2.653428e-01	-2.173073e-01	-1.735298e-01	-1.337798e-01	-9.792021e-02	-6.590429e-02	-3.777453e-02	-1.366362e-02	6.202453e-03	2.149916e-02	3.179588e-02	3.654593e-02	
-8.078263e-01	-7.084754e-01	-6.189124e-01	-5.378907e-01	-4.643618e-01	-3.974510e-01	-3.364373e-01	-2.807366e-01	-2.298878e-01	-1.835426e-01	-1.414573e-01	-1.034868e-01	-6.958189e-02	-3.978736e-02	-1.424359e-02	6.810376e-03	2.303128e-02	3.396367e-02	3.902928e-02	
-8.529704e-01	-7.480725e-01	-6.535044e-01	-5.679505e-01	-4.903041e-01	-4.196423e-01	-3.552041e-01	-2.963729e-01	-2.426623e-01	-1.937047e-01	-1.492427e-01	-1.091235e-01	-7.329493e-02	-4.180432e-02	-1.479987e-02	7.466177e-03	2.463153e-02	3.621550e-02	4.160782e-02	
-8.988900e-01	-7.883506e-01	-6.886914e-01	-5.985268e-01	-5.166910e-01	-4.422120e-01	-3.742883e-01	-3.122703e-01	-2.556457e-01	-2.040275e-01	-1.571445e-01	-1.148356e-01	-7.704608e-02	-4.382572e-02	-1.533061e-02	8.173523e-03	2.630510e-02	3.855780e-02	4.428883e-02	
-9.456435e-01	-8.293609e-01	-7.245183e-01	-6.296584e-01	-5.435560e-01	-4.651886e-01	-3.937136e-01	-3.284482e-01	-2.688537e-01	-2.145230e-01	-1.651712e-01	-1.206288e-01	-8.083819e-02	-4.585186e-02	-1.583389e-02	8.936316e-03	2.805754e-02	4.099740e-02	4.708005e-02	
-9.932931e-01	-8.711582e-01	-7.610327e-01	-6.613869e-01	-5.709346e-01	-4.886024e-01	-4.135057e-01	-3.449278e-01	-2.823031e-01	-2.252042e-01	-1.733322e-01	-1.265091e-01	-8.467431e-02	-4.788308e-02	-1.630763e-02	9.758719e-03	2.989476e-02	4.354161e-02	4.998973e-02	
-1.041905e+00	-9.138008e-01	-7.982856e-01	-6.937566e-01	-5.988649e-01	-5.124858e-01	-4.336917e-01	-3.617313e-01	-2.960117e-01	-2.360849e-01	-1.816374e-01	-1.324829e-01	-8.855768e-02	-4.991974e-02	-1.674962e-02	1.064519e-02	3.182310e-02	4.619822e-02	5.302673e-02	
-1.091552e+00	-9.573513e-01	-8.363319e-01	-7.268148e-01	-6.273880e-01	-5.368737e-01	-4.543008e-01	-3.788827e-01	-3.099987e-01	-2.471797e-01	-1.900976e-01	-1.385571e-01	-9.249179e-02	-5.196222e-02	-1.715747e-02	1.160049e-02	3.384933e-02	4.897560e-02	5.620050e-02	
-1.142309e+00	-1.001877e+00	-8.752302e-01	-7.606127e-01	-6.565476e-01	-5.618033e-01	-4.753643e-01	-3.964078e-01	-3.242848e-01	-2.585046e-01	-1.987241e-01	-1.447392e-01	-9.648037e-02	-5.401092e-02	-1.752863e-02	1.262977e-02	3.598075e-02	5.188273e-02	5.952124e-02	
-1.194259e+00	-1.047450e+00	-9.150439e-01	-7.952051e-01	-6.863911e-01	-5.873151e-01	-4.969160e-01	-4.143344e-01	-3.388921e-01	-2.700767e-01	-2.075294e-01	-1.510372e-01	-1.005275e-01	-5.606627e-02	-1.786033e-02	1.373856e-02	3.822521e-02	5.492931e-02	6.299992e-02	
-1.247491e+00	-1.094150e+00	-9.558414e-01	-8.306515e-01	-7.169696e-01	-6.134523e-01	-5.189924e-01	-4.326924e-01	-3.538447e-01	-2.819143e-01	-2.165268e-01	-1.574598e-01	-1.046374e-01	-5.812875e-02	-1.814959e-02	1.493284e-02	4.059120e-02	5.812581e-02	6.664838e-02	
-1.302102e+00	-1.142059e+00	-9.976966e-01	-8.670161e-01	-7.483383e-01	-6.402622e-01	-5.416328e-01	-4.515144e-01	-3.691685e-01	-2.940374e-01	-2.257306e-01	-1.640161e-01	-1.088148e-01	-6.019884e-02	-1.839319e-02	1.621909e-02	4.308793e-02	6.148356e-02	7.047949e-02	
-1.358196e+00	-1.191272e+00	-1.040690e+00	-9.043687e-01	-7.805574e-01	-6.677959e-01	-5.648803e-01	-4.708355e-01	-3.848918e-01	-3.064678e-01	-2.351567e-01	-1.707165e-01	-1.130649e-01	-6.227711e-02	-1.858760e-02	1.760434e-02	4.572539e-02	6.501490e-02	7.450718e-02	
-1.415888e+00	-1.241887e+00	-1.084909e+00	-9.427852e-01	-8.136922e-01	-6.961089e-01	-5.887815e-01	-4.906941e-01	-4.010451e-01	-3.192290e-01	-2.448219e-01	-1.775719e-01	-1.173932e-01	-6.436412e-02	-1.872899e-02	1.909627e-02	4.851446e-02	6.873322e-02	7.874666e-02	
-1.475302e+00	-1.294015e+00	-1.130450e+00	-9.823487e-01	-8.478141e-01	-7.252621e-01	-6.133873e-01	-5.111322e-01	-4.176622e-01	-3.323469e-01	-2.547451e-01	-1.845944e-01	-1.218057e-01	-6.646053e-02	-1.881319e-02	2.070325e-02	5.146703e-02	7.265320e-02	8.321452e-02	
-1.536575e+00	-1.347774e+00	-1.177416e+00	-1.023150e+00	-8.830013e-01	-7.553220e-01	-6.387536e-01	-5.321956e-01	-4.347796e-01	-3.458496e-01	-2.649465e-01	-1.917973e-01	-1.263092e-01	-6.856703e-02	-1.883560e-02	2.243446e-02	5.459612e-02	7.679089e-02	8.792895e-02	
-1.599856e+00	-1.403298e+00	-1.225923e+00	-1.065289e+00	-9.193397e-01	-7.863617e-01	-6.649416e-01	-5.539347e-01	-4.524377e-01	-3.597682e-01	-2.754485e-01	-1.991949e-01	-1.309107e-01	-7.068437e-02	-1.879119e-02	2.429998e-02	5.791604e-02	8.116392e-02	9.290992e-02	
-1.665310e+00	-1.460729e+00	-1.276098e+00	-1.108875e+00	-9.569240e-01	-8.184617e-01	-6.920189e-01	-5.764051e-01	-4.706809e-01	-3.741368e-01	-2.862759e-01	-2.068033e-01	-1.356185e-01	-7.281340e-02	-1.867439e-02	2.631094e-02	6.144256e-02	8.579174e-02	9.817945e-02	
-1.733121e+00	-1.520230e+00	-1.328081e+00	-1.154031e+00	-9.958587e-01	-8.517111e-01	-7.200602e-01	-5.996681e-01	-4.895583e-01	-3.889931e-01	-2.974560e-01	-2.146402e-01	-1.404413e-01	-7.495503e-02	-1.847905e-02	2.847962e-02	6.519313e-02	9.069584e-02	1.037619e-01	
-1.803490e+00	-1.581977e+00	-1.382026e+00	-1.200890e+00	-1.036260e+00	-8.862086e-01	-7.491482e-01	-6.237918e-01	-5.091245e-01	-4.043791e-01	-3.090189e-01	-2.227251e-01	-1.453891e-01	-7.711027e-02	-1.819836e-02	3.081965e-02	6.918709e-02	9.590008e-02	1.096842e-01	
-1.876642e+00	-1.646169e+00	-1.438107e+00	-1.249603e+00	-1.078257e+00	-9.220641e-01	-7.793751e-01	-6.488521e-01	-5.294399e-01	-4.203413e-01	-3.209984e-01	-2.310797e-01	-1.504726e-01	-7.928027e-02	-1.782470e-02	3.334624e-02	7.344600e-02	1.014310e-01	1.159766e-01	
-1.952830e+00	-1.713025e+00	-1.496517e+00	-1.300338e+00	-1.121993e+00	-9.594004e-01	-8.108439e-01	-6.749335e-01	-5.505723e-01	-4.369318e-01	-3.334321e-01	-2.397286e-01	-1.557041e-01	-8.146626e-02	-1.734958e-02	3.607636e-02	7.799391e-02	1.073183e-01	1.226725e-01	
-2.032336e+00	-1.782796e+00	-1.557473e+00	-1.353283e+00	-1.167631e+00	-9.983552e-01	-8.436701e-01	-7.021310e-01	-5.725978e-01	-4.542091e-01	-3.463621e-01	-2.486988e-01	-1.610974e-01	-8.366964e-02	-1.676346e-02	3.902905e-02	8.285786e-02	1.135953e-01	1.298098e-01	
-2.115478e+00	-1.855759e+00	-1.621218e+00	-1.408649e+00	-1.215354e+00	-1.039084e+00	-8.779838e-01	-7.305516e-01	-5.956018e-01	-4.722389e-01	-3.598361e-01	-2.580213e-01	-1.666678e-01	-8.589200e-02	-1.605560e-02	4.222577e-02	8.806828e-02	1.202994e-01	1.374308e-01	
-2.202615e+00	-1.932230e+00	-1.688028e+00	-1.466675e+00	-1.265366e+00	-1.081761e+00	-9.139322e-01	-7.603164e-01	-6.196812e-01	-4.910956e-01	-3.739077e-01	-2.677307e-01	-1.724328e-01	-8.813511e-02	-1.521381e-02	4.569081e-02	9.365961e-02	1.274732e-01	1.455837e-01	
-2.294157e+00	-2.012569e+00	-1.758218e+00	-1.527636e+00	-1.317903e+00	-1.126588e+00	-9.516826e-01	-7.915627e-01	-6.449460e-01	-5.108638e-01	-3.886382e-01	-2.778666e-01	-1.784122e-01	-9.040097e-02	-1.422427e-02	4.945179e-02	9.967101e-02	1.351649e-01	1.543232e-01	
-2.390570e+00	-2.097186e+00	-1.832146e+00	-1.591841e+00	-1.373233e+00	-1.173791e+00	-9.914260e-01	-8.244479e-01	-6.715219e-01	-5.316401e-01	-4.040972e-01	-2.884741e-01	-1.846287e-01	-9.269187e-02	-1.307115e-02	5.354027e-02	1.061472e-01	1.434296e-01	1.637116e-01	
-2.492392e+00	-2.186552e+00	-1.910224e+00	-1.659647e+00	-1.431662e+00	-1.223632e+00	-1.033382e+00	-8.591523e-01	-6.995533e-01	-5.535356e-01	-4.203649e-01	-2.996051e-01	-1.911081e-01	-9.501043e-02	-1.173627e-02	5.799249e-02	1.131397e-01	1.523307e-01	1.738207e-01	
-2.600242e+00	-2.281212e+00	-1.992926e+00	-1.731469e+00	-1.493547e+00	-1.276414e+00	-1.077804e+00	-8.958844e-01	-7.292069e-01	-5.766784e-01	-4.375341e-01	-3.113196e-01	-1.978807e-01	-9.735968e-02	-1.019864e-02	6.285035e-02	1.207077e-01	1.619413e-01	1.847334e-01	
-2.714841e+00	-2.381797e+00	-2.080806e+00	-1.807785e+00	-1.559300e+00	-1.332488e+00	-1.124987e+00	-9.348865e-01	-7.606765e-01	-6.012175e-01	-4.557122e-01	-3.236870e-01	-2.049811e-01	-9.974311e-02	-8.433815e-03	6.816257e-02	1.289204e-01	1.723467e-01	1.965461e-01	
-2.837031e+00	-2.489049e+00	-2.174511e+00	-1.889157e+00	-1.629405e+00	-1.392265e+00	-1.175276e+00	-9.764423e-01	-7.941890e-01	-6.273273e-01	-4.750253e-01	-3.367888e-01	-2.124503e-01	-1.021648e-01	-6.413197e-03	7.398614e-02	1.378587e-01	1.836464e-01	2.093715e-01	
-2.967807e+00	-2.603841e+00	-2.274804e+00	-1.976248e+00	-1.704430e+00	-1.456231e+00	-1.229078e+00	-1.020886e+00	-8.300118e-01	-6.552133e-01	-4.956218e-01	-3.507211e-01	-2.203364e-01	-1.046295e-01	-4.103052e-03	8.038832e-02	1.476177e-01	1.959578e-01	2.233428e-01	
-3.108351e+00	-2.727209e+00	-2.382590e+00	-2.069843e+00	-1.785054e+00	-1.524962e+00	-1.286875e+00	-1.068615e+00	-8.684626e-01	-6.851199e-01	-5.176781e-01	-3.655979e-01	-2.286964e-01	-1.071430e-01	-1.463277e-03	8.744899e-02	1.583108e-01	2.094205e-01	2.386179e-01	
-3.260077e+00	-2.860397e+00	-2.498957e+00	-2.170886e+00	-1.872088e+00	-1.599147e+00	-1.349246e+00	-1.120105e+00	-9.099223e-01	-7.173397e-01	-5.414058e-01	-3.815560e-01	-2.375990e-01	-1.097121e-01	1.554217e-03	9.526398e-02	1.700738e-01	2.242018e-01	2.553863e-01	
-3.424700e+00	-3.004909e+00	-2.625218e+00	-2.280518e+00	-1.966514e+00	-1.679624e+00	-1.416894e+00	-1.175932e+00	-9.548518e-01	-7.522271e-01	-5.670607e-01	-3.987608e-01	-2.471268e-01	-1.123449e-01	5.007656e-03	1.039493e-01	1.830711e-01	2.405044e-01	2.738775e-01	
-3.604314e+00	-3.162587e+00	-2.762982e+00	-2.400134e+00	-2.069533e+00	-1.767413e+00	-1.490674e+00	-1.236802e+00	-1.003815e+00	-7.902154e-01	-5.949559e-01	-4.174147e-01	-2.573814e-01	-1.150515e-01	8.968289e-03	1.136467e-01	1.975037e-01	2.585761e-01	2.943721e-01	
-3.801515e+00	-3.335707e+00	-2.914239e+00	-2.531463e+00	-2.182632e+00	-1.863782e+00	-1.571649e+00	-1.303587e+00	-1.057510e+00	-8.318410e-01	-6.254786e-01	-4.377681e-01	-2.684880e-01	-1.178443e-01	1.352433e-02	1.245320e-01	2.136207e-01	2.787235e-01	3.172174e-01	
-4.019555e+00	-3.527126e+00	-3.081484e+00	-2.676671e+00	-2.307675e+00	-1.970316e+00	-1.661148e+00	-1.377380e+00	-1.116811e+00	-8.777765e-01	-6.591149e-01	-4.601352e-01	-2.806039e-01	-1.207387e-01	1.878646e-02	1.368256e-01	2.317342e-01	3.013315e-01	3.428492e-01	
-4.262576e+00	-3.740481e+00	-3.267897e+00	-2.838516e+00	-2.447037e+00	-2.089036e+00	-1.760866e+00	-1.459575e+00	-1.182832e+00	-9.288782e-01	-6.964829e-01	-4.849156e-01	-2.939292e-01	-1.237543e-01	2.489560e-02	1.508078e-01	2.522419e-01	3.268899e-01	3.718223e-01	
-4.535937e+00	-3.980479e+00	-3.477587e+00	-3.020568e+00	-2.603789e+00	-2.222555e+00	-1.872995e+00	-1.551973e+00	-1.257015e+00	-9.862541e-01	-7.383830e-01	-5.126266e-01	-3.087229e-01	-1.269167e-01	3.203423e-02	1.668419e-01	2.756585e-01	3.560329e-01	4.048547e-01	
-4.846710e+00	-4.253329e+00	-3.715983e+00	-3.227536e+00	-2.781986e+00	-2.374325e+00	-2.000429e+00	-1.656953e+00	-1.341263e+00	-1.051367e+00	-7.858714e-01	-5.439511e-01	-3.253265e-01	-1.302591e-01	4.044323e-02	1.854073e-01	3.026630e-01	3.895973e-01	4.428941e-01	
-5.204439e+00	-4.567412e+00	-3.990406e+00	-3.465777e+00	-2.987096e+00	-2.549000e+00	-2.147069e+00	-1.777725e+00	-1.438142e+00	-1.126189e+00	-8.403727e-01	-5.798098e-01	-3.442011e-01	-1.338267e-01	5.044766e-02	2.071508e-01	3.341721e-01	4.287125e-01	4.872195e-01	
-5.622334e+00	-4.934328e+00	-4.310992e+00	-3.744088e+00	-3.226691e+00	-2.753023e+00	-2.318322e+00	-1.918730e+00	-1.551206e+00	-1.213451e+00	-9.038595e-01	-6.214778e-01	-3.659844e-01	-1.376816e-01	6.249774e-02	2.329681e-01	3.714549e-01	4.749421e-01	5.396015e-01	
-6.119255e+00	-5.370638e+00	-4.692210e+00	-4.075031e+00	-3.511583e+00	-2.995595e+00	-2.521900e+00	-2.086311e+00	-1.685526e+00	-1.317053e+00	-9.791473e-01	-6.707749e-01	-3.915872e-01	-1.419124e-01	7.723631e-02	2.641379e-01	4.163233e-01	5.305184e-01	6.025681e-01	
-6.723132e+00	-5.900869e+00	-5.155491e+00	-4.477206e+00	-3.857779e+00	-3.290340e+00	-2.769229e+00	-2.289860e+00	-1.848617e+00	-1.442769e+00	-1.070406e+00	-7.303964e-01	-4.223577e-01	-1.466503e-01	9.561570e-02	3.025545e-01	4.714610e-01	5.987482e-01	6.798639e-01	
-7.477236e+00	-6.563018e+00	-5.734036e+00	-4.979434e+00	-4.290081e+00	-3.658364e+00	-3.078008e+00	-2.543928e+00	-2.052116e+00	-1.599544e+00	-1.184096e+00	-8.045174e-01	-4.603848e-01	-1.520980e-01	1.191116e-01	3.511528e-01	5.410262e-01	6.847545e-01	7.772904e-01	
-8.452503e+00	-7.419375e+00	-6.482269e+00	-5.628955e+00	-4.849148e+00	-4.134271e+00	-3.477253e+00	-2.872368e+00	-2.315102e+00	-1.802043e+00	-1.330807e+00	-8.999823e-01	-5.090921e-01	-1.585876e-01	1.501435e-01	4.147447e-01	6.318361e-01	7.969365e-01	9.043590e-01	
-9.774052e+00	-8.579810e+00	-7.496190e+00	-6.509101e+00	-5.606695e+00	-4.779091e+00	-4.018143e+00	-3.317256e+00	-2.671228e+00	-2.076130e+00	-1.529218e+00	-1.028863e+00	-5.745183e-01	-1.667042e-01	1.929798e-01	5.018181e-01	7.559161e-01	9.501101e-01	1.077847e+00	
-1.168553e+01	-1.025828e+01	-8.962741e+00	-7.782142e+00	-6.702375e+00	-5.711673e+00	-4.800340e+00	-3.960522e+00	-3.186026e+00	-2.472175e+00	-1.815701e+00	-1.214666e+00	-6.684215e-01	-1.775862e-01	2.559337e-01	6.289036e-01	9.366850e-01	1.173128e+00	1.330429e+00	
-1.473392e+01	-1.293510e+01	-1.130160e+01	-9.812369e+00	-8.449702e+00	-7.198830e+00	-6.047582e+00	-4.986101e+00	-4.006613e+00	-3.103250e+00	-2.271911e+00	-1.510165e+00	-8.171973e-01	-1.937881e-01	3.576692e-01	8.331129e-01	1.226719e+00	1.530766e+00	1.735458e+00	
-2.045728e+01	-1.796087e+01	-1.569285e+01	-1.362413e+01	-1.173025e+01	-9.990810e+00	-8.388997e+00	-6.911194e+00	-5.546666e+00	-4.287307e+00	-3.127452e+00	-2.063746e+00	-1.095065e+00	-2.224899e-01	5.506712e-01	1.218804e+00	1.773861e+00	2.205173e+00	2.499203e+00	
-3.549871e+01	-3.116907e+01	-2.723348e+01	-2.364175e+01	-2.035167e+01	-1.732805e+01	-1.454188e+01	-1.196968e+01	-9.592918e+00	-7.397620e+00	-5.374013e+00	-3.516313e+00	-1.822585e+00	-2.946974e-01	1.061637e+00	2.236726e+00	3.216680e+00	3.983084e+00	4.512577e+00	
-1.965262e+02	-1.725712e+02	-1.507833e+02	-1.308864e+02	-1.126484e+02	-9.587574e+01	-8.040895e+01	-6.611887e+01	-5.290366e+01	-4.068644e+01	-2.941351e+01	-1.905310e+01	-9.594572e+00	-1.048244e+00	6.554435e+00	1.316014e+01	1.869243e+01	2.305002e+01	2.610439e+01	
4.683722e+01	4.113226e+01	3.593967e+01	3.119419e+01	2.684095e+01	2.283417e+01	1.913616e+01	1.571639e+01	1.255077e+01	9.621137e+00	6.914804e+00	4.424260e+00	2.147004e+00	8.547985e-02	-1.752866e+00	-3.355416e+00	-4.704087e+00	-5.774917e+00	-6.537509e+00	
1.895864e+01	1.665144e+01	1.454961e+01	1.262700e+01	1.086161e+01	9.235100e+00	7.732354e+00	6.341137e+00	5.051802e+00	3.857070e+00	2.751857e+00	1.733158e+00	7.999726e-01	-4.671395e-02	-8.039127e-01	-1.466561e+00	-2.027405e+00	-2.476835e+00	-2.802661e+00	
1.088366e+01	9.560654e+00	8.354063e+00	7.249059e+00	6.233175e+00	5.296014e+00	4.429012e+00	3.625233e+00	2.879212e+00	2.186824e+00	1.545191e+00	9.526103e-01	4.085200e-01	-8.651916e-02	-5.308092e-01	-9.214765e-01	-1.254406e+00	-1.524145e+00	-1.723780e+00	
6.940964e+00	6.098531e+00	5.329049e+00	4.623227e+00	3.973251e+00	3.372609e+00	2.815934e+00	2.298881e+00	1.818028e+00	1.370792e+00	9.553704e-01	5.707004e-01	2.164317e-01	-1.070813e-01	-3.987713e-01	-6.568343e-01	-8.786879e-01	-1.060912e+00	-1.199169e+00	
4.525938e+00	3.977894e+00	3.476156e+00	3.014826e+00	2.588945e+00	2.194380e+00	1.827726e+00	1.486226e+00	1.167709e+00	8.705384e-01	5.935720e-01	3.361377e-01	9.801575e-02	-1.205657e-01	-3.189263e-01	-4.959173e-01	-6.498961e-01	-7.786876e-01	-8.795349e-01	
2.826346e+00	2.485499e+00	2.172189e+00	1.882907e+00	1.614706e+00	1.365128e+00	1.132150e+00	9.141340e-01	7.097917e-01	5.181514e-01	3.385371e-01	1.705516e-01	1.406763e-02	-1.307760e-01	-2.635709e-01	-3.836303e-01	-4.899733e-01	-5.813021e-01	-6.559725e-01	
1.501578e+00	1.322250e+00	1.155812e+00	1.000623e+00	8.553037e-01	7.187041e-01	5.898791e-01	4.680643e-01	3.526589e-01	2.432115e-01	1.394089e-01	4.106912e-02	-5.186337e-02	-1.393190e-01	-2.211019e-01	-2.968853e-01	-3.662046e-01	-4.284464e-01	-4.828347e-01	
3.774025e-01	3.351480e-01	2.933451e-01	2.519358e-01	2.108728e-01	1.701182e-01	1.296420e-01	8.942164e-02	4.944098e-02	9.689937e-03	-2.983607e-02	-6.913639e-02	-1.082053e-01	-1.470323e-01	-1.856016e-01	-2.238924e-01	-2.618784e-01	-2.995274e-01	-3.368010e-01	
-6.526517e-01	-5.692987e-01	-4.969012e-01	-4.340643e-01	-3.796134e-01	-3.325678e-01	-2.921174e-01	-2.576051e-01	-2.285104e-01	-2.044388e-01	-1.851119e-01	-1.703614e-01	-1.601256e-01	-1.544476e-01	-1.534771e-01	-1.574736e-01	-1.668128e-01	-1.819953e-01	-2.036588e-01	
-1.668155e+00	-1.460962e+00	-1.275976e+00	-1.110370e+00	-9.617641e-01	-8.281717e-01	-7.079549e-01	-5.997856e-01	-5.026144e-01	-4.156474e-01	-3.383269e-01	-2.703195e-01	-2.115078e-01	-1.619882e-01	-1.220733e-01	-9.229906e-02	-7.343754e-02	-6.651497e-02	-7.283568e-02	
-2.744675e+00	-2.406197e+00	-2.101858e+00	-1.827310e+00	-1.578895e+00	-1.353562e+00	-1.148794e+00	-9.625511e-01	-7.932238e-01	-6.395942e-01	-5.008088e-01	-3.763585e-01	-2.660673e-01	-1.700879e-01	-8.890534e-02	-2.334882e-02	2.538931e-02	5.572570e-02	6.564904e-02	
-3.974281e+00	-3.485849e+00	-3.045183e+00	-2.646200e+00	-2.283781e+00	-1.953660e+00	-1.652314e+00	-1.376894e+00	-1.125147e+00	-8.953725e-01	-6.863784e-01	-4.974554e-01	-3.283602e-01	-1.793096e-01	-5.098594e-02	5.544689e-02	1.383166e-01	1.954036e-01	2.238892e-01	
-5.496442e+00	-4.822380e+00	-4.212951e+00	-3.659921e+00	-3.156367e+00	-2.696515e+00	-2.275602e+00	-1.889770e+00	-1.535977e+00	-1.211921e+00	-9.159918e-01	-6.472328e-01	-4.053169e-01	-1.905404e-01	-3.829650e-03	1.532374e-01	2.783945e-01	3.686346e-01	4.201397e-01	
-7.565007e+00	-6.638690e+00	-5.799915e+00	-5.037533e+00	-4.342166e+00	-3.705992e+00	-3.122563e+00	-2.586655e+00	-2.094147e+00	-1.641925e+00	-1.227810e+00	-8.505082e-01	-5.095790e-01	-2.054266e-01	6.069107e-02	2.866336e-01	4.693280e-01	6.046977e-01	6.875674e-01	
-1.073532e+01	-9.422404e+00	-8.232131e+00	-7.148878e+00	-6.159509e+00	-5.253066e+00	-4.420517e+00	-3.654545e+00	-2.949379e+00	-2.300659e+00	-1.705334e+00	-1.161595e+00	-6.688268e-01	-2.275994e-01	1.603220e-01	4.919352e-01	7.629313e-01	9.675952e-01	1.098673e+00	
-1.655780e+01	-1.453490e+01	-1.269908e+01	-1.102650e+01	-9.497133e+00	-8.094260e+00	-6.804107e+00	-5.615515e+00	-4.519683e+00	-3.509963e+00	-2.581704e+00	-1.732150e+00	-9.603665e-01	-2.672272e-01	3.445712e-01	8.704444e-01	1.303815e+00	1.635960e+00	1.855809e+00	
-3.174405e+01	-2.786941e+01	-2.434986e+01	-2.114015e+01	-1.820226e+01	-1.550447e+01	-1.302063e+01	-1.072957e+01	-8.614581e+00	-6.663056e+00	-4.866173e+00	-3.218701e+00	-1.718879e+00	-3.683681e-01	8.277049e-01	1.860631e+00	2.717918e+00	3.383001e+00	3.834855e+00	
-1.993410e+02	-1.750308e+02	-1.529294e+02	-1.327554e+02	-1.142724e+02	-9.728289e+01	-8.162439e+01	-6.716513e+01	-5.380125e+01	-4.145432e+01	-3.006949e+01	-1.961427e+01	-1.007772e+01	-1.470235e+00	6.176263e+00	1.280755e+01	1.834587e+01	2.268812e+01	2.570347e+01	
4.995683e+01	4.386952e+01	3.833071e+01	3.327054e+01	2.863026e+01	2.436087e+01	2.042201e+01	1.678095e+01	1.341193e+01	1.029546e+01	7.417935e+00	4.771295e+00	2.352832e+00	1.651332e-01	-1.783861e+00	-3.480676e+00	-4.905992e+00	-6.034192e+00	-6.832776e+00	
2.258389e+01	1.983428e+01	1.733037e+01	1.504087e+01	1.293946e+01	1.100421e+01	9.217019e+00	7.563242e+00	6.031331e+00	4.612565e+00	3.300853e+00	2.092584e+00	9.865508e-01	-1.608313e-02	-9.117570e-01	-1.694430e+00	-2.355442e+00	-2.883313e+00	-3.263477e+00	
1.464229e+01	1.286105e+01	1.123765e+01	9.751968e+00	8.387116e+00	7.128993e+00	5.965981e+00	4.888674e+00	3.889652e+00	2.963319e+00	2.105760e+00	1.314662e+00	5.892491e-01	-6.972750e-02	-6.599779e-01	-1.177619e+00	-1.617083e+00	-1.970994e+00	-2.229992e+00	
1.080984e+01	9.495934e+00	8.297439e+00	7.199652e+00	6.190213e+00	5.258815e+00	4.396963e+00	3.597781e+00	2.855846e+00	2.167064e+00	1.528578e+00	9.386958e-01	3.968532e-01	-9.639914e-02	-5.393845e-01	-9.292609e-01	-1.261956e+00	-1.532072e+00	-1.732763e+00	
8.523232e+00	7.488178e+00	6.543204e+00	5.676836e+00	4.879426e+00	4.142930e+00	3.460719e+00	2.827426e+00	2.238819e+00	1.691704e+00	1.183852e+00	7.139444e-01	2.815415e-01	-1.129249e-01	-4.681444e-01	-7.818969e-01	-1.051001e+00	-1.271243e+00	-1.437276e+00	
6.985291e+00	6.137800e+00	5.363340e+00	4.652610e+00	3.997788e+00	3.392352e+00	2.830930e+00	2.309169e+00	1.823640e+00	1.371755e+00	9.517066e-01	5.624274e-01	2.035628e-01	-1.245362e-01	-4.208053e-01	-6.834432e-01	-9.098691e-01	-1.096664e+00	-1.239492e+00	
5.867026e+00	5.155924e+00	4.505448e+00	3.907877e+00	3.356716e+00	2.846554e+00	2.372929e+00	1.932230e+00	1.521611e+00	1.138924e+00	7.826707e-01	4.519648e-01	1.465136e-01	-1.333901e-01	-3.868616e-01	-6.124038e-01	-8.078732e-01	-9.704295e-01	-1.096471e+00	
5.007702e+00	4.401416e+00	3.846215e+00	3.335592e+00	2.864076e+00	2.427105e+00	2.020923e+00	1.642487e+00	1.289398e+00	9.598483e-01	6.525759e-01	3.668353e-01	1.023810e-01	-1.405393e-01	-3.611788e-01	-5.582748e-01	-7.300193e-01	-8.740179e-01	-9.872338e-01	
4.319310e+00	3.796998e+00	3.318120e+00	2.877143e+00	2.469417e+00	2.091063e+00	1.738887e+00	1.410303e+00	1.103272e+00	8.162585e-01	5.481892e-01	2.984317e-01	6.677835e-02	-1.465591e-01	-3.409445e-01	-5.153029e-01	-6.680958e-01	-7.972858e-01	-9.002894e-01	
3.749493e+00	3.296697e+00	2.880995e+00	2.497663e+00	2.142728e+00	1.812880e+00	1.505390e+00	1.218050e+00	9.491196e-01	6.972876e-01	4.616390e-01	2.416343e-01	3.709714e-02	-1.517905e-01	-3.244840e-01	-4.800642e-01	-6.172156e-01	-7.341969e-01	-8.287999e-01	
3.265055e+00	2.871363e+00	2.509371e+00	2.175042e+00	1.864981e+00	1.576359e+00	1.306843e+00	1.054549e+00	8.179904e-01	5.960459e-01	3.879350e-01	1.931977e-01	1.168433e-02	-1.564485e-01	-3.107343e-01	-4.503862e-01	-5.742787e-01	-6.809221e-01	-7.684280e-01	
2.843844e+00	2.501547e+00	2.186255e+00	1.894529e+00	1.623478e+00	1.370690e+00	1.134181e+00	9.123438e-01	7.039135e-01	5.079364e-01	3.237480e-01	1.509573e-01	-1.056214e-02	-1.606757e-01	-2.989848e-01	-4.248178e-01	-5.372145e-01	-6.349044e-01	-7.162771e-01	
2.470436e+00	2.173704e+00	1.899813e+00	1.645852e+00	1.409376e+00	1.188348e+00	9.810884e-01	7.862394e-01	6.027314e-01	4.297587e-01	2.667602e-01	1.134064e-01	-3.040875e-02	-1.645701e-01	-2.887394e-01	-4.023471e-01	-5.045797e-01	-5.943613e-01	-6.703280e-01	
2.133683e+00	1.878047e+00	1.641491e+00	1.421585e+00	1.216287e+00	1.023894e+00	8.430042e-01	6.724837e-01	5.114398e-01	3.592004e-01	2.152975e-01	7.945706e-02	-4.840834e-02	-1.682014e-01	-2.796380e-01	-3.822410e-01	-4.753295e-01	-5.580026e-01	-6.291195e-01	
1.825257e+00	1.607261e+00	1.404901e+00	1.216183e+00	1.039436e+00	8.732642e-01	7.165193e-01	5.682729e-01	4.277946e-01	2.945342e-01	1.681097e-01	4.829738e-02	-6.497296e-02	-1.716202e-01	-2.714102e-01	-3.639504e-01	-4.486809e-01	-5.248621e-01	-5.915570e-01	
1.538730e+00	1.355704e+00	1.185111e+00	1.025366e+00	8.751399e-01	7.333232e-01	5.990038e-01	4.714443e-01	3.500645e-01	2.344283e-01	1.242329e-01	1.930185e-02	-8.041930e-02	-1.748645e-01	-2.638458e-01	-3.470494e-01	-4.240282e-01	-4.941919e-01	-5.567934e-01	
1.268988e+00	1.118884e+00	9.781965e-01	8.457262e-01	7.204654e-01	6.015749e-01	4.883644e-01	3.802762e-01	2.768720e-01	1.778228e-01	8.290069e-02	-8.026477e-03	-9.499823e-02	-1.779627e-01	-2.567757e-01	-3.311972e-01	-4.008865e-01	-4.653940e-01	-5.241515e-01	
1.011818e+00	8.931023e-01	7.809271e-01	6.744593e-01	5.729995e-01	4.759654e-01	3.828783e-01	2.933522e-01	2.070839e-01	1.238464e-01	4.348325e-02	-3.409536e-02	-1.089148e-01	-1.809367e-01	-2.500585e-01	-3.161109e-01	-3.788544e-01	-4.379736e-01	-4.930706e-01	
7.636339e-01	6.752089e-01	5.905494e-01	5.091758e-01	4.306855e-01	3.547443e-01	2.810780e-01	2.094657e-01	1.397349e-01	7.175721e-02	5.444877e-03	-5.925105e-02	-1.223422e-01	-1.838034e-01	-2.435721e-01	-3.015473e-01	-3.575870e-01	-4.115057e-01	-4.630698e-01	
5.212568e-01	4.624131e-01	4.046255e-01	3.477592e-01	2.917021e-01	2.363619e-01	1.816638e-01	1.275486e-01	7.397122e-02	2.089925e-02	-3.168770e-02	-8.379878e-02	-1.354323e-01	-1.865757e-01	-2.372058e-01	-2.872881e-01	-3.367761e-01	-3.856108e-01	-4.337191e-01	
2.817539e-01	2.521392e-01	2.209046e-01	1.882561e-01	1.543682e-01	1.193877e-01	8.343674e-02	4.661567e-02	9.005164e-03	-2.933210e-02	-6.835016e-02	-1.080188e-01	-1.483232e-01	-1.892635e-01	-2.308551e-01	-2.731293e-01	-3.161339e-01	-3.599349e-01	-4.046178e-01	
4.229465e-02	4.190164e-02	3.721502e-02	2.878148e-02	1.706185e-02	2.441679e-03	-1.476002e-02	-3.428351e-02	-5.592243e-02	-7.951922e-02	-1.049616e-01	-1.321801e-01	-1.611466e-01	-1.918740e-01	-2.244165e-01	-2.588709e-01	-2.953795e-01	-3.341328e-01	-3.753750e-01	
-1.999796e-01	-1.708103e-01	-1.486370e-01	-1.325687e-01	-1.218554e-01	-1.158700e-01	-1.140945e-01	-1.161082e-01	-1.215776e-01	-1.302493e-01	-1.419440e-01	-1.565525e-01	-1.740335e-01	-1.944125e-01	-2.177830e-01	-2.443082e-01	-2.742255e-01	-3.078519e-01	-3.455917e-01	
-4.480915e-01	-3.886510e-01	-3.389707e-01	-2.978077e-01	-2.641156e-01	-2.370206e-01	-2.158013e-01	-1.998720e-01	-1.887695e-01	-1.821422e-01	-1.797423e-01	-1.814200e-01	-1.871203e-01	-1.968820e-01	-2.108386e-01	-2.292212e-01	-2.523648e-01	-2.807154e-01	-3.148412e-01	
-7.053798e-01	-6.145528e-01	-5.363484e-01	-4.691591e-01	-4.116319e-01	-3.626375e-01	-3.212436e-01	-2.866941e-01	-2.583911e-01	-2.358815e-01	-2.188465e-01	-2.070943e-01	-2.005559e-01	-1.992837e-01	-2.034526e-01	-2.133643e-01	-2.294545e-01	-2.523032e-01	-2.826481e-01	
-9.756873e-01	-8.518906e-01	-7.437189e-01	-6.491824e-01	-5.666064e-01	-4.945935e-01	-4.319904e-01	-3.778621e-01	-3.314694e-01	-2.922529e-01	-2.598193e-01	-2.339328e-01	-2.145097e-01	-2.016166e-01	-1.954720e-01	-1.964515e-01	-2.050967e-01	-2.221279e-01	-2.484609e-01	
-1.263607e+00	-1.104698e+00	-9.646071e-01	-8.409367e-01	-7.316709e-01	-6.351268e-01	-5.499163e-01	-4.749141e-01	-4.092312e-01	-3.521946e-01	-3.033322e-01	-2.623612e-01	-2.291824e-01	-2.038775e-01	-1.867114e-01	-1.781384e-01	-1.788125e-01	-1.896034e-01	-2.116163e-01	
-1.574823e+00	-1.377968e+00	-1.203375e+00	-1.048208e+00	-9.100824e-01	-7.870072e-01	-6.773413e-01	-5.797538e-01	-4.931939e-01	-4.168668e-01	-3.502148e-01	-2.929047e-01	-2.448205e-01	-2.060603e-01	-1.769390e-01	-1.579957e-01	-1.500061e-01	-1.540008e-01	-1.712894e-01	
-1.916608e+00	-1.678087e+00	-1.465603e+00	-1.275840e+00	-1.106007e+00	-9.537777e-01	-8.172323e-01	-6.948152e-01	-5.852982e-01	-4.877526e-01	-4.015273e-01	-3.262338e-01	-2.617377e-01	-2.081551e-01	-1.658559e-01	-1.354719e-01	-1.179124e-01	-1.143844e-01	-1.264214e-01	
-2.298564e+00	-2.013490e+00	-1.758663e+00	-1.530229e+00	-1.324948e+00	-1.140118e+00	-9.735084e-01	-8.233132e-01	-6.881065e-01	-5.668103e-01	-4.586691e-01	-3.632330e-01	-2.803470e-01	-2.101473e-01	-1.530651e-01	-1.098361e-01	-8.151797e-02	-6.951484e-02	-7.561004e-02	
-2.733804e+00	-2.395693e+00	-2.092615e+00	-1.820108e+00	-1.574418e+00	-1.352416e+00	-1.151519e+00	-9.696361e-01	-8.051164e-01	-6.567120e-01	-5.235493e-01	-4.051082e-01	-3.012103e-01	-2.120150e-01	-1.380230e-01	-8.008801e-02	-3.943683e-02	-1.769761e-02	-1.693784e-02	
-3.240866e+00	-2.840977e+00	-2.481687e+00	-2.157824e+00	-1.865039e+00	-1.599704e+00	-1.358828e+00	-1.139988e+00	-9.412726e-01	-7.612358e-01	-5.988666e-01	-4.535635e-01	-3.251211e-01	-2.137255e-01	-1.199584e-01	-4.481098e-02	1.029353e-02	4.346643e-02	5.230982e-02	
-3.847023e+00	-3.373298e+00	-2.946811e+00	-2.561544e+00	-2.212437e+00	-1.895269e+00	-1.606562e+00	-1.343497e+00	-1.103849e+00	-8.859387e-01	-6.885900e-01	-5.111046e-01	-3.532449e-01	-2.152290e-01	-9.773531e-02	-1.918770e-03	7.056270e-02	1.175096e-01	1.361297e-01	
-4.594302e+00	-4.029568e+00	-3.520239e+00	-3.059259e+00	-2.640692e+00	-2.259589e+00	-1.911869e+00	-1.594226e+00	-1.304054e+00	-1.039383e+00	-7.988347e-01	-5.815916e-01	-3.873766e-01	-2.164472e-01	-6.960091e-02	5.180570e-02	1.458260e-01	2.098778e-01	2.406839e-01	
-5.551240e+00	-4.869981e+00	-4.254570e+00	-3.696618e+00	-3.189073e+00	-2.726053e+00	-2.302708e+00	-1.915111e+00	-1.560166e+00	-1.235531e+00	-9.395720e-01	-6.713180e-01	-4.304416e-01	-2.172506e-01	-3.269493e-02	1.216111e-01	2.433515e-01	3.294553e-01	3.760248e-01	
-6.837964e+00	-6.000049e+00	-5.241996e+00	-4.553635e+00	-3.926410e+00	-3.353188e+00	-2.828090e+00	-2.346352e+00	-1.904219e+00	-1.498855e+00	-1.128279e+00	-7.913140e-01	-4.875661e-01	-2.174105e-01	1.799816e-02	2.166994e-01	3.758815e-01	4.918169e-01	5.597750e-01	
-8.686352e+00	-7.623427e+00	-6.660471e+00	-5.784751e+00	-4.985559e+00	-4.253966e+00	-3.582613e+00	-2.965541e+00	-2.398050e+00	-1.876592e+00	-1.398688e+00	-9.628685e-01	-5.686428e-01	-2.164832e-01	9.216187e-02	3.548354e-01	5.680144e-01	7.270292e-01	8.259544e-01	
-1.160988e+01	-1.019110e+01	-8.904059e+00	-7.731968e+00	-6.660720e+00	-5.678551e+00	-4.775763e+00	-3.944506e+00	-3.178589e+00	-2.473341e+00	-1.825496e+00	-1.233123e+00	-6.955768e-01	-2.134842e-01	2.112424e-01	5.753611e-01	8.742254e-01	1.101677e+00	1.249903e+00	
-1.701844e+01	-1.494140e+01	-1.305480e+01	-1.133437e+01	-9.759722e+00	-8.313852e+00	-6.982743e+00	-5.755049e+00	-4.621823e+00	-3.576315e+00	-2.613809e+00	-1.731517e+00	-9.285129e-01	-2.057065e-01	4.341312e-01	9.863075e-01	1.444099e+00	1.798595e+00	2.038495e+00	
-3.069266e+01	-2.695146e+01	-2.354900e+01	-2.044216e+01	-1.759463e+01	-1.497618e+01	-1.256188e+01	-1.033155e+01	-8.269286e+00	-6.363077e+00	-4.604549e+00	-2.988749e+00	-1.514039e+00	-1.820467e-01	1.002288e+00	2.030605e+00	2.890934e+00	3.567413e+00	4.039923e+00	
-1.381071e+02	-1.212939e+02	-1.059841e+02	-9.198624e+01	-7.913922e+01	-6.730884e+01	-5.638450e+01	-4.627667e+01	-3.691478e+01	-2.824560e+01	-2.023196e+01	-1.285194e+01	-6.098291e+00	2.169775e-02	5.486064e+00	1.025766e+01	1.428330e+01	1.749252e+01	1.979600e+01	
5.689710e+01	4.997914e+01	4.367192e+01	3.789764e+01	3.259089e+01	2.769717e+01	2.317153e+01	1.897762e+01	1.508678e+01	1.147739e+01	8.134384e+00	5.048860e+00	2.217896e+00	-3.555300e-01	-2.662475e+00	-4.687826e+00	-6.409953e+00	-7.800208e+00	-8.822271e+00	
2.372088e+01	2.084039e+01	1.821089e+01	1.580040e+01	1.358205e+01	1.153343e+01	9.636092e+00	7.875085e+00	6.238642e+00	4.717886e+00	3.306627e+00	2.001217e+00	8.004625e-01	-2.944048e-01	-1.279701e+00	-2.149204e+00	-2.894017e+00	-3.502355e+00	-3.959281e+00	
1.497427e+01	1.315828e+01	1.149837e+01	9.974677e+00	8.570476e+00	7.271837e+00	6.067283e+00	4.947523e+00	3.905242e+00	2.934923e+00	2.032720e+00	1.196370e+00	4.251344e-01	-2.802140e-01	-9.173783e-01	-1.482483e+00	-1.969988e+00	-2.372557e+00	-2.680892e+00	
1.090177e+01	9.581451e+00	8.373003e+00	7.262177e+00	6.236995e+00	5.287471e+00	4.405383e+00	3.584074e+00	2.818302e+00	2.104118e+00	1.438767e+00	8.206326e-01	2.491886e-01	-2.750069e-01	-7.503029e-01	-1.173917e+00	-1.541873e+00	-1.848907e+00	-2.088350e+00	
8.525649e+00	7.494561e+00	6.549518e+00	5.679560e+00	4.875474e+00	4.129582e+00	3.435558e+00	2.788287e+00	2.183739e+00	1.618877e+00	1.091588e+00	6.006296e-01	1.456011e-01	-2.730645e-01	-6.540936e-01	-9.953420e-01	-1.293747e+00	-1.545255e+00	-1.744731e+00	
6.954036e+00	6.114275e+00	5.343455e+00	4.632793e+00	3.974908e+00	3.363649e+00	2.793951e+00	2.261715e+00	1.763715e+00	1.297520e+00	8.614394e-01	4.544804e-01	7.632567e-02	-2.726752e-01	-5.914982e-01	-8.784216e-01	-1.130987e+00	-1.345944e+00	-1.519173e+00	
5.826595e+00	5.124108e+00	4.478272e+00	3.881869e+00	3.328836e+00	2.814117e+00	2.333552e+00	1.883775e+00	1.462136e+00	1.066641e+00	6.959003e-01	3.491027e-01	2.598974e-02	-2.731484e-01	-5.474668e-01	-7.955476e-01	-1.015367e+00	-1.204250e+00	-1.358807e+00	
4.969799e+00	4.371651e+00	3.820796e+00	3.311211e+00	2.837833e+00	2.396443e+00	1.983568e+00	1.596400e+00	1.232728e+00	8.908891e-01	5.697266e-01	2.685643e-01	-1.281039e-02	-2.741523e-01	-5.147532e-01	-7.334260e-01	-9.284778e-01	-1.097671e+00	-1.238173e+00	
4.289680e+00	3.774369e+00	3.298912e+00	2.858230e+00	2.448060e+00	2.064845e+00	1.705662e+00	1.368144e+00	1.050431e+00	7.511226e-01	4.692471e-01	2.042369e-01	-4.408478e-02	-2.755085e-01	-4.894345e-01	-6.848592e-01	-8.603526e-01	-1.014026e+00	-1.143488e+00	
3.730846e+00	3.283613e+00	2.870107e+00	2.486032e+00	2.127777e+00	1.792336e+00	1.477234e+00	1.180470e+00	9.004717e-01	6.360561e-01	3.864028e-01	1.510337e-01	-7.019810e-02	-2.771125e-01	-4.691991e-01	-6.456053e-01	-8.051177e-01	-9.461341e-01	-1.066627e+00	
3.258454e+00	2.868780e+00	2.507644e+00	2.171410e+00	1.857023e+00	1.561940e+00	1.284069e+00	1.021719e+00	7.735588e-01	5.385911e-01	3.161236e-01	1.057543e-01	-9.263850e-02	-2.788997e-01	-4.525943e-01	-6.129977e-01	-7.590797e-01	-8.894811e-01	-1.002482e+00	
2.849420e+00	2.509596e+00	2.193806e+00	1.898988e+00	1.622571e+00	1.362412e+00	1.116751e+00	8.841645e-01	6.635353e-01	4.540241e-01	2.550503e-01	6.627791e-02	-1.123928e-01	-2.808282e-01	-4.386588e-01	-5.852709e-01	-7.197934e-01	-8.410777e-01	-9.476714e-01	
2.487775e+00	2.192034e+00	1.916337e+00	1.658130e+00	1.415269e+00	1.185969e+00	9.687616e-01	7.624625e-01	5.661412e-01	3.791002e-01	2.008576e-01	3.113612e-02	-1.301446e-01	-2.828701e-01	-4.267286e-01	-5.612049e-01	-6.855685e-01	-7.988574e-01	-8.998562e-01	
2.162039e+00	1.906012e+00	1.666428e+00	1.441191e+00	1.228542e+00	1.027019e+00	8.354189e-01	6.527711e-01	4.783148e-01	3.114800e-01	1.518743e-01	-7.268897e-04	-1.463863e-01	-2.850064e-01	-4.163280e-01	-5.399243e-01	-6.551920e-01	-7.613373e-01	-8.573584e-01	
1.863677e+00	1.644034e+00	1.437527e+00	1.242484e+00	1.057499e+00	8.814035e-01	7.132394e-01	5.522328e-01	3.977781e-01	2.494228e-01	1.068564e-01	-3.009744e-02	-1.614850e-01	-2.872244e-01	-4.071045e-01	-5.207798e-01	-6.277634e-01	-7.274162e-01	-8.189323e-01	
1.586123e+00	1.400332e+00	1.224597e+00	1.057637e+00	8.983762e-01	7.459228e-01	5.995437e-01	4.586494e-01	3.227790e-01	1.915894e-01	6.484625e-02	-5.758119e-02	-1.757242e-01	-2.895156e-01	-3.987886e-01	-5.032737e-01	-6.025925e-01	-6.962498e-01	-7.836223e-01	
1.324154e+00	1.170320e+00	1.023629e+00	8.831714e-01	7.481834e-01	6.180326e-01	4.922010e-01	3.702726e-01	2.519234e-01	1.369137e-01	2.508169e-02	-8.366086e-02	-1.893308e-01	-2.918746e-01	-3.911678e-01	-4.870122e-01	-5.791323e-01	-6.671689e-01	-7.506712e-01	
1.073469e+00	9.502203e-01	8.313230e-01	7.162223e-01	6.044545e-01	4.956362e-01	3.894549e-01	2.856610e-01	1.840619e-01	8.451696e-02	-1.306648e-02	-1.087354e-01	-2.024929e-01	-2.942987e-01	-3.840686e-01	-4.716731e-01	-5.569349e-01	-6.396250e-01	-7.194583e-01	
8.303827e-01	7.367956e-01	6.448497e-01	5.543349e-01	4.650781e-01	3.769378e-01	2.898010e-01	2.035800e-01	1.182096e-01	3.364533e-02	-5.013811e-02	-1.331478e-01	-2.153735e-01	-2.967875e-01	-3.773449e-01	-4.569827e-01	-5.356190e-01	-6.131514e-01	-6.894553e-01	
5.916022e-01	5.271549e-01	4.616832e-01	3.953167e-01	3.281676e-01	2.603326e-01	1.918951e-01	1.229261e-01	5.348590e-02	-1.637532e-02	-8.661661e-02	-1.572059e-01	-2.281195e-01	-2.993424e-01	-3.708682e-01	-4.426992e-01	-5.148472e-01	-5.873345e-01	-6.601940e-01	
