-4.946953e-16	-4.900113e-16	-4.859389e-16	-4.822393e-16	-4.787830e-16	-4.754932e-16	-4.723165e-16	-4.692075e-16	-4.661213e-16	-4.630090e-16	-4.598143e-16	-4.564717e-16	-4.529036e-16	-4.490168e-16	-4.446977e-16	-4.398058e-16	-4.341638e-16	-4.275428e-16	-4.196396e-16	
-1.682304e-03	-1.460550e-03	-9.590005e-04	-2.052330e-04	7.790317e-04	1.977424e-03	3.378547e-03	4.975709e-03	6.766768e-03	8.754086e-03	1.094458e-02	1.334988e-02	1.598659e-02	1.887672e-02	2.204812e-02	2.553519e-02	2.937964e-02	3.363150e-02	3.835021e-02	
-3.368385e-03	-2.924434e-03	-1.920703e-03	-4.123634e-04	1.557127e-03	3.955019e-03	6.758510e-03	9.954211e-03	1.353784e-02	1.751412e-02	2.189688e-02	2.670940e-02	3.198492e-02	3.776743e-02	4.411268e-02	5.108948e-02	5.878129e-02	6.728817e-02	7.672910e-02	
-5.062032e-03	-4.394998e-03	-2.887817e-03	-6.232947e-04	2.333347e-03	5.932956e-03	1.014131e-02	1.493831e-02	2.031753e-02	2.628606e-02	3.286467e-02	4.008827e-02	4.800677e-02	5.668618e-02	6.621017e-02	7.668203e-02	8.822702e-02	1.009953e-01	1.151654e-01	
-6.767059e-03	-5.875609e-03	-3.863072e-03	-8.399435e-04	3.106745e-03	7.911406e-03	1.352837e-02	1.993082e-02	2.711019e-02	3.507592e-02	4.385573e-02	5.349623e-02	6.406398e-02	7.564709e-02	8.835721e-02	1.023321e-01	1.177391e-01	1.347783e-01	1.536882e-01	
-8.487319e-03	-7.369670e-03	-4.849225e-03	-1.064246e-03	3.876367e-03	9.890543e-03	1.692114e-02	2.493460e-02	3.392019e-02	4.388976e-02	5.487796e-02	6.694312e-02	8.016853e-02	9.466444e-02	1.105705e-01	1.280593e-01	1.473398e-01	1.686629e-01	1.923267e-01	
-1.022672e-02	-8.880626e-03	-5.849068e-03	-1.298163e-03	4.641243e-03	1.187054e-02	2.032107e-02	2.995252e-02	4.075200e-02	5.273372e-02	6.593934e-02	8.043892e-02	9.633255e-02	1.137527e-01	1.328672e-01	1.538832e-01	1.770521e-01	2.026751e-01	2.311104e-01	
-1.198922e-02	-1.041198e-02	-6.865441e-03	-1.543690e-03	5.400388e-03	1.385158e-02	2.372966e-02	3.498753e-02	4.761012e-02	6.161405e-02	7.704797e-02	9.399376e-02	1.125684e-01	1.329265e-01	1.552644e-01	1.798240e-01	2.068990e-01	2.368413e-01	2.700696e-01	
-1.377888e-02	-1.196732e-02	-7.901240e-03	-1.802862e-03	6.152798e-03	1.583384e-02	2.714842e-02	4.004261e-02	5.449917e-02	7.053711e-02	8.821214e-02	1.076180e-01	1.288885e-01	1.522009e-01	1.777797e-01	2.059020e-01	2.369040e-01	2.711886e-01	3.092349e-01	
-1.559984e-02	-1.355028e-02	-8.959430e-03	-2.077760e-03	6.897444e-03	1.781750e-02	3.057889e-02	4.512082e-02	6.142385e-02	7.950941e-02	9.944031e-02	1.213222e-01	1.453059e-01	1.715913e-01	2.004313e-01	2.321383e-01	2.670913e-01	3.057444e-01	3.486379e-01	
-1.745634e-02	-1.516463e-02	-1.004305e-02	-2.370523e-03	7.633268e-03	1.980276e-02	3.402266e-02	5.022529e-02	6.838900e-02	8.853764e-02	1.107412e-01	1.351172e-01	1.618338e-01	1.911132e-01	2.232374e-01	2.585543e-01	2.974856e-01	3.405372e-01	3.883106e-01	
-1.935278e-02	-1.681423e-02	-1.115524e-02	-2.683350e-03	8.359183e-03	2.178980e-02	3.748137e-02	5.535926e-02	7.539959e-02	9.762868e-02	1.221236e-01	1.490142e-01	1.784856e-01	2.107830e-01	2.462173e-01	2.851720e-01	3.281123e-01	3.755960e-01	4.282863e-01	
-2.129366e-02	-1.850308e-02	-1.229922e-02	-3.018516e-03	9.074065e-03	2.377882e-02	4.095669e-02	6.052605e-02	8.246076e-02	1.067896e-01	1.335969e-01	1.630246e-01	1.952754e-01	2.306173e-01	2.693905e-01	3.120143e-01	3.589978e-01	4.109510e-01	4.685992e-01	
-2.328367e-02	-2.023530e-02	-1.347836e-02	-3.378374e-03	9.776746e-03	2.577003e-02	4.445039e-02	6.572911e-02	8.957783e-02	1.160278e-01	1.451706e-01	1.771605e-01	2.122177e-01	2.506335e-01	2.927772e-01	3.391049e-01	3.901692e-01	4.466331e-01	5.092848e-01	
-2.532767e-02	-2.201519e-02	-1.469612e-02	-3.765373e-03	1.046602e-02	2.776363e-02	4.796425e-02	7.097203e-02	9.675630e-02	1.253508e-01	1.568546e-01	1.914343e-01	2.293276e-01	2.708494e-01	3.163988e-01	3.664681e-01	4.216548e-01	4.826749e-01	5.503799e-01	
-2.743074e-02	-2.384722e-02	-1.595614e-02	-4.182060e-03	1.114061e-02	2.975985e-02	5.150017e-02	7.625852e-02	1.040019e-01	1.347667e-01	1.686593e-01	2.058587e-01	2.466207e-01	2.912838e-01	3.402770e-01	3.941296e-01	4.534840e-01	5.191099e-01	5.919228e-01	
-2.959815e-02	-2.573607e-02	-1.726221e-02	-4.631099e-03	1.179922e-02	3.175892e-02	5.506011e-02	8.159248e-02	1.113207e-01	1.442837e-01	1.805953e-01	2.204473e-01	2.641135e-01	3.119563e-01	3.644348e-01	4.221160e-01	4.856874e-01	5.559733e-01	6.339536e-01	
-3.183547e-02	-2.768664e-02	-1.861828e-02	-5.115281e-03	1.244044e-02	3.376105e-02	5.864612e-02	8.697797e-02	1.187189e-01	1.539104e-01	1.926741e-01	2.352143e-01	2.818231e-01	3.328872e-01	3.888963e-01	4.504552e-01	5.182973e-01	5.933018e-01	6.765142e-01	
-3.414850e-02	-2.970405e-02	-2.002854e-02	-5.637538e-03	1.306283e-02	3.576651e-02	6.226037e-02	9.241928e-02	1.262032e-01	1.636561e-01	2.049073e-01	2.501743e-01	2.997675e-01	3.540980e-01	4.136867e-01	4.791766e-01	5.513474e-01	6.311342e-01	7.196485e-01	
-3.654339e-02	-3.179374e-02	-2.149736e-02	-6.200958e-03	1.366486e-02	3.777555e-02	6.590513e-02	9.792089e-02	1.337804e-01	1.735303e-01	2.173076e-01	2.653430e-01	3.179656e-01	3.756114e-01	4.388326e-01	5.083109e-01	5.848733e-01	6.695111e-01	7.634029e-01	
-3.902661e-02	-3.396142e-02	-2.302940e-02	-6.808802e-03	1.424490e-02	3.978844e-02	6.958278e-02	1.034876e-01	1.414578e-01	1.835430e-01	2.298881e-01	2.807368e-01	3.364375e-01	3.974511e-01	4.643618e-01	5.378907e-01	6.189124e-01	7.084753e-01	8.078263e-01	
-4.160502e-02	-3.621314e-02	-2.462955e-02	-7.464525e-03	1.480124e-02	4.180546e-02	7.329585e-02	1.091243e-01	1.492433e-01	1.937051e-01	2.426627e-01	2.963732e-01	3.552043e-01	4.196425e-01	4.903042e-01	5.679505e-01	6.535044e-01	7.480724e-01	8.529703e-01	
-4.428589e-02	-3.855533e-02	-2.630302e-02	-8.171792e-03	1.533205e-02	4.382691e-02	7.704705e-02	1.148364e-01	1.571451e-01	2.040280e-01	2.556461e-01	3.122705e-01	3.742885e-01	4.422122e-01	5.166911e-01	5.985268e-01	6.886914e-01	7.883505e-01	8.988899e-01	
-4.707698e-02	-4.099482e-02	-2.805537e-02	-8.934506e-03	1.583540e-02	4.585310e-02	8.083920e-02	1.206296e-01	1.651718e-01	2.145235e-01	2.688541e-01	3.284485e-01	3.937138e-01	4.651887e-01	5.435560e-01	6.296585e-01	7.245183e-01	8.293609e-01	9.456434e-01	
-4.998653e-02	-4.353892e-02	-2.989250e-02	-9.756831e-03	1.630920e-02	4.788438e-02	8.467537e-02	1.265099e-01	1.733329e-01	2.252048e-01	2.823035e-01	3.449281e-01	4.135059e-01	4.886025e-01	5.709346e-01	6.613870e-01	7.610327e-01	8.711582e-01	9.932931e-01	
-5.302339e-02	-4.619541e-02	-3.182074e-02	-1.064322e-02	1.675125e-02	4.992109e-02	8.855879e-02	1.324838e-01	1.816381e-01	2.360855e-01	2.960121e-01	3.617316e-01	4.336919e-01	5.124860e-01	5.988650e-01	6.937566e-01	7.982857e-01	9.138007e-01	1.041905e+00	
-5.619704e-02	-4.897268e-02	-3.384688e-02	-1.159845e-02	1.715917e-02	5.196362e-02	9.249294e-02	1.385580e-01	1.900983e-01	2.471803e-01	3.099991e-01	3.788830e-01	4.543010e-01	5.368738e-01	6.273881e-01	7.268149e-01	8.363319e-01	9.573513e-01	1.091552e+00	
-5.951764e-02	-5.187970e-02	-3.597821e-02	-1.262765e-02	1.753039e-02	5.401238e-02	9.648157e-02	1.447402e-01	1.987249e-01	2.585052e-01	3.242852e-01	3.964082e-01	4.753646e-01	5.618035e-01	6.565478e-01	7.606127e-01	8.752303e-01	1.001877e+00	1.142309e+00	
-6.299619e-02	-5.492617e-02	-3.822257e-02	-1.373636e-02	1.786216e-02	5.606778e-02	1.005287e-01	1.510383e-01	2.075302e-01	2.700773e-01	3.388926e-01	4.143348e-01	4.969163e-01	5.873153e-01	6.863913e-01	7.952052e-01	9.150440e-01	1.047450e+00	1.194259e+00	
-6.664453e-02	-5.812256e-02	-4.058848e-02	-1.493056e-02	1.815149e-02	5.813031e-02	1.046386e-01	1.574608e-01	2.165276e-01	2.819149e-01	3.538452e-01	4.326928e-01	5.189927e-01	6.134526e-01	7.169697e-01	8.306516e-01	9.558414e-01	1.094150e+00	1.247491e+00	
-7.047550e-02	-6.148021e-02	-4.308512e-02	-1.621673e-02	1.839514e-02	6.020046e-02	1.088161e-01	1.640172e-01	2.257315e-01	2.940381e-01	3.691691e-01	4.515148e-01	5.416332e-01	6.402625e-01	7.483385e-01	8.670162e-01	9.976967e-01	1.142059e+00	1.302102e+00	
-7.450307e-02	-6.501143e-02	-4.572249e-02	-1.760191e-02	1.858962e-02	6.227878e-02	1.130663e-01	1.707176e-01	2.351576e-01	3.064685e-01	3.848923e-01	4.708359e-01	5.648807e-01	6.677961e-01	7.805576e-01	9.043688e-01	1.040690e+00	1.191272e+00	1.358196e+00	
-7.874242e-02	-6.872966e-02	-4.851146e-02	-1.909376e-02	1.873108e-02	6.436585e-02	1.173946e-01	1.775731e-01	2.448229e-01	3.192298e-01	4.010457e-01	4.906945e-01	5.887819e-01	6.961092e-01	8.136924e-01	9.427854e-01	1.084909e+00	1.241887e+00	1.415888e+00	
-8.321016e-02	-7.264953e-02	-5.146394e-02	-2.070067e-02	1.881534e-02	6.646231e-02	1.218072e-01	1.845956e-01	2.547460e-01	3.323477e-01	4.176628e-01	5.111326e-01	6.133877e-01	7.252624e-01	8.478143e-01	9.823489e-01	1.130450e+00	1.294015e+00	1.475302e+00	
-8.792447e-02	-7.678711e-02	-5.459295e-02	-2.243181e-02	1.883781e-02	6.856885e-02	1.263107e-01	1.917985e-01	2.649475e-01	3.458504e-01	4.347802e-01	5.321961e-01	6.387540e-01	7.553223e-01	8.830015e-01	1.023150e+00	1.177416e+00	1.347775e+00	1.536575e+00	
-9.290532e-02	-8.116004e-02	-5.791278e-02	-2.429726e-02	1.879346e-02	7.068625e-02	1.309123e-01	1.991962e-01	2.754496e-01	3.597690e-01	4.524384e-01	5.539352e-01	6.649420e-01	7.863620e-01	9.193400e-01	1.065289e+00	1.225923e+00	1.403298e+00	1.599856e+00	
-9.817473e-02	-8.578776e-02	-6.143922e-02	-2.630814e-02	1.867672e-02	7.281533e-02	1.356201e-01	2.068046e-01	2.862770e-01	3.741376e-01	4.706816e-01	5.764056e-01	6.920194e-01	8.184621e-01	9.569243e-01	1.108876e+00	1.276098e+00	1.460730e+00	1.665310e+00	
-1.037571e-01	-9.069177e-02	-6.518971e-02	-2.847675e-02	1.848144e-02	7.495701e-02	1.404430e-01	2.146415e-01	2.974571e-01	3.889940e-01	4.895591e-01	5.996687e-01	7.200606e-01	8.517115e-01	9.958590e-01	1.154031e+00	1.328081e+00	1.520230e+00	1.733121e+00	
-1.096793e-01	-9.589592e-02	-6.918360e-02	-3.081673e-02	1.820080e-02	7.711230e-02	1.453907e-01	2.227264e-01	3.090200e-01	4.043800e-01	5.091252e-01	6.237924e-01	7.491487e-01	8.862090e-01	1.036260e+00	1.200890e+00	1.382026e+00	1.581977e+00	1.803490e+00	
-1.159715e-01	-1.014268e-01	-7.344242e-02	-3.334325e-02	1.782720e-02	7.928234e-02	1.504743e-01	2.310812e-01	3.209996e-01	4.203422e-01	5.294407e-01	6.488527e-01	7.793756e-01	9.220646e-01	1.078257e+00	1.249604e+00	1.438107e+00	1.646169e+00	1.876643e+00	
-1.226674e-01	-1.073140e-01	-7.799027e-02	-3.607331e-02	1.735213e-02	8.146838e-02	1.557059e-01	2.397300e-01	3.334333e-01	4.369328e-01	5.505731e-01	6.749341e-01	8.108445e-01	9.594009e-01	1.121994e+00	1.300339e+00	1.496518e+00	1.713026e+00	1.952831e+00	
-1.298045e-01	-1.135909e-01	-8.285415e-02	-3.902594e-02	1.676606e-02	8.367181e-02	1.610992e-01	2.487003e-01	3.463634e-01	4.542101e-01	5.725986e-01	7.021317e-01	8.436707e-01	9.983557e-01	1.167632e+00	1.353283e+00	1.557473e+00	1.782796e+00	2.032337e+00	
-1.374255e-01	-1.202949e-01	-8.806450e-02	-4.222260e-02	1.605824e-02	8.589421e-02	1.666696e-01	2.580228e-01	3.598374e-01	4.722399e-01	5.956027e-01	7.305523e-01	8.779844e-01	1.039084e+00	1.215354e+00	1.408649e+00	1.621218e+00	1.855759e+00	2.115478e+00	
-1.455783e-01	-1.274687e-01	-9.365578e-02	-4.568760e-02	1.521650e-02	8.813735e-02	1.724347e-01	2.677322e-01	3.739090e-01	4.910966e-01	6.196821e-01	7.603171e-01	9.139329e-01	1.081762e+00	1.265367e+00	1.466676e+00	1.688029e+00	1.932231e+00	2.202616e+00	
-1.543177e-01	-1.351603e-01	-9.966712e-02	-4.944853e-02	1.422700e-02	9.040325e-02	1.784141e-01	2.778682e-01	3.886395e-01	5.108649e-01	6.449470e-01	7.915635e-01	9.516833e-01	1.126588e+00	1.317904e+00	1.527636e+00	1.758219e+00	2.012570e+00	2.294158e+00	
-1.637060e-01	-1.434249e-01	-1.061433e-01	-5.353697e-02	1.307391e-02	9.269418e-02	1.846306e-01	2.884757e-01	4.040985e-01	5.316413e-01	6.715229e-01	8.244487e-01	9.914268e-01	1.173791e+00	1.373234e+00	1.591841e+00	1.832147e+00	2.097187e+00	2.390571e+00	
-1.738151e-01	-1.523260e-01	-1.131357e-01	-5.798916e-02	1.173907e-02	9.501277e-02	1.911101e-01	2.996068e-01	4.203663e-01	5.535368e-01	6.995543e-01	8.591531e-01	1.033383e+00	1.223633e+00	1.431663e+00	1.659648e+00	1.910224e+00	2.186553e+00	2.492393e+00	
-1.847278e-01	-1.619366e-01	-1.207037e-01	-6.284700e-02	1.020145e-02	9.736204e-02	1.978827e-01	3.113212e-01	4.375355e-01	5.766796e-01	7.292079e-01	8.958853e-01	1.077805e+00	1.276414e+00	1.493548e+00	1.731470e+00	1.992927e+00	2.281213e+00	2.600243e+00	
-1.965404e-01	-1.723420e-01	-1.289165e-01	-6.815920e-02	8.436644e-03	9.974548e-02	2.049831e-01	3.236886e-01	4.557136e-01	6.012187e-01	7.606775e-01	9.348875e-01	1.124988e+00	1.332489e+00	1.559301e+00	1.807786e+00	2.080807e+00	2.381798e+00	2.714842e+00	
-2.093659e-01	-1.836416e-01	-1.378547e-01	-7.398278e-02	6.416031e-03	1.021672e-01	2.124524e-01	3.367905e-01	4.750267e-01	6.273286e-01	7.941901e-01	9.764433e-01	1.175277e+00	1.392266e+00	1.629405e+00	1.889158e+00	2.174513e+00	2.489051e+00	2.837033e+00	
-2.233372e-01	-1.959531e-01	-1.476137e-01	-8.038497e-02	4.105878e-03	1.046319e-01	2.203384e-01	3.507228e-01	4.956232e-01	6.552146e-01	8.300129e-01	1.020887e+00	1.229079e+00	1.456232e+00	1.704431e+00	1.976249e+00	2.274805e+00	2.603842e+00	2.967809e+00	
-2.386124e-01	-2.094158e-01	-1.583069e-01	-8.744568e-02	1.466082e-03	1.071454e-01	2.286985e-01	3.655997e-01	5.176796e-01	6.851212e-01	8.684638e-01	1.068616e+00	1.286876e+00	1.524963e+00	1.785056e+00	2.069844e+00	2.382592e+00	2.727211e+00	3.108353e+00	
-2.553809e-01	-2.241973e-01	-1.700700e-01	-9.526072e-02	-1.551450e-03	1.097145e-01	2.376010e-01	3.815577e-01	5.414073e-01	7.173411e-01	9.099236e-01	1.120106e+00	1.349248e+00	1.599148e+00	1.872089e+00	2.170887e+00	2.498958e+00	2.860399e+00	3.260079e+00	
-2.738723e-01	-2.405000e-01	-1.830673e-01	-1.039461e-01	-5.004948e-03	1.123472e-01	2.471288e-01	3.987625e-01	5.670622e-01	7.522284e-01	9.548532e-01	1.175934e+00	1.416895e+00	1.679625e+00	1.966515e+00	2.280519e+00	2.625220e+00	3.004911e+00	3.424702e+00	
-2.943671e-01	-2.585718e-01	-1.975001e-01	-1.136437e-01	-8.965664e-03	1.150538e-01	2.573833e-01	4.174164e-01	5.949574e-01	7.902168e-01	1.003816e+00	1.236803e+00	1.490676e+00	1.767415e+00	2.069534e+00	2.400136e+00	2.762984e+00	3.162589e+00	3.604317e+00	
-3.172127e-01	-2.787195e-01	-2.136172e-01	-1.245291e-01	-1.352182e-02	1.178464e-01	2.684899e-01	4.377698e-01	6.254802e-01	8.318424e-01	1.057511e+00	1.303588e+00	1.571650e+00	1.863784e+00	2.182633e+00	2.531465e+00	2.914241e+00	3.335709e+00	3.801518e+00	
-3.428449e-01	-3.013278e-01	-2.317311e-01	-1.368228e-01	-1.878410e-02	1.207407e-01	2.806057e-01	4.601368e-01	6.591164e-01	8.777780e-01	1.116812e+00	1.377382e+00	1.661150e+00	1.970318e+00	2.307677e+00	2.676674e+00	3.081487e+00	3.527129e+00	4.019559e+00	
-3.718184e-01	-3.268866e-01	-2.522391e-01	-1.508053e-01	-2.489344e-02	1.237562e-01	2.939309e-01	4.849172e-01	6.964844e-01	9.288797e-01	1.182833e+00	1.459576e+00	1.760868e+00	2.089038e+00	2.447039e+00	2.838519e+00	3.267900e+00	3.740484e+00	4.262580e+00	
-4.048514e-01	-3.560301e-01	-2.756560e-01	-1.668398e-01	-3.203234e-02	1.269184e-01	3.087245e-01	5.126282e-01	7.383846e-01	9.862557e-01	1.257017e+00	1.551975e+00	1.872997e+00	2.222558e+00	2.603792e+00	3.020571e+00	3.477591e+00	3.980482e+00	4.535941e+00	
-4.428917e-01	-3.895952e-01	-3.026611e-01	-1.854056e-01	-4.044167e-02	1.302606e-01	3.253279e-01	5.439525e-01	7.858729e-01	1.051368e+00	1.341265e+00	1.656955e+00	2.000431e+00	2.374328e+00	2.781988e+00	3.227540e+00	3.715987e+00	4.253334e+00	4.846716e+00	
-4.872180e-01	-4.287112e-01	-3.341709e-01	-2.071497e-01	-5.044655e-02	1.338278e-01	3.442022e-01	5.798111e-01	8.403741e-01	1.126190e+00	1.438144e+00	1.777727e+00	2.147072e+00	2.549002e+00	2.987099e+00	3.465781e+00	3.990411e+00	4.567417e+00	5.204445e+00	
-5.396013e-01	-4.749418e-01	-3.714546e-01	-2.329677e-01	-6.249720e-02	1.376822e-01	3.659853e-01	6.214788e-01	9.038607e-01	1.213453e+00	1.551208e+00	1.918732e+00	2.318324e+00	2.753026e+00	3.226695e+00	3.744093e+00	4.310997e+00	4.934334e+00	5.622341e+00	
-6.025697e-01	-5.305196e-01	-4.163242e-01	-2.641384e-01	-7.723654e-02	1.419125e-01	3.915876e-01	6.707757e-01	9.791485e-01	1.317055e+00	1.685528e+00	2.086313e+00	2.521903e+00	2.995599e+00	3.511587e+00	4.075036e+00	4.692216e+00	5.370645e+00	6.119263e+00	
-6.798678e-01	-5.987513e-01	-4.714635e-01	-3.025563e-01	-9.561695e-02	1.466496e-01	4.223576e-01	7.303968e-01	1.070407e+00	1.442770e+00	1.848619e+00	2.289862e+00	2.769232e+00	3.290344e+00	3.857784e+00	4.477212e+00	5.155499e+00	5.900877e+00	6.723142e+00	
-7.772975e-01	-6.847603e-01	-5.410309e-01	-3.511564e-01	-1.191142e-01	1.520963e-01	4.603838e-01	8.045173e-01	1.184097e+00	1.599545e+00	2.052118e+00	2.543931e+00	3.078012e+00	3.658369e+00	4.290087e+00	4.979441e+00	5.734045e+00	6.563028e+00	7.477248e+00	
-9.043705e-01	-7.969460e-01	-6.318438e-01	-4.147507e-01	-1.501481e-01	1.585843e-01	5.090900e-01	8.999814e-01	1.330808e+00	1.802044e+00	2.315104e+00	2.872372e+00	3.477258e+00	4.134277e+00	4.849156e+00	5.628964e+00	6.482280e+00	7.419388e+00	8.452518e+00	
-1.077865e+00	-9.501249e-01	-7.559282e-01	-5.018278e-01	-1.929873e-01	1.666987e-01	5.745145e-01	1.028861e+00	1.529217e+00	2.076131e+00	2.671230e+00	3.317260e+00	4.018149e+00	4.779098e+00	5.606704e+00	6.509113e+00	7.496204e+00	8.579826e+00	9.774071e+00	
-1.330457e+00	-1.173151e+00	-9.367040e-01	-6.289189e-01	-2.559457e-01	1.775772e-01	6.684151e-01	1.214663e+00	1.815699e+00	2.472175e+00	3.186029e+00	3.960527e+00	4.800347e+00	5.711683e+00	6.702387e+00	7.782157e+00	8.962758e+00	1.025830e+01	1.168556e+01	
-1.735503e+00	-1.530804e+00	-1.226750e+00	-8.331376e-01	-3.576888e-01	1.937731e-01	8.171865e-01	1.510158e+00	2.271907e+00	3.103250e+00	4.006616e+00	4.986107e+00	6.047592e+00	7.198843e+00	8.449719e+00	9.812389e+00	1.130162e+01	1.293512e+01	1.473396e+01	
-2.499281e+00	-2.205238e+00	-1.773915e+00	-1.218848e+00	-5.507058e-01	2.224633e-01	1.095046e+00	2.063733e+00	3.127444e+00	4.287305e+00	5.546670e+00	6.911203e+00	8.389011e+00	9.990829e+00	1.173027e+01	1.362416e+01	1.569289e+01	1.796091e+01	2.045733e+01	
-4.512746e+00	-3.983225e+00	-3.216796e+00	-2.236821e+00	-1.061712e+00	2.946388e-01	1.822541e+00	3.516283e+00	5.373995e+00	7.397613e+00	9.592923e+00	1.196969e+01	1.454191e+01	1.732808e+01	2.035171e+01	2.364180e+01	2.723355e+01	3.116915e+01	3.549881e+01	
-2.610556e+01	-2.305100e+01	-1.869324e+01	-1.316079e+01	-6.554959e+00	1.047834e+00	9.594264e+00	1.905288e+01	2.941338e+01	4.068638e+01	5.290367e+01	6.611896e+01	8.040911e+01	9.587596e+01	1.126487e+02	1.308868e+02	1.507838e+02	1.725718e+02	1.965268e+02	
6.537857e+00	5.775208e+00	4.704327e+00	3.355611e+00	1.753024e+00	-8.535617e-02	-2.146910e+00	-4.424193e+00	-6.914761e+00	-9.621117e+00	-1.255077e+01	-1.571641e+01	-1.913620e+01	-2.283423e+01	-2.684102e+01	-3.119429e+01	-3.593980e+01	-4.113241e+01	-4.683739e+01	
2.802839e+00	2.476984e+00	2.027528e+00	1.466661e+00	8.039937e-01	4.677782e-02	-7.999239e-01	-1.733123e+00	-2.751834e+00	-3.857058e+00	-5.051801e+00	-6.341145e+00	-7.732372e+00	-9.235127e+00	-1.086165e+01	-1.262705e+01	-1.454967e+01	-1.665151e+01	-1.895872e+01	
1.723912e+00	1.524255e+00	1.254497e+00	9.215510e-01	5.308693e-01	8.656671e-02	-4.084835e-01	-9.525837e-01	-1.545173e+00	-2.186814e+00	-2.879210e+00	-3.625238e+00	-4.429023e+00	-5.296032e+00	-6.233199e+00	-7.249091e+00	-8.354102e+00	-9.560701e+00	-1.088372e+01	
1.199280e+00	1.061005e+00	8.787648e-01	6.568973e-01	3.988223e-01	1.071218e-01	-2.164004e-01	-5.706774e-01	-9.553548e-01	-1.370783e+00	-1.818025e+00	-2.298884e+00	-2.815942e+00	-3.372623e+00	-3.973270e+00	-4.623251e+00	-5.329080e+00	-6.098568e+00	-6.941008e+00	
8.796358e-01	7.787719e-01	6.499659e-01	4.959746e-01	3.189727e-01	1.206027e-01	-9.798714e-02	-3.361164e-01	-5.935574e-01	-8.705297e-01	-1.167706e+00	-1.486228e+00	-1.827733e+00	-2.194392e+00	-2.588961e+00	-3.014846e+00	-3.476181e+00	-3.977924e+00	-4.525974e+00	
6.560682e-01	5.813820e-01	4.900396e-01	3.836848e-01	2.636151e-01	1.308112e-01	-1.404022e-02	-1.705312e-01	-3.385228e-01	-5.181426e-01	-7.097880e-01	-9.141350e-01	-1.132155e+00	-1.365138e+00	-1.614720e+00	-1.882925e+00	-2.172211e+00	-2.485526e+00	-2.826378e+00	
4.829285e-01	4.285248e-01	3.662697e-01	2.969388e-01	2.211454e-01	1.393538e-01	5.189047e-02	-4.104875e-02	-1.393945e-01	-2.432025e-01	-3.526548e-01	-4.680646e-01	-5.898836e-01	-7.187127e-01	-8.553161e-01	-1.000640e+00	-1.155832e+00	-1.322274e+00	-1.501607e+00	
3.368954e-01	2.996063e-01	2.619439e-01	2.239463e-01	1.856454e-01	1.470674e-01	1.082328e-01	6.915714e-02	2.985088e-02	-9.680432e-03	-4.943627e-02	-8.942133e-02	-1.296458e-01	-1.701259e-01	-2.108843e-01	-2.519510e-01	-2.933642e-01	-3.351711e-01	-3.774297e-01	
2.037559e-01	1.820765e-01	1.668802e-01	1.575291e-01	1.535223e-01	1.544839e-01	1.601540e-01	1.703830e-01	1.851275e-01	2.044490e-01	2.285158e-01	2.576060e-01	2.921143e-01	3.325607e-01	3.796027e-01	4.340499e-01	4.968831e-01	5.692767e-01	6.526256e-01	
7.293772e-02	6.660028e-02	7.350842e-02	9.235747e-02	1.221209e-01	1.620265e-01	2.115379e-01	2.703425e-01	3.383436e-01	4.156585e-01	5.026205e-01	5.997871e-01	7.079523e-01	8.281652e-01	9.617538e-01	1.110356e+00	1.275959e+00	1.460940e+00	1.668129e+00	
-6.553943e-02	-5.563403e-02	-2.531313e-02	2.341165e-02	8.895661e-02	1.701291e-01	2.660999e-01	3.763835e-01	5.008270e-01	6.396066e-01	7.932309e-01	9.625534e-01	1.148792e+00	1.353556e+00	1.578885e+00	1.827297e+00	2.101841e+00	2.406176e+00	2.744650e+00	
-2.237684e-01	-1.953026e-01	-1.382327e-01	-5.537761e-02	5.104253e-02	1.793552e-01	3.283963e-01	4.974832e-01	6.863989e-01	8.953865e-01	1.125155e+00	1.376897e+00	1.652313e+00	1.953654e+00	2.283772e+00	2.646186e+00	3.045166e+00	3.485828e+00	3.974256e+00	
-4.200026e-01	-3.685199e-01	-2.782991e-01	-1.531586e-01	3.894048e-03	1.905924e-01	4.053581e-01	6.472647e-01	9.160155e-01	1.211937e+00	1.535987e+00	1.889775e+00	2.275601e+00	2.696509e+00	3.156358e+00	3.659907e+00	4.212933e+00	4.822358e+00	5.496415e+00	
-6.874052e-01	-6.045620e-01	-4.692151e-01	-2.865403e-01	-6.061473e-02	2.054883e-01	5.096280e-01	8.505463e-01	1.227839e+00	1.641945e+00	2.094160e+00	2.586661e+00	3.122563e+00	3.705987e+00	4.342156e+00	5.037518e+00	5.799896e+00	6.638666e+00	7.564979e+00	
-1.098469e+00	-9.674246e-01	-7.627892e-01	-4.918177e-01	-1.602258e-01	2.276773e-01	6.688888e-01	1.161643e+00	1.705371e+00	2.300685e+00	2.949396e+00	3.654554e+00	4.420518e+00	5.253061e+00	6.159498e+00	7.148862e+00	8.232110e+00	9.422378e+00	1.073529e+01	
-1.855524e+00	-1.635722e+00	-1.303617e+00	-8.702803e-01	-3.444366e-01	2.673363e-01	9.604536e-01	1.732218e+00	2.581756e+00	3.510000e+00	4.519708e+00	5.615529e+00	6.804112e+00	8.094256e+00	9.497121e+00	1.102648e+01	1.269905e+01	1.453487e+01	1.655776e+01	
-3.834353e+00	-3.382580e+00	-2.717568e+00	-1.860341e+00	-8.274671e-01	3.685612e-01	1.719034e+00	3.218823e+00	4.866265e+00	6.663123e+00	8.614627e+00	1.072960e+01	1.302064e+01	1.550446e+01	1.820224e+01	2.114012e+01	2.434982e+01	2.786936e+01	3.174399e+01	
-2.570054e+01	-2.268566e+01	-1.834382e+01	-1.280586e+01	-6.174869e+00	1.471369e+00	1.007863e+01	1.961499e+01	3.007004e+01	4.145472e+01	5.380154e+01	6.716531e+01	8.162447e+01	9.728290e+01	1.142723e+02	1.327553e+02	1.529292e+02	1.750306e+02	1.993407e+02	
6.832084e+00	6.033612e+00	4.905508e+00	3.480276e+00	1.783532e+00	-1.654014e-01	-2.353047e+00	-4.771466e+00	-7.418067e+00	-1.029556e+01	-1.341200e+01	-1.678100e+01	-2.042203e+01	-2.436088e+01	-2.863025e+01	-3.327052e+01	-3.833068e+01	-4.386948e+01	-4.995678e+01	
3.263181e+00	2.883064e+00	2.355234e+00	1.694258e+00	9.116155e-01	1.596769e-02	-9.866439e-01	-2.092658e+00	-3.300910e+00	-4.612609e+00	-6.031363e+00	-7.563264e+00	-9.217032e+00	-1.100422e+01	-1.293946e+01	-1.504086e+01	-1.733036e+01	-1.983426e+01	-2.258388e+01	
2.229808e+00	1.970840e+00	1.616955e+00	1.177512e+00	6.598901e-01	6.965576e-02	-5.893072e-01	-1.314708e+00	-2.105797e+00	-2.963347e+00	-3.889673e+00	-4.888688e+00	-5.965991e+00	-7.128998e+00	-8.387118e+00	-9.751967e+00	-1.123764e+01	-1.286105e+01	-1.464229e+01	
1.732633e+00	1.531963e+00	1.261865e+00	9.291853e-01	5.393221e-01	9.634808e-02	-3.968947e-01	-9.387290e-01	-1.528605e+00	-2.167085e+00	-2.855861e+00	-3.597792e+00	-4.396971e+00	-5.258820e+00	-6.190216e+00	-7.199654e+00	-8.297440e+00	-9.495934e+00	-1.080984e+01	
1.437177e+00	1.271160e+00	1.050932e+00	7.818393e-01	4.680969e-01	1.128859e-01	-2.815733e-01	-7.139700e-01	-1.183873e+00	-1.691720e+00	-2.238831e+00	-2.827435e+00	-3.460726e+00	-4.142935e+00	-4.879429e+00	-5.676838e+00	-6.543206e+00	-7.488180e+00	-8.523234e+00	
1.239413e+00	1.096598e+00	9.098141e-01	6.833974e-01	4.207674e-01	1.245050e-01	-2.035882e-01	-5.624480e-01	-9.517232e-01	-1.371768e+00	-1.823650e+00	-2.309177e+00	-2.830936e+00	-3.392357e+00	-3.997792e+00	-4.652613e+00	-5.363343e+00	-6.137803e+00	-6.985296e+00	
1.096407e+00	9.703757e-01	8.078281e-01	6.123664e-01	3.868305e-01	1.333645e-01	-1.465346e-01	-4.519819e-01	-7.826846e-01	-1.138936e+00	-1.521620e+00	-1.932237e+00	-2.372935e+00	-2.846559e+00	-3.356721e+00	-3.907881e+00	-4.505453e+00	-5.155929e+00	-5.867031e+00	
9.871804e-01	8.739730e-01	7.299818e-01	5.582435e-01	3.611529e-01	1.405178e-01	-1.023987e-01	-3.668498e-01	-6.525877e-01	-9.598580e-01	-1.289406e+00	-1.642493e+00	-2.020929e+00	-2.427110e+00	-2.864080e+00	-3.335596e+00	-3.846220e+00	-4.401422e+00	-5.007708e+00	
9.002442e-01	7.972478e-01	6.680640e-01	5.152764e-01	3.409225e-01	1.465408e-01	-6.679346e-02	-2.984442e-01	-5.481994e-01	-8.162670e-01	-1.103279e+00	-1.410309e+00	-1.738893e+00	-2.091068e+00	-2.469422e+00	-2.877148e+00	-3.318125e+00	-3.797004e+00	-4.319317e+00	
8.287614e-01	7.341645e-01	6.171885e-01	4.800415e-01	3.244651e-01	1.517747e-01	-3.711021e-02	-2.416451e-01	-4.616480e-01	-6.972952e-01	-9.491261e-01	-1.218055e+00	-1.505395e+00	-1.812885e+00	-2.142733e+00	-2.497668e+00	-2.881001e+00	-3.296703e+00	-3.749501e+00	
7.683949e-01	6.808942e-01	5.742553e-01	4.503666e-01	3.107180e-01	1.564349e-01	-1.169573e-02	-1.932073e-01	-3.879430e-01	-5.960528e-01	-8.179964e-01	-1.054555e+00	-1.306848e+00	-1.576363e+00	-1.864986e+00	-2.175048e+00	-2.509378e+00	-2.871370e+00	-3.265063e+00	
7.162485e-01	6.348803e-01	5.371943e-01	4.248009e-01	2.989706e-01	1.606638e-01	1.055213e-02	-1.509657e-01	-3.237552e-01	-5.079427e-01	-7.039191e-01	-9.123489e-01	-1.134186e+00	-1.370695e+00	-1.623483e+00	-1.894535e+00	-2.186262e+00	-2.501555e+00	-2.843853e+00	
6.703034e-01	5.943405e-01	5.045622e-01	4.023323e-01	2.887270e-01	1.645597e-01	3.039992e-02	-1.134139e-01	-2.667667e-01	-4.297644e-01	-6.027366e-01	-7.862443e-01	-9.810933e-01	-1.188353e+00	-1.409382e+00	-1.645858e+00	-1.899819e+00	-2.173712e+00	-2.470445e+00	
6.290982e-01	5.579846e-01	4.753143e-01	3.822283e-01	2.796272e-01	1.681922e-01	4.840054e-02	-7.946380e-02	-2.153034e-01	-3.592057e-01	-5.114448e-01	-6.724885e-01	-8.430091e-01	-1.023899e+00	-1.216293e+00	-1.421592e+00	-1.641498e+00	-1.878055e+00	-2.133693e+00	
5.915386e-01	5.248466e-01	4.486678e-01	3.639393e-01	2.714008e-01	1.716122e-01	6.496605e-02	-4.830342e-02	-1.681151e-01	-2.945392e-01	-4.277993e-01	-5.682776e-01	-7.165241e-01	-8.732693e-01	-1.039442e+00	-1.216190e+00	-1.404908e+00	-1.607270e+00	-1.825267e+00	
5.567777e-01	4.941786e-01	4.240169e-01	3.470399e-01	2.638377e-01	1.748575e-01	8.041318e-02	-1.930728e-02	-1.242378e-01	-2.344330e-01	-3.500691e-01	-4.714489e-01	-5.990087e-01	-7.333284e-01	-8.751457e-01	-1.025373e+00	-1.185119e+00	-1.355713e+00	-1.538741e+00	
5.241381e-01	4.653827e-01	4.008769e-01	3.311890e-01	2.567686e-01	1.779566e-01	9.499282e-02	8.021592e-03	-8.290522e-02	-1.778272e-01	-2.768764e-01	-3.802806e-01	-4.883692e-01	-6.015802e-01	-7.204714e-01	-8.457331e-01	-9.782045e-01	-1.118893e+00	-1.268999e+00	
4.930595e-01	4.379641e-01	3.788462e-01	3.161040e-01	2.500525e-01	1.809314e-01	1.089100e-01	3.409097e-02	-4.348743e-02	-1.238505e-01	-2.070881e-01	-2.933566e-01	-3.828832e-01	-4.759708e-01	-5.730057e-01	-6.744665e-01	-7.809354e-01	-8.931120e-01	-1.011830e+00	
4.630606e-01	4.114979e-01	3.575803e-01	3.015414e-01	2.435670e-01	1.837989e-01	1.223380e-01	5.924710e-02	-5.448731e-03	-7.176111e-02	-1.397390e-01	-2.094701e-01	-2.810829e-01	-3.547499e-01	-4.306919e-01	-5.091831e-01	-5.905581e-01	-6.752190e-01	-7.636458e-01	
4.337118e-01	3.856046e-01	3.367707e-01	2.872833e-01	2.372016e-01	1.865718e-01	1.354286e-01	8.379524e-02	3.168414e-02	-2.090296e-02	-7.397521e-02	-1.275530e-01	-1.816688e-01	-2.363676e-01	-2.917087e-01	-3.477669e-01	-4.046345e-01	-4.624237e-01	-5.212692e-01	
4.046123e-01	3.599302e-01	3.161297e-01	2.731255e-01	2.308517e-01	1.892603e-01	1.483201e-01	1.080157e-01	6.834686e-02	2.932856e-02	-9.009077e-03	-4.662008e-02	-8.344178e-02	-1.193935e-01	-1.543750e-01	-1.882641e-01	-2.209139e-01	-2.521502e-01	-2.817667e-01	
3.753713e-01	3.341295e-01	2.953765e-01	2.588682e-01	2.244139e-01	1.918714e-01	1.611440e-01	1.321773e-01	1.049585e-01	7.951582e-02	5.591858e-02	3.427908e-02	1.475488e-02	-2.447683e-03	-1.706889e-02	-2.878974e-02	-3.722472e-02	-4.191304e-02	-4.230806e-02	
3.455896e-01	3.078500e-01	2.742236e-01	2.443063e-01	2.177811e-01	1.944105e-01	1.740313e-01	1.565501e-01	1.419412e-01	1.302461e-01	1.215738e-01	1.161037e-01	1.140892e-01	1.158638e-01	1.218481e-01	1.325602e-01	1.486268e-01	1.707984e-01	1.999656e-01	
3.148408e-01	2.807149e-01	2.523641e-01	2.292203e-01	2.108374e-01	1.968806e-01	1.871186e-01	1.814178e-01	1.797397e-01	1.821391e-01	1.887657e-01	1.998675e-01	2.157958e-01	2.370141e-01	2.641080e-01	2.977987e-01	3.389601e-01	3.886385e-01	4.480769e-01	
2.826493e-01	2.523040e-01	2.294549e-01	2.133643e-01	2.034522e-01	1.992829e-01	2.005546e-01	2.070924e-01	2.188440e-01	2.358784e-01	2.583873e-01	2.866895e-01	3.212381e-01	3.626308e-01	4.116240e-01	4.691497e-01	5.363373e-01	6.145397e-01	7.053645e-01	
2.484638e-01	2.221301e-01	2.050983e-01	1.964524e-01	1.954723e-01	2.016164e-01	2.145088e-01	2.339313e-01	2.598171e-01	2.922499e-01	3.314656e-01	3.778573e-01	4.319847e-01	4.945865e-01	5.665981e-01	6.491725e-01	7.437073e-01	8.518769e-01	9.756713e-01	
2.116210e-01	1.896071e-01	1.788152e-01	1.781402e-01	1.867125e-01	2.038778e-01	2.291819e-01	2.623599e-01	3.033301e-01	3.521917e-01	4.092273e-01	4.749092e-01	5.499103e-01	6.351195e-01	7.316621e-01	8.409263e-01	9.645948e-01	1.104684e+00	1.263590e+00	
1.712959e-01	1.540060e-01	1.500100e-01	1.579985e-01	1.769408e-01	2.060612e-01	2.448204e-01	2.929037e-01	3.502128e-01	4.168639e-01	4.931900e-01	5.797487e-01	6.773350e-01	7.869996e-01	9.100732e-01	1.048197e+00	1.203362e+00	1.377953e+00	1.574805e+00	
1.264297e-01	1.143911e-01	1.179176e-01	1.354758e-01	1.658585e-01	2.081566e-01	2.617381e-01	3.262332e-01	4.015255e-01	4.877498e-01	5.852942e-01	6.948099e-01	8.172257e-01	9.537696e-01	1.105997e+00	1.275828e+00	1.465590e+00	1.678071e+00	1.916589e+00	
7.562044e-02	6.952324e-02	8.152459e-02	1.098411e-01	1.530687e-01	2.101495e-01	2.803478e-01	3.632326e-01	4.586675e-01	5.668074e-01	6.881024e-01	8.233077e-01	9.735014e-01	1.140109e+00	1.324938e+00	1.530216e+00	1.758648e+00	2.013473e+00	2.298544e+00	
1.695054e-02	1.770791e-02	3.944499e-02	8.009425e-02	1.380275e-01	2.120179e-01	3.012117e-01	4.051081e-01	5.235479e-01	6.567092e-01	8.051120e-01	9.696303e-01	1.151512e+00	1.352407e+00	1.574407e+00	1.820094e+00	2.092599e+00	2.395674e+00	2.733782e+00	
-5.229451e-02	-4.345399e-02	-1.028362e-02	4.481862e-02	1.199640e-01	2.137292e-01	3.251230e-01	4.535638e-01	5.988653e-01	7.612329e-01	9.412680e-01	1.139982e+00	1.358820e+00	1.599694e+00	1.865027e+00	2.157809e+00	2.481670e+00	2.840957e+00	3.240842e+00	
-1.361113e-01	-1.174946e-01	-7.055075e-02	1.928033e-03	9.774216e-02	2.152336e-01	3.532475e-01	5.111053e-01	6.885888e-01	8.859357e-01	1.103844e+00	1.343490e+00	1.606554e+00	1.895259e+00	2.212423e+00	2.561528e+00	2.946792e+00	3.373276e+00	3.846997e+00	
-2.406619e-01	-2.098598e-01	-1.458116e-01	-5.179448e-02	6.960927e-02	2.164529e-01	3.873800e-01	5.815927e-01	7.988336e-01	1.039380e+00	1.304049e+00	1.594219e+00	1.911859e+00	2.259577e+00	2.640677e+00	3.059241e+00	3.520218e+00	4.029543e+00	4.594273e+00	
-3.759980e-01	-3.294335e-01	-2.433340e-01	-1.215974e-01	3.270519e-02	2.172578e-01	4.304460e-01	6.713197e-01	9.395712e-01	1.235528e+00	1.560160e+00	1.915103e+00	2.302697e+00	2.726039e+00	3.189057e+00	3.696598e+00	4.254546e+00	4.869954e+00	5.551207e+00	
-5.597421e-01	-4.917900e-01	-3.758599e-01	-2.166824e-01	-1.798540e-02	2.174195e-01	4.875716e-01	7.913164e-01	1.128278e+00	1.498852e+00	1.904212e+00	2.346342e+00	2.828077e+00	3.353173e+00	3.926391e+00	4.553612e+00	5.241969e+00	6.000016e+00	6.837927e+00	
-8.259127e-01	-7.269951e-01	-5.679870e-01	-3.548138e-01	-9.214558e-02	2.164948e-01	5.686501e-01	9.628718e-01	1.398687e+00	1.876588e+00	2.398042e+00	2.965530e+00	3.582598e+00	4.253947e+00	4.985536e+00	5.784723e+00	6.660438e+00	7.623388e+00	8.686307e+00	
-1.249847e+00	-1.101631e+00	-8.741889e-01	-5.753324e-01	-2.112206e-01	2.134998e-01	6.955867e-01	1.233128e+00	1.825496e+00	2.473336e+00	3.178580e+00	3.944492e+00	4.775744e+00	5.678527e+00	6.660691e+00	7.731933e+00	8.904018e+00	1.019105e+01	1.160982e+01	
-2.038414e+00	-1.798529e+00	-1.444045e+00	-9.862656e-01	-4.340993e-01	2.057294e-01	9.285276e-01	1.731525e+00	2.613809e+00	3.576308e+00	4.621810e+00	5.755029e+00	6.982717e+00	8.313818e+00	9.759681e+00	1.133432e+01	1.305474e+01	1.494134e+01	1.701837e+01	
-4.039779e+00	-3.567295e+00	-2.890839e+00	-2.030530e+00	-1.002230e+00	1.820880e-01	1.514065e+00	2.988763e+00	4.604550e+00	6.363066e+00	8.269263e+00	1.033152e+01	1.256184e+01	1.497613e+01	1.759456e+01	2.044207e+01	2.354891e+01	2.695134e+01	3.069252e+01	
-1.979535e+01	-1.749200e+01	-1.428287e+01	-1.025732e+01	-5.485808e+00	-2.151256e-02	6.098412e+00	1.285200e+01	2.023197e+01	2.824555e+01	3.691469e+01	4.627653e+01	5.638431e+01	6.730859e+01	7.913891e+01	9.198587e+01	1.059837e+02	1.212934e+02	1.381065e+02	
8.822008e+00	7.799993e+00	6.409779e+00	4.687690e+00	2.662371e+00	3.554542e-01	-2.217946e+00	-5.048887e+00	-8.134389e+00	-1.147737e+01	-1.508674e+01	-1.897756e+01	-2.317145e+01	-2.769707e+01	-3.259078e+01	-3.789749e+01	-4.367175e+01	-4.997895e+01	-5.689688e+01	
3.959172e+00	3.502267e+00	2.893945e+00	2.149148e+00	1.279658e+00	2.943735e-01	-8.004832e-01	-2.001228e+00	-3.306629e+00	-4.717880e+00	-6.238627e+00	-7.875063e+00	-9.636061e+00	-1.153339e+01	-1.358200e+01	-1.580034e+01	-1.821082e+01	-2.084031e+01	-2.372079e+01	
2.680824e+00	2.372502e+00	1.969944e+00	1.482448e+00	9.173514e-01	2.801945e-01	-4.251474e-01	-1.196377e+00	-2.032722e+00	-2.934919e+00	-3.905234e+00	-4.947510e+00	-6.067264e+00	-7.271814e+00	-8.570448e+00	-9.974642e+00	-1.149833e+01	-1.315823e+01	-1.497422e+01	
2.088302e+00	1.848868e+00	1.541841e+00	1.173892e+00	7.502836e-01	2.749929e-01	-2.491980e-01	-8.206376e-01	-1.438769e+00	-2.104115e+00	-2.818296e+00	-3.584064e+00	-4.405370e+00	-5.287455e+00	-6.236975e+00	-7.262153e+00	-8.372975e+00	-9.581418e+00	-1.090173e+01	
1.744694e+00	1.545224e+00	1.293722e+00	9.953227e-01	6.540788e-01	2.730538e-01	-1.456083e-01	-6.006335e-01	-1.091589e+00	-1.618876e+00	-2.183734e+00	-2.788280e+00	-3.435549e+00	-4.129569e+00	-4.875459e+00	-5.679542e+00	-6.549497e+00	-7.494536e+00	-8.525621e+00	
1.519144e+00	1.345920e+00	1.130968e+00	8.784062e-01	5.914864e-01	2.726666e-01	-7.633139e-02	-4.544836e-01	-8.614402e-01	-1.297519e+00	-1.763711e+00	-2.261709e+00	-2.793943e+00	-3.363640e+00	-3.974896e+00	-4.632779e+00	-5.343439e+00	-6.114256e+00	-6.954014e+00	
1.358783e+00	1.204230e+00	1.015351e+00	7.955350e-01	5.474572e-01	2.731413e-01	-2.599440e-02	-3.491053e-01	-6.959010e-01	-1.066639e+00	-1.462133e+00	-1.883771e+00	-2.333546e+00	-2.814110e+00	-3.328826e+00	-3.881858e+00	-4.478259e+00	-5.124093e+00	-5.826578e+00	
1.238153e+00	1.097655e+00	9.284645e-01	7.334156e-01	5.147453e-01	2.741465e-01	1.280653e-02	-2.685664e-01	-5.697271e-01	-8.908882e-01	-1.232726e+00	-1.596397e+00	-1.983564e+00	-2.396437e+00	-2.837826e+00	-3.311202e+00	-3.820786e+00	-4.371639e+00	-4.969785e+00	
1.143471e+00	1.014012e+00	8.603415e-01	6.848504e-01	4.894278e-01	2.755037e-01	4.408158e-02	-2.042387e-01	-4.692476e-01	-7.511218e-01	-1.050429e+00	-1.368141e+00	-1.705658e+00	-2.064840e+00	-2.448054e+00	-2.858223e+00	-3.298903e+00	-3.774360e+00	-4.289669e+00	
1.066613e+00	9.461224e-01	8.051083e-01	6.455980e-01	4.691935e-01	2.771085e-01	7.019544e-02	-1.510351e-01	-3.864031e-01	-6.360555e-01	-9.004701e-01	-1.180468e+00	-1.477230e+00	-1.792332e+00	-2.127772e+00	-2.486026e+00	-2.870100e+00	-3.283605e+00	-3.730837e+00	
1.002470e+00	8.894713e-01	7.590719e-01	6.129916e-01	4.525897e-01	2.788964e-01	9.263632e-02	-1.057555e-01	-3.161239e-01	-5.385906e-01	-7.735574e-01	-1.021717e+00	-1.284067e+00	-1.561937e+00	-1.857019e+00	-2.171405e+00	-2.507638e+00	-2.868774e+00	-3.258446e+00	
9.476614e-01	8.410695e-01	7.197870e-01	5.852659e-01	4.386550e-01	2.808255e-01	1.123910e-01	-6.627884e-02	-2.550505e-01	-4.540236e-01	-6.635342e-01	-8.841628e-01	-1.116749e+00	-1.362409e+00	-1.622567e+00	-1.898984e+00	-2.193802e+00	-2.509591e+00	-2.849415e+00	
8.998479e-01	7.988507e-01	6.855632e-01	5.612008e-01	4.267255e-01	2.828679e-01	1.301432e-01	-3.113684e-02	-2.008577e-01	-3.790997e-01	-5.661403e-01	-7.624611e-01	-9.687597e-01	-1.185967e+00	-1.415266e+00	-1.658127e+00	-1.916333e+00	-2.192030e+00	-2.487770e+00	
8.573518e-01	7.613319e-01	6.551877e-01	5.399210e-01	4.163256e-01	2.850047e-01	1.463852e-01	7.263778e-04	-1.518744e-01	-3.114796e-01	-4.783140e-01	-6.527700e-01	-8.354175e-01	-1.027017e+00	-1.228540e+00	-1.441188e+00	-1.666425e+00	-1.906010e+00	-2.162036e+00	
8.189272e-01	7.274121e-01	6.277602e-01	5.207773e-01	4.071027e-01	2.872232e-01	1.614842e-01	3.009712e-02	-1.068563e-01	-2.494225e-01	-3.977775e-01	-5.522319e-01	-7.132383e-01	-8.814022e-01	-1.057497e+00	-1.242482e+00	-1.437526e+00	-1.644032e+00	-1.863675e+00	
7.836185e-01	6.962468e-01	6.025902e-01	5.032719e-01	3.987874e-01	2.895148e-01	1.757237e-01	5.758104e-02	-6.484614e-02	-1.915890e-01	-3.227785e-01	-4.586488e-01	-5.995429e-01	-7.459219e-01	-8.983753e-01	-1.057636e+00	-1.224596e+00	-1.400331e+00	-1.586122e+00	
7.506687e-01	6.671670e-01	5.791309e-01	4.870112e-01	3.911671e-01	2.918742e-01	1.893306e-01	8.366088e-02	-2.508151e-02	-1.369135e-01	-2.519230e-01	-3.702721e-01	-4.922005e-01	-6.180322e-01	-7.481829e-01	-8.831710e-01	-1.023629e+00	-1.170320e+00	-1.324154e+00	
7.194571e-01	6.396241e-01	5.569343e-01	4.716728e-01	3.840685e-01	2.942987e-01	2.024930e-01	1.087356e-01	1.306672e-02	-8.451668e-02	-1.840617e-01	-2.856608e-01	-3.894547e-01	-4.956361e-01	-6.044545e-01	-7.162224e-01	-8.313233e-01	-9.502209e-01	-1.073470e+00	
6.894553e-01	6.131515e-01	5.356192e-01	4.569830e-01	3.773452e-01	2.967879e-01	2.153738e-01	1.331482e-01	5.013842e-02	-3.364508e-02	-1.182095e-01	-2.035800e-01	-2.898011e-01	-3.769380e-01	-4.650785e-01	-5.543356e-01	-6.448506e-01	-7.367970e-01	-8.303845e-01	
6.601952e-01	5.873355e-01	5.148482e-01	4.427001e-01	3.708690e-01	2.993431e-01	2.281201e-01	1.572064e-01	8.661698e-02	1.637555e-02	-5.348584e-02	-1.229262e-01	-1.918955e-01	-2.603332e-01	-3.281685e-01	-3.953179e-01	-4.616848e-01	-5.271569e-01	-5.916047e-01	
