3.889240e-17	3.507699e-17	3.186517e-17	2.896615e-17	2.622272e-17	2.354219e-17	2.086037e-17	1.812307e-17	1.527635e-17	1.226114e-17	9.009668e-18	5.442542e-18	1.465402e-18	-3.035261e-18	-8.197896e-18	-1.419410e-17	-2.124064e-17	-2.961751e-17	-3.969588e-17	
-1.656941e-02	-1.477064e-02	-1.331469e-02	-1.216775e-02	-1.130322e-02	-1.070103e-02	-1.034719e-02	-1.023350e-02	-1.035733e-02	-1.072153e-02	-1.133457e-02	-1.221068e-02	-1.337019e-02	-1.484000e-02	-1.665424e-02	-1.885500e-02	-2.149337e-02	-2.463058e-02	-2.833944e-02	
-3.315007e-02	-2.955131e-02	-2.663842e-02	-2.434377e-02	-2.261412e-02	-2.140932e-02	-2.070141e-02	-2.047396e-02	-2.072169e-02	-2.145035e-02	-2.267685e-02	-2.442966e-02	-2.674945e-02	-2.969008e-02	-3.331978e-02	-3.772280e-02	-4.300134e-02	-4.927789e-02	-5.669813e-02	
-4.975327e-02	-4.435208e-02	-3.998026e-02	-3.653634e-02	-3.394040e-02	-3.213217e-02	-3.106971e-02	-3.072834e-02	-3.110014e-02	-3.219375e-02	-3.403454e-02	-3.666525e-02	-4.014691e-02	-4.456035e-02	-5.000799e-02	-5.661626e-02	-6.453855e-02	-7.395871e-02	-8.509538e-02	
-6.639039e-02	-5.918308e-02	-5.334936e-02	-4.875382e-02	-4.528981e-02	-4.287693e-02	-4.145918e-02	-4.100366e-02	-4.149979e-02	-4.295909e-02	-4.541544e-02	-4.892582e-02	-5.357173e-02	-5.946099e-02	-6.673028e-02	-7.554831e-02	-8.611975e-02	-9.868994e-02	-1.135506e-01	
-8.307289e-02	-7.405454e-02	-6.675492e-02	-6.100462e-02	-5.667018e-02	-5.365099e-02	-5.187699e-02	-5.130701e-02	-5.192781e-02	-5.375381e-02	-5.682737e-02	-6.121985e-02	-6.703318e-02	-7.440228e-02	-8.349819e-02	-9.453201e-02	-1.077598e-01	-1.234886e-01	-1.420835e-01	
-9.981241e-02	-8.897683e-02	-8.020630e-02	-7.329729e-02	-6.808944e-02	-6.446188e-02	-6.233041e-02	-6.164558e-02	-6.239147e-02	-6.458541e-02	-6.827832e-02	-7.355589e-02	-8.054063e-02	-8.939464e-02	-1.003234e-01	-1.135806e-01	-1.294739e-01	-1.483721e-01	-1.707139e-01	
-1.166208e-01	-1.039605e-01	-9.371300e-02	-8.564052e-02	-7.955566e-02	-7.531722e-02	-7.282682e-02	-7.202665e-02	-7.289816e-02	-7.546156e-02	-7.977635e-02	-8.594266e-02	-9.410363e-02	-1.044486e-01	-1.172178e-01	-1.327075e-01	-1.512772e-01	-1.733579e-01	-1.994620e-01	
-1.335100e-01	-1.190162e-01	-1.072847e-01	-9.804313e-02	-9.107706e-02	-8.622480e-02	-8.337373e-02	-8.245769e-02	-8.345541e-02	-8.639004e-02	-9.132970e-02	-9.838904e-02	-1.077319e-01	-1.195751e-01	-1.341935e-01	-1.519264e-01	-1.731854e-01	-1.984639e-01	-2.283485e-01	
-1.504924e-01	-1.341551e-01	-1.209313e-01	-1.105142e-01	-1.026620e-01	-9.719258e-02	-9.397886e-02	-9.294629e-02	-9.407092e-02	-9.737884e-02	-1.029468e-01	-1.109041e-01	-1.214354e-01	-1.347850e-01	-1.512629e-01	-1.712514e-01	-1.952146e-01	-2.237084e-01	-2.573943e-01	
-1.675807e-01	-1.493883e-01	-1.346629e-01	-1.230630e-01	-1.143192e-01	-1.082287e-01	-1.046501e-01	-1.035003e-01	-1.047526e-01	-1.084361e-01	-1.146364e-01	-1.234972e-01	-1.352243e-01	-1.500898e-01	-1.684387e-01	-1.906969e-01	-2.173810e-01	-2.491104e-01	-2.866213e-01	
-1.847879e-01	-1.647274e-01	-1.484901e-01	-1.356991e-01	-1.260575e-01	-1.193416e-01	-1.153955e-01	-1.141277e-01	-1.155086e-01	-1.195703e-01	-1.264072e-01	-1.361779e-01	-1.491091e-01	-1.655009e-01	-1.857339e-01	-2.102776e-01	-2.397017e-01	-2.746890e-01	-3.160515e-01	
-2.021274e-01	-1.801845e-01	-1.624236e-01	-1.484323e-01	-1.378861e-01	-1.305400e-01	-1.262236e-01	-1.248368e-01	-1.263473e-01	-1.307901e-01	-1.382685e-01	-1.489560e-01	-1.631006e-01	-1.810306e-01	-2.031622e-01	-2.300089e-01	-2.621940e-01	-3.004643e-01	-3.457080e-01	
-2.196130e-01	-1.957720e-01	-1.764745e-01	-1.612729e-01	-1.498143e-01	-1.418328e-01	-1.371430e-01	-1.356362e-01	-1.372773e-01	-1.421046e-01	-1.502299e-01	-1.618419e-01	-1.772102e-01	-1.966913e-01	-2.207374e-01	-2.499066e-01	-2.848759e-01	-3.264569e-01	-3.756146e-01	
-2.372593e-01	-2.115026e-01	-1.906546e-01	-1.742315e-01	-1.618522e-01	-1.532293e-01	-1.481627e-01	-1.465348e-01	-1.483078e-01	-1.535229e-01	-1.623012e-01	-1.748463e-01	-1.914493e-01	-2.124958e-01	-2.384741e-01	-2.699871e-01	-3.077662e-01	-3.526883e-01	-4.057960e-01	
-2.550813e-01	-2.273898e-01	-2.049758e-01	-1.873191e-01	-1.740099e-01	-1.647393e-01	-1.592921e-01	-1.575419e-01	-1.594481e-01	-1.650550e-01	-1.744926e-01	-1.879800e-01	-2.058303e-01	-2.284576e-01	-2.563873e-01	-2.902674e-01	-3.308844e-01	-3.791809e-01	-4.362778e-01	
-2.730947e-01	-2.434477e-01	-2.194508e-01	-2.005472e-01	-1.862981e-01	-1.763728e-01	-1.705410e-01	-1.686672e-01	-1.707081e-01	-1.767109e-01	-1.868149e-01	-2.012548e-01	-2.203656e-01	-2.445909e-01	-2.744929e-01	-3.107656e-01	-3.542509e-01	-4.059579e-01	-4.670869e-01	
-2.913159e-01	-2.596908e-01	-2.340928e-01	-2.139280e-01	-1.987282e-01	-1.881406e-01	-1.819197e-01	-1.799209e-01	-1.820979e-01	-1.885012e-01	-1.992794e-01	-2.146828e-01	-2.350687e-01	-2.609103e-01	-2.928074e-01	-3.315002e-01	-3.778869e-01	-4.330439e-01	-4.982515e-01	
-3.097621e-01	-2.761345e-01	-2.489157e-01	-2.274740e-01	-2.113117e-01	-2.000538e-01	-1.934389e-01	-1.913135e-01	-1.936284e-01	-2.004372e-01	-2.118979e-01	-2.282765e-01	-2.499533e-01	-2.774312e-01	-3.113480e-01	-3.524909e-01	-4.018148e-01	-4.604644e-01	-5.298009e-01	
-3.284515e-01	-2.927950e-01	-2.639339e-01	-2.411985e-01	-2.240611e-01	-2.121240e-01	-2.051100e-01	-2.028564e-01	-2.053109e-01	-2.125305e-01	-2.246827e-01	-2.420496e-01	-2.650342e-01	-2.941700e-01	-3.301331e-01	-3.737584e-01	-4.260582e-01	-4.882464e-01	-5.617664e-01	
-3.474033e-01	-3.096894e-01	-2.791630e-01	-2.551158e-01	-2.369896e-01	-2.243636e-01	-2.169449e-01	-2.145613e-01	-2.171574e-01	-2.247936e-01	-2.376470e-01	-2.560159e-01	-2.803268e-01	-3.111437e-01	-3.491820e-01	-3.953244e-01	-4.506420e-01	-5.164185e-01	-5.941806e-01	
-3.666377e-01	-3.268357e-01	-2.946193e-01	-2.692406e-01	-2.501108e-01	-2.367858e-01	-2.289564e-01	-2.264408e-01	-2.291807e-01	-2.372396e-01	-2.508046e-01	-2.701906e-01	-2.958474e-01	-3.283706e-01	-3.685149e-01	-4.172121e-01	-4.755924e-01	-5.450107e-01	-6.270782e-01	
-3.861763e-01	-3.442532e-01	-3.103199e-01	-2.835888e-01	-2.634395e-01	-2.494044e-01	-2.411577e-01	-2.385081e-01	-2.413940e-01	-2.498824e-01	-2.641704e-01	-2.845894e-01	-3.116136e-01	-3.458699e-01	-3.881536e-01	-4.394459e-01	-5.009373e-01	-5.740551e-01	-6.604960e-01	
-4.060419e-01	-3.619622e-01	-3.262833e-01	-2.981771e-01	-2.769913e-01	-2.622342e-01	-2.535633e-01	-2.507774e-01	-2.538118e-01	-2.627368e-01	-2.777598e-01	-2.992292e-01	-3.276435e-01	-3.636621e-01	-4.081209e-01	-4.620518e-01	-5.267065e-01	-6.035855e-01	-6.944732e-01	
-4.262590e-01	-3.799845e-01	-3.425291e-01	-3.130235e-01	-2.907829e-01	-2.752910e-01	-2.661884e-01	-2.632637e-01	-2.664492e-01	-2.758186e-01	-2.915896e-01	-3.141280e-01	-3.439571e-01	-3.817691e-01	-4.284415e-01	-4.850577e-01	-5.529315e-01	-6.336384e-01	-7.290514e-01	
-4.468535e-01	-3.983433e-01	-3.590783e-01	-3.281471e-01	-3.048319e-01	-2.885916e-01	-2.790492e-01	-2.759832e-01	-2.793226e-01	-2.891447e-01	-3.056776e-01	-3.293050e-01	-3.605752e-01	-4.002141e-01	-4.491415e-01	-5.084930e-01	-5.796462e-01	-6.642524e-01	-7.642752e-01	
-4.678534e-01	-4.170635e-01	-3.759532e-01	-3.435684e-01	-3.191575e-01	-3.021540e-01	-2.921631e-01	-2.889531e-01	-2.924494e-01	-3.027331e-01	-3.200430e-01	-3.447807e-01	-3.775205e-01	-4.190222e-01	-4.702490e-01	-5.323898e-01	-6.068868e-01	-6.954690e-01	-8.001925e-01	
-4.892888e-01	-4.361718e-01	-3.931780e-01	-3.593095e-01	-3.337802e-01	-3.159976e-01	-3.055490e-01	-3.021919e-01	-3.058484e-01	-3.166033e-01	-3.347062e-01	-3.605774e-01	-3.948172e-01	-4.382203e-01	-4.917941e-01	-5.567820e-01	-6.346922e-01	-7.273330e-01	-8.368545e-01	
-5.111919e-01	-4.556972e-01	-4.107787e-01	-3.753941e-01	-3.487219e-01	-3.301433e-01	-3.192270e-01	-3.157196e-01	-3.195397e-01	-3.307761e-01	-3.496894e-01	-3.767187e-01	-4.124913e-01	-4.578374e-01	-5.138094e-01	-5.817065e-01	-6.631044e-01	-7.598923e-01	-8.743165e-01	
-5.335977e-01	-4.756706e-01	-4.287834e-01	-3.918478e-01	-3.640066e-01	-3.446136e-01	-3.332188e-01	-3.295577e-01	-3.335453e-01	-3.452742e-01	-3.650165e-01	-3.932305e-01	-4.305710e-01	-4.779046e-01	-5.363300e-01	-6.072030e-01	-6.921686e-01	-7.931988e-01	-9.126383e-01	
-5.565439e-01	-4.961258e-01	-4.472223e-01	-4.086984e-01	-3.796599e-01	-3.594330e-01	-3.475482e-01	-3.437297e-01	-3.478888e-01	-3.601220e-01	-3.807133e-01	-4.101406e-01	-4.490868e-01	-4.984560e-01	-5.593938e-01	-6.333145e-01	-7.219339e-01	-8.273087e-01	-9.518845e-01	
-5.800717e-01	-5.170994e-01	-4.661285e-01	-4.259760e-01	-3.957100e-01	-3.746280e-01	-3.622408e-01	-3.582608e-01	-3.625957e-01	-3.753461e-01	-3.968079e-01	-4.274792e-01	-4.680719e-01	-5.195281e-01	-5.830421e-01	-6.600878e-01	-7.524536e-01	-8.622831e-01	-9.921253e-01	
-6.042257e-01	-5.386313e-01	-4.855380e-01	-4.437135e-01	-4.121872e-01	-3.902274e-01	-3.773244e-01	-3.731787e-01	-3.776941e-01	-3.909754e-01	-4.133309e-01	-4.452793e-01	-4.875623e-01	-5.411611e-01	-6.073198e-01	-6.875737e-01	-7.837856e-01	-8.981883e-01	-1.033437e+00	
-6.290546e-01	-5.607648e-01	-5.054898e-01	-4.619467e-01	-4.291249e-01	-4.062627e-01	-3.928295e-01	-3.885134e-01	-3.932144e-01	-4.070415e-01	-4.303156e-01	-4.635769e-01	-5.075974e-01	-5.633987e-01	-6.322760e-01	-7.158277e-01	-8.159931e-01	-9.350970e-01	-1.075903e+00	
-6.546120e-01	-5.835477e-01	-5.260270e-01	-4.807148e-01	-4.465595e-01	-4.227685e-01	-4.087895e-01	-4.042981e-01	-4.091900e-01	-4.235789e-01	-4.477986e-01	-4.824113e-01	-5.282202e-01	-5.862887e-01	-6.579643e-01	-7.449106e-01	-8.491456e-01	-9.730884e-01	-1.119616e+00	
-6.809566e-01	-6.070323e-01	-5.471967e-01	-5.000609e-01	-4.645311e-01	-4.397826e-01	-4.252410e-01	-4.205689e-01	-4.256577e-01	-4.406256e-01	-4.658200e-01	-5.018257e-01	-5.494782e-01	-6.098836e-01	-6.844438e-01	-7.748892e-01	-8.833191e-01	-1.012250e+00	-1.164674e+00	
-7.081528e-01	-6.312761e-01	-5.690508e-01	-5.200325e-01	-4.830837e-01	-4.573468e-01	-4.422244e-01	-4.373657e-01	-4.426578e-01	-4.582235e-01	-4.844242e-01	-5.218678e-01	-5.714235e-01	-6.342414e-01	-7.117794e-01	-8.058371e-01	-9.185975e-01	-1.052678e+00	-1.211189e+00	
-7.362723e-01	-6.563430e-01	-5.916468e-01	-5.406821e-01	-5.022661e-01	-4.755072e-01	-4.597844e-01	-4.547327e-01	-4.602349e-01	-4.764188e-01	-5.036598e-01	-5.425903e-01	-5.941138e-01	-6.594261e-01	-7.400430e-01	-8.378356e-01	-9.550735e-01	-1.094478e+00	-1.259284e+00	
-7.653942e-01	-6.823035e-01	-6.150483e-01	-5.620678e-01	-5.221324e-01	-4.943151e-01	-4.779704e-01	-4.727189e-01	-4.784388e-01	-4.952627e-01	-5.235812e-01	-5.640516e-01	-6.176130e-01	-6.855086e-01	-7.693142e-01	-8.709748e-01	-9.928499e-01	-1.137768e+00	-1.309093e+00	
-7.956068e-01	-7.092362e-01	-6.393263e-01	-5.842545e-01	-5.427426e-01	-5.138273e-01	-4.968375e-01	-4.913787e-01	-4.973244e-01	-5.148124e-01	-5.442488e-01	-5.863166e-01	-6.419923e-01	-7.125679e-01	-7.996816e-01	-9.053551e-01	-1.032041e+00	-1.182680e+00	-1.360767e+00	
-8.270087e-01	-7.372291e-01	-6.645599e-01	-6.073145e-01	-5.641642e-01	-5.341077e-01	-5.164472e-01	-5.107730e-01	-5.169533e-01	-5.351316e-01	-5.657298e-01	-6.094581e-01	-6.673312e-01	-7.406925e-01	-8.312445e-01	-9.410888e-01	-1.072775e+00	-1.229359e+00	-1.414475e+00	
-8.597104e-01	-7.663807e-01	-6.908380e-01	-6.313290e-01	-5.864725e-01	-5.552274e-01	-5.368687e-01	-5.309701e-01	-5.373948e-01	-5.562919e-01	-5.881000e-01	-6.335574e-01	-6.937190e-01	-7.699811e-01	-8.641137e-01	-9.783016e-01	-1.115195e+00	-1.277971e+00	-1.470407e+00	
-8.938364e-01	-7.968020e-01	-7.182607e-01	-6.563894e-01	-6.097524e-01	-5.772671e-01	-5.581795e-01	-5.520468e-01	-5.587266e-01	-5.783738e-01	-6.114446e-01	-6.587064e-01	-7.212561e-01	-8.005454e-01	-8.984146e-01	-1.017135e+00	-1.159462e+00	-1.328700e+00	-1.528775e+00	
-9.295275e-01	-8.286185e-01	-7.469410e-01	-6.825993e-01	-6.341000e-01	-6.003175e-01	-5.804678e-01	-5.740903e-01	-5.810368e-01	-6.014685e-01	-6.358598e-01	-6.850088e-01	-7.500561e-01	-8.325115e-01	-9.342887e-01	-1.057750e+00	-1.205760e+00	-1.381755e+00	-1.589819e+00	
-9.669438e-01	-8.619730e-01	-7.770077e-01	-7.100760e-01	-6.596245e-01	-6.244822e-01	-6.038335e-01	-5.971992e-01	-6.044254e-01	-6.256796e-01	-6.614553e-01	-7.125826e-01	-7.802484e-01	-8.660229e-01	-9.718969e-01	-1.100328e+00	-1.254296e+00	-1.437376e+00	-1.653815e+00	
-1.006268e+00	-8.970285e-01	-8.086078e-01	-7.389540e-01	-6.864507e-01	-6.498792e-01	-6.283908e-01	-6.214867e-01	-6.290067e-01	-6.511254e-01	-6.883560e-01	-7.415627e-01	-8.119803e-01	-9.012432e-01	-1.011423e+00	-1.145077e+00	-1.305307e+00	-1.495832e+00	-1.721074e+00	
-1.047711e+00	-9.339722e-01	-8.419099e-01	-7.693876e-01	-7.147219e-01	-6.766443e-01	-6.542709e-01	-6.470825e-01	-6.549122e-01	-6.779418e-01	-7.167058e-01	-7.721038e-01	-8.454215e-01	-9.383607e-01	-1.053078e+00	-1.192237e+00	-1.359066e+00	-1.557438e+00	-1.791956e+00	
-1.091515e+00	-9.730205e-01	-8.771092e-01	-8.015548e-01	-7.446036e-01	-7.049340e-01	-6.816252e-01	-6.741363e-01	-6.822934e-01	-7.062858e-01	-7.466705e-01	-8.043847e-01	-8.807678e-01	-9.775927e-01	-1.097107e+00	-1.242083e+00	-1.415887e+00	-1.622553e+00	-1.866876e+00	
-1.137961e+00	-1.014425e+00	-9.144322e-01	-8.356628e-01	-7.762883e-01	-7.349306e-01	-7.106300e-01	-7.028224e-01	-7.113266e-01	-7.363400e-01	-7.784432e-01	-8.386132e-01	-9.182467e-01	-1.019192e+00	-1.143791e+00	-1.294937e+00	-1.476137e+00	-1.691597e+00	-1.946317e+00	
-1.187380e+00	-1.058479e+00	-9.541442e-01	-8.719540e-01	-8.100009e-01	-7.668472e-01	-7.414913e-01	-7.333446e-01	-7.422182e-01	-7.683179e-01	-8.122496e-01	-8.750327e-01	-9.581245e-01	-1.063453e+00	-1.193464e+00	-1.351174e+00	-1.540243e+00	-1.765060e+00	-2.030842e+00	
-1.240162e+00	-1.105531e+00	-9.965577e-01	-9.107140e-01	-8.460071e-01	-8.009351e-01	-7.744521e-01	-7.659433e-01	-7.752113e-01	-8.024713e-01	-8.483558e-01	-9.139298e-01	-1.000715e+00	-1.110726e+00	-1.246516e+00	-1.411236e+00	-1.608710e+00	-1.843521e+00	-2.121117e+00	
-1.296767e+00	-1.155991e+00	-1.042044e+00	-9.522824e-01	-8.846220e-01	-8.374928e-01	-8.098010e-01	-8.009039e-01	-8.105950e-01	-8.390992e-01	-8.870781e-01	-9.556452e-01	-1.046392e+00	-1.161424e+00	-1.303412e+00	-1.475651e+00	-1.682138e+00	-1.927666e+00	-2.217934e+00	
-1.357751e+00	-1.210355e+00	-1.091049e+00	-9.970661e-01	-9.262238e-01	-8.768782e-01	-8.478842e-01	-8.385687e-01	-8.487155e-01	-8.785603e-01	-9.287955e-01	-1.000587e+00	-1.095602e+00	-1.216044e+00	-1.364709e+00	-1.545048e+00	-1.761246e+00	-2.018321e+00	-2.322239e+00	
-1.423784e+00	-1.269219e+00	-1.144111e+00	-1.045557e+00	-9.712699e-01	-9.195245e-01	-8.891203e-01	-8.793518e-01	-8.899922e-01	-9.212884e-01	-9.739669e-01	-1.049250e+00	-1.148885e+00	-1.275185e+00	-1.431081e+00	-1.620190e+00	-1.846903e+00	-2.116480e+00	-2.435179e+00	
-1.495686e+00	-1.333316e+00	-1.201890e+00	-1.098359e+00	-1.020320e+00	-9.659613e-01	-9.340217e-01	-9.237599e-01	-9.349377e-01	-9.678144e-01	-1.023153e+00	-1.102238e+00	-1.206905e+00	-1.339584e+00	-1.503352e+00	-1.702012e+00	-1.940174e+00	-2.223365e+00	-2.558159e+00	
-1.574473e+00	-1.403549e+00	-1.265201e+00	-1.156216e+00	-1.074066e+00	-1.016844e+00	-9.832223e-01	-9.724200e-01	-9.841866e-01	-1.018795e+00	-1.077049e+00	-1.160300e+00	-1.270481e+00	-1.410148e+00	-1.582543e+00	-1.791668e+00	-2.042375e+00	-2.340484e+00	-2.692913e+00	
-1.661417e+00	-1.481055e+00	-1.335067e+00	-1.220064e+00	-1.133377e+00	-1.072996e+00	-1.037517e+00	-1.026118e+00	-1.038535e+00	-1.075055e+00	-1.136525e+00	-1.224374e+00	-1.340639e+00	-1.488018e+00	-1.669934e+00	-1.890607e+00	-2.155158e+00	-2.469729e+00	-2.841621e+00	
-1.758139e+00	-1.567277e+00	-1.412790e+00	-1.291092e+00	-1.199359e+00	-1.135462e+00	-1.097918e+00	-1.085856e+00	-1.098995e+00	-1.137641e+00	-1.202691e+00	-1.295653e+00	-1.418687e+00	-1.574647e+00	-1.767153e+00	-2.000672e+00	-2.280626e+00	-2.613510e+00	-3.007052e+00	
-1.866737e+00	-1.664085e+00	-1.500056e+00	-1.370841e+00	-1.273442e+00	-1.205598e+00	-1.165735e+00	-1.152928e+00	-1.166879e+00	-1.207912e+00	-1.276980e+00	-1.375685e+00	-1.506318e+00	-1.671911e+00	-1.876308e+00	-2.124252e+00	-2.421498e+00	-2.774945e+00	-3.192795e+00	
-1.989978e+00	-1.773947e+00	-1.599089e+00	-1.461343e+00	-1.357514e+00	-1.285191e+00	-1.242697e+00	-1.229044e+00	-1.243916e+00	-1.287658e+00	-1.361286e+00	-1.466507e+00	-1.605765e+00	-1.782291e+00	-2.000182e+00	-2.264496e+00	-2.581366e+00	-2.958147e+00	-3.403584e+00	
-2.131596e+00	-1.900192e+00	-1.712889e+00	-1.565341e+00	-1.454123e+00	-1.376653e+00	-1.331134e+00	-1.316510e+00	-1.332441e+00	-1.379296e+00	-1.458163e+00	-1.570873e+00	-1.720041e+00	-1.909130e+00	-2.142528e+00	-2.425652e+00	-2.765072e+00	-3.168668e+00	-3.645805e+00	
-2.296761e+00	-2.047426e+00	-1.845611e+00	-1.686630e+00	-1.566794e+00	-1.483322e+00	-1.434277e+00	-1.418519e+00	-1.435684e+00	-1.486170e+00	-1.571148e+00	-1.692592e+00	-1.853318e+00	-2.057059e+00	-2.308541e+00	-2.613603e+00	-2.979324e+00	-3.414192e+00	-3.928300e+00	
-2.492852e+00	-2.222230e+00	-2.003184e+00	-1.830630e+00	-1.700563e+00	-1.609964e+00	-1.556732e+00	-1.539629e+00	-1.558260e+00	-1.613056e+00	-1.705290e+00	-1.837102e+00	-2.011551e+00	-2.232686e+00	-2.505640e+00	-2.836748e+00	-3.233693e+00	-3.705689e+00	-4.263691e+00	
-2.730798e+00	-2.434345e+00	-2.194391e+00	-2.005366e+00	-1.862884e+00	-1.763638e+00	-1.705324e+00	-1.686590e+00	-1.706999e+00	-1.767026e+00	-1.868064e+00	-2.012457e+00	-2.203558e+00	-2.445802e+00	-2.744810e+00	-3.107522e+00	-3.542357e+00	-4.059407e+00	-4.670671e+00	
-3.027530e+00	-2.698865e+00	-2.432837e+00	-2.223273e+00	-2.065309e+00	-1.955279e+00	-1.890628e+00	-1.869858e+00	-1.892485e+00	-1.959035e+00	-2.071052e+00	-2.231136e+00	-2.443003e+00	-2.711569e+00	-3.043068e+00	-3.445194e+00	-3.927280e+00	-4.500513e+00	-5.178200e+00	
-3.410805e+00	-3.040531e+00	-2.740826e+00	-2.504732e+00	-2.326770e+00	-2.202811e+00	-2.129976e+00	-2.106577e+00	-2.132068e+00	-2.207044e+00	-2.333242e+00	-2.513593e+00	-2.752281e+00	-3.054848e+00	-3.428314e+00	-3.881348e+00	-4.424465e+00	-5.070269e+00	-5.833749e+00	
-3.929577e+00	-3.502986e+00	-3.157696e+00	-2.885694e+00	-2.680665e+00	-2.537852e+00	-2.453940e+00	-2.426982e+00	-2.456351e+00	-2.542730e+00	-2.688123e+00	-2.895905e+00	-3.170898e+00	-3.519485e+00	-3.949755e+00	-4.471695e+00	-5.097419e+00	-5.841449e+00	-6.721054e+00	
-4.679179e+00	-4.171213e+00	-3.760056e+00	-3.436167e+00	-3.192028e+00	-3.021972e+00	-2.922054e+00	-2.889953e+00	-2.924925e+00	-3.027783e+00	-3.200912e+00	-3.448331e+00	-3.775782e+00	-4.190865e+00	-4.703215e+00	-5.324721e+00	-6.069809e+00	-6.955772e+00	-8.003171e+00	
-5.873628e+00	-5.235994e+00	-4.719883e+00	-4.313315e+00	-4.006855e+00	-3.793390e+00	-3.667966e+00	-3.627672e+00	-3.671572e+00	-3.800687e+00	-4.018011e+00	-4.328589e+00	-4.739630e+00	-5.260673e+00	-5.903811e+00	-6.683971e+00	-7.619259e+00	-8.731383e+00	-1.004615e+01	
-8.114715e+00	-7.233792e+00	-6.520758e+00	-5.959065e+00	-5.535676e+00	-5.240764e+00	-5.067485e+00	-5.011818e+00	-5.072470e+00	-5.250850e+00	-5.551096e+00	-5.980178e+00	-6.548053e+00	-7.267903e+00	-8.156434e+00	-9.234267e+00	-1.052642e+01	-1.206288e+01	-1.387931e+01	
-1.400166e+01	-1.248166e+01	-1.125135e+01	-1.028216e+01	-9.551623e+00	-9.042765e+00	-8.743781e+00	-8.647731e+00	-8.752387e+00	-9.060177e+00	-9.578245e+00	-1.031861e+01	-1.129847e+01	-1.254055e+01	-1.407369e+01	-1.593346e+01	-1.816303e+01	-2.081415e+01	-2.394834e+01	
-7.700796e+01	-6.864810e+01	-6.188149e+01	-5.655109e+01	-5.253318e+01	-4.973452e+01	-4.809014e+01	-4.756190e+01	-4.813751e+01	-4.983035e+01	-5.267971e+01	-5.675171e+01	-6.214086e+01	-6.897224e+01	-7.740440e+01	-8.763303e+01	-9.989555e+01	-1.144765e+02	-1.317144e+02	
1.821002e+01	1.623317e+01	1.463308e+01	1.337261e+01	1.242250e+01	1.176070e+01	1.137187e+01	1.124696e+01	1.138308e+01	1.178339e+01	1.245718e+01	1.342009e+01	1.469447e+01	1.630989e+01	1.830385e+01	2.072263e+01	2.362235e+01	2.707033e+01	3.114658e+01	
7.300270e+00	6.507767e+00	5.866303e+00	5.360990e+00	4.980101e+00	4.714794e+00	4.558914e+00	4.508841e+00	4.563414e+00	4.723899e+00	4.994022e+00	5.380051e+00	5.890945e+00	6.538563e+00	7.337934e+00	8.307612e+00	9.470101e+00	1.085238e+01	1.248654e+01	
4.138963e+00	3.689647e+00	3.325964e+00	3.039473e+00	2.823525e+00	2.673109e+00	2.584732e+00	2.556345e+00	2.587288e+00	2.678280e+00	2.831432e+00	3.050298e+00	3.339959e+00	3.707137e+00	4.160355e+00	4.710130e+00	5.369222e+00	6.152929e+00	7.079439e+00	
2.594440e+00	2.312795e+00	2.084828e+00	1.905247e+00	1.769885e+00	1.675601e+00	1.620205e+00	1.602413e+00	1.621812e+00	1.678851e+00	1.774854e+00	1.912051e+00	2.093624e+00	2.323788e+00	2.607884e+00	2.952508e+00	3.365656e+00	3.856917e+00	4.437694e+00	
1.647597e+00	1.468739e+00	1.323970e+00	1.209929e+00	1.123970e+00	1.064096e+00	1.028919e+00	1.017622e+00	1.029944e+00	1.066169e+00	1.127139e+00	1.214269e+00	1.329580e+00	1.475751e+00	1.656171e+00	1.875030e+00	2.137407e+00	2.449390e+00	2.818222e+00	
9.806215e-01	8.741704e-01	7.880079e-01	7.201343e-01	6.689744e-01	6.333406e-01	6.124061e-01	6.056850e-01	6.130212e-01	6.345850e-01	6.708769e-01	7.227392e-01	7.913756e-01	8.783790e-01	9.857687e-01	1.116037e+00	1.272208e+00	1.457905e+00	1.677439e+00	
4.602306e-01	4.102726e-01	3.698366e-01	3.379842e-01	3.139761e-01	2.972550e-01	2.874329e-01	2.842819e-01	2.877287e-01	2.978535e-01	3.148911e-01	3.392371e-01	3.714564e-01	4.122969e-01	4.627063e-01	5.238548e-01	5.971613e-01	6.843275e-01	7.873761e-01	
1.823156e-02	1.625662e-02	1.465897e-02	1.340155e-02	1.245516e-02	1.179784e-02	1.141434e-02	1.129576e-02	1.143934e-02	1.184842e-02	1.253248e-02	1.350741e-02	1.479584e-02	1.642766e-02	1.844076e-02	2.088184e-02	2.380758e-02	2.728586e-02	3.139742e-02	
-3.870643e-01	-3.450406e-01	-3.110249e-01	-2.842278e-01	-2.640273e-01	-2.499546e-01	-2.416832e-01	-2.390210e-01	-2.419062e-01	-2.504058e-01	-2.647171e-01	-2.851723e-01	-3.122460e-01	-3.465666e-01	-3.889307e-01	-4.403215e-01	-5.019317e-01	-5.751913e-01	-6.618005e-01	
-7.868355e-01	-7.014127e-01	-6.322690e-01	-5.777997e-01	-5.367405e-01	-5.081386e-01	-4.913300e-01	-4.859248e-01	-4.917973e-01	-5.090840e-01	-5.381861e-01	-5.797789e-01	-6.348278e-01	-7.046105e-01	-7.907465e-01	-8.952349e-01	-1.020501e+00	-1.169452e+00	-1.345544e+00	
-1.210720e+00	-1.079281e+00	-9.728900e-01	-8.890791e-01	-8.259030e-01	-7.818952e-01	-7.560344e-01	-7.477205e-01	-7.567604e-01	-7.833640e-01	-8.281488e-01	-8.921540e-01	-9.768652e-01	-1.084249e+00	-1.216796e+00	-1.377585e+00	-1.570345e+00	-1.799552e+00	-2.070525e+00	
-1.694858e+00	-1.510861e+00	-1.361928e+00	-1.244605e+00	-1.156168e+00	-1.094564e+00	-1.058365e+00	-1.046728e+00	-1.059386e+00	-1.096630e+00	-1.159327e+00	-1.248930e+00	-1.367519e+00	-1.517848e+00	-1.703404e+00	-1.928494e+00	-2.198343e+00	-2.519214e+00	-2.898553e+00	
-2.294025e+00	-2.044981e+00	-1.843400e+00	-1.684602e+00	-1.564902e+00	-1.481521e+00	-1.432526e+00	-1.416778e+00	-1.433912e+00	-1.484326e+00	-1.569189e+00	-1.690472e+00	-1.850989e+00	-2.054465e+00	-2.305624e+00	-2.610294e+00	-2.975546e+00	-3.409858e+00	-3.923309e+00	
-3.107946e+00	-2.770543e+00	-2.497441e+00	-2.282303e+00	-2.120134e+00	-2.007172e+00	-1.940794e+00	-1.919460e+00	-1.942675e+00	-2.010978e+00	-2.125953e+00	-2.290270e+00	-2.507742e+00	-2.783415e+00	-3.123689e+00	-3.536461e+00	-4.031311e+00	-4.619724e+00	-5.315355e+00	
-4.354816e+00	-3.882051e+00	-3.499386e+00	-3.197938e+00	-2.970710e+00	-2.812430e+00	-2.719424e+00	-2.689533e+00	-2.722063e+00	-2.817770e+00	-2.978874e+00	-3.209116e+00	-3.513837e+00	-3.900111e+00	-4.376903e+00	-4.955279e+00	-5.648662e+00	-6.473145e+00	-7.447863e+00	
-6.643823e+00	-5.922563e+00	-5.338759e+00	-4.878863e+00	-4.532200e+00	-4.290725e+00	-4.148834e+00	-4.103233e+00	-4.152865e+00	-4.298880e+00	-4.544667e+00	-4.895933e+00	-5.360828e+00	-5.950142e+00	-6.677554e+00	-7.559945e+00	-8.617794e+00	-9.875655e+00	-1.136272e+01	
-1.261210e+01	-1.124292e+01	-1.013468e+01	-9.261650e+00	-8.603575e+00	-8.145181e+00	-7.875828e+00	-7.789266e+00	-7.883484e+00	-8.160671e+00	-8.627259e+00	-9.294077e+00	-1.017660e+01	-1.129532e+01	-1.267618e+01	-1.435125e+01	-1.635940e+01	-1.874723e+01	-2.157017e+01	
-7.846622e+01	-6.994787e+01	-6.305293e+01	-5.762139e+01	-5.352719e+01	-5.067530e+01	-4.899953e+01	-4.846100e+01	-4.904719e+01	-5.077173e+01	-5.367462e+01	-5.782326e+01	-6.331391e+01	-7.027402e+01	-7.886511e+01	-8.928659e+01	-1.017803e+02	-1.166363e+02	-1.341993e+02	
1.948758e+01	1.737199e+01	1.565959e+01	1.431064e+01	1.329382e+01	1.258553e+01	1.216935e+01	1.203560e+01	1.218119e+01	1.260950e+01	1.333045e+01	1.436079e+01	1.572444e+01	1.745303e+01	1.958669e+01	2.217494e+01	2.527784e+01	2.896742e+01	3.332931e+01	
8.730798e+00	7.782977e+00	7.015791e+00	6.411434e+00	5.955881e+00	5.638558e+00	5.452101e+00	5.392181e+00	5.457408e+00	5.649297e+00	5.972300e+00	6.433915e+00	7.044854e+00	7.819297e+00	8.775219e+00	9.934805e+00	1.132497e+01	1.297797e+01	1.493218e+01	
5.609049e+00	5.000127e+00	4.507253e+00	4.118989e+00	3.826321e+00	3.622460e+00	3.502671e+00	3.464177e+00	3.506082e+00	3.629361e+00	3.836873e+00	4.133435e+00	4.525930e+00	5.023468e+00	5.637596e+00	6.382566e+00	7.275670e+00	8.337634e+00	9.593108e+00	
4.101873e+00	3.656572e+00	3.296136e+00	3.012199e+00	2.798173e+00	2.649090e+00	2.561490e+00	2.533339e+00	2.563985e+00	2.654138e+00	2.805892e+00	3.022767e+00	3.309797e+00	3.673645e+00	4.122755e+00	4.667550e+00	5.320673e+00	6.097285e+00	7.015408e+00	
3.202098e+00	2.854476e+00	2.573104e+00	2.351452e+00	2.184374e+00	2.067994e+00	1.999609e+00	1.977634e+00	2.001557e+00	2.071935e+00	2.190401e+00	2.359703e+00	2.583772e+00	2.867807e+00	3.218402e+00	3.643692e+00	4.153549e+00	4.759806e+00	5.476534e+00	
2.596488e+00	2.314612e+00	2.086456e+00	1.906725e+00	1.771246e+00	1.676877e+00	1.621426e+00	1.603607e+00	1.623006e+00	1.680073e+00	1.776134e+00	1.913416e+00	2.095107e+00	2.325424e+00	2.609711e+00	2.954567e+00	3.367996e+00	3.859593e+00	4.440767e+00	
2.155781e+00	1.921749e+00	1.732318e+00	1.583093e+00	1.470609e+00	1.392257e+00	1.346218e+00	1.331424e+00	1.347530e+00	1.394912e+00	1.474668e+00	1.588649e+00	1.739502e+00	1.930726e+00	2.166761e+00	2.453084e+00	2.796341e+00	3.204499e+00	3.687029e+00	
1.816822e+00	1.619587e+00	1.459941e+00	1.334179e+00	1.239382e+00	1.173349e+00	1.134549e+00	1.122081e+00	1.135655e+00	1.175587e+00	1.242802e+00	1.338862e+00	1.465996e+00	1.627154e+00	1.826076e+00	2.067381e+00	2.356667e+00	2.700648e+00	3.107310e+00	
1.545033e+00	1.377303e+00	1.241540e+00	1.134591e+00	1.053975e+00	9.978209e-01	9.648251e-01	9.542221e-01	9.657655e-01	9.997235e-01	1.056884e+00	1.138574e+00	1.246689e+00	1.383738e+00	1.552903e+00	1.758109e+00	2.004119e+00	2.296642e+00	2.642469e+00	
1.319842e+00	1.176560e+00	1.060584e+00	9.692231e-01	9.003571e-01	8.523874e-01	8.242009e-01	8.151432e-01	8.250042e-01	8.540128e-01	9.028421e-01	9.726256e-01	1.064983e+00	1.182057e+00	1.326566e+00	1.501863e+00	1.712017e+00	1.961905e+00	2.257326e+00	
1.128211e+00	1.005732e+00	9.065945e-01	8.284987e-01	7.696315e-01	7.286268e-01	7.045327e-01	6.967901e-01	7.052194e-01	7.300161e-01	7.717558e-01	8.314071e-01	9.103547e-01	1.010431e+00	1.133958e+00	1.283803e+00	1.463444e+00	1.677050e+00	1.929578e+00	
9.614359e-01	8.570620e-01	7.725797e-01	7.060281e-01	6.558628e-01	6.209194e-01	6.003870e-01	5.937889e-01	6.009722e-01	6.221033e-01	6.576729e-01	7.085065e-01	7.757837e-01	8.610662e-01	9.663332e-01	1.094028e+00	1.247114e+00	1.429144e+00	1.644343e+00	
8.134603e-01	7.251507e-01	6.536711e-01	5.973625e-01	5.549182e-01	5.253530e-01	5.079807e-01	5.023981e-01	5.084757e-01	5.263545e-01	5.564495e-01	5.994592e-01	6.563817e-01	7.285382e-01	8.176033e-01	9.256442e-01	1.055168e+00	1.209182e+00	1.391260e+00	
6.799071e-01	6.060960e-01	5.463518e-01	4.992880e-01	4.638121e-01	4.391008e-01	4.245807e-01	4.199146e-01	4.249943e-01	4.399378e-01	4.650917e-01	5.010400e-01	5.486170e-01	6.089268e-01	6.833692e-01	7.736719e-01	8.819308e-01	1.010658e+00	1.162842e+00	
5.575067e-01	4.969835e-01	4.479947e-01	4.094035e-01	3.803141e-01	3.600514e-01	3.481452e-01	3.443191e-01	3.484843e-01	3.607375e-01	3.813631e-01	4.108397e-01	4.498515e-01	4.993039e-01	5.603446e-01	6.343904e-01	7.231598e-01	8.287131e-01	9.534999e-01	
4.437382e-01	3.955656e-01	3.565738e-01	3.258577e-01	3.027045e-01	2.865767e-01	2.771001e-01	2.740547e-01	2.773699e-01	2.871225e-01	3.035389e-01	3.270003e-01	3.580509e-01	3.974116e-01	4.459958e-01	5.049311e-01	5.755854e-01	6.595985e-01	7.589202e-01	
3.365953e-01	3.000543e-01	2.704771e-01	2.471776e-01	2.296147e-01	2.173810e-01	2.101925e-01	2.078823e-01	2.103969e-01	2.177946e-01	2.302471e-01	2.480435e-01	2.715966e-01	3.014533e-01	3.383063e-01	3.830112e-01	4.366053e-01	5.003327e-01	5.756722e-01	
2.344289e-01	2.089790e-01	1.883794e-01	1.721518e-01	1.599197e-01	1.513992e-01	1.463925e-01	1.447834e-01	1.465346e-01	1.516868e-01	1.603594e-01	1.727539e-01	1.891577e-01	2.099518e-01	2.356186e-01	2.667539e-01	3.040803e-01	3.484641e-01	4.009354e-01	
1.358348e-01	1.210883e-01	1.091521e-01	9.974930e-02	9.266156e-02	8.772440e-02	8.482324e-02	8.389074e-02	8.490527e-02	8.789036e-02	9.291530e-02	1.000967e-01	1.096013e-01	1.216496e-01	1.365212e-01	1.545614e-01	1.761889e-01	2.019054e-01	2.323080e-01	
3.957118e-02	3.527508e-02	3.179768e-02	2.905827e-02	2.699327e-02	2.555476e-02	2.470935e-02	2.443742e-02	2.473266e-02	2.560193e-02	2.706538e-02	2.915700e-02	3.192532e-02	3.543460e-02	3.976628e-02	4.502090e-02	5.132041e-02	5.881101e-02	6.766656e-02	
-5.550623e-02	-4.948073e-02	-4.460363e-02	-4.076173e-02	-3.786588e-02	-3.584885e-02	-3.466384e-02	-3.428334e-02	-3.469853e-02	-3.591903e-02	-3.797319e-02	-4.090866e-02	-4.479358e-02	-4.971811e-02	-5.579656e-02	-6.316999e-02	-7.200953e-02	-8.252034e-02	-9.494637e-02	
-1.504998e-01	-1.341618e-01	-1.209376e-01	-1.105202e-01	-1.026679e-01	-9.719834e-02	-9.398471e-02	-9.295237e-02	-9.407736e-02	-9.738579e-02	-1.029545e-01	-1.109126e-01	-1.214449e-01	-1.347958e-01	-1.512752e-01	-1.712656e-01	-1.952309e-01	-2.237272e-01	-2.574161e-01	
-2.465211e-01	-2.197590e-01	-1.980974e-01	-1.810333e-01	-1.681709e-01	-1.592116e-01	-1.539473e-01	-1.522561e-01	-1.540986e-01	-1.595176e-01	-1.686388e-01	-1.816739e-01	-1.989255e-01	-2.207940e-01	-2.477869e-01	-2.805307e-01	-3.197853e-01	-3.664619e-01	-4.216436e-01	
-3.447432e-01	-3.073181e-01	-2.770256e-01	-2.531626e-01	-2.351753e-01	-2.226461e-01	-2.152843e-01	-2.129191e-01	-2.154955e-01	-2.230734e-01	-2.358286e-01	-2.540571e-01	-2.781820e-01	-3.087633e-01	-3.465107e-01	-3.923002e-01	-4.471947e-01	-5.124681e-01	-5.896353e-01	
-4.464600e-01	-3.979925e-01	-3.587621e-01	-3.278583e-01	-3.045637e-01	-2.883377e-01	-2.788037e-01	-2.757405e-01	-2.790770e-01	-2.888906e-01	-3.054090e-01	-3.290157e-01	-3.602585e-01	-3.998626e-01	-4.487471e-01	-5.080466e-01	-5.791373e-01	-6.636692e-01	-7.636043e-01	
-5.531587e-01	-4.931081e-01	-4.445020e-01	-4.062124e-01	-3.773506e-01	-3.572467e-01	-3.454342e-01	-3.416389e-01	-3.457726e-01	-3.579314e-01	-3.783975e-01	-4.076458e-01	-4.463551e-01	-4.954239e-01	-5.559910e-01	-6.294621e-01	-7.175424e-01	-8.222762e-01	-9.460942e-01	
-6.666152e-01	-5.942477e-01	-5.356722e-01	-4.895291e-01	-4.547475e-01	-4.305201e-01	-4.162847e-01	-4.117108e-01	-4.166924e-01	-4.313450e-01	-4.560086e-01	-4.912558e-01	-5.379046e-01	-5.970375e-01	-6.700272e-01	-7.585675e-01	-8.647134e-01	-9.909285e-01	-1.140142e+00	
-7.890253e-01	-7.033690e-01	-6.340373e-01	-5.794209e-01	-5.382523e-01	-5.095761e-01	-4.927266e-01	-4.873128e-01	-4.932090e-01	-5.105521e-01	-5.397447e-01	-5.814642e-01	-6.366789e-01	-7.066703e-01	-7.930629e-01	-8.978616e-01	-1.023499e+00	-1.172890e+00	-1.349504e+00	
-9.231963e-01	-8.229745e-01	-7.418531e-01	-6.779493e-01	-6.297802e-01	-5.962275e-01	-5.765128e-01	-5.701783e-01	-5.770772e-01	-5.973694e-01	-6.315260e-01	-6.803396e-01	-7.449433e-01	-8.268364e-01	-9.279196e-01	-1.050539e+00	-1.197540e+00	-1.372335e+00	-1.578981e+00	
-1.072835e+00	-9.563682e-01	-8.620980e-01	-7.878362e-01	-7.318594e-01	-6.928683e-01	-6.699580e-01	-6.625968e-01	-6.706138e-01	-6.941950e-01	-7.338879e-01	-7.906136e-01	-8.656886e-01	-9.608555e-01	-1.078323e+00	-1.220817e+00	-1.391645e+00	-1.594772e+00	-1.834912e+00	
-1.242999e+00	-1.108059e+00	-9.988365e-01	-9.127960e-01	-8.479405e-01	-8.027650e-01	-7.762208e-01	-7.676920e-01	-7.769805e-01	-8.043020e-01	-8.502905e-01	-9.160135e-01	-1.002996e+00	-1.113258e+00	-1.249356e+00	-1.414452e+00	-1.612375e+00	-1.847720e+00	-2.125949e+00	
-1.440839e+00	-1.284422e+00	-1.157815e+00	-1.058080e+00	-9.829016e-01	-9.305357e-01	-8.997666e-01	-8.898803e-01	-9.006472e-01	-9.323172e-01	-9.856254e-01	-1.061809e+00	-1.162636e+00	-1.290447e+00	-1.448208e+00	-1.639580e+00	-1.869005e+00	-2.141808e+00	-2.464321e+00	
-1.676873e+00	-1.494832e+00	-1.347485e+00	-1.231411e+00	-1.143918e+00	-1.082973e+00	-1.047164e+00	-1.035658e+00	-1.048188e+00	-1.085047e+00	-1.147088e+00	-1.235751e+00	-1.353096e+00	-1.501844e+00	-1.685449e+00	-1.908171e+00	-2.175180e+00	-2.492673e+00	-2.868018e+00	
-1.967308e+00	-1.753737e+00	-1.580870e+00	-1.444692e+00	-1.342045e+00	-1.270545e+00	-1.228533e+00	-1.215034e+00	-1.229735e+00	-1.272977e+00	-1.345763e+00	-1.449784e+00	-1.587452e+00	-1.761963e+00	-1.977368e+00	-2.238666e+00	-2.551921e+00	-2.924404e+00	-3.364759e+00	
-2.338571e+00	-2.084697e+00	-1.879206e+00	-1.717330e+00	-1.595311e+00	-1.510318e+00	-1.460377e+00	-1.444331e+00	-1.461806e+00	-1.513209e+00	-1.599731e+00	-1.723381e+00	-1.887030e+00	-2.094475e+00	-2.350530e+00	-2.661139e+00	-3.033510e+00	-3.476286e+00	-3.999744e+00	
-2.836984e+00	-2.529002e+00	-2.279715e+00	-2.083339e+00	-1.935314e+00	-1.832207e+00	-1.771623e+00	-1.752157e+00	-1.773356e+00	-1.835714e+00	-1.940676e+00	-2.090680e+00	-2.289207e+00	-2.540863e+00	-2.851491e+00	-3.228299e+00	-3.680032e+00	-4.217176e+00	-4.852196e+00	
-3.551953e+00	-3.166354e+00	-2.854243e+00	-2.608376e+00	-2.423047e+00	-2.293954e+00	-2.218102e+00	-2.193730e+00	-2.220272e+00	-2.298345e+00	-2.429760e+00	-2.617567e+00	-2.866126e+00	-3.181204e+00	-3.570115e+00	-4.041885e+00	-4.607463e+00	-5.279976e+00	-6.075032e+00	
-4.681462e+00	-4.173244e+00	-3.761882e+00	-3.437831e+00	-3.193567e+00	-3.023424e+00	-2.923451e+00	-2.891329e+00	-2.926311e+00	-3.029211e+00	-3.202415e+00	-3.449944e+00	-3.777543e+00	-4.192816e+00	-4.705399e+00	-5.327190e+00	-6.072620e+00	-6.958989e+00	-8.006870e+00	
-6.769139e+00	-6.034283e+00	-5.439477e+00	-4.970915e+00	-4.617724e+00	-4.371706e+00	-4.227151e+00	-4.180704e+00	-4.231286e+00	-4.380073e+00	-4.630517e+00	-4.988431e+00	-5.462121e+00	-6.062582e+00	-6.803750e+00	-7.702826e+00	-8.780676e+00	-1.006232e+01	-1.157750e+01	
-1.204384e+01	-1.073636e+01	-9.678068e+00	-8.844391e+00	-8.215983e+00	-7.778261e+00	-7.521064e+00	-7.438424e+00	-7.528422e+00	-7.793148e+00	-8.238744e+00	-8.875555e+00	-9.718358e+00	-1.078671e+01	-1.210542e+01	-1.370508e+01	-1.562282e+01	-1.790315e+01	-2.059900e+01	
-5.346243e+01	-4.765856e+01	-4.296080e+01	-3.926012e+01	-3.647063e+01	-3.452758e+01	-3.338589e+01	-3.301905e+01	-3.341855e+01	-3.459366e+01	-3.657166e+01	-3.939845e+01	-4.313964e+01	-4.788206e+01	-5.373577e+01	-6.083664e+01	-6.934947e+01	-7.947183e+01	-9.143865e+01	
2.172407e+01	1.936571e+01	1.745681e+01	1.595307e+01	1.481958e+01	1.403003e+01	1.356611e+01	1.341705e+01	1.357939e+01	1.405688e+01	1.486063e+01	1.600928e+01	1.752948e+01	1.945653e+01	2.183514e+01	2.472053e+01	2.817965e+01	3.229280e+01	3.715543e+01	
8.929878e+00	7.960453e+00	7.175782e+00	6.557654e+00	6.091722e+00	5.767174e+00	5.576476e+00	5.515202e+00	5.581931e+00	5.778211e+00	6.108598e+00	6.580759e+00	7.205653e+00	7.997784e+00	8.975535e+00	1.016160e+01	1.158350e+01	1.327425e+01	1.527308e+01	
5.555138e+00	4.952074e+00	4.463942e+00	4.079414e+00	3.789566e+00	3.587669e+00	3.469039e+00	3.430921e+00	3.472432e+00	3.594535e+00	3.800064e+00	4.093788e+00	4.482525e+00	4.975297e+00	5.583540e+00	6.321373e+00	7.205918e+00	8.257705e+00	9.501146e+00	
3.982614e+00	3.550263e+00	3.200309e+00	2.924632e+00	2.716832e+00	2.572088e+00	2.487039e+00	2.459711e+00	2.489472e+00	2.577010e+00	2.724358e+00	2.934936e+00	3.213631e+00	3.566912e+00	4.002976e+00	4.531946e+00	5.166098e+00	5.920150e+00	6.811603e+00	
3.064166e+00	2.731521e+00	2.462272e+00	2.250169e+00	2.090291e+00	1.978927e+00	1.913492e+00	1.892466e+00	1.915363e+00	1.982714e+00	2.096082e+00	2.258098e+00	2.472521e+00	2.744330e+00	3.079832e+00	3.486814e+00	3.974721e+00	4.554878e+00	5.240749e+00	
2.455910e+00	2.189297e+00	1.973495e+00	1.803497e+00	1.675356e+00	1.586098e+00	1.533652e+00	1.516800e+00	1.535152e+00	1.589133e+00	1.679997e+00	1.809851e+00	1.981711e+00	2.199564e+00	2.468466e+00	2.794660e+00	3.185714e+00	3.650706e+00	4.200428e+00	
2.018908e+00	1.799736e+00	1.622334e+00	1.482584e+00	1.377245e+00	1.303869e+00	1.260755e+00	1.246902e+00	1.261989e+00	1.306364e+00	1.381060e+00	1.487808e+00	1.629087e+00	1.808175e+00	2.029230e+00	2.297381e+00	2.618852e+00	3.001103e+00	3.453008e+00	
1.686251e+00	1.503192e+00	1.355020e+00	1.238298e+00	1.150315e+00	1.089029e+00	1.053019e+00	1.041449e+00	1.054050e+00	1.091114e+00	1.153501e+00	1.242661e+00	1.360661e+00	1.510241e+00	1.694872e+00	1.918839e+00	2.187341e+00	2.506609e+00	2.884053e+00	
1.421705e+00	1.267365e+00	1.142439e+00	1.044028e+00	9.698486e-01	9.181780e-01	8.878174e-01	8.780622e-01	8.886859e-01	9.199351e-01	9.725352e-01	1.047707e+00	1.147195e+00	1.273308e+00	1.428973e+00	1.617804e+00	1.844182e+00	2.113362e+00	2.431590e+00	
1.203910e+00	1.073214e+00	9.674260e-01	8.840911e-01	8.212750e-01	7.775200e-01	7.518104e-01	7.435496e-01	7.525458e-01	7.790080e-01	8.235501e-01	8.872060e-01	9.714531e-01	1.078247e+00	1.210065e+00	1.369968e+00	1.561667e+00	1.789610e+00	2.059089e+00	
1.019431e+00	9.087619e-01	8.191842e-01	7.486189e-01	6.954284e-01	6.583781e-01	6.366081e-01	6.296131e-01	6.372308e-01	6.596380e-01	6.973548e-01	7.512565e-01	8.225942e-01	9.130234e-01	1.024643e+00	1.160044e+00	1.322368e+00	1.515383e+00	1.743568e+00	
8.593650e-01	7.660725e-01	6.905598e-01	6.310744e-01	5.862356e-01	5.550027e-01	5.366509e-01	5.307543e-01	5.371759e-01	5.560649e-01	5.878595e-01	6.332979e-01	6.934344e-01	7.696649e-01	8.637585e-01	9.778992e-01	1.114736e+00	1.277445e+00	1.469801e+00	
7.175510e-01	6.396539e-01	5.766024e-01	5.269334e-01	4.894940e-01	4.634152e-01	4.480919e-01	4.431683e-01	4.485302e-01	4.643021e-01	4.908499e-01	5.287899e-01	5.790027e-01	6.426534e-01	7.212196e-01	8.165245e-01	9.307802e-01	1.066638e+00	1.227252e+00	
5.895614e-01	5.255588e-01	4.737539e-01	4.329443e-01	4.021829e-01	3.807558e-01	3.681657e-01	3.641203e-01	3.685259e-01	3.814845e-01	4.032970e-01	4.344697e-01	4.757259e-01	5.280233e-01	5.925757e-01	6.708811e-01	7.647570e-01	8.763821e-01	1.008347e+00	
4.721013e-01	4.208501e-01	3.793664e-01	3.466875e-01	3.220548e-01	3.048967e-01	2.948149e-01	2.915755e-01	2.951033e-01	3.054802e-01	3.229469e-01	3.479090e-01	3.809456e-01	4.228237e-01	4.745150e-01	5.372194e-01	6.123921e-01	7.017779e-01	8.074512e-01	
3.626357e-01	3.232681e-01	2.914032e-01	2.663014e-01	2.473803e-01	2.342006e-01	2.264565e-01	2.239683e-01	2.266781e-01	2.346488e-01	2.480656e-01	2.672397e-01	2.926162e-01	3.247840e-01	3.644898e-01	4.126550e-01	4.703975e-01	5.390574e-01	6.202284e-01	
2.591472e-01	2.310143e-01	2.082429e-01	1.903047e-01	1.767833e-01	1.673648e-01	1.618307e-01	1.600525e-01	1.619890e-01	1.676851e-01	1.772730e-01	1.909752e-01	2.091098e-01	2.320976e-01	2.604722e-01	2.948921e-01	3.361561e-01	3.852220e-01	4.432285e-01	
1.599720e-01	1.426055e-01	1.285487e-01	1.174754e-01	1.091286e-01	1.033145e-01	9.989834e-02	9.880067e-02	9.999607e-02	1.035123e-01	1.094309e-01	1.178893e-01	1.290838e-01	1.432742e-01	1.607899e-01	1.820374e-01	2.075097e-01	2.377982e-01	2.736057e-01	
6.368356e-02	5.677009e-02	5.117420e-02	4.676601e-02	4.344322e-02	4.112870e-02	3.976873e-02	3.933176e-02	3.980764e-02	4.120742e-02	4.356358e-02	4.693081e-02	5.138726e-02	5.703635e-02	6.400921e-02	7.246765e-02	8.260800e-02	9.466560e-02	1.089203e-01	
-3.099417e-02	-2.762945e-02	-2.490598e-02	-2.276055e-02	-2.114338e-02	-2.001692e-02	-1.935503e-02	-1.914236e-02	-1.937396e-02	-2.005521e-02	-2.120192e-02	-2.284071e-02	-2.500961e-02	-2.775896e-02	-3.115257e-02	-3.526919e-02	-4.020438e-02	-4.607268e-02	-5.301028e-02	
