-8.018352e-16	-7.991181e-16	-7.966067e-16	-7.942987e-16	-7.921920e-16	-7.902848e-16	-7.885751e-16	-7.870613e-16	-7.857418e-16	-7.846152e-16	-7.836801e-16	-7.829353e-16	-7.823797e-16	-7.820124e-16	-7.818326e-16	-7.818395e-16	-7.820326e-16	-7.824114e-16	-7.829755e-16	
-2.634652e-02	-2.341859e-02	-2.049085e-02	-1.756328e-02	-1.463585e-02	-1.170854e-02	-8.781322e-03	-5.854179e-03	-2.927085e-03	-1.422380e-08	2.927056e-03	5.854151e-03	8.781293e-03	1.170851e-02	1.463582e-02	1.756325e-02	2.049082e-02	2.341856e-02	2.634649e-02	
-5.271549e-02	-4.685714e-02	-4.099916e-02	-3.514152e-02	-2.928417e-02	-2.342705e-02	-1.757013e-02	-1.171335e-02	-5.856665e-03	-2.845179e-08	5.856609e-03	1.171329e-02	1.757007e-02	2.342700e-02	2.928411e-02	3.514147e-02	4.099911e-02	4.685708e-02	5.271543e-02	
-7.912945e-02	-7.033568e-02	-6.154247e-02	-5.274977e-02	-4.395749e-02	-3.516557e-02	-2.637394e-02	-1.758252e-02	-8.791246e-03	-4.268812e-08	8.791161e-03	1.758244e-02	2.637385e-02	3.516549e-02	4.395741e-02	5.274968e-02	6.154239e-02	7.033559e-02	7.912937e-02	
-1.056111e-01	-9.387437e-02	-8.213842e-02	-7.040313e-02	-5.866842e-02	-4.693417e-02	-3.520031e-02	-2.346673e-02	-1.173335e-02	-5.693696e-08	1.173323e-02	2.346662e-02	3.520020e-02	4.693406e-02	5.866830e-02	7.040302e-02	8.213831e-02	9.387426e-02	1.056110e-01	
-1.321833e-01	-1.174936e-01	-1.028048e-01	-8.811689e-02	-7.342967e-02	-5.874304e-02	-4.405688e-02	-2.937108e-02	-1.468552e-02	-7.120242e-08	1.468537e-02	2.937094e-02	4.405674e-02	5.874290e-02	7.342953e-02	8.811675e-02	1.028047e-01	1.174934e-01	1.321831e-01	
-1.588693e-01	-1.412139e-01	-1.235597e-01	-1.059065e-01	-8.825414e-02	-7.060248e-02	-5.295139e-02	-3.530072e-02	-1.765033e-02	-8.548859e-08	1.765016e-02	3.530055e-02	5.295122e-02	7.060231e-02	8.825397e-02	1.059063e-01	1.235596e-01	1.412138e-01	1.588691e-01	
-1.856926e-01	-1.650564e-01	-1.444215e-01	-1.237877e-01	-1.031550e-01	-8.252300e-02	-6.189170e-02	-4.126089e-02	-2.063041e-02	-9.979951e-08	2.063021e-02	4.126069e-02	6.189150e-02	8.252280e-02	1.031548e-01	1.237875e-01	1.444213e-01	1.650562e-01	1.856924e-01	
-2.126774e-01	-1.890423e-01	-1.654088e-01	-1.417766e-01	-1.181455e-01	-9.451527e-02	-7.088583e-02	-4.725695e-02	-2.362844e-02	-1.141391e-07	2.362821e-02	4.725672e-02	7.088560e-02	9.451504e-02	1.181452e-01	1.417763e-01	1.654086e-01	1.890421e-01	2.126771e-01	
-2.398482e-01	-2.131937e-01	-1.865408e-01	-1.598895e-01	-1.332393e-01	-1.065902e-01	-7.994199e-02	-5.329435e-02	-2.664714e-02	-1.285114e-07	2.664688e-02	5.329410e-02	7.994173e-02	1.065900e-01	1.332391e-01	1.598892e-01	1.865406e-01	2.131934e-01	2.398479e-01	
-2.672302e-01	-2.375328e-01	-2.078372e-01	-1.781432e-01	-1.484506e-01	-1.187591e-01	-8.906859e-02	-5.937872e-02	-2.968932e-02	-1.429201e-07	2.968903e-02	5.937844e-02	8.906830e-02	1.187589e-01	1.484503e-01	1.781429e-01	2.078369e-01	2.375325e-01	2.672299e-01	
-2.948495e-01	-2.620829e-01	-2.293181e-01	-1.965552e-01	-1.637937e-01	-1.310335e-01	-9.827430e-02	-6.551583e-02	-3.275787e-02	-1.573690e-07	3.275756e-02	6.551552e-02	9.827398e-02	1.310332e-01	1.637934e-01	1.965549e-01	2.293178e-01	2.620825e-01	2.948492e-01	
-3.227330e-01	-2.868677e-01	-2.510045e-01	-2.151432e-01	-1.792836e-01	-1.434253e-01	-1.075681e-01	-7.171165e-02	-3.585578e-02	-1.718615e-07	3.585543e-02	7.171131e-02	1.075677e-01	1.434249e-01	1.792832e-01	2.151429e-01	2.510042e-01	2.868673e-01	3.227326e-01	
-3.509082e-01	-3.119119e-01	-2.729179e-01	-2.339259e-01	-1.949356e-01	-1.559468e-01	-1.169591e-01	-7.797234e-02	-3.898612e-02	-1.864012e-07	3.898575e-02	7.797197e-02	1.169588e-01	1.559464e-01	1.949353e-01	2.339255e-01	2.729175e-01	3.119115e-01	3.509079e-01	
-3.794042e-01	-3.372413e-01	-2.950808e-01	-2.529224e-01	-2.107659e-01	-1.686109e-01	-1.264572e-01	-8.430432e-02	-4.215211e-02	-2.009913e-07	4.215171e-02	8.430392e-02	1.264568e-01	1.686105e-01	2.107655e-01	2.529220e-01	2.950804e-01	3.372409e-01	3.794038e-01	
-4.082509e-01	-3.628824e-01	-3.175165e-01	-2.721528e-01	-2.267910e-01	-1.814309e-01	-1.360721e-01	-9.071427e-02	-4.535708e-02	-2.156349e-07	4.535665e-02	9.071384e-02	1.360717e-01	1.814305e-01	2.267906e-01	2.721523e-01	3.175160e-01	3.628820e-01	4.082505e-01	
-4.374797e-01	-3.888632e-01	-3.402494e-01	-2.916379e-01	-2.430285e-01	-1.944208e-01	-1.458145e-01	-9.720916e-02	-4.860452e-02	-2.303348e-07	4.860406e-02	9.720870e-02	1.458140e-01	1.944204e-01	2.430281e-01	2.916375e-01	3.402489e-01	3.888627e-01	4.374793e-01	
-4.671235e-01	-4.152129e-01	-3.633051e-01	-3.113998e-01	-2.594966e-01	-2.075952e-01	-1.556952e-01	-1.037963e-01	-5.189809e-02	-2.450936e-07	5.189760e-02	1.037958e-01	1.556947e-01	2.075947e-01	2.594961e-01	3.113993e-01	3.633046e-01	4.152124e-01	4.671230e-01	
-4.972167e-01	-4.419620e-01	-3.867104e-01	-3.314612e-01	-2.762144e-01	-2.209693e-01	-1.657258e-01	-1.104833e-01	-5.524160e-02	-2.599134e-07	5.524108e-02	1.104828e-01	1.657252e-01	2.209688e-01	2.762138e-01	3.314607e-01	3.867098e-01	4.419615e-01	4.972161e-01	
-5.277956e-01	-4.691430e-01	-4.104935e-01	-3.518466e-01	-2.932021e-01	-2.345594e-01	-1.759183e-01	-1.172783e-01	-5.863910e-02	-2.747962e-07	5.863855e-02	1.172778e-01	1.759177e-01	2.345589e-01	2.932015e-01	3.518461e-01	4.104929e-01	4.691425e-01	5.277950e-01	
-5.588985e-01	-4.967898e-01	-4.346842e-01	-3.725814e-01	-3.104810e-01	-2.483825e-01	-1.862855e-01	-1.241898e-01	-6.209485e-02	-2.897435e-07	6.209427e-02	1.241892e-01	1.862850e-01	2.483819e-01	3.104804e-01	3.725808e-01	4.346837e-01	4.967892e-01	5.588979e-01	
-5.905661e-01	-5.249385e-01	-4.593142e-01	-3.936927e-01	-3.280736e-01	-2.624565e-01	-1.968410e-01	-1.312268e-01	-6.561335e-02	-3.047561e-07	6.561274e-02	1.312262e-01	1.968404e-01	2.624559e-01	3.280730e-01	3.936921e-01	4.593136e-01	5.249379e-01	5.905655e-01	
-6.228412e-01	-5.536274e-01	-4.844168e-01	-4.152091e-01	-3.460039e-01	-2.768007e-01	-2.075992e-01	-1.383989e-01	-6.919938e-02	-3.198346e-07	6.919874e-02	1.383982e-01	2.075985e-01	2.768000e-01	3.460032e-01	4.152085e-01	4.844162e-01	5.536267e-01	6.228406e-01	
-6.557697e-01	-5.828970e-01	-5.100276e-01	-4.371612e-01	-3.642972e-01	-2.914353e-01	-2.185751e-01	-1.457162e-01	-7.285804e-02	-3.349786e-07	7.285737e-02	1.457155e-01	2.185744e-01	2.914347e-01	3.642965e-01	4.371605e-01	5.100270e-01	5.828964e-01	6.557691e-01	
-6.894004e-01	-6.127909e-01	-5.361847e-01	-4.595814e-01	-3.829807e-01	-3.063821e-01	-2.297852e-01	-1.531895e-01	-7.659474e-02	-3.501872e-07	7.659404e-02	1.531888e-01	2.297845e-01	3.063814e-01	3.829800e-01	4.595807e-01	5.361840e-01	6.127902e-01	6.893997e-01	
-7.237855e-01	-6.433553e-01	-5.629285e-01	-4.825047e-01	-4.020834e-01	-3.216643e-01	-2.412468e-01	-1.608306e-01	-8.041528e-02	-3.654585e-07	8.041455e-02	1.608299e-01	2.412461e-01	3.216635e-01	4.020827e-01	4.825040e-01	5.629278e-01	6.433546e-01	7.237847e-01	
-7.589808e-01	-6.746400e-01	-5.903027e-01	-5.059682e-01	-4.216364e-01	-3.373066e-01	-2.529786e-01	-1.686518e-01	-8.432588e-02	-3.807895e-07	8.432512e-02	1.686510e-01	2.529778e-01	3.373059e-01	4.216356e-01	5.059675e-01	5.903019e-01	6.746393e-01	7.589800e-01	
-7.950464e-01	-7.066984e-01	-6.183538e-01	-5.300121e-01	-4.416730e-01	-3.533359e-01	-2.650006e-01	-1.766665e-01	-8.833322e-02	-3.961762e-07	8.833243e-02	1.766657e-01	2.649998e-01	3.533351e-01	4.416722e-01	5.300113e-01	6.183530e-01	7.066976e-01	7.950456e-01	
-8.320471e-01	-7.395880e-01	-6.471323e-01	-5.546795e-01	-4.622291e-01	-3.697809e-01	-2.773343e-01	-1.848890e-01	-9.244449e-02	-4.116131e-07	9.244366e-02	1.848882e-01	2.773335e-01	3.697801e-01	4.622283e-01	5.546786e-01	6.471315e-01	7.395872e-01	8.320463e-01	
-8.700528e-01	-7.733710e-01	-6.766925e-01	-5.800169e-01	-4.833438e-01	-3.866726e-01	-2.900032e-01	-1.933349e-01	-9.666746e-02	-4.270932e-07	9.666660e-02	1.933340e-01	2.900023e-01	3.866718e-01	4.833429e-01	5.800161e-01	6.766917e-01	7.733702e-01	8.700519e-01	
-9.091391e-01	-8.081147e-01	-7.070935e-01	-6.060750e-01	-5.050589e-01	-4.040448e-01	-3.030323e-01	-2.020210e-01	-1.010105e-01	-4.426074e-07	1.010097e-01	2.020202e-01	3.030315e-01	4.040439e-01	5.050580e-01	6.060741e-01	7.070926e-01	8.081138e-01	9.091382e-01	
-9.493883e-01	-8.438921e-01	-7.383990e-01	-6.329085e-01	-5.274203e-01	-4.219340e-01	-3.164493e-01	-2.109657e-01	-1.054829e-01	-4.581446e-07	1.054820e-01	2.109648e-01	3.164484e-01	4.219331e-01	5.274194e-01	6.329075e-01	7.383980e-01	8.438912e-01	9.493874e-01	
-9.908900e-01	-8.807829e-01	-7.706787e-01	-6.605770e-01	-5.504776e-01	-4.403800e-01	-3.302838e-01	-2.201888e-01	-1.100944e-01	-4.736912e-07	1.100935e-01	2.201878e-01	3.302829e-01	4.403790e-01	5.504766e-01	6.605761e-01	7.706777e-01	8.807819e-01	9.908891e-01	
-1.033742e+00	-9.188739e-01	-8.040087e-01	-6.891459e-01	-5.742852e-01	-4.594262e-01	-3.445685e-01	-2.297119e-01	-1.148560e-01	-4.892304e-07	1.148551e-01	2.297110e-01	3.445676e-01	4.594252e-01	5.742842e-01	6.891449e-01	8.040077e-01	9.188729e-01	1.033741e+00	
-1.078051e+00	-9.582603e-01	-8.384722e-01	-7.186864e-01	-5.989025e-01	-4.791202e-01	-3.593392e-01	-2.395591e-01	-1.197796e-01	-5.047421e-07	1.197786e-01	2.395581e-01	3.593381e-01	4.791192e-01	5.989015e-01	7.186854e-01	8.384712e-01	9.582593e-01	1.078050e+00	
-1.123935e+00	-9.990466e-01	-8.741608e-01	-7.492770e-01	-6.243949e-01	-4.995143e-01	-3.746349e-01	-2.497563e-01	-1.248782e-01	-5.202019e-07	1.248772e-01	2.497552e-01	3.746338e-01	4.995133e-01	6.243939e-01	7.492760e-01	8.741598e-01	9.990456e-01	1.123934e+00	
-1.171523e+00	-1.041348e+00	-9.111752e-01	-7.810041e-01	-6.508345e-01	-5.206662e-01	-3.904989e-01	-2.603323e-01	-1.301663e-01	-5.355804e-07	1.301652e-01	2.603313e-01	3.904978e-01	5.206651e-01	6.508334e-01	7.810030e-01	9.111741e-01	1.041347e+00	1.171522e+00	
-1.220959e+00	-1.085292e+00	-9.496268e-01	-8.139631e-01	-6.783007e-01	-5.426394e-01	-4.069790e-01	-2.713191e-01	-1.356597e-01	-5.508428e-07	1.356586e-01	2.713180e-01	4.069778e-01	5.426383e-01	6.782996e-01	8.139620e-01	9.496257e-01	1.085291e+00	1.220958e+00	
-1.272401e+00	-1.131019e+00	-9.896391e-01	-8.482600e-01	-7.068819e-01	-5.655047e-01	-4.241281e-01	-2.827519e-01	-1.413762e-01	-5.659470e-07	1.413750e-01	2.827508e-01	4.241269e-01	5.655035e-01	7.068808e-01	8.482589e-01	9.896380e-01	1.131018e+00	1.272400e+00	
-1.326027e+00	-1.178688e+00	-1.031350e+00	-8.840128e-01	-7.366764e-01	-5.893406e-01	-4.420052e-01	-2.946701e-01	-1.473353e-01	-5.808431e-07	1.473341e-01	2.946690e-01	4.420040e-01	5.893394e-01	7.366752e-01	8.840117e-01	1.031349e+00	1.178687e+00	1.326025e+00	
-1.382033e+00	-1.228473e+00	-1.074913e+00	-9.213532e-01	-7.677939e-01	-6.142349e-01	-4.606762e-01	-3.071175e-01	-1.535590e-01	-5.954711e-07	1.535579e-01	3.071164e-01	4.606750e-01	6.142337e-01	7.677927e-01	9.213520e-01	1.074912e+00	1.228472e+00	1.382032e+00	
-1.440642e+00	-1.280571e+00	-1.120500e+00	-9.604289e-01	-8.003577e-01	-6.402863e-01	-4.802150e-01	-3.201435e-01	-1.600721e-01	-6.097597e-07	1.600709e-01	3.201423e-01	4.802137e-01	6.402851e-01	8.003564e-01	9.604277e-01	1.120499e+00	1.280570e+00	1.440641e+00	
-1.502103e+00	-1.335205e+00	-1.168306e+00	-1.001407e+00	-8.345064e-01	-6.676058e-01	-5.007048e-01	-3.338036e-01	-1.669021e-01	-6.236232e-07	1.669009e-01	3.338023e-01	5.007035e-01	6.676045e-01	8.345051e-01	1.001405e+00	1.168305e+00	1.335204e+00	1.502102e+00	
-1.566699e+00	-1.392626e+00	-1.218551e+00	-1.044474e+00	-8.703970e-01	-6.963188e-01	-5.222399e-01	-3.481604e-01	-1.740806e-01	-6.369591e-07	1.740793e-01	3.481591e-01	5.222386e-01	6.963175e-01	8.703957e-01	1.044473e+00	1.218549e+00	1.392624e+00	1.566698e+00	
-1.634751e+00	-1.453118e+00	-1.271483e+00	-1.089847e+00	-9.082080e-01	-7.265682e-01	-5.449272e-01	-3.632855e-01	-1.816432e-01	-6.496442e-07	1.816419e-01	3.632842e-01	5.449259e-01	7.265669e-01	9.082067e-01	1.089845e+00	1.271482e+00	1.453117e+00	1.634750e+00	
-1.706626e+00	-1.517009e+00	-1.327390e+00	-1.137768e+00	-9.481432e-01	-7.585170e-01	-5.688892e-01	-3.792603e-01	-1.896307e-01	-6.615301e-07	1.896294e-01	3.792590e-01	5.688879e-01	7.585157e-01	9.481419e-01	1.137766e+00	1.327388e+00	1.517008e+00	1.706624e+00	
-1.782744e+00	-1.584673e+00	-1.386597e+00	-1.188519e+00	-9.904368e-01	-7.923526e-01	-5.942663e-01	-3.961786e-01	-1.980899e-01	-6.724375e-07	1.980885e-01	3.961773e-01	5.942650e-01	7.923512e-01	9.904354e-01	1.188517e+00	1.386596e+00	1.584671e+00	1.782742e+00	
-1.863593e+00	-1.656541e+00	-1.449485e+00	-1.242424e+00	-1.035359e+00	-8.282912e-01	-6.212208e-01	-4.141485e-01	-2.070749e-01	-6.821492e-07	2.070735e-01	4.141471e-01	6.212195e-01	8.282899e-01	1.035358e+00	1.242422e+00	1.449483e+00	1.656540e+00	1.863591e+00	
-1.949738e+00	-1.733118e+00	-1.516492e+00	-1.299861e+00	-1.083225e+00	-8.665846e-01	-6.499414e-01	-4.332958e-01	-2.166486e-01	-6.904003e-07	2.166473e-01	4.332944e-01	6.499400e-01	8.665832e-01	1.083223e+00	1.299859e+00	1.516491e+00	1.733117e+00	1.949737e+00	
-2.041842e+00	-1.814992e+00	-1.588135e+00	-1.361271e+00	-1.134401e+00	-9.075270e-01	-6.806488e-01	-4.537677e-01	-2.268847e-01	-6.968671e-07	2.268833e-01	4.537663e-01	6.806474e-01	9.075256e-01	1.134400e+00	1.361270e+00	1.588134e+00	1.814991e+00	2.041841e+00	
-2.140685e+00	-1.902857e+00	-1.665020e+00	-1.427175e+00	-1.189323e+00	-9.514655e-01	-7.136033e-01	-4.757377e-01	-2.378698e-01	-7.011509e-07	2.378684e-01	4.757363e-01	7.136019e-01	9.514641e-01	1.189322e+00	1.427174e+00	1.665019e+00	1.902856e+00	2.140684e+00	
-2.247195e+00	-1.997537e+00	-1.747869e+00	-1.498191e+00	-1.248505e+00	-9.988124e-01	-7.491142e-01	-4.994120e-01	-2.497070e-01	-7.027584e-07	2.497056e-01	4.994106e-01	7.491128e-01	9.988110e-01	1.248504e+00	1.498190e+00	1.747867e+00	1.997536e+00	2.247193e+00	
-2.362483e+00	-2.100021e+00	-1.837546e+00	-1.575061e+00	-1.312565e+00	-1.050062e+00	-7.875523e-01	-5.250378e-01	-2.625201e-01	-7.010743e-07	2.625187e-01	5.250364e-01	7.875509e-01	1.050061e+00	1.312564e+00	1.575059e+00	1.837545e+00	2.100020e+00	2.362482e+00	
-2.487896e+00	-2.211505e+00	-1.935100e+00	-1.658681e+00	-1.382252e+00	-1.105813e+00	-8.293664e-01	-5.529143e-01	-2.764584e-01	-6.953256e-07	2.764570e-01	5.529129e-01	8.293650e-01	1.105811e+00	1.382250e+00	1.658680e+00	1.935098e+00	2.211504e+00	2.487894e+00	
-2.625079e+00	-2.333453e+00	-2.041809e+00	-1.750151e+00	-1.458479e+00	-1.166797e+00	-8.751052e-01	-5.834074e-01	-2.917051e-01	-6.845323e-07	2.917037e-01	5.834060e-01	8.751039e-01	1.166795e+00	1.458478e+00	1.750149e+00	2.041808e+00	2.333451e+00	2.625077e+00	
-2.776069e+00	-2.467675e+00	-2.159260e+00	-1.850827e+00	-1.542379e+00	-1.233919e+00	-9.254483e-01	-6.169700e-01	-3.084866e-01	-6.674390e-07	3.084853e-01	6.169686e-01	9.254469e-01	1.233918e+00	1.542378e+00	1.850826e+00	2.159259e+00	2.467673e+00	2.776068e+00	
-2.943423e+00	-2.616443e+00	-2.289439e+00	-1.962415e+00	-1.635373e+00	-1.308316e+00	-9.812475e-01	-6.541701e-01	-3.270869e-01	-6.424202e-07	3.270856e-01	6.541688e-01	9.812462e-01	1.308315e+00	1.635371e+00	1.962413e+00	2.289438e+00	2.616442e+00	2.943422e+00	
-3.130393e+00	-2.782649e+00	-2.434877e+00	-2.087082e+00	-1.739267e+00	-1.391434e+00	-1.043588e+00	-6.957309e-01	-3.478675e-01	-6.073423e-07	3.478663e-01	6.957297e-01	1.043586e+00	1.391433e+00	1.739265e+00	2.087081e+00	2.434876e+00	2.782647e+00	3.130392e+00	
-3.341188e+00	-2.970034e+00	-2.598849e+00	-2.227637e+00	-1.856400e+00	-1.485144e+00	-1.113872e+00	-7.425883e-01	-3.712964e-01	-5.593637e-07	3.712953e-01	7.425871e-01	1.113871e+00	1.485143e+00	1.856399e+00	2.227636e+00	2.598848e+00	2.970033e+00	3.341187e+00	
-3.581365e+00	-3.183539e+00	-2.785677e+00	-2.387783e+00	-1.989862e+00	-1.591917e+00	-1.193954e+00	-7.959772e-01	-3.979912e-01	-4.946333e-07	3.979902e-01	7.959762e-01	1.193953e+00	1.591916e+00	1.989861e+00	2.387782e+00	2.785676e+00	3.183538e+00	3.581364e+00	
-3.858418e+00	-3.429826e+00	-3.001192e+00	-2.572520e+00	-2.143816e+00	-1.715085e+00	-1.286333e+00	-8.575641e-01	-4.287850e-01	-4.078260e-07	4.287841e-01	8.575633e-01	1.286332e+00	1.715084e+00	2.143815e+00	2.572519e+00	3.001191e+00	3.429826e+00	3.858417e+00	
-4.182727e+00	-3.718121e+00	-3.253466e+00	-2.788767e+00	-2.324030e+00	-1.859262e+00	-1.394468e+00	-9.296561e-01	-4.648313e-01	-2.914016e-07	4.648308e-01	9.296555e-01	1.394468e+00	1.859261e+00	2.324029e+00	2.788766e+00	3.253465e+00	3.718121e+00	4.182726e+00	
-4.569106e+00	-4.061595e+00	-3.554024e+00	-3.046403e+00	-2.538737e+00	-2.031034e+00	-1.523301e+00	-1.015547e+00	-5.077771e-01	-1.343756e-07	5.077768e-01	1.015546e+00	1.523301e+00	2.031034e+00	2.538736e+00	3.046402e+00	3.554024e+00	4.061594e+00	4.569106e+00	
-5.039497e+00	-4.479751e+00	-3.919936e+00	-3.360059e+00	-2.800130e+00	-2.240157e+00	-1.680148e+00	-1.120113e+00	-5.600611e-01	7.981488e-08	5.600613e-01	1.120114e+00	1.680148e+00	2.240157e+00	2.800130e+00	3.360059e+00	3.919936e+00	4.479751e+00	5.039497e+00	
-5.627893e+00	-5.002811e+00	-4.377644e+00	-3.752403e+00	-3.127100e+00	-2.501743e+00	-1.876344e+00	-1.250914e+00	-6.254620e-01	3.772329e-07	6.254627e-01	1.250914e+00	1.876345e+00	2.501744e+00	3.127100e+00	3.752404e+00	4.377645e+00	5.002811e+00	5.627894e+00	
-6.390022e+00	-5.680312e+00	-4.970498e+00	-4.260595e+00	-3.550614e+00	-2.840569e+00	-2.130472e+00	-1.420336e+00	-7.101739e-01	8.011692e-07	7.101755e-01	1.420337e+00	2.130473e+00	2.840570e+00	3.550616e+00	4.260596e+00	4.970500e+00	5.680313e+00	6.390024e+00	
-7.424179e+00	-6.599635e+00	-5.774963e+00	-4.950178e+00	-4.125297e+00	-3.300334e+00	-2.475307e+00	-1.650231e+00	-8.251230e-01	1.428802e-06	8.251259e-01	1.650234e+00	2.475310e+00	3.300337e+00	4.125300e+00	4.950181e+00	5.774966e+00	6.599638e+00	7.424182e+00	
-8.921779e+00	-7.930944e+00	-6.939942e+00	-5.948793e+00	-4.957520e+00	-3.966141e+00	-2.974679e+00	-1.983153e+00	-9.915860e-01	2.411669e-06	9.915908e-01	1.983158e+00	2.974684e+00	3.966146e+00	4.957524e+00	5.948798e+00	6.939946e+00	7.930948e+00	8.921784e+00	
-1.131254e+01	-1.005624e+01	-8.799715e+00	-7.542985e+00	-6.286084e+00	-5.029039e+00	-3.771879e+00	-2.514632e+00	-1.257329e+00	4.091977e-06	1.257337e+00	2.514641e+00	3.771887e+00	5.029047e+00	6.286092e+00	7.542993e+00	8.799723e+00	1.005625e+01	1.131255e+01	
-1.580482e+01	-1.404971e+01	-1.229426e+01	-1.053850e+01	-8.782478e+00	-7.026242e+00	-5.269832e+00	-3.513291e+00	-1.756664e+00	7.435639e-06	1.756679e+00	3.513306e+00	5.269847e+00	7.026257e+00	8.782493e+00	1.053851e+01	1.229427e+01	1.404973e+01	1.580484e+01	
-2.761764e+01	-2.455088e+01	-2.148346e+01	-1.841546e+01	-1.534697e+01	-1.227807e+01	-9.208839e+00	-6.139358e+00	-3.069712e+00	1.662301e-05	3.069746e+00	6.139392e+00	9.208872e+00	1.227810e+01	1.534701e+01	1.841550e+01	2.148349e+01	2.455091e+01	2.761767e+01	
-1.541219e+02	-1.370086e+02	-1.198913e+02	-1.027705e+02	-8.564666e+01	-6.852033e+01	-5.139198e+01	-3.426212e+01	-1.713125e+01	1.177193e-04	1.713149e+01	3.426236e+01	5.139222e+01	6.852056e+01	8.564689e+01	1.027707e+02	1.198915e+02	1.370088e+02	1.541221e+02	
3.707676e+01	3.296012e+01	2.884243e+01	2.472381e+01	2.060439e+01	1.648431e+01	1.236369e+01	8.242670e+00	4.121384e+00	-3.589052e-05	-4.121455e+00	-8.242741e+00	-1.236376e+01	-1.648438e+01	-2.060446e+01	-2.472388e+01	-2.884250e+01	-3.296020e+01	-3.707683e+01	
1.517880e+01	1.349363e+01	1.180799e+01	1.012192e+01	8.435484e+00	6.748747e+00	5.061769e+00	3.374607e+00	1.687325e+00	-1.872014e-05	-1.687362e+00	-3.374645e+00	-5.061806e+00	-6.748785e+00	-8.435521e+00	-1.012195e+01	-1.180802e+01	-1.349367e+01	-1.517884e+01	
8.839281e+00	7.858036e+00	6.876475e+00	5.894637e+00	4.912560e+00	3.930284e+00	2.947849e+00	1.965295e+00	9.826603e-01	-1.406867e-05	-9.826884e-01	-1.965323e+00	-2.947877e+00	-3.930312e+00	-4.912588e+00	-5.894665e+00	-6.876503e+00	-7.858064e+00	-8.839309e+00	
5.746307e+00	5.108500e+00	4.470457e+00	3.832206e+00	3.193776e+00	2.555198e+00	1.916500e+00	1.277712e+00	6.388651e-01	-1.207668e-05	-6.388892e-01	-1.277737e+00	-1.916524e+00	-2.555222e+00	-3.193800e+00	-3.832230e+00	-4.470481e+00	-5.108524e+00	-5.746331e+00	
3.853627e+00	3.425984e+00	2.998151e+00	2.570152e+00	2.142010e+00	1.713749e+00	1.285393e+00	8.569645e-01	4.284887e-01	-1.111672e-05	-4.285109e-01	-8.569868e-01	-1.285415e+00	-1.713771e+00	-2.142032e+00	-2.570174e+00	-2.998173e+00	-3.426006e+00	-3.853650e+00	
2.523152e+00	2.243247e+00	1.963185e+00	1.682985e+00	1.402667e+00	1.122251e+00	8.417547e-01	5.611993e-01	2.806042e-01	-1.069433e-05	-2.806256e-01	-5.612207e-01	-8.417761e-01	-1.122272e+00	-1.402689e+00	-1.683007e+00	-1.963206e+00	-2.243268e+00	-2.523173e+00	
1.487321e+00	1.322440e+00	1.157426e+00	9.922950e-01	8.270642e-01	6.617498e-01	4.963684e-01	3.309367e-01	1.654715e-01	-1.061815e-05	-1.654927e-01	-3.309580e-01	-4.963897e-01	-6.617711e-01	-8.270854e-01	-9.923162e-01	-1.157447e+00	-1.322461e+00	-1.487342e+00	
6.093032e-01	5.419237e-01	4.744310e-01	4.068390e-01	3.391616e-01	2.714129e-01	2.036070e-01	1.357583e-01	6.788091e-02	-1.081065e-05	-6.790253e-02	-1.357799e-01	-2.036287e-01	-2.714345e-01	-3.391832e-01	-4.068606e-01	-4.744526e-01	-5.419453e-01	-6.093248e-01	
-1.944760e-01	-1.725952e-01	-1.508106e-01	-1.291103e-01	-1.074825e-01	-8.591536e-02	-6.439675e-02	-4.291463e-02	-2.145685e-02	-1.125099e-05	2.143435e-02	4.289212e-02	6.437425e-02	8.589286e-02	1.074600e-01	1.290878e-01	1.507881e-01	1.725727e-01	1.944535e-01	
-9.864216e-01	-8.765923e-01	-7.668431e-01	-6.571643e-01	-5.475461e-01	-4.379784e-01	-3.284512e-01	-2.189545e-01	-1.094781e-01	-1.195777e-05	1.094542e-01	2.189306e-01	3.284273e-01	4.379544e-01	5.475221e-01	6.571404e-01	7.668192e-01	8.765684e-01	9.863977e-01	
-1.825735e+00	-1.622694e+00	-1.419718e+00	-1.216798e+00	-1.013926e+00	-8.110945e-01	-6.082956e-01	-4.055212e-01	-2.027630e-01	-1.299030e-05	2.027370e-01	4.054952e-01	6.082697e-01	8.110685e-01	1.013900e+00	1.216772e+00	1.419692e+00	1.622668e+00	1.825709e+00	
-2.784470e+00	-2.474954e+00	-2.165484e+00	-1.856054e+00	-1.546660e+00	-1.237296e+00	-9.279546e-01	-6.186313e-01	-3.093199e-01	-1.446644e-05	3.092910e-01	6.186024e-01	9.279256e-01	1.237267e+00	1.546631e+00	1.856025e+00	2.165455e+00	2.474925e+00	2.784441e+00	
-3.971707e+00	-3.530335e+00	-3.088989e+00	-2.647665e+00	-2.206361e+00	-1.765072e+00	-1.323797e+00	-8.825312e-01	-4.412723e-01	-1.660953e-05	4.412390e-01	8.824980e-01	1.323764e+00	1.765039e+00	2.206327e+00	2.647632e+00	3.088956e+00	3.530302e+00	3.971674e+00	
-5.585921e+00	-4.965272e+00	-4.344620e+00	-3.723966e+00	-3.103310e+00	-2.482654e+00	-1.861996e+00	-1.241338e+00	-6.206788e-01	-1.986737e-05	6.206391e-01	1.241298e+00	1.861956e+00	2.482614e+00	3.103271e+00	3.723926e+00	4.344580e+00	4.965232e+00	5.585881e+00	
-8.061243e+00	-7.165678e+00	-6.270069e+00	-5.374420e+00	-4.478738e+00	-3.583028e+00	-2.687297e+00	-1.791549e+00	-8.957897e-01	-2.525817e-05	8.957392e-01	1.791498e+00	2.687246e+00	3.582978e+00	4.478687e+00	5.374369e+00	6.270018e+00	7.165628e+00	8.061193e+00	
-1.260965e+01	-1.120892e+01	-9.808076e+00	-8.407124e+00	-7.006081e+00	-5.604962e+00	-4.203783e+00	-2.802559e+00	-1.401305e+00	-3.566414e-05	1.401234e+00	2.802488e+00	4.203712e+00	5.604891e+00	7.006009e+00	8.407052e+00	9.808005e+00	1.120885e+01	1.260958e+01	
-2.447750e+01	-2.175869e+01	-1.903957e+01	-1.632016e+01	-1.360051e+01	-1.088066e+01	-8.160649e+00	-5.440521e+00	-2.720312e+00	-6.361347e-05	2.720185e+00	5.440393e+00	8.160522e+00	1.088053e+01	1.360038e+01	1.632003e+01	1.903944e+01	2.175857e+01	2.447738e+01	
-1.554826e+02	-1.382139e+02	-1.209427e+02	-1.036693e+02	-8.639406e+01	-6.911721e+01	-5.183910e+01	-3.456005e+01	-1.728037e+01	-3.763521e-04	1.727962e+01	3.455929e+01	5.183834e+01	6.911645e+01	8.639331e+01	1.036686e+02	1.209420e+02	1.382132e+02	1.554819e+02	
3.939311e+01	3.501823e+01	3.064260e+01	2.626631e+01	2.188946e+01	1.751215e+01	1.313446e+01	8.756494e+00	4.378339e+00	8.975978e-05	-4.378159e+00	-8.756315e+00	-1.313428e+01	-1.751197e+01	-2.188928e+01	-2.626613e+01	-3.064242e+01	-3.501805e+01	-3.939293e+01	
1.799921e+01	1.600040e+01	1.400121e+01	1.200168e+01	1.000185e+01	8.001782e+00	6.001517e+00	4.001106e+00	2.000597e+00	3.893963e-05	-2.000519e+00	-4.001028e+00	-6.001439e+00	-8.001704e+00	-1.000177e+01	-1.200160e+01	-1.400113e+01	-1.600033e+01	-1.799913e+01	
1.179453e+01	1.048484e+01	9.174867e+00	7.864640e+00	6.554199e+00	5.243579e+00	3.932816e+00	2.621945e+00	1.311003e+00	2.439923e-05	-1.310954e+00	-2.621896e+00	-3.932767e+00	-5.243530e+00	-6.554150e+00	-7.864591e+00	-9.174818e+00	-1.048479e+01	-1.179449e+01	
8.801934e+00	7.824612e+00	6.847054e+00	5.869289e+00	4.891348e+00	3.913259e+00	2.935052e+00	1.956757e+00	9.784018e-01	1.751576e-05	-9.783668e-01	-1.956722e+00	-2.935017e+00	-3.913224e+00	-4.891313e+00	-5.869254e+00	-6.847019e+00	-7.824577e+00	-8.801899e+00	
7.017714e+00	6.238553e+00	5.459187e+00	4.679640e+00	3.899939e+00	3.120109e+00	2.340175e+00	1.560164e+00	7.801019e-01	1.350331e-05	-7.800749e-01	-1.560137e+00	-2.340148e+00	-3.120082e+00	-3.899912e+00	-4.679613e+00	-5.459160e+00	-6.238526e+00	-7.017687e+00	
5.818716e+00	5.172720e+00	4.526539e+00	3.880195e+00	3.233711e+00	2.587111e+00	1.940418e+00	1.293654e+00	6.468442e-01	1.087504e-05	-6.468224e-01	-1.293632e+00	-1.940396e+00	-2.587089e+00	-3.233689e+00	-3.880173e+00	-4.526517e+00	-5.172699e+00	-5.818694e+00	
4.947768e+00	4.398503e+00	3.849067e+00	3.299481e+00	2.749766e+00	2.199943e+00	1.650035e+00	1.100062e+00	5.500464e-01	9.018520e-06	-5.500283e-01	-1.100044e+00	-1.650017e+00	-2.199925e+00	-2.749748e+00	-3.299463e+00	-3.849049e+00	-4.398485e+00	-4.947750e+00	
4.279221e+00	3.804208e+00	3.329034e+00	2.853720e+00	2.378286e+00	1.902751e+00	1.427135e+00	9.514596e-01	4.757437e-01	7.635366e-06	-4.757284e-01	-9.514443e-01	-1.427120e+00	-1.902735e+00	-2.378270e+00	-2.853705e+00	-3.329019e+00	-3.804193e+00	-4.279206e+00	
3.744275e+00	3.328674e+00	2.912923e+00	2.497039e+00	2.081041e+00	1.664948e+00	1.248779e+00	8.325533e-01	4.162894e-01	6.562830e-06	-4.162763e-01	-8.325402e-01	-1.248766e+00	-1.664935e+00	-2.081028e+00	-2.497026e+00	-2.912910e+00	-3.328661e+00	-3.744262e+00	
3.301996e+00	2.935517e+00	2.568894e+00	2.202145e+00	1.835287e+00	1.468339e+00	1.101319e+00	7.342449e-01	3.671344e-01	5.704597e-06	-3.671230e-01	-7.342335e-01	-1.101308e+00	-1.468328e+00	-1.835276e+00	-2.202133e+00	-2.568882e+00	-2.935505e+00	-3.301984e+00	
2.926430e+00	2.601663e+00	2.276758e+00	1.951732e+00	1.626603e+00	1.301387e+00	9.761021e-01	6.507653e-01	3.253938e-01	5.000004e-06	-3.253838e-01	-6.507553e-01	-9.760921e-01	-1.301377e+00	-1.626593e+00	-1.951722e+00	-2.276748e+00	-2.601653e+00	-2.926420e+00	
2.600255e+00	2.311714e+00	2.023040e+00	1.734251e+00	1.445362e+00	1.156391e+00	8.673523e-01	5.782640e-01	2.891425e-01	4.408922e-06	-2.891337e-01	-5.782552e-01	-8.673434e-01	-1.156382e+00	-1.445354e+00	-1.734242e+00	-2.023032e+00	-2.311705e+00	-2.600246e+00	
2.311406e+00	2.054946e+00	1.798358e+00	1.541658e+00	1.284863e+00	1.027987e+00	7.710474e-01	5.140596e-01	2.570398e-01	3.903712e-06	-2.570320e-01	-5.140518e-01	-7.710396e-01	-1.027979e+00	-1.284855e+00	-1.541650e+00	-1.798350e+00	-2.054938e+00	-2.311398e+00	
2.051164e+00	1.823607e+00	1.595927e+00	1.368139e+00	1.140258e+00	9.122998e-01	6.842799e-01	4.562136e-01	2.281163e-01	3.464679e-06	-2.281093e-01	-4.562066e-01	-6.842730e-01	-9.122929e-01	-1.140251e+00	-1.368132e+00	-1.595920e+00	-1.823600e+00	-2.051157e+00	
1.813008e+00	1.611902e+00	1.410676e+00	1.209345e+00	1.007925e+00	8.064307e-01	6.048762e-01	4.032768e-01	2.016474e-01	3.077367e-06	-2.016413e-01	-4.032706e-01	-6.048701e-01	-8.064246e-01	-1.007919e+00	-1.209339e+00	-1.410670e+00	-1.611896e+00	-1.813002e+00	
1.591908e+00	1.415357e+00	1.238690e+00	1.061923e+00	8.850691e-01	7.081427e-01	5.311584e-01	3.541307e-01	1.770740e-01	2.730882e-06	-1.770685e-01	-3.541252e-01	-5.311530e-01	-7.081372e-01	-8.850636e-01	-1.061918e+00	-1.238685e+00	-1.415351e+00	-1.591902e+00	
1.383852e+00	1.230407e+00	1.076852e+00	9.231980e-01	7.694605e-01	6.156530e-01	4.617895e-01	3.078838e-01	1.539501e-01	2.416801e-06	-1.539453e-01	-3.078790e-01	-4.617846e-01	-6.156482e-01	-7.694557e-01	-9.231932e-01	-1.076847e+00	-1.230403e+00	-1.383847e+00	
1.185537e+00	1.054117e+00	9.225896e-01	7.909675e-01	6.592642e-01	5.274932e-01	3.956679e-01	2.638020e-01	1.319088e-01	2.128449e-06	-1.319046e-01	-2.637977e-01	-3.956637e-01	-5.274889e-01	-6.592600e-01	-7.909632e-01	-9.225853e-01	-1.054113e+00	-1.185532e+00	
9.941439e-01	8.839799e-01	7.737116e-01	6.633519e-01	5.529137e-01	4.424100e-01	3.318539e-01	2.212584e-01	1.106367e-01	1.860406e-06	-1.106330e-01	-2.212547e-01	-3.318502e-01	-4.424063e-01	-5.529100e-01	-6.633482e-01	-7.737079e-01	-8.839762e-01	-9.941402e-01	
8.071730e-01	7.177732e-01	6.282727e-01	5.386839e-01	4.490194e-01	3.592918e-01	2.695136e-01	1.796973e-01	8.985581e-02	1.608139e-06	-8.985260e-02	-1.796941e-01	-2.695103e-01	-3.592886e-01	-4.490162e-01	-5.386807e-01	-6.282695e-01	-7.177700e-01	-8.071698e-01	
6.223115e-01	5.534410e-01	4.844737e-01	4.154215e-01	3.462964e-01	2.771104e-01	2.078758e-01	1.386047e-01	6.930911e-02	1.367749e-06	-6.930637e-02	-1.386019e-01	-2.078731e-01	-2.771077e-01	-3.462936e-01	-4.154188e-01	-4.844710e-01	-5.534383e-01	-6.223087e-01	
4.373233e-01	3.889959e-01	3.405755e-01	2.920737e-01	2.435019e-01	1.948719e-01	1.461951e-01	9.748326e-02	4.874805e-02	1.135753e-06	-4.874578e-02	-9.748099e-02	-1.461928e-01	-1.948696e-01	-2.434997e-01	-2.920714e-01	-3.405732e-01	-3.889936e-01	-4.373210e-01	
2.499453e-01	2.224257e-01	1.948173e-01	1.671312e-01	1.393783e-01	1.115698e-01	8.371662e-02	5.582999e-02	2.792103e-02	9.089234e-07	-2.791922e-02	-5.582817e-02	-8.371480e-02	-1.115680e-01	-1.393765e-01	-1.671294e-01	-1.948155e-01	-2.224239e-01	-2.499435e-01	
5.777974e-02	5.159896e-02	4.533397e-02	3.899519e-02	3.259307e-02	2.613810e-02	1.964081e-02	1.311176e-02	6.561521e-03	6.841265e-07	-6.560153e-03	-1.311039e-02	-1.963945e-02	-2.613673e-02	-3.259171e-02	-3.899383e-02	-4.533261e-02	-5.159760e-02	-5.777839e-02	
-1.418267e-01	-1.258431e-01	-1.099387e-01	-9.410384e-02	-7.832853e-02	-6.260297e-02	-4.691723e-02	-3.126138e-02	-1.562547e-02	4.581751e-07	1.562639e-02	3.126230e-02	4.691814e-02	6.260388e-02	7.832945e-02	9.410475e-02	1.099397e-01	1.258440e-01	1.418276e-01	
-3.519326e-01	-3.126195e-01	-2.733802e-01	-2.342055e-01	-1.950863e-01	-1.560134e-01	-1.169775e-01	-7.796947e-02	-3.897998e-02	2.276607e-07	3.898044e-02	7.796993e-02	1.169780e-01	1.560138e-01	1.950868e-01	2.342060e-01	2.733807e-01	3.126200e-01	3.519330e-01	
-5.761979e-01	-5.119841e-01	-4.478378e-01	-3.837508e-01	-3.197145e-01	-2.557206e-01	-1.917607e-01	-1.278263e-01	-6.390892e-02	-1.124598e-08	6.390890e-02	1.278263e-01	1.917607e-01	2.557206e-01	3.197145e-01	3.837507e-01	4.478378e-01	5.119841e-01	5.761979e-01	
-8.191571e-01	-7.279679e-01	-6.368391e-01	-5.457634e-01	-4.547332e-01	-3.637410e-01	-2.727792e-01	-1.818402e-01	-9.091642e-02	-2.630570e-07	9.091589e-02	1.818397e-01	2.727786e-01	3.637405e-01	4.547327e-01	5.457629e-01	6.368386e-01	7.279673e-01	8.191566e-01	
-1.086614e+00	-9.657305e-01	-8.448994e-01	-7.241141e-01	-6.033683e-01	-4.826552e-01	-3.619685e-01	-2.413015e-01	-1.206477e-01	-5.333320e-07	1.206467e-01	2.413005e-01	3.619674e-01	4.826542e-01	6.033672e-01	7.241131e-01	8.448983e-01	9.657294e-01	1.086613e+00	
-1.386239e+00	-1.232091e+00	-1.077986e+00	-9.239183e-01	-7.698828e-01	-6.158742e-01	-4.618870e-01	-3.079160e-01	-1.539557e-01	-8.292202e-07	1.539541e-01	3.079143e-01	4.618853e-01	6.158725e-01	7.698811e-01	9.239166e-01	1.077984e+00	1.232089e+00	1.386237e+00	
-1.728506e+00	-1.536361e+00	-1.344247e+00	-1.152161e+00	-9.600984e-01	-7.680554e-01	-5.760280e-01	-3.840125e-01	-1.920049e-01	-1.160297e-06	1.920025e-01	3.840102e-01	5.760257e-01	7.680530e-01	9.600961e-01	1.152159e+00	1.344245e+00	1.536359e+00	1.728504e+00	
-2.128230e+00	-1.891711e+00	-1.655209e+00	-1.418722e+00	-1.182249e+00	-9.457864e-01	-7.093326e-01	-4.728853e-01	-2.364423e-01	-1.539931e-06	2.364392e-01	4.728822e-01	7.093295e-01	9.457833e-01	1.182246e+00	1.418719e+00	1.655206e+00	1.891708e+00	2.128227e+00	
-2.607208e+00	-2.317518e+00	-2.027829e+00	-1.738139e+00	-1.448450e+00	-1.158760e+00	-8.690706e-01	-5.793811e-01	-2.896915e-01	-1.987630e-06	2.896876e-01	5.793771e-01	8.690666e-01	1.158756e+00	1.448446e+00	1.738135e+00	2.027825e+00	2.317514e+00	2.607204e+00	
-3.199032e+00	-2.843647e+00	-2.488240e+00	-2.132814e+00	-1.777371e+00	-1.421914e+00	-1.066446e+00	-7.109695e-01	-3.554874e-01	-2.533291e-06	3.554824e-01	7.109645e-01	1.066441e+00	1.421909e+00	1.777366e+00	2.132809e+00	2.488235e+00	2.843642e+00	3.199027e+00	
-3.958487e+00	-3.518802e+00	-3.079065e+00	-2.639284e+00	-2.199463e+00	-1.759610e+00	-1.319731e+00	-8.798327e-01	-4.399212e-01	-3.225521e-06	4.399148e-01	8.798262e-01	1.319725e+00	1.759604e+00	2.199457e+00	2.639277e+00	3.079059e+00	3.518796e+00	3.958481e+00	
-4.981603e+00	-4.428354e+00	-3.875013e+00	-3.321591e+00	-2.768100e+00	-2.214550e+00	-1.660954e+00	-1.107324e+00	-5.536698e-01	-4.149354e-06	5.536615e-01	1.107315e+00	1.660946e+00	2.214542e+00	2.768091e+00	3.321583e+00	3.875005e+00	4.428346e+00	4.981595e+00	
-6.453743e+00	-5.737093e+00	-5.020291e+00	-4.303356e+00	-3.586307e+00	-2.869161e+00	-2.151940e+00	-1.434660e+00	-7.173424e-01	-5.468760e-06	7.173315e-01	1.434649e+00	2.151929e+00	2.869150e+00	3.586296e+00	4.303345e+00	5.020280e+00	5.737082e+00	6.453732e+00	
-8.785386e+00	-7.809939e+00	-6.834245e+00	-5.858332e+00	-4.882231e+00	-3.905975e+00	-2.929593e+00	-1.953117e+00	-9.765778e-01	-7.546652e-06	9.765627e-01	1.953102e+00	2.929578e+00	3.905960e+00	4.882216e+00	5.858316e+00	6.834229e+00	7.809924e+00	8.785371e+00	
-1.310364e+01	-1.164891e+01	-1.019374e+01	-8.738198e+00	-7.282330e+00	-5.826192e+00	-4.369837e+00	-2.913319e+00	-1.456692e+00	-1.137929e-05	1.456670e+00	2.913296e+00	4.369814e+00	5.826169e+00	7.282308e+00	8.738175e+00	1.019372e+01	1.164889e+01	1.310362e+01	
-2.402966e+01	-2.136225e+01	-1.869394e+01	-1.602484e+01	-1.335507e+01	-1.068474e+01	-8.013953e+00	-5.342830e+00	-2.671482e+00	-2.105098e-05	2.671440e+00	5.342788e+00	8.013911e+00	1.068469e+01	1.335503e+01	1.602480e+01	1.869389e+01	2.136220e+01	2.402962e+01	
-1.098938e+02	-9.769641e+01	-8.549441e+01	-7.328840e+01	-6.107895e+01	-4.886664e+01	-3.665202e+01	-2.443567e+01	-1.221817e+01	-9.695250e-05	1.221798e+01	2.443548e+01	3.665182e+01	4.886644e+01	6.107876e+01	7.328821e+01	8.549421e+01	9.769621e+01	1.098937e+02	
4.600264e+01	4.089724e+01	3.578972e+01	3.068036e+01	2.556941e+01	2.045713e+01	1.534379e+01	1.022965e+01	5.114978e+00	4.081584e-05	-5.114897e+00	-1.022957e+01	-1.534371e+01	-2.045705e+01	-2.556932e+01	-3.068028e+01	-3.578964e+01	-4.089715e+01	-4.600256e+01	
1.948624e+01	1.732388e+01	1.516055e+01	1.299636e+01	1.083143e+01	8.665885e+00	6.499850e+00	4.333445e+00	2.166793e+00	1.736755e-05	-2.166758e+00	-4.333410e+00	-6.499815e+00	-8.665851e+00	-1.083139e+01	-1.299632e+01	-1.516051e+01	-1.732385e+01	-1.948621e+01	
1.249948e+01	1.111258e+01	9.725010e+00	8.336839e+00	6.948154e+00	5.559041e+00	4.169585e+00	2.779870e+00	1.389984e+00	1.118023e-05	-1.389961e+00	-2.779848e+00	-4.169562e+00	-5.559019e+00	-6.948132e+00	-8.336817e+00	-9.724988e+00	-1.111256e+01	-1.249945e+01	
9.249312e+00	8.223162e+00	7.196468e+00	6.169295e+00	5.141710e+00	4.113783e+00	3.085580e+00	2.057171e+00	1.028624e+00	8.295862e-06	-1.028608e+00	-2.057154e+00	-3.085564e+00	-4.113766e+00	-5.141694e+00	-6.169278e+00	-7.196451e+00	-8.223146e+00	-9.249295e+00	
7.355284e+00	6.539361e+00	5.722970e+00	4.906170e+00	4.089016e+00	3.271568e+00	2.453885e+00	1.636024e+00	8.180448e-01	6.610515e-06	-8.180316e-01	-1.636011e+00	-2.453871e+00	-3.271555e+00	-4.089003e+00	-4.906156e+00	-5.722957e+00	-6.539348e+00	-7.355271e+00	
6.104415e+00	5.427335e+00	4.749838e+00	4.071974e+00	3.393795e+00	2.715353e+00	2.036701e+00	1.357890e+00	6.789744e-01	5.493998e-06	-6.789634e-01	-1.357880e+00	-2.036690e+00	-2.715342e+00	-3.393784e+00	-4.071963e+00	-4.749827e+00	-5.427324e+00	-6.104404e+00	
5.208648e+00	4.630998e+00	4.052966e+00	3.474598e+00	2.895942e+00	2.317044e+00	1.737953e+00	1.158718e+00	5.793855e-01	4.691667e-06	-5.793761e-01	-1.158708e+00	-1.737944e+00	-2.317035e+00	-2.895932e+00	-3.474589e+00	-4.052957e+00	-4.630989e+00	-5.208638e+00	
4.529263e+00	4.027028e+00	3.524436e+00	3.021531e+00	2.518356e+00	2.014956e+00	1.511376e+00	1.007661e+00	5.038549e-01	4.080867e-06	-5.038468e-01	-1.007652e+00	-1.511368e+00	-2.014948e+00	-2.518348e+00	-3.021522e+00	-3.524428e+00	-4.027020e+00	-4.529255e+00	
3.991144e+00	3.548645e+00	3.105808e+00	2.662675e+00	2.219287e+00	1.775686e+00	1.331915e+00	8.880157e-01	4.440310e-01	3.595157e-06	-4.440238e-01	-8.880085e-01	-1.331908e+00	-1.775679e+00	-2.219280e+00	-2.662668e+00	-3.105801e+00	-3.548638e+00	-3.991137e+00	
3.550014e+00	3.156486e+00	2.762636e+00	2.368502e+00	1.974125e+00	1.579545e+00	1.184803e+00	7.899374e-01	3.949907e-01	3.195351e-06	-3.949843e-01	-7.899310e-01	-1.184796e+00	-1.579539e+00	-1.974119e+00	-2.368496e+00	-2.762629e+00	-3.156479e+00	-3.550007e+00	
3.178023e+00	2.825793e+00	2.473253e+00	2.120440e+00	1.767393e+00	1.414150e+00	1.060751e+00	7.072335e-01	3.536378e-01	2.856782e-06	-3.536321e-01	-7.072277e-01	-1.060745e+00	-1.414144e+00	-1.767387e+00	-2.120434e+00	-2.473247e+00	-2.825787e+00	-3.178017e+00	
2.856723e+00	2.540165e+00	2.223307e+00	1.906184e+00	1.588835e+00	1.271296e+00	9.536060e-01	6.358016e-01	3.179211e-01	2.563092e-06	-3.179160e-01	-6.357965e-01	-9.536009e-01	-1.271291e+00	-1.588830e+00	-1.906179e+00	-2.223302e+00	-2.540160e+00	-2.856718e+00	
2.573353e+00	2.288257e+00	2.002869e+00	1.717225e+00	1.431359e+00	1.145310e+00	8.591123e-01	5.728040e-01	2.864217e-01	2.302947e-06	-2.864171e-01	-5.727994e-01	-8.591077e-01	-1.145305e+00	-1.431355e+00	-1.717220e+00	-2.002865e+00	-2.288253e+00	-2.573348e+00	
2.318743e+00	2.061918e+00	1.804808e+00	1.547446e+00	1.289870e+00	1.032113e+00	7.742116e-01	5.162020e-01	2.581202e-01	2.068183e-06	-2.581160e-01	-5.161979e-01	-7.742075e-01	-1.032109e+00	-1.289865e+00	-1.547442e+00	-1.804803e+00	-2.061914e+00	-2.318738e+00	
2.086076e+00	1.855087e+00	1.623818e+00	1.392303e+00	1.160577e+00	9.286742e-01	6.966302e-01	4.644798e-01	2.322586e-01	1.852714e-06	-2.322549e-01	-4.644761e-01	-6.966265e-01	-9.286705e-01	-1.160573e+00	-1.392299e+00	-1.623814e+00	-1.855083e+00	-2.086072e+00	
1.870111e+00	1.663105e+00	1.455823e+00	1.248300e+00	1.040569e+00	8.326640e-01	6.246203e-01	4.164722e-01	2.082544e-01	1.651840e-06	-2.082511e-01	-4.164689e-01	-6.246170e-01	-8.326607e-01	-1.040565e+00	-1.248296e+00	-1.455820e+00	-1.663102e+00	-1.870108e+00	
1.666686e+00	1.482271e+00	1.297584e+00	1.112660e+00	9.275305e-01	7.422304e-01	5.567933e-01	3.712533e-01	1.856446e-01	1.461806e-06	-1.856416e-01	-3.712504e-01	-5.567904e-01	-7.422275e-01	-9.275276e-01	-1.112657e+00	-1.297581e+00	-1.482268e+00	-1.666683e+00	
1.472371e+00	1.309536e+00	1.146434e+00	9.830965e-01	8.195572e-01	6.558492e-01	4.920058e-01	3.280608e-01	1.640480e-01	1.279498e-06	-1.640455e-01	-3.280583e-01	-4.920033e-01	-6.558466e-01	-8.195546e-01	-9.830939e-01	-1.146431e+00	-1.309534e+00	-1.472368e+00	
1.284234e+00	1.142295e+00	1.000091e+00	8.576549e-01	7.150191e-01	5.722164e-01	4.292799e-01	2.862429e-01	1.431388e-01	1.102230e-06	-1.431366e-01	-2.862407e-01	-4.292777e-01	-5.722142e-01	-7.150169e-01	-8.576527e-01	-1.000089e+00	-1.142292e+00	-1.284232e+00	
1.099659e+00	9.782210e-01	8.565209e-01	7.345907e-01	6.124627e-01	4.901693e-01	3.677435e-01	2.452180e-01	1.226261e-01	9.275797e-07	-1.226242e-01	-2.452162e-01	-3.677416e-01	-4.901675e-01	-6.124608e-01	-7.345889e-01	-8.565191e-01	-9.782192e-01	-1.099657e+00	
