-1.265456e-18	3.050847e-18	6.991145e-18	1.057204e-17	1.385528e-17	1.691851e-17	1.984154e-17	2.270051e-17	2.556566e-17	2.850066e-17	3.156207e-17	3.479816e-17	3.824631e-17	4.192789e-17	4.583904e-17	4.993464e-17	5.410065e-17	5.810641e-17	6.152180e-17	
-2.315720e-02	-1.991309e-02	-1.713115e-02	-1.474680e-02	-1.270471e-02	-1.095749e-02	-9.464574e-03	-8.191325e-03	-7.108188e-03	-6.190026e-03	-5.415528e-03	-4.766719e-03	-4.228541e-03	-3.788503e-03	-3.436393e-03	-3.164038e-03	-2.965117e-03	-2.835014e-03	-2.770708e-03	
-4.633013e-02	-3.983971e-02	-3.427393e-02	-2.950362e-02	-2.541805e-02	-2.192241e-02	-1.893558e-02	-1.638821e-02	-1.422120e-02	-1.238426e-02	-1.083473e-02	-9.536675e-03	-8.459953e-03	-7.579579e-03	-6.875119e-03	-6.330224e-03	-5.932248e-03	-5.671953e-03	-5.543298e-03	
-6.953457e-02	-5.979342e-02	-5.144002e-02	-4.428050e-02	-3.814868e-02	-3.290225e-02	-2.841946e-02	-2.459625e-02	-2.134389e-02	-1.858691e-02	-1.626131e-02	-1.431312e-02	-1.269712e-02	-1.137581e-02	-1.031852e-02	-9.500716e-03	-8.903413e-03	-8.512749e-03	-8.319658e-03	
-9.278640e-02	-7.978789e-02	-6.864118e-02	-5.908756e-02	-5.090531e-02	-4.390451e-02	-3.792270e-02	-3.282104e-02	-2.848113e-02	-2.480223e-02	-2.169897e-02	-1.909931e-02	-1.694294e-02	-1.517979e-02	-1.376896e-02	-1.267768e-02	-1.188065e-02	-1.135935e-02	-1.110169e-02	
-1.161017e-01	-9.983690e-02	-8.588926e-02	-7.393502e-02	-6.369673e-02	-5.493679e-02	-4.745188e-02	-4.106828e-02	-3.563783e-02	-3.103450e-02	-2.715146e-02	-2.389857e-02	-2.120034e-02	-1.899416e-02	-1.722881e-02	-1.586332e-02	-1.486600e-02	-1.421371e-02	-1.389131e-02	
-1.394966e-01	-1.199544e-01	-1.031963e-01	-8.883321e-02	-7.653188e-02	-6.600677e-02	-5.701362e-02	-4.934370e-02	-4.281900e-02	-3.728808e-02	-3.262258e-02	-2.871423e-02	-2.547230e-02	-2.282155e-02	-2.070048e-02	-1.905984e-02	-1.786156e-02	-1.707783e-02	-1.669046e-02	
-1.629878e-01	-1.401547e-01	-1.205745e-01	-1.037927e-01	-8.941980e-02	-7.712228e-02	-6.661468e-02	-5.765315e-02	-5.002969e-02	-4.356737e-02	-3.811621e-02	-3.354968e-02	-2.976182e-02	-2.666469e-02	-2.418643e-02	-2.226951e-02	-2.086944e-02	-1.995373e-02	-1.950113e-02	
-1.865919e-01	-1.604522e-01	-1.380363e-01	-1.188241e-01	-1.023697e-01	-8.829127e-02	-7.626195e-02	-6.600259e-02	-5.727508e-02	-4.987688e-02	-4.363627e-02	-3.840841e-02	-3.407198e-02	-3.052632e-02	-2.768915e-02	-2.549462e-02	-2.389179e-02	-2.284347e-02	-2.232532e-02	
-2.103264e-01	-1.808616e-01	-1.555945e-01	-1.339385e-01	-1.153912e-01	-9.952190e-02	-8.596245e-02	-7.439810e-02	-6.456046e-02	-5.622121e-02	-4.918679e-02	-4.329395e-02	-3.840593e-02	-3.440926e-02	-3.121120e-02	-2.873753e-02	-2.693082e-02	-2.574915e-02	-2.516509e-02	
-2.342088e-01	-2.013983e-01	-1.732621e-01	-1.491471e-01	-1.284937e-01	-1.108225e-01	-9.572342e-02	-8.284595e-02	-7.189125e-02	-6.260508e-02	-5.477192e-02	-4.820995e-02	-4.276689e-02	-3.831641e-02	-3.475521e-02	-3.200065e-02	-2.998879e-02	-2.867295e-02	-2.802257e-02	
-2.582573e-01	-2.220779e-01	-1.910527e-01	-1.644616e-01	-1.416875e-01	-1.222018e-01	-1.055523e-01	-9.135256e-02	-7.927304e-02	-6.903337e-02	-6.039589e-02	-5.316014e-02	-4.715819e-02	-4.225073e-02	-3.832387e-02	-3.528647e-02	-3.306804e-02	-3.161708e-02	-3.089992e-02	
-2.824908e-01	-2.429164e-01	-2.089800e-01	-1.798937e-01	-1.549826e-01	-1.336685e-01	-1.154567e-01	-9.992458e-02	-8.671158e-02	-7.551107e-02	-6.606310e-02	-5.814839e-02	-5.158325e-02	-4.621531e-02	-4.191997e-02	-3.859756e-02	-3.617096e-02	-3.458385e-02	-3.379940e-02	
-3.069285e-01	-2.639307e-01	-2.270585e-01	-1.954560e-01	-1.683899e-01	-1.452319e-01	-1.254447e-01	-1.085689e-01	-9.421285e-02	-8.204340e-02	-7.177811e-02	-6.317871e-02	-5.604563e-02	-5.021331e-02	-4.554639e-02	-4.193657e-02	-3.930004e-02	-3.757564e-02	-3.672333e-02	
-3.315908e-01	-2.851380e-01	-2.453030e-01	-2.111613e-01	-1.819203e-01	-1.569016e-01	-1.355244e-01	-1.172926e-01	-1.017830e-01	-8.863574e-02	-7.754561e-02	-6.825524e-02	-6.054900e-02	-5.424804e-02	-4.920613e-02	-4.530625e-02	-4.245788e-02	-4.059491e-02	-3.967411e-02	
-3.564987e-01	-3.065565e-01	-2.637292e-01	-2.270229e-01	-1.955855e-01	-1.686874e-01	-1.457045e-01	-1.261032e-01	-1.094286e-01	-9.529372e-02	-8.337054e-02	-7.338230e-02	-6.509720e-02	-5.832295e-02	-5.290231e-02	-4.870948e-02	-4.564715e-02	-4.364424e-02	-4.265428e-02	
-3.816739e-01	-3.282050e-01	-2.823533e-01	-2.430548e-01	-2.093974e-01	-1.805998e-01	-1.559938e-01	-1.350083e-01	-1.171562e-01	-1.020232e-01	-8.925801e-02	-7.856443e-02	-6.969425e-02	-6.244160e-02	-5.663817e-02	-5.214925e-02	-4.887067e-02	-4.672632e-02	-4.566645e-02	
-4.071396e-01	-3.501032e-01	-3.011922e-01	-2.592717e-01	-2.233686e-01	-1.926497e-01	-1.664019e-01	-1.440162e-01	-1.249730e-01	-1.088303e-01	-9.521340e-02	-8.380633e-02	-7.434432e-02	-6.660778e-02	-6.041713e-02	-5.562871e-02	-5.213137e-02	-4.984395e-02	-4.871336e-02	
-4.329199e-01	-3.722718e-01	-3.202638e-01	-2.756889e-01	-2.375124e-01	-2.048483e-01	-1.769386e-01	-1.531354e-01	-1.328863e-01	-1.157215e-01	-1.012423e-01	-8.911298e-02	-7.905184e-02	-7.082541e-02	-6.424277e-02	-5.915114e-02	-5.543235e-02	-5.300009e-02	-5.179791e-02	
-4.590400e-01	-3.947328e-01	-3.395869e-01	-2.923225e-01	-2.518426e-01	-2.172078e-01	-1.876141e-01	-1.623748e-01	-1.409040e-01	-1.227035e-01	-1.073508e-01	-9.448960e-02	-8.382141e-02	-7.509865e-02	-6.811884e-02	-6.272001e-02	-5.877685e-02	-5.619784e-02	-5.492313e-02	
-4.855268e-01	-4.175091e-01	-3.591812e-01	-3.091897e-01	-2.663741e-01	-2.297408e-01	-1.984395e-01	-1.717439e-01	-1.490342e-01	-1.297835e-01	-1.135450e-01	-9.994169e-02	-8.865795e-02	-7.943187e-02	-7.204933e-02	-6.633899e-02	-6.216830e-02	-5.944048e-02	-5.809222e-02	
-5.124087e-01	-4.406250e-01	-3.790678e-01	-3.263084e-01	-2.811223e-01	-2.424607e-01	-2.094264e-01	-1.812527e-01	-1.572857e-01	-1.369692e-01	-1.198316e-01	-1.054751e-01	-9.356662e-02	-8.382973e-02	-7.603844e-02	-7.001193e-02	-6.561033e-02	-6.273149e-02	-6.130857e-02	
-5.397156e-01	-4.641065e-01	-3.992688e-01	-3.436978e-01	-2.961036e-01	-2.553818e-01	-2.205870e-01	-1.909119e-01	-1.656677e-01	-1.442685e-01	-1.262175e-01	-1.110960e-01	-9.855291e-02	-8.829713e-02	-8.009063e-02	-7.374296e-02	-6.910680e-02	-6.607453e-02	-6.457579e-02	
-5.674796e-01	-4.879810e-01	-4.198080e-01	-3.613783e-01	-3.113358e-01	-2.685191e-01	-2.319345e-01	-2.007328e-01	-1.741900e-01	-1.516899e-01	-1.327104e-01	-1.168110e-01	-1.036227e-01	-9.283930e-02	-8.421065e-02	-7.753644e-02	-7.266178e-02	-6.947353e-02	-6.789769e-02	
-5.957348e-01	-5.122779e-01	-4.407105e-01	-3.793715e-01	-3.268374e-01	-2.818888e-01	-2.434826e-01	-2.107274e-01	-1.828630e-01	-1.592426e-01	-1.393181e-01	-1.226271e-01	-1.087821e-01	-9.746182e-02	-8.840354e-02	-8.139703e-02	-7.627965e-02	-7.293266e-02	-7.127836e-02	
-6.245175e-01	-5.370284e-01	-4.620032e-01	-3.977007e-01	-3.426284e-01	-2.955081e-01	-2.552464e-01	-2.209086e-01	-1.916979e-01	-1.669364e-01	-1.460492e-01	-1.285518e-01	-1.140379e-01	-1.021707e-01	-9.267473e-02	-8.532969e-02	-7.996508e-02	-7.645637e-02	-7.472214e-02	
-6.538668e-01	-5.622661e-01	-4.837151e-01	-4.163907e-01	-3.587303e-01	-3.093956e-01	-2.672417e-01	-2.312903e-01	-2.007068e-01	-1.747816e-01	-1.529129e-01	-1.345931e-01	-1.193971e-01	-1.069722e-01	-9.702999e-02	-8.933978e-02	-8.372305e-02	-8.004945e-02	-7.823372e-02	
-6.838247e-01	-5.880272e-01	-5.058773e-01	-4.354682e-01	-3.751660e-01	-3.235710e-01	-2.794858e-01	-2.418872e-01	-2.099025e-01	-1.827895e-01	-1.599188e-01	-1.407597e-01	-1.248674e-01	-1.118733e-01	-1.014756e-01	-9.343301e-02	-8.755894e-02	-8.371704e-02	-8.181812e-02	
-7.144363e-01	-6.143504e-01	-5.285230e-01	-4.549621e-01	-3.919604e-01	-3.380558e-01	-2.919971e-01	-2.527153e-01	-2.192988e-01	-1.909721e-01	-1.670776e-01	-1.470608e-01	-1.304572e-01	-1.168813e-01	-1.060181e-01	-9.761557e-02	-9.147855e-02	-8.746465e-02	-8.548073e-02	
-7.457504e-01	-6.412777e-01	-5.516885e-01	-4.749034e-01	-4.091403e-01	-3.528730e-01	-3.047955e-01	-2.637920e-01	-2.289108e-01	-1.993425e-01	-1.744007e-01	-1.535066e-01	-1.361752e-01	-1.220043e-01	-1.106650e-01	-1.018941e-01	-9.548810e-02	-9.129828e-02	-8.922740e-02	
-7.778199e-01	-6.688546e-01	-5.754127e-01	-4.953256e-01	-4.267345e-01	-3.680476e-01	-3.179026e-01	-2.751358e-01	-2.387547e-01	-2.079148e-01	-1.819005e-01	-1.601078e-01	-1.420311e-01	-1.272508e-01	-1.154239e-01	-1.062759e-01	-9.959438e-02	-9.522438e-02	-9.306445e-02	
-8.107022e-01	-6.971304e-01	-5.997382e-01	-5.162655e-01	-4.447747e-01	-3.836067e-01	-3.313419e-01	-2.867672e-01	-2.488480e-01	-2.167044e-01	-1.895903e-01	-1.668764e-01	-1.480355e-01	-1.326303e-01	-1.203034e-01	-1.107687e-01	-1.038047e-01	-9.924998e-02	-9.699873e-02	
-8.444596e-01	-7.261587e-01	-6.247112e-01	-5.377626e-01	-4.632950e-01	-3.995800e-01	-3.451389e-01	-2.987081e-01	-2.592100e-01	-2.257279e-01	-1.974848e-01	-1.738250e-01	-1.541996e-01	-1.381530e-01	-1.253129e-01	-1.153810e-01	-1.081271e-01	-1.033827e-01	-1.010377e-01	
-8.791605e-01	-7.559983e-01	-6.503821e-01	-5.598606e-01	-4.823329e-01	-4.159997e-01	-3.593214e-01	-3.109827e-01	-2.698615e-01	-2.350036e-01	-2.055999e-01	-1.809679e-01	-1.605361e-01	-1.438301e-01	-1.304623e-01	-1.201223e-01	-1.125703e-01	-1.076310e-01	-1.051896e-01	
-9.148793e-01	-7.867133e-01	-6.768060e-01	-5.826068e-01	-5.019293e-01	-4.329011e-01	-3.739201e-01	-3.236174e-01	-2.808256e-01	-2.445514e-01	-2.139531e-01	-1.883204e-01	-1.670584e-01	-1.496737e-01	-1.357627e-01	-1.250027e-01	-1.171439e-01	-1.120038e-01	-1.094633e-01	
-9.516983e-01	-8.183742e-01	-7.040438e-01	-6.060536e-01	-5.221292e-01	-4.503230e-01	-3.889684e-01	-3.366413e-01	-2.921273e-01	-2.543933e-01	-2.225635e-01	-1.958992e-01	-1.737816e-01	-1.556972e-01	-1.412264e-01	-1.300334e-01	-1.218583e-01	-1.165114e-01	-1.138686e-01	
-9.897077e-01	-8.510588e-01	-7.321622e-01	-6.302584e-01	-5.429823e-01	-4.683082e-01	-4.045032e-01	-3.500862e-01	-3.037944e-01	-2.645534e-01	-2.314524e-01	-2.037232e-01	-1.807221e-01	-1.619155e-01	-1.468668e-01	-1.352267e-01	-1.267251e-01	-1.211647e-01	-1.184163e-01	
-1.029007e+00	-8.848530e-01	-7.612352e-01	-6.552849e-01	-5.645432e-01	-4.869040e-01	-4.205653e-01	-3.639875e-01	-3.158576e-01	-2.750584e-01	-2.406430e-01	-2.118127e-01	-1.878983e-01	-1.683449e-01	-1.526986e-01	-1.405963e-01	-1.317572e-01	-1.259759e-01	-1.231185e-01	
-1.069708e+00	-9.198519e-01	-7.913446e-01	-6.812037e-01	-5.868728e-01	-5.061627e-01	-4.372001e-01	-3.783845e-01	-3.283508e-01	-2.859378e-01	-2.501612e-01	-2.201906e-01	-1.953303e-01	-1.750035e-01	-1.587384e-01	-1.461574e-01	-1.369686e-01	-1.309587e-01	-1.279882e-01	
-1.111933e+00	-9.561616e-01	-8.225817e-01	-7.080931e-01	-6.100387e-01	-5.261427e-01	-4.544579e-01	-3.933206e-01	-3.413120e-01	-2.972248e-01	-2.600359e-01	-2.288823e-01	-2.030407e-01	-1.819115e-01	-1.650043e-01	-1.519267e-01	-1.423752e-01	-1.361281e-01	-1.330404e-01	
-1.155820e+00	-9.939006e-01	-8.550484e-01	-7.360411e-01	-6.341165e-01	-5.469091e-01	-4.723950e-01	-4.088447e-01	-3.547833e-01	-3.089560e-01	-2.702994e-01	-2.379161e-01	-2.110546e-01	-1.890914e-01	-1.715169e-01	-1.579232e-01	-1.479947e-01	-1.415010e-01	-1.382914e-01	
-1.201524e+00	-1.033202e+00	-8.888590e-01	-7.651458e-01	-6.591909e-01	-5.685352e-01	-4.910746e-01	-4.250114e-01	-3.688122e-01	-3.211729e-01	-2.809876e-01	-2.473238e-01	-2.194002e-01	-1.965686e-01	-1.782991e-01	-1.641678e-01	-1.538467e-01	-1.470962e-01	-1.437597e-01	
-1.249219e+00	-1.074215e+00	-9.241422e-01	-7.955182e-01	-6.853575e-01	-5.911031e-01	-5.105678e-01	-4.418822e-01	-3.834522e-01	-3.339218e-01	-2.921414e-01	-2.571413e-01	-2.281092e-01	-2.043713e-01	-1.853767e-01	-1.706845e-01	-1.599537e-01	-1.529352e-01	-1.494662e-01	
-1.299100e+00	-1.117109e+00	-9.610437e-01	-8.272837e-01	-7.127241e-01	-6.147062e-01	-5.309550e-01	-4.595267e-01	-3.987636e-01	-3.472555e-01	-3.038068e-01	-2.674091e-01	-2.372177e-01	-2.125320e-01	-1.927789e-01	-1.775000e-01	-1.663407e-01	-1.590420e-01	-1.554345e-01	
-1.351394e+00	-1.162076e+00	-9.997289e-01	-8.605846e-01	-7.414136e-01	-6.394502e-01	-5.523277e-01	-4.780242e-01	-4.148152e-01	-3.612337e-01	-3.160360e-01	-2.781732e-01	-2.467666e-01	-2.210871e-01	-2.005389e-01	-1.846449e-01	-1.730365e-01	-1.654440e-01	-1.616913e-01	
-1.406354e+00	-1.209337e+00	-1.040387e+00	-8.955838e-01	-7.715663e-01	-6.654561e-01	-5.747904e-01	-4.974651e-01	-4.316854e-01	-3.759247e-01	-3.288889e-01	-2.894863e-01	-2.568023e-01	-2.300785e-01	-2.086946e-01	-1.921543e-01	-1.800737e-01	-1.721724e-01	-1.682671e-01	
-1.464274e+00	-1.259143e+00	-1.083235e+00	-9.324683e-01	-8.033431e-01	-6.928628e-01	-5.984630e-01	-5.179531e-01	-4.494643e-01	-3.914071e-01	-3.424341e-01	-3.014087e-01	-2.673787e-01	-2.395543e-01	-2.172897e-01	-2.000681e-01	-1.874900e-01	-1.792633e-01	-1.751972e-01	
-1.525494e+00	-1.311787e+00	-1.128524e+00	-9.714540e-01	-8.369302e-01	-7.218307e-01	-6.234843e-01	-5.396082e-01	-4.682560e-01	-4.077715e-01	-3.567510e-01	-3.140104e-01	-2.785576e-01	-2.495698e-01	-2.263744e-01	-2.084328e-01	-1.953288e-01	-1.867582e-01	-1.825220e-01	
-1.590408e+00	-1.367606e+00	-1.176546e+00	-1.012792e+00	-8.725438e-01	-7.525465e-01	-6.500151e-01	-5.625700e-01	-4.881815e-01	-4.251233e-01	-3.719317e-01	-3.273723e-01	-2.904109e-01	-2.601897e-01	-2.360072e-01	-2.173022e-01	-2.036405e-01	-1.947052e-01	-1.902888e-01	
-1.659476e+00	-1.426999e+00	-1.227641e+00	-1.056776e+00	-9.104369e-01	-7.852283e-01	-6.782442e-01	-5.870014e-01	-5.093824e-01	-4.435856e-01	-3.880841e-01	-3.415895e-01	-3.030230e-01	-2.714893e-01	-2.462566e-01	-2.267392e-01	-2.124843e-01	-2.031609e-01	-1.985527e-01	
-1.733244e+00	-1.490433e+00	-1.282213e+00	-1.103752e+00	-9.509078e-01	-8.201335e-01	-7.083937e-01	-6.130950e-01	-5.320256e-01	-4.633040e-01	-4.053353e-01	-3.567740e-01	-3.164930e-01	-2.835576e-01	-2.572032e-01	-2.368183e-01	-2.219297e-01	-2.121919e-01	-2.073788e-01	
-1.812356e+00	-1.558462e+00	-1.340738e+00	-1.154132e+00	-9.943112e-01	-8.575678e-01	-7.407277e-01	-6.410791e-01	-5.563094e-01	-4.844511e-01	-4.238364e-01	-3.730586e-01	-3.309391e-01	-2.965003e-01	-2.689430e-01	-2.476277e-01	-2.320595e-01	-2.218772e-01	-2.168444e-01	
-1.897588e+00	-1.631754e+00	-1.403791e+00	-1.208408e+00	-1.041072e+00	-8.978975e-01	-7.755627e-01	-6.712279e-01	-5.824716e-01	-5.072339e-01	-4.437687e-01	-3.906028e-01	-3.465025e-01	-3.104442e-01	-2.815909e-01	-2.592731e-01	-2.429728e-01	-2.323117e-01	-2.270422e-01	
-1.989876e+00	-1.711113e+00	-1.472063e+00	-1.267179e+00	-1.091704e+00	-9.415664e-01	-8.132818e-01	-7.038727e-01	-6.107998e-01	-5.319030e-01	-4.653511e-01	-4.095996e-01	-3.633545e-01	-3.255425e-01	-2.952860e-01	-2.718828e-01	-2.547897e-01	-2.436100e-01	-2.380843e-01	
-2.090368e+00	-1.797527e+00	-1.546404e+00	-1.331173e+00	-1.146836e+00	-9.891167e-01	-8.543536e-01	-7.394192e-01	-6.416460e-01	-5.587648e-01	-4.888520e-01	-4.302849e-01	-3.817043e-01	-3.419828e-01	-3.101983e-01	-2.856132e-01	-2.676569e-01	-2.559126e-01	-2.501079e-01	
-2.200481e+00	-1.892214e+00	-1.627863e+00	-1.401294e+00	-1.207247e+00	-1.041220e+00	-8.993579e-01	-7.783692e-01	-6.754456e-01	-5.881985e-01	-5.146030e-01	-4.529508e-01	-4.018112e-01	-3.599972e-01	-3.265384e-01	-3.006583e-01	-2.817561e-01	-2.693932e-01	-2.632827e-01	
-2.321995e+00	-1.996705e+00	-1.717757e+00	-1.478676e+00	-1.273914e+00	-1.098718e+00	-9.490220e-01	-8.213521e-01	-7.127449e-01	-6.206799e-01	-5.430202e-01	-4.779635e-01	-4.239999e-01	-3.798769e-01	-3.445704e-01	-3.172611e-01	-2.973152e-01	-2.842696e-01	-2.778216e-01	
-2.457176e+00	-2.112948e+00	-1.817760e+00	-1.564761e+00	-1.348078e+00	-1.162682e+00	-1.004272e+00	-8.691691e-01	-7.542391e-01	-6.568143e-01	-5.746334e-01	-5.057893e-01	-4.486841e-01	-4.019923e-01	-3.646304e-01	-3.357313e-01	-3.146241e-01	-3.008190e-01	-2.939957e-01	
-2.608954e+00	-2.243464e+00	-1.930042e+00	-1.661415e+00	-1.431348e+00	-1.234500e+00	-1.066305e+00	-9.228570e-01	-8.008279e-01	-6.973852e-01	-6.101282e-01	-5.370316e-01	-4.763990e-01	-4.268231e-01	-3.871534e-01	-3.564691e-01	-3.340582e-01	-3.194004e-01	-3.121556e-01	
-2.781198e+00	-2.391578e+00	-2.057464e+00	-1.771102e+00	-1.525846e+00	-1.316002e+00	-1.136703e+00	-9.837843e-01	-8.536988e-01	-7.434268e-01	-6.504090e-01	-5.724866e-01	-5.078510e-01	-4.550021e-01	-4.127134e-01	-3.800033e-01	-3.561128e-01	-3.404873e-01	-3.327642e-01	
-2.979126e+00	-2.561778e+00	-2.203887e+00	-1.897145e+00	-1.634435e+00	-1.409658e+00	-1.217598e+00	-1.053797e+00	-9.144536e-01	-7.963340e-01	-6.966964e-01	-6.132285e-01	-5.439930e-01	-4.873831e-01	-4.420848e-01	-4.070469e-01	-3.814561e-01	-3.647186e-01	-3.564459e-01	
-3.209964e+00	-2.760278e+00	-2.374655e+00	-2.044146e+00	-1.761079e+00	-1.518885e+00	-1.311944e+00	-1.135451e+00	-9.853102e-01	-8.580380e-01	-7.506800e-01	-6.607446e-01	-5.861444e-01	-5.251480e-01	-4.763398e-01	-4.385870e-01	-4.110133e-01	-3.929789e-01	-3.840651e-01	
-3.484026e+00	-2.995946e+00	-2.577399e+00	-2.218672e+00	-1.911437e+00	-1.648565e+00	-1.423955e+00	-1.232393e+00	-1.069434e+00	-9.312959e-01	-8.147719e-01	-7.171579e-01	-6.361885e-01	-5.699843e-01	-5.170089e-01	-4.760328e-01	-4.461050e-01	-4.265308e-01	-4.168560e-01	
-3.816586e+00	-3.281918e+00	-2.823420e+00	-2.430450e+00	-2.093889e+00	-1.805926e+00	-1.559876e+00	-1.350029e+00	-1.171515e+00	-1.020191e+00	-8.925442e-01	-7.856127e-01	-6.969144e-01	-6.243909e-01	-5.663589e-01	-5.214715e-01	-4.886870e-01	-4.672444e-01	-4.566461e-01	
-4.231308e+00	-3.638541e+00	-3.130221e+00	-2.694551e+00	-2.321418e+00	-2.002163e+00	-1.729377e+00	-1.496727e+00	-1.298816e+00	-1.131048e+00	-9.895309e-01	-8.709798e-01	-7.726434e-01	-6.922392e-01	-6.279013e-01	-5.781363e-01	-5.417893e-01	-5.180167e-01	-5.062667e-01	
-4.766985e+00	-4.099174e+00	-3.526502e+00	-3.035676e+00	-2.615306e+00	-2.255634e+00	-1.948313e+00	-1.686211e+00	-1.463243e+00	-1.274237e+00	-1.114804e+00	-9.812444e-01	-8.704587e-01	-7.798755e-01	-7.073925e-01	-6.513274e-01	-6.103789e-01	-5.835967e-01	-5.703592e-01	
-5.492038e+00	-4.722654e+00	-4.062879e+00	-3.497400e+00	-3.013091e+00	-2.598713e+00	-2.244649e+00	-1.942681e+00	-1.685801e+00	-1.468047e+00	-1.284364e+00	-1.130491e+00	-1.002855e+00	-8.984938e-01	-8.149862e-01	-7.503936e-01	-7.032169e-01	-6.723611e-01	-6.571103e-01	
-6.539709e+00	-5.623557e+00	-4.837922e+00	-4.164570e+00	-3.587874e+00	-3.094449e+00	-2.672843e+00	-2.313271e+00	-2.007388e+00	-1.748094e+00	-1.529372e+00	-1.346145e+00	-1.194161e+00	-1.069892e+00	-9.704544e-01	-8.935400e-01	-8.373638e-01	-8.006220e-01	-7.824618e-01	
-8.209116e+00	-7.059096e+00	-6.072909e+00	-5.227670e+00	-4.503759e+00	-3.884376e+00	-3.355146e+00	-2.903785e+00	-2.519818e+00	-2.194334e+00	-1.919778e+00	-1.689779e+00	-1.498997e+00	-1.343006e+00	-1.218185e+00	-1.121636e+00	-1.051120e+00	-1.004999e+00	-9.822027e-01	
-1.134135e+01	-9.752530e+00	-8.390060e+00	-7.222314e+00	-6.222192e+00	-5.366480e+00	-4.635319e+00	-4.011739e+00	-3.481268e+00	-3.031594e+00	-2.652280e+00	-2.334523e+00	-2.070948e+00	-1.855437e+00	-1.682989e+00	-1.549602e+00	-1.452180e+00	-1.388461e+00	-1.356967e+00	
-1.956918e+01	-1.682772e+01	-1.447682e+01	-1.246190e+01	-1.073622e+01	-9.259713e+00	-7.998115e+00	-6.922146e+00	-6.006832e+00	-5.230932e+00	-4.576436e+00	-4.028155e+00	-3.573363e+00	-3.201505e+00	-2.903952e+00	-2.673796e+00	-2.505696e+00	-2.395751e+00	-2.341410e+00	
-1.076294e+02	-9.255156e+01	-7.962171e+01	-6.853980e+01	-5.904863e+01	-5.092792e+01	-4.398920e+01	-3.807143e+01	-3.303725e+01	-2.876984e+01	-2.517015e+01	-2.215463e+01	-1.965330e+01	-1.760811e+01	-1.597158e+01	-1.470573e+01	-1.378119e+01	-1.317650e+01	-1.287763e+01	
2.545123e+01	2.188575e+01	1.882822e+01	1.620767e+01	1.396328e+01	1.204297e+01	1.040217e+01	9.002784e+00	7.812348e+00	6.803230e+00	5.952007e+00	5.238925e+00	4.647434e+00	4.163804e+00	3.776813e+00	3.477478e+00	3.258851e+00	3.115859e+00	3.045184e+00	
1.020331e+01	8.773923e+00	7.548168e+00	6.497599e+00	5.597833e+00	4.827986e+00	4.170193e+00	3.609186e+00	3.131944e+00	2.727392e+00	2.386140e+00	2.100268e+00	1.863141e+00	1.669255e+00	1.514112e+00	1.394109e+00	1.306462e+00	1.249138e+00	1.220804e+00	
5.784946e+00	4.974529e+00	4.279566e+00	3.683927e+00	3.173789e+00	2.737311e+00	2.364364e+00	2.046291e+00	1.775710e+00	1.546342e+00	1.352864e+00	1.190783e+00	1.056340e+00	9.464133e-01	8.584520e-01	7.904144e-01	7.407217e-01	7.082203e-01	6.921560e-01	
3.626266e+00	3.118260e+00	2.682625e+00	2.309252e+00	1.989474e+00	1.715870e+00	1.482090e+00	1.282708e+00	1.113096e+00	9.693174e-01	8.480361e-01	7.464369e-01	6.621617e-01	5.932547e-01	5.381165e-01	4.954675e-01	4.643178e-01	4.439445e-01	4.338747e-01	
2.302929e+00	1.980310e+00	1.703652e+00	1.466534e+00	1.263453e+00	1.089696e+00	9.412294e-01	8.146078e-01	7.068924e-01	6.155834e-01	5.385614e-01	4.740389e-01	4.205183e-01	3.767576e-01	3.417411e-01	3.146560e-01	2.948738e-01	2.819354e-01	2.755404e-01	
1.370750e+00	1.178720e+00	1.014048e+00	8.729109e-01	7.520330e-01	6.486091e-01	5.602388e-01	4.848710e-01	4.207567e-01	3.664077e-01	3.205626e-01	2.821575e-01	2.503010e-01	2.242538e-01	2.034112e-01	1.872896e-01	1.755149e-01	1.678136e-01	1.640072e-01	
6.434454e-01	5.533047e-01	4.760057e-01	4.097542e-01	3.530128e-01	3.044644e-01	2.629824e-01	2.276039e-01	1.975079e-01	1.719959e-01	1.504757e-01	1.324479e-01	1.174941e-01	1.052672e-01	9.548352e-02	8.791587e-02	8.238867e-02	7.877362e-02	7.698683e-02	
2.570768e-02	2.210628e-02	1.901793e-02	1.637098e-02	1.410398e-02	1.216432e-02	1.050698e-02	9.093498e-03	7.891068e-03	6.871781e-03	6.011981e-03	5.291714e-03	4.694263e-03	4.205760e-03	3.814869e-03	3.512518e-03	3.291688e-03	3.147256e-03	3.075868e-03	
-5.407282e-01	-4.649772e-01	-4.000179e-01	-3.443426e-01	-2.966591e-01	-2.558609e-01	-2.210009e-01	-1.912701e-01	-1.659785e-01	-1.445391e-01	-1.264543e-01	-1.113044e-01	-9.873780e-02	-8.846278e-02	-8.024089e-02	-7.388131e-02	-6.923644e-02	-6.619849e-02	-6.469694e-02	
-1.099437e+00	-9.454163e-01	-8.133375e-01	-7.001356e-01	-6.031831e-01	-5.202299e-01	-4.493507e-01	-3.889005e-01	-3.374763e-01	-2.938846e-01	-2.571136e-01	-2.263101e-01	-2.007589e-01	-1.798672e-01	-1.631500e-01	-1.502194e-01	-1.407752e-01	-1.345983e-01	-1.315452e-01	
-1.691841e+00	-1.454830e+00	-1.251584e+00	-1.077386e+00	-9.281929e-01	-8.005424e-01	-6.914718e-01	-5.984496e-01	-5.193167e-01	-4.522368e-01	-3.956528e-01	-3.482515e-01	-3.089327e-01	-2.767840e-01	-2.510592e-01	-2.311613e-01	-2.166283e-01	-2.071231e-01	-2.024250e-01	
-2.368446e+00	-2.036648e+00	-1.752120e+00	-1.508256e+00	-1.299398e+00	-1.120697e+00	-9.680068e-01	-8.377829e-01	-7.270031e-01	-6.330963e-01	-5.538831e-01	-4.875250e-01	-4.324818e-01	-3.874761e-01	-3.514634e-01	-3.236078e-01	-3.032628e-01	-2.899563e-01	-2.833793e-01	
-3.205801e+00	-2.756698e+00	-2.371576e+00	-2.041495e+00	-1.758795e+00	-1.516916e+00	-1.310242e+00	-1.133978e+00	-9.840325e-01	-8.569253e-01	-7.497066e-01	-6.598877e-01	-5.853843e-01	-5.244670e-01	-4.757221e-01	-4.380182e-01	-4.104803e-01	-3.924693e-01	-3.835671e-01	
-4.343277e+00	-3.734825e+00	-3.213053e+00	-2.765854e+00	-2.382848e+00	-2.055145e+00	-1.775140e+00	-1.536334e+00	-1.333185e+00	-1.160978e+00	-1.015716e+00	-8.940278e-01	-7.930891e-01	-7.105573e-01	-6.445168e-01	-5.934350e-01	-5.561261e-01	-5.317245e-01	-5.196636e-01	
-6.085801e+00	-5.233237e+00	-4.502131e+00	-3.875515e+00	-3.338846e+00	-2.879669e+00	-2.487326e+00	-2.152711e+00	-1.868059e+00	-1.626762e+00	-1.423221e+00	-1.252712e+00	-1.111277e+00	-9.956330e-01	-9.030971e-01	-8.315211e-01	-7.792440e-01	-7.450524e-01	-7.281527e-01	
-9.284721e+00	-7.984018e+00	-6.868616e+00	-5.912628e+00	-5.093867e+00	-4.393329e+00	-3.794756e+00	-3.284255e+00	-2.849979e+00	-2.481848e+00	-2.171319e+00	-1.911183e+00	-1.695404e+00	-1.518974e+00	-1.377798e+00	-1.268599e+00	-1.188843e+00	-1.136679e+00	-1.110896e+00	
-1.762546e+01	-1.515630e+01	-1.303890e+01	-1.122412e+01	-9.669838e+00	-8.339986e+00	-7.203697e+00	-6.234599e+00	-5.410200e+00	-4.711366e+00	-4.121878e+00	-3.628056e+00	-3.218436e+00	-2.883514e+00	-2.615515e+00	-2.408219e+00	-2.256816e+00	-2.157792e+00	-2.108848e+00	
-1.096572e+02	-9.429528e+01	-8.112182e+01	-6.983112e+01	-6.016114e+01	-5.188743e+01	-4.481798e+01	-3.878871e+01	-3.365969e+01	-2.931188e+01	-2.564437e+01	-2.257204e+01	-2.002358e+01	-1.793985e+01	-1.627249e+01	-1.498280e+01	-1.404084e+01	-1.342476e+01	-1.312025e+01	
2.723414e+01	2.341889e+01	2.014717e+01	1.734304e+01	1.494144e+01	1.288660e+01	1.113086e+01	9.633446e+00	8.359618e+00	7.279809e+00	6.368957e+00	5.605922e+00	4.972995e+00	4.455487e+00	4.041386e+00	3.721082e+00	3.487140e+00	3.334131e+00	3.258505e+00	
1.220143e+01	1.049212e+01	9.026328e+00	7.770025e+00	6.694058e+00	5.773452e+00	4.986843e+00	4.315974e+00	3.745274e+00	3.261498e+00	2.853418e+00	2.511564e+00	2.228000e+00	1.996146e+00	1.810620e+00	1.667118e+00	1.562307e+00	1.493756e+00	1.459874e+00	
7.838748e+00	6.740613e+00	5.798920e+00	4.991815e+00	4.300564e+00	3.709126e+00	3.203773e+00	2.772776e+00	2.406133e+00	2.095333e+00	1.833164e+00	1.613542e+00	1.431368e+00	1.282414e+00	1.163224e+00	1.071032e+00	1.003697e+00	9.596565e-01	9.378890e-01	
5.732450e+00	4.929387e+00	4.240731e+00	3.650497e+00	3.144988e+00	2.712471e+00	2.342908e+00	2.027722e+00	1.759597e+00	1.532310e+00	1.340587e+00	1.179978e+00	1.046754e+00	9.378251e-01	8.506619e-01	7.832418e-01	7.340000e-01	7.017935e-01	6.858751e-01	
4.474999e+00	3.848093e+00	3.310498e+00	2.849736e+00	2.455114e+00	2.117473e+00	1.828976e+00	1.582927e+00	1.373617e+00	1.196188e+00	1.046520e+00	9.211416e-01	8.171417e-01	7.321069e-01	6.640636e-01	6.114325e-01	5.729922e-01	5.478505e-01	5.354238e-01	
3.628649e+00	3.120309e+00	2.684388e+00	2.310770e+00	1.990782e+00	1.716998e+00	1.483064e+00	1.283551e+00	1.113827e+00	9.699545e-01	8.485934e-01	7.469275e-01	6.625969e-01	5.936446e-01	5.384702e-01	4.957932e-01	4.646230e-01	4.442363e-01	4.341599e-01	
3.012751e+00	2.590693e+00	2.228762e+00	1.918558e+00	1.652883e+00	1.425569e+00	1.231341e+00	1.065691e+00	9.247751e-01	8.053222e-01	7.045600e-01	6.201500e-01	5.501331e-01	4.928842e-01	4.470746e-01	4.116412e-01	3.857617e-01	3.688352e-01	3.604691e-01	
2.539048e+00	2.183351e+00	1.878327e+00	1.616898e+00	1.392995e+00	1.201422e+00	1.037734e+00	8.981295e-01	7.793701e-01	6.786991e-01	5.937800e-01	5.226420e-01	4.636341e-01	4.153866e-01	3.767798e-01	3.469177e-01	3.251072e-01	3.108422e-01	3.037915e-01	
2.159214e+00	1.856729e+00	1.597336e+00	1.375015e+00	1.184608e+00	1.021693e+00	8.824919e-01	7.637722e-01	6.627788e-01	5.771679e-01	5.049524e-01	4.444565e-01	3.942759e-01	3.532461e-01	3.204147e-01	2.950199e-01	2.764722e-01	2.643412e-01	2.583453e-01	
1.844504e+00	1.586106e+00	1.364521e+00	1.174604e+00	1.011948e+00	8.727795e-01	7.538669e-01	6.524508e-01	5.661774e-01	4.930444e-01	4.313546e-01	3.796760e-01	3.368093e-01	3.017597e-01	2.737136e-01	2.520201e-01	2.361758e-01	2.258129e-01	2.206909e-01	
1.576693e+00	1.355813e+00	1.166400e+00	1.004058e+00	8.650192e-01	7.460567e-01	6.444096e-01	5.577185e-01	4.839716e-01	4.214571e-01	3.687243e-01	3.245491e-01	2.879065e-01	2.579459e-01	2.339719e-01	2.154282e-01	2.018844e-01	1.930261e-01	1.886478e-01	
1.343619e+00	1.155390e+00	9.939774e-01	8.556336e-01	7.371482e-01	6.357714e-01	5.491501e-01	4.752741e-01	4.124287e-01	3.591555e-01	3.142178e-01	2.765729e-01	2.453469e-01	2.198152e-01	1.993852e-01	1.835827e-01	1.720410e-01	1.644922e-01	1.607610e-01	
1.136817e+00	9.775596e-01	8.409903e-01	7.239396e-01	6.236908e-01	5.379173e-01	4.646282e-01	4.021228e-01	3.489502e-01	3.038764e-01	2.658553e-01	2.340044e-01	2.075846e-01	1.859825e-01	1.686970e-01	1.553267e-01	1.455614e-01	1.391745e-01	1.360177e-01	
9.501708e-01	8.170607e-01	7.029138e-01	6.050809e-01	5.212912e-01	4.496003e-01	3.883441e-01	3.361010e-01	2.916584e-01	2.539850e-01	2.222063e-01	1.955848e-01	1.735027e-01	1.554473e-01	1.409998e-01	1.298247e-01	1.216627e-01	1.163244e-01	1.136858e-01	
7.791108e-01	6.699646e-01	5.763677e-01	4.961476e-01	4.274427e-01	3.686583e-01	3.184302e-01	2.755924e-01	2.391509e-01	2.082599e-01	1.822023e-01	1.603735e-01	1.422668e-01	1.274620e-01	1.156155e-01	1.064522e-01	9.975966e-02	9.538241e-02	9.321889e-02	
6.201137e-01	5.332416e-01	4.587454e-01	3.948963e-01	3.402123e-01	2.934244e-01	2.534465e-01	2.193509e-01	1.903462e-01	1.657592e-01	1.450194e-01	1.276453e-01	1.132337e-01	1.014502e-01	9.202123e-02	8.472799e-02	7.940121e-02	7.591724e-02	7.419524e-02	
4.703761e-01	4.044808e-01	3.479731e-01	2.995415e-01	2.580620e-01	2.225718e-01	1.922473e-01	1.663847e-01	1.443837e-01	1.257337e-01	1.100018e-01	9.682304e-02	8.589140e-02	7.695322e-02	6.980105e-02	6.426890e-02	6.022836e-02	5.758566e-02	5.627947e-02	
3.275930e-01	2.817003e-01	2.423455e-01	2.086154e-01	1.797270e-01	1.550099e-01	1.338905e-01	1.158785e-01	1.005559e-01	8.756711e-02	7.661068e-02	6.743232e-02	5.981899e-02	5.359400e-02	4.861288e-02	4.476001e-02	4.194598e-02	4.010548e-02	3.919578e-02	
1.898021e-01	1.632126e-01	1.404111e-01	1.208684e-01	1.041309e-01	8.981025e-02	7.757397e-02	6.713811e-02	5.826046e-02	5.073497e-02	4.438700e-02	3.906920e-02	3.465816e-02	3.105150e-02	2.816552e-02	2.593323e-02	2.430283e-02	2.323647e-02	2.270941e-02	
5.526806e-02	4.752552e-02	4.088600e-02	3.519540e-02	3.032166e-02	2.615165e-02	2.258859e-02	1.954980e-02	1.696473e-02	1.477341e-02	1.292495e-02	1.137647e-02	1.009203e-02	9.041819e-03	8.201456e-03	7.551441e-03	7.076687e-03	6.766176e-03	6.612702e-03	
-7.760852e-02	-6.673629e-02	-5.741294e-02	-4.942209e-02	-4.257828e-02	-3.672267e-02	-3.171936e-02	-2.745222e-02	-2.382222e-02	-2.074511e-02	-1.814948e-02	-1.597507e-02	-1.417144e-02	-1.269670e-02	-1.151665e-02	-1.060388e-02	-9.937225e-03	-9.501200e-03	-9.285688e-03	
-2.103682e-01	-1.808976e-01	-1.556254e-01	-1.339651e-01	-1.154141e-01	-9.954167e-02	-8.597953e-02	-7.441288e-02	-6.457329e-02	-5.623238e-02	-4.919656e-02	-4.330256e-02	-3.841356e-02	-3.441610e-02	-3.121740e-02	-2.874324e-02	-2.693617e-02	-2.575426e-02	-2.517009e-02	
-3.445643e-01	-2.962941e-01	-2.549005e-01	-2.194229e-01	-1.890380e-01	-1.630404e-01	-1.408268e-01	-1.218817e-01	-1.057653e-01	-9.210362e-02	-8.057958e-02	-7.092572e-02	-6.291798e-02	-5.637050e-02	-5.113132e-02	-4.707885e-02	-4.411904e-02	-4.218319e-02	-4.122636e-02	
-4.818364e-01	-4.143356e-01	-3.564512e-01	-3.068396e-01	-2.643494e-01	-2.279946e-01	-1.969312e-01	-1.704385e-01	-1.479015e-01	-1.287971e-01	-1.126819e-01	-9.918205e-02	-8.798408e-02	-7.882813e-02	-7.150170e-02	-6.583475e-02	-6.169577e-02	-5.898869e-02	-5.765067e-02	
-6.239929e-01	-5.365773e-01	-4.616151e-01	-3.973666e-01	-3.423406e-01	-2.952599e-01	-2.550320e-01	-2.207231e-01	-1.915369e-01	-1.667961e-01	-1.459266e-01	-1.284438e-01	-1.139421e-01	-1.020848e-01	-9.259688e-02	-8.525801e-02	-7.989790e-02	-7.639215e-02	-7.465938e-02	
-7.731122e-01	-6.648064e-01	-5.719300e-01	-4.923277e-01	-4.241517e-01	-3.658199e-01	-3.159785e-01	-2.734706e-01	-2.373096e-01	-2.066564e-01	-1.807995e-01	-1.591388e-01	-1.411715e-01	-1.264806e-01	-1.147253e-01	-1.056326e-01	-9.899158e-02	-9.464803e-02	-9.250117e-02	
-9.316761e-01	-8.011569e-01	-6.892318e-01	-5.933032e-01	-5.111445e-01	-4.408489e-01	-3.807851e-01	-3.295589e-01	-2.859814e-01	-2.490413e-01	-2.178811e-01	-1.917778e-01	-1.701255e-01	-1.524216e-01	-1.382553e-01	-1.272977e-01	-1.192946e-01	-1.140602e-01	-1.114730e-01	
-1.102754e+00	-9.482681e-01	-8.157909e-01	-7.022475e-01	-6.050026e-01	-5.217991e-01	-4.507061e-01	-3.900736e-01	-3.384943e-01	-2.947711e-01	-2.578892e-01	-2.269927e-01	-2.013645e-01	-1.804098e-01	-1.636422e-01	-1.506725e-01	-1.411999e-01	-1.350043e-01	-1.319420e-01	
-1.290268e+00	-1.109514e+00	-9.545097e-01	-8.216591e-01	-7.078784e-01	-6.105269e-01	-5.273451e-01	-4.564025e-01	-3.960525e-01	-3.448946e-01	-3.017412e-01	-2.655910e-01	-2.356049e-01	-2.110870e-01	-1.914682e-01	-1.762932e-01	-1.652098e-01	-1.579607e-01	-1.543777e-01	
-1.499400e+00	-1.289348e+00	-1.109220e+00	-9.548368e-01	-8.226141e-01	-7.094835e-01	-6.128193e-01	-5.303780e-01	-4.602462e-01	-4.007964e-01	-3.506486e-01	-3.086391e-01	-2.737927e-01	-2.453008e-01	-2.225021e-01	-2.048675e-01	-1.919876e-01	-1.835636e-01	-1.793999e-01	
-1.737217e+00	-1.493849e+00	-1.285152e+00	-1.106282e+00	-9.530878e-01	-8.220136e-01	-7.100177e-01	-6.145005e-01	-5.332453e-01	-4.643661e-01	-4.062645e-01	-3.575919e-01	-3.172186e-01	-2.842076e-01	-2.577929e-01	-2.373612e-01	-2.224385e-01	-2.126783e-01	-2.078542e-01	
-2.013715e+00	-1.731612e+00	-1.489699e+00	-1.282359e+00	-1.104782e+00	-9.528463e-01	-8.230249e-01	-7.123051e-01	-6.181172e-01	-5.382752e-01	-4.709260e-01	-4.145066e-01	-3.677075e-01	-3.294424e-01	-2.988235e-01	-2.751399e-01	-2.578421e-01	-2.465285e-01	-2.409366e-01	
-2.343592e+00	-2.015277e+00	-1.733734e+00	-1.492429e+00	-1.285763e+00	-1.108937e+00	-9.578490e-01	-8.289916e-01	-7.193743e-01	-6.264529e-01	-5.480709e-01	-4.824091e-01	-4.279436e-01	-3.834102e-01	-3.477753e-01	-3.202120e-01	-3.000805e-01	-2.869136e-01	-2.804057e-01	
-2.749500e+00	-2.364320e+00	-2.034015e+00	-1.750916e+00	-1.508455e+00	-1.301004e+00	-1.123747e+00	-9.725719e-01	-8.439690e-01	-7.349538e-01	-6.429962e-01	-5.659618e-01	-5.020629e-01	-4.498164e-01	-4.080096e-01	-3.756724e-01	-3.520541e-01	-3.366067e-01	-3.289716e-01	
-3.268372e+00	-2.810504e+00	-2.417864e+00	-2.081341e+00	-1.793124e+00	-1.546523e+00	-1.335816e+00	-1.156111e+00	-1.003239e+00	-8.736508e-01	-7.643393e-01	-6.727674e-01	-5.968098e-01	-5.347035e-01	-4.850072e-01	-4.465675e-01	-4.184921e-01	-4.001295e-01	-3.910535e-01	
-3.964946e+00	-3.409494e+00	-2.933173e+00	-2.524928e+00	-2.175284e+00	-1.876127e+00	-1.620512e+00	-1.402508e+00	-1.217055e+00	-1.059848e+00	-9.272397e-01	-8.161515e-01	-7.240053e-01	-6.486626e-01	-5.883748e-01	-5.417425e-01	-5.076835e-01	-4.854074e-01	-4.743971e-01	
-4.964176e+00	-4.268742e+00	-3.672380e+00	-3.161251e+00	-2.723491e+00	-2.348941e+00	-2.028907e+00	-1.755963e+00	-1.523772e+00	-1.326947e+00	-1.160919e+00	-1.021835e+00	-9.064663e-01	-8.121360e-01	-7.366546e-01	-6.782703e-01	-6.356279e-01	-6.077379e-01	-5.939528e-01	
-6.542762e+00	-5.626182e+00	-4.840180e+00	-4.166514e+00	-3.589549e+00	-3.095894e+00	-2.674091e+00	-2.314351e+00	-2.008325e+00	-1.748910e+00	-1.530086e+00	-1.346774e+00	-1.194719e+00	-1.070392e+00	-9.709075e-01	-8.939572e-01	-8.377548e-01	-8.009958e-01	-7.828271e-01	
-9.460471e+00	-8.135147e+00	-6.998632e+00	-6.024548e+00	-5.190288e+00	-4.476490e+00	-3.866587e+00	-3.346423e+00	-2.903926e+00	-2.528827e+00	-2.212419e+00	-1.947360e+00	-1.727497e+00	-1.547727e+00	-1.403878e+00	-1.292612e+00	-1.211347e+00	-1.158195e+00	-1.131925e+00	
-1.683232e+01	-1.447427e+01	-1.245215e+01	-1.071904e+01	-9.234699e+00	-7.964690e+00	-6.879534e+00	-5.954045e+00	-5.166743e+00	-4.499357e+00	-3.936396e+00	-3.464795e+00	-3.073608e+00	-2.753757e+00	-2.497818e+00	-2.299851e+00	-2.155261e+00	-2.060692e+00	-2.013950e+00	
-7.471838e+01	-6.425103e+01	-5.527489e+01	-4.758162e+01	-4.099267e+01	-3.535512e+01	-3.053813e+01	-2.642990e+01	-2.293508e+01	-1.997256e+01	-1.747359e+01	-1.538016e+01	-1.364369e+01	-1.222388e+01	-1.108777e+01	-1.020900e+01	-9.567164e+00	-9.147376e+00	-8.939890e+00	
3.036126e+01	2.610793e+01	2.246054e+01	1.933444e+01	1.665707e+01	1.436629e+01	1.240894e+01	1.073959e+01	9.319500e+00	8.115703e+00	7.100264e+00	6.249614e+00	5.544013e+00	4.967082e+00	4.505432e+00	4.148350e+00	3.887546e+00	3.716968e+00	3.632658e+00	
1.248027e+01	1.073190e+01	9.232605e+00	7.947593e+00	6.847036e+00	5.905392e+00	5.100807e+00	4.414606e+00	3.830864e+00	3.336032e+00	2.918627e+00	2.568960e+00	2.278916e+00	2.041764e+00	1.851998e+00	1.705216e+00	1.598011e+00	1.527893e+00	1.493236e+00	
7.763776e+00	6.676144e+00	5.743458e+00	4.944072e+00	4.259433e+00	3.673651e+00	3.173131e+00	2.746256e+00	2.383120e+00	2.075293e+00	1.815632e+00	1.598109e+00	1.417678e+00	1.270149e+00	1.152099e+00	1.060788e+00	9.940970e-01	9.504781e-01	9.289188e-01	
5.566038e+00	4.786288e+00	4.117623e+00	3.544524e+00	3.053690e+00	2.633729e+00	2.274894e+00	1.968857e+00	1.708516e+00	1.487827e+00	1.301670e+00	1.145723e+00	1.016367e+00	9.106002e-01	8.259674e-01	7.605045e-01	7.126921e-01	6.814206e-01	6.659642e-01	
4.282427e+00	3.682499e+00	3.168038e+00	2.727104e+00	2.349464e+00	2.026352e+00	1.750270e+00	1.514810e+00	1.314507e+00	1.144712e+00	1.001486e+00	8.815023e-01	7.819779e-01	7.006023e-01	6.354871e-01	5.851209e-01	5.483347e-01	5.242749e-01	5.123830e-01	
3.432337e+00	2.951499e+00	2.539162e+00	2.185756e+00	1.883080e+00	1.624108e+00	1.402830e+00	1.214110e+00	1.053569e+00	9.174795e-01	8.026842e-01	7.065183e-01	6.267501e-01	5.615282e-01	5.093387e-01	4.689705e-01	4.394867e-01	4.202029e-01	4.106716e-01	
2.821590e+00	2.426311e+00	2.087345e+00	1.796824e+00	1.548006e+00	1.335115e+00	1.153211e+00	9.980721e-01	8.660973e-01	7.542238e-01	6.598551e-01	5.808009e-01	5.152266e-01	4.616102e-01	4.187073e-01	3.855222e-01	3.612847e-01	3.454323e-01	3.375970e-01	
2.356673e+00	2.026525e+00	1.743411e+00	1.500759e+00	1.292939e+00	1.115127e+00	9.631951e-01	8.336185e-01	7.233894e-01	6.299494e-01	5.511299e-01	4.851016e-01	4.303321e-01	3.855501e-01	3.497164e-01	3.219992e-01	3.017554e-01	2.885150e-01	2.819707e-01	
1.986947e+00	1.708594e+00	1.469896e+00	1.265313e+00	1.090097e+00	9.401803e-01	8.120846e-01	7.028366e-01	6.099007e-01	5.311200e-01	4.646661e-01	4.089967e-01	3.628196e-01	3.250632e-01	2.948513e-01	2.714825e-01	2.544146e-01	2.432514e-01	2.377339e-01	
1.682561e+00	1.446850e+00	1.244719e+00	1.071476e+00	9.231016e-01	7.961513e-01	6.876790e-01	5.951670e-01	5.164682e-01	4.497562e-01	3.934825e-01	3.463412e-01	3.072382e-01	2.752658e-01	2.496821e-01	2.298933e-01	2.154401e-01	2.059870e-01	2.013147e-01	
1.424736e+00	1.225143e+00	1.053986e+00	9.072898e-01	7.816513e-01	6.741541e-01	5.823033e-01	5.039673e-01	4.373279e-01	3.808383e-01	3.331877e-01	2.932701e-01	2.601589e-01	2.330858e-01	2.114224e-01	1.946659e-01	1.824274e-01	1.744229e-01	1.704665e-01	
1.201030e+00	1.032777e+00	8.884933e-01	7.648310e-01	6.589197e-01	5.683013e-01	4.908725e-01	4.248365e-01	3.686605e-01	3.210407e-01	2.808720e-01	2.472221e-01	2.193099e-01	1.964877e-01	1.782258e-01	1.641003e-01	1.537834e-01	1.470357e-01	1.437006e-01	
1.002833e+00	8.623453e-01	7.418719e-01	6.386167e-01	5.501831e-01	4.745188e-01	4.098675e-01	3.547289e-01	3.078232e-01	2.680618e-01	2.345218e-01	2.064249e-01	1.831188e-01	1.640628e-01	1.488145e-01	1.370200e-01	1.284057e-01	1.227715e-01	1.199867e-01	
8.239566e-01	7.085280e-01	6.095436e-01	5.247061e-01	4.520465e-01	3.898784e-01	3.367591e-01	2.914556e-01	2.529165e-01	2.202474e-01	1.926899e-01	1.696047e-01	1.504558e-01	1.347988e-01	1.222703e-01	1.125797e-01	1.055019e-01	1.008726e-01	9.858460e-02	
6.597963e-01	5.673649e-01	4.881016e-01	4.201667e-01	3.619833e-01	3.122013e-01	2.696652e-01	2.333877e-01	2.025269e-01	1.763666e-01	1.542995e-01	1.358136e-01	1.204798e-01	1.079422e-01	9.790989e-02	9.014994e-02	8.448228e-02	8.077537e-02	7.894317e-02	
5.068089e-01	4.358097e-01	3.749252e-01	3.227424e-01	2.780501e-01	2.398110e-01	2.071377e-01	1.792719e-01	1.555669e-01	1.354723e-01	1.185220e-01	1.043224e-01	9.254409e-02	8.291361e-02	7.520747e-02	6.924682e-02	6.489332e-02	6.204593e-02	6.063857e-02	
3.621751e-01	3.114377e-01	2.679285e-01	2.306377e-01	1.986998e-01	1.713734e-01	1.480245e-01	1.281111e-01	1.111710e-01	9.681106e-02	8.469803e-02	7.455076e-02	6.613373e-02	5.925161e-02	5.374466e-02	4.948507e-02	4.637398e-02	4.433918e-02	4.333345e-02	
2.235695e-01	1.922495e-01	1.653914e-01	1.423719e-01	1.226567e-01	1.057882e-01	9.137501e-02	7.908253e-02	6.862547e-02	5.976114e-02	5.228380e-02	4.601993e-02	4.082413e-02	3.657582e-02	3.317640e-02	3.054696e-02	2.862650e-02	2.737043e-02	2.674959e-02	
8.899835e-02	7.653051e-02	6.583887e-02	5.667528e-02	4.882707e-02	4.211209e-02	3.637449e-02	3.148111e-02	2.731837e-02	2.378967e-02	2.081310e-02	1.831958e-02	1.625124e-02	1.456007e-02	1.320683e-02	1.216011e-02	1.139561e-02	1.089560e-02	1.064846e-02	
-4.332165e-02	-3.725269e-02	-3.204833e-02	-2.758778e-02	-2.376751e-02	-2.049887e-02	-1.770598e-02	-1.532403e-02	-1.329774e-02	-1.158008e-02	-1.013117e-02	-8.917405e-03	-7.910601e-03	-7.087394e-03	-6.428679e-03	-5.919167e-03	-5.547033e-03	-5.303641e-03	-5.183341e-03	
