-6.290023e-06	1.516441e-05	3.474990e-05	5.254895e-05	6.886851e-05	8.409445e-05	9.862356e-05	1.128342e-04	1.270756e-04	1.416642e-04	1.568811e-04	1.729663e-04	1.901055e-04	2.084051e-04	2.278457e-04	2.482031e-04	2.689105e-04	2.888213e-04	3.057977e-04	
-1.150427e+11	-9.892629e+10	-8.510586e+10	-7.326065e+10	-6.311576e+10	-5.443571e+10	-4.701907e+10	-4.069369e+10	-3.531278e+10	-3.075144e+10	-2.690381e+10	-2.368059e+10	-2.100697e+10	-1.882091e+10	-1.707166e+10	-1.571863e+10	-1.473041e+10	-1.408407e+10	-1.376461e+10	
-2.297945e+11	-1.976024e+11	-1.699965e+11	-1.463361e+11	-1.260719e+11	-1.087338e+11	-9.391925e+10	-8.128449e+10	-7.053626e+10	-6.142512e+10	-5.373959e+10	-4.730130e+10	-4.196083e+10	-3.759423e+10	-3.410015e+10	-3.139751e+10	-2.942357e+10	-2.813252e+10	-2.749441e+10	
-3.439655e+11	-2.957791e+11	-2.544575e+11	-2.190416e+11	-1.887094e+11	-1.627570e+11	-1.405820e+11	-1.216698e+11	-1.055815e+11	-9.194354e+10	-8.043953e+10	-7.080245e+10	-6.280862e+10	-5.627252e+10	-5.104245e+10	-4.699703e+10	-4.404236e+10	-4.210987e+10	-4.115471e+10	
-4.572676e+11	-3.932087e+11	-3.382757e+11	-2.911938e+11	-2.508703e+11	-2.163691e+11	-1.868897e+11	-1.617478e+11	-1.403600e+11	-1.222297e+11	-1.069363e+11	-9.412476e+10	-8.349777e+10	-7.480868e+10	-6.785583e+10	-6.247784e+10	-5.854991e+10	-5.598086e+10	-5.471106e+10	
-5.694159e+11	-4.896460e+11	-4.212404e+11	-3.626113e+11	-3.123981e+11	-2.694353e+11	-2.327258e+11	-2.014177e+11	-1.747843e+11	-1.522075e+11	-1.331632e+11	-1.172096e+11	-1.039762e+11	-9.315607e+10	-8.449798e+10	-7.780100e+10	-7.290971e+10	-6.971058e+10	-6.812936e+10	
-6.801291e+11	-5.848494e+11	-5.031434e+11	-4.331149e+11	-3.731385e+11	-3.218224e+11	-2.779754e+11	-2.405800e+11	-2.087681e+11	-1.818016e+11	-1.590545e+11	-1.399990e+11	-1.241926e+11	-1.112687e+11	-1.009272e+11	-9.292808e+10	-8.708576e+10	-8.326461e+10	-8.137595e+10	
-7.891309e+11	-6.785810e+11	-5.837803e+11	-5.025286e+11	-4.329401e+11	-3.733997e+11	-3.225255e+11	-2.791368e+11	-2.422266e+11	-2.109383e+11	-1.845456e+11	-1.624361e+11	-1.440965e+11	-1.291013e+11	-1.171024e+11	-1.078213e+11	-1.010427e+11	-9.660912e+10	-9.441778e+10	
-8.961506e+11	-7.706082e+11	-6.629509e+11	-5.706801e+11	-4.916542e+11	-4.240390e+11	-3.662655e+11	-3.169925e+11	-2.750767e+11	-2.395451e+11	-2.095732e+11	-1.844652e+11	-1.636385e+11	-1.466096e+11	-1.329835e+11	-1.224437e+11	-1.147458e+11	-1.097110e+11	-1.072224e+11	
-1.000924e+12	-8.607039e+11	-7.404599e+11	-6.374012e+11	-5.491359e+11	-4.736156e+11	-4.090874e+11	-3.540538e+11	-3.072373e+11	-2.675516e+11	-2.340754e+11	-2.060320e+11	-1.827703e+11	-1.637505e+11	-1.485313e+11	-1.367593e+11	-1.281613e+11	-1.225378e+11	-1.197584e+11	
-1.103195e+12	-9.486476e+11	-8.161174e+11	-7.025286e+11	-6.052447e+11	-5.220080e+11	-4.508865e+11	-3.902297e+11	-3.386297e+11	-2.948890e+11	-2.579924e+11	-2.270836e+11	-2.014451e+11	-1.804820e+11	-1.637077e+11	-1.507328e+11	-1.412564e+11	-1.350583e+11	-1.319948e+11	
-1.202715e+12	-1.034226e+12	-8.897400e+11	-7.659042e+11	-6.598443e+11	-5.690987e+11	-4.915613e+11	-4.254326e+11	-3.691778e+11	-3.214912e+11	-2.812661e+11	-2.475689e+11	-2.196176e+11	-1.967634e+11	-1.784758e+11	-1.643305e+11	-1.539992e+11	-1.472420e+11	-1.439022e+11	
-1.299245e+12	-1.117233e+12	-9.611507e+11	-8.273758e+11	-7.128035e+11	-6.147746e+11	-5.310141e+11	-4.595779e+11	-3.988080e+11	-3.472941e+11	-3.038406e+11	-2.674389e+11	-2.372442e+11	-2.125556e+11	-1.928003e+11	-1.775197e+11	-1.663592e+11	-1.590597e+11	-1.554518e+11	
-1.392556e+12	-1.197472e+12	-1.030180e+12	-8.867975e+11	-7.639967e+11	-6.589275e+11	-5.691513e+11	-4.925846e+11	-4.274503e+11	-3.722366e+11	-3.256623e+11	-2.866462e+11	-2.542829e+11	-2.278213e+11	-2.066472e+11	-1.902691e+11	-1.783070e+11	-1.704833e+11	-1.666163e+11	
-1.482430e+12	-1.274755e+12	-1.096667e+12	-9.440303e+11	-8.133040e+11	-7.014538e+11	-6.058836e+11	-5.243753e+11	-4.550373e+11	-3.962603e+11	-3.466801e+11	-3.051460e+11	-2.706940e+11	-2.425246e+11	-2.199839e+11	-2.025489e+11	-1.898148e+11	-1.814861e+11	-1.773695e+11	
-1.568659e+12	-1.348905e+12	-1.160457e+12	-9.989423e+11	-8.606120e+11	-7.422557e+11	-6.411264e+11	-5.548770e+11	-4.815058e+11	-4.193098e+11	-3.668456e+11	-3.228956e+11	-2.864396e+11	-2.566317e+11	-2.327798e+11	-2.143306e+11	-2.008558e+11	-1.920427e+11	-1.876866e+11	
-1.651049e+12	-1.419753e+12	-1.221407e+12	-1.051409e+12	-9.058135e+11	-7.812408e+11	-6.748000e+11	-5.840205e+11	-5.067957e+11	-4.413330e+11	-3.861133e+11	-3.398549e+11	-3.014842e+11	-2.701106e+11	-2.450060e+11	-2.255878e+11	-2.114053e+11	-2.021292e+11	-1.975444e+11	
-1.729418e+12	-1.487142e+12	-1.279382e+12	-1.101315e+12	-9.488086e+11	-8.183230e+11	-7.068298e+11	-6.117415e+11	-5.308511e+11	-4.622812e+11	-4.044404e+11	-3.559863e+11	-3.157943e+11	-2.829316e+11	-2.566354e+11	-2.362955e+11	-2.214398e+11	-2.117234e+11	-2.069210e+11	
-1.803595e+12	-1.550928e+12	-1.334257e+12	-1.148552e+12	-9.895044e+11	-8.534220e+11	-7.371468e+11	-6.379800e+11	-5.536201e+11	-4.821091e+11	-4.217875e+11	-3.712551e+11	-3.293392e+11	-2.950669e+11	-2.676429e+11	-2.464306e+11	-2.309377e+11	-2.208046e+11	-2.157962e+11	
-1.873426e+12	-1.610976e+12	-1.385916e+12	-1.193021e+12	-1.027816e+12	-8.864645e+11	-7.656874e+11	-6.626811e+11	-5.750549e+11	-5.007753e+11	-4.381181e+11	-3.856292e+11	-3.420904e+11	-3.064912e+11	-2.780054e+11	-2.559718e+11	-2.398790e+11	-2.293536e+11	-2.241513e+11	
-1.938769e+12	-1.667166e+12	-1.434255e+12	-1.234633e+12	-1.063665e+12	-9.173836e+11	-7.923938e+11	-6.857948e+11	-5.951123e+11	-5.182418e+11	-4.533993e+11	-3.990796e+11	-3.540222e+11	-3.171814e+11	-2.877020e+11	-2.648998e+11	-2.482458e+11	-2.373533e+11	-2.319695e+11	
-1.999498e+12	-1.719387e+12	-1.479181e+12	-1.273306e+12	-1.096983e+12	-9.461193e+11	-8.172144e+11	-7.072763e+11	-6.137533e+11	-5.344750e+11	-4.676013e+11	-4.115802e+11	-3.651115e+11	-3.271166e+11	-2.967138e+11	-2.731974e+11	-2.560217e+11	-2.447880e+11	-2.392356e+11	
-2.055501e+12	-1.767545e+12	-1.520611e+12	-1.308969e+12	-1.127708e+12	-9.726187e+11	-8.401034e+11	-7.270861e+11	-6.309437e+11	-5.494449e+11	-4.806982e+11	-4.231080e+11	-3.753377e+11	-3.362787e+11	-3.050243e+11	-2.808493e+11	-2.631925e+11	-2.516442e+11	-2.459362e+11	
-2.106682e+12	-1.811555e+12	-1.558473e+12	-1.341562e+12	-1.155787e+12	-9.968363e+11	-8.610214e+11	-7.451900e+11	-6.466538e+11	-5.631257e+11	-4.926672e+11	-4.336431e+11	-3.846834e+11	-3.446518e+11	-3.126192e+11	-2.878423e+11	-2.697458e+11	-2.579099e+11	-2.520599e+11	
-2.152959e+12	-1.851350e+12	-1.592708e+12	-1.371032e+12	-1.181176e+12	-1.018734e+12	-8.799353e+11	-7.615595e+11	-6.608587e+11	-5.754958e+11	-5.034896e+11	-4.431689e+11	-3.931336e+11	-3.522227e+11	-3.194865e+11	-2.941652e+11	-2.756713e+11	-2.635754e+11	-2.575968e+11	
-2.194267e+12	-1.886871e+12	-1.623267e+12	-1.397337e+12	-1.203839e+12	-1.038280e+12	-8.968184e+11	-7.761713e+11	-6.735384e+11	-5.865377e+11	-5.131499e+11	-4.516718e+11	-4.006766e+11	-3.589807e+11	-3.256164e+11	-2.998093e+11	-2.809605e+11	-2.686325e+11	-2.625393e+11	
-2.230557e+12	-1.918077e+12	-1.650113e+12	-1.420447e+12	-1.223748e+12	-1.055451e+12	-9.116504e+11	-7.890080e+11	-6.846777e+11	-5.962381e+11	-5.216366e+11	-4.591418e+11	-4.073032e+11	-3.649177e+11	-3.310016e+11	-3.047677e+11	-2.856072e+11	-2.730753e+11	-2.668813e+11	
-2.261795e+12	-1.944938e+12	-1.673222e+12	-1.440340e+12	-1.240886e+12	-1.070232e+12	-9.244176e+11	-8.000576e+11	-6.942662e+11	-6.045881e+11	-5.289418e+11	-4.655718e+11	-4.130072e+11	-3.700282e+11	-3.356371e+11	-3.090358e+11	-2.896069e+11	-2.768996e+11	-2.706188e+11	
-2.287963e+12	-1.967440e+12	-1.692580e+12	-1.457004e+12	-1.255243e+12	-1.082614e+12	-9.351126e+11	-8.093138e+11	-7.022985e+11	-6.115828e+11	-5.350614e+11	-4.709582e+11	-4.177855e+11	-3.743092e+11	-3.395202e+11	-3.126112e+11	-2.929575e+11	-2.801032e+11	-2.737497e+11	
-2.309058e+12	-1.985581e+12	-1.708186e+12	-1.470438e+12	-1.266816e+12	-1.092596e+12	-9.437345e+11	-8.167759e+11	-7.087739e+11	-6.172218e+11	-5.399948e+11	-4.753006e+11	-4.216376e+11	-3.777604e+11	-3.426507e+11	-3.154935e+11	-2.956587e+11	-2.826858e+11	-2.762737e+11	
-2.325095e+12	-1.999371e+12	-1.720050e+12	-1.480650e+12	-1.275615e+12	-1.100185e+12	-9.502891e+11	-8.224487e+11	-7.136965e+11	-6.215086e+11	-5.437452e+11	-4.786017e+11	-4.245660e+11	-3.803841e+11	-3.450305e+11	-3.176847e+11	-2.977121e+11	-2.846491e+11	-2.781925e+11	
-2.336103e+12	-2.008837e+12	-1.728194e+12	-1.487660e+12	-1.281654e+12	-1.105393e+12	-9.547880e+11	-8.263424e+11	-7.170754e+11	-6.244510e+11	-5.463195e+11	-4.808675e+11	-4.265760e+11	-3.821849e+11	-3.466640e+11	-3.191887e+11	-2.991216e+11	-2.859967e+11	-2.795096e+11	
-2.342126e+12	-2.014016e+12	-1.732649e+12	-1.491496e+12	-1.284958e+12	-1.108243e+12	-9.572496e+11	-8.284729e+11	-7.189241e+11	-6.260609e+11	-5.477280e+11	-4.821073e+11	-4.276758e+11	-3.831703e+11	-3.475577e+11	-3.200117e+11	-2.998928e+11	-2.867341e+11	-2.802302e+11	
-2.343223e+12	-2.014960e+12	-1.733461e+12	-1.492194e+12	-1.285560e+12	-1.108763e+12	-9.576982e+11	-8.288610e+11	-7.192610e+11	-6.263543e+11	-5.479846e+11	-4.823332e+11	-4.278762e+11	-3.833498e+11	-3.477206e+11	-3.201616e+11	-3.000333e+11	-2.868684e+11	-2.803615e+11	
-2.339469e+12	-2.011732e+12	-1.730684e+12	-1.489804e+12	-1.283501e+12	-1.106986e+12	-9.561639e+11	-8.275332e+11	-7.181087e+11	-6.253509e+11	-5.471068e+11	-4.815605e+11	-4.271907e+11	-3.827357e+11	-3.471635e+11	-3.196487e+11	-2.995526e+11	-2.864089e+11	-2.799124e+11	
-2.330953e+12	-2.004408e+12	-1.724384e+12	-1.484380e+12	-1.278828e+12	-1.102956e+12	-9.526831e+11	-8.245207e+11	-7.154945e+11	-6.230743e+11	-5.451151e+11	-4.798074e+11	-4.256356e+11	-3.813424e+11	-3.458997e+11	-3.184851e+11	-2.984621e+11	-2.853662e+11	-2.788934e+11	
-2.317776e+12	-1.993077e+12	-1.714635e+12	-1.475989e+12	-1.271599e+12	-1.096721e+12	-9.472975e+11	-8.198596e+11	-7.114498e+11	-6.195520e+11	-5.420335e+11	-4.770950e+11	-4.232294e+11	-3.791866e+11	-3.439443e+11	-3.166846e+11	-2.967749e+11	-2.837530e+11	-2.773168e+11	
-2.300054e+12	-1.977838e+12	-1.701525e+12	-1.464704e+12	-1.261876e+12	-1.088336e+12	-9.400544e+11	-8.135909e+11	-7.060100e+11	-6.148149e+11	-5.378891e+11	-4.734471e+11	-4.199934e+11	-3.762873e+11	-3.413145e+11	-3.142632e+11	-2.945057e+11	-2.815834e+11	-2.751964e+11	
-2.277916e+12	-1.958801e+12	-1.685148e+12	-1.450606e+12	-1.249731e+12	-1.077860e+12	-9.310064e+11	-8.057601e+11	-6.992147e+11	-6.088973e+11	-5.327119e+11	-4.688902e+11	-4.159510e+11	-3.726655e+11	-3.380293e+11	-3.112385e+11	-2.916711e+11	-2.788732e+11	-2.725476e+11	
-2.251503e+12	-1.936088e+12	-1.665608e+12	-1.433786e+12	-1.235240e+12	-1.065362e+12	-9.202110e+11	-7.964170e+11	-6.911070e+11	-6.018369e+11	-5.265349e+11	-4.634532e+11	-4.111279e+11	-3.683444e+11	-3.341098e+11	-3.076295e+11	-2.882891e+11	-2.756396e+11	-2.693873e+11	
-2.220967e+12	-1.909830e+12	-1.643018e+12	-1.414340e+12	-1.218487e+12	-1.050913e+12	-9.077307e+11	-7.856156e+11	-6.817339e+11	-5.936745e+11	-5.193938e+11	-4.571677e+11	-4.055519e+11	-3.633487e+11	-3.295784e+11	-3.034573e+11	-2.843792e+11	-2.719012e+11	-2.657338e+11	
-2.186472e+12	-1.880167e+12	-1.617500e+12	-1.392373e+12	-1.199562e+12	-1.034591e+12	-8.936322e+11	-7.734138e+11	-6.711455e+11	-5.844538e+11	-5.113268e+11	-4.500671e+11	-3.992531e+11	-3.577053e+11	-3.244595e+11	-2.987442e+11	-2.799623e+11	-2.676781e+11	-2.616065e+11	
-2.148191e+12	-1.847250e+12	-1.589181e+12	-1.367995e+12	-1.178560e+12	-1.016478e+12	-8.779866e+11	-7.598729e+11	-6.593952e+11	-5.742213e+11	-5.023745e+11	-4.421874e+11	-3.922630e+11	-3.514427e+11	-3.187790e+11	-2.935138e+11	-2.750608e+11	-2.629917e+11	-2.570263e+11	
-2.106309e+12	-1.811235e+12	-1.558197e+12	-1.341324e+12	-1.155582e+12	-9.966598e+11	-8.608690e+11	-7.450581e+11	-6.465393e+11	-5.630260e+11	-4.925800e+11	-4.335663e+11	-3.846153e+11	-3.445908e+11	-3.125639e+11	-2.877913e+11	-2.696981e+11	-2.578643e+11	-2.520152e+11	
-2.061017e+12	-1.772288e+12	-1.524692e+12	-1.312482e+12	-1.130734e+12	-9.752288e+11	-8.423579e+11	-7.290372e+11	-6.326369e+11	-5.509194e+11	-4.819882e+11	-4.242434e+11	-3.763450e+11	-3.371811e+11	-3.058429e+11	-2.816030e+11	-2.638988e+11	-2.523195e+11	-2.465962e+11	
-2.012517e+12	-1.730582e+12	-1.488812e+12	-1.281596e+12	-1.104125e+12	-9.522794e+11	-8.225352e+11	-7.118813e+11	-6.177494e+11	-5.379549e+11	-4.706458e+11	-4.142600e+11	-3.674887e+11	-3.292464e+11	-2.986457e+11	-2.749762e+11	-2.576886e+11	-2.463818e+11	-2.407932e+11	
-1.961015e+12	-1.686295e+12	-1.450712e+12	-1.248799e+12	-1.075870e+12	-9.279098e+11	-8.014859e+11	-6.936637e+11	-6.019407e+11	-5.241882e+11	-4.586016e+11	-4.036587e+11	-3.580843e+11	-3.208208e+11	-2.910031e+11	-2.679393e+11	-2.510942e+11	-2.400767e+11	-2.346311e+11	
-1.906726e+12	-1.639611e+12	-1.410550e+12	-1.214227e+12	-1.046085e+12	-9.022213e+11	-7.792974e+11	-6.744601e+11	-5.852765e+11	-5.096765e+11	-4.459056e+11	-3.924838e+11	-3.481711e+11	-3.119391e+11	-2.829469e+11	-2.605216e+11	-2.441428e+11	-2.334303e+11	-2.281355e+11	
-1.849869e+12	-1.590720e+12	-1.368489e+12	-1.178020e+12	-1.014892e+12	-8.753180e+11	-7.560595e+11	-6.543484e+11	-5.678241e+11	-4.944785e+11	-4.326092e+11	-3.807803e+11	-3.377890e+11	-3.026374e+11	-2.745097e+11	-2.527532e+11	-2.368627e+11	-2.264697e+11	-2.213328e+11	
-1.790670e+12	-1.539813e+12	-1.324695e+12	-1.140321e+12	-9.824132e+11	-8.473060e+11	-7.318641e+11	-6.334079e+11	-5.496526e+11	-4.786541e+11	-4.187648e+11	-3.685945e+11	-3.269790e+11	-2.929524e+11	-2.657248e+11	-2.446645e+11	-2.292827e+11	-2.192222e+11	-2.142497e+11	
-1.729355e+12	-1.487089e+12	-1.279336e+12	-1.101275e+12	-9.487744e+11	-8.182935e+11	-7.068043e+11	-6.117194e+11	-5.308320e+11	-4.622646e+11	-4.044259e+11	-3.559735e+11	-3.157829e+11	-2.829214e+11	-2.566262e+11	-2.362870e+11	-2.214318e+11	-2.117158e+11	-2.069136e+11	
-1.666158e+12	-1.432745e+12	-1.232584e+12	-1.061030e+12	-9.141024e+11	-7.883898e+11	-6.809749e+11	-5.893648e+11	-5.114332e+11	-4.453716e+11	-3.896465e+11	-3.429648e+11	-3.042430e+11	-2.725823e+11	-2.472480e+11	-2.276521e+11	-2.133398e+11	-2.039789e+11	-1.993521e+11	
-1.601310e+12	-1.376982e+12	-1.184611e+12	-1.019735e+12	-8.785253e+11	-7.577054e+11	-6.544712e+11	-5.664265e+11	-4.915281e+11	-4.280376e+11	-3.744814e+11	-3.296165e+11	-2.924018e+11	-2.619733e+11	-2.376251e+11	-2.187918e+11	-2.050366e+11	-1.960400e+11	-1.915933e+11	
-1.535048e+12	-1.320002e+12	-1.135592e+12	-9.775381e+11	-8.421718e+11	-7.263515e+11	-6.273891e+11	-5.429878e+11	-4.711887e+11	-4.103254e+11	-3.589853e+11	-3.159770e+11	-2.803022e+11	-2.511329e+11	-2.277921e+11	-2.097382e+11	-1.965521e+11	-1.879278e+11	-1.836651e+11	
-1.467606e+12	-1.262008e+12	-1.085700e+12	-9.345901e+11	-8.051711e+11	-6.944393e+11	-5.998248e+11	-5.191316e+11	-4.504870e+11	-3.922978e+11	-3.432133e+11	-3.020946e+11	-2.679871e+11	-2.400994e+11	-2.177841e+11	-2.005234e+11	-1.879166e+11	-1.796712e+11	-1.755958e+11	
-1.399219e+12	-1.203201e+12	-1.035109e+12	-8.910401e+11	-7.676518e+11	-6.620799e+11	-5.718742e+11	-4.949412e+11	-4.294953e+11	-3.740175e+11	-3.272203e+11	-2.880176e+11	-2.554995e+11	-2.289112e+11	-2.076358e+11	-1.911794e+11	-1.791601e+11	-1.712989e+11	-1.674134e+11	
-1.330119e+12	-1.143782e+12	-9.839907e+11	-8.470369e+11	-7.297420e+11	-6.293837e+11	-5.436327e+11	-4.704990e+11	-4.082850e+11	-3.555470e+11	-3.110608e+11	-2.737941e+11	-2.428818e+11	-2.176067e+11	-1.973819e+11	-1.817382e+11	-1.703124e+11	-1.628395e+11	-1.591459e+11	
-1.260540e+12	-1.083950e+12	-9.325172e+11	-8.027276e+11	-6.915685e+11	-5.964600e+11	-5.151948e+11	-4.458867e+11	-3.869272e+11	-3.369480e+11	-2.947889e+11	-2.594717e+11	-2.301765e+11	-2.062234e+11	-1.870567e+11	-1.722313e+11	-1.614032e+11	-1.543212e+11	-1.508208e+11	
-1.190707e+12	-1.023900e+12	-8.808571e+11	-7.582576e+11	-6.532565e+11	-5.634169e+11	-4.866537e+11	-4.211852e+11	-3.654920e+11	-3.182815e+11	-2.784580e+11	-2.450973e+11	-2.174250e+11	-1.947989e+11	-1.766940e+11	-1.626899e+11	-1.524617e+11	-1.457720e+11	-1.424655e+11	
-1.120847e+12	-9.638270e+11	-8.291762e+11	-7.137698e+11	-6.149293e+11	-5.303607e+11	-4.581012e+11	-3.964738e+11	-3.440482e+11	-2.996076e+11	-2.621206e+11	-2.307172e+11	-2.046684e+11	-1.833699e+11	-1.663272e+11	-1.531447e+11	-1.435166e+11	-1.372194e+11	-1.341069e+11	
-1.051179e+12	-9.039188e+11	-7.776374e+11	-6.694043e+11	-5.767074e+11	-4.973952e+11	-4.296272e+11	-3.718303e+11	-3.226633e+11	-2.809850e+11	-2.458281e+11	-2.163766e+11	-1.919469e+11	-1.719722e+11	-1.559888e+11	-1.436258e+11	-1.345961e+11	-1.286903e+11	-1.257713e+11	
-9.819177e+11	-8.443602e+11	-7.263994e+11	-6.252977e+11	-5.387085e+11	-4.646222e+11	-4.013193e+11	-3.473307e+11	-3.014032e+11	-2.624711e+11	-2.296306e+11	-2.021197e+11	-1.792997e+11	-1.606411e+11	-1.457108e+11	-1.341624e+11	-1.257277e+11	-1.202110e+11	-1.174843e+11	
-9.132714e+11	-7.853306e+11	-6.756165e+11	-5.815828e+11	-5.010471e+11	-4.321402e+11	-3.732629e+11	-3.230486e+11	-2.803320e+11	-2.441216e+11	-2.135770e+11	-1.879894e+11	-1.667648e+11	-1.494106e+11	-1.355241e+11	-1.247830e+11	-1.169380e+11	-1.118070e+11	-1.092709e+11	
-8.454421e+11	-7.270035e+11	-6.254380e+11	-5.383883e+11	-4.638340e+11	-4.000449e+11	-3.455404e+11	-2.990556e+11	-2.595116e+11	-2.259905e+11	-1.977145e+11	-1.740273e+11	-1.543790e+11	-1.383138e+11	-1.254586e+11	-1.155153e+11	-1.082529e+11	-1.035030e+11	-1.011553e+11	
-7.786244e+11	-6.695464e+11	-5.760079e+11	-4.958379e+11	-4.271759e+11	-3.684282e+11	-3.182314e+11	-2.754204e+11	-2.390016e+11	-2.081299e+11	-1.820886e+11	-1.602734e+11	-1.421780e+11	-1.273824e+11	-1.155433e+11	-1.063858e+11	-9.969738e+10	-9.532287e+10	-9.316070e+10	
-7.130048e+11	-6.131194e+11	-5.274640e+11	-4.540505e+11	-3.911751e+11	-3.373784e+11	-2.914120e+11	-2.522090e+11	-2.188594e+11	-1.905894e+11	-1.667428e+11	-1.467661e+11	-1.301958e+11	-1.166471e+11	-1.058057e+11	-9.741998e+10	-9.129525e+10	-8.728940e+10	-8.530945e+10	
-6.487612e+11	-5.578758e+11	-4.799382e+11	-4.131394e+11	-3.559292e+11	-3.069798e+11	-2.651550e+11	-2.294843e+11	-1.991396e+11	-1.734168e+11	-1.517189e+11	-1.335421e+11	-1.184648e+11	-1.061369e+11	-9.627236e+10	-8.864219e+10	-8.306932e+10	-7.942440e+10	-7.762285e+10	
-5.860627e+11	-5.039607e+11	-4.335552e+11	-3.732122e+11	-3.215309e+11	-2.773122e+11	-2.395295e+11	-2.073061e+11	-1.798941e+11	-1.566572e+11	-1.370562e+11	-1.206362e+11	-1.070159e+11	-9.587947e+10	-8.696826e+10	-8.007549e+10	-7.504121e+10	-7.174855e+10	-7.012111e+10	
-5.250684e+11	-4.515112e+11	-3.884331e+11	-3.343702e+11	-2.880677e+11	-2.484510e+11	-2.146006e+11	-1.857308e+11	-1.611717e+11	-1.403532e+11	-1.227921e+11	-1.080810e+11	-9.587829e+10	-8.590084e+10	-7.791706e+10	-7.174166e+10	-6.723131e+10	-6.428134e+10	-6.282327e+10	
-4.659276e+11	-4.006555e+11	-3.446822e+11	-2.967086e+11	-2.556214e+11	-2.204669e+11	-1.904292e+11	-1.648111e+11	-1.430182e+11	-1.245446e+11	-1.089615e+11	-9.590736e+10	-8.507910e+10	-7.622545e+10	-6.914092e+10	-6.366109e+10	-5.965876e+10	-5.704105e+10	-5.574722e+10	
-4.087793e+11	-3.515131e+11	-3.024052e+11	-2.603158e+11	-2.242682e+11	-1.934255e+11	-1.670721e+11	-1.445962e+11	-1.254763e+11	-1.092686e+11	-9.559685e+10	-8.414384e+10	-7.464373e+10	-6.687602e+10	-6.066045e+10	-5.585274e+10	-5.234132e+10	-5.004469e+10	-4.890954e+10	
-3.537514e+11	-3.041941e+11	-2.616969e+11	-2.252734e+11	-1.940783e+11	-1.673875e+11	-1.445816e+11	-1.251314e+11	-1.085853e+11	-9.455937e+10	-8.272807e+10	-7.281681e+10	-6.459555e+10	-5.787350e+10	-5.249463e+10	-4.833411e+10	-4.529538e+10	-4.330791e+10	-4.232558e+10	
-3.009609e+11	-2.587991e+11	-2.226438e+11	-1.916558e+11	-1.651159e+11	-1.424082e+11	-1.230057e+11	-1.064580e+11	-9.238107e+10	-8.044823e+10	-7.038252e+10	-6.195032e+10	-5.495593e+10	-4.923701e+10	-4.466084e+10	-4.112119e+10	-3.853593e+10	-3.684506e+10	-3.600931e+10	
-2.505135e+11	-2.154189e+11	-1.853239e+11	-1.595302e+11	-1.374389e+11	-1.185376e+11	-1.023873e+11	-8.861335e+10	-7.689603e+10	-6.696340e+10	-5.858491e+10	-5.156613e+10	-4.574415e+10	-4.098384e+10	-3.717473e+10	-3.422841e+10	-3.207649e+10	-3.066904e+10	-2.997339e+10	
-2.025031e+11	-1.741343e+11	-1.498070e+11	-1.289565e+11	-1.110990e+11	-9.582007e+10	-8.276497e+10	-7.163078e+10	-6.215906e+10	-5.412999e+10	-4.735723e+10	-4.168358e+10	-3.697737e+10	-3.312937e+10	-3.005027e+10	-2.766860e+10	-2.592910e+10	-2.479138e+10	-2.422905e+10	
-1.570120e+11	-1.350161e+11	-1.161538e+11	-9.998725e+10	-8.614134e+10	-7.429468e+10	-6.417234e+10	-5.553937e+10	-4.819541e+10	-4.197003e+10	-3.671872e+10	-3.231963e+10	-2.867064e+10	-2.568706e+10	-2.329966e+10	-2.145302e+10	-2.010429e+10	-1.922215e+10	-1.878614e+10	
-1.141108e+11	-9.812493e+10	-8.441645e+10	-7.266720e+10	-6.260448e+10	-5.399475e+10	-4.663819e+10	-4.036405e+10	-3.502673e+10	-3.050233e+10	-2.668587e+10	-2.348876e+10	-2.083681e+10	-1.866845e+10	-1.693337e+10	-1.559130e+10	-1.461108e+10	-1.396998e+10	-1.365310e+10	
-7.385798e+10	-6.351117e+10	-5.463838e+10	-4.703370e+10	-4.052063e+10	-3.494800e+10	-3.018648e+10	-2.612555e+10	-2.267098e+10	-1.974258e+10	-1.727238e+10	-1.520306e+10	-1.348658e+10	-1.208312e+10	-1.096009e+10	-1.009144e+10	-9.456996e+09	-9.042042e+09	-8.836945e+09	
-3.630027e+10	-3.121494e+10	-2.685408e+10	-2.311648e+10	-1.991538e+10	-1.717650e+10	-1.483627e+10	-1.284038e+10	-1.114250e+10	-9.703229e+09	-8.489157e+09	-7.472111e+09	-6.628486e+09	-5.938701e+09	-5.386747e+09	-4.959815e+09	-4.647995e+09	-4.444050e+09	-4.343248e+09	
-1.472476e+09	-1.266196e+09	-1.089303e+09	-9.376915e+08	-8.078431e+08	-6.967438e+08	-6.018153e+08	-5.208544e+08	-4.519820e+08	-3.935996e+08	-3.443523e+08	-3.030971e+08	-2.688764e+08	-2.408961e+08	-2.185068e+08	-2.011888e+08	-1.885402e+08	-1.802675e+08	-1.761785e+08	
3.060237e+10	2.631526e+10	2.263890e+10	1.948798e+10	1.678934e+10	1.448038e+10	1.250748e+10	1.082488e+10	9.393509e+09	8.180152e+09	7.156649e+09	6.299244e+09	5.588039e+09	5.006527e+09	4.541211e+09	4.181293e+09	3.918418e+09	3.746486e+09	3.661506e+09	
5.991285e+10	5.151962e+10	4.432211e+10	3.815327e+10	3.286993e+10	2.834946e+10	2.448697e+10	2.119279e+10	1.839047e+10	1.601498e+10	1.401118e+10	1.233257e+10	1.094018e+10	9.801704e+09	8.890716e+09	8.186072e+09	7.671420e+09	7.334814e+09	7.168441e+09	
8.645904e+10	7.434694e+10	6.396035e+10	5.505822e+10	4.743393e+10	4.091055e+10	3.533665e+10	3.058289e+10	2.653892e+10	2.311090e+10	2.021925e+10	1.779688e+10	1.578755e+10	1.414464e+10	1.283001e+10	1.181316e+10	1.107047e+10	1.058472e+10	1.034463e+10	
1.102522e+11	9.480691e+10	8.156198e+10	7.021002e+10	6.048756e+10	5.216897e+10	4.506116e+10	3.899918e+10	3.384233e+10	2.947092e+10	2.578351e+10	2.269451e+10	2.013223e+10	1.803719e+10	1.636078e+10	1.506409e+10	1.411702e+10	1.349760e+10	1.319144e+10	
1.313146e+11	1.129187e+11	9.714346e+10	8.362284e+10	7.204302e+10	6.213525e+10	5.366958e+10	4.644952e+10	4.030751e+10	3.510101e+10	3.070916e+10	2.703004e+10	2.397826e+10	2.148299e+10	1.948632e+10	1.794191e+10	1.681392e+10	1.607616e+10	1.571151e+10	
1.496792e+11	1.287105e+11	1.107291e+11	9.531763e+10	8.211835e+10	7.082496e+10	6.117535e+10	5.294556e+10	4.594458e+10	4.000994e+10	3.500388e+10	3.081023e+10	2.733166e+10	2.448742e+10	2.221152e+10	2.045112e+10	1.916537e+10	1.832443e+10	1.790879e+10	
1.653891e+11	1.422196e+11	1.223509e+11	1.053219e+11	9.073726e+10	7.825855e+10	6.759614e+10	5.850257e+10	5.076680e+10	4.420926e+10	3.867779e+10	3.404398e+10	3.020031e+10	2.705755e+10	2.454277e+10	2.259761e+10	2.117691e+10	2.024771e+10	1.978844e+10	
1.784974e+11	1.534916e+11	1.320482e+11	1.136694e+11	9.792886e+10	8.446112e+10	7.295364e+10	6.313934e+10	5.479044e+10	4.771318e+10	4.174329e+10	3.674222e+10	3.259391e+10	2.920206e+10	2.648797e+10	2.438864e+10	2.285534e+10	2.185250e+10	2.135683e+10	
1.890668e+11	1.625803e+11	1.398671e+11	1.204001e+11	1.037275e+11	8.946230e+10	7.727342e+10	6.687799e+10	5.803474e+10	5.053841e+10	4.421503e+10	3.891783e+10	3.452388e+10	3.093120e+10	2.805640e+10	2.583276e+10	2.420867e+10	2.314644e+10	2.262142e+10	
1.971687e+11	1.695472e+11	1.458607e+11	1.255595e+11	1.081724e+11	9.329594e+10	8.058475e+10	6.974386e+10	6.052165e+10	5.270408e+10	4.610973e+10	4.058554e+10	3.600330e+10	3.225666e+10	2.925867e+10	2.693974e+10	2.524606e+10	2.413832e+10	2.359080e+10	
2.028833e+11	1.744612e+11	1.500882e+11	1.291986e+11	1.113076e+11	9.599997e+10	8.292036e+10	7.176526e+10	6.227576e+10	5.423162e+10	4.744614e+10	4.176184e+10	3.704680e+10	3.319157e+10	3.010668e+10	2.772055e+10	2.597778e+10	2.483792e+10	2.427454e+10	
2.062987e+11	1.773981e+11	1.526148e+11	1.313736e+11	1.131814e+11	9.761605e+10	8.431627e+10	7.297338e+10	6.332413e+10	5.514457e+10	4.824487e+10	4.246487e+10	3.767045e+10	3.375032e+10	3.061351e+10	2.818720e+10	2.641509e+10	2.525605e+10	2.468318e+10	
2.075104e+11	1.784401e+11	1.535113e+11	1.321453e+11	1.138462e+11	9.818943e+10	8.481152e+10	7.340200e+10	6.369608e+10	5.546848e+10	4.852824e+10	4.271430e+10	3.789172e+10	3.394857e+10	3.079332e+10	2.835277e+10	2.657025e+10	2.540440e+10	2.482816e+10	
2.066209e+11	1.776753e+11	1.528533e+11	1.315788e+11	1.133582e+11	9.776855e+10	8.444798e+10	7.308737e+10	6.342305e+10	5.523072e+10	4.832023e+10	4.253121e+10	3.772930e+10	3.380305e+10	3.066133e+10	2.823124e+10	2.645636e+10	2.529551e+10	2.472174e+10	
2.037390e+11	1.751970e+11	1.507212e+11	1.297436e+11	1.117771e+11	9.640486e+10	8.327010e+10	7.206795e+10	6.253842e+10	5.446035e+10	4.764626e+10	4.193798e+10	3.720305e+10	3.333156e+10	3.023367e+10	2.783746e+10	2.608734e+10	2.494268e+10	2.437692e+10	
1.989789e+11	1.711038e+11	1.471999e+11	1.267123e+11	1.091656e+11	9.415251e+10	8.132461e+10	7.038418e+10	6.107730e+10	5.318797e+10	4.653307e+10	4.095816e+10	3.633385e+10	3.255282e+10	2.952730e+10	2.718708e+10	2.547785e+10	2.435993e+10	2.380739e+10	
1.924602e+11	1.654983e+11	1.423775e+11	1.225611e+11	1.055892e+11	9.106799e+10	7.866035e+10	6.807834e+10	5.907636e+10	5.144548e+10	4.500861e+10	3.961634e+10	3.514353e+10	3.148636e+10	2.855996e+10	2.629641e+10	2.464317e+10	2.356188e+10	2.302744e+10	
1.843067e+11	1.584870e+11	1.363457e+11	1.173688e+11	1.011160e+11	8.720992e+10	7.532792e+10	6.519422e+10	5.657360e+10	4.926601e+10	4.310183e+10	3.793800e+10	3.365468e+10	3.015245e+10	2.735002e+10	2.518237e+10	2.359917e+10	2.256369e+10	2.205189e+10	
1.746459e+11	1.501797e+11	1.291989e+11	1.112167e+11	9.581581e+10	8.263867e+10	7.137949e+10	6.177696e+10	5.360821e+10	4.668365e+10	4.084258e+10	3.594942e+10	3.189062e+10	2.857196e+10	2.591643e+10	2.386240e+10	2.236218e+10	2.138098e+10	2.089600e+10	
1.636087e+11	1.406887e+11	1.210339e+11	1.041881e+11	8.976049e+10	7.741611e+10	6.686848e+10	5.787281e+10	5.022030e+10	4.373336e+10	3.826143e+10	3.367751e+10	2.987521e+10	2.676628e+10	2.427858e+10	2.235435e+10	2.094895e+10	2.002975e+10	1.957543e+10	
1.513282e+11	1.301286e+11	1.119490e+11	9.636774e+10	8.302305e+10	7.160524e+10	6.184932e+10	5.352886e+10	4.645076e+10	4.045073e+10	3.538952e+10	3.114967e+10	2.763277e+10	2.475720e+10	2.245622e+10	2.067643e+10	1.937652e+10	1.852631e+10	1.810609e+10	
1.379394e+11	1.186154e+11	1.020443e+11	8.784156e+10	7.567754e+10	6.526993e+10	5.637717e+10	4.879287e+10	4.234100e+10	3.687183e+10	3.225841e+10	2.839368e+10	2.518795e+10	2.256679e+10	2.046940e+10	1.884707e+10	1.766217e+10	1.688719e+10	1.650414e+10	
1.235783e+11	1.062661e+11	9.142029e+10	7.869623e+10	6.779863e+10	5.847457e+10	5.050765e+10	4.371296e+10	3.793281e+10	3.303304e+10	2.889994e+10	2.543757e+10	2.256559e+10	2.021733e+10	1.833829e+10	1.688487e+10	1.582333e+10	1.512904e+10	1.478587e+10	
1.083815e+11	9.319830e+10	8.017809e+10	6.901874e+10	5.946125e+10	5.128380e+10	4.429659e+10	3.833746e+10	3.326811e+10	2.897088e+10	2.534603e+10	2.230945e+10	1.979064e+10	1.773115e+10	1.608318e+10	1.480849e+10	1.387750e+10	1.326858e+10	1.296761e+10	
9.248555e+10	7.952919e+10	6.841862e+10	5.889598e+10	5.074025e+10	4.376216e+10	3.779975e+10	3.271463e+10	2.838878e+10	2.472181e+10	2.162861e+10	1.903739e+10	1.688800e+10	1.513058e+10	1.372431e+10	1.263658e+10	1.184213e+10	1.132252e+10	1.106569e+10	
7.602597e+10	6.537544e+10	5.624221e+10	4.841431e+10	4.171005e+10	3.597384e+10	3.107255e+10	2.689243e+10	2.333645e+10	2.032209e+10	1.777938e+10	1.564932e+10	1.388246e+10	1.243780e+10	1.128181e+10	1.038766e+10	9.734592e+09	9.307458e+09	9.096340e+09	
5.913704e+10	5.085249e+10	4.374818e+10	3.765922e+10	3.244429e+10	2.798237e+10	2.416988e+10	2.091836e+10	1.815233e+10	1.580760e+10	1.382975e+10	1.217287e+10	1.079852e+10	9.674781e+09	8.775590e+09	8.080071e+09	7.572083e+09	7.239835e+09	7.075617e+09	
4.195100e+10	3.607406e+10	3.103436e+10	2.671493e+10	2.301554e+10	1.985031e+10	1.714578e+10	1.483920e+10	1.287701e+10	1.121369e+10	9.810634e+09	8.635268e+09	7.660318e+09	6.863157e+09	6.225283e+09	5.731891e+09	5.371531e+09	5.135839e+09	5.019345e+09	
2.459751e+10	2.115163e+10	1.819666e+10	1.566401e+10	1.349491e+10	1.163901e+10	1.005324e+10	8.700801e+09	7.550296e+09	6.575027e+09	5.752358e+09	5.063195e+09	4.491544e+09	4.024137e+09	3.650126e+09	3.360832e+09	3.149538e+09	3.011343e+09	2.943038e+09	
7.203079e+09	6.193995e+09	5.328667e+09	4.587013e+09	3.951818e+09	3.408341e+09	2.943969e+09	2.547923e+09	2.211012e+09	1.925416e+09	1.684507e+09	1.482694e+09	1.315293e+09	1.178419e+09	1.068895e+09	9.841783e+08	9.223037e+08	8.818349e+08	8.618326e+08	
-1.010946e+10	-8.693216e+09	-7.478736e+09	-6.437831e+09	-5.546341e+09	-4.783576e+09	-4.131833e+09	-3.575987e+09	-3.103135e+09	-2.702304e+09	-2.364191e+09	-2.080948e+09	-1.846002e+09	-1.653901e+09	-1.500184e+09	-1.381285e+09	-1.294445e+09	-1.237647e+09	-1.209574e+09	
-2.722145e+10	-2.340798e+10	-2.013778e+10	-1.733497e+10	-1.493448e+10	-1.288060e+10	-1.112567e+10	-9.628959e+09	-8.355725e+09	-7.276419e+09	-6.365991e+09	-5.603311e+09	-4.970679e+09	-4.453412e+09	-4.039504e+09	-3.719349e+09	-3.485516e+09	-3.332578e+09	-3.256987e+09	
-4.401893e+10	-3.785229e+10	-3.256416e+10	-2.803182e+10	-2.415006e+10	-2.082881e+10	-1.799097e+10	-1.557068e+10	-1.351177e+10	-1.176646e+10	-1.029424e+10	-9.060934e+09	-8.037925e+09	-7.201469e+09	-6.532151e+09	-6.014439e+09	-5.636315e+09	-5.389005e+09	-5.266769e+09	
-6.039305e+10	-5.193255e+10	-4.467735e+10	-3.845906e+10	-3.313338e+10	-2.857668e+10	-2.468323e+10	-2.136265e+10	-1.853787e+10	-1.614334e+10	-1.412348e+10	-1.243141e+10	-1.102786e+10	-9.880264e+09	-8.961974e+09	-8.251684e+09	-7.732906e+09	-7.393602e+09	-7.225896e+09	
-7.624051e+10	-6.555992e+10	-5.640092e+10	-4.855092e+10	-4.182775e+10	-3.607536e+10	-3.116024e+10	-2.696832e+10	-2.340230e+10	-2.037944e+10	-1.782955e+10	-1.569348e+10	-1.392163e+10	-1.247290e+10	-1.131364e+10	-1.041697e+10	-9.762061e+09	-9.333722e+09	-9.122009e+09	
-9.146392e+10	-7.865068e+10	-6.766284e+10	-5.824539e+10	-5.017976e+10	-4.327875e+10	-3.738220e+10	-3.235325e+10	-2.807519e+10	-2.444872e+10	-2.138969e+10	-1.882709e+10	-1.670145e+10	-1.496344e+10	-1.357271e+10	-1.249699e+10	-1.171131e+10	-1.119744e+10	-1.094346e+10	
-1.059722e+11	-9.112650e+10	-7.839574e+10	-6.748446e+10	-5.813943e+10	-5.014376e+10	-4.331188e+10	-3.748522e+10	-3.252856e+10	-2.832686e+10	-2.478259e+10	-2.181351e+10	-1.935069e+10	-1.733699e+10	-1.572566e+10	-1.447930e+10	-1.356900e+10	-1.297362e+10	-1.267934e+10	
-1.196809e+11	-1.029148e+11	-8.853712e+10	-7.621434e+10	-6.566043e+10	-5.663043e+10	-4.891476e+10	-4.233436e+10	-3.673650e+10	-3.199126e+10	-2.798850e+10	-2.463533e+10	-2.185392e+10	-1.957972e+10	-1.775995e+10	-1.635236e+10	-1.532430e+10	-1.465190e+10	-1.431956e+10	
-1.325125e+11	-1.139487e+11	-9.802959e+10	-8.438563e+10	-7.270018e+10	-6.270203e+10	-5.415914e+10	-4.687322e+10	-4.067519e+10	-3.542119e+10	-3.098928e+10	-2.727660e+10	-2.419698e+10	-2.167895e+10	-1.966407e+10	-1.810558e+10	-1.696729e+10	-1.622280e+10	-1.585483e+10	
-1.443964e+11	-1.241678e+11	-1.068210e+11	-9.195345e+10	-7.922004e+10	-6.832524e+10	-5.901621e+10	-5.107688e+10	-4.432300e+10	-3.859781e+10	-3.376844e+10	-2.972280e+10	-2.636700e+10	-2.362315e+10	-2.142758e+10	-1.972931e+10	-1.848894e+10	-1.767769e+10	-1.727671e+10	
-1.552696e+11	-1.335177e+11	-1.148647e+11	-9.887763e+10	-8.518537e+10	-7.347019e+10	-6.346018e+10	-5.492301e+10	-4.766056e+10	-4.150426e+10	-3.631123e+10	-3.196096e+10	-2.835246e+10	-2.540200e+10	-2.304109e+10	-2.121494e+10	-1.988118e+10	-1.900883e+10	-1.857766e+10	
-1.650764e+11	-1.419507e+11	-1.221196e+11	-1.051227e+11	-9.056568e+10	-7.811056e+10	-6.746832e+10	-5.839195e+10	-5.067080e+10	-4.412567e+10	-3.860465e+10	-3.397961e+10	-3.014320e+10	-2.700639e+10	-2.449636e+10	-2.255488e+10	-2.113687e+10	-2.020943e+10	-1.975102e+10	
-1.737689e+11	-1.494255e+11	-1.285501e+11	-1.106582e+11	-9.533463e+10	-8.222366e+10	-7.102103e+10	-6.146672e+10	-5.333899e+10	-4.644921e+10	-4.063747e+10	-3.576889e+10	-3.173046e+10	-2.842847e+10	-2.578628e+10	-2.374256e+10	-2.224988e+10	-2.127360e+10	-2.079106e+10	
-1.813068e+11	-1.559074e+11	-1.341265e+11	-1.154585e+11	-9.947015e+10	-8.579044e+10	-7.410185e+10	-6.413308e+10	-5.565278e+10	-4.846413e+10	-4.240028e+10	-3.732050e+10	-3.310690e+10	-2.966167e+10	-2.690486e+10	-2.477249e+10	-2.321506e+10	-2.219643e+10	-2.169296e+10	
-1.876577e+11	-1.613686e+11	-1.388247e+11	-1.195028e+11	-1.029544e+11	-8.879554e+10	-7.669751e+10	-6.637956e+10	-5.760221e+10	-5.016175e+10	-4.388549e+10	-3.862778e+10	-3.426658e+10	-3.070067e+10	-2.784729e+10	-2.564023e+10	-2.402824e+10	-2.297393e+10	-2.245283e+10	
-1.927968e+11	-1.657877e+11	-1.426265e+11	-1.227754e+11	-1.057739e+11	-9.122726e+10	-7.879792e+10	-6.819740e+10	-5.917968e+10	-5.153546e+10	-4.508733e+10	-3.968563e+10	-3.520499e+10	-3.154143e+10	-2.860991e+10	-2.634240e+10	-2.468627e+10	-2.360309e+10	-2.306771e+10	
-1.967072e+11	-1.691504e+11	-1.455194e+11	-1.252657e+11	-1.079193e+11	-9.307761e+10	-8.039617e+10	-6.958064e+10	-6.038001e+10	-5.258074e+10	-4.600182e+10	-4.049056e+10	-3.591905e+10	-3.218118e+10	-2.919020e+10	-2.687670e+10	-2.518698e+10	-2.408183e+10	-2.353559e+10	
-1.993798e+11	-1.714485e+11	-1.474964e+11	-1.269676e+11	-1.093855e+11	-9.434220e+10	-8.148846e+10	-7.052599e+10	-6.120036e+10	-5.329513e+10	-4.662683e+10	-4.104068e+10	-3.640706e+10	-3.261840e+10	-2.958679e+10	-2.724186e+10	-2.552918e+10	-2.440901e+10	-2.385535e+10	
-2.008128e+11	-1.726808e+11	-1.485565e+11	-1.278801e+11	-1.101717e+11	-9.502026e+10	-8.207414e+10	-7.103288e+10	-6.164022e+10	-5.367818e+10	-4.696194e+10	-4.133566e+10	-3.666873e+10	-3.285284e+10	-2.979944e+10	-2.743765e+10	-2.571267e+10	-2.458445e+10	-2.402681e+10	
-2.010120e+11	-1.728521e+11	-1.487039e+11	-1.280070e+11	-1.102810e+11	-9.511454e+10	-8.215558e+10	-7.110336e+10	-6.170138e+10	-5.373144e+10	-4.700854e+10	-4.137667e+10	-3.670511e+10	-3.288544e+10	-2.982901e+10	-2.746488e+10	-2.573818e+10	-2.460884e+10	-2.405065e+10	
-1.999906e+11	-1.719738e+11	-1.479483e+11	-1.273566e+11	-1.097207e+11	-9.463124e+10	-8.173812e+10	-7.074206e+10	-6.138786e+10	-5.345841e+10	-4.676968e+10	-4.116642e+10	-3.651860e+10	-3.271834e+10	-2.967744e+10	-2.732532e+10	-2.560740e+10	-2.448380e+10	-2.392844e+10	
-1.977687e+11	-1.700632e+11	-1.463046e+11	-1.259416e+11	-1.085017e+11	-9.357988e+10	-8.083001e+10	-6.995612e+10	-6.070584e+10	-5.286449e+10	-4.625006e+10	-4.070906e+10	-3.611288e+10	-3.235484e+10	-2.934772e+10	-2.702173e+10	-2.532290e+10	-2.421178e+10	-2.366259e+10	
-1.943733e+11	-1.671435e+11	-1.437928e+11	-1.237794e+11	-1.066388e+11	-9.197326e+10	-7.944228e+10	-6.875508e+10	-5.966361e+10	-5.195688e+10	-4.545602e+10	-4.001015e+10	-3.549287e+10	-3.179935e+10	-2.884386e+10	-2.655781e+10	-2.488814e+10	-2.379610e+10	-2.325634e+10	
-1.898380e+11	-1.632435e+11	-1.404377e+11	-1.208913e+11	-1.041506e+11	-8.982725e+10	-7.758865e+10	-6.715081e+10	-5.827148e+10	-5.074457e+10	-4.439540e+10	-3.907659e+10	-3.466472e+10	-3.105738e+10	-2.817085e+10	-2.593814e+10	-2.430743e+10	-2.324087e+10	-2.271370e+10	
-1.842026e+11	-1.583976e+11	-1.362687e+11	-1.173026e+11	-1.010589e+11	-8.716070e+10	-7.528541e+10	-6.515742e+10	-5.654167e+10	-4.923820e+10	-4.307750e+10	-3.791659e+10	-3.363568e+10	-3.013543e+10	-2.733459e+10	-2.516816e+10	-2.358585e+10	-2.255095e+10	-2.203944e+10	
-1.775129e+11	-1.526450e+11	-1.313198e+11	-1.130425e+11	-9.738872e+10	-8.399526e+10	-7.255125e+10	-6.279109e+10	-5.448824e+10	-4.745001e+10	-4.151305e+10	-3.653957e+10	-3.241413e+10	-2.904100e+10	-2.634187e+10	-2.425412e+10	-2.272928e+10	-2.173197e+10	-2.123903e+10	
-1.698202e+11	-1.460300e+11	-1.256290e+11	-1.081437e+11	-9.316830e+10	-8.035526e+10	-6.940718e+10	-6.006998e+10	-5.212695e+10	-4.539372e+10	-3.971405e+10	-3.495609e+10	-3.100944e+10	-2.778248e+10	-2.520033e+10	-2.320305e+10	-2.174429e+10	-2.079019e+10	-2.031862e+10	
-1.611812e+11	-1.386012e+11	-1.192380e+11	-1.026422e+11	-8.842867e+10	-7.626745e+10	-6.587632e+10	-5.701412e+10	-4.947516e+10	-4.308447e+10	-3.769373e+10	-3.317782e+10	-2.943194e+10	-2.636914e+10	-2.391834e+10	-2.202267e+10	-2.063812e+10	-1.973256e+10	-1.928498e+10	
-1.516572e+11	-1.304114e+11	-1.121924e+11	-9.657722e+10	-8.320352e+10	-7.176089e+10	-6.198376e+10	-5.364522e+10	-4.655173e+10	-4.053866e+10	-3.546645e+10	-3.121738e+10	-2.769283e+10	-2.481102e+10	-2.250503e+10	-2.072137e+10	-1.941864e+10	-1.856659e+10	-1.814545e+10	
-1.413140e+11	-1.215172e+11	-1.045407e+11	-8.999054e+10	-7.752895e+10	-6.686672e+10	-5.775640e+10	-4.998656e+10	-4.337685e+10	-3.777387e+10	-3.304759e+10	-2.908832e+10	-2.580415e+10	-2.311888e+10	-2.097017e+10	-1.930815e+10	-1.809426e+10	-1.730032e+10	-1.690791e+10	
-1.302214e+11	-1.119786e+11	-9.633470e+10	-8.292664e+10	-7.144323e+10	-6.161794e+10	-5.322275e+10	-4.606281e+10	-3.997194e+10	-3.480877e+10	-3.045349e+10	-2.680500e+10	-2.377863e+10	-2.130414e+10	-1.932409e+10	-1.779254e+10	-1.667393e+10	-1.594232e+10	-1.558070e+10	
-1.184527e+11	-1.018586e+11	-8.762850e+10	-7.543219e+10	-6.498658e+10	-5.604925e+10	-4.841277e+10	-4.189990e+10	-3.635949e+10	-3.166295e+10	-2.770127e+10	-2.438251e+10	-2.162965e+10	-1.937878e+10	-1.757769e+10	-1.618455e+10	-1.516704e+10	-1.450154e+10	-1.417261e+10	
-1.060843e+11	-9.122284e+10	-7.847862e+10	-6.755581e+10	-5.820090e+10	-5.019678e+10	-4.335767e+10	-3.752485e+10	-3.256295e+10	-2.835681e+10	-2.480879e+10	-2.183657e+10	-1.937115e+10	-1.735532e+10	-1.574228e+10	-1.449461e+10	-1.358334e+10	-1.298733e+10	-1.269275e+10	
-9.319504e+10	-8.013929e+10	-6.894348e+10	-5.934779e+10	-5.112950e+10	-4.409788e+10	-3.808972e+10	-3.296559e+10	-2.860656e+10	-2.491146e+10	-2.179453e+10	-1.918343e+10	-1.701756e+10	-1.524665e+10	-1.382960e+10	-1.273352e+10	-1.193297e+10	-1.140938e+10	-1.115058e+10	
-7.986612e+10	-6.867762e+10	-5.908306e+10	-5.085976e+10	-4.381687e+10	-3.779092e+10	-3.264206e+10	-2.825079e+10	-2.451520e+10	-2.134858e+10	-1.867744e+10	-1.643978e+10	-1.458368e+10	-1.306605e+10	-1.185166e+10	-1.091235e+10	-1.022630e+10	-9.777587e+09	-9.555806e+09	
-6.618023e+10	-5.690900e+10	-4.895856e+10	-4.214441e+10	-3.630839e+10	-3.131505e+10	-2.704850e+10	-2.340973e+10	-2.031426e+10	-1.769028e+10	-1.547686e+10	-1.362265e+10	-1.208461e+10	-1.082704e+10	-9.820757e+09	-9.042403e+09	-8.473913e+09	-8.102095e+09	-7.918319e+09	
-5.222124e+10	-4.490553e+10	-3.863203e+10	-3.325515e+10	-2.865008e+10	-2.470996e+10	-2.134333e+10	-1.847206e+10	-1.602950e+10	-1.395898e+10	-1.221242e+10	-1.074931e+10	-9.535679e+09	-8.543361e+09	-7.749325e+09	-7.135144e+09	-6.686563e+09	-6.393170e+09	-6.248157e+09	
-3.807372e+10	-3.273994e+10	-2.816603e+10	-2.424583e+10	-2.088834e+10	-1.801566e+10	-1.556110e+10	-1.346770e+10	-1.168687e+10	-1.017728e+10	-8.903894e+09	-7.837160e+09	-6.952319e+09	-6.228835e+09	-5.649916e+09	-5.202126e+09	-4.875072e+09	-4.661164e+09	-4.555436e+09	
-2.382241e+10	-2.048511e+10	-1.762325e+10	-1.517041e+10	-1.306966e+10	-1.127225e+10	-9.736450e+09	-8.426626e+09	-7.312376e+09	-6.367838e+09	-5.571092e+09	-4.903646e+09	-4.350008e+09	-3.897330e+09	-3.535105e+09	-3.254927e+09	-3.050292e+09	-2.916451e+09	-2.850299e+09	
-9.551793e+09	-8.213676e+09	-7.066190e+09	-6.082704e+09	-5.240391e+09	-4.519702e+09	-3.903911e+09	-3.378726e+09	-2.931958e+09	-2.553238e+09	-2.233776e+09	-1.966158e+09	-1.744172e+09	-1.562667e+09	-1.417430e+09	-1.305090e+09	-1.223040e+09	-1.169376e+09	-1.142851e+09	
4.654401e+09	4.002363e+09	3.443215e+09	2.963982e+09	2.553539e+09	2.202362e+09	1.902299e+09	1.646387e+09	1.428686e+09	1.244143e+09	1.088475e+09	9.580700e+08	8.499008e+08	7.614570e+08	6.906858e+08	6.359448e+08	5.959634e+08	5.698137e+08	5.568889e+08	
