-3.515342e-16	-3.465353e-16	-3.429080e-16	-3.398342e-16	-3.367700e-16	-3.332556e-16	-3.287819e-16	-3.228088e-16	-3.155900e-16	
-5.168799e-03	-4.491744e-03	-3.251895e-03	-1.696606e-03	-2.191564e-11	1.696606e-03	3.251895e-03	4.491744e-03	5.168799e-03	
-1.034844e-02	-8.992596e-03	-6.510271e-03	-3.396564e-03	-4.385361e-11	3.396564e-03	6.510271e-03	8.992596e-03	1.034844e-02	
-1.554987e-02	-1.351174e-02	-9.781659e-03	-5.103253e-03	-6.583701e-11	5.103253e-03	9.781658e-03	1.351174e-02	1.554986e-02	
-2.078416e-02	-1.805849e-02	-1.307269e-02	-6.820104e-03	-8.788847e-11	6.820104e-03	1.307269e-02	1.805849e-02	2.078416e-02	
-2.606270e-02	-2.264240e-02	-1.639016e-02	-8.550628e-03	-1.100324e-10	8.550628e-03	1.639016e-02	2.264240e-02	2.606270e-02	
-3.139719e-02	-2.727330e-02	-1.974105e-02	-1.029845e-02	-1.322919e-10	1.029845e-02	1.974105e-02	2.727330e-02	3.139718e-02	
-3.679979e-02	-3.196141e-02	-2.313265e-02	-1.206732e-02	-1.546932e-10	1.206732e-02	2.313265e-02	3.196141e-02	3.679979e-02	
-4.228326e-02	-3.671743e-02	-2.657256e-02	-1.386118e-02	-1.772611e-10	1.386118e-02	2.657256e-02	3.671743e-02	4.228325e-02	
-4.786098e-02	-4.155261e-02	-3.006879e-02	-1.568418e-02	-2.000234e-10	1.568417e-02	3.006879e-02	4.155261e-02	4.786098e-02	
-5.354720e-02	-4.647891e-02	-3.362985e-02	-1.754070e-02	-2.230087e-10	1.754070e-02	3.362985e-02	4.647891e-02	5.354720e-02	
-5.935710e-02	-5.150908e-02	-3.726480e-02	-1.943545e-02	-2.462458e-10	1.943545e-02	3.726480e-02	5.150908e-02	5.935709e-02	
-6.530699e-02	-5.665682e-02	-4.098339e-02	-2.137347e-02	-2.697683e-10	2.137347e-02	4.098339e-02	5.665682e-02	6.530699e-02	
-7.141453e-02	-6.193695e-02	-4.479616e-02	-2.336020e-02	-2.936101e-10	2.336020e-02	4.479616e-02	6.193695e-02	7.141453e-02	
-7.769891e-02	-6.736558e-02	-4.871459e-02	-2.540158e-02	-3.178090e-10	2.540158e-02	4.871458e-02	6.736558e-02	7.769890e-02	
-8.418111e-02	-7.296035e-02	-5.275119e-02	-2.750409e-02	-3.424042e-10	2.750409e-02	5.275119e-02	7.296034e-02	8.418110e-02	
-9.088423e-02	-7.874063e-02	-5.691977e-02	-2.967487e-02	-3.674381e-10	2.967487e-02	5.691977e-02	7.874063e-02	9.088423e-02	
-9.783384e-02	-8.472790e-02	-6.123561e-02	-3.192182e-02	-3.929629e-10	3.192182e-02	6.123561e-02	8.472790e-02	9.783384e-02	
-1.050584e-01	-9.094605e-02	-6.571568e-02	-3.425372e-02	-4.190270e-10	3.425372e-02	6.571568e-02	9.094605e-02	1.050584e-01	
-1.125897e-01	-9.742181e-02	-7.037902e-02	-3.668041e-02	-4.456935e-10	3.668041e-02	7.037902e-02	9.742181e-02	1.125897e-01	
-1.204637e-01	-1.041853e-01	-7.524702e-02	-3.921297e-02	-4.730252e-10	3.921297e-02	7.524702e-02	1.041853e-01	1.204637e-01	
-1.287209e-01	-1.112705e-01	-8.034393e-02	-4.186392e-02	-5.010922e-10	4.186392e-02	8.034393e-02	1.112705e-01	1.287209e-01	
-1.374076e-01	-1.187164e-01	-8.569736e-02	-4.464757e-02	-5.299841e-10	4.464757e-02	8.569736e-02	1.187164e-01	1.374076e-01	
-1.465768e-01	-1.265674e-01	-9.133898e-02	-4.758027e-02	-5.597902e-10	4.758027e-02	9.133897e-02	1.265674e-01	1.465768e-01	
-1.562896e-01	-1.348749e-01	-9.730528e-02	-5.068092e-02	-5.906205e-10	5.068092e-02	9.730528e-02	1.348749e-01	1.562896e-01	
-1.666171e-01	-1.436984e-01	-1.036387e-01	-5.397145e-02	-6.225958e-10	5.397144e-02	1.036387e-01	1.436984e-01	1.666171e-01	
-1.776423e-01	-1.531078e-01	-1.103888e-01	-5.747752e-02	-6.558649e-10	5.747752e-02	1.103888e-01	1.531078e-01	1.776423e-01	
-1.894633e-01	-1.631853e-01	-1.176142e-01	-6.122940e-02	-6.905933e-10	6.122939e-02	1.176142e-01	1.631853e-01	1.894633e-01	
-2.021965e-01	-1.740286e-01	-1.253843e-01	-6.526302e-02	-7.269804e-10	6.526302e-02	1.253843e-01	1.740286e-01	2.021965e-01	
-2.159815e-01	-1.857550e-01	-1.337825e-01	-6.962152e-02	-7.652674e-10	6.962152e-02	1.337825e-01	1.857550e-01	2.159815e-01	
-2.309873e-01	-1.985062e-01	-1.429097e-01	-7.435707e-02	-8.057351e-10	7.435706e-02	1.429097e-01	1.985062e-01	2.309873e-01	
-2.474206e-01	-2.124558e-01	-1.528893e-01	-7.953350e-02	-8.487312e-10	7.953350e-02	1.528893e-01	2.124558e-01	2.474206e-01	
-2.655372e-01	-2.278186e-01	-1.638741e-01	-8.522982e-02	-8.946840e-10	8.522981e-02	1.638741e-01	2.278186e-01	2.655372e-01	
-2.856577e-01	-2.448637e-01	-1.760554e-01	-9.154501e-02	-9.441270e-10	9.154500e-02	1.760554e-01	2.448637e-01	2.856577e-01	
-3.081897e-01	-2.639331e-01	-1.896766e-01	-9.860491e-02	-9.977432e-10	9.860491e-02	1.896766e-01	2.639331e-01	3.081897e-01	
-3.336596e-01	-2.854688e-01	-2.050519e-01	-1.065721e-01	-1.056382e-09	1.065721e-01	2.050519e-01	2.854688e-01	3.336596e-01	
-3.627599e-01	-3.100520e-01	-2.225947e-01	-1.156603e-01	-1.121205e-09	1.156603e-01	2.225947e-01	3.100520e-01	3.627599e-01	
-3.964205e-01	-3.384632e-01	-2.428603e-01	-1.261568e-01	-1.193716e-09	1.261568e-01	2.428603e-01	3.384632e-01	3.964205e-01	
-4.359209e-01	-3.717766e-01	-2.666125e-01	-1.384565e-01	-1.276030e-09	1.384565e-01	2.666125e-01	3.717766e-01	4.359209e-01	
-4.830724e-01	-4.115124e-01	-2.949326e-01	-1.531189e-01	-1.371078e-09	1.531188e-01	2.949326e-01	4.115124e-01	4.830723e-01	
-5.405268e-01	-4.598967e-01	-3.294039e-01	-1.709625e-01	-1.483188e-09	1.709625e-01	3.294039e-01	4.598967e-01	5.405268e-01	
-6.123304e-01	-5.203256e-01	-3.724417e-01	-1.932369e-01	-1.618950e-09	1.932369e-01	3.724417e-01	5.203256e-01	6.123304e-01	
-7.049804e-01	-5.982531e-01	-4.279251e-01	-2.219481e-01	-1.788887e-09	2.219481e-01	4.279251e-01	5.982531e-01	7.049804e-01	
-8.296162e-01	-7.030291e-01	-5.025040e-01	-2.605356e-01	-2.011096e-09	2.605356e-01	5.025040e-01	7.030291e-01	8.296162e-01	
-1.007071e+00	-8.521409e-01	-6.086158e-01	-3.154318e-01	-2.319350e-09	3.154318e-01	6.086158e-01	8.521408e-01	1.007071e+00	
-1.281359e+00	-1.082534e+00	-7.725371e-01	-4.002272e-01	-2.784951e-09	4.002271e-01	7.725371e-01	1.082534e+00	1.281359e+00	
-1.764368e+00	-1.488123e+00	-1.061063e+00	-5.494681e-01	-3.589209e-09	5.494681e-01	1.061063e+00	1.488123e+00	1.764368e+00	
-2.848817e+00	-2.398552e+00	-1.708645e+00	-8.844124e-01	-5.368214e-09	8.844124e-01	1.708645e+00	2.398552e+00	2.848817e+00	
-7.574105e+00	-6.365042e+00	-4.529780e+00	-2.343517e+00	-1.304503e-08	2.343517e+00	4.529780e+00	6.365042e+00	7.574105e+00	
1.092913e+01	9.166109e+00	6.516336e+00	3.369512e+00	1.690127e-08	-3.369512e+00	-6.516336e+00	-9.166109e+00	-1.092913e+01	
3.114736e+00	2.606674e+00	1.851027e+00	9.566014e-01	4.219539e-09	-9.566014e-01	-1.851027e+00	-2.606674e+00	-3.114736e+00	
1.790828e+00	1.495245e+00	1.060488e+00	5.477196e-01	2.049791e-09	-5.477196e-01	-1.060488e+00	-1.495245e+00	-1.790828e+00	
1.241232e+00	1.033761e+00	7.322072e-01	3.779173e-01	1.133340e-09	-3.779173e-01	-7.322072e-01	-1.033761e+00	-1.241232e+00	
9.386280e-01	7.795965e-01	5.513779e-01	2.843767e-01	6.159618e-10	-2.843767e-01	-5.513778e-01	-7.795965e-01	-9.386280e-01	
7.458182e-01	6.175915e-01	4.360943e-01	2.247364e-01	2.754099e-10	-2.247364e-01	-4.360943e-01	-6.175915e-01	-7.458182e-01	
6.112518e-01	5.044743e-01	3.555809e-01	1.830791e-01	2.807644e-11	-1.830791e-01	-3.555809e-01	-5.044743e-01	-6.112518e-01	
5.112032e-01	4.203303e-01	2.956738e-01	1.520793e-01	-1.645548e-10	-1.520793e-01	-2.956738e-01	-4.203303e-01	-5.112032e-01	
4.332206e-01	3.547074e-01	2.489390e-01	1.278922e-01	-3.228323e-10	-1.278922e-01	-2.489390e-01	-3.547074e-01	-4.332206e-01	
3.701306e-01	3.015843e-01	2.110943e-01	1.083029e-01	-4.584431e-10	-1.083029e-01	-2.110943e-01	-3.015843e-01	-3.701306e-01	
3.174998e-01	2.572396e-01	1.794926e-01	9.194252e-02	-5.787734e-10	-9.194252e-02	-1.794926e-01	-2.572396e-01	-3.174998e-01	
2.724307e-01	2.192412e-01	1.524043e-01	7.791629e-02	-6.886568e-10	-7.791629e-02	-1.524043e-01	-2.192412e-01	-2.724307e-01	
2.329394e-01	1.859238e-01	1.286449e-01	6.561166e-02	-7.915247e-10	-6.561166e-02	-1.286449e-01	-1.859238e-01	-2.329394e-01	
1.976114e-01	1.560999e-01	1.073697e-01	5.459179e-02	-8.899138e-10	-5.459179e-02	-1.073697e-01	-1.560999e-01	-1.976114e-01	
1.653992e-01	1.288902e-01	8.795335e-02	4.453320e-02	-9.857708e-10	-4.453320e-02	-8.795335e-02	-1.288902e-01	-1.653992e-01	
1.354984e-01	1.036193e-01	6.991547e-02	3.518742e-02	-1.080740e-09	-3.518742e-02	-6.991547e-02	-1.036193e-01	-1.354984e-01	
1.072671e-01	7.974832e-02	5.287274e-02	2.635619e-02	-1.176227e-09	-2.635619e-02	-5.287274e-02	-7.974833e-02	-1.072671e-01	
8.017215e-02	5.682949e-02	3.650656e-02	1.787471e-02	-1.273554e-09	-1.787471e-02	-3.650656e-02	-5.682950e-02	-8.017216e-02	
5.374983e-02	3.447343e-02	2.053993e-02	9.599706e-03	-1.374031e-09	-9.599709e-03	-2.053994e-02	-3.447343e-02	-5.374983e-02	
2.757676e-02	1.232447e-02	4.719826e-03	1.400277e-03	-1.478974e-09	-1.400280e-03	-4.719831e-03	-1.232447e-02	-2.757677e-02	
1.245172e-03	-9.959983e-03	-1.119756e-02	-6.849698e-03	-1.589871e-09	6.849695e-03	1.119755e-02	9.959977e-03	-1.245182e-03	
-2.565983e-02	-3.272858e-02	-2.746033e-02	-1.527858e-02	-1.708366e-09	1.527858e-02	2.746033e-02	3.272857e-02	2.565982e-02	
-5.358383e-02	-5.635582e-02	-4.433504e-02	-2.402427e-02	-1.836446e-09	2.402427e-02	4.433504e-02	5.635581e-02	5.358382e-02	
-8.303042e-02	-8.126504e-02	-6.212300e-02	-3.324267e-02	-1.976512e-09	3.324267e-02	6.212299e-02	8.126503e-02	8.303041e-02	
-1.145960e-01	-1.079577e-01	-8.118115e-02	-4.311848e-02	-2.131549e-09	4.311847e-02	8.118115e-02	1.079577e-01	1.145960e-01	
-1.490177e-01	-1.370534e-01	-1.019506e-01	-5.387994e-02	-2.305461e-09	5.387993e-02	1.019506e-01	1.370534e-01	1.490177e-01	
-1.872423e-01	-1.693486e-01	-1.249983e-01	-6.582036e-02	-2.503368e-09	6.582036e-02	1.249983e-01	1.693486e-01	1.872423e-01	
-2.305326e-01	-2.059050e-01	-1.510801e-01	-7.933094e-02	-2.732240e-09	7.933093e-02	1.510801e-01	2.059050e-01	2.305326e-01	
-2.806367e-01	-2.481927e-01	-1.812426e-01	-9.495318e-02	-3.001848e-09	9.495317e-02	1.812426e-01	2.481926e-01	2.806367e-01	
-3.400720e-01	-2.983287e-01	-2.169931e-01	-1.134670e-01	-3.326454e-09	1.134670e-01	2.169931e-01	2.983287e-01	3.400719e-01	
-4.126292e-01	-3.595011e-01	-2.606011e-01	-1.360469e-01	-3.727540e-09	1.360469e-01	2.606011e-01	3.595011e-01	4.126291e-01	
-5.043243e-01	-4.367693e-01	-3.156687e-01	-1.645568e-01	-4.239376e-09	1.645568e-01	3.156687e-01	4.367693e-01	5.043242e-01	
-6.253479e-01	-5.387035e-01	-3.882975e-01	-2.021539e-01	-4.920160e-09	2.021539e-01	3.882975e-01	5.387035e-01	6.253478e-01	
-7.944900e-01	-6.811064e-01	-4.897380e-01	-2.546599e-01	-5.877250e-09	2.546599e-01	4.897380e-01	6.811063e-01	7.944900e-01	
-1.050697e+00	-8.967319e-01	-6.433094e-01	-3.341417e-01	-7.333322e-09	3.341417e-01	6.433094e-01	8.967319e-01	1.050697e+00	
-1.490101e+00	-1.266428e+00	-9.065711e-01	-4.703837e-01	-9.838148e-09	4.703837e-01	9.065711e-01	1.266428e+00	1.490101e+00	
-2.432067e+00	-2.058783e+00	-1.470744e+00	-7.623353e-01	-1.521847e-08	7.623352e-01	1.470744e+00	2.058782e+00	2.432067e+00	
-5.965070e+00	-5.030218e+00	-3.586309e+00	-1.857069e+00	-3.542009e-08	1.857069e+00	3.586309e+00	5.030217e+00	5.965070e+00	
1.587567e+01	1.333785e+01	9.490738e+00	4.909760e+00	8.951527e-08	-4.909760e+00	-9.490738e+00	-1.333785e+01	-1.587567e+01	
3.525869e+00	2.951418e+00	2.096084e+00	1.083310e+00	1.888023e-08	-1.083310e+00	-2.096084e+00	-2.951418e+00	-3.525869e+00	
2.013228e+00	1.679122e+00	1.190217e+00	6.145453e-01	1.023315e-08	-6.145453e-01	-1.190217e+00	-1.679122e+00	-2.013228e+00	
1.419527e+00	1.179658e+00	8.345675e-01	4.304960e-01	6.841834e-09	-4.304960e-01	-8.345675e-01	-1.179658e+00	-1.419527e+00	
1.100292e+00	9.110240e-01	6.432555e-01	3.314848e-01	5.020093e-09	-3.314848e-01	-6.432555e-01	-9.110239e-01	-1.100292e+00	
8.994584e-01	7.419656e-01	5.228366e-01	2.691579e-01	3.875190e-09	-2.691579e-01	-5.228366e-01	-7.419656e-01	-8.994584e-01	
7.603813e-01	6.248448e-01	4.393945e-01	2.259650e-01	3.083219e-09	-2.259650e-01	-4.393945e-01	-6.248448e-01	-7.603813e-01	
6.575328e-01	5.381926e-01	3.776444e-01	1.939969e-01	2.498043e-09	-1.939969e-01	-3.776444e-01	-5.381925e-01	-6.575328e-01	
5.777063e-01	4.709020e-01	3.296789e-01	1.691618e-01	2.044300e-09	-1.691617e-01	-3.296789e-01	-4.709020e-01	-5.777063e-01	
5.133746e-01	4.166430e-01	2.909912e-01	1.491275e-01	1.678939e-09	-1.491275e-01	-2.909912e-01	-4.166430e-01	-5.133746e-01	
4.599260e-01	3.715369e-01	2.588201e-01	1.324653e-01	1.375587e-09	-1.324653e-01	-2.588201e-01	-3.715369e-01	-4.599260e-01	
4.143697e-01	3.330687e-01	2.313749e-01	1.182487e-01	1.117212e-09	-1.182487e-01	-2.313749e-01	-3.330687e-01	-4.143697e-01	
3.746739e-01	2.995297e-01	2.074392e-01	1.058481e-01	8.921829e-10	-1.058481e-01	-2.074392e-01	-2.995297e-01	-3.746739e-01	
3.394026e-01	2.697122e-01	1.861532e-01	9.481872e-02	6.923999e-10	-9.481871e-02	-1.861532e-01	-2.697122e-01	-3.394026e-01	
3.075041e-01	2.427321e-01	1.668876e-01	8.483482e-02	5.118115e-10	-8.483482e-02	-1.668876e-01	-2.427321e-01	-3.075041e-01	
2.781826e-01	2.179201e-01	1.491659e-01	7.564995e-02	3.459485e-10	-7.564995e-02	-1.491659e-01	-2.179201e-01	-2.781826e-01	
2.508161e-01	1.947533e-01	1.326159e-01	6.707147e-02	1.912932e-10	-6.707147e-02	-1.326159e-01	-1.947533e-01	-2.508161e-01	
2.249016e-01	1.728090e-01	1.169367e-01	5.894373e-02	4.503192e-11	-5.894373e-02	-1.169367e-01	-1.728090e-01	-2.249016e-01	
2.000181e-01	1.517332e-01	1.018764e-01	5.113642e-02	-9.524630e-11	-5.113642e-02	-1.018764e-01	-1.517332e-01	-2.000181e-01	
1.757989e-01	1.312181e-01	8.721598e-02	4.353615e-02	-2.315128e-10	-4.353615e-02	-8.721598e-02	-1.312181e-01	-1.757989e-01	
1.519112e-01	1.109838e-01	7.275634e-02	3.604002e-02	-3.655994e-10	-3.604002e-02	-7.275634e-02	-1.109838e-01	-1.519112e-01	
1.280385e-01	9.076487e-02	5.830857e-02	2.855028e-02	-4.993094e-10	-2.855028e-02	-5.830857e-02	-9.076487e-02	-1.280385e-01	
1.038657e-01	7.029665e-02	4.368453e-02	2.096962e-02	-6.342315e-10	-2.096962e-02	-4.368453e-02	-7.029665e-02	-1.038657e-01	
7.906345e-02	4.930296e-02	2.868779e-02	1.319649e-02	-7.722097e-10	-1.319649e-02	-2.868780e-02	-4.930296e-02	-7.906346e-02	
5.327200e-02	2.748196e-02	1.310379e-02	5.119908e-03	-9.151596e-10	-5.119910e-03	-1.310380e-02	-2.748196e-02	-5.327201e-02	
2.608087e-02	4.489488e-03	-3.312113e-03	-3.386604e-03	-1.065175e-09	3.386602e-03	3.312110e-03	-4.489493e-03	-2.608088e-02	
-2.996583e-03	-2.008240e-02	-2.084988e-02	-1.247296e-02	-1.224923e-09	1.247296e-02	2.084987e-02	2.008239e-02	2.996575e-03	
-3.455821e-02	-4.673480e-02	-3.986561e-02	-2.232328e-02	-1.397443e-09	2.232328e-02	3.986561e-02	4.673479e-02	3.455820e-02	
-6.936319e-02	-7.610392e-02	-6.081143e-02	-3.317129e-02	-1.586673e-09	3.317128e-02	6.081142e-02	7.610391e-02	6.936318e-02	
-1.084067e-01	-1.090237e-01	-8.427993e-02	-4.532334e-02	-1.797900e-09	4.532334e-02	8.427992e-02	1.090237e-01	1.084067e-01	
-1.530362e-01	-1.466231e-01	-1.110733e-01	-5.919412e-02	-2.038056e-09	5.919411e-02	1.110733e-01	1.466231e-01	1.530361e-01	
-2.051385e-01	-1.904831e-01	-1.423149e-01	-7.536438e-02	-2.316960e-09	7.536438e-02	1.423148e-01	1.904831e-01	2.051385e-01	
-2.674588e-01	-2.429037e-01	-1.796388e-01	-9.467888e-02	-2.648848e-09	9.467888e-02	1.796388e-01	2.429037e-01	2.674588e-01	
-3.441693e-01	-3.073802e-01	-2.255288e-01	-1.184215e-01	-3.055356e-09	1.184215e-01	2.255288e-01	3.073802e-01	3.441693e-01	
-4.419571e-01	-3.895153e-01	-2.839656e-01	-1.486501e-01	-3.571162e-09	1.486501e-01	2.839656e-01	3.895153e-01	4.419571e-01	
-5.722815e-01	-4.989093e-01	-3.617702e-01	-1.888908e-01	-4.255730e-09	1.888908e-01	3.617702e-01	4.989093e-01	5.722815e-01	
-7.565871e-01	-6.535281e-01	-4.717077e-01	-2.457423e-01	-5.220324e-09	2.457423e-01	4.717077e-01	6.535281e-01	7.565871e-01	
-1.040258e+00	-8.913938e-01	-6.407934e-01	-3.331699e-01	-6.699994e-09	3.331699e-01	6.407933e-01	8.913938e-01	1.040258e+00	
-1.539038e+00	-1.309473e+00	-9.379229e-01	-4.867886e-01	-9.295306e-09	4.867886e-01	9.379229e-01	1.309473e+00	1.539038e+00	
-2.661847e+00	-2.250351e+00	-1.606507e+00	-8.324269e-01	-1.512646e-08	8.324268e-01	1.606507e+00	2.250351e+00	2.661847e+00	
-7.643273e+00	-6.423889e+00	-4.571929e+00	-2.365393e+00	-4.096531e-08	2.365393e+00	4.571929e+00	6.423889e+00	7.643272e+00	
1.100252e+01	9.196911e+00	6.526729e+00	3.371926e+00	5.570799e-08	-3.371925e+00	-6.526729e+00	-9.196911e+00	-1.100252e+01	
3.399717e+00	2.827238e+00	2.000929e+00	1.032338e+00	1.627627e-08	-1.032338e+00	-2.000929e+00	-2.827238e+00	-3.399717e+00	
2.072276e+00	1.714919e+00	1.210533e+00	6.237298e-01	9.383869e-09	-6.237297e-01	-1.210533e+00	-1.714919e+00	-2.072276e+00	
1.517334e+00	1.249781e+00	8.799652e-01	4.528246e-01	6.496877e-09	-4.528246e-01	-8.799651e-01	-1.249781e+00	-1.517334e+00	
1.210667e+00	9.926400e-01	6.971807e-01	3.583146e-01	4.897153e-09	-3.583146e-01	-6.971807e-01	-9.926400e-01	-1.210667e+00	
1.014835e+00	8.283519e-01	5.803684e-01	2.979080e-01	3.871887e-09	-2.979080e-01	-5.803684e-01	-8.283519e-01	-1.014835e+00	
8.779990e-01	7.134882e-01	4.986719e-01	2.556541e-01	3.152510e-09	-2.556541e-01	-4.986719e-01	-7.134881e-01	-8.779990e-01	
7.762507e-01	6.280177e-01	4.378588e-01	2.241954e-01	2.614900e-09	-2.241953e-01	-4.378588e-01	-6.280176e-01	-7.762507e-01	
6.970247e-01	5.614135e-01	3.904496e-01	1.996654e-01	2.193852e-09	-1.996654e-01	-3.904496e-01	-5.614135e-01	-6.970247e-01	
6.330786e-01	5.076079e-01	3.521330e-01	1.798356e-01	1.851972e-09	-1.798356e-01	-3.521330e-01	-5.076079e-01	-6.330786e-01	
5.799376e-01	4.628520e-01	3.202452e-01	1.633288e-01	1.565958e-09	-1.633288e-01	-3.202452e-01	-4.628520e-01	-5.799376e-01	
5.346817e-01	4.246990e-01	2.930478e-01	1.492464e-01	1.320575e-09	-1.492464e-01	-2.930478e-01	-4.246990e-01	-5.346816e-01	
4.953177e-01	3.914790e-01	2.693541e-01	1.369748e-01	1.105579e-09	-1.369748e-01	-2.693541e-01	-3.914790e-01	-4.953177e-01	
4.604326e-01	3.620076e-01	2.483225e-01	1.260791e-01	9.135828e-10	-1.260791e-01	-2.483225e-01	-3.620076e-01	-4.604326e-01	
4.289899e-01	3.354164e-01	2.293358e-01	1.162401e-01	7.391989e-10	-1.162401e-01	-2.293358e-01	-3.354164e-01	-4.289899e-01	
4.002050e-01	3.110475e-01	2.119265e-01	1.072161e-01	5.783648e-10	-1.072161e-01	-2.119265e-01	-3.110475e-01	-4.002050e-01	
3.734660e-01	2.883877e-01	1.957298e-01	9.881849e-02	4.278093e-10	-9.881849e-02	-1.957298e-01	-2.883877e-01	-3.734660e-01	
3.482800e-01	2.670238e-01	1.804518e-01	9.089525e-02	2.850185e-10	-9.089525e-02	-1.804518e-01	-2.670237e-01	-3.482800e-01	
3.242372e-01	2.466116e-01	1.658478e-01	8.331988e-02	1.478097e-10	-8.331988e-02	-1.658478e-01	-2.466116e-01	-3.242372e-01	
3.009843e-01	2.268544e-01	1.517067e-01	7.598314e-02	1.434412e-11	-7.598314e-02	-1.517067e-01	-2.268544e-01	-3.009843e-01	
2.782043e-01	2.074859e-01	1.378388e-01	6.878695e-02	-1.171634e-10	-6.878695e-02	-1.378388e-01	-2.074859e-01	-2.782043e-01	
2.556007e-01	1.882565e-01	1.240666e-01	6.163935e-02	-2.482099e-10	-6.163935e-02	-1.240666e-01	-1.882566e-01	-2.556007e-01	
2.328832e-01	1.689217e-01	1.102158e-01	5.445015e-02	-3.804200e-10	-5.445016e-02	-1.102158e-01	-1.689218e-01	-2.328832e-01	
